[2023-06-17T03:03:11.437+0000] {taskinstance.py:1103} INFO - Dependencies all met for dep_context=non-requeueable deps ti=<TaskInstance: 7.2-externalTaskSensor.waiting_dag manual__2023-06-17T02:57:32.926556+00:00 [queued]>
[2023-06-17T03:03:11.448+0000] {taskinstance.py:1103} INFO - Dependencies all met for dep_context=requeueable deps ti=<TaskInstance: 7.2-externalTaskSensor.waiting_dag manual__2023-06-17T02:57:32.926556+00:00 [queued]>
[2023-06-17T03:03:11.449+0000] {taskinstance.py:1308} INFO - Starting attempt 1 of 1
[2023-06-17T03:03:11.461+0000] {taskinstance.py:1327} INFO - Executing <Task(ExternalTaskSensor): waiting_dag> on 2023-06-17 02:57:32.926556+00:00
[2023-06-17T03:03:11.479+0000] {standard_task_runner.py:57} INFO - Started process 67744 to run task
[2023-06-17T03:03:11.485+0000] {standard_task_runner.py:84} INFO - Running: ['***', 'tasks', 'run', '7.2-externalTaskSensor', 'waiting_dag', 'manual__2023-06-17T02:57:32.926556+00:00', '--job-id', '148', '--raw', '--subdir', 'DAGS_FOLDER/7.2_external_task_sensor.py', '--cfg-path', '/tmp/tmpx_k11z3n']
[2023-06-17T03:03:11.486+0000] {standard_task_runner.py:85} INFO - Job 148: Subtask waiting_dag
[2023-06-17T03:03:11.555+0000] {task_command.py:410} INFO - Running <TaskInstance: 7.2-externalTaskSensor.waiting_dag manual__2023-06-17T02:57:32.926556+00:00 [running]> on host 5fef267ae46d
[2023-06-17T03:03:11.668+0000] {taskinstance.py:1547} INFO - Exporting env vars: AIRFLOW_CTX_DAG_OWNER='***' AIRFLOW_CTX_DAG_ID='7.2-externalTaskSensor' AIRFLOW_CTX_TASK_ID='waiting_dag' AIRFLOW_CTX_EXECUTION_DATE='2023-06-17T02:57:32.926556+00:00' AIRFLOW_CTX_TRY_NUMBER='1' AIRFLOW_CTX_DAG_RUN_ID='manual__2023-06-17T02:57:32.926556+00:00'
[2023-06-17T03:03:11.670+0000] {external_task.py:235} INFO - Poking for tasks ['tarea_1'] in dag 7.1-externalTaskSensor on 2023-06-17T02:57:32.926556+00:00 ... 
[2023-06-17T03:03:21.701+0000] {external_task.py:235} INFO - Poking for tasks ['tarea_1'] in dag 7.1-externalTaskSensor on 2023-06-17T02:57:32.926556+00:00 ... 
[2023-06-17T03:03:31.752+0000] {external_task.py:235} INFO - Poking for tasks ['tarea_1'] in dag 7.1-externalTaskSensor on 2023-06-17T02:57:32.926556+00:00 ... 
[2023-06-17T03:03:41.802+0000] {external_task.py:235} INFO - Poking for tasks ['tarea_1'] in dag 7.1-externalTaskSensor on 2023-06-17T02:57:32.926556+00:00 ... 
[2023-06-17T03:03:51.873+0000] {external_task.py:235} INFO - Poking for tasks ['tarea_1'] in dag 7.1-externalTaskSensor on 2023-06-17T02:57:32.926556+00:00 ... 
[2023-06-17T03:04:01.949+0000] {external_task.py:235} INFO - Poking for tasks ['tarea_1'] in dag 7.1-externalTaskSensor on 2023-06-17T02:57:32.926556+00:00 ... 
[2023-06-17T03:04:12.054+0000] {external_task.py:235} INFO - Poking for tasks ['tarea_1'] in dag 7.1-externalTaskSensor on 2023-06-17T02:57:32.926556+00:00 ... 
[2023-06-17T03:04:25.363+0000] {external_task.py:235} INFO - Poking for tasks ['tarea_1'] in dag 7.1-externalTaskSensor on 2023-06-17T02:57:32.926556+00:00 ... 
[2023-06-17T03:04:35.453+0000] {external_task.py:235} INFO - Poking for tasks ['tarea_1'] in dag 7.1-externalTaskSensor on 2023-06-17T02:57:32.926556+00:00 ... 
[2023-06-17T03:04:45.522+0000] {external_task.py:235} INFO - Poking for tasks ['tarea_1'] in dag 7.1-externalTaskSensor on 2023-06-17T02:57:32.926556+00:00 ... 
[2023-06-17T03:04:55.598+0000] {external_task.py:235} INFO - Poking for tasks ['tarea_1'] in dag 7.1-externalTaskSensor on 2023-06-17T02:57:32.926556+00:00 ... 
[2023-06-17T03:05:05.695+0000] {external_task.py:235} INFO - Poking for tasks ['tarea_1'] in dag 7.1-externalTaskSensor on 2023-06-17T02:57:32.926556+00:00 ... 
[2023-06-17T03:05:15.761+0000] {external_task.py:235} INFO - Poking for tasks ['tarea_1'] in dag 7.1-externalTaskSensor on 2023-06-17T02:57:32.926556+00:00 ... 
[2023-06-17T03:05:25.817+0000] {external_task.py:235} INFO - Poking for tasks ['tarea_1'] in dag 7.1-externalTaskSensor on 2023-06-17T02:57:32.926556+00:00 ... 
[2023-06-17T03:05:35.900+0000] {external_task.py:235} INFO - Poking for tasks ['tarea_1'] in dag 7.1-externalTaskSensor on 2023-06-17T02:57:32.926556+00:00 ... 
[2023-06-17T03:05:45.941+0000] {external_task.py:235} INFO - Poking for tasks ['tarea_1'] in dag 7.1-externalTaskSensor on 2023-06-17T02:57:32.926556+00:00 ... 
[2023-06-17T03:05:55.974+0000] {external_task.py:235} INFO - Poking for tasks ['tarea_1'] in dag 7.1-externalTaskSensor on 2023-06-17T02:57:32.926556+00:00 ... 
[2023-06-17T03:06:06.026+0000] {external_task.py:235} INFO - Poking for tasks ['tarea_1'] in dag 7.1-externalTaskSensor on 2023-06-17T02:57:32.926556+00:00 ... 
[2023-06-17T03:06:16.103+0000] {external_task.py:235} INFO - Poking for tasks ['tarea_1'] in dag 7.1-externalTaskSensor on 2023-06-17T02:57:32.926556+00:00 ... 
[2023-06-17T03:06:26.178+0000] {external_task.py:235} INFO - Poking for tasks ['tarea_1'] in dag 7.1-externalTaskSensor on 2023-06-17T02:57:32.926556+00:00 ... 
[2023-06-17T03:06:36.247+0000] {external_task.py:235} INFO - Poking for tasks ['tarea_1'] in dag 7.1-externalTaskSensor on 2023-06-17T02:57:32.926556+00:00 ... 
[2023-06-17T03:06:46.340+0000] {external_task.py:235} INFO - Poking for tasks ['tarea_1'] in dag 7.1-externalTaskSensor on 2023-06-17T02:57:32.926556+00:00 ... 
[2023-06-17T03:06:56.397+0000] {external_task.py:235} INFO - Poking for tasks ['tarea_1'] in dag 7.1-externalTaskSensor on 2023-06-17T02:57:32.926556+00:00 ... 
[2023-06-17T03:07:06.457+0000] {external_task.py:235} INFO - Poking for tasks ['tarea_1'] in dag 7.1-externalTaskSensor on 2023-06-17T02:57:32.926556+00:00 ... 
[2023-06-17T03:07:16.539+0000] {external_task.py:235} INFO - Poking for tasks ['tarea_1'] in dag 7.1-externalTaskSensor on 2023-06-17T02:57:32.926556+00:00 ... 
[2023-06-17T03:07:26.610+0000] {external_task.py:235} INFO - Poking for tasks ['tarea_1'] in dag 7.1-externalTaskSensor on 2023-06-17T02:57:32.926556+00:00 ... 
[2023-06-17T03:07:36.644+0000] {external_task.py:235} INFO - Poking for tasks ['tarea_1'] in dag 7.1-externalTaskSensor on 2023-06-17T02:57:32.926556+00:00 ... 
[2023-06-17T03:07:46.726+0000] {external_task.py:235} INFO - Poking for tasks ['tarea_1'] in dag 7.1-externalTaskSensor on 2023-06-17T02:57:32.926556+00:00 ... 
[2023-06-17T03:07:56.757+0000] {external_task.py:235} INFO - Poking for tasks ['tarea_1'] in dag 7.1-externalTaskSensor on 2023-06-17T02:57:32.926556+00:00 ... 
[2023-06-17T03:08:06.813+0000] {external_task.py:235} INFO - Poking for tasks ['tarea_1'] in dag 7.1-externalTaskSensor on 2023-06-17T02:57:32.926556+00:00 ... 
[2023-06-17T03:08:16.878+0000] {external_task.py:235} INFO - Poking for tasks ['tarea_1'] in dag 7.1-externalTaskSensor on 2023-06-17T02:57:32.926556+00:00 ... 
[2023-06-17T03:08:26.968+0000] {external_task.py:235} INFO - Poking for tasks ['tarea_1'] in dag 7.1-externalTaskSensor on 2023-06-17T02:57:32.926556+00:00 ... 
[2023-06-17T03:08:37.034+0000] {external_task.py:235} INFO - Poking for tasks ['tarea_1'] in dag 7.1-externalTaskSensor on 2023-06-17T02:57:32.926556+00:00 ... 
[2023-06-17T03:08:47.098+0000] {external_task.py:235} INFO - Poking for tasks ['tarea_1'] in dag 7.1-externalTaskSensor on 2023-06-17T02:57:32.926556+00:00 ... 
[2023-06-17T03:08:57.179+0000] {external_task.py:235} INFO - Poking for tasks ['tarea_1'] in dag 7.1-externalTaskSensor on 2023-06-17T02:57:32.926556+00:00 ... 
[2023-06-17T03:09:07.230+0000] {external_task.py:235} INFO - Poking for tasks ['tarea_1'] in dag 7.1-externalTaskSensor on 2023-06-17T02:57:32.926556+00:00 ... 
[2023-06-17T03:09:17.295+0000] {external_task.py:235} INFO - Poking for tasks ['tarea_1'] in dag 7.1-externalTaskSensor on 2023-06-17T02:57:32.926556+00:00 ... 
[2023-06-17T03:09:27.368+0000] {external_task.py:235} INFO - Poking for tasks ['tarea_1'] in dag 7.1-externalTaskSensor on 2023-06-17T02:57:32.926556+00:00 ... 
[2023-06-17T03:09:37.436+0000] {external_task.py:235} INFO - Poking for tasks ['tarea_1'] in dag 7.1-externalTaskSensor on 2023-06-17T02:57:32.926556+00:00 ... 
[2023-06-17T03:09:47.509+0000] {external_task.py:235} INFO - Poking for tasks ['tarea_1'] in dag 7.1-externalTaskSensor on 2023-06-17T02:57:32.926556+00:00 ... 
[2023-06-17T03:09:57.558+0000] {external_task.py:235} INFO - Poking for tasks ['tarea_1'] in dag 7.1-externalTaskSensor on 2023-06-17T02:57:32.926556+00:00 ... 
[2023-06-17T03:10:07.612+0000] {external_task.py:235} INFO - Poking for tasks ['tarea_1'] in dag 7.1-externalTaskSensor on 2023-06-17T02:57:32.926556+00:00 ... 
[2023-06-17T03:10:17.648+0000] {external_task.py:235} INFO - Poking for tasks ['tarea_1'] in dag 7.1-externalTaskSensor on 2023-06-17T02:57:32.926556+00:00 ... 
[2023-06-17T03:10:27.706+0000] {external_task.py:235} INFO - Poking for tasks ['tarea_1'] in dag 7.1-externalTaskSensor on 2023-06-17T02:57:32.926556+00:00 ... 
[2023-06-17T03:10:37.779+0000] {external_task.py:235} INFO - Poking for tasks ['tarea_1'] in dag 7.1-externalTaskSensor on 2023-06-17T02:57:32.926556+00:00 ... 
[2023-06-17T03:10:47.843+0000] {external_task.py:235} INFO - Poking for tasks ['tarea_1'] in dag 7.1-externalTaskSensor on 2023-06-17T02:57:32.926556+00:00 ... 
[2023-06-17T03:10:57.879+0000] {external_task.py:235} INFO - Poking for tasks ['tarea_1'] in dag 7.1-externalTaskSensor on 2023-06-17T02:57:32.926556+00:00 ... 
[2023-06-17T03:11:07.955+0000] {external_task.py:235} INFO - Poking for tasks ['tarea_1'] in dag 7.1-externalTaskSensor on 2023-06-17T02:57:32.926556+00:00 ... 
[2023-06-17T03:11:18.024+0000] {external_task.py:235} INFO - Poking for tasks ['tarea_1'] in dag 7.1-externalTaskSensor on 2023-06-17T02:57:32.926556+00:00 ... 
[2023-06-17T03:11:28.078+0000] {external_task.py:235} INFO - Poking for tasks ['tarea_1'] in dag 7.1-externalTaskSensor on 2023-06-17T02:57:32.926556+00:00 ... 
[2023-06-17T03:11:38.140+0000] {external_task.py:235} INFO - Poking for tasks ['tarea_1'] in dag 7.1-externalTaskSensor on 2023-06-17T02:57:32.926556+00:00 ... 
[2023-06-17T03:11:48.179+0000] {external_task.py:235} INFO - Poking for tasks ['tarea_1'] in dag 7.1-externalTaskSensor on 2023-06-17T02:57:32.926556+00:00 ... 
[2023-06-17T03:11:58.271+0000] {external_task.py:235} INFO - Poking for tasks ['tarea_1'] in dag 7.1-externalTaskSensor on 2023-06-17T02:57:32.926556+00:00 ... 
[2023-06-17T03:12:08.344+0000] {external_task.py:235} INFO - Poking for tasks ['tarea_1'] in dag 7.1-externalTaskSensor on 2023-06-17T02:57:32.926556+00:00 ... 
[2023-06-17T03:12:18.457+0000] {external_task.py:235} INFO - Poking for tasks ['tarea_1'] in dag 7.1-externalTaskSensor on 2023-06-17T02:57:32.926556+00:00 ... 
[2023-06-17T03:12:28.521+0000] {external_task.py:235} INFO - Poking for tasks ['tarea_1'] in dag 7.1-externalTaskSensor on 2023-06-17T02:57:32.926556+00:00 ... 
[2023-06-17T03:12:38.612+0000] {external_task.py:235} INFO - Poking for tasks ['tarea_1'] in dag 7.1-externalTaskSensor on 2023-06-17T02:57:32.926556+00:00 ... 
[2023-06-17T03:12:48.684+0000] {external_task.py:235} INFO - Poking for tasks ['tarea_1'] in dag 7.1-externalTaskSensor on 2023-06-17T02:57:32.926556+00:00 ... 
[2023-06-17T03:12:58.725+0000] {external_task.py:235} INFO - Poking for tasks ['tarea_1'] in dag 7.1-externalTaskSensor on 2023-06-17T02:57:32.926556+00:00 ... 
[2023-06-17T03:13:08.808+0000] {external_task.py:235} INFO - Poking for tasks ['tarea_1'] in dag 7.1-externalTaskSensor on 2023-06-17T02:57:32.926556+00:00 ... 
[2023-06-17T03:13:18.855+0000] {external_task.py:235} INFO - Poking for tasks ['tarea_1'] in dag 7.1-externalTaskSensor on 2023-06-17T02:57:32.926556+00:00 ... 
[2023-06-17T03:13:28.900+0000] {external_task.py:235} INFO - Poking for tasks ['tarea_1'] in dag 7.1-externalTaskSensor on 2023-06-17T02:57:32.926556+00:00 ... 
[2023-06-17T03:13:38.951+0000] {external_task.py:235} INFO - Poking for tasks ['tarea_1'] in dag 7.1-externalTaskSensor on 2023-06-17T02:57:32.926556+00:00 ... 
[2023-06-17T03:13:49.021+0000] {external_task.py:235} INFO - Poking for tasks ['tarea_1'] in dag 7.1-externalTaskSensor on 2023-06-17T02:57:32.926556+00:00 ... 
[2023-06-17T03:13:59.075+0000] {external_task.py:235} INFO - Poking for tasks ['tarea_1'] in dag 7.1-externalTaskSensor on 2023-06-17T02:57:32.926556+00:00 ... 
[2023-06-17T03:14:09.118+0000] {external_task.py:235} INFO - Poking for tasks ['tarea_1'] in dag 7.1-externalTaskSensor on 2023-06-17T02:57:32.926556+00:00 ... 
[2023-06-17T03:14:19.163+0000] {external_task.py:235} INFO - Poking for tasks ['tarea_1'] in dag 7.1-externalTaskSensor on 2023-06-17T02:57:32.926556+00:00 ... 
[2023-06-17T03:14:29.206+0000] {external_task.py:235} INFO - Poking for tasks ['tarea_1'] in dag 7.1-externalTaskSensor on 2023-06-17T02:57:32.926556+00:00 ... 
[2023-06-17T03:14:39.248+0000] {external_task.py:235} INFO - Poking for tasks ['tarea_1'] in dag 7.1-externalTaskSensor on 2023-06-17T02:57:32.926556+00:00 ... 
[2023-06-17T03:14:49.326+0000] {external_task.py:235} INFO - Poking for tasks ['tarea_1'] in dag 7.1-externalTaskSensor on 2023-06-17T02:57:32.926556+00:00 ... 
[2023-06-17T03:14:59.395+0000] {external_task.py:235} INFO - Poking for tasks ['tarea_1'] in dag 7.1-externalTaskSensor on 2023-06-17T02:57:32.926556+00:00 ... 
[2023-06-17T03:15:09.454+0000] {external_task.py:235} INFO - Poking for tasks ['tarea_1'] in dag 7.1-externalTaskSensor on 2023-06-17T02:57:32.926556+00:00 ... 
[2023-06-17T03:15:19.525+0000] {external_task.py:235} INFO - Poking for tasks ['tarea_1'] in dag 7.1-externalTaskSensor on 2023-06-17T02:57:32.926556+00:00 ... 
[2023-06-17T03:15:29.558+0000] {external_task.py:235} INFO - Poking for tasks ['tarea_1'] in dag 7.1-externalTaskSensor on 2023-06-17T02:57:32.926556+00:00 ... 
[2023-06-17T03:15:39.619+0000] {external_task.py:235} INFO - Poking for tasks ['tarea_1'] in dag 7.1-externalTaskSensor on 2023-06-17T02:57:32.926556+00:00 ... 
[2023-06-17T03:15:49.675+0000] {external_task.py:235} INFO - Poking for tasks ['tarea_1'] in dag 7.1-externalTaskSensor on 2023-06-17T02:57:32.926556+00:00 ... 
[2023-06-17T03:15:59.742+0000] {external_task.py:235} INFO - Poking for tasks ['tarea_1'] in dag 7.1-externalTaskSensor on 2023-06-17T02:57:32.926556+00:00 ... 
[2023-06-17T03:16:09.787+0000] {external_task.py:235} INFO - Poking for tasks ['tarea_1'] in dag 7.1-externalTaskSensor on 2023-06-17T02:57:32.926556+00:00 ... 
[2023-06-17T03:16:19.856+0000] {external_task.py:235} INFO - Poking for tasks ['tarea_1'] in dag 7.1-externalTaskSensor on 2023-06-17T02:57:32.926556+00:00 ... 
[2023-06-17T03:16:29.889+0000] {external_task.py:235} INFO - Poking for tasks ['tarea_1'] in dag 7.1-externalTaskSensor on 2023-06-17T02:57:32.926556+00:00 ... 
[2023-06-17T03:16:39.917+0000] {external_task.py:235} INFO - Poking for tasks ['tarea_1'] in dag 7.1-externalTaskSensor on 2023-06-17T02:57:32.926556+00:00 ... 
[2023-06-17T03:16:49.963+0000] {external_task.py:235} INFO - Poking for tasks ['tarea_1'] in dag 7.1-externalTaskSensor on 2023-06-17T02:57:32.926556+00:00 ... 
[2023-06-17T03:17:00.024+0000] {external_task.py:235} INFO - Poking for tasks ['tarea_1'] in dag 7.1-externalTaskSensor on 2023-06-17T02:57:32.926556+00:00 ... 
[2023-06-17T03:17:10.079+0000] {external_task.py:235} INFO - Poking for tasks ['tarea_1'] in dag 7.1-externalTaskSensor on 2023-06-17T02:57:32.926556+00:00 ... 
[2023-06-17T03:17:20.137+0000] {external_task.py:235} INFO - Poking for tasks ['tarea_1'] in dag 7.1-externalTaskSensor on 2023-06-17T02:57:32.926556+00:00 ... 
[2023-06-17T03:17:30.217+0000] {external_task.py:235} INFO - Poking for tasks ['tarea_1'] in dag 7.1-externalTaskSensor on 2023-06-17T02:57:32.926556+00:00 ... 
[2023-06-17T03:17:40.251+0000] {external_task.py:235} INFO - Poking for tasks ['tarea_1'] in dag 7.1-externalTaskSensor on 2023-06-17T02:57:32.926556+00:00 ... 
[2023-06-17T03:17:50.332+0000] {external_task.py:235} INFO - Poking for tasks ['tarea_1'] in dag 7.1-externalTaskSensor on 2023-06-17T02:57:32.926556+00:00 ... 
[2023-06-17T03:18:00.368+0000] {external_task.py:235} INFO - Poking for tasks ['tarea_1'] in dag 7.1-externalTaskSensor on 2023-06-17T02:57:32.926556+00:00 ... 
[2023-06-17T03:18:10.398+0000] {external_task.py:235} INFO - Poking for tasks ['tarea_1'] in dag 7.1-externalTaskSensor on 2023-06-17T02:57:32.926556+00:00 ... 
[2023-06-17T03:18:20.429+0000] {external_task.py:235} INFO - Poking for tasks ['tarea_1'] in dag 7.1-externalTaskSensor on 2023-06-17T02:57:32.926556+00:00 ... 
[2023-06-17T03:18:30.483+0000] {external_task.py:235} INFO - Poking for tasks ['tarea_1'] in dag 7.1-externalTaskSensor on 2023-06-17T02:57:32.926556+00:00 ... 
[2023-06-17T03:18:40.531+0000] {external_task.py:235} INFO - Poking for tasks ['tarea_1'] in dag 7.1-externalTaskSensor on 2023-06-17T02:57:32.926556+00:00 ... 
[2023-06-17T03:18:50.576+0000] {external_task.py:235} INFO - Poking for tasks ['tarea_1'] in dag 7.1-externalTaskSensor on 2023-06-17T02:57:32.926556+00:00 ... 
[2023-06-17T03:19:00.619+0000] {external_task.py:235} INFO - Poking for tasks ['tarea_1'] in dag 7.1-externalTaskSensor on 2023-06-17T02:57:32.926556+00:00 ... 
[2023-06-17T03:19:10.684+0000] {external_task.py:235} INFO - Poking for tasks ['tarea_1'] in dag 7.1-externalTaskSensor on 2023-06-17T02:57:32.926556+00:00 ... 
[2023-06-17T03:19:20.752+0000] {external_task.py:235} INFO - Poking for tasks ['tarea_1'] in dag 7.1-externalTaskSensor on 2023-06-17T02:57:32.926556+00:00 ... 
[2023-06-17T03:19:30.792+0000] {external_task.py:235} INFO - Poking for tasks ['tarea_1'] in dag 7.1-externalTaskSensor on 2023-06-17T02:57:32.926556+00:00 ... 
[2023-06-17T03:19:40.845+0000] {external_task.py:235} INFO - Poking for tasks ['tarea_1'] in dag 7.1-externalTaskSensor on 2023-06-17T02:57:32.926556+00:00 ... 
[2023-06-17T03:19:50.870+0000] {external_task.py:235} INFO - Poking for tasks ['tarea_1'] in dag 7.1-externalTaskSensor on 2023-06-17T02:57:32.926556+00:00 ... 
[2023-06-17T03:20:00.916+0000] {external_task.py:235} INFO - Poking for tasks ['tarea_1'] in dag 7.1-externalTaskSensor on 2023-06-17T02:57:32.926556+00:00 ... 
[2023-06-17T03:20:10.986+0000] {external_task.py:235} INFO - Poking for tasks ['tarea_1'] in dag 7.1-externalTaskSensor on 2023-06-17T02:57:32.926556+00:00 ... 
[2023-06-17T03:20:21.061+0000] {external_task.py:235} INFO - Poking for tasks ['tarea_1'] in dag 7.1-externalTaskSensor on 2023-06-17T02:57:32.926556+00:00 ... 
[2023-06-17T03:20:31.120+0000] {external_task.py:235} INFO - Poking for tasks ['tarea_1'] in dag 7.1-externalTaskSensor on 2023-06-17T02:57:32.926556+00:00 ... 
[2023-06-17T03:20:41.154+0000] {external_task.py:235} INFO - Poking for tasks ['tarea_1'] in dag 7.1-externalTaskSensor on 2023-06-17T02:57:32.926556+00:00 ... 
[2023-06-17T03:20:51.228+0000] {external_task.py:235} INFO - Poking for tasks ['tarea_1'] in dag 7.1-externalTaskSensor on 2023-06-17T02:57:32.926556+00:00 ... 
[2023-06-17T03:21:01.283+0000] {external_task.py:235} INFO - Poking for tasks ['tarea_1'] in dag 7.1-externalTaskSensor on 2023-06-17T02:57:32.926556+00:00 ... 
[2023-06-17T03:21:11.346+0000] {external_task.py:235} INFO - Poking for tasks ['tarea_1'] in dag 7.1-externalTaskSensor on 2023-06-17T02:57:32.926556+00:00 ... 
[2023-06-17T03:21:21.408+0000] {external_task.py:235} INFO - Poking for tasks ['tarea_1'] in dag 7.1-externalTaskSensor on 2023-06-17T02:57:32.926556+00:00 ... 
[2023-06-17T03:21:31.485+0000] {external_task.py:235} INFO - Poking for tasks ['tarea_1'] in dag 7.1-externalTaskSensor on 2023-06-17T02:57:32.926556+00:00 ... 
[2023-06-17T03:21:41.535+0000] {external_task.py:235} INFO - Poking for tasks ['tarea_1'] in dag 7.1-externalTaskSensor on 2023-06-17T02:57:32.926556+00:00 ... 
[2023-06-17T03:21:51.621+0000] {external_task.py:235} INFO - Poking for tasks ['tarea_1'] in dag 7.1-externalTaskSensor on 2023-06-17T02:57:32.926556+00:00 ... 
[2023-06-17T03:22:01.668+0000] {external_task.py:235} INFO - Poking for tasks ['tarea_1'] in dag 7.1-externalTaskSensor on 2023-06-17T02:57:32.926556+00:00 ... 
[2023-06-17T03:22:11.714+0000] {external_task.py:235} INFO - Poking for tasks ['tarea_1'] in dag 7.1-externalTaskSensor on 2023-06-17T02:57:32.926556+00:00 ... 
[2023-06-17T03:22:21.757+0000] {external_task.py:235} INFO - Poking for tasks ['tarea_1'] in dag 7.1-externalTaskSensor on 2023-06-17T02:57:32.926556+00:00 ... 
[2023-06-17T03:22:31.807+0000] {external_task.py:235} INFO - Poking for tasks ['tarea_1'] in dag 7.1-externalTaskSensor on 2023-06-17T02:57:32.926556+00:00 ... 
[2023-06-17T03:22:41.844+0000] {external_task.py:235} INFO - Poking for tasks ['tarea_1'] in dag 7.1-externalTaskSensor on 2023-06-17T02:57:32.926556+00:00 ... 
[2023-06-17T03:22:51.900+0000] {external_task.py:235} INFO - Poking for tasks ['tarea_1'] in dag 7.1-externalTaskSensor on 2023-06-17T02:57:32.926556+00:00 ... 
[2023-06-17T03:23:01.964+0000] {external_task.py:235} INFO - Poking for tasks ['tarea_1'] in dag 7.1-externalTaskSensor on 2023-06-17T02:57:32.926556+00:00 ... 
[2023-06-17T03:23:12.053+0000] {external_task.py:235} INFO - Poking for tasks ['tarea_1'] in dag 7.1-externalTaskSensor on 2023-06-17T02:57:32.926556+00:00 ... 
[2023-06-17T03:23:22.126+0000] {external_task.py:235} INFO - Poking for tasks ['tarea_1'] in dag 7.1-externalTaskSensor on 2023-06-17T02:57:32.926556+00:00 ... 
[2023-06-17T03:23:32.167+0000] {external_task.py:235} INFO - Poking for tasks ['tarea_1'] in dag 7.1-externalTaskSensor on 2023-06-17T02:57:32.926556+00:00 ... 
[2023-06-17T03:23:42.251+0000] {external_task.py:235} INFO - Poking for tasks ['tarea_1'] in dag 7.1-externalTaskSensor on 2023-06-17T02:57:32.926556+00:00 ... 
[2023-06-17T03:23:52.311+0000] {external_task.py:235} INFO - Poking for tasks ['tarea_1'] in dag 7.1-externalTaskSensor on 2023-06-17T02:57:32.926556+00:00 ... 
[2023-06-17T03:24:02.362+0000] {external_task.py:235} INFO - Poking for tasks ['tarea_1'] in dag 7.1-externalTaskSensor on 2023-06-17T02:57:32.926556+00:00 ... 
[2023-06-17T03:24:12.425+0000] {external_task.py:235} INFO - Poking for tasks ['tarea_1'] in dag 7.1-externalTaskSensor on 2023-06-17T02:57:32.926556+00:00 ... 
[2023-06-17T03:24:22.482+0000] {external_task.py:235} INFO - Poking for tasks ['tarea_1'] in dag 7.1-externalTaskSensor on 2023-06-17T02:57:32.926556+00:00 ... 
[2023-06-17T03:24:32.540+0000] {external_task.py:235} INFO - Poking for tasks ['tarea_1'] in dag 7.1-externalTaskSensor on 2023-06-17T02:57:32.926556+00:00 ... 
[2023-06-17T03:24:42.588+0000] {external_task.py:235} INFO - Poking for tasks ['tarea_1'] in dag 7.1-externalTaskSensor on 2023-06-17T02:57:32.926556+00:00 ... 
[2023-06-17T03:24:52.624+0000] {external_task.py:235} INFO - Poking for tasks ['tarea_1'] in dag 7.1-externalTaskSensor on 2023-06-17T02:57:32.926556+00:00 ... 
[2023-06-17T03:25:02.677+0000] {external_task.py:235} INFO - Poking for tasks ['tarea_1'] in dag 7.1-externalTaskSensor on 2023-06-17T02:57:32.926556+00:00 ... 
[2023-06-17T03:25:12.754+0000] {external_task.py:235} INFO - Poking for tasks ['tarea_1'] in dag 7.1-externalTaskSensor on 2023-06-17T02:57:32.926556+00:00 ... 
[2023-06-17T03:25:22.811+0000] {external_task.py:235} INFO - Poking for tasks ['tarea_1'] in dag 7.1-externalTaskSensor on 2023-06-17T02:57:32.926556+00:00 ... 
[2023-06-17T03:25:32.865+0000] {external_task.py:235} INFO - Poking for tasks ['tarea_1'] in dag 7.1-externalTaskSensor on 2023-06-17T02:57:32.926556+00:00 ... 
[2023-06-17T03:25:42.897+0000] {external_task.py:235} INFO - Poking for tasks ['tarea_1'] in dag 7.1-externalTaskSensor on 2023-06-17T02:57:32.926556+00:00 ... 
[2023-06-17T03:25:52.927+0000] {external_task.py:235} INFO - Poking for tasks ['tarea_1'] in dag 7.1-externalTaskSensor on 2023-06-17T02:57:32.926556+00:00 ... 
[2023-06-17T03:26:02.965+0000] {external_task.py:235} INFO - Poking for tasks ['tarea_1'] in dag 7.1-externalTaskSensor on 2023-06-17T02:57:32.926556+00:00 ... 
[2023-06-17T03:26:13.031+0000] {external_task.py:235} INFO - Poking for tasks ['tarea_1'] in dag 7.1-externalTaskSensor on 2023-06-17T02:57:32.926556+00:00 ... 
[2023-06-17T03:26:23.095+0000] {external_task.py:235} INFO - Poking for tasks ['tarea_1'] in dag 7.1-externalTaskSensor on 2023-06-17T02:57:32.926556+00:00 ... 
[2023-06-17T03:26:33.142+0000] {external_task.py:235} INFO - Poking for tasks ['tarea_1'] in dag 7.1-externalTaskSensor on 2023-06-17T02:57:32.926556+00:00 ... 
[2023-06-17T03:26:43.176+0000] {external_task.py:235} INFO - Poking for tasks ['tarea_1'] in dag 7.1-externalTaskSensor on 2023-06-17T02:57:32.926556+00:00 ... 
[2023-06-17T03:26:53.219+0000] {external_task.py:235} INFO - Poking for tasks ['tarea_1'] in dag 7.1-externalTaskSensor on 2023-06-17T02:57:32.926556+00:00 ... 
[2023-06-17T03:27:03.267+0000] {external_task.py:235} INFO - Poking for tasks ['tarea_1'] in dag 7.1-externalTaskSensor on 2023-06-17T02:57:32.926556+00:00 ... 
[2023-06-17T03:27:13.346+0000] {external_task.py:235} INFO - Poking for tasks ['tarea_1'] in dag 7.1-externalTaskSensor on 2023-06-17T02:57:32.926556+00:00 ... 
[2023-06-17T03:27:23.401+0000] {external_task.py:235} INFO - Poking for tasks ['tarea_1'] in dag 7.1-externalTaskSensor on 2023-06-17T02:57:32.926556+00:00 ... 
[2023-06-17T03:27:33.458+0000] {external_task.py:235} INFO - Poking for tasks ['tarea_1'] in dag 7.1-externalTaskSensor on 2023-06-17T02:57:32.926556+00:00 ... 
[2023-06-17T03:27:43.487+0000] {external_task.py:235} INFO - Poking for tasks ['tarea_1'] in dag 7.1-externalTaskSensor on 2023-06-17T02:57:32.926556+00:00 ... 
[2023-06-17T03:27:53.551+0000] {external_task.py:235} INFO - Poking for tasks ['tarea_1'] in dag 7.1-externalTaskSensor on 2023-06-17T02:57:32.926556+00:00 ... 
[2023-06-17T03:28:03.613+0000] {external_task.py:235} INFO - Poking for tasks ['tarea_1'] in dag 7.1-externalTaskSensor on 2023-06-17T02:57:32.926556+00:00 ... 
[2023-06-17T03:28:13.674+0000] {external_task.py:235} INFO - Poking for tasks ['tarea_1'] in dag 7.1-externalTaskSensor on 2023-06-17T02:57:32.926556+00:00 ... 
[2023-06-17T03:28:23.731+0000] {external_task.py:235} INFO - Poking for tasks ['tarea_1'] in dag 7.1-externalTaskSensor on 2023-06-17T02:57:32.926556+00:00 ... 
[2023-06-17T03:28:33.790+0000] {external_task.py:235} INFO - Poking for tasks ['tarea_1'] in dag 7.1-externalTaskSensor on 2023-06-17T02:57:32.926556+00:00 ... 
[2023-06-17T03:28:43.840+0000] {external_task.py:235} INFO - Poking for tasks ['tarea_1'] in dag 7.1-externalTaskSensor on 2023-06-17T02:57:32.926556+00:00 ... 
[2023-06-17T03:28:53.906+0000] {external_task.py:235} INFO - Poking for tasks ['tarea_1'] in dag 7.1-externalTaskSensor on 2023-06-17T02:57:32.926556+00:00 ... 
[2023-06-17T03:29:03.956+0000] {external_task.py:235} INFO - Poking for tasks ['tarea_1'] in dag 7.1-externalTaskSensor on 2023-06-17T02:57:32.926556+00:00 ... 
[2023-06-17T03:29:13.992+0000] {external_task.py:235} INFO - Poking for tasks ['tarea_1'] in dag 7.1-externalTaskSensor on 2023-06-17T02:57:32.926556+00:00 ... 
[2023-06-17T03:29:24.070+0000] {external_task.py:235} INFO - Poking for tasks ['tarea_1'] in dag 7.1-externalTaskSensor on 2023-06-17T02:57:32.926556+00:00 ... 
[2023-06-17T03:29:34.120+0000] {external_task.py:235} INFO - Poking for tasks ['tarea_1'] in dag 7.1-externalTaskSensor on 2023-06-17T02:57:32.926556+00:00 ... 
[2023-06-17T03:29:44.194+0000] {external_task.py:235} INFO - Poking for tasks ['tarea_1'] in dag 7.1-externalTaskSensor on 2023-06-17T02:57:32.926556+00:00 ... 
[2023-06-17T03:29:54.259+0000] {external_task.py:235} INFO - Poking for tasks ['tarea_1'] in dag 7.1-externalTaskSensor on 2023-06-17T02:57:32.926556+00:00 ... 
[2023-06-17T03:30:04.330+0000] {external_task.py:235} INFO - Poking for tasks ['tarea_1'] in dag 7.1-externalTaskSensor on 2023-06-17T02:57:32.926556+00:00 ... 
[2023-06-17T03:30:14.392+0000] {external_task.py:235} INFO - Poking for tasks ['tarea_1'] in dag 7.1-externalTaskSensor on 2023-06-17T02:57:32.926556+00:00 ... 
[2023-06-17T03:30:24.459+0000] {external_task.py:235} INFO - Poking for tasks ['tarea_1'] in dag 7.1-externalTaskSensor on 2023-06-17T02:57:32.926556+00:00 ... 
[2023-06-17T03:30:34.536+0000] {external_task.py:235} INFO - Poking for tasks ['tarea_1'] in dag 7.1-externalTaskSensor on 2023-06-17T02:57:32.926556+00:00 ... 
[2023-06-17T03:30:44.597+0000] {external_task.py:235} INFO - Poking for tasks ['tarea_1'] in dag 7.1-externalTaskSensor on 2023-06-17T02:57:32.926556+00:00 ... 
[2023-06-17T03:30:54.671+0000] {external_task.py:235} INFO - Poking for tasks ['tarea_1'] in dag 7.1-externalTaskSensor on 2023-06-17T02:57:32.926556+00:00 ... 
[2023-06-17T03:31:04.742+0000] {external_task.py:235} INFO - Poking for tasks ['tarea_1'] in dag 7.1-externalTaskSensor on 2023-06-17T02:57:32.926556+00:00 ... 
[2023-06-17T03:31:14.802+0000] {external_task.py:235} INFO - Poking for tasks ['tarea_1'] in dag 7.1-externalTaskSensor on 2023-06-17T02:57:32.926556+00:00 ... 
[2023-06-17T03:31:24.861+0000] {external_task.py:235} INFO - Poking for tasks ['tarea_1'] in dag 7.1-externalTaskSensor on 2023-06-17T02:57:32.926556+00:00 ... 
[2023-06-17T03:31:34.900+0000] {external_task.py:235} INFO - Poking for tasks ['tarea_1'] in dag 7.1-externalTaskSensor on 2023-06-17T02:57:32.926556+00:00 ... 
[2023-06-17T03:31:44.957+0000] {external_task.py:235} INFO - Poking for tasks ['tarea_1'] in dag 7.1-externalTaskSensor on 2023-06-17T02:57:32.926556+00:00 ... 
[2023-06-17T03:31:55.024+0000] {external_task.py:235} INFO - Poking for tasks ['tarea_1'] in dag 7.1-externalTaskSensor on 2023-06-17T02:57:32.926556+00:00 ... 
[2023-06-17T03:32:05.098+0000] {external_task.py:235} INFO - Poking for tasks ['tarea_1'] in dag 7.1-externalTaskSensor on 2023-06-17T02:57:32.926556+00:00 ... 
[2023-06-17T03:32:15.154+0000] {external_task.py:235} INFO - Poking for tasks ['tarea_1'] in dag 7.1-externalTaskSensor on 2023-06-17T02:57:32.926556+00:00 ... 
[2023-06-17T03:32:25.217+0000] {external_task.py:235} INFO - Poking for tasks ['tarea_1'] in dag 7.1-externalTaskSensor on 2023-06-17T02:57:32.926556+00:00 ... 
[2023-06-17T03:32:35.306+0000] {external_task.py:235} INFO - Poking for tasks ['tarea_1'] in dag 7.1-externalTaskSensor on 2023-06-17T02:57:32.926556+00:00 ... 
[2023-06-17T03:32:45.352+0000] {external_task.py:235} INFO - Poking for tasks ['tarea_1'] in dag 7.1-externalTaskSensor on 2023-06-17T02:57:32.926556+00:00 ... 
[2023-06-17T03:32:55.386+0000] {external_task.py:235} INFO - Poking for tasks ['tarea_1'] in dag 7.1-externalTaskSensor on 2023-06-17T02:57:32.926556+00:00 ... 
[2023-06-17T03:33:05.448+0000] {external_task.py:235} INFO - Poking for tasks ['tarea_1'] in dag 7.1-externalTaskSensor on 2023-06-17T02:57:32.926556+00:00 ... 
[2023-06-17T03:33:15.493+0000] {external_task.py:235} INFO - Poking for tasks ['tarea_1'] in dag 7.1-externalTaskSensor on 2023-06-17T02:57:32.926556+00:00 ... 
[2023-06-17T03:33:25.554+0000] {external_task.py:235} INFO - Poking for tasks ['tarea_1'] in dag 7.1-externalTaskSensor on 2023-06-17T02:57:32.926556+00:00 ... 
[2023-06-17T03:33:35.587+0000] {external_task.py:235} INFO - Poking for tasks ['tarea_1'] in dag 7.1-externalTaskSensor on 2023-06-17T02:57:32.926556+00:00 ... 
[2023-06-17T03:33:45.639+0000] {external_task.py:235} INFO - Poking for tasks ['tarea_1'] in dag 7.1-externalTaskSensor on 2023-06-17T02:57:32.926556+00:00 ... 
[2023-06-17T03:33:55.714+0000] {external_task.py:235} INFO - Poking for tasks ['tarea_1'] in dag 7.1-externalTaskSensor on 2023-06-17T02:57:32.926556+00:00 ... 
[2023-06-17T03:34:05.788+0000] {external_task.py:235} INFO - Poking for tasks ['tarea_1'] in dag 7.1-externalTaskSensor on 2023-06-17T02:57:32.926556+00:00 ... 
[2023-06-17T03:34:15.864+0000] {external_task.py:235} INFO - Poking for tasks ['tarea_1'] in dag 7.1-externalTaskSensor on 2023-06-17T02:57:32.926556+00:00 ... 
[2023-06-17T03:34:25.945+0000] {external_task.py:235} INFO - Poking for tasks ['tarea_1'] in dag 7.1-externalTaskSensor on 2023-06-17T02:57:32.926556+00:00 ... 
[2023-06-17T03:34:36.002+0000] {external_task.py:235} INFO - Poking for tasks ['tarea_1'] in dag 7.1-externalTaskSensor on 2023-06-17T02:57:32.926556+00:00 ... 
[2023-06-17T03:34:46.043+0000] {external_task.py:235} INFO - Poking for tasks ['tarea_1'] in dag 7.1-externalTaskSensor on 2023-06-17T02:57:32.926556+00:00 ... 
[2023-06-17T03:34:56.105+0000] {external_task.py:235} INFO - Poking for tasks ['tarea_1'] in dag 7.1-externalTaskSensor on 2023-06-17T02:57:32.926556+00:00 ... 
[2023-06-17T03:35:06.177+0000] {external_task.py:235} INFO - Poking for tasks ['tarea_1'] in dag 7.1-externalTaskSensor on 2023-06-17T02:57:32.926556+00:00 ... 
[2023-06-17T03:35:16.241+0000] {external_task.py:235} INFO - Poking for tasks ['tarea_1'] in dag 7.1-externalTaskSensor on 2023-06-17T02:57:32.926556+00:00 ... 
[2023-06-17T03:35:26.302+0000] {external_task.py:235} INFO - Poking for tasks ['tarea_1'] in dag 7.1-externalTaskSensor on 2023-06-17T02:57:32.926556+00:00 ... 
[2023-06-17T03:35:36.368+0000] {external_task.py:235} INFO - Poking for tasks ['tarea_1'] in dag 7.1-externalTaskSensor on 2023-06-17T02:57:32.926556+00:00 ... 
[2023-06-17T03:35:46.421+0000] {external_task.py:235} INFO - Poking for tasks ['tarea_1'] in dag 7.1-externalTaskSensor on 2023-06-17T02:57:32.926556+00:00 ... 
[2023-06-17T03:35:56.481+0000] {external_task.py:235} INFO - Poking for tasks ['tarea_1'] in dag 7.1-externalTaskSensor on 2023-06-17T02:57:32.926556+00:00 ... 
[2023-06-17T03:36:06.530+0000] {external_task.py:235} INFO - Poking for tasks ['tarea_1'] in dag 7.1-externalTaskSensor on 2023-06-17T02:57:32.926556+00:00 ... 
[2023-06-17T03:36:16.601+0000] {external_task.py:235} INFO - Poking for tasks ['tarea_1'] in dag 7.1-externalTaskSensor on 2023-06-17T02:57:32.926556+00:00 ... 
[2023-06-17T03:36:26.678+0000] {external_task.py:235} INFO - Poking for tasks ['tarea_1'] in dag 7.1-externalTaskSensor on 2023-06-17T02:57:32.926556+00:00 ... 
[2023-06-17T03:36:36.734+0000] {external_task.py:235} INFO - Poking for tasks ['tarea_1'] in dag 7.1-externalTaskSensor on 2023-06-17T02:57:32.926556+00:00 ... 
[2023-06-17T03:36:46.784+0000] {external_task.py:235} INFO - Poking for tasks ['tarea_1'] in dag 7.1-externalTaskSensor on 2023-06-17T02:57:32.926556+00:00 ... 
[2023-06-17T03:36:56.849+0000] {external_task.py:235} INFO - Poking for tasks ['tarea_1'] in dag 7.1-externalTaskSensor on 2023-06-17T02:57:32.926556+00:00 ... 
[2023-06-17T03:37:06.920+0000] {external_task.py:235} INFO - Poking for tasks ['tarea_1'] in dag 7.1-externalTaskSensor on 2023-06-17T02:57:32.926556+00:00 ... 
[2023-06-17T03:37:16.981+0000] {external_task.py:235} INFO - Poking for tasks ['tarea_1'] in dag 7.1-externalTaskSensor on 2023-06-17T02:57:32.926556+00:00 ... 
[2023-06-17T03:37:27.040+0000] {external_task.py:235} INFO - Poking for tasks ['tarea_1'] in dag 7.1-externalTaskSensor on 2023-06-17T02:57:32.926556+00:00 ... 
[2023-06-17T03:37:37.072+0000] {external_task.py:235} INFO - Poking for tasks ['tarea_1'] in dag 7.1-externalTaskSensor on 2023-06-17T02:57:32.926556+00:00 ... 
[2023-06-17T03:37:47.117+0000] {external_task.py:235} INFO - Poking for tasks ['tarea_1'] in dag 7.1-externalTaskSensor on 2023-06-17T02:57:32.926556+00:00 ... 
[2023-06-17T03:37:57.186+0000] {external_task.py:235} INFO - Poking for tasks ['tarea_1'] in dag 7.1-externalTaskSensor on 2023-06-17T02:57:32.926556+00:00 ... 
[2023-06-17T03:38:07.249+0000] {external_task.py:235} INFO - Poking for tasks ['tarea_1'] in dag 7.1-externalTaskSensor on 2023-06-17T02:57:32.926556+00:00 ... 
[2023-06-17T03:38:17.341+0000] {external_task.py:235} INFO - Poking for tasks ['tarea_1'] in dag 7.1-externalTaskSensor on 2023-06-17T02:57:32.926556+00:00 ... 
[2023-06-17T03:38:27.414+0000] {external_task.py:235} INFO - Poking for tasks ['tarea_1'] in dag 7.1-externalTaskSensor on 2023-06-17T02:57:32.926556+00:00 ... 
[2023-06-17T03:38:37.474+0000] {external_task.py:235} INFO - Poking for tasks ['tarea_1'] in dag 7.1-externalTaskSensor on 2023-06-17T02:57:32.926556+00:00 ... 
[2023-06-17T03:38:47.537+0000] {external_task.py:235} INFO - Poking for tasks ['tarea_1'] in dag 7.1-externalTaskSensor on 2023-06-17T02:57:32.926556+00:00 ... 
[2023-06-17T03:38:57.610+0000] {external_task.py:235} INFO - Poking for tasks ['tarea_1'] in dag 7.1-externalTaskSensor on 2023-06-17T02:57:32.926556+00:00 ... 
[2023-06-17T03:39:07.672+0000] {external_task.py:235} INFO - Poking for tasks ['tarea_1'] in dag 7.1-externalTaskSensor on 2023-06-17T02:57:32.926556+00:00 ... 
[2023-06-17T03:39:17.755+0000] {external_task.py:235} INFO - Poking for tasks ['tarea_1'] in dag 7.1-externalTaskSensor on 2023-06-17T02:57:32.926556+00:00 ... 
[2023-06-17T03:39:27.893+0000] {external_task.py:235} INFO - Poking for tasks ['tarea_1'] in dag 7.1-externalTaskSensor on 2023-06-17T02:57:32.926556+00:00 ... 
[2023-06-17T03:39:37.947+0000] {external_task.py:235} INFO - Poking for tasks ['tarea_1'] in dag 7.1-externalTaskSensor on 2023-06-17T02:57:32.926556+00:00 ... 
[2023-06-17T03:39:48.006+0000] {external_task.py:235} INFO - Poking for tasks ['tarea_1'] in dag 7.1-externalTaskSensor on 2023-06-17T02:57:32.926556+00:00 ... 
[2023-06-17T03:39:58.049+0000] {external_task.py:235} INFO - Poking for tasks ['tarea_1'] in dag 7.1-externalTaskSensor on 2023-06-17T02:57:32.926556+00:00 ... 
[2023-06-17T03:40:08.081+0000] {external_task.py:235} INFO - Poking for tasks ['tarea_1'] in dag 7.1-externalTaskSensor on 2023-06-17T02:57:32.926556+00:00 ... 
[2023-06-17T03:40:18.128+0000] {external_task.py:235} INFO - Poking for tasks ['tarea_1'] in dag 7.1-externalTaskSensor on 2023-06-17T02:57:32.926556+00:00 ... 
[2023-06-17T03:40:28.186+0000] {external_task.py:235} INFO - Poking for tasks ['tarea_1'] in dag 7.1-externalTaskSensor on 2023-06-17T02:57:32.926556+00:00 ... 
[2023-06-17T03:40:38.250+0000] {external_task.py:235} INFO - Poking for tasks ['tarea_1'] in dag 7.1-externalTaskSensor on 2023-06-17T02:57:32.926556+00:00 ... 
[2023-06-17T03:40:48.328+0000] {external_task.py:235} INFO - Poking for tasks ['tarea_1'] in dag 7.1-externalTaskSensor on 2023-06-17T02:57:32.926556+00:00 ... 
[2023-06-17T03:40:58.375+0000] {external_task.py:235} INFO - Poking for tasks ['tarea_1'] in dag 7.1-externalTaskSensor on 2023-06-17T02:57:32.926556+00:00 ... 
[2023-06-17T03:41:08.448+0000] {external_task.py:235} INFO - Poking for tasks ['tarea_1'] in dag 7.1-externalTaskSensor on 2023-06-17T02:57:32.926556+00:00 ... 
[2023-06-17T03:41:18.512+0000] {external_task.py:235} INFO - Poking for tasks ['tarea_1'] in dag 7.1-externalTaskSensor on 2023-06-17T02:57:32.926556+00:00 ... 
[2023-06-17T03:41:28.586+0000] {external_task.py:235} INFO - Poking for tasks ['tarea_1'] in dag 7.1-externalTaskSensor on 2023-06-17T02:57:32.926556+00:00 ... 
[2023-06-17T03:41:38.662+0000] {external_task.py:235} INFO - Poking for tasks ['tarea_1'] in dag 7.1-externalTaskSensor on 2023-06-17T02:57:32.926556+00:00 ... 
[2023-06-17T03:41:48.730+0000] {external_task.py:235} INFO - Poking for tasks ['tarea_1'] in dag 7.1-externalTaskSensor on 2023-06-17T02:57:32.926556+00:00 ... 
[2023-06-17T03:41:58.786+0000] {external_task.py:235} INFO - Poking for tasks ['tarea_1'] in dag 7.1-externalTaskSensor on 2023-06-17T02:57:32.926556+00:00 ... 
[2023-06-17T03:42:08.820+0000] {external_task.py:235} INFO - Poking for tasks ['tarea_1'] in dag 7.1-externalTaskSensor on 2023-06-17T02:57:32.926556+00:00 ... 
[2023-06-17T03:42:18.860+0000] {external_task.py:235} INFO - Poking for tasks ['tarea_1'] in dag 7.1-externalTaskSensor on 2023-06-17T02:57:32.926556+00:00 ... 
[2023-06-17T03:42:28.944+0000] {external_task.py:235} INFO - Poking for tasks ['tarea_1'] in dag 7.1-externalTaskSensor on 2023-06-17T02:57:32.926556+00:00 ... 
[2023-06-17T03:42:39.024+0000] {external_task.py:235} INFO - Poking for tasks ['tarea_1'] in dag 7.1-externalTaskSensor on 2023-06-17T02:57:32.926556+00:00 ... 
[2023-06-17T03:42:49.052+0000] {external_task.py:235} INFO - Poking for tasks ['tarea_1'] in dag 7.1-externalTaskSensor on 2023-06-17T02:57:32.926556+00:00 ... 
[2023-06-17T03:42:59.111+0000] {external_task.py:235} INFO - Poking for tasks ['tarea_1'] in dag 7.1-externalTaskSensor on 2023-06-17T02:57:32.926556+00:00 ... 
[2023-06-17T03:43:09.180+0000] {external_task.py:235} INFO - Poking for tasks ['tarea_1'] in dag 7.1-externalTaskSensor on 2023-06-17T02:57:32.926556+00:00 ... 
[2023-06-17T03:43:19.236+0000] {external_task.py:235} INFO - Poking for tasks ['tarea_1'] in dag 7.1-externalTaskSensor on 2023-06-17T02:57:32.926556+00:00 ... 
[2023-06-17T03:43:29.255+0000] {external_task.py:235} INFO - Poking for tasks ['tarea_1'] in dag 7.1-externalTaskSensor on 2023-06-17T02:57:32.926556+00:00 ... 
[2023-06-17T03:43:39.288+0000] {external_task.py:235} INFO - Poking for tasks ['tarea_1'] in dag 7.1-externalTaskSensor on 2023-06-17T02:57:32.926556+00:00 ... 
[2023-06-17T03:43:49.357+0000] {external_task.py:235} INFO - Poking for tasks ['tarea_1'] in dag 7.1-externalTaskSensor on 2023-06-17T02:57:32.926556+00:00 ... 
[2023-06-17T03:43:59.412+0000] {external_task.py:235} INFO - Poking for tasks ['tarea_1'] in dag 7.1-externalTaskSensor on 2023-06-17T02:57:32.926556+00:00 ... 
[2023-06-17T03:44:09.453+0000] {external_task.py:235} INFO - Poking for tasks ['tarea_1'] in dag 7.1-externalTaskSensor on 2023-06-17T02:57:32.926556+00:00 ... 
[2023-06-17T03:44:19.502+0000] {external_task.py:235} INFO - Poking for tasks ['tarea_1'] in dag 7.1-externalTaskSensor on 2023-06-17T02:57:32.926556+00:00 ... 
[2023-06-17T03:44:29.542+0000] {external_task.py:235} INFO - Poking for tasks ['tarea_1'] in dag 7.1-externalTaskSensor on 2023-06-17T02:57:32.926556+00:00 ... 
[2023-06-17T03:44:39.584+0000] {external_task.py:235} INFO - Poking for tasks ['tarea_1'] in dag 7.1-externalTaskSensor on 2023-06-17T02:57:32.926556+00:00 ... 
[2023-06-17T03:44:49.634+0000] {external_task.py:235} INFO - Poking for tasks ['tarea_1'] in dag 7.1-externalTaskSensor on 2023-06-17T02:57:32.926556+00:00 ... 
[2023-06-17T03:44:59.660+0000] {external_task.py:235} INFO - Poking for tasks ['tarea_1'] in dag 7.1-externalTaskSensor on 2023-06-17T02:57:32.926556+00:00 ... 
[2023-06-17T03:45:09.699+0000] {external_task.py:235} INFO - Poking for tasks ['tarea_1'] in dag 7.1-externalTaskSensor on 2023-06-17T02:57:32.926556+00:00 ... 
[2023-06-17T03:45:19.770+0000] {external_task.py:235} INFO - Poking for tasks ['tarea_1'] in dag 7.1-externalTaskSensor on 2023-06-17T02:57:32.926556+00:00 ... 
[2023-06-17T03:45:29.835+0000] {external_task.py:235} INFO - Poking for tasks ['tarea_1'] in dag 7.1-externalTaskSensor on 2023-06-17T02:57:32.926556+00:00 ... 
[2023-06-17T03:45:39.893+0000] {external_task.py:235} INFO - Poking for tasks ['tarea_1'] in dag 7.1-externalTaskSensor on 2023-06-17T02:57:32.926556+00:00 ... 
[2023-06-17T03:45:49.930+0000] {external_task.py:235} INFO - Poking for tasks ['tarea_1'] in dag 7.1-externalTaskSensor on 2023-06-17T02:57:32.926556+00:00 ... 
[2023-06-17T03:45:59.964+0000] {external_task.py:235} INFO - Poking for tasks ['tarea_1'] in dag 7.1-externalTaskSensor on 2023-06-17T02:57:32.926556+00:00 ... 
[2023-06-17T03:46:10.015+0000] {external_task.py:235} INFO - Poking for tasks ['tarea_1'] in dag 7.1-externalTaskSensor on 2023-06-17T02:57:32.926556+00:00 ... 
[2023-06-17T03:46:20.100+0000] {external_task.py:235} INFO - Poking for tasks ['tarea_1'] in dag 7.1-externalTaskSensor on 2023-06-17T02:57:32.926556+00:00 ... 
[2023-06-17T03:46:30.183+0000] {external_task.py:235} INFO - Poking for tasks ['tarea_1'] in dag 7.1-externalTaskSensor on 2023-06-17T02:57:32.926556+00:00 ... 
[2023-06-17T03:46:40.244+0000] {external_task.py:235} INFO - Poking for tasks ['tarea_1'] in dag 7.1-externalTaskSensor on 2023-06-17T02:57:32.926556+00:00 ... 
[2023-06-17T03:46:50.325+0000] {external_task.py:235} INFO - Poking for tasks ['tarea_1'] in dag 7.1-externalTaskSensor on 2023-06-17T02:57:32.926556+00:00 ... 
[2023-06-17T03:47:00.396+0000] {external_task.py:235} INFO - Poking for tasks ['tarea_1'] in dag 7.1-externalTaskSensor on 2023-06-17T02:57:32.926556+00:00 ... 
[2023-06-17T03:47:10.495+0000] {external_task.py:235} INFO - Poking for tasks ['tarea_1'] in dag 7.1-externalTaskSensor on 2023-06-17T02:57:32.926556+00:00 ... 
[2023-06-17T03:47:20.533+0000] {external_task.py:235} INFO - Poking for tasks ['tarea_1'] in dag 7.1-externalTaskSensor on 2023-06-17T02:57:32.926556+00:00 ... 
[2023-06-17T03:47:30.570+0000] {external_task.py:235} INFO - Poking for tasks ['tarea_1'] in dag 7.1-externalTaskSensor on 2023-06-17T02:57:32.926556+00:00 ... 
[2023-06-17T03:47:40.612+0000] {external_task.py:235} INFO - Poking for tasks ['tarea_1'] in dag 7.1-externalTaskSensor on 2023-06-17T02:57:32.926556+00:00 ... 
[2023-06-17T03:47:50.666+0000] {external_task.py:235} INFO - Poking for tasks ['tarea_1'] in dag 7.1-externalTaskSensor on 2023-06-17T02:57:32.926556+00:00 ... 
[2023-06-17T03:48:00.738+0000] {external_task.py:235} INFO - Poking for tasks ['tarea_1'] in dag 7.1-externalTaskSensor on 2023-06-17T02:57:32.926556+00:00 ... 
[2023-06-17T03:48:10.796+0000] {external_task.py:235} INFO - Poking for tasks ['tarea_1'] in dag 7.1-externalTaskSensor on 2023-06-17T02:57:32.926556+00:00 ... 
[2023-06-17T03:48:20.847+0000] {external_task.py:235} INFO - Poking for tasks ['tarea_1'] in dag 7.1-externalTaskSensor on 2023-06-17T02:57:32.926556+00:00 ... 
[2023-06-17T03:48:30.908+0000] {external_task.py:235} INFO - Poking for tasks ['tarea_1'] in dag 7.1-externalTaskSensor on 2023-06-17T02:57:32.926556+00:00 ... 
[2023-06-17T03:48:40.967+0000] {external_task.py:235} INFO - Poking for tasks ['tarea_1'] in dag 7.1-externalTaskSensor on 2023-06-17T02:57:32.926556+00:00 ... 
[2023-06-17T03:48:51.061+0000] {external_task.py:235} INFO - Poking for tasks ['tarea_1'] in dag 7.1-externalTaskSensor on 2023-06-17T02:57:32.926556+00:00 ... 
[2023-06-17T03:49:01.133+0000] {external_task.py:235} INFO - Poking for tasks ['tarea_1'] in dag 7.1-externalTaskSensor on 2023-06-17T02:57:32.926556+00:00 ... 
[2023-06-17T03:49:11.225+0000] {external_task.py:235} INFO - Poking for tasks ['tarea_1'] in dag 7.1-externalTaskSensor on 2023-06-17T02:57:32.926556+00:00 ... 
[2023-06-17T03:49:21.281+0000] {external_task.py:235} INFO - Poking for tasks ['tarea_1'] in dag 7.1-externalTaskSensor on 2023-06-17T02:57:32.926556+00:00 ... 
[2023-06-17T03:49:31.356+0000] {external_task.py:235} INFO - Poking for tasks ['tarea_1'] in dag 7.1-externalTaskSensor on 2023-06-17T02:57:32.926556+00:00 ... 
[2023-06-17T03:49:41.413+0000] {external_task.py:235} INFO - Poking for tasks ['tarea_1'] in dag 7.1-externalTaskSensor on 2023-06-17T02:57:32.926556+00:00 ... 
[2023-06-17T03:49:51.481+0000] {external_task.py:235} INFO - Poking for tasks ['tarea_1'] in dag 7.1-externalTaskSensor on 2023-06-17T02:57:32.926556+00:00 ... 
[2023-06-17T03:50:01.562+0000] {external_task.py:235} INFO - Poking for tasks ['tarea_1'] in dag 7.1-externalTaskSensor on 2023-06-17T02:57:32.926556+00:00 ... 
[2023-06-17T03:50:11.632+0000] {external_task.py:235} INFO - Poking for tasks ['tarea_1'] in dag 7.1-externalTaskSensor on 2023-06-17T02:57:32.926556+00:00 ... 
[2023-06-17T03:50:21.711+0000] {external_task.py:235} INFO - Poking for tasks ['tarea_1'] in dag 7.1-externalTaskSensor on 2023-06-17T02:57:32.926556+00:00 ... 
[2023-06-17T03:50:31.760+0000] {external_task.py:235} INFO - Poking for tasks ['tarea_1'] in dag 7.1-externalTaskSensor on 2023-06-17T02:57:32.926556+00:00 ... 
[2023-06-17T03:50:41.790+0000] {external_task.py:235} INFO - Poking for tasks ['tarea_1'] in dag 7.1-externalTaskSensor on 2023-06-17T02:57:32.926556+00:00 ... 
[2023-06-17T03:50:51.809+0000] {external_task.py:235} INFO - Poking for tasks ['tarea_1'] in dag 7.1-externalTaskSensor on 2023-06-17T02:57:32.926556+00:00 ... 
[2023-06-17T03:51:01.850+0000] {external_task.py:235} INFO - Poking for tasks ['tarea_1'] in dag 7.1-externalTaskSensor on 2023-06-17T02:57:32.926556+00:00 ... 
[2023-06-17T03:51:11.915+0000] {external_task.py:235} INFO - Poking for tasks ['tarea_1'] in dag 7.1-externalTaskSensor on 2023-06-17T02:57:32.926556+00:00 ... 
[2023-06-17T03:51:21.970+0000] {external_task.py:235} INFO - Poking for tasks ['tarea_1'] in dag 7.1-externalTaskSensor on 2023-06-17T02:57:32.926556+00:00 ... 
[2023-06-17T03:51:32.041+0000] {external_task.py:235} INFO - Poking for tasks ['tarea_1'] in dag 7.1-externalTaskSensor on 2023-06-17T02:57:32.926556+00:00 ... 
[2023-06-17T03:51:42.092+0000] {external_task.py:235} INFO - Poking for tasks ['tarea_1'] in dag 7.1-externalTaskSensor on 2023-06-17T02:57:32.926556+00:00 ... 
[2023-06-17T03:51:52.128+0000] {external_task.py:235} INFO - Poking for tasks ['tarea_1'] in dag 7.1-externalTaskSensor on 2023-06-17T02:57:32.926556+00:00 ... 
[2023-06-17T03:52:02.207+0000] {external_task.py:235} INFO - Poking for tasks ['tarea_1'] in dag 7.1-externalTaskSensor on 2023-06-17T02:57:32.926556+00:00 ... 
[2023-06-17T03:52:12.266+0000] {external_task.py:235} INFO - Poking for tasks ['tarea_1'] in dag 7.1-externalTaskSensor on 2023-06-17T02:57:32.926556+00:00 ... 
[2023-06-17T03:52:22.308+0000] {external_task.py:235} INFO - Poking for tasks ['tarea_1'] in dag 7.1-externalTaskSensor on 2023-06-17T02:57:32.926556+00:00 ... 
[2023-06-17T03:52:32.382+0000] {external_task.py:235} INFO - Poking for tasks ['tarea_1'] in dag 7.1-externalTaskSensor on 2023-06-17T02:57:32.926556+00:00 ... 
[2023-06-17T03:52:42.409+0000] {external_task.py:235} INFO - Poking for tasks ['tarea_1'] in dag 7.1-externalTaskSensor on 2023-06-17T02:57:32.926556+00:00 ... 
[2023-06-17T03:52:52.441+0000] {external_task.py:235} INFO - Poking for tasks ['tarea_1'] in dag 7.1-externalTaskSensor on 2023-06-17T02:57:32.926556+00:00 ... 
[2023-06-17T03:53:02.498+0000] {external_task.py:235} INFO - Poking for tasks ['tarea_1'] in dag 7.1-externalTaskSensor on 2023-06-17T02:57:32.926556+00:00 ... 
[2023-06-17T03:53:12.522+0000] {external_task.py:235} INFO - Poking for tasks ['tarea_1'] in dag 7.1-externalTaskSensor on 2023-06-17T02:57:32.926556+00:00 ... 
[2023-06-17T03:53:22.558+0000] {external_task.py:235} INFO - Poking for tasks ['tarea_1'] in dag 7.1-externalTaskSensor on 2023-06-17T02:57:32.926556+00:00 ... 
[2023-06-17T03:53:32.613+0000] {external_task.py:235} INFO - Poking for tasks ['tarea_1'] in dag 7.1-externalTaskSensor on 2023-06-17T02:57:32.926556+00:00 ... 
[2023-06-17T03:53:42.666+0000] {external_task.py:235} INFO - Poking for tasks ['tarea_1'] in dag 7.1-externalTaskSensor on 2023-06-17T02:57:32.926556+00:00 ... 
[2023-06-17T03:53:52.726+0000] {external_task.py:235} INFO - Poking for tasks ['tarea_1'] in dag 7.1-externalTaskSensor on 2023-06-17T02:57:32.926556+00:00 ... 
[2023-06-17T03:54:02.778+0000] {external_task.py:235} INFO - Poking for tasks ['tarea_1'] in dag 7.1-externalTaskSensor on 2023-06-17T02:57:32.926556+00:00 ... 
[2023-06-17T03:54:12.819+0000] {external_task.py:235} INFO - Poking for tasks ['tarea_1'] in dag 7.1-externalTaskSensor on 2023-06-17T02:57:32.926556+00:00 ... 
[2023-06-17T03:54:22.880+0000] {external_task.py:235} INFO - Poking for tasks ['tarea_1'] in dag 7.1-externalTaskSensor on 2023-06-17T02:57:32.926556+00:00 ... 
[2023-06-17T03:54:32.945+0000] {external_task.py:235} INFO - Poking for tasks ['tarea_1'] in dag 7.1-externalTaskSensor on 2023-06-17T02:57:32.926556+00:00 ... 
[2023-06-17T03:54:42.976+0000] {external_task.py:235} INFO - Poking for tasks ['tarea_1'] in dag 7.1-externalTaskSensor on 2023-06-17T02:57:32.926556+00:00 ... 
[2023-06-17T03:54:53.035+0000] {external_task.py:235} INFO - Poking for tasks ['tarea_1'] in dag 7.1-externalTaskSensor on 2023-06-17T02:57:32.926556+00:00 ... 
[2023-06-17T03:55:03.069+0000] {external_task.py:235} INFO - Poking for tasks ['tarea_1'] in dag 7.1-externalTaskSensor on 2023-06-17T02:57:32.926556+00:00 ... 
[2023-06-17T03:55:13.171+0000] {external_task.py:235} INFO - Poking for tasks ['tarea_1'] in dag 7.1-externalTaskSensor on 2023-06-17T02:57:32.926556+00:00 ... 
[2023-06-17T03:55:23.241+0000] {external_task.py:235} INFO - Poking for tasks ['tarea_1'] in dag 7.1-externalTaskSensor on 2023-06-17T02:57:32.926556+00:00 ... 
[2023-06-17T03:55:33.315+0000] {external_task.py:235} INFO - Poking for tasks ['tarea_1'] in dag 7.1-externalTaskSensor on 2023-06-17T02:57:32.926556+00:00 ... 
[2023-06-17T03:55:43.352+0000] {external_task.py:235} INFO - Poking for tasks ['tarea_1'] in dag 7.1-externalTaskSensor on 2023-06-17T02:57:32.926556+00:00 ... 
[2023-06-17T03:55:53.408+0000] {external_task.py:235} INFO - Poking for tasks ['tarea_1'] in dag 7.1-externalTaskSensor on 2023-06-17T02:57:32.926556+00:00 ... 
[2023-06-17T03:56:03.478+0000] {external_task.py:235} INFO - Poking for tasks ['tarea_1'] in dag 7.1-externalTaskSensor on 2023-06-17T02:57:32.926556+00:00 ... 
[2023-06-17T03:56:13.513+0000] {external_task.py:235} INFO - Poking for tasks ['tarea_1'] in dag 7.1-externalTaskSensor on 2023-06-17T02:57:32.926556+00:00 ... 
[2023-06-17T03:56:23.667+0000] {external_task.py:235} INFO - Poking for tasks ['tarea_1'] in dag 7.1-externalTaskSensor on 2023-06-17T02:57:32.926556+00:00 ... 
[2023-06-17T03:56:33.728+0000] {external_task.py:235} INFO - Poking for tasks ['tarea_1'] in dag 7.1-externalTaskSensor on 2023-06-17T02:57:32.926556+00:00 ... 
[2023-06-17T03:56:43.769+0000] {external_task.py:235} INFO - Poking for tasks ['tarea_1'] in dag 7.1-externalTaskSensor on 2023-06-17T02:57:32.926556+00:00 ... 
[2023-06-17T03:56:53.805+0000] {external_task.py:235} INFO - Poking for tasks ['tarea_1'] in dag 7.1-externalTaskSensor on 2023-06-17T02:57:32.926556+00:00 ... 
[2023-06-17T03:57:03.869+0000] {external_task.py:235} INFO - Poking for tasks ['tarea_1'] in dag 7.1-externalTaskSensor on 2023-06-17T02:57:32.926556+00:00 ... 
[2023-06-17T03:57:13.902+0000] {external_task.py:235} INFO - Poking for tasks ['tarea_1'] in dag 7.1-externalTaskSensor on 2023-06-17T02:57:32.926556+00:00 ... 
[2023-06-17T03:57:23.953+0000] {external_task.py:235} INFO - Poking for tasks ['tarea_1'] in dag 7.1-externalTaskSensor on 2023-06-17T02:57:32.926556+00:00 ... 
[2023-06-17T03:57:34.019+0000] {external_task.py:235} INFO - Poking for tasks ['tarea_1'] in dag 7.1-externalTaskSensor on 2023-06-17T02:57:32.926556+00:00 ... 
[2023-06-17T03:57:44.052+0000] {external_task.py:235} INFO - Poking for tasks ['tarea_1'] in dag 7.1-externalTaskSensor on 2023-06-17T02:57:32.926556+00:00 ... 
[2023-06-17T03:57:54.094+0000] {external_task.py:235} INFO - Poking for tasks ['tarea_1'] in dag 7.1-externalTaskSensor on 2023-06-17T02:57:32.926556+00:00 ... 
[2023-06-17T03:58:04.165+0000] {external_task.py:235} INFO - Poking for tasks ['tarea_1'] in dag 7.1-externalTaskSensor on 2023-06-17T02:57:32.926556+00:00 ... 
[2023-06-17T03:58:14.198+0000] {external_task.py:235} INFO - Poking for tasks ['tarea_1'] in dag 7.1-externalTaskSensor on 2023-06-17T02:57:32.926556+00:00 ... 
[2023-06-17T03:58:24.269+0000] {external_task.py:235} INFO - Poking for tasks ['tarea_1'] in dag 7.1-externalTaskSensor on 2023-06-17T02:57:32.926556+00:00 ... 
[2023-06-17T03:58:34.322+0000] {external_task.py:235} INFO - Poking for tasks ['tarea_1'] in dag 7.1-externalTaskSensor on 2023-06-17T02:57:32.926556+00:00 ... 
[2023-06-17T03:58:44.364+0000] {external_task.py:235} INFO - Poking for tasks ['tarea_1'] in dag 7.1-externalTaskSensor on 2023-06-17T02:57:32.926556+00:00 ... 
[2023-06-17T03:58:54.402+0000] {external_task.py:235} INFO - Poking for tasks ['tarea_1'] in dag 7.1-externalTaskSensor on 2023-06-17T02:57:32.926556+00:00 ... 
[2023-06-17T03:59:04.459+0000] {external_task.py:235} INFO - Poking for tasks ['tarea_1'] in dag 7.1-externalTaskSensor on 2023-06-17T02:57:32.926556+00:00 ... 
[2023-06-17T03:59:14.489+0000] {external_task.py:235} INFO - Poking for tasks ['tarea_1'] in dag 7.1-externalTaskSensor on 2023-06-17T02:57:32.926556+00:00 ... 
[2023-06-17T03:59:24.557+0000] {external_task.py:235} INFO - Poking for tasks ['tarea_1'] in dag 7.1-externalTaskSensor on 2023-06-17T02:57:32.926556+00:00 ... 
[2023-06-17T03:59:34.618+0000] {external_task.py:235} INFO - Poking for tasks ['tarea_1'] in dag 7.1-externalTaskSensor on 2023-06-17T02:57:32.926556+00:00 ... 
[2023-06-17T03:59:44.677+0000] {external_task.py:235} INFO - Poking for tasks ['tarea_1'] in dag 7.1-externalTaskSensor on 2023-06-17T02:57:32.926556+00:00 ... 
[2023-06-17T03:59:54.733+0000] {external_task.py:235} INFO - Poking for tasks ['tarea_1'] in dag 7.1-externalTaskSensor on 2023-06-17T02:57:32.926556+00:00 ... 
[2023-06-17T04:00:04.799+0000] {external_task.py:235} INFO - Poking for tasks ['tarea_1'] in dag 7.1-externalTaskSensor on 2023-06-17T02:57:32.926556+00:00 ... 
[2023-06-17T04:00:14.858+0000] {external_task.py:235} INFO - Poking for tasks ['tarea_1'] in dag 7.1-externalTaskSensor on 2023-06-17T02:57:32.926556+00:00 ... 
[2023-06-17T04:00:24.931+0000] {external_task.py:235} INFO - Poking for tasks ['tarea_1'] in dag 7.1-externalTaskSensor on 2023-06-17T02:57:32.926556+00:00 ... 
[2023-06-17T04:00:34.985+0000] {external_task.py:235} INFO - Poking for tasks ['tarea_1'] in dag 7.1-externalTaskSensor on 2023-06-17T02:57:32.926556+00:00 ... 
[2023-06-17T04:00:45.035+0000] {external_task.py:235} INFO - Poking for tasks ['tarea_1'] in dag 7.1-externalTaskSensor on 2023-06-17T02:57:32.926556+00:00 ... 
[2023-06-17T04:00:55.089+0000] {external_task.py:235} INFO - Poking for tasks ['tarea_1'] in dag 7.1-externalTaskSensor on 2023-06-17T02:57:32.926556+00:00 ... 
[2023-06-17T04:01:05.119+0000] {external_task.py:235} INFO - Poking for tasks ['tarea_1'] in dag 7.1-externalTaskSensor on 2023-06-17T02:57:32.926556+00:00 ... 
[2023-06-17T04:01:15.180+0000] {external_task.py:235} INFO - Poking for tasks ['tarea_1'] in dag 7.1-externalTaskSensor on 2023-06-17T02:57:32.926556+00:00 ... 
[2023-06-17T04:01:25.236+0000] {external_task.py:235} INFO - Poking for tasks ['tarea_1'] in dag 7.1-externalTaskSensor on 2023-06-17T02:57:32.926556+00:00 ... 
[2023-06-17T04:01:35.306+0000] {external_task.py:235} INFO - Poking for tasks ['tarea_1'] in dag 7.1-externalTaskSensor on 2023-06-17T02:57:32.926556+00:00 ... 
[2023-06-17T04:01:45.360+0000] {external_task.py:235} INFO - Poking for tasks ['tarea_1'] in dag 7.1-externalTaskSensor on 2023-06-17T02:57:32.926556+00:00 ... 
[2023-06-17T04:01:55.416+0000] {external_task.py:235} INFO - Poking for tasks ['tarea_1'] in dag 7.1-externalTaskSensor on 2023-06-17T02:57:32.926556+00:00 ... 
[2023-06-17T04:02:05.504+0000] {external_task.py:235} INFO - Poking for tasks ['tarea_1'] in dag 7.1-externalTaskSensor on 2023-06-17T02:57:32.926556+00:00 ... 
[2023-06-17T04:02:15.570+0000] {external_task.py:235} INFO - Poking for tasks ['tarea_1'] in dag 7.1-externalTaskSensor on 2023-06-17T02:57:32.926556+00:00 ... 
[2023-06-17T04:02:25.617+0000] {external_task.py:235} INFO - Poking for tasks ['tarea_1'] in dag 7.1-externalTaskSensor on 2023-06-17T02:57:32.926556+00:00 ... 
[2023-06-17T04:02:35.647+0000] {external_task.py:235} INFO - Poking for tasks ['tarea_1'] in dag 7.1-externalTaskSensor on 2023-06-17T02:57:32.926556+00:00 ... 
[2023-06-17T04:02:45.676+0000] {external_task.py:235} INFO - Poking for tasks ['tarea_1'] in dag 7.1-externalTaskSensor on 2023-06-17T02:57:32.926556+00:00 ... 
[2023-06-17T04:02:55.730+0000] {external_task.py:235} INFO - Poking for tasks ['tarea_1'] in dag 7.1-externalTaskSensor on 2023-06-17T02:57:32.926556+00:00 ... 
[2023-06-17T04:03:05.805+0000] {external_task.py:235} INFO - Poking for tasks ['tarea_1'] in dag 7.1-externalTaskSensor on 2023-06-17T02:57:32.926556+00:00 ... 
[2023-06-17T04:03:15.881+0000] {external_task.py:235} INFO - Poking for tasks ['tarea_1'] in dag 7.1-externalTaskSensor on 2023-06-17T02:57:32.926556+00:00 ... 
[2023-06-17T04:03:25.944+0000] {external_task.py:235} INFO - Poking for tasks ['tarea_1'] in dag 7.1-externalTaskSensor on 2023-06-17T02:57:32.926556+00:00 ... 
[2023-06-17T04:03:35.977+0000] {external_task.py:235} INFO - Poking for tasks ['tarea_1'] in dag 7.1-externalTaskSensor on 2023-06-17T02:57:32.926556+00:00 ... 
[2023-06-17T04:03:46.045+0000] {external_task.py:235} INFO - Poking for tasks ['tarea_1'] in dag 7.1-externalTaskSensor on 2023-06-17T02:57:32.926556+00:00 ... 
[2023-06-17T04:03:56.107+0000] {external_task.py:235} INFO - Poking for tasks ['tarea_1'] in dag 7.1-externalTaskSensor on 2023-06-17T02:57:32.926556+00:00 ... 
[2023-06-17T04:04:06.184+0000] {external_task.py:235} INFO - Poking for tasks ['tarea_1'] in dag 7.1-externalTaskSensor on 2023-06-17T02:57:32.926556+00:00 ... 
[2023-06-17T04:04:16.250+0000] {external_task.py:235} INFO - Poking for tasks ['tarea_1'] in dag 7.1-externalTaskSensor on 2023-06-17T02:57:32.926556+00:00 ... 
[2023-06-17T04:04:26.309+0000] {external_task.py:235} INFO - Poking for tasks ['tarea_1'] in dag 7.1-externalTaskSensor on 2023-06-17T02:57:32.926556+00:00 ... 
[2023-06-17T04:04:36.389+0000] {external_task.py:235} INFO - Poking for tasks ['tarea_1'] in dag 7.1-externalTaskSensor on 2023-06-17T02:57:32.926556+00:00 ... 
[2023-06-17T04:04:46.413+0000] {external_task.py:235} INFO - Poking for tasks ['tarea_1'] in dag 7.1-externalTaskSensor on 2023-06-17T02:57:32.926556+00:00 ... 
[2023-06-17T04:04:56.437+0000] {external_task.py:235} INFO - Poking for tasks ['tarea_1'] in dag 7.1-externalTaskSensor on 2023-06-17T02:57:32.926556+00:00 ... 
[2023-06-17T04:05:06.470+0000] {external_task.py:235} INFO - Poking for tasks ['tarea_1'] in dag 7.1-externalTaskSensor on 2023-06-17T02:57:32.926556+00:00 ... 
[2023-06-17T04:05:16.515+0000] {external_task.py:235} INFO - Poking for tasks ['tarea_1'] in dag 7.1-externalTaskSensor on 2023-06-17T02:57:32.926556+00:00 ... 
[2023-06-17T04:05:26.549+0000] {external_task.py:235} INFO - Poking for tasks ['tarea_1'] in dag 7.1-externalTaskSensor on 2023-06-17T02:57:32.926556+00:00 ... 
[2023-06-17T04:05:36.606+0000] {external_task.py:235} INFO - Poking for tasks ['tarea_1'] in dag 7.1-externalTaskSensor on 2023-06-17T02:57:32.926556+00:00 ... 
[2023-06-17T04:05:46.682+0000] {external_task.py:235} INFO - Poking for tasks ['tarea_1'] in dag 7.1-externalTaskSensor on 2023-06-17T02:57:32.926556+00:00 ... 
[2023-06-17T04:05:56.717+0000] {external_task.py:235} INFO - Poking for tasks ['tarea_1'] in dag 7.1-externalTaskSensor on 2023-06-17T02:57:32.926556+00:00 ... 
[2023-06-17T04:06:06.766+0000] {external_task.py:235} INFO - Poking for tasks ['tarea_1'] in dag 7.1-externalTaskSensor on 2023-06-17T02:57:32.926556+00:00 ... 
[2023-06-17T04:06:16.838+0000] {external_task.py:235} INFO - Poking for tasks ['tarea_1'] in dag 7.1-externalTaskSensor on 2023-06-17T02:57:32.926556+00:00 ... 
[2023-06-17T04:06:26.935+0000] {external_task.py:235} INFO - Poking for tasks ['tarea_1'] in dag 7.1-externalTaskSensor on 2023-06-17T02:57:32.926556+00:00 ... 
[2023-06-17T04:06:37.000+0000] {external_task.py:235} INFO - Poking for tasks ['tarea_1'] in dag 7.1-externalTaskSensor on 2023-06-17T02:57:32.926556+00:00 ... 
[2023-06-17T04:06:47.041+0000] {external_task.py:235} INFO - Poking for tasks ['tarea_1'] in dag 7.1-externalTaskSensor on 2023-06-17T02:57:32.926556+00:00 ... 
[2023-06-17T04:06:57.102+0000] {external_task.py:235} INFO - Poking for tasks ['tarea_1'] in dag 7.1-externalTaskSensor on 2023-06-17T02:57:32.926556+00:00 ... 
[2023-06-17T04:07:07.154+0000] {external_task.py:235} INFO - Poking for tasks ['tarea_1'] in dag 7.1-externalTaskSensor on 2023-06-17T02:57:32.926556+00:00 ... 
[2023-06-17T04:07:17.197+0000] {external_task.py:235} INFO - Poking for tasks ['tarea_1'] in dag 7.1-externalTaskSensor on 2023-06-17T02:57:32.926556+00:00 ... 
[2023-06-17T04:07:27.235+0000] {external_task.py:235} INFO - Poking for tasks ['tarea_1'] in dag 7.1-externalTaskSensor on 2023-06-17T02:57:32.926556+00:00 ... 
[2023-06-17T04:07:37.287+0000] {external_task.py:235} INFO - Poking for tasks ['tarea_1'] in dag 7.1-externalTaskSensor on 2023-06-17T02:57:32.926556+00:00 ... 
[2023-06-17T04:07:47.322+0000] {external_task.py:235} INFO - Poking for tasks ['tarea_1'] in dag 7.1-externalTaskSensor on 2023-06-17T02:57:32.926556+00:00 ... 
[2023-06-17T04:07:57.400+0000] {external_task.py:235} INFO - Poking for tasks ['tarea_1'] in dag 7.1-externalTaskSensor on 2023-06-17T02:57:32.926556+00:00 ... 
[2023-06-17T04:08:07.474+0000] {external_task.py:235} INFO - Poking for tasks ['tarea_1'] in dag 7.1-externalTaskSensor on 2023-06-17T02:57:32.926556+00:00 ... 
[2023-06-17T04:08:17.526+0000] {external_task.py:235} INFO - Poking for tasks ['tarea_1'] in dag 7.1-externalTaskSensor on 2023-06-17T02:57:32.926556+00:00 ... 
[2023-06-17T04:08:27.560+0000] {external_task.py:235} INFO - Poking for tasks ['tarea_1'] in dag 7.1-externalTaskSensor on 2023-06-17T02:57:32.926556+00:00 ... 
[2023-06-17T04:08:37.640+0000] {external_task.py:235} INFO - Poking for tasks ['tarea_1'] in dag 7.1-externalTaskSensor on 2023-06-17T02:57:32.926556+00:00 ... 
[2023-06-17T04:08:47.680+0000] {external_task.py:235} INFO - Poking for tasks ['tarea_1'] in dag 7.1-externalTaskSensor on 2023-06-17T02:57:32.926556+00:00 ... 
[2023-06-17T04:08:57.720+0000] {external_task.py:235} INFO - Poking for tasks ['tarea_1'] in dag 7.1-externalTaskSensor on 2023-06-17T02:57:32.926556+00:00 ... 
[2023-06-17T04:09:07.758+0000] {external_task.py:235} INFO - Poking for tasks ['tarea_1'] in dag 7.1-externalTaskSensor on 2023-06-17T02:57:32.926556+00:00 ... 
[2023-06-17T04:09:17.812+0000] {external_task.py:235} INFO - Poking for tasks ['tarea_1'] in dag 7.1-externalTaskSensor on 2023-06-17T02:57:32.926556+00:00 ... 
[2023-06-17T04:09:27.881+0000] {external_task.py:235} INFO - Poking for tasks ['tarea_1'] in dag 7.1-externalTaskSensor on 2023-06-17T02:57:32.926556+00:00 ... 
[2023-06-17T04:09:37.947+0000] {external_task.py:235} INFO - Poking for tasks ['tarea_1'] in dag 7.1-externalTaskSensor on 2023-06-17T02:57:32.926556+00:00 ... 
[2023-06-17T04:09:48.004+0000] {external_task.py:235} INFO - Poking for tasks ['tarea_1'] in dag 7.1-externalTaskSensor on 2023-06-17T02:57:32.926556+00:00 ... 
[2023-06-17T04:09:58.051+0000] {external_task.py:235} INFO - Poking for tasks ['tarea_1'] in dag 7.1-externalTaskSensor on 2023-06-17T02:57:32.926556+00:00 ... 
[2023-06-17T04:10:08.117+0000] {external_task.py:235} INFO - Poking for tasks ['tarea_1'] in dag 7.1-externalTaskSensor on 2023-06-17T02:57:32.926556+00:00 ... 
[2023-06-17T04:10:18.168+0000] {external_task.py:235} INFO - Poking for tasks ['tarea_1'] in dag 7.1-externalTaskSensor on 2023-06-17T02:57:32.926556+00:00 ... 
[2023-06-17T04:10:28.226+0000] {external_task.py:235} INFO - Poking for tasks ['tarea_1'] in dag 7.1-externalTaskSensor on 2023-06-17T02:57:32.926556+00:00 ... 
[2023-06-17T04:10:38.285+0000] {external_task.py:235} INFO - Poking for tasks ['tarea_1'] in dag 7.1-externalTaskSensor on 2023-06-17T02:57:32.926556+00:00 ... 
[2023-06-17T04:10:48.337+0000] {external_task.py:235} INFO - Poking for tasks ['tarea_1'] in dag 7.1-externalTaskSensor on 2023-06-17T02:57:32.926556+00:00 ... 
[2023-06-17T04:10:58.385+0000] {external_task.py:235} INFO - Poking for tasks ['tarea_1'] in dag 7.1-externalTaskSensor on 2023-06-17T02:57:32.926556+00:00 ... 
[2023-06-17T04:11:08.443+0000] {external_task.py:235} INFO - Poking for tasks ['tarea_1'] in dag 7.1-externalTaskSensor on 2023-06-17T02:57:32.926556+00:00 ... 
[2023-06-17T04:11:18.491+0000] {external_task.py:235} INFO - Poking for tasks ['tarea_1'] in dag 7.1-externalTaskSensor on 2023-06-17T02:57:32.926556+00:00 ... 
[2023-06-17T04:11:28.555+0000] {external_task.py:235} INFO - Poking for tasks ['tarea_1'] in dag 7.1-externalTaskSensor on 2023-06-17T02:57:32.926556+00:00 ... 
[2023-06-17T04:11:38.584+0000] {external_task.py:235} INFO - Poking for tasks ['tarea_1'] in dag 7.1-externalTaskSensor on 2023-06-17T02:57:32.926556+00:00 ... 
[2023-06-17T04:11:48.616+0000] {external_task.py:235} INFO - Poking for tasks ['tarea_1'] in dag 7.1-externalTaskSensor on 2023-06-17T02:57:32.926556+00:00 ... 
[2023-06-17T04:11:58.674+0000] {external_task.py:235} INFO - Poking for tasks ['tarea_1'] in dag 7.1-externalTaskSensor on 2023-06-17T02:57:32.926556+00:00 ... 
[2023-06-17T04:12:08.709+0000] {external_task.py:235} INFO - Poking for tasks ['tarea_1'] in dag 7.1-externalTaskSensor on 2023-06-17T02:57:32.926556+00:00 ... 
[2023-06-17T04:12:18.747+0000] {external_task.py:235} INFO - Poking for tasks ['tarea_1'] in dag 7.1-externalTaskSensor on 2023-06-17T02:57:32.926556+00:00 ... 
[2023-06-17T04:12:28.810+0000] {external_task.py:235} INFO - Poking for tasks ['tarea_1'] in dag 7.1-externalTaskSensor on 2023-06-17T02:57:32.926556+00:00 ... 
[2023-06-17T04:12:38.868+0000] {external_task.py:235} INFO - Poking for tasks ['tarea_1'] in dag 7.1-externalTaskSensor on 2023-06-17T02:57:32.926556+00:00 ... 
[2023-06-17T04:12:48.892+0000] {external_task.py:235} INFO - Poking for tasks ['tarea_1'] in dag 7.1-externalTaskSensor on 2023-06-17T02:57:32.926556+00:00 ... 
[2023-06-17T04:12:58.902+0000] {external_task.py:235} INFO - Poking for tasks ['tarea_1'] in dag 7.1-externalTaskSensor on 2023-06-17T02:57:32.926556+00:00 ... 
[2023-06-17T04:13:08.968+0000] {external_task.py:235} INFO - Poking for tasks ['tarea_1'] in dag 7.1-externalTaskSensor on 2023-06-17T02:57:32.926556+00:00 ... 
[2023-06-17T04:13:18.996+0000] {external_task.py:235} INFO - Poking for tasks ['tarea_1'] in dag 7.1-externalTaskSensor on 2023-06-17T02:57:32.926556+00:00 ... 
[2023-06-17T04:13:29.060+0000] {external_task.py:235} INFO - Poking for tasks ['tarea_1'] in dag 7.1-externalTaskSensor on 2023-06-17T02:57:32.926556+00:00 ... 
[2023-06-17T04:13:39.115+0000] {external_task.py:235} INFO - Poking for tasks ['tarea_1'] in dag 7.1-externalTaskSensor on 2023-06-17T02:57:32.926556+00:00 ... 
[2023-06-17T04:13:49.172+0000] {external_task.py:235} INFO - Poking for tasks ['tarea_1'] in dag 7.1-externalTaskSensor on 2023-06-17T02:57:32.926556+00:00 ... 
[2023-06-17T04:13:59.247+0000] {external_task.py:235} INFO - Poking for tasks ['tarea_1'] in dag 7.1-externalTaskSensor on 2023-06-17T02:57:32.926556+00:00 ... 
[2023-06-17T04:14:09.312+0000] {external_task.py:235} INFO - Poking for tasks ['tarea_1'] in dag 7.1-externalTaskSensor on 2023-06-17T02:57:32.926556+00:00 ... 
[2023-06-17T04:14:19.383+0000] {external_task.py:235} INFO - Poking for tasks ['tarea_1'] in dag 7.1-externalTaskSensor on 2023-06-17T02:57:32.926556+00:00 ... 
[2023-06-17T04:14:29.446+0000] {external_task.py:235} INFO - Poking for tasks ['tarea_1'] in dag 7.1-externalTaskSensor on 2023-06-17T02:57:32.926556+00:00 ... 
[2023-06-17T04:14:39.520+0000] {external_task.py:235} INFO - Poking for tasks ['tarea_1'] in dag 7.1-externalTaskSensor on 2023-06-17T02:57:32.926556+00:00 ... 
[2023-06-17T04:14:49.566+0000] {external_task.py:235} INFO - Poking for tasks ['tarea_1'] in dag 7.1-externalTaskSensor on 2023-06-17T02:57:32.926556+00:00 ... 
[2023-06-17T04:14:59.605+0000] {external_task.py:235} INFO - Poking for tasks ['tarea_1'] in dag 7.1-externalTaskSensor on 2023-06-17T02:57:32.926556+00:00 ... 
[2023-06-17T04:15:09.659+0000] {external_task.py:235} INFO - Poking for tasks ['tarea_1'] in dag 7.1-externalTaskSensor on 2023-06-17T02:57:32.926556+00:00 ... 
[2023-06-17T04:15:19.700+0000] {external_task.py:235} INFO - Poking for tasks ['tarea_1'] in dag 7.1-externalTaskSensor on 2023-06-17T02:57:32.926556+00:00 ... 
[2023-06-17T04:15:29.750+0000] {external_task.py:235} INFO - Poking for tasks ['tarea_1'] in dag 7.1-externalTaskSensor on 2023-06-17T02:57:32.926556+00:00 ... 
[2023-06-17T04:15:39.801+0000] {external_task.py:235} INFO - Poking for tasks ['tarea_1'] in dag 7.1-externalTaskSensor on 2023-06-17T02:57:32.926556+00:00 ... 
[2023-06-17T04:15:49.861+0000] {external_task.py:235} INFO - Poking for tasks ['tarea_1'] in dag 7.1-externalTaskSensor on 2023-06-17T02:57:32.926556+00:00 ... 
[2023-06-17T04:15:59.926+0000] {external_task.py:235} INFO - Poking for tasks ['tarea_1'] in dag 7.1-externalTaskSensor on 2023-06-17T02:57:32.926556+00:00 ... 
[2023-06-17T04:16:09.998+0000] {external_task.py:235} INFO - Poking for tasks ['tarea_1'] in dag 7.1-externalTaskSensor on 2023-06-17T02:57:32.926556+00:00 ... 
[2023-06-17T04:16:20.058+0000] {external_task.py:235} INFO - Poking for tasks ['tarea_1'] in dag 7.1-externalTaskSensor on 2023-06-17T02:57:32.926556+00:00 ... 
[2023-06-17T04:16:30.102+0000] {external_task.py:235} INFO - Poking for tasks ['tarea_1'] in dag 7.1-externalTaskSensor on 2023-06-17T02:57:32.926556+00:00 ... 
[2023-06-17T04:16:40.137+0000] {external_task.py:235} INFO - Poking for tasks ['tarea_1'] in dag 7.1-externalTaskSensor on 2023-06-17T02:57:32.926556+00:00 ... 
[2023-06-17T04:16:50.179+0000] {external_task.py:235} INFO - Poking for tasks ['tarea_1'] in dag 7.1-externalTaskSensor on 2023-06-17T02:57:32.926556+00:00 ... 
[2023-06-17T04:17:00.261+0000] {external_task.py:235} INFO - Poking for tasks ['tarea_1'] in dag 7.1-externalTaskSensor on 2023-06-17T02:57:32.926556+00:00 ... 
[2023-06-17T04:17:10.313+0000] {external_task.py:235} INFO - Poking for tasks ['tarea_1'] in dag 7.1-externalTaskSensor on 2023-06-17T02:57:32.926556+00:00 ... 
[2023-06-17T04:17:20.374+0000] {external_task.py:235} INFO - Poking for tasks ['tarea_1'] in dag 7.1-externalTaskSensor on 2023-06-17T02:57:32.926556+00:00 ... 
[2023-06-17T04:17:30.432+0000] {external_task.py:235} INFO - Poking for tasks ['tarea_1'] in dag 7.1-externalTaskSensor on 2023-06-17T02:57:32.926556+00:00 ... 
[2023-06-17T04:17:40.464+0000] {external_task.py:235} INFO - Poking for tasks ['tarea_1'] in dag 7.1-externalTaskSensor on 2023-06-17T02:57:32.926556+00:00 ... 
[2023-06-17T04:17:50.527+0000] {external_task.py:235} INFO - Poking for tasks ['tarea_1'] in dag 7.1-externalTaskSensor on 2023-06-17T02:57:32.926556+00:00 ... 
[2023-06-17T04:18:00.617+0000] {external_task.py:235} INFO - Poking for tasks ['tarea_1'] in dag 7.1-externalTaskSensor on 2023-06-17T02:57:32.926556+00:00 ... 
[2023-06-17T04:18:10.700+0000] {external_task.py:235} INFO - Poking for tasks ['tarea_1'] in dag 7.1-externalTaskSensor on 2023-06-17T02:57:32.926556+00:00 ... 
[2023-06-17T04:18:20.782+0000] {external_task.py:235} INFO - Poking for tasks ['tarea_1'] in dag 7.1-externalTaskSensor on 2023-06-17T02:57:32.926556+00:00 ... 
[2023-06-17T04:33:50.271+0000] {external_task.py:235} INFO - Poking for tasks ['tarea_1'] in dag 7.1-externalTaskSensor on 2023-06-17T02:57:32.926556+00:00 ... 
[2023-06-17T04:33:57.043+0000] {local_task_job_runner.py:292} WARNING - State of this instance has been externally set to failed. Terminating instance.
[2023-06-17T04:33:57.052+0000] {process_utils.py:135} INFO - Sending Signals.SIGTERM to group 67744. PIDs of all processes in the group: [67744]
[2023-06-17T04:33:57.053+0000] {process_utils.py:86} INFO - Sending the signal Signals.SIGTERM to group 67744
[2023-06-17T04:33:57.054+0000] {taskinstance.py:1517} ERROR - Received SIGTERM. Terminating subprocesses.
[2023-06-17T04:33:57.150+0000] {process_utils.py:79} INFO - Process psutil.Process(pid=67744, status='terminated', exitcode=0, started='03:03:11') (67744) terminated with exit code 0
