[2023-06-17T16:52:52.413+0000] {taskinstance.py:1103} INFO - Dependencies all met for dep_context=non-requeueable deps ti=<TaskInstance: 8-templating.tarea_1 manual__2023-06-17T16:51:59.202997+00:00 [queued]>
[2023-06-17T16:52:52.426+0000] {taskinstance.py:1103} INFO - Dependencies all met for dep_context=requeueable deps ti=<TaskInstance: 8-templating.tarea_1 manual__2023-06-17T16:51:59.202997+00:00 [queued]>
[2023-06-17T16:52:52.426+0000] {taskinstance.py:1308} INFO - Starting attempt 1 of 1
[2023-06-17T16:52:52.437+0000] {taskinstance.py:1327} INFO - Executing <Task(BashOperator): tarea_1> on 2023-06-17 16:51:59.202997+00:00
[2023-06-17T16:52:52.443+0000] {standard_task_runner.py:57} INFO - Started process 70023 to run task
[2023-06-17T16:52:52.448+0000] {standard_task_runner.py:84} INFO - Running: ['***', 'tasks', 'run', '8-templating', 'tarea_1', 'manual__2023-06-17T16:51:59.202997+00:00', '--job-id', '163', '--raw', '--subdir', 'DAGS_FOLDER/8.1_teomplates_jinja.py', '--cfg-path', '/tmp/tmpzj_cvdr9']
[2023-06-17T16:52:52.449+0000] {standard_task_runner.py:85} INFO - Job 163: Subtask tarea_1
[2023-06-17T16:52:52.506+0000] {task_command.py:410} INFO - Running <TaskInstance: 8-templating.tarea_1 manual__2023-06-17T16:51:59.202997+00:00 [running]> on host 5fef267ae46d
[2023-06-17T16:52:52.585+0000] {taskinstance.py:1547} INFO - Exporting env vars: AIRFLOW_CTX_DAG_OWNER='***' AIRFLOW_CTX_DAG_ID='8-templating' AIRFLOW_CTX_TASK_ID='tarea_1' AIRFLOW_CTX_EXECUTION_DATE='2023-06-17T16:51:59.202997+00:00' AIRFLOW_CTX_TRY_NUMBER='1' AIRFLOW_CTX_DAG_RUN_ID='manual__2023-06-17T16:51:59.202997+00:00'
[2023-06-17T16:52:52.590+0000] {subprocess.py:63} INFO - Tmp dir root location: 
 /tmp
[2023-06-17T16:52:52.591+0000] {subprocess.py:75} INFO - Running command: ['/bin/bash', '-c', '\n\n    echo "2023-06-17"\n\techo "file1.txt"\n\n    echo "2023-06-17"\n\techo "file2.txt"\n']
[2023-06-17T16:52:52.604+0000] {subprocess.py:86} INFO - Output:
[2023-06-17T16:52:52.611+0000] {subprocess.py:93} INFO - 2023-06-17
[2023-06-17T16:52:52.611+0000] {subprocess.py:93} INFO - file1.txt
[2023-06-17T16:52:52.612+0000] {subprocess.py:93} INFO - 2023-06-17
[2023-06-17T16:52:52.612+0000] {subprocess.py:93} INFO - file2.txt
[2023-06-17T16:52:52.613+0000] {subprocess.py:97} INFO - Command exited with return code 0
[2023-06-17T16:52:52.639+0000] {taskinstance.py:1350} INFO - Marking task as SUCCESS. dag_id=8-templating, task_id=tarea_1, execution_date=20230617T165159, start_date=20230617T165252, end_date=20230617T165252
[2023-06-17T16:52:52.663+0000] {local_task_job_runner.py:225} INFO - Task exited with return code 0
[2023-06-17T16:52:52.683+0000] {taskinstance.py:2651} INFO - 0 downstream tasks scheduled from follow-on schedule check
