[2023-06-09T23:26:49.676+0000] {processor.py:157} INFO - Started process (PID=12554) to work on /opt/airflow/dags/3_dependecias.py
[2023-06-09T23:26:49.678+0000] {processor.py:826} INFO - Processing file /opt/airflow/dags/3_dependecias.py for tasks to queue
[2023-06-09T23:26:49.679+0000] {logging_mixin.py:149} INFO - [2023-06-09T23:26:49.679+0000] {dagbag.py:541} INFO - Filling up the DagBag from /opt/airflow/dags/3_dependecias.py
[2023-06-09T23:26:49.701+0000] {processor.py:836} INFO - DAG(s) dict_keys(['dependencias-dag']) retrieved from /opt/airflow/dags/3_dependecias.py
[2023-06-09T23:26:50.434+0000] {logging_mixin.py:149} INFO - [2023-06-09T23:26:50.434+0000] {manager.py:504} INFO - Created Permission View: can read on DAG:dependencias-dag
[2023-06-09T23:26:50.452+0000] {logging_mixin.py:149} INFO - [2023-06-09T23:26:50.452+0000] {manager.py:504} INFO - Created Permission View: can delete on DAG:dependencias-dag
[2023-06-09T23:26:50.468+0000] {logging_mixin.py:149} INFO - [2023-06-09T23:26:50.467+0000] {manager.py:504} INFO - Created Permission View: can edit on DAG:dependencias-dag
[2023-06-09T23:26:50.469+0000] {logging_mixin.py:149} INFO - [2023-06-09T23:26:50.469+0000] {dag.py:2726} INFO - Sync 1 DAGs
[2023-06-09T23:26:50.481+0000] {logging_mixin.py:149} INFO - [2023-06-09T23:26:50.481+0000] {dag.py:2747} INFO - Creating ORM DAG for dependencias-dag
[2023-06-09T23:26:50.492+0000] {logging_mixin.py:149} INFO - [2023-06-09T23:26:50.492+0000] {dag.py:3490} INFO - Setting next_dagrun for dependencias-dag to 2023-06-08T00:00:00+00:00, run_after=2023-06-08T00:00:00+00:00
[2023-06-09T23:26:50.512+0000] {processor.py:179} INFO - Processing /opt/airflow/dags/3_dependecias.py took 0.843 seconds
[2023-06-09T23:27:21.111+0000] {processor.py:157} INFO - Started process (PID=12565) to work on /opt/airflow/dags/3_dependecias.py
[2023-06-09T23:27:21.116+0000] {processor.py:826} INFO - Processing file /opt/airflow/dags/3_dependecias.py for tasks to queue
[2023-06-09T23:27:21.117+0000] {logging_mixin.py:149} INFO - [2023-06-09T23:27:21.117+0000] {dagbag.py:541} INFO - Filling up the DagBag from /opt/airflow/dags/3_dependecias.py
[2023-06-09T23:27:21.138+0000] {processor.py:836} INFO - DAG(s) dict_keys(['dependencias-dag']) retrieved from /opt/airflow/dags/3_dependecias.py
[2023-06-09T23:27:21.195+0000] {logging_mixin.py:149} INFO - [2023-06-09T23:27:21.195+0000] {dag.py:2726} INFO - Sync 1 DAGs
[2023-06-09T23:27:21.220+0000] {logging_mixin.py:149} INFO - [2023-06-09T23:27:21.220+0000] {dag.py:3490} INFO - Setting next_dagrun for dependencias-dag to 2023-06-08T00:00:00+00:00, run_after=2023-06-08T00:00:00+00:00
[2023-06-09T23:27:21.233+0000] {processor.py:179} INFO - Processing /opt/airflow/dags/3_dependecias.py took 0.138 seconds
[2023-06-09T23:27:51.710+0000] {processor.py:157} INFO - Started process (PID=12589) to work on /opt/airflow/dags/3_dependecias.py
[2023-06-09T23:27:51.719+0000] {processor.py:826} INFO - Processing file /opt/airflow/dags/3_dependecias.py for tasks to queue
[2023-06-09T23:27:51.723+0000] {logging_mixin.py:149} INFO - [2023-06-09T23:27:51.723+0000] {dagbag.py:541} INFO - Filling up the DagBag from /opt/airflow/dags/3_dependecias.py
[2023-06-09T23:27:51.749+0000] {processor.py:836} INFO - DAG(s) dict_keys(['dependencias-dag']) retrieved from /opt/airflow/dags/3_dependecias.py
[2023-06-09T23:27:51.807+0000] {logging_mixin.py:149} INFO - [2023-06-09T23:27:51.807+0000] {dag.py:2726} INFO - Sync 1 DAGs
[2023-06-09T23:27:51.905+0000] {logging_mixin.py:149} INFO - [2023-06-09T23:27:51.905+0000] {dag.py:3490} INFO - Setting next_dagrun for dependencias-dag to None, run_after=None
[2023-06-09T23:27:52.046+0000] {processor.py:179} INFO - Processing /opt/airflow/dags/3_dependecias.py took 0.346 seconds
[2023-06-09T23:28:22.604+0000] {processor.py:157} INFO - Started process (PID=12599) to work on /opt/airflow/dags/3_dependecias.py
[2023-06-09T23:28:22.607+0000] {processor.py:826} INFO - Processing file /opt/airflow/dags/3_dependecias.py for tasks to queue
[2023-06-09T23:28:22.609+0000] {logging_mixin.py:149} INFO - [2023-06-09T23:28:22.609+0000] {dagbag.py:541} INFO - Filling up the DagBag from /opt/airflow/dags/3_dependecias.py
[2023-06-09T23:28:22.652+0000] {processor.py:836} INFO - DAG(s) dict_keys(['dependencias-dag']) retrieved from /opt/airflow/dags/3_dependecias.py
[2023-06-09T23:28:22.710+0000] {logging_mixin.py:149} INFO - [2023-06-09T23:28:22.710+0000] {dag.py:2726} INFO - Sync 1 DAGs
[2023-06-09T23:28:22.735+0000] {logging_mixin.py:149} INFO - [2023-06-09T23:28:22.735+0000] {dag.py:3490} INFO - Setting next_dagrun for dependencias-dag to None, run_after=None
[2023-06-09T23:28:22.749+0000] {processor.py:179} INFO - Processing /opt/airflow/dags/3_dependecias.py took 0.156 seconds
[2023-06-09T23:28:49.190+0000] {processor.py:157} INFO - Started process (PID=12610) to work on /opt/airflow/dags/3_dependecias.py
[2023-06-09T23:28:49.194+0000] {processor.py:826} INFO - Processing file /opt/airflow/dags/3_dependecias.py for tasks to queue
[2023-06-09T23:28:49.196+0000] {logging_mixin.py:149} INFO - [2023-06-09T23:28:49.195+0000] {dagbag.py:541} INFO - Filling up the DagBag from /opt/airflow/dags/3_dependecias.py
[2023-06-09T23:28:49.214+0000] {processor.py:836} INFO - DAG(s) dict_keys(['dependencias-dag']) retrieved from /opt/airflow/dags/3_dependecias.py
[2023-06-09T23:28:49.240+0000] {logging_mixin.py:149} INFO - [2023-06-09T23:28:49.240+0000] {dag.py:2726} INFO - Sync 1 DAGs
[2023-06-09T23:28:49.258+0000] {logging_mixin.py:149} INFO - [2023-06-09T23:28:49.258+0000] {dag.py:3490} INFO - Setting next_dagrun for dependencias-dag to None, run_after=None
[2023-06-09T23:28:49.272+0000] {processor.py:179} INFO - Processing /opt/airflow/dags/3_dependecias.py took 0.090 seconds
[2023-06-09T23:29:19.887+0000] {processor.py:157} INFO - Started process (PID=12620) to work on /opt/airflow/dags/3_dependecias.py
[2023-06-09T23:29:19.890+0000] {processor.py:826} INFO - Processing file /opt/airflow/dags/3_dependecias.py for tasks to queue
[2023-06-09T23:29:19.892+0000] {logging_mixin.py:149} INFO - [2023-06-09T23:29:19.892+0000] {dagbag.py:541} INFO - Filling up the DagBag from /opt/airflow/dags/3_dependecias.py
[2023-06-09T23:29:19.917+0000] {processor.py:836} INFO - DAG(s) dict_keys(['dependencias-dag']) retrieved from /opt/airflow/dags/3_dependecias.py
[2023-06-09T23:29:19.980+0000] {logging_mixin.py:149} INFO - [2023-06-09T23:29:19.980+0000] {dag.py:2726} INFO - Sync 1 DAGs
[2023-06-09T23:29:20.007+0000] {logging_mixin.py:149} INFO - [2023-06-09T23:29:20.007+0000] {dag.py:3490} INFO - Setting next_dagrun for dependencias-dag to None, run_after=None
[2023-06-09T23:29:20.023+0000] {processor.py:179} INFO - Processing /opt/airflow/dags/3_dependecias.py took 0.145 seconds
[2023-06-09T23:29:50.617+0000] {processor.py:157} INFO - Started process (PID=12631) to work on /opt/airflow/dags/3_dependecias.py
[2023-06-09T23:29:50.620+0000] {processor.py:826} INFO - Processing file /opt/airflow/dags/3_dependecias.py for tasks to queue
[2023-06-09T23:29:50.622+0000] {logging_mixin.py:149} INFO - [2023-06-09T23:29:50.622+0000] {dagbag.py:541} INFO - Filling up the DagBag from /opt/airflow/dags/3_dependecias.py
[2023-06-09T23:29:50.646+0000] {processor.py:836} INFO - DAG(s) dict_keys(['dependencias-dag']) retrieved from /opt/airflow/dags/3_dependecias.py
[2023-06-09T23:29:50.697+0000] {logging_mixin.py:149} INFO - [2023-06-09T23:29:50.697+0000] {dag.py:2726} INFO - Sync 1 DAGs
[2023-06-09T23:29:50.719+0000] {logging_mixin.py:149} INFO - [2023-06-09T23:29:50.719+0000] {dag.py:3490} INFO - Setting next_dagrun for dependencias-dag to None, run_after=None
[2023-06-09T23:29:50.923+0000] {processor.py:179} INFO - Processing /opt/airflow/dags/3_dependecias.py took 0.316 seconds
[2023-06-09T23:30:18.930+0000] {processor.py:157} INFO - Started process (PID=12642) to work on /opt/airflow/dags/3_dependecias.py
[2023-06-09T23:30:18.938+0000] {processor.py:826} INFO - Processing file /opt/airflow/dags/3_dependecias.py for tasks to queue
[2023-06-09T23:30:18.940+0000] {logging_mixin.py:149} INFO - [2023-06-09T23:30:18.940+0000] {dagbag.py:541} INFO - Filling up the DagBag from /opt/airflow/dags/3_dependecias.py
[2023-06-09T23:30:18.980+0000] {logging_mixin.py:149} INFO - [2023-06-09T23:30:18.965+0000] {dagbag.py:350} ERROR - Failed to import: /opt/airflow/dags/3_dependecias.py
Traceback (most recent call last):
  File "/home/airflow/.local/lib/python3.7/site-packages/airflow/models/dagbag.py", line 346, in parse
    loader.exec_module(new_module)
  File "<frozen importlib._bootstrap_external>", line 728, in exec_module
  File "<frozen importlib._bootstrap>", line 219, in _call_with_frames_removed
  File "/opt/airflow/dags/3_dependecias.py", line 33, in <module>
    bash_command='echo "Hola amigos de youtube 3"')
  File "/home/airflow/.local/lib/python3.7/site-packages/airflow/models/baseoperator.py", line 429, in apply_defaults
    result = func(self, **kwargs, default_args=default_args)
  File "/home/airflow/.local/lib/python3.7/site-packages/airflow/operators/bash.py", line 150, in __init__
    super().__init__(**kwargs)
  File "/home/airflow/.local/lib/python3.7/site-packages/airflow/models/baseoperator.py", line 429, in apply_defaults
    result = func(self, **kwargs, default_args=default_args)
  File "/home/airflow/.local/lib/python3.7/site-packages/airflow/models/baseoperator.py", line 806, in __init__
    task_group.add(self)
  File "/home/airflow/.local/lib/python3.7/site-packages/airflow/utils/task_group.py", line 221, in add
    raise DuplicateTaskIdFound(f"{node_type} id '{key}' has already been added to the DAG")
airflow.exceptions.DuplicateTaskIdFound: Task id 'task3' has already been added to the DAG
[2023-06-09T23:30:18.983+0000] {processor.py:838} WARNING - No viable dags retrieved from /opt/airflow/dags/3_dependecias.py
[2023-06-09T23:30:19.045+0000] {processor.py:179} INFO - Processing /opt/airflow/dags/3_dependecias.py took 0.134 seconds
[2023-06-09T23:30:19.133+0000] {processor.py:157} INFO - Started process (PID=12643) to work on /opt/airflow/dags/3_dependecias.py
[2023-06-09T23:30:19.136+0000] {processor.py:826} INFO - Processing file /opt/airflow/dags/3_dependecias.py for tasks to queue
[2023-06-09T23:30:19.137+0000] {logging_mixin.py:149} INFO - [2023-06-09T23:30:19.137+0000] {dagbag.py:541} INFO - Filling up the DagBag from /opt/airflow/dags/3_dependecias.py
[2023-06-09T23:30:19.150+0000] {logging_mixin.py:149} INFO - [2023-06-09T23:30:19.148+0000] {dagbag.py:350} ERROR - Failed to import: /opt/airflow/dags/3_dependecias.py
Traceback (most recent call last):
  File "/home/airflow/.local/lib/python3.7/site-packages/airflow/models/dagbag.py", line 346, in parse
    loader.exec_module(new_module)
  File "<frozen importlib._bootstrap_external>", line 728, in exec_module
  File "<frozen importlib._bootstrap>", line 219, in _call_with_frames_removed
  File "/opt/airflow/dags/3_dependecias.py", line 33, in <module>
    bash_command='echo "Hola amigos de youtube 3"')
  File "/home/airflow/.local/lib/python3.7/site-packages/airflow/models/baseoperator.py", line 429, in apply_defaults
    result = func(self, **kwargs, default_args=default_args)
  File "/home/airflow/.local/lib/python3.7/site-packages/airflow/operators/bash.py", line 150, in __init__
    super().__init__(**kwargs)
  File "/home/airflow/.local/lib/python3.7/site-packages/airflow/models/baseoperator.py", line 429, in apply_defaults
    result = func(self, **kwargs, default_args=default_args)
  File "/home/airflow/.local/lib/python3.7/site-packages/airflow/models/baseoperator.py", line 806, in __init__
    task_group.add(self)
  File "/home/airflow/.local/lib/python3.7/site-packages/airflow/utils/task_group.py", line 221, in add
    raise DuplicateTaskIdFound(f"{node_type} id '{key}' has already been added to the DAG")
airflow.exceptions.DuplicateTaskIdFound: Task id 'task3' has already been added to the DAG
[2023-06-09T23:30:19.151+0000] {processor.py:838} WARNING - No viable dags retrieved from /opt/airflow/dags/3_dependecias.py
[2023-06-09T23:30:19.166+0000] {processor.py:179} INFO - Processing /opt/airflow/dags/3_dependecias.py took 0.035 seconds
[2023-06-09T23:30:26.433+0000] {processor.py:157} INFO - Started process (PID=12646) to work on /opt/airflow/dags/3_dependecias.py
[2023-06-09T23:30:26.434+0000] {processor.py:826} INFO - Processing file /opt/airflow/dags/3_dependecias.py for tasks to queue
[2023-06-09T23:30:26.435+0000] {logging_mixin.py:149} INFO - [2023-06-09T23:30:26.435+0000] {dagbag.py:541} INFO - Filling up the DagBag from /opt/airflow/dags/3_dependecias.py
[2023-06-09T23:30:26.448+0000] {processor.py:836} INFO - DAG(s) dict_keys(['dependencias-dag']) retrieved from /opt/airflow/dags/3_dependecias.py
[2023-06-09T23:30:26.505+0000] {logging_mixin.py:149} INFO - [2023-06-09T23:30:26.505+0000] {dag.py:2726} INFO - Sync 1 DAGs
[2023-06-09T23:30:26.522+0000] {logging_mixin.py:149} INFO - [2023-06-09T23:30:26.521+0000] {dag.py:3490} INFO - Setting next_dagrun for dependencias-dag to None, run_after=None
[2023-06-09T23:30:26.536+0000] {processor.py:179} INFO - Processing /opt/airflow/dags/3_dependecias.py took 0.106 seconds
[2023-06-09T23:30:56.941+0000] {processor.py:157} INFO - Started process (PID=12654) to work on /opt/airflow/dags/3_dependecias.py
[2023-06-09T23:30:56.945+0000] {processor.py:826} INFO - Processing file /opt/airflow/dags/3_dependecias.py for tasks to queue
[2023-06-09T23:30:56.947+0000] {logging_mixin.py:149} INFO - [2023-06-09T23:30:56.947+0000] {dagbag.py:541} INFO - Filling up the DagBag from /opt/airflow/dags/3_dependecias.py
[2023-06-09T23:30:56.971+0000] {processor.py:836} INFO - DAG(s) dict_keys(['dependencias-dag']) retrieved from /opt/airflow/dags/3_dependecias.py
[2023-06-09T23:30:57.026+0000] {logging_mixin.py:149} INFO - [2023-06-09T23:30:57.026+0000] {dag.py:2726} INFO - Sync 1 DAGs
[2023-06-09T23:30:57.049+0000] {logging_mixin.py:149} INFO - [2023-06-09T23:30:57.048+0000] {dag.py:3490} INFO - Setting next_dagrun for dependencias-dag to None, run_after=None
[2023-06-09T23:30:57.062+0000] {processor.py:179} INFO - Processing /opt/airflow/dags/3_dependecias.py took 0.131 seconds
[2023-06-09T23:31:27.625+0000] {processor.py:157} INFO - Started process (PID=12665) to work on /opt/airflow/dags/3_dependecias.py
[2023-06-09T23:31:27.628+0000] {processor.py:826} INFO - Processing file /opt/airflow/dags/3_dependecias.py for tasks to queue
[2023-06-09T23:31:27.629+0000] {logging_mixin.py:149} INFO - [2023-06-09T23:31:27.629+0000] {dagbag.py:541} INFO - Filling up the DagBag from /opt/airflow/dags/3_dependecias.py
[2023-06-09T23:31:27.643+0000] {processor.py:836} INFO - DAG(s) dict_keys(['dependencias-dag']) retrieved from /opt/airflow/dags/3_dependecias.py
[2023-06-09T23:31:27.697+0000] {logging_mixin.py:149} INFO - [2023-06-09T23:31:27.697+0000] {dag.py:2726} INFO - Sync 1 DAGs
[2023-06-09T23:31:27.720+0000] {logging_mixin.py:149} INFO - [2023-06-09T23:31:27.720+0000] {dag.py:3490} INFO - Setting next_dagrun for dependencias-dag to None, run_after=None
[2023-06-09T23:31:27.733+0000] {processor.py:179} INFO - Processing /opt/airflow/dags/3_dependecias.py took 0.114 seconds
[2023-06-09T23:31:44.970+0000] {processor.py:157} INFO - Started process (PID=12675) to work on /opt/airflow/dags/3_dependecias.py
[2023-06-09T23:31:44.973+0000] {processor.py:826} INFO - Processing file /opt/airflow/dags/3_dependecias.py for tasks to queue
[2023-06-09T23:31:44.974+0000] {logging_mixin.py:149} INFO - [2023-06-09T23:31:44.974+0000] {dagbag.py:541} INFO - Filling up the DagBag from /opt/airflow/dags/3_dependecias.py
[2023-06-09T23:31:45.000+0000] {processor.py:836} INFO - DAG(s) dict_keys(['dependencias-dag']) retrieved from /opt/airflow/dags/3_dependecias.py
[2023-06-09T23:31:45.026+0000] {logging_mixin.py:149} INFO - [2023-06-09T23:31:45.026+0000] {dag.py:2726} INFO - Sync 1 DAGs
[2023-06-09T23:31:45.043+0000] {logging_mixin.py:149} INFO - [2023-06-09T23:31:45.043+0000] {dag.py:3490} INFO - Setting next_dagrun for dependencias-dag to None, run_after=None
[2023-06-09T23:31:45.056+0000] {processor.py:179} INFO - Processing /opt/airflow/dags/3_dependecias.py took 0.092 seconds
[2023-06-09T23:32:15.607+0000] {processor.py:157} INFO - Started process (PID=12686) to work on /opt/airflow/dags/3_dependecias.py
[2023-06-09T23:32:15.611+0000] {processor.py:826} INFO - Processing file /opt/airflow/dags/3_dependecias.py for tasks to queue
[2023-06-09T23:32:15.612+0000] {logging_mixin.py:149} INFO - [2023-06-09T23:32:15.612+0000] {dagbag.py:541} INFO - Filling up the DagBag from /opt/airflow/dags/3_dependecias.py
[2023-06-09T23:32:15.633+0000] {processor.py:836} INFO - DAG(s) dict_keys(['dependencias-dag']) retrieved from /opt/airflow/dags/3_dependecias.py
[2023-06-09T23:32:15.688+0000] {logging_mixin.py:149} INFO - [2023-06-09T23:32:15.688+0000] {dag.py:2726} INFO - Sync 1 DAGs
[2023-06-09T23:32:15.707+0000] {logging_mixin.py:149} INFO - [2023-06-09T23:32:15.707+0000] {dag.py:3490} INFO - Setting next_dagrun for dependencias-dag to None, run_after=None
[2023-06-09T23:32:15.816+0000] {processor.py:179} INFO - Processing /opt/airflow/dags/3_dependecias.py took 0.216 seconds
[2023-06-09T23:32:46.242+0000] {processor.py:157} INFO - Started process (PID=12697) to work on /opt/airflow/dags/3_dependecias.py
[2023-06-09T23:32:46.245+0000] {processor.py:826} INFO - Processing file /opt/airflow/dags/3_dependecias.py for tasks to queue
[2023-06-09T23:32:46.247+0000] {logging_mixin.py:149} INFO - [2023-06-09T23:32:46.247+0000] {dagbag.py:541} INFO - Filling up the DagBag from /opt/airflow/dags/3_dependecias.py
[2023-06-09T23:32:46.266+0000] {processor.py:836} INFO - DAG(s) dict_keys(['dependencias-dag']) retrieved from /opt/airflow/dags/3_dependecias.py
[2023-06-09T23:32:46.314+0000] {logging_mixin.py:149} INFO - [2023-06-09T23:32:46.314+0000] {dag.py:2726} INFO - Sync 1 DAGs
[2023-06-09T23:32:46.336+0000] {logging_mixin.py:149} INFO - [2023-06-09T23:32:46.336+0000] {dag.py:3490} INFO - Setting next_dagrun for dependencias-dag to None, run_after=None
[2023-06-09T23:32:46.514+0000] {processor.py:179} INFO - Processing /opt/airflow/dags/3_dependecias.py took 0.279 seconds
[2023-06-09T23:33:17.086+0000] {processor.py:157} INFO - Started process (PID=12709) to work on /opt/airflow/dags/3_dependecias.py
[2023-06-09T23:33:17.089+0000] {processor.py:826} INFO - Processing file /opt/airflow/dags/3_dependecias.py for tasks to queue
[2023-06-09T23:33:17.091+0000] {logging_mixin.py:149} INFO - [2023-06-09T23:33:17.091+0000] {dagbag.py:541} INFO - Filling up the DagBag from /opt/airflow/dags/3_dependecias.py
[2023-06-09T23:33:17.112+0000] {processor.py:836} INFO - DAG(s) dict_keys(['dependencias-dag']) retrieved from /opt/airflow/dags/3_dependecias.py
[2023-06-09T23:33:17.159+0000] {logging_mixin.py:149} INFO - [2023-06-09T23:33:17.159+0000] {dag.py:2726} INFO - Sync 1 DAGs
[2023-06-09T23:33:17.178+0000] {logging_mixin.py:149} INFO - [2023-06-09T23:33:17.178+0000] {dag.py:3490} INFO - Setting next_dagrun for dependencias-dag to None, run_after=None
[2023-06-09T23:33:17.190+0000] {processor.py:179} INFO - Processing /opt/airflow/dags/3_dependecias.py took 0.113 seconds
[2023-06-09T23:33:47.788+0000] {processor.py:157} INFO - Started process (PID=12721) to work on /opt/airflow/dags/3_dependecias.py
[2023-06-09T23:33:47.790+0000] {processor.py:826} INFO - Processing file /opt/airflow/dags/3_dependecias.py for tasks to queue
[2023-06-09T23:33:47.792+0000] {logging_mixin.py:149} INFO - [2023-06-09T23:33:47.792+0000] {dagbag.py:541} INFO - Filling up the DagBag from /opt/airflow/dags/3_dependecias.py
[2023-06-09T23:33:47.815+0000] {processor.py:836} INFO - DAG(s) dict_keys(['dependencias-dag']) retrieved from /opt/airflow/dags/3_dependecias.py
[2023-06-09T23:33:47.860+0000] {logging_mixin.py:149} INFO - [2023-06-09T23:33:47.860+0000] {dag.py:2726} INFO - Sync 1 DAGs
[2023-06-09T23:33:47.879+0000] {logging_mixin.py:149} INFO - [2023-06-09T23:33:47.879+0000] {dag.py:3490} INFO - Setting next_dagrun for dependencias-dag to None, run_after=None
[2023-06-09T23:33:47.891+0000] {processor.py:179} INFO - Processing /opt/airflow/dags/3_dependecias.py took 0.108 seconds
[2023-06-09T23:34:18.323+0000] {processor.py:157} INFO - Started process (PID=12732) to work on /opt/airflow/dags/3_dependecias.py
[2023-06-09T23:34:18.326+0000] {processor.py:826} INFO - Processing file /opt/airflow/dags/3_dependecias.py for tasks to queue
[2023-06-09T23:34:18.328+0000] {logging_mixin.py:149} INFO - [2023-06-09T23:34:18.328+0000] {dagbag.py:541} INFO - Filling up the DagBag from /opt/airflow/dags/3_dependecias.py
[2023-06-09T23:34:18.347+0000] {processor.py:836} INFO - DAG(s) dict_keys(['dependencias-dag']) retrieved from /opt/airflow/dags/3_dependecias.py
[2023-06-09T23:34:18.374+0000] {logging_mixin.py:149} INFO - [2023-06-09T23:34:18.374+0000] {dag.py:2726} INFO - Sync 1 DAGs
[2023-06-09T23:34:18.391+0000] {logging_mixin.py:149} INFO - [2023-06-09T23:34:18.391+0000] {dag.py:3490} INFO - Setting next_dagrun for dependencias-dag to None, run_after=None
[2023-06-09T23:34:18.402+0000] {processor.py:179} INFO - Processing /opt/airflow/dags/3_dependecias.py took 0.086 seconds
[2023-06-09T23:34:48.899+0000] {processor.py:157} INFO - Started process (PID=12742) to work on /opt/airflow/dags/3_dependecias.py
[2023-06-09T23:34:48.903+0000] {processor.py:826} INFO - Processing file /opt/airflow/dags/3_dependecias.py for tasks to queue
[2023-06-09T23:34:48.907+0000] {logging_mixin.py:149} INFO - [2023-06-09T23:34:48.907+0000] {dagbag.py:541} INFO - Filling up the DagBag from /opt/airflow/dags/3_dependecias.py
[2023-06-09T23:34:48.930+0000] {processor.py:836} INFO - DAG(s) dict_keys(['dependencias-dag']) retrieved from /opt/airflow/dags/3_dependecias.py
[2023-06-09T23:34:48.967+0000] {logging_mixin.py:149} INFO - [2023-06-09T23:34:48.967+0000] {dag.py:2726} INFO - Sync 1 DAGs
[2023-06-09T23:34:48.998+0000] {logging_mixin.py:149} INFO - [2023-06-09T23:34:48.998+0000] {dag.py:3490} INFO - Setting next_dagrun for dependencias-dag to None, run_after=None
[2023-06-09T23:34:49.017+0000] {processor.py:179} INFO - Processing /opt/airflow/dags/3_dependecias.py took 0.128 seconds
[2023-06-09T23:35:19.546+0000] {processor.py:157} INFO - Started process (PID=12753) to work on /opt/airflow/dags/3_dependecias.py
[2023-06-09T23:35:19.551+0000] {processor.py:826} INFO - Processing file /opt/airflow/dags/3_dependecias.py for tasks to queue
[2023-06-09T23:35:19.553+0000] {logging_mixin.py:149} INFO - [2023-06-09T23:35:19.553+0000] {dagbag.py:541} INFO - Filling up the DagBag from /opt/airflow/dags/3_dependecias.py
[2023-06-09T23:35:19.574+0000] {processor.py:836} INFO - DAG(s) dict_keys(['dependencias-dag']) retrieved from /opt/airflow/dags/3_dependecias.py
[2023-06-09T23:35:19.633+0000] {logging_mixin.py:149} INFO - [2023-06-09T23:35:19.633+0000] {dag.py:2726} INFO - Sync 1 DAGs
[2023-06-09T23:35:19.655+0000] {logging_mixin.py:149} INFO - [2023-06-09T23:35:19.655+0000] {dag.py:3490} INFO - Setting next_dagrun for dependencias-dag to None, run_after=None
[2023-06-09T23:35:19.908+0000] {processor.py:179} INFO - Processing /opt/airflow/dags/3_dependecias.py took 0.367 seconds
[2023-06-09T23:35:50.360+0000] {processor.py:157} INFO - Started process (PID=12764) to work on /opt/airflow/dags/3_dependecias.py
[2023-06-09T23:35:50.374+0000] {processor.py:826} INFO - Processing file /opt/airflow/dags/3_dependecias.py for tasks to queue
[2023-06-09T23:35:50.382+0000] {logging_mixin.py:149} INFO - [2023-06-09T23:35:50.379+0000] {dagbag.py:541} INFO - Filling up the DagBag from /opt/airflow/dags/3_dependecias.py
[2023-06-09T23:35:50.420+0000] {processor.py:836} INFO - DAG(s) dict_keys(['dependencias-dag']) retrieved from /opt/airflow/dags/3_dependecias.py
[2023-06-09T23:35:50.465+0000] {logging_mixin.py:149} INFO - [2023-06-09T23:35:50.465+0000] {dag.py:2726} INFO - Sync 1 DAGs
[2023-06-09T23:35:50.681+0000] {logging_mixin.py:149} INFO - [2023-06-09T23:35:50.681+0000] {dag.py:3490} INFO - Setting next_dagrun for dependencias-dag to None, run_after=None
[2023-06-09T23:35:50.692+0000] {processor.py:179} INFO - Processing /opt/airflow/dags/3_dependecias.py took 0.394 seconds
[2023-06-09T23:36:20.911+0000] {processor.py:157} INFO - Started process (PID=12775) to work on /opt/airflow/dags/3_dependecias.py
[2023-06-09T23:36:20.915+0000] {processor.py:826} INFO - Processing file /opt/airflow/dags/3_dependecias.py for tasks to queue
[2023-06-09T23:36:20.916+0000] {logging_mixin.py:149} INFO - [2023-06-09T23:36:20.916+0000] {dagbag.py:541} INFO - Filling up the DagBag from /opt/airflow/dags/3_dependecias.py
[2023-06-09T23:36:20.946+0000] {processor.py:836} INFO - DAG(s) dict_keys(['dependencias-dag']) retrieved from /opt/airflow/dags/3_dependecias.py
[2023-06-09T23:36:20.992+0000] {logging_mixin.py:149} INFO - [2023-06-09T23:36:20.992+0000] {dag.py:2726} INFO - Sync 1 DAGs
[2023-06-09T23:36:21.013+0000] {logging_mixin.py:149} INFO - [2023-06-09T23:36:21.013+0000] {dag.py:3490} INFO - Setting next_dagrun for dependencias-dag to None, run_after=None
[2023-06-09T23:36:21.032+0000] {processor.py:179} INFO - Processing /opt/airflow/dags/3_dependecias.py took 0.130 seconds
[2023-06-09T23:36:51.525+0000] {processor.py:157} INFO - Started process (PID=12786) to work on /opt/airflow/dags/3_dependecias.py
[2023-06-09T23:36:51.529+0000] {processor.py:826} INFO - Processing file /opt/airflow/dags/3_dependecias.py for tasks to queue
[2023-06-09T23:36:51.530+0000] {logging_mixin.py:149} INFO - [2023-06-09T23:36:51.530+0000] {dagbag.py:541} INFO - Filling up the DagBag from /opt/airflow/dags/3_dependecias.py
[2023-06-09T23:36:51.550+0000] {processor.py:836} INFO - DAG(s) dict_keys(['dependencias-dag']) retrieved from /opt/airflow/dags/3_dependecias.py
[2023-06-09T23:36:51.602+0000] {logging_mixin.py:149} INFO - [2023-06-09T23:36:51.602+0000] {dag.py:2726} INFO - Sync 1 DAGs
[2023-06-09T23:36:51.623+0000] {logging_mixin.py:149} INFO - [2023-06-09T23:36:51.623+0000] {dag.py:3490} INFO - Setting next_dagrun for dependencias-dag to None, run_after=None
[2023-06-09T23:36:51.636+0000] {processor.py:179} INFO - Processing /opt/airflow/dags/3_dependecias.py took 0.118 seconds
[2023-06-09T23:37:22.189+0000] {processor.py:157} INFO - Started process (PID=12797) to work on /opt/airflow/dags/3_dependecias.py
[2023-06-09T23:37:22.194+0000] {processor.py:826} INFO - Processing file /opt/airflow/dags/3_dependecias.py for tasks to queue
[2023-06-09T23:37:22.196+0000] {logging_mixin.py:149} INFO - [2023-06-09T23:37:22.196+0000] {dagbag.py:541} INFO - Filling up the DagBag from /opt/airflow/dags/3_dependecias.py
[2023-06-09T23:37:22.215+0000] {processor.py:836} INFO - DAG(s) dict_keys(['dependencias-dag']) retrieved from /opt/airflow/dags/3_dependecias.py
[2023-06-09T23:37:22.253+0000] {logging_mixin.py:149} INFO - [2023-06-09T23:37:22.252+0000] {dag.py:2726} INFO - Sync 1 DAGs
[2023-06-09T23:37:22.273+0000] {logging_mixin.py:149} INFO - [2023-06-09T23:37:22.273+0000] {dag.py:3490} INFO - Setting next_dagrun for dependencias-dag to None, run_after=None
[2023-06-09T23:37:22.286+0000] {processor.py:179} INFO - Processing /opt/airflow/dags/3_dependecias.py took 0.105 seconds
[2023-06-09T23:37:52.745+0000] {processor.py:157} INFO - Started process (PID=12807) to work on /opt/airflow/dags/3_dependecias.py
[2023-06-09T23:37:52.749+0000] {processor.py:826} INFO - Processing file /opt/airflow/dags/3_dependecias.py for tasks to queue
[2023-06-09T23:37:52.750+0000] {logging_mixin.py:149} INFO - [2023-06-09T23:37:52.750+0000] {dagbag.py:541} INFO - Filling up the DagBag from /opt/airflow/dags/3_dependecias.py
[2023-06-09T23:37:52.770+0000] {processor.py:836} INFO - DAG(s) dict_keys(['dependencias-dag']) retrieved from /opt/airflow/dags/3_dependecias.py
[2023-06-09T23:37:52.804+0000] {logging_mixin.py:149} INFO - [2023-06-09T23:37:52.804+0000] {dag.py:2726} INFO - Sync 1 DAGs
[2023-06-09T23:37:52.824+0000] {logging_mixin.py:149} INFO - [2023-06-09T23:37:52.824+0000] {dag.py:3490} INFO - Setting next_dagrun for dependencias-dag to None, run_after=None
[2023-06-09T23:37:52.836+0000] {processor.py:179} INFO - Processing /opt/airflow/dags/3_dependecias.py took 0.098 seconds
[2023-06-09T23:38:23.369+0000] {processor.py:157} INFO - Started process (PID=12818) to work on /opt/airflow/dags/3_dependecias.py
[2023-06-09T23:38:23.374+0000] {processor.py:826} INFO - Processing file /opt/airflow/dags/3_dependecias.py for tasks to queue
[2023-06-09T23:38:23.375+0000] {logging_mixin.py:149} INFO - [2023-06-09T23:38:23.375+0000] {dagbag.py:541} INFO - Filling up the DagBag from /opt/airflow/dags/3_dependecias.py
[2023-06-09T23:38:23.397+0000] {processor.py:836} INFO - DAG(s) dict_keys(['dependencias-dag']) retrieved from /opt/airflow/dags/3_dependecias.py
[2023-06-09T23:38:23.432+0000] {logging_mixin.py:149} INFO - [2023-06-09T23:38:23.432+0000] {dag.py:2726} INFO - Sync 1 DAGs
[2023-06-09T23:38:23.453+0000] {logging_mixin.py:149} INFO - [2023-06-09T23:38:23.452+0000] {dag.py:3490} INFO - Setting next_dagrun for dependencias-dag to None, run_after=None
[2023-06-09T23:38:23.633+0000] {processor.py:179} INFO - Processing /opt/airflow/dags/3_dependecias.py took 0.273 seconds
[2023-06-09T23:38:54.181+0000] {processor.py:157} INFO - Started process (PID=12829) to work on /opt/airflow/dags/3_dependecias.py
[2023-06-09T23:38:54.188+0000] {processor.py:826} INFO - Processing file /opt/airflow/dags/3_dependecias.py for tasks to queue
[2023-06-09T23:38:54.196+0000] {logging_mixin.py:149} INFO - [2023-06-09T23:38:54.195+0000] {dagbag.py:541} INFO - Filling up the DagBag from /opt/airflow/dags/3_dependecias.py
[2023-06-09T23:38:54.232+0000] {processor.py:836} INFO - DAG(s) dict_keys(['dependencias-dag']) retrieved from /opt/airflow/dags/3_dependecias.py
[2023-06-09T23:38:54.287+0000] {logging_mixin.py:149} INFO - [2023-06-09T23:38:54.287+0000] {dag.py:2726} INFO - Sync 1 DAGs
[2023-06-09T23:38:54.453+0000] {logging_mixin.py:149} INFO - [2023-06-09T23:38:54.453+0000] {dag.py:3490} INFO - Setting next_dagrun for dependencias-dag to None, run_after=None
[2023-06-09T23:38:54.463+0000] {processor.py:179} INFO - Processing /opt/airflow/dags/3_dependecias.py took 0.292 seconds
[2023-06-09T23:39:24.976+0000] {processor.py:157} INFO - Started process (PID=12840) to work on /opt/airflow/dags/3_dependecias.py
[2023-06-09T23:39:24.979+0000] {processor.py:826} INFO - Processing file /opt/airflow/dags/3_dependecias.py for tasks to queue
[2023-06-09T23:39:24.980+0000] {logging_mixin.py:149} INFO - [2023-06-09T23:39:24.980+0000] {dagbag.py:541} INFO - Filling up the DagBag from /opt/airflow/dags/3_dependecias.py
[2023-06-09T23:39:24.997+0000] {processor.py:836} INFO - DAG(s) dict_keys(['dependencias-dag']) retrieved from /opt/airflow/dags/3_dependecias.py
[2023-06-09T23:39:25.040+0000] {logging_mixin.py:149} INFO - [2023-06-09T23:39:25.040+0000] {dag.py:2726} INFO - Sync 1 DAGs
[2023-06-09T23:39:25.059+0000] {logging_mixin.py:149} INFO - [2023-06-09T23:39:25.059+0000] {dag.py:3490} INFO - Setting next_dagrun for dependencias-dag to None, run_after=None
[2023-06-09T23:39:25.072+0000] {processor.py:179} INFO - Processing /opt/airflow/dags/3_dependecias.py took 0.100 seconds
[2023-06-09T23:39:55.558+0000] {processor.py:157} INFO - Started process (PID=12850) to work on /opt/airflow/dags/3_dependecias.py
[2023-06-09T23:39:55.563+0000] {processor.py:826} INFO - Processing file /opt/airflow/dags/3_dependecias.py for tasks to queue
[2023-06-09T23:39:55.564+0000] {logging_mixin.py:149} INFO - [2023-06-09T23:39:55.564+0000] {dagbag.py:541} INFO - Filling up the DagBag from /opt/airflow/dags/3_dependecias.py
[2023-06-09T23:39:55.587+0000] {processor.py:836} INFO - DAG(s) dict_keys(['dependencias-dag']) retrieved from /opt/airflow/dags/3_dependecias.py
[2023-06-09T23:39:55.638+0000] {logging_mixin.py:149} INFO - [2023-06-09T23:39:55.638+0000] {dag.py:2726} INFO - Sync 1 DAGs
[2023-06-09T23:39:55.660+0000] {logging_mixin.py:149} INFO - [2023-06-09T23:39:55.660+0000] {dag.py:3490} INFO - Setting next_dagrun for dependencias-dag to None, run_after=None
[2023-06-09T23:39:55.676+0000] {processor.py:179} INFO - Processing /opt/airflow/dags/3_dependecias.py took 0.138 seconds
[2023-06-09T23:40:26.371+0000] {processor.py:157} INFO - Started process (PID=12863) to work on /opt/airflow/dags/3_dependecias.py
[2023-06-09T23:40:26.373+0000] {processor.py:826} INFO - Processing file /opt/airflow/dags/3_dependecias.py for tasks to queue
[2023-06-09T23:40:26.374+0000] {logging_mixin.py:149} INFO - [2023-06-09T23:40:26.374+0000] {dagbag.py:541} INFO - Filling up the DagBag from /opt/airflow/dags/3_dependecias.py
[2023-06-09T23:40:26.386+0000] {processor.py:836} INFO - DAG(s) dict_keys(['dependencias-dag']) retrieved from /opt/airflow/dags/3_dependecias.py
[2023-06-09T23:40:26.421+0000] {logging_mixin.py:149} INFO - [2023-06-09T23:40:26.421+0000] {dag.py:2726} INFO - Sync 1 DAGs
[2023-06-09T23:40:26.438+0000] {logging_mixin.py:149} INFO - [2023-06-09T23:40:26.438+0000] {dag.py:3490} INFO - Setting next_dagrun for dependencias-dag to None, run_after=None
[2023-06-09T23:40:26.449+0000] {processor.py:179} INFO - Processing /opt/airflow/dags/3_dependecias.py took 0.082 seconds
[2023-06-09T23:40:57.067+0000] {processor.py:157} INFO - Started process (PID=12875) to work on /opt/airflow/dags/3_dependecias.py
[2023-06-09T23:40:57.071+0000] {processor.py:826} INFO - Processing file /opt/airflow/dags/3_dependecias.py for tasks to queue
[2023-06-09T23:40:57.076+0000] {logging_mixin.py:149} INFO - [2023-06-09T23:40:57.076+0000] {dagbag.py:541} INFO - Filling up the DagBag from /opt/airflow/dags/3_dependecias.py
[2023-06-09T23:40:57.101+0000] {processor.py:836} INFO - DAG(s) dict_keys(['dependencias-dag']) retrieved from /opt/airflow/dags/3_dependecias.py
[2023-06-09T23:40:57.134+0000] {logging_mixin.py:149} INFO - [2023-06-09T23:40:57.134+0000] {dag.py:2726} INFO - Sync 1 DAGs
[2023-06-09T23:40:57.156+0000] {logging_mixin.py:149} INFO - [2023-06-09T23:40:57.156+0000] {dag.py:3490} INFO - Setting next_dagrun for dependencias-dag to None, run_after=None
[2023-06-09T23:40:57.168+0000] {processor.py:179} INFO - Processing /opt/airflow/dags/3_dependecias.py took 0.109 seconds
[2023-06-09T23:41:27.417+0000] {processor.py:157} INFO - Started process (PID=12891) to work on /opt/airflow/dags/3_dependecias.py
[2023-06-09T23:41:27.419+0000] {processor.py:826} INFO - Processing file /opt/airflow/dags/3_dependecias.py for tasks to queue
[2023-06-09T23:41:27.421+0000] {logging_mixin.py:149} INFO - [2023-06-09T23:41:27.421+0000] {dagbag.py:541} INFO - Filling up the DagBag from /opt/airflow/dags/3_dependecias.py
[2023-06-09T23:41:27.460+0000] {processor.py:836} INFO - DAG(s) dict_keys(['dependencias-dag']) retrieved from /opt/airflow/dags/3_dependecias.py
[2023-06-09T23:41:27.518+0000] {logging_mixin.py:149} INFO - [2023-06-09T23:41:27.518+0000] {dag.py:2726} INFO - Sync 1 DAGs
[2023-06-09T23:41:27.725+0000] {logging_mixin.py:149} INFO - [2023-06-09T23:41:27.724+0000] {dag.py:3490} INFO - Setting next_dagrun for dependencias-dag to None, run_after=None
[2023-06-09T23:41:27.740+0000] {processor.py:179} INFO - Processing /opt/airflow/dags/3_dependecias.py took 0.328 seconds
[2023-06-09T23:41:57.864+0000] {processor.py:157} INFO - Started process (PID=12904) to work on /opt/airflow/dags/3_dependecias.py
[2023-06-09T23:41:57.867+0000] {processor.py:826} INFO - Processing file /opt/airflow/dags/3_dependecias.py for tasks to queue
[2023-06-09T23:41:57.868+0000] {logging_mixin.py:149} INFO - [2023-06-09T23:41:57.868+0000] {dagbag.py:541} INFO - Filling up the DagBag from /opt/airflow/dags/3_dependecias.py
[2023-06-09T23:41:57.892+0000] {processor.py:836} INFO - DAG(s) dict_keys(['dependencias-dag']) retrieved from /opt/airflow/dags/3_dependecias.py
[2023-06-09T23:41:57.942+0000] {logging_mixin.py:149} INFO - [2023-06-09T23:41:57.942+0000] {dag.py:2726} INFO - Sync 1 DAGs
[2023-06-09T23:41:57.976+0000] {logging_mixin.py:149} INFO - [2023-06-09T23:41:57.975+0000] {dag.py:3490} INFO - Setting next_dagrun for dependencias-dag to None, run_after=None
[2023-06-09T23:41:57.990+0000] {processor.py:179} INFO - Processing /opt/airflow/dags/3_dependecias.py took 0.138 seconds
[2023-06-09T23:42:28.580+0000] {processor.py:157} INFO - Started process (PID=12916) to work on /opt/airflow/dags/3_dependecias.py
[2023-06-09T23:42:28.582+0000] {processor.py:826} INFO - Processing file /opt/airflow/dags/3_dependecias.py for tasks to queue
[2023-06-09T23:42:28.583+0000] {logging_mixin.py:149} INFO - [2023-06-09T23:42:28.583+0000] {dagbag.py:541} INFO - Filling up the DagBag from /opt/airflow/dags/3_dependecias.py
[2023-06-09T23:42:28.601+0000] {processor.py:836} INFO - DAG(s) dict_keys(['dependencias-dag']) retrieved from /opt/airflow/dags/3_dependecias.py
[2023-06-09T23:42:28.643+0000] {logging_mixin.py:149} INFO - [2023-06-09T23:42:28.643+0000] {dag.py:2726} INFO - Sync 1 DAGs
[2023-06-09T23:42:28.669+0000] {logging_mixin.py:149} INFO - [2023-06-09T23:42:28.669+0000] {dag.py:3490} INFO - Setting next_dagrun for dependencias-dag to None, run_after=None
[2023-06-09T23:42:28.684+0000] {processor.py:179} INFO - Processing /opt/airflow/dags/3_dependecias.py took 0.114 seconds
[2023-06-09T23:42:59.208+0000] {processor.py:157} INFO - Started process (PID=12928) to work on /opt/airflow/dags/3_dependecias.py
[2023-06-09T23:42:59.210+0000] {processor.py:826} INFO - Processing file /opt/airflow/dags/3_dependecias.py for tasks to queue
[2023-06-09T23:42:59.211+0000] {logging_mixin.py:149} INFO - [2023-06-09T23:42:59.211+0000] {dagbag.py:541} INFO - Filling up the DagBag from /opt/airflow/dags/3_dependecias.py
[2023-06-09T23:42:59.250+0000] {processor.py:836} INFO - DAG(s) dict_keys(['dependencias-dag']) retrieved from /opt/airflow/dags/3_dependecias.py
[2023-06-09T23:42:59.286+0000] {logging_mixin.py:149} INFO - [2023-06-09T23:42:59.286+0000] {dag.py:2726} INFO - Sync 1 DAGs
[2023-06-09T23:42:59.321+0000] {logging_mixin.py:149} INFO - [2023-06-09T23:42:59.321+0000] {dag.py:3490} INFO - Setting next_dagrun for dependencias-dag to None, run_after=None
[2023-06-09T23:42:59.337+0000] {processor.py:179} INFO - Processing /opt/airflow/dags/3_dependecias.py took 0.135 seconds
[2023-06-09T23:43:29.837+0000] {processor.py:157} INFO - Started process (PID=12940) to work on /opt/airflow/dags/3_dependecias.py
[2023-06-09T23:43:29.840+0000] {processor.py:826} INFO - Processing file /opt/airflow/dags/3_dependecias.py for tasks to queue
[2023-06-09T23:43:29.842+0000] {logging_mixin.py:149} INFO - [2023-06-09T23:43:29.842+0000] {dagbag.py:541} INFO - Filling up the DagBag from /opt/airflow/dags/3_dependecias.py
[2023-06-09T23:43:29.857+0000] {processor.py:836} INFO - DAG(s) dict_keys(['dependencias-dag']) retrieved from /opt/airflow/dags/3_dependecias.py
[2023-06-09T23:43:29.889+0000] {logging_mixin.py:149} INFO - [2023-06-09T23:43:29.889+0000] {dag.py:2726} INFO - Sync 1 DAGs
[2023-06-09T23:43:29.906+0000] {logging_mixin.py:149} INFO - [2023-06-09T23:43:29.906+0000] {dag.py:3490} INFO - Setting next_dagrun for dependencias-dag to None, run_after=None
[2023-06-09T23:43:29.917+0000] {processor.py:179} INFO - Processing /opt/airflow/dags/3_dependecias.py took 0.084 seconds
[2023-06-09T23:44:00.505+0000] {processor.py:157} INFO - Started process (PID=12953) to work on /opt/airflow/dags/3_dependecias.py
[2023-06-09T23:44:00.507+0000] {processor.py:826} INFO - Processing file /opt/airflow/dags/3_dependecias.py for tasks to queue
[2023-06-09T23:44:00.508+0000] {logging_mixin.py:149} INFO - [2023-06-09T23:44:00.508+0000] {dagbag.py:541} INFO - Filling up the DagBag from /opt/airflow/dags/3_dependecias.py
[2023-06-09T23:44:00.524+0000] {processor.py:836} INFO - DAG(s) dict_keys(['dependencias-dag']) retrieved from /opt/airflow/dags/3_dependecias.py
[2023-06-09T23:44:00.583+0000] {logging_mixin.py:149} INFO - [2023-06-09T23:44:00.583+0000] {dag.py:2726} INFO - Sync 1 DAGs
[2023-06-09T23:44:00.606+0000] {logging_mixin.py:149} INFO - [2023-06-09T23:44:00.606+0000] {dag.py:3490} INFO - Setting next_dagrun for dependencias-dag to None, run_after=None
[2023-06-09T23:44:00.794+0000] {processor.py:179} INFO - Processing /opt/airflow/dags/3_dependecias.py took 0.293 seconds
[2023-06-09T23:44:31.328+0000] {processor.py:157} INFO - Started process (PID=12965) to work on /opt/airflow/dags/3_dependecias.py
[2023-06-09T23:44:31.330+0000] {processor.py:826} INFO - Processing file /opt/airflow/dags/3_dependecias.py for tasks to queue
[2023-06-09T23:44:31.331+0000] {logging_mixin.py:149} INFO - [2023-06-09T23:44:31.331+0000] {dagbag.py:541} INFO - Filling up the DagBag from /opt/airflow/dags/3_dependecias.py
[2023-06-09T23:44:31.371+0000] {processor.py:836} INFO - DAG(s) dict_keys(['dependencias-dag']) retrieved from /opt/airflow/dags/3_dependecias.py
[2023-06-09T23:44:31.432+0000] {logging_mixin.py:149} INFO - [2023-06-09T23:44:31.432+0000] {dag.py:2726} INFO - Sync 1 DAGs
[2023-06-09T23:44:31.607+0000] {logging_mixin.py:149} INFO - [2023-06-09T23:44:31.607+0000] {dag.py:3490} INFO - Setting next_dagrun for dependencias-dag to None, run_after=None
[2023-06-09T23:44:31.616+0000] {processor.py:179} INFO - Processing /opt/airflow/dags/3_dependecias.py took 0.295 seconds
[2023-06-09T23:45:02.248+0000] {processor.py:157} INFO - Started process (PID=12977) to work on /opt/airflow/dags/3_dependecias.py
[2023-06-09T23:45:02.252+0000] {processor.py:826} INFO - Processing file /opt/airflow/dags/3_dependecias.py for tasks to queue
[2023-06-09T23:45:02.253+0000] {logging_mixin.py:149} INFO - [2023-06-09T23:45:02.253+0000] {dagbag.py:541} INFO - Filling up the DagBag from /opt/airflow/dags/3_dependecias.py
[2023-06-09T23:45:02.273+0000] {processor.py:836} INFO - DAG(s) dict_keys(['dependencias-dag']) retrieved from /opt/airflow/dags/3_dependecias.py
[2023-06-09T23:45:02.306+0000] {logging_mixin.py:149} INFO - [2023-06-09T23:45:02.306+0000] {dag.py:2726} INFO - Sync 1 DAGs
[2023-06-09T23:45:02.346+0000] {logging_mixin.py:149} INFO - [2023-06-09T23:45:02.346+0000] {dag.py:3490} INFO - Setting next_dagrun for dependencias-dag to None, run_after=None
[2023-06-09T23:45:02.358+0000] {processor.py:179} INFO - Processing /opt/airflow/dags/3_dependecias.py took 0.116 seconds
[2023-06-09T23:45:33.036+0000] {processor.py:157} INFO - Started process (PID=12989) to work on /opt/airflow/dags/3_dependecias.py
[2023-06-09T23:45:33.040+0000] {processor.py:826} INFO - Processing file /opt/airflow/dags/3_dependecias.py for tasks to queue
[2023-06-09T23:45:33.041+0000] {logging_mixin.py:149} INFO - [2023-06-09T23:45:33.041+0000] {dagbag.py:541} INFO - Filling up the DagBag from /opt/airflow/dags/3_dependecias.py
[2023-06-09T23:45:33.063+0000] {processor.py:836} INFO - DAG(s) dict_keys(['dependencias-dag']) retrieved from /opt/airflow/dags/3_dependecias.py
[2023-06-09T23:45:33.097+0000] {logging_mixin.py:149} INFO - [2023-06-09T23:45:33.097+0000] {dag.py:2726} INFO - Sync 1 DAGs
[2023-06-09T23:45:33.131+0000] {logging_mixin.py:149} INFO - [2023-06-09T23:45:33.131+0000] {dag.py:3490} INFO - Setting next_dagrun for dependencias-dag to None, run_after=None
[2023-06-09T23:45:33.147+0000] {processor.py:179} INFO - Processing /opt/airflow/dags/3_dependecias.py took 0.118 seconds
[2023-06-09T23:46:03.772+0000] {processor.py:157} INFO - Started process (PID=13001) to work on /opt/airflow/dags/3_dependecias.py
[2023-06-09T23:46:03.782+0000] {processor.py:826} INFO - Processing file /opt/airflow/dags/3_dependecias.py for tasks to queue
[2023-06-09T23:46:03.784+0000] {logging_mixin.py:149} INFO - [2023-06-09T23:46:03.783+0000] {dagbag.py:541} INFO - Filling up the DagBag from /opt/airflow/dags/3_dependecias.py
[2023-06-09T23:46:03.811+0000] {processor.py:836} INFO - DAG(s) dict_keys(['dependencias-dag']) retrieved from /opt/airflow/dags/3_dependecias.py
[2023-06-09T23:46:03.846+0000] {logging_mixin.py:149} INFO - [2023-06-09T23:46:03.846+0000] {dag.py:2726} INFO - Sync 1 DAGs
[2023-06-09T23:46:03.865+0000] {logging_mixin.py:149} INFO - [2023-06-09T23:46:03.865+0000] {dag.py:3490} INFO - Setting next_dagrun for dependencias-dag to None, run_after=None
[2023-06-09T23:46:03.876+0000] {processor.py:179} INFO - Processing /opt/airflow/dags/3_dependecias.py took 0.118 seconds
[2023-06-09T23:46:34.362+0000] {processor.py:157} INFO - Started process (PID=13013) to work on /opt/airflow/dags/3_dependecias.py
[2023-06-09T23:46:34.365+0000] {processor.py:826} INFO - Processing file /opt/airflow/dags/3_dependecias.py for tasks to queue
[2023-06-09T23:46:34.366+0000] {logging_mixin.py:149} INFO - [2023-06-09T23:46:34.366+0000] {dagbag.py:541} INFO - Filling up the DagBag from /opt/airflow/dags/3_dependecias.py
[2023-06-09T23:46:34.404+0000] {processor.py:836} INFO - DAG(s) dict_keys(['dependencias-dag']) retrieved from /opt/airflow/dags/3_dependecias.py
[2023-06-09T23:46:34.441+0000] {logging_mixin.py:149} INFO - [2023-06-09T23:46:34.441+0000] {dag.py:2726} INFO - Sync 1 DAGs
[2023-06-09T23:46:34.461+0000] {logging_mixin.py:149} INFO - [2023-06-09T23:46:34.461+0000] {dag.py:3490} INFO - Setting next_dagrun for dependencias-dag to None, run_after=None
[2023-06-09T23:46:34.473+0000] {processor.py:179} INFO - Processing /opt/airflow/dags/3_dependecias.py took 0.117 seconds
[2023-06-09T23:47:05.150+0000] {processor.py:157} INFO - Started process (PID=13025) to work on /opt/airflow/dags/3_dependecias.py
[2023-06-09T23:47:05.153+0000] {processor.py:826} INFO - Processing file /opt/airflow/dags/3_dependecias.py for tasks to queue
[2023-06-09T23:47:05.155+0000] {logging_mixin.py:149} INFO - [2023-06-09T23:47:05.155+0000] {dagbag.py:541} INFO - Filling up the DagBag from /opt/airflow/dags/3_dependecias.py
[2023-06-09T23:47:05.180+0000] {processor.py:836} INFO - DAG(s) dict_keys(['dependencias-dag']) retrieved from /opt/airflow/dags/3_dependecias.py
[2023-06-09T23:47:05.233+0000] {logging_mixin.py:149} INFO - [2023-06-09T23:47:05.233+0000] {dag.py:2726} INFO - Sync 1 DAGs
[2023-06-09T23:47:05.254+0000] {logging_mixin.py:149} INFO - [2023-06-09T23:47:05.254+0000] {dag.py:3490} INFO - Setting next_dagrun for dependencias-dag to None, run_after=None
[2023-06-09T23:47:05.428+0000] {processor.py:179} INFO - Processing /opt/airflow/dags/3_dependecias.py took 0.285 seconds
[2023-06-09T23:47:35.900+0000] {processor.py:157} INFO - Started process (PID=13036) to work on /opt/airflow/dags/3_dependecias.py
[2023-06-09T23:47:35.904+0000] {processor.py:826} INFO - Processing file /opt/airflow/dags/3_dependecias.py for tasks to queue
[2023-06-09T23:47:35.905+0000] {logging_mixin.py:149} INFO - [2023-06-09T23:47:35.905+0000] {dagbag.py:541} INFO - Filling up the DagBag from /opt/airflow/dags/3_dependecias.py
[2023-06-09T23:47:35.924+0000] {processor.py:836} INFO - DAG(s) dict_keys(['dependencias-dag']) retrieved from /opt/airflow/dags/3_dependecias.py
[2023-06-09T23:47:35.961+0000] {logging_mixin.py:149} INFO - [2023-06-09T23:47:35.961+0000] {dag.py:2726} INFO - Sync 1 DAGs
[2023-06-09T23:47:36.109+0000] {logging_mixin.py:149} INFO - [2023-06-09T23:47:36.109+0000] {dag.py:3490} INFO - Setting next_dagrun for dependencias-dag to None, run_after=None
[2023-06-09T23:47:36.120+0000] {processor.py:179} INFO - Processing /opt/airflow/dags/3_dependecias.py took 0.227 seconds
[2023-06-09T23:48:06.645+0000] {processor.py:157} INFO - Started process (PID=13048) to work on /opt/airflow/dags/3_dependecias.py
[2023-06-09T23:48:06.649+0000] {processor.py:826} INFO - Processing file /opt/airflow/dags/3_dependecias.py for tasks to queue
[2023-06-09T23:48:06.651+0000] {logging_mixin.py:149} INFO - [2023-06-09T23:48:06.651+0000] {dagbag.py:541} INFO - Filling up the DagBag from /opt/airflow/dags/3_dependecias.py
[2023-06-09T23:48:06.674+0000] {processor.py:836} INFO - DAG(s) dict_keys(['dependencias-dag']) retrieved from /opt/airflow/dags/3_dependecias.py
[2023-06-09T23:48:06.718+0000] {logging_mixin.py:149} INFO - [2023-06-09T23:48:06.718+0000] {dag.py:2726} INFO - Sync 1 DAGs
[2023-06-09T23:48:06.751+0000] {logging_mixin.py:149} INFO - [2023-06-09T23:48:06.751+0000] {dag.py:3490} INFO - Setting next_dagrun for dependencias-dag to None, run_after=None
[2023-06-09T23:48:06.763+0000] {processor.py:179} INFO - Processing /opt/airflow/dags/3_dependecias.py took 0.126 seconds
[2023-06-09T23:48:37.371+0000] {processor.py:157} INFO - Started process (PID=13061) to work on /opt/airflow/dags/3_dependecias.py
[2023-06-09T23:48:37.374+0000] {processor.py:826} INFO - Processing file /opt/airflow/dags/3_dependecias.py for tasks to queue
[2023-06-09T23:48:37.376+0000] {logging_mixin.py:149} INFO - [2023-06-09T23:48:37.376+0000] {dagbag.py:541} INFO - Filling up the DagBag from /opt/airflow/dags/3_dependecias.py
[2023-06-09T23:48:37.404+0000] {processor.py:836} INFO - DAG(s) dict_keys(['dependencias-dag']) retrieved from /opt/airflow/dags/3_dependecias.py
[2023-06-09T23:48:37.447+0000] {logging_mixin.py:149} INFO - [2023-06-09T23:48:37.447+0000] {dag.py:2726} INFO - Sync 1 DAGs
[2023-06-09T23:48:37.471+0000] {logging_mixin.py:149} INFO - [2023-06-09T23:48:37.471+0000] {dag.py:3490} INFO - Setting next_dagrun for dependencias-dag to None, run_after=None
[2023-06-09T23:48:37.484+0000] {processor.py:179} INFO - Processing /opt/airflow/dags/3_dependecias.py took 0.123 seconds
[2023-06-09T23:49:07.908+0000] {processor.py:157} INFO - Started process (PID=13073) to work on /opt/airflow/dags/3_dependecias.py
[2023-06-09T23:49:07.910+0000] {processor.py:826} INFO - Processing file /opt/airflow/dags/3_dependecias.py for tasks to queue
[2023-06-09T23:49:07.912+0000] {logging_mixin.py:149} INFO - [2023-06-09T23:49:07.912+0000] {dagbag.py:541} INFO - Filling up the DagBag from /opt/airflow/dags/3_dependecias.py
[2023-06-09T23:49:07.952+0000] {processor.py:836} INFO - DAG(s) dict_keys(['dependencias-dag']) retrieved from /opt/airflow/dags/3_dependecias.py
[2023-06-09T23:49:07.996+0000] {logging_mixin.py:149} INFO - [2023-06-09T23:49:07.996+0000] {dag.py:2726} INFO - Sync 1 DAGs
[2023-06-09T23:49:08.028+0000] {logging_mixin.py:149} INFO - [2023-06-09T23:49:08.028+0000] {dag.py:3490} INFO - Setting next_dagrun for dependencias-dag to None, run_after=None
[2023-06-09T23:49:08.041+0000] {processor.py:179} INFO - Processing /opt/airflow/dags/3_dependecias.py took 0.141 seconds
[2023-06-09T23:49:38.681+0000] {processor.py:157} INFO - Started process (PID=13086) to work on /opt/airflow/dags/3_dependecias.py
[2023-06-09T23:49:38.683+0000] {processor.py:826} INFO - Processing file /opt/airflow/dags/3_dependecias.py for tasks to queue
[2023-06-09T23:49:38.684+0000] {logging_mixin.py:149} INFO - [2023-06-09T23:49:38.684+0000] {dagbag.py:541} INFO - Filling up the DagBag from /opt/airflow/dags/3_dependecias.py
[2023-06-09T23:49:38.736+0000] {processor.py:836} INFO - DAG(s) dict_keys(['dependencias-dag']) retrieved from /opt/airflow/dags/3_dependecias.py
[2023-06-09T23:49:38.792+0000] {logging_mixin.py:149} INFO - [2023-06-09T23:49:38.792+0000] {dag.py:2726} INFO - Sync 1 DAGs
[2023-06-09T23:49:38.821+0000] {logging_mixin.py:149} INFO - [2023-06-09T23:49:38.821+0000] {dag.py:3490} INFO - Setting next_dagrun for dependencias-dag to None, run_after=None
[2023-06-09T23:49:38.835+0000] {processor.py:179} INFO - Processing /opt/airflow/dags/3_dependecias.py took 0.161 seconds
[2023-06-09T23:50:09.300+0000] {processor.py:157} INFO - Started process (PID=13099) to work on /opt/airflow/dags/3_dependecias.py
[2023-06-09T23:50:09.303+0000] {processor.py:826} INFO - Processing file /opt/airflow/dags/3_dependecias.py for tasks to queue
[2023-06-09T23:50:09.305+0000] {logging_mixin.py:149} INFO - [2023-06-09T23:50:09.305+0000] {dagbag.py:541} INFO - Filling up the DagBag from /opt/airflow/dags/3_dependecias.py
[2023-06-09T23:50:09.332+0000] {processor.py:836} INFO - DAG(s) dict_keys(['dependencias-dag']) retrieved from /opt/airflow/dags/3_dependecias.py
[2023-06-09T23:50:09.380+0000] {logging_mixin.py:149} INFO - [2023-06-09T23:50:09.380+0000] {dag.py:2726} INFO - Sync 1 DAGs
[2023-06-09T23:50:09.543+0000] {logging_mixin.py:149} INFO - [2023-06-09T23:50:09.543+0000] {dag.py:3490} INFO - Setting next_dagrun for dependencias-dag to None, run_after=None
[2023-06-09T23:50:09.553+0000] {processor.py:179} INFO - Processing /opt/airflow/dags/3_dependecias.py took 0.262 seconds
[2023-06-09T23:50:39.971+0000] {processor.py:157} INFO - Started process (PID=13111) to work on /opt/airflow/dags/3_dependecias.py
[2023-06-09T23:50:39.974+0000] {processor.py:826} INFO - Processing file /opt/airflow/dags/3_dependecias.py for tasks to queue
[2023-06-09T23:50:39.975+0000] {logging_mixin.py:149} INFO - [2023-06-09T23:50:39.975+0000] {dagbag.py:541} INFO - Filling up the DagBag from /opt/airflow/dags/3_dependecias.py
[2023-06-09T23:50:39.995+0000] {processor.py:836} INFO - DAG(s) dict_keys(['dependencias-dag']) retrieved from /opt/airflow/dags/3_dependecias.py
[2023-06-09T23:50:40.028+0000] {logging_mixin.py:149} INFO - [2023-06-09T23:50:40.028+0000] {dag.py:2726} INFO - Sync 1 DAGs
[2023-06-09T23:50:40.180+0000] {logging_mixin.py:149} INFO - [2023-06-09T23:50:40.180+0000] {dag.py:3490} INFO - Setting next_dagrun for dependencias-dag to None, run_after=None
[2023-06-09T23:50:40.192+0000] {processor.py:179} INFO - Processing /opt/airflow/dags/3_dependecias.py took 0.229 seconds
[2023-06-09T23:51:10.649+0000] {processor.py:157} INFO - Started process (PID=13123) to work on /opt/airflow/dags/3_dependecias.py
[2023-06-09T23:51:10.652+0000] {processor.py:826} INFO - Processing file /opt/airflow/dags/3_dependecias.py for tasks to queue
[2023-06-09T23:51:10.654+0000] {logging_mixin.py:149} INFO - [2023-06-09T23:51:10.653+0000] {dagbag.py:541} INFO - Filling up the DagBag from /opt/airflow/dags/3_dependecias.py
[2023-06-09T23:51:10.676+0000] {processor.py:836} INFO - DAG(s) dict_keys(['dependencias-dag']) retrieved from /opt/airflow/dags/3_dependecias.py
[2023-06-09T23:51:10.720+0000] {logging_mixin.py:149} INFO - [2023-06-09T23:51:10.720+0000] {dag.py:2726} INFO - Sync 1 DAGs
[2023-06-09T23:51:10.747+0000] {logging_mixin.py:149} INFO - [2023-06-09T23:51:10.747+0000] {dag.py:3490} INFO - Setting next_dagrun for dependencias-dag to None, run_after=None
[2023-06-09T23:51:10.760+0000] {processor.py:179} INFO - Processing /opt/airflow/dags/3_dependecias.py took 0.117 seconds
[2023-06-09T23:51:41.338+0000] {processor.py:157} INFO - Started process (PID=13144) to work on /opt/airflow/dags/3_dependecias.py
[2023-06-09T23:51:41.340+0000] {processor.py:826} INFO - Processing file /opt/airflow/dags/3_dependecias.py for tasks to queue
[2023-06-09T23:51:41.341+0000] {logging_mixin.py:149} INFO - [2023-06-09T23:51:41.341+0000] {dagbag.py:541} INFO - Filling up the DagBag from /opt/airflow/dags/3_dependecias.py
[2023-06-09T23:51:41.361+0000] {processor.py:836} INFO - DAG(s) dict_keys(['dependencias-dag']) retrieved from /opt/airflow/dags/3_dependecias.py
[2023-06-09T23:51:41.419+0000] {logging_mixin.py:149} INFO - [2023-06-09T23:51:41.419+0000] {dag.py:2726} INFO - Sync 1 DAGs
[2023-06-09T23:51:41.454+0000] {logging_mixin.py:149} INFO - [2023-06-09T23:51:41.454+0000] {dag.py:3490} INFO - Setting next_dagrun for dependencias-dag to None, run_after=None
[2023-06-09T23:51:41.468+0000] {processor.py:179} INFO - Processing /opt/airflow/dags/3_dependecias.py took 0.135 seconds
[2023-06-09T23:52:11.820+0000] {processor.py:157} INFO - Started process (PID=13156) to work on /opt/airflow/dags/3_dependecias.py
[2023-06-09T23:52:11.824+0000] {processor.py:826} INFO - Processing file /opt/airflow/dags/3_dependecias.py for tasks to queue
[2023-06-09T23:52:11.826+0000] {logging_mixin.py:149} INFO - [2023-06-09T23:52:11.825+0000] {dagbag.py:541} INFO - Filling up the DagBag from /opt/airflow/dags/3_dependecias.py
[2023-06-09T23:52:11.847+0000] {processor.py:836} INFO - DAG(s) dict_keys(['dependencias-dag']) retrieved from /opt/airflow/dags/3_dependecias.py
[2023-06-09T23:52:11.901+0000] {logging_mixin.py:149} INFO - [2023-06-09T23:52:11.901+0000] {dag.py:2726} INFO - Sync 1 DAGs
[2023-06-09T23:52:11.923+0000] {logging_mixin.py:149} INFO - [2023-06-09T23:52:11.922+0000] {dag.py:3490} INFO - Setting next_dagrun for dependencias-dag to None, run_after=None
[2023-06-09T23:52:11.935+0000] {processor.py:179} INFO - Processing /opt/airflow/dags/3_dependecias.py took 0.127 seconds
[2023-06-09T23:52:42.435+0000] {processor.py:157} INFO - Started process (PID=13168) to work on /opt/airflow/dags/3_dependecias.py
[2023-06-09T23:52:42.438+0000] {processor.py:826} INFO - Processing file /opt/airflow/dags/3_dependecias.py for tasks to queue
[2023-06-09T23:52:42.440+0000] {logging_mixin.py:149} INFO - [2023-06-09T23:52:42.440+0000] {dagbag.py:541} INFO - Filling up the DagBag from /opt/airflow/dags/3_dependecias.py
[2023-06-09T23:52:42.479+0000] {processor.py:836} INFO - DAG(s) dict_keys(['dependencias-dag']) retrieved from /opt/airflow/dags/3_dependecias.py
[2023-06-09T23:52:42.513+0000] {logging_mixin.py:149} INFO - [2023-06-09T23:52:42.513+0000] {dag.py:2726} INFO - Sync 1 DAGs
[2023-06-09T23:52:42.533+0000] {logging_mixin.py:149} INFO - [2023-06-09T23:52:42.533+0000] {dag.py:3490} INFO - Setting next_dagrun for dependencias-dag to None, run_after=None
[2023-06-09T23:52:42.704+0000] {processor.py:179} INFO - Processing /opt/airflow/dags/3_dependecias.py took 0.275 seconds
[2023-06-09T23:53:13.208+0000] {processor.py:157} INFO - Started process (PID=13180) to work on /opt/airflow/dags/3_dependecias.py
[2023-06-09T23:53:13.211+0000] {processor.py:826} INFO - Processing file /opt/airflow/dags/3_dependecias.py for tasks to queue
[2023-06-09T23:53:13.213+0000] {logging_mixin.py:149} INFO - [2023-06-09T23:53:13.212+0000] {dagbag.py:541} INFO - Filling up the DagBag from /opt/airflow/dags/3_dependecias.py
[2023-06-09T23:53:13.234+0000] {processor.py:836} INFO - DAG(s) dict_keys(['dependencias-dag']) retrieved from /opt/airflow/dags/3_dependecias.py
[2023-06-09T23:53:13.264+0000] {logging_mixin.py:149} INFO - [2023-06-09T23:53:13.264+0000] {dag.py:2726} INFO - Sync 1 DAGs
[2023-06-09T23:53:13.417+0000] {logging_mixin.py:149} INFO - [2023-06-09T23:53:13.417+0000] {dag.py:3490} INFO - Setting next_dagrun for dependencias-dag to None, run_after=None
[2023-06-09T23:53:13.427+0000] {processor.py:179} INFO - Processing /opt/airflow/dags/3_dependecias.py took 0.226 seconds
[2023-06-09T23:53:44.041+0000] {processor.py:157} INFO - Started process (PID=13192) to work on /opt/airflow/dags/3_dependecias.py
[2023-06-09T23:53:44.043+0000] {processor.py:826} INFO - Processing file /opt/airflow/dags/3_dependecias.py for tasks to queue
[2023-06-09T23:53:44.044+0000] {logging_mixin.py:149} INFO - [2023-06-09T23:53:44.044+0000] {dagbag.py:541} INFO - Filling up the DagBag from /opt/airflow/dags/3_dependecias.py
[2023-06-09T23:53:44.074+0000] {processor.py:836} INFO - DAG(s) dict_keys(['dependencias-dag']) retrieved from /opt/airflow/dags/3_dependecias.py
[2023-06-09T23:53:44.121+0000] {logging_mixin.py:149} INFO - [2023-06-09T23:53:44.121+0000] {dag.py:2726} INFO - Sync 1 DAGs
[2023-06-09T23:53:44.140+0000] {logging_mixin.py:149} INFO - [2023-06-09T23:53:44.140+0000] {dag.py:3490} INFO - Setting next_dagrun for dependencias-dag to None, run_after=None
[2023-06-09T23:53:44.151+0000] {processor.py:179} INFO - Processing /opt/airflow/dags/3_dependecias.py took 0.114 seconds
[2023-06-09T23:54:14.640+0000] {processor.py:157} INFO - Started process (PID=13204) to work on /opt/airflow/dags/3_dependecias.py
[2023-06-09T23:54:14.643+0000] {processor.py:826} INFO - Processing file /opt/airflow/dags/3_dependecias.py for tasks to queue
[2023-06-09T23:54:14.644+0000] {logging_mixin.py:149} INFO - [2023-06-09T23:54:14.644+0000] {dagbag.py:541} INFO - Filling up the DagBag from /opt/airflow/dags/3_dependecias.py
[2023-06-09T23:54:14.667+0000] {processor.py:836} INFO - DAG(s) dict_keys(['dependencias-dag']) retrieved from /opt/airflow/dags/3_dependecias.py
[2023-06-09T23:54:14.702+0000] {logging_mixin.py:149} INFO - [2023-06-09T23:54:14.702+0000] {dag.py:2726} INFO - Sync 1 DAGs
[2023-06-09T23:54:14.741+0000] {logging_mixin.py:149} INFO - [2023-06-09T23:54:14.741+0000] {dag.py:3490} INFO - Setting next_dagrun for dependencias-dag to None, run_after=None
[2023-06-09T23:54:14.755+0000] {processor.py:179} INFO - Processing /opt/airflow/dags/3_dependecias.py took 0.133 seconds
[2023-06-09T23:54:45.245+0000] {processor.py:157} INFO - Started process (PID=13216) to work on /opt/airflow/dags/3_dependecias.py
[2023-06-09T23:54:45.251+0000] {processor.py:826} INFO - Processing file /opt/airflow/dags/3_dependecias.py for tasks to queue
[2023-06-09T23:54:45.257+0000] {logging_mixin.py:149} INFO - [2023-06-09T23:54:45.257+0000] {dagbag.py:541} INFO - Filling up the DagBag from /opt/airflow/dags/3_dependecias.py
[2023-06-09T23:54:45.303+0000] {processor.py:836} INFO - DAG(s) dict_keys(['dependencias-dag']) retrieved from /opt/airflow/dags/3_dependecias.py
[2023-06-09T23:54:45.363+0000] {logging_mixin.py:149} INFO - [2023-06-09T23:54:45.363+0000] {dag.py:2726} INFO - Sync 1 DAGs
[2023-06-09T23:54:45.383+0000] {logging_mixin.py:149} INFO - [2023-06-09T23:54:45.383+0000] {dag.py:3490} INFO - Setting next_dagrun for dependencias-dag to None, run_after=None
[2023-06-09T23:54:45.399+0000] {processor.py:179} INFO - Processing /opt/airflow/dags/3_dependecias.py took 0.184 seconds
[2023-06-09T23:55:15.952+0000] {processor.py:157} INFO - Started process (PID=13229) to work on /opt/airflow/dags/3_dependecias.py
[2023-06-09T23:55:15.953+0000] {processor.py:826} INFO - Processing file /opt/airflow/dags/3_dependecias.py for tasks to queue
[2023-06-09T23:55:15.954+0000] {logging_mixin.py:149} INFO - [2023-06-09T23:55:15.954+0000] {dagbag.py:541} INFO - Filling up the DagBag from /opt/airflow/dags/3_dependecias.py
[2023-06-09T23:55:15.974+0000] {processor.py:836} INFO - DAG(s) dict_keys(['dependencias-dag']) retrieved from /opt/airflow/dags/3_dependecias.py
[2023-06-09T23:55:16.054+0000] {logging_mixin.py:149} INFO - [2023-06-09T23:55:16.054+0000] {dag.py:2726} INFO - Sync 1 DAGs
[2023-06-09T23:55:16.079+0000] {logging_mixin.py:149} INFO - [2023-06-09T23:55:16.079+0000] {dag.py:3490} INFO - Setting next_dagrun for dependencias-dag to None, run_after=None
[2023-06-09T23:55:16.103+0000] {processor.py:179} INFO - Processing /opt/airflow/dags/3_dependecias.py took 0.156 seconds
[2023-06-09T23:55:46.638+0000] {processor.py:157} INFO - Started process (PID=13242) to work on /opt/airflow/dags/3_dependecias.py
[2023-06-09T23:55:46.642+0000] {processor.py:826} INFO - Processing file /opt/airflow/dags/3_dependecias.py for tasks to queue
[2023-06-09T23:55:46.643+0000] {logging_mixin.py:149} INFO - [2023-06-09T23:55:46.643+0000] {dagbag.py:541} INFO - Filling up the DagBag from /opt/airflow/dags/3_dependecias.py
[2023-06-09T23:55:46.682+0000] {processor.py:836} INFO - DAG(s) dict_keys(['dependencias-dag']) retrieved from /opt/airflow/dags/3_dependecias.py
[2023-06-09T23:55:46.729+0000] {logging_mixin.py:149} INFO - [2023-06-09T23:55:46.729+0000] {dag.py:2726} INFO - Sync 1 DAGs
[2023-06-09T23:55:46.925+0000] {logging_mixin.py:149} INFO - [2023-06-09T23:55:46.925+0000] {dag.py:3490} INFO - Setting next_dagrun for dependencias-dag to None, run_after=None
[2023-06-09T23:55:46.936+0000] {processor.py:179} INFO - Processing /opt/airflow/dags/3_dependecias.py took 0.309 seconds
[2023-06-09T23:56:17.423+0000] {processor.py:157} INFO - Started process (PID=13254) to work on /opt/airflow/dags/3_dependecias.py
[2023-06-09T23:56:17.426+0000] {processor.py:826} INFO - Processing file /opt/airflow/dags/3_dependecias.py for tasks to queue
[2023-06-09T23:56:17.428+0000] {logging_mixin.py:149} INFO - [2023-06-09T23:56:17.428+0000] {dagbag.py:541} INFO - Filling up the DagBag from /opt/airflow/dags/3_dependecias.py
[2023-06-09T23:56:17.457+0000] {processor.py:836} INFO - DAG(s) dict_keys(['dependencias-dag']) retrieved from /opt/airflow/dags/3_dependecias.py
[2023-06-09T23:56:17.518+0000] {logging_mixin.py:149} INFO - [2023-06-09T23:56:17.518+0000] {dag.py:2726} INFO - Sync 1 DAGs
[2023-06-09T23:56:17.705+0000] {logging_mixin.py:149} INFO - [2023-06-09T23:56:17.705+0000] {dag.py:3490} INFO - Setting next_dagrun for dependencias-dag to None, run_after=None
[2023-06-09T23:56:17.716+0000] {processor.py:179} INFO - Processing /opt/airflow/dags/3_dependecias.py took 0.300 seconds
[2023-06-09T23:56:48.480+0000] {processor.py:157} INFO - Started process (PID=13266) to work on /opt/airflow/dags/3_dependecias.py
[2023-06-09T23:56:48.483+0000] {processor.py:826} INFO - Processing file /opt/airflow/dags/3_dependecias.py for tasks to queue
[2023-06-09T23:56:48.485+0000] {logging_mixin.py:149} INFO - [2023-06-09T23:56:48.484+0000] {dagbag.py:541} INFO - Filling up the DagBag from /opt/airflow/dags/3_dependecias.py
[2023-06-09T23:56:48.513+0000] {processor.py:836} INFO - DAG(s) dict_keys(['dependencias-dag']) retrieved from /opt/airflow/dags/3_dependecias.py
[2023-06-09T23:56:48.570+0000] {logging_mixin.py:149} INFO - [2023-06-09T23:56:48.570+0000] {dag.py:2726} INFO - Sync 1 DAGs
[2023-06-09T23:56:48.593+0000] {logging_mixin.py:149} INFO - [2023-06-09T23:56:48.593+0000] {dag.py:3490} INFO - Setting next_dagrun for dependencias-dag to None, run_after=None
[2023-06-09T23:56:48.609+0000] {processor.py:179} INFO - Processing /opt/airflow/dags/3_dependecias.py took 0.136 seconds
[2023-06-09T23:57:19.156+0000] {processor.py:157} INFO - Started process (PID=13279) to work on /opt/airflow/dags/3_dependecias.py
[2023-06-09T23:57:19.159+0000] {processor.py:826} INFO - Processing file /opt/airflow/dags/3_dependecias.py for tasks to queue
[2023-06-09T23:57:19.161+0000] {logging_mixin.py:149} INFO - [2023-06-09T23:57:19.161+0000] {dagbag.py:541} INFO - Filling up the DagBag from /opt/airflow/dags/3_dependecias.py
[2023-06-09T23:57:19.189+0000] {processor.py:836} INFO - DAG(s) dict_keys(['dependencias-dag']) retrieved from /opt/airflow/dags/3_dependecias.py
[2023-06-09T23:57:19.255+0000] {logging_mixin.py:149} INFO - [2023-06-09T23:57:19.255+0000] {dag.py:2726} INFO - Sync 1 DAGs
[2023-06-09T23:57:19.277+0000] {logging_mixin.py:149} INFO - [2023-06-09T23:57:19.277+0000] {dag.py:3490} INFO - Setting next_dagrun for dependencias-dag to None, run_after=None
[2023-06-09T23:57:19.290+0000] {processor.py:179} INFO - Processing /opt/airflow/dags/3_dependecias.py took 0.137 seconds
[2023-06-09T23:57:49.916+0000] {processor.py:157} INFO - Started process (PID=13292) to work on /opt/airflow/dags/3_dependecias.py
[2023-06-09T23:57:49.919+0000] {processor.py:826} INFO - Processing file /opt/airflow/dags/3_dependecias.py for tasks to queue
[2023-06-09T23:57:49.920+0000] {logging_mixin.py:149} INFO - [2023-06-09T23:57:49.920+0000] {dagbag.py:541} INFO - Filling up the DagBag from /opt/airflow/dags/3_dependecias.py
[2023-06-09T23:57:49.946+0000] {processor.py:836} INFO - DAG(s) dict_keys(['dependencias-dag']) retrieved from /opt/airflow/dags/3_dependecias.py
[2023-06-09T23:57:49.989+0000] {logging_mixin.py:149} INFO - [2023-06-09T23:57:49.989+0000] {dag.py:2726} INFO - Sync 1 DAGs
[2023-06-09T23:57:50.027+0000] {logging_mixin.py:149} INFO - [2023-06-09T23:57:50.027+0000] {dag.py:3490} INFO - Setting next_dagrun for dependencias-dag to None, run_after=None
[2023-06-09T23:57:50.046+0000] {processor.py:179} INFO - Processing /opt/airflow/dags/3_dependecias.py took 0.144 seconds
[2023-06-09T23:58:20.648+0000] {processor.py:157} INFO - Started process (PID=13304) to work on /opt/airflow/dags/3_dependecias.py
[2023-06-09T23:58:20.650+0000] {processor.py:826} INFO - Processing file /opt/airflow/dags/3_dependecias.py for tasks to queue
[2023-06-09T23:58:20.651+0000] {logging_mixin.py:149} INFO - [2023-06-09T23:58:20.651+0000] {dagbag.py:541} INFO - Filling up the DagBag from /opt/airflow/dags/3_dependecias.py
[2023-06-09T23:58:20.675+0000] {processor.py:836} INFO - DAG(s) dict_keys(['dependencias-dag']) retrieved from /opt/airflow/dags/3_dependecias.py
[2023-06-09T23:58:20.730+0000] {logging_mixin.py:149} INFO - [2023-06-09T23:58:20.730+0000] {dag.py:2726} INFO - Sync 1 DAGs
[2023-06-09T23:58:20.750+0000] {logging_mixin.py:149} INFO - [2023-06-09T23:58:20.749+0000] {dag.py:3490} INFO - Setting next_dagrun for dependencias-dag to None, run_after=None
[2023-06-09T23:58:20.915+0000] {processor.py:179} INFO - Processing /opt/airflow/dags/3_dependecias.py took 0.273 seconds
[2023-06-09T23:58:51.821+0000] {processor.py:157} INFO - Started process (PID=13316) to work on /opt/airflow/dags/3_dependecias.py
[2023-06-09T23:58:51.824+0000] {processor.py:826} INFO - Processing file /opt/airflow/dags/3_dependecias.py for tasks to queue
[2023-06-09T23:58:51.825+0000] {logging_mixin.py:149} INFO - [2023-06-09T23:58:51.825+0000] {dagbag.py:541} INFO - Filling up the DagBag from /opt/airflow/dags/3_dependecias.py
[2023-06-09T23:58:51.846+0000] {processor.py:836} INFO - DAG(s) dict_keys(['dependencias-dag']) retrieved from /opt/airflow/dags/3_dependecias.py
[2023-06-09T23:58:51.886+0000] {logging_mixin.py:149} INFO - [2023-06-09T23:58:51.886+0000] {dag.py:2726} INFO - Sync 1 DAGs
[2023-06-09T23:58:52.087+0000] {logging_mixin.py:149} INFO - [2023-06-09T23:58:52.087+0000] {dag.py:3490} INFO - Setting next_dagrun for dependencias-dag to None, run_after=None
[2023-06-09T23:58:52.097+0000] {processor.py:179} INFO - Processing /opt/airflow/dags/3_dependecias.py took 0.291 seconds
[2023-06-09T23:59:22.612+0000] {processor.py:157} INFO - Started process (PID=13328) to work on /opt/airflow/dags/3_dependecias.py
[2023-06-09T23:59:22.616+0000] {processor.py:826} INFO - Processing file /opt/airflow/dags/3_dependecias.py for tasks to queue
[2023-06-09T23:59:22.618+0000] {logging_mixin.py:149} INFO - [2023-06-09T23:59:22.618+0000] {dagbag.py:541} INFO - Filling up the DagBag from /opt/airflow/dags/3_dependecias.py
[2023-06-09T23:59:22.646+0000] {processor.py:836} INFO - DAG(s) dict_keys(['dependencias-dag']) retrieved from /opt/airflow/dags/3_dependecias.py
[2023-06-09T23:59:22.689+0000] {logging_mixin.py:149} INFO - [2023-06-09T23:59:22.689+0000] {dag.py:2726} INFO - Sync 1 DAGs
[2023-06-09T23:59:22.890+0000] {logging_mixin.py:149} INFO - [2023-06-09T23:59:22.889+0000] {dag.py:3490} INFO - Setting next_dagrun for dependencias-dag to None, run_after=None
[2023-06-09T23:59:22.901+0000] {processor.py:179} INFO - Processing /opt/airflow/dags/3_dependecias.py took 0.298 seconds
[2023-06-09T23:59:53.437+0000] {processor.py:157} INFO - Started process (PID=13339) to work on /opt/airflow/dags/3_dependecias.py
[2023-06-09T23:59:53.440+0000] {processor.py:826} INFO - Processing file /opt/airflow/dags/3_dependecias.py for tasks to queue
[2023-06-09T23:59:53.441+0000] {logging_mixin.py:149} INFO - [2023-06-09T23:59:53.441+0000] {dagbag.py:541} INFO - Filling up the DagBag from /opt/airflow/dags/3_dependecias.py
[2023-06-09T23:59:53.460+0000] {processor.py:836} INFO - DAG(s) dict_keys(['dependencias-dag']) retrieved from /opt/airflow/dags/3_dependecias.py
[2023-06-09T23:59:53.495+0000] {logging_mixin.py:149} INFO - [2023-06-09T23:59:53.495+0000] {dag.py:2726} INFO - Sync 1 DAGs
[2023-06-09T23:59:53.514+0000] {logging_mixin.py:149} INFO - [2023-06-09T23:59:53.514+0000] {dag.py:3490} INFO - Setting next_dagrun for dependencias-dag to None, run_after=None
[2023-06-09T23:59:53.526+0000] {processor.py:179} INFO - Processing /opt/airflow/dags/3_dependecias.py took 0.096 seconds
