[2023-06-09T23:40:13.134+0000] {processor.py:157} INFO - Started process (PID=12861) to work on /opt/airflow/dags/4_custom_operator.py
[2023-06-09T23:40:13.135+0000] {processor.py:826} INFO - Processing file /opt/airflow/dags/4_custom_operator.py for tasks to queue
[2023-06-09T23:40:13.136+0000] {logging_mixin.py:149} INFO - [2023-06-09T23:40:13.136+0000] {dagbag.py:541} INFO - Filling up the DagBag from /opt/airflow/dags/4_custom_operator.py
[2023-06-09T23:40:13.153+0000] {logging_mixin.py:149} INFO - [2023-06-09T23:40:13.150+0000] {dagbag.py:350} ERROR - Failed to import: /opt/airflow/dags/4_custom_operator.py
Traceback (most recent call last):
  File "/home/airflow/.local/lib/python3.7/site-packages/airflow/models/dagbag.py", line 346, in parse
    loader.exec_module(new_module)
  File "<frozen importlib._bootstrap_external>", line 728, in exec_module
  File "<frozen importlib._bootstrap>", line 219, in _call_with_frames_removed
  File "/opt/airflow/dags/4_custom_operator.py", line 13, in <module>
    nam="mau"
  File "/home/airflow/.local/lib/python3.7/site-packages/airflow/models/baseoperator.py", line 412, in apply_defaults
    raise AirflowException(f"missing keyword argument {missing_args.pop()!r}")
airflow.exceptions.AirflowException: missing keyword argument 'name'
[2023-06-09T23:40:13.153+0000] {processor.py:838} WARNING - No viable dags retrieved from /opt/airflow/dags/4_custom_operator.py
[2023-06-09T23:40:13.169+0000] {processor.py:179} INFO - Processing /opt/airflow/dags/4_custom_operator.py took 0.038 seconds
[2023-06-09T23:40:20.298+0000] {processor.py:157} INFO - Started process (PID=12862) to work on /opt/airflow/dags/4_custom_operator.py
[2023-06-09T23:40:20.299+0000] {processor.py:826} INFO - Processing file /opt/airflow/dags/4_custom_operator.py for tasks to queue
[2023-06-09T23:40:20.300+0000] {logging_mixin.py:149} INFO - [2023-06-09T23:40:20.300+0000] {dagbag.py:541} INFO - Filling up the DagBag from /opt/airflow/dags/4_custom_operator.py
[2023-06-09T23:40:20.323+0000] {logging_mixin.py:149} INFO - [2023-06-09T23:40:20.320+0000] {dagbag.py:350} ERROR - Failed to import: /opt/airflow/dags/4_custom_operator.py
Traceback (most recent call last):
  File "/home/airflow/.local/lib/python3.7/site-packages/airflow/models/dagbag.py", line 346, in parse
    loader.exec_module(new_module)
  File "<frozen importlib._bootstrap_external>", line 728, in exec_module
  File "<frozen importlib._bootstrap>", line 219, in _call_with_frames_removed
  File "/opt/airflow/dags/4_custom_operator.py", line 13, in <module>
    nam="mau"
  File "/home/airflow/.local/lib/python3.7/site-packages/airflow/models/baseoperator.py", line 412, in apply_defaults
    raise AirflowException(f"missing keyword argument {missing_args.pop()!r}")
airflow.exceptions.AirflowException: missing keyword argument 'name'
[2023-06-09T23:40:20.324+0000] {processor.py:838} WARNING - No viable dags retrieved from /opt/airflow/dags/4_custom_operator.py
[2023-06-09T23:40:20.346+0000] {processor.py:179} INFO - Processing /opt/airflow/dags/4_custom_operator.py took 0.055 seconds
[2023-06-09T23:40:32.568+0000] {processor.py:157} INFO - Started process (PID=12865) to work on /opt/airflow/dags/4_custom_operator.py
[2023-06-09T23:40:32.570+0000] {processor.py:826} INFO - Processing file /opt/airflow/dags/4_custom_operator.py for tasks to queue
[2023-06-09T23:40:32.571+0000] {logging_mixin.py:149} INFO - [2023-06-09T23:40:32.571+0000] {dagbag.py:541} INFO - Filling up the DagBag from /opt/airflow/dags/4_custom_operator.py
[2023-06-09T23:40:32.605+0000] {processor.py:836} INFO - DAG(s) dict_keys(['custom_operator']) retrieved from /opt/airflow/dags/4_custom_operator.py
[2023-06-09T23:40:32.899+0000] {logging_mixin.py:149} INFO - [2023-06-09T23:40:32.898+0000] {manager.py:504} INFO - Created Permission View: can read on DAG:custom_operator
[2023-06-09T23:40:32.904+0000] {logging_mixin.py:149} INFO - [2023-06-09T23:40:32.904+0000] {manager.py:504} INFO - Created Permission View: can delete on DAG:custom_operator
[2023-06-09T23:40:32.907+0000] {logging_mixin.py:149} INFO - [2023-06-09T23:40:32.907+0000] {manager.py:504} INFO - Created Permission View: can edit on DAG:custom_operator
[2023-06-09T23:40:32.908+0000] {logging_mixin.py:149} INFO - [2023-06-09T23:40:32.908+0000] {dag.py:2726} INFO - Sync 1 DAGs
[2023-06-09T23:40:32.915+0000] {logging_mixin.py:149} INFO - [2023-06-09T23:40:32.915+0000] {dag.py:2747} INFO - Creating ORM DAG for custom_operator
[2023-06-09T23:40:32.922+0000] {logging_mixin.py:149} INFO - [2023-06-09T23:40:32.922+0000] {dag.py:3490} INFO - Setting next_dagrun for custom_operator to 2023-06-08T00:00:00+00:00, run_after=2023-06-08T00:00:00+00:00
[2023-06-09T23:40:32.933+0000] {processor.py:179} INFO - Processing /opt/airflow/dags/4_custom_operator.py took 0.369 seconds
[2023-06-09T23:41:03.280+0000] {processor.py:157} INFO - Started process (PID=12876) to work on /opt/airflow/dags/4_custom_operator.py
[2023-06-09T23:41:03.283+0000] {processor.py:826} INFO - Processing file /opt/airflow/dags/4_custom_operator.py for tasks to queue
[2023-06-09T23:41:03.285+0000] {logging_mixin.py:149} INFO - [2023-06-09T23:41:03.285+0000] {dagbag.py:541} INFO - Filling up the DagBag from /opt/airflow/dags/4_custom_operator.py
[2023-06-09T23:41:03.321+0000] {processor.py:836} INFO - DAG(s) dict_keys(['custom_operator']) retrieved from /opt/airflow/dags/4_custom_operator.py
[2023-06-09T23:41:03.364+0000] {logging_mixin.py:149} INFO - [2023-06-09T23:41:03.364+0000] {dag.py:2726} INFO - Sync 1 DAGs
[2023-06-09T23:41:03.401+0000] {logging_mixin.py:149} INFO - [2023-06-09T23:41:03.401+0000] {dag.py:3490} INFO - Setting next_dagrun for custom_operator to 2023-06-08T00:00:00+00:00, run_after=2023-06-08T00:00:00+00:00
[2023-06-09T23:41:03.418+0000] {processor.py:179} INFO - Processing /opt/airflow/dags/4_custom_operator.py took 0.146 seconds
[2023-06-09T23:41:33.898+0000] {processor.py:157} INFO - Started process (PID=12892) to work on /opt/airflow/dags/4_custom_operator.py
[2023-06-09T23:41:33.903+0000] {processor.py:826} INFO - Processing file /opt/airflow/dags/4_custom_operator.py for tasks to queue
[2023-06-09T23:41:33.906+0000] {logging_mixin.py:149} INFO - [2023-06-09T23:41:33.906+0000] {dagbag.py:541} INFO - Filling up the DagBag from /opt/airflow/dags/4_custom_operator.py
[2023-06-09T23:41:33.955+0000] {processor.py:836} INFO - DAG(s) dict_keys(['custom_operator']) retrieved from /opt/airflow/dags/4_custom_operator.py
[2023-06-09T23:41:34.035+0000] {logging_mixin.py:149} INFO - [2023-06-09T23:41:34.035+0000] {dag.py:2726} INFO - Sync 1 DAGs
[2023-06-09T23:41:34.080+0000] {logging_mixin.py:149} INFO - [2023-06-09T23:41:34.080+0000] {dag.py:3490} INFO - Setting next_dagrun for custom_operator to None, run_after=None
[2023-06-09T23:41:34.310+0000] {processor.py:179} INFO - Processing /opt/airflow/dags/4_custom_operator.py took 0.442 seconds
[2023-06-09T23:42:05.173+0000] {processor.py:157} INFO - Started process (PID=12905) to work on /opt/airflow/dags/4_custom_operator.py
[2023-06-09T23:42:05.176+0000] {processor.py:826} INFO - Processing file /opt/airflow/dags/4_custom_operator.py for tasks to queue
[2023-06-09T23:42:05.178+0000] {logging_mixin.py:149} INFO - [2023-06-09T23:42:05.178+0000] {dagbag.py:541} INFO - Filling up the DagBag from /opt/airflow/dags/4_custom_operator.py
[2023-06-09T23:42:05.203+0000] {processor.py:836} INFO - DAG(s) dict_keys(['custom_operator']) retrieved from /opt/airflow/dags/4_custom_operator.py
[2023-06-09T23:42:05.261+0000] {logging_mixin.py:149} INFO - [2023-06-09T23:42:05.260+0000] {dag.py:2726} INFO - Sync 1 DAGs
[2023-06-09T23:42:05.290+0000] {logging_mixin.py:149} INFO - [2023-06-09T23:42:05.290+0000] {dag.py:3490} INFO - Setting next_dagrun for custom_operator to None, run_after=None
[2023-06-09T23:42:05.303+0000] {processor.py:179} INFO - Processing /opt/airflow/dags/4_custom_operator.py took 0.149 seconds
[2023-06-09T23:42:35.708+0000] {processor.py:157} INFO - Started process (PID=12917) to work on /opt/airflow/dags/4_custom_operator.py
[2023-06-09T23:42:35.711+0000] {processor.py:826} INFO - Processing file /opt/airflow/dags/4_custom_operator.py for tasks to queue
[2023-06-09T23:42:35.715+0000] {logging_mixin.py:149} INFO - [2023-06-09T23:42:35.715+0000] {dagbag.py:541} INFO - Filling up the DagBag from /opt/airflow/dags/4_custom_operator.py
[2023-06-09T23:42:35.754+0000] {processor.py:836} INFO - DAG(s) dict_keys(['custom_operator']) retrieved from /opt/airflow/dags/4_custom_operator.py
[2023-06-09T23:42:35.825+0000] {logging_mixin.py:149} INFO - [2023-06-09T23:42:35.824+0000] {dag.py:2726} INFO - Sync 1 DAGs
[2023-06-09T23:42:35.851+0000] {logging_mixin.py:149} INFO - [2023-06-09T23:42:35.851+0000] {dag.py:3490} INFO - Setting next_dagrun for custom_operator to None, run_after=None
[2023-06-09T23:42:35.864+0000] {processor.py:179} INFO - Processing /opt/airflow/dags/4_custom_operator.py took 0.169 seconds
[2023-06-09T23:43:06.379+0000] {processor.py:157} INFO - Started process (PID=12929) to work on /opt/airflow/dags/4_custom_operator.py
[2023-06-09T23:43:06.382+0000] {processor.py:826} INFO - Processing file /opt/airflow/dags/4_custom_operator.py for tasks to queue
[2023-06-09T23:43:06.383+0000] {logging_mixin.py:149} INFO - [2023-06-09T23:43:06.383+0000] {dagbag.py:541} INFO - Filling up the DagBag from /opt/airflow/dags/4_custom_operator.py
[2023-06-09T23:43:06.417+0000] {processor.py:836} INFO - DAG(s) dict_keys(['custom_operator']) retrieved from /opt/airflow/dags/4_custom_operator.py
[2023-06-09T23:43:06.459+0000] {logging_mixin.py:149} INFO - [2023-06-09T23:43:06.459+0000] {dag.py:2726} INFO - Sync 1 DAGs
[2023-06-09T23:43:06.486+0000] {logging_mixin.py:149} INFO - [2023-06-09T23:43:06.486+0000] {dag.py:3490} INFO - Setting next_dagrun for custom_operator to None, run_after=None
[2023-06-09T23:43:06.501+0000] {processor.py:179} INFO - Processing /opt/airflow/dags/4_custom_operator.py took 0.132 seconds
[2023-06-09T23:43:37.004+0000] {processor.py:157} INFO - Started process (PID=12941) to work on /opt/airflow/dags/4_custom_operator.py
[2023-06-09T23:43:37.007+0000] {processor.py:826} INFO - Processing file /opt/airflow/dags/4_custom_operator.py for tasks to queue
[2023-06-09T23:43:37.009+0000] {logging_mixin.py:149} INFO - [2023-06-09T23:43:37.009+0000] {dagbag.py:541} INFO - Filling up the DagBag from /opt/airflow/dags/4_custom_operator.py
[2023-06-09T23:43:37.025+0000] {processor.py:836} INFO - DAG(s) dict_keys(['custom_operator']) retrieved from /opt/airflow/dags/4_custom_operator.py
[2023-06-09T23:43:37.051+0000] {logging_mixin.py:149} INFO - [2023-06-09T23:43:37.051+0000] {dag.py:2726} INFO - Sync 1 DAGs
[2023-06-09T23:43:37.066+0000] {logging_mixin.py:149} INFO - [2023-06-09T23:43:37.066+0000] {dag.py:3490} INFO - Setting next_dagrun for custom_operator to None, run_after=None
[2023-06-09T23:43:37.077+0000] {processor.py:179} INFO - Processing /opt/airflow/dags/4_custom_operator.py took 0.080 seconds
[2023-06-09T23:44:07.660+0000] {processor.py:157} INFO - Started process (PID=12954) to work on /opt/airflow/dags/4_custom_operator.py
[2023-06-09T23:44:07.663+0000] {processor.py:826} INFO - Processing file /opt/airflow/dags/4_custom_operator.py for tasks to queue
[2023-06-09T23:44:07.666+0000] {logging_mixin.py:149} INFO - [2023-06-09T23:44:07.666+0000] {dagbag.py:541} INFO - Filling up the DagBag from /opt/airflow/dags/4_custom_operator.py
[2023-06-09T23:44:07.712+0000] {processor.py:836} INFO - DAG(s) dict_keys(['custom_operator']) retrieved from /opt/airflow/dags/4_custom_operator.py
[2023-06-09T23:44:07.789+0000] {logging_mixin.py:149} INFO - [2023-06-09T23:44:07.789+0000] {dag.py:2726} INFO - Sync 1 DAGs
[2023-06-09T23:44:07.829+0000] {logging_mixin.py:149} INFO - [2023-06-09T23:44:07.828+0000] {dag.py:3490} INFO - Setting next_dagrun for custom_operator to None, run_after=None
[2023-06-09T23:44:08.039+0000] {processor.py:179} INFO - Processing /opt/airflow/dags/4_custom_operator.py took 0.392 seconds
[2023-06-09T23:44:38.664+0000] {processor.py:157} INFO - Started process (PID=12966) to work on /opt/airflow/dags/4_custom_operator.py
[2023-06-09T23:44:38.667+0000] {processor.py:826} INFO - Processing file /opt/airflow/dags/4_custom_operator.py for tasks to queue
[2023-06-09T23:44:38.669+0000] {logging_mixin.py:149} INFO - [2023-06-09T23:44:38.669+0000] {dagbag.py:541} INFO - Filling up the DagBag from /opt/airflow/dags/4_custom_operator.py
[2023-06-09T23:44:38.690+0000] {processor.py:836} INFO - DAG(s) dict_keys(['custom_operator']) retrieved from /opt/airflow/dags/4_custom_operator.py
[2023-06-09T23:44:38.724+0000] {logging_mixin.py:149} INFO - [2023-06-09T23:44:38.724+0000] {dag.py:2726} INFO - Sync 1 DAGs
[2023-06-09T23:44:38.897+0000] {logging_mixin.py:149} INFO - [2023-06-09T23:44:38.897+0000] {dag.py:3490} INFO - Setting next_dagrun for custom_operator to None, run_after=None
[2023-06-09T23:44:38.909+0000] {processor.py:179} INFO - Processing /opt/airflow/dags/4_custom_operator.py took 0.251 seconds
[2023-06-09T23:45:09.348+0000] {processor.py:157} INFO - Started process (PID=12978) to work on /opt/airflow/dags/4_custom_operator.py
[2023-06-09T23:45:09.351+0000] {processor.py:826} INFO - Processing file /opt/airflow/dags/4_custom_operator.py for tasks to queue
[2023-06-09T23:45:09.352+0000] {logging_mixin.py:149} INFO - [2023-06-09T23:45:09.352+0000] {dagbag.py:541} INFO - Filling up the DagBag from /opt/airflow/dags/4_custom_operator.py
[2023-06-09T23:45:09.366+0000] {processor.py:836} INFO - DAG(s) dict_keys(['custom_operator']) retrieved from /opt/airflow/dags/4_custom_operator.py
[2023-06-09T23:45:09.392+0000] {logging_mixin.py:149} INFO - [2023-06-09T23:45:09.392+0000] {dag.py:2726} INFO - Sync 1 DAGs
[2023-06-09T23:45:09.409+0000] {logging_mixin.py:149} INFO - [2023-06-09T23:45:09.409+0000] {dag.py:3490} INFO - Setting next_dagrun for custom_operator to None, run_after=None
[2023-06-09T23:45:09.420+0000] {processor.py:179} INFO - Processing /opt/airflow/dags/4_custom_operator.py took 0.077 seconds
[2023-06-09T23:45:40.164+0000] {processor.py:157} INFO - Started process (PID=12997) to work on /opt/airflow/dags/4_custom_operator.py
[2023-06-09T23:45:40.167+0000] {processor.py:826} INFO - Processing file /opt/airflow/dags/4_custom_operator.py for tasks to queue
[2023-06-09T23:45:40.169+0000] {logging_mixin.py:149} INFO - [2023-06-09T23:45:40.169+0000] {dagbag.py:541} INFO - Filling up the DagBag from /opt/airflow/dags/4_custom_operator.py
[2023-06-09T23:45:40.189+0000] {processor.py:836} INFO - DAG(s) dict_keys(['custom_operator']) retrieved from /opt/airflow/dags/4_custom_operator.py
[2023-06-09T23:45:40.216+0000] {logging_mixin.py:149} INFO - [2023-06-09T23:45:40.216+0000] {dag.py:2726} INFO - Sync 1 DAGs
[2023-06-09T23:45:40.232+0000] {logging_mixin.py:149} INFO - [2023-06-09T23:45:40.232+0000] {dag.py:3490} INFO - Setting next_dagrun for custom_operator to None, run_after=None
[2023-06-09T23:45:40.243+0000] {processor.py:179} INFO - Processing /opt/airflow/dags/4_custom_operator.py took 0.086 seconds
[2023-06-09T23:46:10.882+0000] {processor.py:157} INFO - Started process (PID=13009) to work on /opt/airflow/dags/4_custom_operator.py
[2023-06-09T23:46:10.885+0000] {processor.py:826} INFO - Processing file /opt/airflow/dags/4_custom_operator.py for tasks to queue
[2023-06-09T23:46:10.887+0000] {logging_mixin.py:149} INFO - [2023-06-09T23:46:10.886+0000] {dagbag.py:541} INFO - Filling up the DagBag from /opt/airflow/dags/4_custom_operator.py
[2023-06-09T23:46:10.914+0000] {processor.py:836} INFO - DAG(s) dict_keys(['custom_operator']) retrieved from /opt/airflow/dags/4_custom_operator.py
[2023-06-09T23:46:10.954+0000] {logging_mixin.py:149} INFO - [2023-06-09T23:46:10.954+0000] {dag.py:2726} INFO - Sync 1 DAGs
[2023-06-09T23:46:10.973+0000] {logging_mixin.py:149} INFO - [2023-06-09T23:46:10.973+0000] {dag.py:3490} INFO - Setting next_dagrun for custom_operator to None, run_after=None
[2023-06-09T23:46:10.985+0000] {processor.py:179} INFO - Processing /opt/airflow/dags/4_custom_operator.py took 0.112 seconds
[2023-06-09T23:46:41.478+0000] {processor.py:157} INFO - Started process (PID=13021) to work on /opt/airflow/dags/4_custom_operator.py
[2023-06-09T23:46:41.480+0000] {processor.py:826} INFO - Processing file /opt/airflow/dags/4_custom_operator.py for tasks to queue
[2023-06-09T23:46:41.482+0000] {logging_mixin.py:149} INFO - [2023-06-09T23:46:41.482+0000] {dagbag.py:541} INFO - Filling up the DagBag from /opt/airflow/dags/4_custom_operator.py
[2023-06-09T23:46:41.503+0000] {processor.py:836} INFO - DAG(s) dict_keys(['custom_operator']) retrieved from /opt/airflow/dags/4_custom_operator.py
[2023-06-09T23:46:41.532+0000] {logging_mixin.py:149} INFO - [2023-06-09T23:46:41.532+0000] {dag.py:2726} INFO - Sync 1 DAGs
[2023-06-09T23:46:41.551+0000] {logging_mixin.py:149} INFO - [2023-06-09T23:46:41.551+0000] {dag.py:3490} INFO - Setting next_dagrun for custom_operator to None, run_after=None
[2023-06-09T23:46:41.565+0000] {processor.py:179} INFO - Processing /opt/airflow/dags/4_custom_operator.py took 0.095 seconds
[2023-06-09T23:47:12.269+0000] {processor.py:157} INFO - Started process (PID=13032) to work on /opt/airflow/dags/4_custom_operator.py
[2023-06-09T23:47:12.271+0000] {processor.py:826} INFO - Processing file /opt/airflow/dags/4_custom_operator.py for tasks to queue
[2023-06-09T23:47:12.273+0000] {logging_mixin.py:149} INFO - [2023-06-09T23:47:12.273+0000] {dagbag.py:541} INFO - Filling up the DagBag from /opt/airflow/dags/4_custom_operator.py
[2023-06-09T23:47:12.297+0000] {processor.py:836} INFO - DAG(s) dict_keys(['custom_operator']) retrieved from /opt/airflow/dags/4_custom_operator.py
[2023-06-09T23:47:12.328+0000] {logging_mixin.py:149} INFO - [2023-06-09T23:47:12.328+0000] {dag.py:2726} INFO - Sync 1 DAGs
[2023-06-09T23:47:12.348+0000] {logging_mixin.py:149} INFO - [2023-06-09T23:47:12.348+0000] {dag.py:3490} INFO - Setting next_dagrun for custom_operator to None, run_after=None
[2023-06-09T23:47:12.546+0000] {processor.py:179} INFO - Processing /opt/airflow/dags/4_custom_operator.py took 0.286 seconds
[2023-06-09T23:47:43.169+0000] {processor.py:157} INFO - Started process (PID=13044) to work on /opt/airflow/dags/4_custom_operator.py
[2023-06-09T23:47:43.172+0000] {processor.py:826} INFO - Processing file /opt/airflow/dags/4_custom_operator.py for tasks to queue
[2023-06-09T23:47:43.173+0000] {logging_mixin.py:149} INFO - [2023-06-09T23:47:43.173+0000] {dagbag.py:541} INFO - Filling up the DagBag from /opt/airflow/dags/4_custom_operator.py
[2023-06-09T23:47:43.198+0000] {processor.py:836} INFO - DAG(s) dict_keys(['custom_operator']) retrieved from /opt/airflow/dags/4_custom_operator.py
[2023-06-09T23:47:43.240+0000] {logging_mixin.py:149} INFO - [2023-06-09T23:47:43.240+0000] {dag.py:2726} INFO - Sync 1 DAGs
[2023-06-09T23:47:43.447+0000] {logging_mixin.py:149} INFO - [2023-06-09T23:47:43.447+0000] {dag.py:3490} INFO - Setting next_dagrun for custom_operator to None, run_after=None
[2023-06-09T23:47:43.459+0000] {processor.py:179} INFO - Processing /opt/airflow/dags/4_custom_operator.py took 0.298 seconds
[2023-06-09T23:48:13.779+0000] {processor.py:157} INFO - Started process (PID=13057) to work on /opt/airflow/dags/4_custom_operator.py
[2023-06-09T23:48:13.781+0000] {processor.py:826} INFO - Processing file /opt/airflow/dags/4_custom_operator.py for tasks to queue
[2023-06-09T23:48:13.783+0000] {logging_mixin.py:149} INFO - [2023-06-09T23:48:13.783+0000] {dagbag.py:541} INFO - Filling up the DagBag from /opt/airflow/dags/4_custom_operator.py
[2023-06-09T23:48:13.804+0000] {processor.py:836} INFO - DAG(s) dict_keys(['custom_operator']) retrieved from /opt/airflow/dags/4_custom_operator.py
[2023-06-09T23:48:13.837+0000] {logging_mixin.py:149} INFO - [2023-06-09T23:48:13.837+0000] {dag.py:2726} INFO - Sync 1 DAGs
[2023-06-09T23:48:13.857+0000] {logging_mixin.py:149} INFO - [2023-06-09T23:48:13.856+0000] {dag.py:3490} INFO - Setting next_dagrun for custom_operator to None, run_after=None
[2023-06-09T23:48:13.869+0000] {processor.py:179} INFO - Processing /opt/airflow/dags/4_custom_operator.py took 0.096 seconds
[2023-06-09T23:48:44.501+0000] {processor.py:157} INFO - Started process (PID=13069) to work on /opt/airflow/dags/4_custom_operator.py
[2023-06-09T23:48:44.509+0000] {processor.py:826} INFO - Processing file /opt/airflow/dags/4_custom_operator.py for tasks to queue
[2023-06-09T23:48:44.514+0000] {logging_mixin.py:149} INFO - [2023-06-09T23:48:44.513+0000] {dagbag.py:541} INFO - Filling up the DagBag from /opt/airflow/dags/4_custom_operator.py
[2023-06-09T23:48:44.535+0000] {processor.py:836} INFO - DAG(s) dict_keys(['custom_operator']) retrieved from /opt/airflow/dags/4_custom_operator.py
[2023-06-09T23:48:44.580+0000] {logging_mixin.py:149} INFO - [2023-06-09T23:48:44.580+0000] {dag.py:2726} INFO - Sync 1 DAGs
[2023-06-09T23:48:44.602+0000] {logging_mixin.py:149} INFO - [2023-06-09T23:48:44.601+0000] {dag.py:3490} INFO - Setting next_dagrun for custom_operator to None, run_after=None
[2023-06-09T23:48:44.615+0000] {processor.py:179} INFO - Processing /opt/airflow/dags/4_custom_operator.py took 0.129 seconds
[2023-06-09T23:49:15.013+0000] {processor.py:157} INFO - Started process (PID=13082) to work on /opt/airflow/dags/4_custom_operator.py
[2023-06-09T23:49:15.016+0000] {processor.py:826} INFO - Processing file /opt/airflow/dags/4_custom_operator.py for tasks to queue
[2023-06-09T23:49:15.018+0000] {logging_mixin.py:149} INFO - [2023-06-09T23:49:15.018+0000] {dagbag.py:541} INFO - Filling up the DagBag from /opt/airflow/dags/4_custom_operator.py
[2023-06-09T23:49:15.040+0000] {processor.py:836} INFO - DAG(s) dict_keys(['custom_operator']) retrieved from /opt/airflow/dags/4_custom_operator.py
[2023-06-09T23:49:15.086+0000] {logging_mixin.py:149} INFO - [2023-06-09T23:49:15.085+0000] {dag.py:2726} INFO - Sync 1 DAGs
[2023-06-09T23:49:15.113+0000] {logging_mixin.py:149} INFO - [2023-06-09T23:49:15.113+0000] {dag.py:3490} INFO - Setting next_dagrun for custom_operator to None, run_after=None
[2023-06-09T23:49:15.126+0000] {processor.py:179} INFO - Processing /opt/airflow/dags/4_custom_operator.py took 0.120 seconds
[2023-06-09T23:49:45.792+0000] {processor.py:157} INFO - Started process (PID=13095) to work on /opt/airflow/dags/4_custom_operator.py
[2023-06-09T23:49:45.796+0000] {processor.py:826} INFO - Processing file /opt/airflow/dags/4_custom_operator.py for tasks to queue
[2023-06-09T23:49:45.797+0000] {logging_mixin.py:149} INFO - [2023-06-09T23:49:45.797+0000] {dagbag.py:541} INFO - Filling up the DagBag from /opt/airflow/dags/4_custom_operator.py
[2023-06-09T23:49:45.819+0000] {processor.py:836} INFO - DAG(s) dict_keys(['custom_operator']) retrieved from /opt/airflow/dags/4_custom_operator.py
[2023-06-09T23:49:45.872+0000] {logging_mixin.py:149} INFO - [2023-06-09T23:49:45.872+0000] {dag.py:2726} INFO - Sync 1 DAGs
[2023-06-09T23:49:45.892+0000] {logging_mixin.py:149} INFO - [2023-06-09T23:49:45.892+0000] {dag.py:3490} INFO - Setting next_dagrun for custom_operator to None, run_after=None
[2023-06-09T23:49:45.906+0000] {processor.py:179} INFO - Processing /opt/airflow/dags/4_custom_operator.py took 0.122 seconds
[2023-06-09T23:50:16.665+0000] {processor.py:157} INFO - Started process (PID=13107) to work on /opt/airflow/dags/4_custom_operator.py
[2023-06-09T23:50:16.668+0000] {processor.py:826} INFO - Processing file /opt/airflow/dags/4_custom_operator.py for tasks to queue
[2023-06-09T23:50:16.670+0000] {logging_mixin.py:149} INFO - [2023-06-09T23:50:16.670+0000] {dagbag.py:541} INFO - Filling up the DagBag from /opt/airflow/dags/4_custom_operator.py
[2023-06-09T23:50:16.704+0000] {processor.py:836} INFO - DAG(s) dict_keys(['custom_operator']) retrieved from /opt/airflow/dags/4_custom_operator.py
[2023-06-09T23:50:16.739+0000] {logging_mixin.py:149} INFO - [2023-06-09T23:50:16.739+0000] {dag.py:2726} INFO - Sync 1 DAGs
[2023-06-09T23:50:16.958+0000] {logging_mixin.py:149} INFO - [2023-06-09T23:50:16.958+0000] {dag.py:3490} INFO - Setting next_dagrun for custom_operator to None, run_after=None
[2023-06-09T23:50:16.969+0000] {processor.py:179} INFO - Processing /opt/airflow/dags/4_custom_operator.py took 0.312 seconds
[2023-06-09T23:50:47.214+0000] {processor.py:157} INFO - Started process (PID=13119) to work on /opt/airflow/dags/4_custom_operator.py
[2023-06-09T23:50:47.217+0000] {processor.py:826} INFO - Processing file /opt/airflow/dags/4_custom_operator.py for tasks to queue
[2023-06-09T23:50:47.221+0000] {logging_mixin.py:149} INFO - [2023-06-09T23:50:47.220+0000] {dagbag.py:541} INFO - Filling up the DagBag from /opt/airflow/dags/4_custom_operator.py
[2023-06-09T23:50:47.243+0000] {processor.py:836} INFO - DAG(s) dict_keys(['custom_operator']) retrieved from /opt/airflow/dags/4_custom_operator.py
[2023-06-09T23:50:47.273+0000] {logging_mixin.py:149} INFO - [2023-06-09T23:50:47.273+0000] {dag.py:2726} INFO - Sync 1 DAGs
[2023-06-09T23:50:47.293+0000] {logging_mixin.py:149} INFO - [2023-06-09T23:50:47.293+0000] {dag.py:3490} INFO - Setting next_dagrun for custom_operator to None, run_after=None
[2023-06-09T23:50:47.304+0000] {processor.py:179} INFO - Processing /opt/airflow/dags/4_custom_operator.py took 0.099 seconds
[2023-06-09T23:51:17.756+0000] {processor.py:157} INFO - Started process (PID=13132) to work on /opt/airflow/dags/4_custom_operator.py
[2023-06-09T23:51:17.759+0000] {processor.py:826} INFO - Processing file /opt/airflow/dags/4_custom_operator.py for tasks to queue
[2023-06-09T23:51:17.761+0000] {logging_mixin.py:149} INFO - [2023-06-09T23:51:17.761+0000] {dagbag.py:541} INFO - Filling up the DagBag from /opt/airflow/dags/4_custom_operator.py
[2023-06-09T23:51:17.784+0000] {processor.py:836} INFO - DAG(s) dict_keys(['custom_operator']) retrieved from /opt/airflow/dags/4_custom_operator.py
[2023-06-09T23:51:17.813+0000] {logging_mixin.py:149} INFO - [2023-06-09T23:51:17.813+0000] {dag.py:2726} INFO - Sync 1 DAGs
[2023-06-09T23:51:17.830+0000] {logging_mixin.py:149} INFO - [2023-06-09T23:51:17.830+0000] {dag.py:3490} INFO - Setting next_dagrun for custom_operator to None, run_after=None
[2023-06-09T23:51:17.841+0000] {processor.py:179} INFO - Processing /opt/airflow/dags/4_custom_operator.py took 0.093 seconds
[2023-06-09T23:51:48.411+0000] {processor.py:157} INFO - Started process (PID=13145) to work on /opt/airflow/dags/4_custom_operator.py
[2023-06-09T23:51:48.413+0000] {processor.py:826} INFO - Processing file /opt/airflow/dags/4_custom_operator.py for tasks to queue
[2023-06-09T23:51:48.414+0000] {logging_mixin.py:149} INFO - [2023-06-09T23:51:48.414+0000] {dagbag.py:541} INFO - Filling up the DagBag from /opt/airflow/dags/4_custom_operator.py
[2023-06-09T23:51:48.427+0000] {processor.py:836} INFO - DAG(s) dict_keys(['custom_operator']) retrieved from /opt/airflow/dags/4_custom_operator.py
[2023-06-09T23:51:48.450+0000] {logging_mixin.py:149} INFO - [2023-06-09T23:51:48.450+0000] {dag.py:2726} INFO - Sync 1 DAGs
[2023-06-09T23:51:48.466+0000] {logging_mixin.py:149} INFO - [2023-06-09T23:51:48.466+0000] {dag.py:3490} INFO - Setting next_dagrun for custom_operator to None, run_after=None
[2023-06-09T23:51:48.476+0000] {processor.py:179} INFO - Processing /opt/airflow/dags/4_custom_operator.py took 0.069 seconds
[2023-06-09T23:52:18.889+0000] {processor.py:157} INFO - Started process (PID=13157) to work on /opt/airflow/dags/4_custom_operator.py
[2023-06-09T23:52:18.891+0000] {processor.py:826} INFO - Processing file /opt/airflow/dags/4_custom_operator.py for tasks to queue
[2023-06-09T23:52:18.892+0000] {logging_mixin.py:149} INFO - [2023-06-09T23:52:18.892+0000] {dagbag.py:541} INFO - Filling up the DagBag from /opt/airflow/dags/4_custom_operator.py
[2023-06-09T23:52:18.911+0000] {processor.py:836} INFO - DAG(s) dict_keys(['custom_operator']) retrieved from /opt/airflow/dags/4_custom_operator.py
[2023-06-09T23:52:18.983+0000] {logging_mixin.py:149} INFO - [2023-06-09T23:52:18.983+0000] {dag.py:2726} INFO - Sync 1 DAGs
[2023-06-09T23:52:19.009+0000] {logging_mixin.py:149} INFO - [2023-06-09T23:52:19.009+0000] {dag.py:3490} INFO - Setting next_dagrun for custom_operator to None, run_after=None
[2023-06-09T23:52:19.024+0000] {processor.py:179} INFO - Processing /opt/airflow/dags/4_custom_operator.py took 0.140 seconds
[2023-06-09T23:52:49.508+0000] {processor.py:157} INFO - Started process (PID=13169) to work on /opt/airflow/dags/4_custom_operator.py
[2023-06-09T23:52:49.514+0000] {processor.py:826} INFO - Processing file /opt/airflow/dags/4_custom_operator.py for tasks to queue
[2023-06-09T23:52:49.516+0000] {logging_mixin.py:149} INFO - [2023-06-09T23:52:49.516+0000] {dagbag.py:541} INFO - Filling up the DagBag from /opt/airflow/dags/4_custom_operator.py
[2023-06-09T23:52:49.549+0000] {processor.py:836} INFO - DAG(s) dict_keys(['custom_operator']) retrieved from /opt/airflow/dags/4_custom_operator.py
[2023-06-09T23:52:49.586+0000] {logging_mixin.py:149} INFO - [2023-06-09T23:52:49.586+0000] {dag.py:2726} INFO - Sync 1 DAGs
[2023-06-09T23:52:49.608+0000] {logging_mixin.py:149} INFO - [2023-06-09T23:52:49.608+0000] {dag.py:3490} INFO - Setting next_dagrun for custom_operator to None, run_after=None
[2023-06-09T23:52:49.832+0000] {processor.py:179} INFO - Processing /opt/airflow/dags/4_custom_operator.py took 0.330 seconds
[2023-06-09T23:53:20.345+0000] {processor.py:157} INFO - Started process (PID=13181) to work on /opt/airflow/dags/4_custom_operator.py
[2023-06-09T23:53:20.350+0000] {processor.py:826} INFO - Processing file /opt/airflow/dags/4_custom_operator.py for tasks to queue
[2023-06-09T23:53:20.351+0000] {logging_mixin.py:149} INFO - [2023-06-09T23:53:20.351+0000] {dagbag.py:541} INFO - Filling up the DagBag from /opt/airflow/dags/4_custom_operator.py
[2023-06-09T23:53:20.380+0000] {processor.py:836} INFO - DAG(s) dict_keys(['custom_operator']) retrieved from /opt/airflow/dags/4_custom_operator.py
[2023-06-09T23:53:20.432+0000] {logging_mixin.py:149} INFO - [2023-06-09T23:53:20.432+0000] {dag.py:2726} INFO - Sync 1 DAGs
[2023-06-09T23:53:20.672+0000] {logging_mixin.py:149} INFO - [2023-06-09T23:53:20.672+0000] {dag.py:3490} INFO - Setting next_dagrun for custom_operator to None, run_after=None
[2023-06-09T23:53:20.685+0000] {processor.py:179} INFO - Processing /opt/airflow/dags/4_custom_operator.py took 0.348 seconds
[2023-06-09T23:53:51.175+0000] {processor.py:157} INFO - Started process (PID=13193) to work on /opt/airflow/dags/4_custom_operator.py
[2023-06-09T23:53:51.179+0000] {processor.py:826} INFO - Processing file /opt/airflow/dags/4_custom_operator.py for tasks to queue
[2023-06-09T23:53:51.180+0000] {logging_mixin.py:149} INFO - [2023-06-09T23:53:51.180+0000] {dagbag.py:541} INFO - Filling up the DagBag from /opt/airflow/dags/4_custom_operator.py
[2023-06-09T23:53:51.202+0000] {processor.py:836} INFO - DAG(s) dict_keys(['custom_operator']) retrieved from /opt/airflow/dags/4_custom_operator.py
[2023-06-09T23:53:51.232+0000] {logging_mixin.py:149} INFO - [2023-06-09T23:53:51.232+0000] {dag.py:2726} INFO - Sync 1 DAGs
[2023-06-09T23:53:51.251+0000] {logging_mixin.py:149} INFO - [2023-06-09T23:53:51.251+0000] {dag.py:3490} INFO - Setting next_dagrun for custom_operator to None, run_after=None
[2023-06-09T23:53:51.263+0000] {processor.py:179} INFO - Processing /opt/airflow/dags/4_custom_operator.py took 0.095 seconds
[2023-06-09T23:54:21.794+0000] {processor.py:157} INFO - Started process (PID=13205) to work on /opt/airflow/dags/4_custom_operator.py
[2023-06-09T23:54:21.798+0000] {processor.py:826} INFO - Processing file /opt/airflow/dags/4_custom_operator.py for tasks to queue
[2023-06-09T23:54:21.799+0000] {logging_mixin.py:149} INFO - [2023-06-09T23:54:21.799+0000] {dagbag.py:541} INFO - Filling up the DagBag from /opt/airflow/dags/4_custom_operator.py
[2023-06-09T23:54:21.816+0000] {processor.py:836} INFO - DAG(s) dict_keys(['custom_operator']) retrieved from /opt/airflow/dags/4_custom_operator.py
[2023-06-09T23:54:21.843+0000] {logging_mixin.py:149} INFO - [2023-06-09T23:54:21.843+0000] {dag.py:2726} INFO - Sync 1 DAGs
[2023-06-09T23:54:21.859+0000] {logging_mixin.py:149} INFO - [2023-06-09T23:54:21.859+0000] {dag.py:3490} INFO - Setting next_dagrun for custom_operator to None, run_after=None
[2023-06-09T23:54:21.870+0000] {processor.py:179} INFO - Processing /opt/airflow/dags/4_custom_operator.py took 0.087 seconds
[2023-06-09T23:54:52.369+0000] {processor.py:157} INFO - Started process (PID=13217) to work on /opt/airflow/dags/4_custom_operator.py
[2023-06-09T23:54:52.373+0000] {processor.py:826} INFO - Processing file /opt/airflow/dags/4_custom_operator.py for tasks to queue
[2023-06-09T23:54:52.375+0000] {logging_mixin.py:149} INFO - [2023-06-09T23:54:52.375+0000] {dagbag.py:541} INFO - Filling up the DagBag from /opt/airflow/dags/4_custom_operator.py
[2023-06-09T23:54:52.414+0000] {processor.py:836} INFO - DAG(s) dict_keys(['custom_operator']) retrieved from /opt/airflow/dags/4_custom_operator.py
[2023-06-09T23:54:52.529+0000] {logging_mixin.py:149} INFO - [2023-06-09T23:54:52.529+0000] {dag.py:2726} INFO - Sync 1 DAGs
[2023-06-09T23:54:52.568+0000] {logging_mixin.py:149} INFO - [2023-06-09T23:54:52.568+0000] {dag.py:3490} INFO - Setting next_dagrun for custom_operator to None, run_after=None
[2023-06-09T23:54:52.595+0000] {processor.py:179} INFO - Processing /opt/airflow/dags/4_custom_operator.py took 0.238 seconds
[2023-06-09T23:55:23.089+0000] {processor.py:157} INFO - Started process (PID=13230) to work on /opt/airflow/dags/4_custom_operator.py
[2023-06-09T23:55:23.092+0000] {processor.py:826} INFO - Processing file /opt/airflow/dags/4_custom_operator.py for tasks to queue
[2023-06-09T23:55:23.094+0000] {logging_mixin.py:149} INFO - [2023-06-09T23:55:23.094+0000] {dagbag.py:541} INFO - Filling up the DagBag from /opt/airflow/dags/4_custom_operator.py
[2023-06-09T23:55:23.134+0000] {processor.py:836} INFO - DAG(s) dict_keys(['custom_operator']) retrieved from /opt/airflow/dags/4_custom_operator.py
[2023-06-09T23:55:23.173+0000] {logging_mixin.py:149} INFO - [2023-06-09T23:55:23.173+0000] {dag.py:2726} INFO - Sync 1 DAGs
[2023-06-09T23:55:23.195+0000] {logging_mixin.py:149} INFO - [2023-06-09T23:55:23.195+0000] {dag.py:3490} INFO - Setting next_dagrun for custom_operator to None, run_after=None
[2023-06-09T23:55:23.208+0000] {processor.py:179} INFO - Processing /opt/airflow/dags/4_custom_operator.py took 0.128 seconds
[2023-06-09T23:55:53.764+0000] {processor.py:157} INFO - Started process (PID=13243) to work on /opt/airflow/dags/4_custom_operator.py
[2023-06-09T23:55:53.771+0000] {processor.py:826} INFO - Processing file /opt/airflow/dags/4_custom_operator.py for tasks to queue
[2023-06-09T23:55:53.773+0000] {logging_mixin.py:149} INFO - [2023-06-09T23:55:53.773+0000] {dagbag.py:541} INFO - Filling up the DagBag from /opt/airflow/dags/4_custom_operator.py
[2023-06-09T23:55:53.795+0000] {processor.py:836} INFO - DAG(s) dict_keys(['custom_operator']) retrieved from /opt/airflow/dags/4_custom_operator.py
[2023-06-09T23:55:53.845+0000] {logging_mixin.py:149} INFO - [2023-06-09T23:55:53.845+0000] {dag.py:2726} INFO - Sync 1 DAGs
[2023-06-09T23:55:54.076+0000] {logging_mixin.py:149} INFO - [2023-06-09T23:55:54.076+0000] {dag.py:3490} INFO - Setting next_dagrun for custom_operator to None, run_after=None
[2023-06-09T23:55:54.088+0000] {processor.py:179} INFO - Processing /opt/airflow/dags/4_custom_operator.py took 0.332 seconds
[2023-06-09T23:56:24.829+0000] {processor.py:157} INFO - Started process (PID=13255) to work on /opt/airflow/dags/4_custom_operator.py
[2023-06-09T23:56:24.831+0000] {processor.py:826} INFO - Processing file /opt/airflow/dags/4_custom_operator.py for tasks to queue
[2023-06-09T23:56:24.833+0000] {logging_mixin.py:149} INFO - [2023-06-09T23:56:24.833+0000] {dagbag.py:541} INFO - Filling up the DagBag from /opt/airflow/dags/4_custom_operator.py
[2023-06-09T23:56:24.852+0000] {processor.py:836} INFO - DAG(s) dict_keys(['custom_operator']) retrieved from /opt/airflow/dags/4_custom_operator.py
[2023-06-09T23:56:24.882+0000] {logging_mixin.py:149} INFO - [2023-06-09T23:56:24.882+0000] {dag.py:2726} INFO - Sync 1 DAGs
[2023-06-09T23:56:25.103+0000] {logging_mixin.py:149} INFO - [2023-06-09T23:56:25.103+0000] {dag.py:3490} INFO - Setting next_dagrun for custom_operator to None, run_after=None
[2023-06-09T23:56:25.116+0000] {processor.py:179} INFO - Processing /opt/airflow/dags/4_custom_operator.py took 0.295 seconds
[2023-06-09T23:56:55.608+0000] {processor.py:157} INFO - Started process (PID=13267) to work on /opt/airflow/dags/4_custom_operator.py
[2023-06-09T23:56:55.612+0000] {processor.py:826} INFO - Processing file /opt/airflow/dags/4_custom_operator.py for tasks to queue
[2023-06-09T23:56:55.614+0000] {logging_mixin.py:149} INFO - [2023-06-09T23:56:55.614+0000] {dagbag.py:541} INFO - Filling up the DagBag from /opt/airflow/dags/4_custom_operator.py
[2023-06-09T23:56:55.635+0000] {processor.py:836} INFO - DAG(s) dict_keys(['custom_operator']) retrieved from /opt/airflow/dags/4_custom_operator.py
[2023-06-09T23:56:55.666+0000] {logging_mixin.py:149} INFO - [2023-06-09T23:56:55.666+0000] {dag.py:2726} INFO - Sync 1 DAGs
[2023-06-09T23:56:55.685+0000] {logging_mixin.py:149} INFO - [2023-06-09T23:56:55.685+0000] {dag.py:3490} INFO - Setting next_dagrun for custom_operator to None, run_after=None
[2023-06-09T23:56:55.696+0000] {processor.py:179} INFO - Processing /opt/airflow/dags/4_custom_operator.py took 0.096 seconds
[2023-06-09T23:57:26.301+0000] {processor.py:157} INFO - Started process (PID=13280) to work on /opt/airflow/dags/4_custom_operator.py
[2023-06-09T23:57:26.303+0000] {processor.py:826} INFO - Processing file /opt/airflow/dags/4_custom_operator.py for tasks to queue
[2023-06-09T23:57:26.305+0000] {logging_mixin.py:149} INFO - [2023-06-09T23:57:26.305+0000] {dagbag.py:541} INFO - Filling up the DagBag from /opt/airflow/dags/4_custom_operator.py
[2023-06-09T23:57:26.343+0000] {processor.py:836} INFO - DAG(s) dict_keys(['custom_operator']) retrieved from /opt/airflow/dags/4_custom_operator.py
[2023-06-09T23:57:26.381+0000] {logging_mixin.py:149} INFO - [2023-06-09T23:57:26.381+0000] {dag.py:2726} INFO - Sync 1 DAGs
[2023-06-09T23:57:26.405+0000] {logging_mixin.py:149} INFO - [2023-06-09T23:57:26.405+0000] {dag.py:3490} INFO - Setting next_dagrun for custom_operator to None, run_after=None
[2023-06-09T23:57:26.433+0000] {processor.py:179} INFO - Processing /opt/airflow/dags/4_custom_operator.py took 0.140 seconds
[2023-06-09T23:57:57.057+0000] {processor.py:157} INFO - Started process (PID=13293) to work on /opt/airflow/dags/4_custom_operator.py
[2023-06-09T23:57:57.060+0000] {processor.py:826} INFO - Processing file /opt/airflow/dags/4_custom_operator.py for tasks to queue
[2023-06-09T23:57:57.062+0000] {logging_mixin.py:149} INFO - [2023-06-09T23:57:57.062+0000] {dagbag.py:541} INFO - Filling up the DagBag from /opt/airflow/dags/4_custom_operator.py
[2023-06-09T23:57:57.099+0000] {processor.py:836} INFO - DAG(s) dict_keys(['custom_operator']) retrieved from /opt/airflow/dags/4_custom_operator.py
[2023-06-09T23:57:57.135+0000] {logging_mixin.py:149} INFO - [2023-06-09T23:57:57.135+0000] {dag.py:2726} INFO - Sync 1 DAGs
[2023-06-09T23:57:57.157+0000] {logging_mixin.py:149} INFO - [2023-06-09T23:57:57.157+0000] {dag.py:3490} INFO - Setting next_dagrun for custom_operator to None, run_after=None
[2023-06-09T23:57:57.170+0000] {processor.py:179} INFO - Processing /opt/airflow/dags/4_custom_operator.py took 0.122 seconds
[2023-06-09T23:58:27.850+0000] {processor.py:157} INFO - Started process (PID=13305) to work on /opt/airflow/dags/4_custom_operator.py
[2023-06-09T23:58:27.854+0000] {processor.py:826} INFO - Processing file /opt/airflow/dags/4_custom_operator.py for tasks to queue
[2023-06-09T23:58:27.863+0000] {logging_mixin.py:149} INFO - [2023-06-09T23:58:27.862+0000] {dagbag.py:541} INFO - Filling up the DagBag from /opt/airflow/dags/4_custom_operator.py
[2023-06-09T23:58:27.895+0000] {processor.py:836} INFO - DAG(s) dict_keys(['custom_operator']) retrieved from /opt/airflow/dags/4_custom_operator.py
[2023-06-09T23:58:27.936+0000] {logging_mixin.py:149} INFO - [2023-06-09T23:58:27.936+0000] {dag.py:2726} INFO - Sync 1 DAGs
[2023-06-09T23:58:27.959+0000] {logging_mixin.py:149} INFO - [2023-06-09T23:58:27.959+0000] {dag.py:3490} INFO - Setting next_dagrun for custom_operator to None, run_after=None
[2023-06-09T23:58:28.159+0000] {processor.py:179} INFO - Processing /opt/airflow/dags/4_custom_operator.py took 0.321 seconds
[2023-06-09T23:58:58.900+0000] {processor.py:157} INFO - Started process (PID=13317) to work on /opt/airflow/dags/4_custom_operator.py
[2023-06-09T23:58:58.902+0000] {processor.py:826} INFO - Processing file /opt/airflow/dags/4_custom_operator.py for tasks to queue
[2023-06-09T23:58:58.904+0000] {logging_mixin.py:149} INFO - [2023-06-09T23:58:58.903+0000] {dagbag.py:541} INFO - Filling up the DagBag from /opt/airflow/dags/4_custom_operator.py
[2023-06-09T23:58:58.918+0000] {processor.py:836} INFO - DAG(s) dict_keys(['custom_operator']) retrieved from /opt/airflow/dags/4_custom_operator.py
[2023-06-09T23:58:58.973+0000] {logging_mixin.py:149} INFO - [2023-06-09T23:58:58.973+0000] {dag.py:2726} INFO - Sync 1 DAGs
[2023-06-09T23:58:59.165+0000] {logging_mixin.py:149} INFO - [2023-06-09T23:58:59.165+0000] {dag.py:3490} INFO - Setting next_dagrun for custom_operator to None, run_after=None
[2023-06-09T23:58:59.182+0000] {processor.py:179} INFO - Processing /opt/airflow/dags/4_custom_operator.py took 0.286 seconds
[2023-06-09T23:59:29.983+0000] {processor.py:157} INFO - Started process (PID=13329) to work on /opt/airflow/dags/4_custom_operator.py
[2023-06-09T23:59:29.987+0000] {processor.py:826} INFO - Processing file /opt/airflow/dags/4_custom_operator.py for tasks to queue
[2023-06-09T23:59:29.988+0000] {logging_mixin.py:149} INFO - [2023-06-09T23:59:29.988+0000] {dagbag.py:541} INFO - Filling up the DagBag from /opt/airflow/dags/4_custom_operator.py
[2023-06-09T23:59:30.010+0000] {processor.py:836} INFO - DAG(s) dict_keys(['custom_operator']) retrieved from /opt/airflow/dags/4_custom_operator.py
[2023-06-09T23:59:30.081+0000] {logging_mixin.py:149} INFO - [2023-06-09T23:59:30.081+0000] {dag.py:2726} INFO - Sync 1 DAGs
[2023-06-09T23:59:30.321+0000] {logging_mixin.py:149} INFO - [2023-06-09T23:59:30.321+0000] {dag.py:3490} INFO - Setting next_dagrun for custom_operator to None, run_after=None
[2023-06-09T23:59:30.331+0000] {processor.py:179} INFO - Processing /opt/airflow/dags/4_custom_operator.py took 0.355 seconds
