[2023-06-09T02:04:10.828+0000] {processor.py:157} INFO - Started process (PID=172) to work on /opt/airflow/dags/mi_primer_dag.py
[2023-06-09T02:04:10.829+0000] {processor.py:826} INFO - Processing file /opt/airflow/dags/mi_primer_dag.py for tasks to queue
[2023-06-09T02:04:10.831+0000] {logging_mixin.py:149} INFO - [2023-06-09T02:04:10.831+0000] {dagbag.py:541} INFO - Filling up the DagBag from /opt/airflow/dags/mi_primer_dag.py
[2023-06-09T02:04:10.858+0000] {logging_mixin.py:149} INFO - [2023-06-09T02:04:10.848+0000] {dagbag.py:350} ERROR - Failed to import: /opt/airflow/dags/mi_primer_dag.py
Traceback (most recent call last):
  File "/home/airflow/.local/lib/python3.7/site-packages/airflow/models/dagbag.py", line 346, in parse
    loader.exec_module(new_module)
  File "<frozen importlib._bootstrap_external>", line 728, in exec_module
  File "<frozen importlib._bootstrap>", line 219, in _call_with_frames_removed
  File "/opt/airflow/dags/mi_primer_dag.py", line 8, in <module>
    start_date=datetime(2023,6,10),
TypeError: 'module' object is not callable
[2023-06-09T02:04:10.859+0000] {processor.py:838} WARNING - No viable dags retrieved from /opt/airflow/dags/mi_primer_dag.py
[2023-06-09T02:04:10.885+0000] {processor.py:179} INFO - Processing /opt/airflow/dags/mi_primer_dag.py took 0.063 seconds
[2023-06-09T02:04:41.290+0000] {processor.py:157} INFO - Started process (PID=181) to work on /opt/airflow/dags/mi_primer_dag.py
[2023-06-09T02:04:41.293+0000] {processor.py:826} INFO - Processing file /opt/airflow/dags/mi_primer_dag.py for tasks to queue
[2023-06-09T02:04:41.294+0000] {logging_mixin.py:149} INFO - [2023-06-09T02:04:41.294+0000] {dagbag.py:541} INFO - Filling up the DagBag from /opt/airflow/dags/mi_primer_dag.py
[2023-06-09T02:04:41.303+0000] {logging_mixin.py:149} INFO - [2023-06-09T02:04:41.301+0000] {dagbag.py:350} ERROR - Failed to import: /opt/airflow/dags/mi_primer_dag.py
Traceback (most recent call last):
  File "/home/airflow/.local/lib/python3.7/site-packages/airflow/models/dagbag.py", line 346, in parse
    loader.exec_module(new_module)
  File "<frozen importlib._bootstrap_external>", line 728, in exec_module
  File "<frozen importlib._bootstrap>", line 219, in _call_with_frames_removed
  File "/opt/airflow/dags/mi_primer_dag.py", line 8, in <module>
    start_date=datetime(2023,6,10),
TypeError: 'module' object is not callable
[2023-06-09T02:04:41.304+0000] {processor.py:838} WARNING - No viable dags retrieved from /opt/airflow/dags/mi_primer_dag.py
[2023-06-09T02:04:41.330+0000] {processor.py:179} INFO - Processing /opt/airflow/dags/mi_primer_dag.py took 0.047 seconds
[2023-06-09T02:04:54.498+0000] {processor.py:157} INFO - Started process (PID=182) to work on /opt/airflow/dags/mi_primer_dag.py
[2023-06-09T02:04:54.502+0000] {processor.py:826} INFO - Processing file /opt/airflow/dags/mi_primer_dag.py for tasks to queue
[2023-06-09T02:04:54.504+0000] {logging_mixin.py:149} INFO - [2023-06-09T02:04:54.504+0000] {dagbag.py:541} INFO - Filling up the DagBag from /opt/airflow/dags/mi_primer_dag.py
[2023-06-09T02:04:54.520+0000] {logging_mixin.py:149} INFO - [2023-06-09T02:04:54.517+0000] {dagbag.py:350} ERROR - Failed to import: /opt/airflow/dags/mi_primer_dag.py
Traceback (most recent call last):
  File "/home/airflow/.local/lib/python3.7/site-packages/airflow/models/dagbag.py", line 346, in parse
    loader.exec_module(new_module)
  File "<frozen importlib._bootstrap_external>", line 728, in exec_module
  File "<frozen importlib._bootstrap>", line 219, in _call_with_frames_removed
  File "/opt/airflow/dags/mi_primer_dag.py", line 8, in <module>
    start_date=datetime(2023,6,10),
TypeError: 'module' object is not callable
[2023-06-09T02:04:54.521+0000] {processor.py:838} WARNING - No viable dags retrieved from /opt/airflow/dags/mi_primer_dag.py
[2023-06-09T02:04:54.546+0000] {processor.py:179} INFO - Processing /opt/airflow/dags/mi_primer_dag.py took 0.059 seconds
[2023-06-09T02:05:24.870+0000] {processor.py:157} INFO - Started process (PID=190) to work on /opt/airflow/dags/mi_primer_dag.py
[2023-06-09T02:05:24.872+0000] {processor.py:826} INFO - Processing file /opt/airflow/dags/mi_primer_dag.py for tasks to queue
[2023-06-09T02:05:24.875+0000] {logging_mixin.py:149} INFO - [2023-06-09T02:05:24.875+0000] {dagbag.py:541} INFO - Filling up the DagBag from /opt/airflow/dags/mi_primer_dag.py
[2023-06-09T02:05:24.885+0000] {logging_mixin.py:149} INFO - [2023-06-09T02:05:24.882+0000] {dagbag.py:350} ERROR - Failed to import: /opt/airflow/dags/mi_primer_dag.py
Traceback (most recent call last):
  File "/home/airflow/.local/lib/python3.7/site-packages/airflow/models/dagbag.py", line 346, in parse
    loader.exec_module(new_module)
  File "<frozen importlib._bootstrap_external>", line 728, in exec_module
  File "<frozen importlib._bootstrap>", line 219, in _call_with_frames_removed
  File "/opt/airflow/dags/mi_primer_dag.py", line 8, in <module>
    start_date=datetime(2023,6,10),
TypeError: 'module' object is not callable
[2023-06-09T02:05:24.886+0000] {processor.py:838} WARNING - No viable dags retrieved from /opt/airflow/dags/mi_primer_dag.py
[2023-06-09T02:05:24.915+0000] {processor.py:179} INFO - Processing /opt/airflow/dags/mi_primer_dag.py took 0.058 seconds
[2023-06-09T02:05:44.119+0000] {processor.py:157} INFO - Started process (PID=198) to work on /opt/airflow/dags/mi_primer_dag.py
[2023-06-09T02:05:44.121+0000] {processor.py:826} INFO - Processing file /opt/airflow/dags/mi_primer_dag.py for tasks to queue
[2023-06-09T02:05:44.122+0000] {logging_mixin.py:149} INFO - [2023-06-09T02:05:44.122+0000] {dagbag.py:541} INFO - Filling up the DagBag from /opt/airflow/dags/mi_primer_dag.py
[2023-06-09T02:05:44.173+0000] {processor.py:836} INFO - DAG(s) dict_keys(['primer-dag']) retrieved from /opt/airflow/dags/mi_primer_dag.py
[2023-06-09T02:05:44.392+0000] {logging_mixin.py:149} INFO - [2023-06-09T02:05:44.392+0000] {manager.py:504} INFO - Created Permission View: can read on DAG:primer-dag
[2023-06-09T02:05:44.397+0000] {logging_mixin.py:149} INFO - [2023-06-09T02:05:44.397+0000] {manager.py:504} INFO - Created Permission View: can delete on DAG:primer-dag
[2023-06-09T02:05:44.401+0000] {logging_mixin.py:149} INFO - [2023-06-09T02:05:44.401+0000] {manager.py:504} INFO - Created Permission View: can edit on DAG:primer-dag
[2023-06-09T02:05:44.402+0000] {logging_mixin.py:149} INFO - [2023-06-09T02:05:44.402+0000] {dag.py:2726} INFO - Sync 1 DAGs
[2023-06-09T02:05:44.421+0000] {logging_mixin.py:149} INFO - [2023-06-09T02:05:44.420+0000] {dag.py:2747} INFO - Creating ORM DAG for primer-dag
[2023-06-09T02:05:44.431+0000] {logging_mixin.py:149} INFO - [2023-06-09T02:05:44.430+0000] {dag.py:3490} INFO - Setting next_dagrun for primer-dag to 2023-06-10T00:00:00+00:00, run_after=2023-06-10T00:00:00+00:00
[2023-06-09T02:05:44.445+0000] {processor.py:179} INFO - Processing /opt/airflow/dags/mi_primer_dag.py took 0.331 seconds
[2023-06-09T02:06:14.593+0000] {processor.py:157} INFO - Started process (PID=206) to work on /opt/airflow/dags/mi_primer_dag.py
[2023-06-09T02:06:14.595+0000] {processor.py:826} INFO - Processing file /opt/airflow/dags/mi_primer_dag.py for tasks to queue
[2023-06-09T02:06:14.597+0000] {logging_mixin.py:149} INFO - [2023-06-09T02:06:14.597+0000] {dagbag.py:541} INFO - Filling up the DagBag from /opt/airflow/dags/mi_primer_dag.py
[2023-06-09T02:06:14.619+0000] {processor.py:836} INFO - DAG(s) dict_keys(['primer-dag']) retrieved from /opt/airflow/dags/mi_primer_dag.py
[2023-06-09T02:06:14.655+0000] {logging_mixin.py:149} INFO - [2023-06-09T02:06:14.655+0000] {dag.py:2726} INFO - Sync 1 DAGs
[2023-06-09T02:06:14.677+0000] {logging_mixin.py:149} INFO - [2023-06-09T02:06:14.677+0000] {dag.py:3490} INFO - Setting next_dagrun for primer-dag to 2023-06-10T00:00:00+00:00, run_after=2023-06-10T00:00:00+00:00
[2023-06-09T02:06:14.689+0000] {processor.py:179} INFO - Processing /opt/airflow/dags/mi_primer_dag.py took 0.103 seconds
[2023-06-09T02:06:44.936+0000] {processor.py:157} INFO - Started process (PID=214) to work on /opt/airflow/dags/mi_primer_dag.py
[2023-06-09T02:06:44.939+0000] {processor.py:826} INFO - Processing file /opt/airflow/dags/mi_primer_dag.py for tasks to queue
[2023-06-09T02:06:44.941+0000] {logging_mixin.py:149} INFO - [2023-06-09T02:06:44.941+0000] {dagbag.py:541} INFO - Filling up the DagBag from /opt/airflow/dags/mi_primer_dag.py
[2023-06-09T02:06:44.961+0000] {processor.py:836} INFO - DAG(s) dict_keys(['primer-dag']) retrieved from /opt/airflow/dags/mi_primer_dag.py
[2023-06-09T02:06:45.002+0000] {logging_mixin.py:149} INFO - [2023-06-09T02:06:45.002+0000] {dag.py:2726} INFO - Sync 1 DAGs
[2023-06-09T02:06:45.019+0000] {logging_mixin.py:149} INFO - [2023-06-09T02:06:45.019+0000] {dag.py:3490} INFO - Setting next_dagrun for primer-dag to 2023-06-10T00:00:00+00:00, run_after=2023-06-10T00:00:00+00:00
[2023-06-09T02:06:45.030+0000] {processor.py:179} INFO - Processing /opt/airflow/dags/mi_primer_dag.py took 0.099 seconds
[2023-06-09T02:07:15.283+0000] {processor.py:157} INFO - Started process (PID=222) to work on /opt/airflow/dags/mi_primer_dag.py
[2023-06-09T02:07:15.285+0000] {processor.py:826} INFO - Processing file /opt/airflow/dags/mi_primer_dag.py for tasks to queue
[2023-06-09T02:07:15.286+0000] {logging_mixin.py:149} INFO - [2023-06-09T02:07:15.286+0000] {dagbag.py:541} INFO - Filling up the DagBag from /opt/airflow/dags/mi_primer_dag.py
[2023-06-09T02:07:15.302+0000] {processor.py:836} INFO - DAG(s) dict_keys(['primer-dag']) retrieved from /opt/airflow/dags/mi_primer_dag.py
[2023-06-09T02:07:15.340+0000] {logging_mixin.py:149} INFO - [2023-06-09T02:07:15.340+0000] {dag.py:2726} INFO - Sync 1 DAGs
[2023-06-09T02:07:15.360+0000] {logging_mixin.py:149} INFO - [2023-06-09T02:07:15.360+0000] {dag.py:3490} INFO - Setting next_dagrun for primer-dag to 2023-06-10T00:00:00+00:00, run_after=2023-06-10T00:00:00+00:00
[2023-06-09T02:07:15.372+0000] {processor.py:179} INFO - Processing /opt/airflow/dags/mi_primer_dag.py took 0.094 seconds
[2023-06-09T02:07:45.679+0000] {processor.py:157} INFO - Started process (PID=230) to work on /opt/airflow/dags/mi_primer_dag.py
[2023-06-09T02:07:45.683+0000] {processor.py:826} INFO - Processing file /opt/airflow/dags/mi_primer_dag.py for tasks to queue
[2023-06-09T02:07:45.684+0000] {logging_mixin.py:149} INFO - [2023-06-09T02:07:45.684+0000] {dagbag.py:541} INFO - Filling up the DagBag from /opt/airflow/dags/mi_primer_dag.py
[2023-06-09T02:07:45.704+0000] {processor.py:836} INFO - DAG(s) dict_keys(['primer-dag']) retrieved from /opt/airflow/dags/mi_primer_dag.py
[2023-06-09T02:07:45.733+0000] {logging_mixin.py:149} INFO - [2023-06-09T02:07:45.733+0000] {dag.py:2726} INFO - Sync 1 DAGs
[2023-06-09T02:07:45.769+0000] {logging_mixin.py:149} INFO - [2023-06-09T02:07:45.769+0000] {dag.py:3490} INFO - Setting next_dagrun for primer-dag to 2023-06-10T00:00:00+00:00, run_after=2023-06-10T00:00:00+00:00
[2023-06-09T02:07:45.783+0000] {processor.py:179} INFO - Processing /opt/airflow/dags/mi_primer_dag.py took 0.111 seconds
