[2023-06-09T01:25:11.810+0000] {processor.py:157} INFO - Started process (PID=40) to work on /home/airflow/.local/lib/python3.7/site-packages/airflow/example_dags/example_latest_only.py
[2023-06-09T01:25:11.856+0000] {processor.py:826} INFO - Processing file /home/airflow/.local/lib/python3.7/site-packages/airflow/example_dags/example_latest_only.py for tasks to queue
[2023-06-09T01:25:11.862+0000] {logging_mixin.py:149} INFO - [2023-06-09T01:25:11.861+0000] {dagbag.py:541} INFO - Filling up the DagBag from /home/airflow/.local/lib/python3.7/site-packages/airflow/example_dags/example_latest_only.py
[2023-06-09T01:25:12.143+0000] {processor.py:836} INFO - DAG(s) dict_keys(['latest_only']) retrieved from /home/airflow/.local/lib/python3.7/site-packages/airflow/example_dags/example_latest_only.py
[2023-06-09T01:25:13.171+0000] {logging_mixin.py:149} INFO - [2023-06-09T01:25:13.160+0000] {manager.py:504} INFO - Created Permission View: can delete on DAG:latest_only
[2023-06-09T01:25:13.284+0000] {logging_mixin.py:149} INFO - [2023-06-09T01:25:13.284+0000] {manager.py:504} INFO - Created Permission View: can edit on DAG:latest_only
[2023-06-09T01:25:13.602+0000] {logging_mixin.py:149} INFO - [2023-06-09T01:25:13.602+0000] {manager.py:504} INFO - Created Permission View: can read on DAG:latest_only
[2023-06-09T01:25:13.680+0000] {logging_mixin.py:149} INFO - [2023-06-09T01:25:13.679+0000] {dag.py:2726} INFO - Sync 1 DAGs
[2023-06-09T01:25:13.756+0000] {logging_mixin.py:149} INFO - [2023-06-09T01:25:13.752+0000] {dag.py:2747} INFO - Creating ORM DAG for latest_only
[2023-06-09T01:25:13.868+0000] {logging_mixin.py:149} INFO - [2023-06-09T01:25:13.868+0000] {dag.py:3490} INFO - Setting next_dagrun for latest_only to 2023-06-08T21:25:13.866741+00:00, run_after=2023-06-09T01:25:13.866741+00:00
[2023-06-09T01:25:14.124+0000] {processor.py:179} INFO - Processing /home/airflow/.local/lib/python3.7/site-packages/airflow/example_dags/example_latest_only.py took 2.337 seconds
[2023-06-09T01:25:45.510+0000] {processor.py:157} INFO - Started process (PID=95) to work on /home/airflow/.local/lib/python3.7/site-packages/airflow/example_dags/example_latest_only.py
[2023-06-09T01:25:45.539+0000] {processor.py:826} INFO - Processing file /home/airflow/.local/lib/python3.7/site-packages/airflow/example_dags/example_latest_only.py for tasks to queue
[2023-06-09T01:25:45.547+0000] {logging_mixin.py:149} INFO - [2023-06-09T01:25:45.547+0000] {dagbag.py:541} INFO - Filling up the DagBag from /home/airflow/.local/lib/python3.7/site-packages/airflow/example_dags/example_latest_only.py
[2023-06-09T01:25:45.562+0000] {processor.py:836} INFO - DAG(s) dict_keys(['latest_only']) retrieved from /home/airflow/.local/lib/python3.7/site-packages/airflow/example_dags/example_latest_only.py
[2023-06-09T01:25:45.631+0000] {logging_mixin.py:149} INFO - [2023-06-09T01:25:45.631+0000] {dag.py:2726} INFO - Sync 1 DAGs
[2023-06-09T01:25:45.714+0000] {logging_mixin.py:149} INFO - [2023-06-09T01:25:45.713+0000] {dag.py:3490} INFO - Setting next_dagrun for latest_only to 2023-06-08T21:25:45.713458+00:00, run_after=2023-06-09T01:25:45.713458+00:00
[2023-06-09T01:25:46.143+0000] {processor.py:179} INFO - Processing /home/airflow/.local/lib/python3.7/site-packages/airflow/example_dags/example_latest_only.py took 0.640 seconds
[2023-06-09T01:26:17.157+0000] {processor.py:157} INFO - Started process (PID=158) to work on /home/airflow/.local/lib/python3.7/site-packages/airflow/example_dags/example_latest_only.py
[2023-06-09T01:26:17.159+0000] {processor.py:826} INFO - Processing file /home/airflow/.local/lib/python3.7/site-packages/airflow/example_dags/example_latest_only.py for tasks to queue
[2023-06-09T01:26:17.160+0000] {logging_mixin.py:149} INFO - [2023-06-09T01:26:17.160+0000] {dagbag.py:541} INFO - Filling up the DagBag from /home/airflow/.local/lib/python3.7/site-packages/airflow/example_dags/example_latest_only.py
[2023-06-09T01:26:17.167+0000] {processor.py:836} INFO - DAG(s) dict_keys(['latest_only']) retrieved from /home/airflow/.local/lib/python3.7/site-packages/airflow/example_dags/example_latest_only.py
[2023-06-09T01:26:17.197+0000] {logging_mixin.py:149} INFO - [2023-06-09T01:26:17.197+0000] {dag.py:2726} INFO - Sync 1 DAGs
[2023-06-09T01:26:17.223+0000] {logging_mixin.py:149} INFO - [2023-06-09T01:26:17.223+0000] {dag.py:3490} INFO - Setting next_dagrun for latest_only to 2023-06-08T21:26:17.223224+00:00, run_after=2023-06-09T01:26:17.223224+00:00
[2023-06-09T01:26:17.247+0000] {processor.py:179} INFO - Processing /home/airflow/.local/lib/python3.7/site-packages/airflow/example_dags/example_latest_only.py took 0.093 seconds
[2023-06-09T01:26:47.327+0000] {processor.py:157} INFO - Started process (PID=214) to work on /home/airflow/.local/lib/python3.7/site-packages/airflow/example_dags/example_latest_only.py
[2023-06-09T01:26:47.328+0000] {processor.py:826} INFO - Processing file /home/airflow/.local/lib/python3.7/site-packages/airflow/example_dags/example_latest_only.py for tasks to queue
[2023-06-09T01:26:47.329+0000] {logging_mixin.py:149} INFO - [2023-06-09T01:26:47.329+0000] {dagbag.py:541} INFO - Filling up the DagBag from /home/airflow/.local/lib/python3.7/site-packages/airflow/example_dags/example_latest_only.py
[2023-06-09T01:26:47.336+0000] {processor.py:836} INFO - DAG(s) dict_keys(['latest_only']) retrieved from /home/airflow/.local/lib/python3.7/site-packages/airflow/example_dags/example_latest_only.py
[2023-06-09T01:26:47.358+0000] {logging_mixin.py:149} INFO - [2023-06-09T01:26:47.358+0000] {dag.py:2726} INFO - Sync 1 DAGs
[2023-06-09T01:26:47.376+0000] {logging_mixin.py:149} INFO - [2023-06-09T01:26:47.376+0000] {dag.py:3490} INFO - Setting next_dagrun for latest_only to 2023-06-08T21:26:47.375858+00:00, run_after=2023-06-09T01:26:47.375858+00:00
[2023-06-09T01:26:47.387+0000] {processor.py:179} INFO - Processing /home/airflow/.local/lib/python3.7/site-packages/airflow/example_dags/example_latest_only.py took 0.064 seconds
[2023-06-09T01:27:17.845+0000] {processor.py:157} INFO - Started process (PID=270) to work on /home/airflow/.local/lib/python3.7/site-packages/airflow/example_dags/example_latest_only.py
[2023-06-09T01:27:17.849+0000] {processor.py:826} INFO - Processing file /home/airflow/.local/lib/python3.7/site-packages/airflow/example_dags/example_latest_only.py for tasks to queue
[2023-06-09T01:27:17.850+0000] {logging_mixin.py:149} INFO - [2023-06-09T01:27:17.850+0000] {dagbag.py:541} INFO - Filling up the DagBag from /home/airflow/.local/lib/python3.7/site-packages/airflow/example_dags/example_latest_only.py
[2023-06-09T01:27:17.861+0000] {processor.py:836} INFO - DAG(s) dict_keys(['latest_only']) retrieved from /home/airflow/.local/lib/python3.7/site-packages/airflow/example_dags/example_latest_only.py
[2023-06-09T01:27:17.890+0000] {logging_mixin.py:149} INFO - [2023-06-09T01:27:17.889+0000] {dag.py:2726} INFO - Sync 1 DAGs
[2023-06-09T01:27:17.908+0000] {logging_mixin.py:149} INFO - [2023-06-09T01:27:17.908+0000] {dag.py:3490} INFO - Setting next_dagrun for latest_only to 2023-06-08T21:27:17.908643+00:00, run_after=2023-06-09T01:27:17.908643+00:00
[2023-06-09T01:27:17.921+0000] {processor.py:179} INFO - Processing /home/airflow/.local/lib/python3.7/site-packages/airflow/example_dags/example_latest_only.py took 0.085 seconds
[2023-06-09T01:27:48.351+0000] {processor.py:157} INFO - Started process (PID=326) to work on /home/airflow/.local/lib/python3.7/site-packages/airflow/example_dags/example_latest_only.py
[2023-06-09T01:27:48.354+0000] {processor.py:826} INFO - Processing file /home/airflow/.local/lib/python3.7/site-packages/airflow/example_dags/example_latest_only.py for tasks to queue
[2023-06-09T01:27:48.355+0000] {logging_mixin.py:149} INFO - [2023-06-09T01:27:48.355+0000] {dagbag.py:541} INFO - Filling up the DagBag from /home/airflow/.local/lib/python3.7/site-packages/airflow/example_dags/example_latest_only.py
[2023-06-09T01:27:48.364+0000] {processor.py:836} INFO - DAG(s) dict_keys(['latest_only']) retrieved from /home/airflow/.local/lib/python3.7/site-packages/airflow/example_dags/example_latest_only.py
[2023-06-09T01:27:48.394+0000] {logging_mixin.py:149} INFO - [2023-06-09T01:27:48.394+0000] {dag.py:2726} INFO - Sync 1 DAGs
[2023-06-09T01:27:48.413+0000] {logging_mixin.py:149} INFO - [2023-06-09T01:27:48.413+0000] {dag.py:3490} INFO - Setting next_dagrun for latest_only to 2023-06-08T21:27:48.413623+00:00, run_after=2023-06-09T01:27:48.413623+00:00
[2023-06-09T01:27:48.428+0000] {processor.py:179} INFO - Processing /home/airflow/.local/lib/python3.7/site-packages/airflow/example_dags/example_latest_only.py took 0.083 seconds
[2023-06-09T01:28:18.990+0000] {processor.py:157} INFO - Started process (PID=382) to work on /home/airflow/.local/lib/python3.7/site-packages/airflow/example_dags/example_latest_only.py
[2023-06-09T01:28:18.992+0000] {processor.py:826} INFO - Processing file /home/airflow/.local/lib/python3.7/site-packages/airflow/example_dags/example_latest_only.py for tasks to queue
[2023-06-09T01:28:18.993+0000] {logging_mixin.py:149} INFO - [2023-06-09T01:28:18.993+0000] {dagbag.py:541} INFO - Filling up the DagBag from /home/airflow/.local/lib/python3.7/site-packages/airflow/example_dags/example_latest_only.py
[2023-06-09T01:28:19.006+0000] {processor.py:836} INFO - DAG(s) dict_keys(['latest_only']) retrieved from /home/airflow/.local/lib/python3.7/site-packages/airflow/example_dags/example_latest_only.py
[2023-06-09T01:28:19.065+0000] {logging_mixin.py:149} INFO - [2023-06-09T01:28:19.065+0000] {dag.py:2726} INFO - Sync 1 DAGs
[2023-06-09T01:28:19.092+0000] {logging_mixin.py:149} INFO - [2023-06-09T01:28:19.092+0000] {dag.py:3490} INFO - Setting next_dagrun for latest_only to 2023-06-08T21:28:19.091857+00:00, run_after=2023-06-09T01:28:19.091857+00:00
[2023-06-09T01:28:19.114+0000] {processor.py:179} INFO - Processing /home/airflow/.local/lib/python3.7/site-packages/airflow/example_dags/example_latest_only.py took 0.127 seconds
[2023-06-09T01:28:49.324+0000] {processor.py:157} INFO - Started process (PID=438) to work on /home/airflow/.local/lib/python3.7/site-packages/airflow/example_dags/example_latest_only.py
[2023-06-09T01:28:49.326+0000] {processor.py:826} INFO - Processing file /home/airflow/.local/lib/python3.7/site-packages/airflow/example_dags/example_latest_only.py for tasks to queue
[2023-06-09T01:28:49.329+0000] {logging_mixin.py:149} INFO - [2023-06-09T01:28:49.328+0000] {dagbag.py:541} INFO - Filling up the DagBag from /home/airflow/.local/lib/python3.7/site-packages/airflow/example_dags/example_latest_only.py
[2023-06-09T01:28:49.336+0000] {processor.py:836} INFO - DAG(s) dict_keys(['latest_only']) retrieved from /home/airflow/.local/lib/python3.7/site-packages/airflow/example_dags/example_latest_only.py
[2023-06-09T01:28:49.427+0000] {logging_mixin.py:149} INFO - [2023-06-09T01:28:49.427+0000] {dag.py:2726} INFO - Sync 1 DAGs
[2023-06-09T01:28:49.474+0000] {logging_mixin.py:149} INFO - [2023-06-09T01:28:49.474+0000] {dag.py:3490} INFO - Setting next_dagrun for latest_only to 2023-06-08T21:28:49.474170+00:00, run_after=2023-06-09T01:28:49.474170+00:00
[2023-06-09T01:28:49.491+0000] {processor.py:179} INFO - Processing /home/airflow/.local/lib/python3.7/site-packages/airflow/example_dags/example_latest_only.py took 0.172 seconds
[2023-06-09T01:29:19.890+0000] {processor.py:157} INFO - Started process (PID=494) to work on /home/airflow/.local/lib/python3.7/site-packages/airflow/example_dags/example_latest_only.py
[2023-06-09T01:29:19.897+0000] {processor.py:826} INFO - Processing file /home/airflow/.local/lib/python3.7/site-packages/airflow/example_dags/example_latest_only.py for tasks to queue
[2023-06-09T01:29:19.901+0000] {logging_mixin.py:149} INFO - [2023-06-09T01:29:19.901+0000] {dagbag.py:541} INFO - Filling up the DagBag from /home/airflow/.local/lib/python3.7/site-packages/airflow/example_dags/example_latest_only.py
[2023-06-09T01:29:19.914+0000] {processor.py:836} INFO - DAG(s) dict_keys(['latest_only']) retrieved from /home/airflow/.local/lib/python3.7/site-packages/airflow/example_dags/example_latest_only.py
[2023-06-09T01:29:19.959+0000] {logging_mixin.py:149} INFO - [2023-06-09T01:29:19.958+0000] {dag.py:2726} INFO - Sync 1 DAGs
[2023-06-09T01:29:19.995+0000] {logging_mixin.py:149} INFO - [2023-06-09T01:29:19.995+0000] {dag.py:3490} INFO - Setting next_dagrun for latest_only to 2023-06-08T21:29:19.994955+00:00, run_after=2023-06-09T01:29:19.994955+00:00
[2023-06-09T01:29:20.017+0000] {processor.py:179} INFO - Processing /home/airflow/.local/lib/python3.7/site-packages/airflow/example_dags/example_latest_only.py took 0.136 seconds
[2023-06-09T01:29:50.515+0000] {processor.py:157} INFO - Started process (PID=550) to work on /home/airflow/.local/lib/python3.7/site-packages/airflow/example_dags/example_latest_only.py
[2023-06-09T01:29:50.518+0000] {processor.py:826} INFO - Processing file /home/airflow/.local/lib/python3.7/site-packages/airflow/example_dags/example_latest_only.py for tasks to queue
[2023-06-09T01:29:50.519+0000] {logging_mixin.py:149} INFO - [2023-06-09T01:29:50.518+0000] {dagbag.py:541} INFO - Filling up the DagBag from /home/airflow/.local/lib/python3.7/site-packages/airflow/example_dags/example_latest_only.py
[2023-06-09T01:29:50.525+0000] {processor.py:836} INFO - DAG(s) dict_keys(['latest_only']) retrieved from /home/airflow/.local/lib/python3.7/site-packages/airflow/example_dags/example_latest_only.py
[2023-06-09T01:29:50.549+0000] {logging_mixin.py:149} INFO - [2023-06-09T01:29:50.549+0000] {dag.py:2726} INFO - Sync 1 DAGs
[2023-06-09T01:29:50.568+0000] {logging_mixin.py:149} INFO - [2023-06-09T01:29:50.568+0000] {dag.py:3490} INFO - Setting next_dagrun for latest_only to 2023-06-08T21:29:50.568397+00:00, run_after=2023-06-09T01:29:50.568397+00:00
[2023-06-09T01:29:50.582+0000] {processor.py:179} INFO - Processing /home/airflow/.local/lib/python3.7/site-packages/airflow/example_dags/example_latest_only.py took 0.070 seconds
[2023-06-09T01:30:20.946+0000] {processor.py:157} INFO - Started process (PID=601) to work on /home/airflow/.local/lib/python3.7/site-packages/airflow/example_dags/example_latest_only.py
[2023-06-09T01:30:20.952+0000] {processor.py:826} INFO - Processing file /home/airflow/.local/lib/python3.7/site-packages/airflow/example_dags/example_latest_only.py for tasks to queue
[2023-06-09T01:30:20.958+0000] {logging_mixin.py:149} INFO - [2023-06-09T01:30:20.957+0000] {dagbag.py:541} INFO - Filling up the DagBag from /home/airflow/.local/lib/python3.7/site-packages/airflow/example_dags/example_latest_only.py
[2023-06-09T01:30:21.002+0000] {processor.py:836} INFO - DAG(s) dict_keys(['latest_only']) retrieved from /home/airflow/.local/lib/python3.7/site-packages/airflow/example_dags/example_latest_only.py
[2023-06-09T01:30:21.146+0000] {logging_mixin.py:149} INFO - [2023-06-09T01:30:21.146+0000] {dag.py:2726} INFO - Sync 1 DAGs
[2023-06-09T01:30:21.302+0000] {logging_mixin.py:149} INFO - [2023-06-09T01:30:21.302+0000] {dag.py:3490} INFO - Setting next_dagrun for latest_only to 2023-06-08T21:30:21.301878+00:00, run_after=2023-06-09T01:30:21.301878+00:00
[2023-06-09T01:30:21.409+0000] {processor.py:179} INFO - Processing /home/airflow/.local/lib/python3.7/site-packages/airflow/example_dags/example_latest_only.py took 0.472 seconds
[2023-06-09T01:30:52.276+0000] {processor.py:157} INFO - Started process (PID=657) to work on /home/airflow/.local/lib/python3.7/site-packages/airflow/example_dags/example_latest_only.py
[2023-06-09T01:30:52.279+0000] {processor.py:826} INFO - Processing file /home/airflow/.local/lib/python3.7/site-packages/airflow/example_dags/example_latest_only.py for tasks to queue
[2023-06-09T01:30:52.281+0000] {logging_mixin.py:149} INFO - [2023-06-09T01:30:52.281+0000] {dagbag.py:541} INFO - Filling up the DagBag from /home/airflow/.local/lib/python3.7/site-packages/airflow/example_dags/example_latest_only.py
[2023-06-09T01:30:52.291+0000] {processor.py:836} INFO - DAG(s) dict_keys(['latest_only']) retrieved from /home/airflow/.local/lib/python3.7/site-packages/airflow/example_dags/example_latest_only.py
[2023-06-09T01:30:52.323+0000] {logging_mixin.py:149} INFO - [2023-06-09T01:30:52.323+0000] {dag.py:2726} INFO - Sync 1 DAGs
[2023-06-09T01:30:52.346+0000] {logging_mixin.py:149} INFO - [2023-06-09T01:30:52.346+0000] {dag.py:3490} INFO - Setting next_dagrun for latest_only to 2023-06-08T21:30:52.346389+00:00, run_after=2023-06-09T01:30:52.346389+00:00
[2023-06-09T01:30:52.365+0000] {processor.py:179} INFO - Processing /home/airflow/.local/lib/python3.7/site-packages/airflow/example_dags/example_latest_only.py took 0.095 seconds
[2023-06-09T01:31:22.424+0000] {processor.py:157} INFO - Started process (PID=712) to work on /home/airflow/.local/lib/python3.7/site-packages/airflow/example_dags/example_latest_only.py
[2023-06-09T01:31:22.427+0000] {processor.py:826} INFO - Processing file /home/airflow/.local/lib/python3.7/site-packages/airflow/example_dags/example_latest_only.py for tasks to queue
[2023-06-09T01:31:22.429+0000] {logging_mixin.py:149} INFO - [2023-06-09T01:31:22.428+0000] {dagbag.py:541} INFO - Filling up the DagBag from /home/airflow/.local/lib/python3.7/site-packages/airflow/example_dags/example_latest_only.py
[2023-06-09T01:31:22.437+0000] {processor.py:836} INFO - DAG(s) dict_keys(['latest_only']) retrieved from /home/airflow/.local/lib/python3.7/site-packages/airflow/example_dags/example_latest_only.py
[2023-06-09T01:31:22.467+0000] {logging_mixin.py:149} INFO - [2023-06-09T01:31:22.466+0000] {dag.py:2726} INFO - Sync 1 DAGs
[2023-06-09T01:31:22.486+0000] {logging_mixin.py:149} INFO - [2023-06-09T01:31:22.486+0000] {dag.py:3490} INFO - Setting next_dagrun for latest_only to 2023-06-08T21:31:22.485900+00:00, run_after=2023-06-09T01:31:22.485900+00:00
[2023-06-09T01:31:22.503+0000] {processor.py:179} INFO - Processing /home/airflow/.local/lib/python3.7/site-packages/airflow/example_dags/example_latest_only.py took 0.086 seconds
[2023-06-09T01:31:53.322+0000] {processor.py:157} INFO - Started process (PID=769) to work on /home/airflow/.local/lib/python3.7/site-packages/airflow/example_dags/example_latest_only.py
[2023-06-09T01:31:53.324+0000] {processor.py:826} INFO - Processing file /home/airflow/.local/lib/python3.7/site-packages/airflow/example_dags/example_latest_only.py for tasks to queue
[2023-06-09T01:31:53.325+0000] {logging_mixin.py:149} INFO - [2023-06-09T01:31:53.325+0000] {dagbag.py:541} INFO - Filling up the DagBag from /home/airflow/.local/lib/python3.7/site-packages/airflow/example_dags/example_latest_only.py
[2023-06-09T01:31:53.332+0000] {processor.py:836} INFO - DAG(s) dict_keys(['latest_only']) retrieved from /home/airflow/.local/lib/python3.7/site-packages/airflow/example_dags/example_latest_only.py
[2023-06-09T01:31:53.355+0000] {logging_mixin.py:149} INFO - [2023-06-09T01:31:53.355+0000] {dag.py:2726} INFO - Sync 1 DAGs
[2023-06-09T01:31:53.371+0000] {logging_mixin.py:149} INFO - [2023-06-09T01:31:53.370+0000] {dag.py:3490} INFO - Setting next_dagrun for latest_only to 2023-06-08T21:31:53.370680+00:00, run_after=2023-06-09T01:31:53.370680+00:00
[2023-06-09T01:31:53.389+0000] {processor.py:179} INFO - Processing /home/airflow/.local/lib/python3.7/site-packages/airflow/example_dags/example_latest_only.py took 0.072 seconds
[2023-06-09T01:32:23.628+0000] {processor.py:157} INFO - Started process (PID=825) to work on /home/airflow/.local/lib/python3.7/site-packages/airflow/example_dags/example_latest_only.py
[2023-06-09T01:32:23.630+0000] {processor.py:826} INFO - Processing file /home/airflow/.local/lib/python3.7/site-packages/airflow/example_dags/example_latest_only.py for tasks to queue
[2023-06-09T01:32:23.632+0000] {logging_mixin.py:149} INFO - [2023-06-09T01:32:23.632+0000] {dagbag.py:541} INFO - Filling up the DagBag from /home/airflow/.local/lib/python3.7/site-packages/airflow/example_dags/example_latest_only.py
[2023-06-09T01:32:23.643+0000] {processor.py:836} INFO - DAG(s) dict_keys(['latest_only']) retrieved from /home/airflow/.local/lib/python3.7/site-packages/airflow/example_dags/example_latest_only.py
[2023-06-09T01:32:23.667+0000] {logging_mixin.py:149} INFO - [2023-06-09T01:32:23.667+0000] {dag.py:2726} INFO - Sync 1 DAGs
[2023-06-09T01:32:23.689+0000] {logging_mixin.py:149} INFO - [2023-06-09T01:32:23.688+0000] {dag.py:3490} INFO - Setting next_dagrun for latest_only to 2023-06-08T21:32:23.688753+00:00, run_after=2023-06-09T01:32:23.688753+00:00
[2023-06-09T01:32:23.700+0000] {processor.py:179} INFO - Processing /home/airflow/.local/lib/python3.7/site-packages/airflow/example_dags/example_latest_only.py took 0.080 seconds
[2023-06-09T01:32:53.773+0000] {processor.py:157} INFO - Started process (PID=881) to work on /home/airflow/.local/lib/python3.7/site-packages/airflow/example_dags/example_latest_only.py
[2023-06-09T01:32:53.774+0000] {processor.py:826} INFO - Processing file /home/airflow/.local/lib/python3.7/site-packages/airflow/example_dags/example_latest_only.py for tasks to queue
[2023-06-09T01:32:53.776+0000] {logging_mixin.py:149} INFO - [2023-06-09T01:32:53.775+0000] {dagbag.py:541} INFO - Filling up the DagBag from /home/airflow/.local/lib/python3.7/site-packages/airflow/example_dags/example_latest_only.py
[2023-06-09T01:32:53.783+0000] {processor.py:836} INFO - DAG(s) dict_keys(['latest_only']) retrieved from /home/airflow/.local/lib/python3.7/site-packages/airflow/example_dags/example_latest_only.py
[2023-06-09T01:32:53.806+0000] {logging_mixin.py:149} INFO - [2023-06-09T01:32:53.806+0000] {dag.py:2726} INFO - Sync 1 DAGs
[2023-06-09T01:32:53.822+0000] {logging_mixin.py:149} INFO - [2023-06-09T01:32:53.822+0000] {dag.py:3490} INFO - Setting next_dagrun for latest_only to 2023-06-08T21:32:53.822053+00:00, run_after=2023-06-09T01:32:53.822053+00:00
[2023-06-09T01:32:53.833+0000] {processor.py:179} INFO - Processing /home/airflow/.local/lib/python3.7/site-packages/airflow/example_dags/example_latest_only.py took 0.066 seconds
[2023-06-09T01:33:23.970+0000] {processor.py:157} INFO - Started process (PID=937) to work on /home/airflow/.local/lib/python3.7/site-packages/airflow/example_dags/example_latest_only.py
[2023-06-09T01:33:23.971+0000] {processor.py:826} INFO - Processing file /home/airflow/.local/lib/python3.7/site-packages/airflow/example_dags/example_latest_only.py for tasks to queue
[2023-06-09T01:33:23.973+0000] {logging_mixin.py:149} INFO - [2023-06-09T01:33:23.972+0000] {dagbag.py:541} INFO - Filling up the DagBag from /home/airflow/.local/lib/python3.7/site-packages/airflow/example_dags/example_latest_only.py
[2023-06-09T01:33:23.980+0000] {processor.py:836} INFO - DAG(s) dict_keys(['latest_only']) retrieved from /home/airflow/.local/lib/python3.7/site-packages/airflow/example_dags/example_latest_only.py
[2023-06-09T01:33:24.005+0000] {logging_mixin.py:149} INFO - [2023-06-09T01:33:24.005+0000] {dag.py:2726} INFO - Sync 1 DAGs
[2023-06-09T01:33:24.021+0000] {logging_mixin.py:149} INFO - [2023-06-09T01:33:24.021+0000] {dag.py:3490} INFO - Setting next_dagrun for latest_only to 2023-06-08T21:33:24.021133+00:00, run_after=2023-06-09T01:33:24.021133+00:00
[2023-06-09T01:33:24.032+0000] {processor.py:179} INFO - Processing /home/airflow/.local/lib/python3.7/site-packages/airflow/example_dags/example_latest_only.py took 0.068 seconds
[2023-06-09T01:33:54.156+0000] {processor.py:157} INFO - Started process (PID=993) to work on /home/airflow/.local/lib/python3.7/site-packages/airflow/example_dags/example_latest_only.py
[2023-06-09T01:33:54.158+0000] {processor.py:826} INFO - Processing file /home/airflow/.local/lib/python3.7/site-packages/airflow/example_dags/example_latest_only.py for tasks to queue
[2023-06-09T01:33:54.159+0000] {logging_mixin.py:149} INFO - [2023-06-09T01:33:54.159+0000] {dagbag.py:541} INFO - Filling up the DagBag from /home/airflow/.local/lib/python3.7/site-packages/airflow/example_dags/example_latest_only.py
[2023-06-09T01:33:54.168+0000] {processor.py:836} INFO - DAG(s) dict_keys(['latest_only']) retrieved from /home/airflow/.local/lib/python3.7/site-packages/airflow/example_dags/example_latest_only.py
[2023-06-09T01:33:54.192+0000] {logging_mixin.py:149} INFO - [2023-06-09T01:33:54.192+0000] {dag.py:2726} INFO - Sync 1 DAGs
[2023-06-09T01:33:54.214+0000] {logging_mixin.py:149} INFO - [2023-06-09T01:33:54.214+0000] {dag.py:3490} INFO - Setting next_dagrun for latest_only to 2023-06-08T21:33:54.214380+00:00, run_after=2023-06-09T01:33:54.214380+00:00
[2023-06-09T01:33:54.233+0000] {processor.py:179} INFO - Processing /home/airflow/.local/lib/python3.7/site-packages/airflow/example_dags/example_latest_only.py took 0.082 seconds
[2023-06-09T01:34:24.447+0000] {processor.py:157} INFO - Started process (PID=1049) to work on /home/airflow/.local/lib/python3.7/site-packages/airflow/example_dags/example_latest_only.py
[2023-06-09T01:34:24.449+0000] {processor.py:826} INFO - Processing file /home/airflow/.local/lib/python3.7/site-packages/airflow/example_dags/example_latest_only.py for tasks to queue
[2023-06-09T01:34:24.451+0000] {logging_mixin.py:149} INFO - [2023-06-09T01:34:24.450+0000] {dagbag.py:541} INFO - Filling up the DagBag from /home/airflow/.local/lib/python3.7/site-packages/airflow/example_dags/example_latest_only.py
[2023-06-09T01:34:24.461+0000] {processor.py:836} INFO - DAG(s) dict_keys(['latest_only']) retrieved from /home/airflow/.local/lib/python3.7/site-packages/airflow/example_dags/example_latest_only.py
[2023-06-09T01:34:24.489+0000] {logging_mixin.py:149} INFO - [2023-06-09T01:34:24.489+0000] {dag.py:2726} INFO - Sync 1 DAGs
[2023-06-09T01:34:24.507+0000] {logging_mixin.py:149} INFO - [2023-06-09T01:34:24.506+0000] {dag.py:3490} INFO - Setting next_dagrun for latest_only to 2023-06-08T21:34:24.506701+00:00, run_after=2023-06-09T01:34:24.506701+00:00
[2023-06-09T01:34:24.521+0000] {processor.py:179} INFO - Processing /home/airflow/.local/lib/python3.7/site-packages/airflow/example_dags/example_latest_only.py took 0.081 seconds
[2023-06-09T01:34:54.997+0000] {processor.py:157} INFO - Started process (PID=1105) to work on /home/airflow/.local/lib/python3.7/site-packages/airflow/example_dags/example_latest_only.py
[2023-06-09T01:34:54.999+0000] {processor.py:826} INFO - Processing file /home/airflow/.local/lib/python3.7/site-packages/airflow/example_dags/example_latest_only.py for tasks to queue
[2023-06-09T01:34:55.000+0000] {logging_mixin.py:149} INFO - [2023-06-09T01:34:55.000+0000] {dagbag.py:541} INFO - Filling up the DagBag from /home/airflow/.local/lib/python3.7/site-packages/airflow/example_dags/example_latest_only.py
[2023-06-09T01:34:55.008+0000] {processor.py:836} INFO - DAG(s) dict_keys(['latest_only']) retrieved from /home/airflow/.local/lib/python3.7/site-packages/airflow/example_dags/example_latest_only.py
[2023-06-09T01:34:55.071+0000] {logging_mixin.py:149} INFO - [2023-06-09T01:34:55.071+0000] {dag.py:2726} INFO - Sync 1 DAGs
[2023-06-09T01:34:55.107+0000] {logging_mixin.py:149} INFO - [2023-06-09T01:34:55.107+0000] {dag.py:3490} INFO - Setting next_dagrun for latest_only to 2023-06-08T21:34:55.106897+00:00, run_after=2023-06-09T01:34:55.106897+00:00
[2023-06-09T01:34:55.140+0000] {processor.py:179} INFO - Processing /home/airflow/.local/lib/python3.7/site-packages/airflow/example_dags/example_latest_only.py took 0.147 seconds
[2023-06-09T01:35:25.618+0000] {processor.py:157} INFO - Started process (PID=1161) to work on /home/airflow/.local/lib/python3.7/site-packages/airflow/example_dags/example_latest_only.py
[2023-06-09T01:35:25.620+0000] {processor.py:826} INFO - Processing file /home/airflow/.local/lib/python3.7/site-packages/airflow/example_dags/example_latest_only.py for tasks to queue
[2023-06-09T01:35:25.622+0000] {logging_mixin.py:149} INFO - [2023-06-09T01:35:25.621+0000] {dagbag.py:541} INFO - Filling up the DagBag from /home/airflow/.local/lib/python3.7/site-packages/airflow/example_dags/example_latest_only.py
[2023-06-09T01:35:25.631+0000] {processor.py:836} INFO - DAG(s) dict_keys(['latest_only']) retrieved from /home/airflow/.local/lib/python3.7/site-packages/airflow/example_dags/example_latest_only.py
[2023-06-09T01:35:25.660+0000] {logging_mixin.py:149} INFO - [2023-06-09T01:35:25.660+0000] {dag.py:2726} INFO - Sync 1 DAGs
[2023-06-09T01:35:25.681+0000] {logging_mixin.py:149} INFO - [2023-06-09T01:35:25.681+0000] {dag.py:3490} INFO - Setting next_dagrun for latest_only to 2023-06-08T21:35:25.680726+00:00, run_after=2023-06-09T01:35:25.680726+00:00
[2023-06-09T01:35:25.700+0000] {processor.py:179} INFO - Processing /home/airflow/.local/lib/python3.7/site-packages/airflow/example_dags/example_latest_only.py took 0.087 seconds
[2023-06-09T01:35:55.912+0000] {processor.py:157} INFO - Started process (PID=1217) to work on /home/airflow/.local/lib/python3.7/site-packages/airflow/example_dags/example_latest_only.py
[2023-06-09T01:35:55.914+0000] {processor.py:826} INFO - Processing file /home/airflow/.local/lib/python3.7/site-packages/airflow/example_dags/example_latest_only.py for tasks to queue
[2023-06-09T01:35:55.916+0000] {logging_mixin.py:149} INFO - [2023-06-09T01:35:55.916+0000] {dagbag.py:541} INFO - Filling up the DagBag from /home/airflow/.local/lib/python3.7/site-packages/airflow/example_dags/example_latest_only.py
[2023-06-09T01:35:55.926+0000] {processor.py:836} INFO - DAG(s) dict_keys(['latest_only']) retrieved from /home/airflow/.local/lib/python3.7/site-packages/airflow/example_dags/example_latest_only.py
[2023-06-09T01:35:55.953+0000] {logging_mixin.py:149} INFO - [2023-06-09T01:35:55.953+0000] {dag.py:2726} INFO - Sync 1 DAGs
[2023-06-09T01:35:55.979+0000] {logging_mixin.py:149} INFO - [2023-06-09T01:35:55.979+0000] {dag.py:3490} INFO - Setting next_dagrun for latest_only to 2023-06-08T21:35:55.978983+00:00, run_after=2023-06-09T01:35:55.978983+00:00
[2023-06-09T01:35:55.997+0000] {processor.py:179} INFO - Processing /home/airflow/.local/lib/python3.7/site-packages/airflow/example_dags/example_latest_only.py took 0.092 seconds
[2023-06-09T01:36:26.807+0000] {processor.py:157} INFO - Started process (PID=1273) to work on /home/airflow/.local/lib/python3.7/site-packages/airflow/example_dags/example_latest_only.py
[2023-06-09T01:36:26.810+0000] {processor.py:826} INFO - Processing file /home/airflow/.local/lib/python3.7/site-packages/airflow/example_dags/example_latest_only.py for tasks to queue
[2023-06-09T01:36:26.811+0000] {logging_mixin.py:149} INFO - [2023-06-09T01:36:26.811+0000] {dagbag.py:541} INFO - Filling up the DagBag from /home/airflow/.local/lib/python3.7/site-packages/airflow/example_dags/example_latest_only.py
[2023-06-09T01:36:26.820+0000] {processor.py:836} INFO - DAG(s) dict_keys(['latest_only']) retrieved from /home/airflow/.local/lib/python3.7/site-packages/airflow/example_dags/example_latest_only.py
[2023-06-09T01:36:26.846+0000] {logging_mixin.py:149} INFO - [2023-06-09T01:36:26.846+0000] {dag.py:2726} INFO - Sync 1 DAGs
[2023-06-09T01:36:26.861+0000] {logging_mixin.py:149} INFO - [2023-06-09T01:36:26.861+0000] {dag.py:3490} INFO - Setting next_dagrun for latest_only to 2023-06-08T21:36:26.861220+00:00, run_after=2023-06-09T01:36:26.861220+00:00
[2023-06-09T01:36:26.873+0000] {processor.py:179} INFO - Processing /home/airflow/.local/lib/python3.7/site-packages/airflow/example_dags/example_latest_only.py took 0.072 seconds
[2023-06-09T01:36:57.274+0000] {processor.py:157} INFO - Started process (PID=1329) to work on /home/airflow/.local/lib/python3.7/site-packages/airflow/example_dags/example_latest_only.py
[2023-06-09T01:36:57.277+0000] {processor.py:826} INFO - Processing file /home/airflow/.local/lib/python3.7/site-packages/airflow/example_dags/example_latest_only.py for tasks to queue
[2023-06-09T01:36:57.280+0000] {logging_mixin.py:149} INFO - [2023-06-09T01:36:57.280+0000] {dagbag.py:541} INFO - Filling up the DagBag from /home/airflow/.local/lib/python3.7/site-packages/airflow/example_dags/example_latest_only.py
[2023-06-09T01:36:57.290+0000] {processor.py:836} INFO - DAG(s) dict_keys(['latest_only']) retrieved from /home/airflow/.local/lib/python3.7/site-packages/airflow/example_dags/example_latest_only.py
[2023-06-09T01:36:57.318+0000] {logging_mixin.py:149} INFO - [2023-06-09T01:36:57.318+0000] {dag.py:2726} INFO - Sync 1 DAGs
[2023-06-09T01:36:57.334+0000] {logging_mixin.py:149} INFO - [2023-06-09T01:36:57.334+0000] {dag.py:3490} INFO - Setting next_dagrun for latest_only to 2023-06-08T21:36:57.334290+00:00, run_after=2023-06-09T01:36:57.334290+00:00
[2023-06-09T01:36:57.346+0000] {processor.py:179} INFO - Processing /home/airflow/.local/lib/python3.7/site-packages/airflow/example_dags/example_latest_only.py took 0.079 seconds
[2023-06-09T01:37:28.061+0000] {processor.py:157} INFO - Started process (PID=1385) to work on /home/airflow/.local/lib/python3.7/site-packages/airflow/example_dags/example_latest_only.py
[2023-06-09T01:37:28.063+0000] {processor.py:826} INFO - Processing file /home/airflow/.local/lib/python3.7/site-packages/airflow/example_dags/example_latest_only.py for tasks to queue
[2023-06-09T01:37:28.064+0000] {logging_mixin.py:149} INFO - [2023-06-09T01:37:28.064+0000] {dagbag.py:541} INFO - Filling up the DagBag from /home/airflow/.local/lib/python3.7/site-packages/airflow/example_dags/example_latest_only.py
[2023-06-09T01:37:28.071+0000] {processor.py:836} INFO - DAG(s) dict_keys(['latest_only']) retrieved from /home/airflow/.local/lib/python3.7/site-packages/airflow/example_dags/example_latest_only.py
[2023-06-09T01:37:28.098+0000] {logging_mixin.py:149} INFO - [2023-06-09T01:37:28.098+0000] {dag.py:2726} INFO - Sync 1 DAGs
[2023-06-09T01:37:28.119+0000] {logging_mixin.py:149} INFO - [2023-06-09T01:37:28.119+0000] {dag.py:3490} INFO - Setting next_dagrun for latest_only to 2023-06-08T21:37:28.119151+00:00, run_after=2023-06-09T01:37:28.119151+00:00
[2023-06-09T01:37:28.132+0000] {processor.py:179} INFO - Processing /home/airflow/.local/lib/python3.7/site-packages/airflow/example_dags/example_latest_only.py took 0.074 seconds
[2023-06-09T01:37:58.557+0000] {processor.py:157} INFO - Started process (PID=1440) to work on /home/airflow/.local/lib/python3.7/site-packages/airflow/example_dags/example_latest_only.py
[2023-06-09T01:37:58.559+0000] {processor.py:826} INFO - Processing file /home/airflow/.local/lib/python3.7/site-packages/airflow/example_dags/example_latest_only.py for tasks to queue
[2023-06-09T01:37:58.561+0000] {logging_mixin.py:149} INFO - [2023-06-09T01:37:58.561+0000] {dagbag.py:541} INFO - Filling up the DagBag from /home/airflow/.local/lib/python3.7/site-packages/airflow/example_dags/example_latest_only.py
[2023-06-09T01:37:58.569+0000] {processor.py:836} INFO - DAG(s) dict_keys(['latest_only']) retrieved from /home/airflow/.local/lib/python3.7/site-packages/airflow/example_dags/example_latest_only.py
[2023-06-09T01:37:58.594+0000] {logging_mixin.py:149} INFO - [2023-06-09T01:37:58.594+0000] {dag.py:2726} INFO - Sync 1 DAGs
[2023-06-09T01:37:58.610+0000] {logging_mixin.py:149} INFO - [2023-06-09T01:37:58.610+0000] {dag.py:3490} INFO - Setting next_dagrun for latest_only to 2023-06-08T21:37:58.610533+00:00, run_after=2023-06-09T01:37:58.610533+00:00
[2023-06-09T01:37:58.623+0000] {processor.py:179} INFO - Processing /home/airflow/.local/lib/python3.7/site-packages/airflow/example_dags/example_latest_only.py took 0.072 seconds
[2023-06-09T01:38:29.106+0000] {processor.py:157} INFO - Started process (PID=1496) to work on /home/airflow/.local/lib/python3.7/site-packages/airflow/example_dags/example_latest_only.py
[2023-06-09T01:38:29.108+0000] {processor.py:826} INFO - Processing file /home/airflow/.local/lib/python3.7/site-packages/airflow/example_dags/example_latest_only.py for tasks to queue
[2023-06-09T01:38:29.110+0000] {logging_mixin.py:149} INFO - [2023-06-09T01:38:29.110+0000] {dagbag.py:541} INFO - Filling up the DagBag from /home/airflow/.local/lib/python3.7/site-packages/airflow/example_dags/example_latest_only.py
[2023-06-09T01:38:29.119+0000] {processor.py:836} INFO - DAG(s) dict_keys(['latest_only']) retrieved from /home/airflow/.local/lib/python3.7/site-packages/airflow/example_dags/example_latest_only.py
[2023-06-09T01:38:29.147+0000] {logging_mixin.py:149} INFO - [2023-06-09T01:38:29.147+0000] {dag.py:2726} INFO - Sync 1 DAGs
[2023-06-09T01:38:29.167+0000] {logging_mixin.py:149} INFO - [2023-06-09T01:38:29.167+0000] {dag.py:3490} INFO - Setting next_dagrun for latest_only to 2023-06-08T21:38:29.166758+00:00, run_after=2023-06-09T01:38:29.166758+00:00
[2023-06-09T01:38:29.180+0000] {processor.py:179} INFO - Processing /home/airflow/.local/lib/python3.7/site-packages/airflow/example_dags/example_latest_only.py took 0.081 seconds
[2023-06-09T01:38:59.294+0000] {processor.py:157} INFO - Started process (PID=1552) to work on /home/airflow/.local/lib/python3.7/site-packages/airflow/example_dags/example_latest_only.py
[2023-06-09T01:38:59.297+0000] {processor.py:826} INFO - Processing file /home/airflow/.local/lib/python3.7/site-packages/airflow/example_dags/example_latest_only.py for tasks to queue
[2023-06-09T01:38:59.298+0000] {logging_mixin.py:149} INFO - [2023-06-09T01:38:59.298+0000] {dagbag.py:541} INFO - Filling up the DagBag from /home/airflow/.local/lib/python3.7/site-packages/airflow/example_dags/example_latest_only.py
[2023-06-09T01:38:59.305+0000] {processor.py:836} INFO - DAG(s) dict_keys(['latest_only']) retrieved from /home/airflow/.local/lib/python3.7/site-packages/airflow/example_dags/example_latest_only.py
[2023-06-09T01:38:59.329+0000] {logging_mixin.py:149} INFO - [2023-06-09T01:38:59.329+0000] {dag.py:2726} INFO - Sync 1 DAGs
[2023-06-09T01:38:59.345+0000] {logging_mixin.py:149} INFO - [2023-06-09T01:38:59.345+0000] {dag.py:3490} INFO - Setting next_dagrun for latest_only to 2023-06-08T21:38:59.345164+00:00, run_after=2023-06-09T01:38:59.345164+00:00
[2023-06-09T01:38:59.357+0000] {processor.py:179} INFO - Processing /home/airflow/.local/lib/python3.7/site-packages/airflow/example_dags/example_latest_only.py took 0.069 seconds
[2023-06-09T01:39:29.581+0000] {processor.py:157} INFO - Started process (PID=1608) to work on /home/airflow/.local/lib/python3.7/site-packages/airflow/example_dags/example_latest_only.py
[2023-06-09T01:39:29.583+0000] {processor.py:826} INFO - Processing file /home/airflow/.local/lib/python3.7/site-packages/airflow/example_dags/example_latest_only.py for tasks to queue
[2023-06-09T01:39:29.584+0000] {logging_mixin.py:149} INFO - [2023-06-09T01:39:29.584+0000] {dagbag.py:541} INFO - Filling up the DagBag from /home/airflow/.local/lib/python3.7/site-packages/airflow/example_dags/example_latest_only.py
[2023-06-09T01:39:29.592+0000] {processor.py:836} INFO - DAG(s) dict_keys(['latest_only']) retrieved from /home/airflow/.local/lib/python3.7/site-packages/airflow/example_dags/example_latest_only.py
[2023-06-09T01:39:29.613+0000] {logging_mixin.py:149} INFO - [2023-06-09T01:39:29.613+0000] {dag.py:2726} INFO - Sync 1 DAGs
[2023-06-09T01:39:29.634+0000] {logging_mixin.py:149} INFO - [2023-06-09T01:39:29.634+0000] {dag.py:3490} INFO - Setting next_dagrun for latest_only to 2023-06-08T21:39:29.634186+00:00, run_after=2023-06-09T01:39:29.634186+00:00
[2023-06-09T01:39:29.648+0000] {processor.py:179} INFO - Processing /home/airflow/.local/lib/python3.7/site-packages/airflow/example_dags/example_latest_only.py took 0.073 seconds
[2023-06-09T01:39:59.773+0000] {processor.py:157} INFO - Started process (PID=1665) to work on /home/airflow/.local/lib/python3.7/site-packages/airflow/example_dags/example_latest_only.py
[2023-06-09T01:39:59.775+0000] {processor.py:826} INFO - Processing file /home/airflow/.local/lib/python3.7/site-packages/airflow/example_dags/example_latest_only.py for tasks to queue
[2023-06-09T01:39:59.776+0000] {logging_mixin.py:149} INFO - [2023-06-09T01:39:59.776+0000] {dagbag.py:541} INFO - Filling up the DagBag from /home/airflow/.local/lib/python3.7/site-packages/airflow/example_dags/example_latest_only.py
[2023-06-09T01:39:59.785+0000] {processor.py:836} INFO - DAG(s) dict_keys(['latest_only']) retrieved from /home/airflow/.local/lib/python3.7/site-packages/airflow/example_dags/example_latest_only.py
[2023-06-09T01:39:59.811+0000] {logging_mixin.py:149} INFO - [2023-06-09T01:39:59.811+0000] {dag.py:2726} INFO - Sync 1 DAGs
[2023-06-09T01:39:59.827+0000] {logging_mixin.py:149} INFO - [2023-06-09T01:39:59.827+0000] {dag.py:3490} INFO - Setting next_dagrun for latest_only to 2023-06-08T21:39:59.827006+00:00, run_after=2023-06-09T01:39:59.827006+00:00
[2023-06-09T01:39:59.840+0000] {processor.py:179} INFO - Processing /home/airflow/.local/lib/python3.7/site-packages/airflow/example_dags/example_latest_only.py took 0.073 seconds
[2023-06-09T01:40:30.143+0000] {processor.py:157} INFO - Started process (PID=1721) to work on /home/airflow/.local/lib/python3.7/site-packages/airflow/example_dags/example_latest_only.py
[2023-06-09T01:40:30.146+0000] {processor.py:826} INFO - Processing file /home/airflow/.local/lib/python3.7/site-packages/airflow/example_dags/example_latest_only.py for tasks to queue
[2023-06-09T01:40:30.147+0000] {logging_mixin.py:149} INFO - [2023-06-09T01:40:30.147+0000] {dagbag.py:541} INFO - Filling up the DagBag from /home/airflow/.local/lib/python3.7/site-packages/airflow/example_dags/example_latest_only.py
[2023-06-09T01:40:30.158+0000] {processor.py:836} INFO - DAG(s) dict_keys(['latest_only']) retrieved from /home/airflow/.local/lib/python3.7/site-packages/airflow/example_dags/example_latest_only.py
[2023-06-09T01:40:30.194+0000] {logging_mixin.py:149} INFO - [2023-06-09T01:40:30.193+0000] {dag.py:2726} INFO - Sync 1 DAGs
[2023-06-09T01:40:30.212+0000] {logging_mixin.py:149} INFO - [2023-06-09T01:40:30.212+0000] {dag.py:3490} INFO - Setting next_dagrun for latest_only to 2023-06-08T21:40:30.212422+00:00, run_after=2023-06-09T01:40:30.212422+00:00
[2023-06-09T01:40:30.226+0000] {processor.py:179} INFO - Processing /home/airflow/.local/lib/python3.7/site-packages/airflow/example_dags/example_latest_only.py took 0.087 seconds
[2023-06-09T01:41:00.900+0000] {processor.py:157} INFO - Started process (PID=1777) to work on /home/airflow/.local/lib/python3.7/site-packages/airflow/example_dags/example_latest_only.py
[2023-06-09T01:41:00.948+0000] {processor.py:826} INFO - Processing file /home/airflow/.local/lib/python3.7/site-packages/airflow/example_dags/example_latest_only.py for tasks to queue
[2023-06-09T01:41:00.955+0000] {logging_mixin.py:149} INFO - [2023-06-09T01:41:00.955+0000] {dagbag.py:541} INFO - Filling up the DagBag from /home/airflow/.local/lib/python3.7/site-packages/airflow/example_dags/example_latest_only.py
[2023-06-09T01:41:00.982+0000] {processor.py:836} INFO - DAG(s) dict_keys(['latest_only']) retrieved from /home/airflow/.local/lib/python3.7/site-packages/airflow/example_dags/example_latest_only.py
[2023-06-09T01:41:01.058+0000] {logging_mixin.py:149} INFO - [2023-06-09T01:41:01.058+0000] {dag.py:2726} INFO - Sync 1 DAGs
[2023-06-09T01:41:01.084+0000] {logging_mixin.py:149} INFO - [2023-06-09T01:41:01.084+0000] {dag.py:3490} INFO - Setting next_dagrun for latest_only to 2023-06-08T21:41:01.084078+00:00, run_after=2023-06-09T01:41:01.084078+00:00
[2023-06-09T01:41:01.101+0000] {processor.py:179} INFO - Processing /home/airflow/.local/lib/python3.7/site-packages/airflow/example_dags/example_latest_only.py took 0.210 seconds
[2023-06-09T01:41:31.756+0000] {processor.py:157} INFO - Started process (PID=1834) to work on /home/airflow/.local/lib/python3.7/site-packages/airflow/example_dags/example_latest_only.py
[2023-06-09T01:41:31.759+0000] {processor.py:826} INFO - Processing file /home/airflow/.local/lib/python3.7/site-packages/airflow/example_dags/example_latest_only.py for tasks to queue
[2023-06-09T01:41:31.762+0000] {logging_mixin.py:149} INFO - [2023-06-09T01:41:31.762+0000] {dagbag.py:541} INFO - Filling up the DagBag from /home/airflow/.local/lib/python3.7/site-packages/airflow/example_dags/example_latest_only.py
[2023-06-09T01:41:31.771+0000] {processor.py:836} INFO - DAG(s) dict_keys(['latest_only']) retrieved from /home/airflow/.local/lib/python3.7/site-packages/airflow/example_dags/example_latest_only.py
[2023-06-09T01:41:31.801+0000] {logging_mixin.py:149} INFO - [2023-06-09T01:41:31.801+0000] {dag.py:2726} INFO - Sync 1 DAGs
[2023-06-09T01:41:31.831+0000] {logging_mixin.py:149} INFO - [2023-06-09T01:41:31.831+0000] {dag.py:3490} INFO - Setting next_dagrun for latest_only to 2023-06-08T21:41:31.831185+00:00, run_after=2023-06-09T01:41:31.831185+00:00
[2023-06-09T01:41:31.846+0000] {processor.py:179} INFO - Processing /home/airflow/.local/lib/python3.7/site-packages/airflow/example_dags/example_latest_only.py took 0.097 seconds
[2023-06-09T01:42:02.318+0000] {processor.py:157} INFO - Started process (PID=1890) to work on /home/airflow/.local/lib/python3.7/site-packages/airflow/example_dags/example_latest_only.py
[2023-06-09T01:42:02.321+0000] {processor.py:826} INFO - Processing file /home/airflow/.local/lib/python3.7/site-packages/airflow/example_dags/example_latest_only.py for tasks to queue
[2023-06-09T01:42:02.322+0000] {logging_mixin.py:149} INFO - [2023-06-09T01:42:02.322+0000] {dagbag.py:541} INFO - Filling up the DagBag from /home/airflow/.local/lib/python3.7/site-packages/airflow/example_dags/example_latest_only.py
[2023-06-09T01:42:02.328+0000] {processor.py:836} INFO - DAG(s) dict_keys(['latest_only']) retrieved from /home/airflow/.local/lib/python3.7/site-packages/airflow/example_dags/example_latest_only.py
[2023-06-09T01:42:02.349+0000] {logging_mixin.py:149} INFO - [2023-06-09T01:42:02.349+0000] {dag.py:2726} INFO - Sync 1 DAGs
[2023-06-09T01:42:02.365+0000] {logging_mixin.py:149} INFO - [2023-06-09T01:42:02.365+0000] {dag.py:3490} INFO - Setting next_dagrun for latest_only to 2023-06-08T21:42:02.365629+00:00, run_after=2023-06-09T01:42:02.365629+00:00
[2023-06-09T01:42:02.377+0000] {processor.py:179} INFO - Processing /home/airflow/.local/lib/python3.7/site-packages/airflow/example_dags/example_latest_only.py took 0.063 seconds
[2023-06-09T01:42:32.940+0000] {processor.py:157} INFO - Started process (PID=1945) to work on /home/airflow/.local/lib/python3.7/site-packages/airflow/example_dags/example_latest_only.py
[2023-06-09T01:42:32.945+0000] {processor.py:826} INFO - Processing file /home/airflow/.local/lib/python3.7/site-packages/airflow/example_dags/example_latest_only.py for tasks to queue
[2023-06-09T01:42:32.947+0000] {logging_mixin.py:149} INFO - [2023-06-09T01:42:32.947+0000] {dagbag.py:541} INFO - Filling up the DagBag from /home/airflow/.local/lib/python3.7/site-packages/airflow/example_dags/example_latest_only.py
[2023-06-09T01:42:32.960+0000] {processor.py:836} INFO - DAG(s) dict_keys(['latest_only']) retrieved from /home/airflow/.local/lib/python3.7/site-packages/airflow/example_dags/example_latest_only.py
[2023-06-09T01:42:32.991+0000] {logging_mixin.py:149} INFO - [2023-06-09T01:42:32.991+0000] {dag.py:2726} INFO - Sync 1 DAGs
[2023-06-09T01:42:33.009+0000] {logging_mixin.py:149} INFO - [2023-06-09T01:42:33.009+0000] {dag.py:3490} INFO - Setting next_dagrun for latest_only to 2023-06-08T21:42:33.009249+00:00, run_after=2023-06-09T01:42:33.009249+00:00
[2023-06-09T01:42:33.023+0000] {processor.py:179} INFO - Processing /home/airflow/.local/lib/python3.7/site-packages/airflow/example_dags/example_latest_only.py took 0.089 seconds
[2023-06-09T01:43:03.890+0000] {processor.py:157} INFO - Started process (PID=2001) to work on /home/airflow/.local/lib/python3.7/site-packages/airflow/example_dags/example_latest_only.py
[2023-06-09T01:43:03.892+0000] {processor.py:826} INFO - Processing file /home/airflow/.local/lib/python3.7/site-packages/airflow/example_dags/example_latest_only.py for tasks to queue
[2023-06-09T01:43:03.893+0000] {logging_mixin.py:149} INFO - [2023-06-09T01:43:03.893+0000] {dagbag.py:541} INFO - Filling up the DagBag from /home/airflow/.local/lib/python3.7/site-packages/airflow/example_dags/example_latest_only.py
[2023-06-09T01:43:03.899+0000] {processor.py:836} INFO - DAG(s) dict_keys(['latest_only']) retrieved from /home/airflow/.local/lib/python3.7/site-packages/airflow/example_dags/example_latest_only.py
[2023-06-09T01:43:03.921+0000] {logging_mixin.py:149} INFO - [2023-06-09T01:43:03.921+0000] {dag.py:2726} INFO - Sync 1 DAGs
[2023-06-09T01:43:03.938+0000] {logging_mixin.py:149} INFO - [2023-06-09T01:43:03.938+0000] {dag.py:3490} INFO - Setting next_dagrun for latest_only to 2023-06-08T21:43:03.937941+00:00, run_after=2023-06-09T01:43:03.937941+00:00
[2023-06-09T01:43:03.950+0000] {processor.py:179} INFO - Processing /home/airflow/.local/lib/python3.7/site-packages/airflow/example_dags/example_latest_only.py took 0.063 seconds
[2023-06-09T01:43:34.172+0000] {processor.py:157} INFO - Started process (PID=2057) to work on /home/airflow/.local/lib/python3.7/site-packages/airflow/example_dags/example_latest_only.py
[2023-06-09T01:43:34.175+0000] {processor.py:826} INFO - Processing file /home/airflow/.local/lib/python3.7/site-packages/airflow/example_dags/example_latest_only.py for tasks to queue
[2023-06-09T01:43:34.177+0000] {logging_mixin.py:149} INFO - [2023-06-09T01:43:34.176+0000] {dagbag.py:541} INFO - Filling up the DagBag from /home/airflow/.local/lib/python3.7/site-packages/airflow/example_dags/example_latest_only.py
[2023-06-09T01:43:34.184+0000] {processor.py:836} INFO - DAG(s) dict_keys(['latest_only']) retrieved from /home/airflow/.local/lib/python3.7/site-packages/airflow/example_dags/example_latest_only.py
[2023-06-09T01:43:34.208+0000] {logging_mixin.py:149} INFO - [2023-06-09T01:43:34.208+0000] {dag.py:2726} INFO - Sync 1 DAGs
[2023-06-09T01:43:34.224+0000] {logging_mixin.py:149} INFO - [2023-06-09T01:43:34.224+0000] {dag.py:3490} INFO - Setting next_dagrun for latest_only to 2023-06-08T21:43:34.224137+00:00, run_after=2023-06-09T01:43:34.224137+00:00
[2023-06-09T01:43:34.236+0000] {processor.py:179} INFO - Processing /home/airflow/.local/lib/python3.7/site-packages/airflow/example_dags/example_latest_only.py took 0.070 seconds
[2023-06-09T01:44:04.384+0000] {processor.py:157} INFO - Started process (PID=2113) to work on /home/airflow/.local/lib/python3.7/site-packages/airflow/example_dags/example_latest_only.py
[2023-06-09T01:44:04.386+0000] {processor.py:826} INFO - Processing file /home/airflow/.local/lib/python3.7/site-packages/airflow/example_dags/example_latest_only.py for tasks to queue
[2023-06-09T01:44:04.388+0000] {logging_mixin.py:149} INFO - [2023-06-09T01:44:04.388+0000] {dagbag.py:541} INFO - Filling up the DagBag from /home/airflow/.local/lib/python3.7/site-packages/airflow/example_dags/example_latest_only.py
[2023-06-09T01:44:04.397+0000] {processor.py:836} INFO - DAG(s) dict_keys(['latest_only']) retrieved from /home/airflow/.local/lib/python3.7/site-packages/airflow/example_dags/example_latest_only.py
[2023-06-09T01:44:04.422+0000] {logging_mixin.py:149} INFO - [2023-06-09T01:44:04.422+0000] {dag.py:2726} INFO - Sync 1 DAGs
[2023-06-09T01:44:04.438+0000] {logging_mixin.py:149} INFO - [2023-06-09T01:44:04.438+0000] {dag.py:3490} INFO - Setting next_dagrun for latest_only to 2023-06-08T21:44:04.438555+00:00, run_after=2023-06-09T01:44:04.438555+00:00
[2023-06-09T01:44:04.450+0000] {processor.py:179} INFO - Processing /home/airflow/.local/lib/python3.7/site-packages/airflow/example_dags/example_latest_only.py took 0.073 seconds
[2023-06-09T01:44:34.713+0000] {processor.py:157} INFO - Started process (PID=2170) to work on /home/airflow/.local/lib/python3.7/site-packages/airflow/example_dags/example_latest_only.py
[2023-06-09T01:44:34.715+0000] {processor.py:826} INFO - Processing file /home/airflow/.local/lib/python3.7/site-packages/airflow/example_dags/example_latest_only.py for tasks to queue
[2023-06-09T01:44:34.716+0000] {logging_mixin.py:149} INFO - [2023-06-09T01:44:34.716+0000] {dagbag.py:541} INFO - Filling up the DagBag from /home/airflow/.local/lib/python3.7/site-packages/airflow/example_dags/example_latest_only.py
[2023-06-09T01:44:34.725+0000] {processor.py:836} INFO - DAG(s) dict_keys(['latest_only']) retrieved from /home/airflow/.local/lib/python3.7/site-packages/airflow/example_dags/example_latest_only.py
[2023-06-09T01:44:34.773+0000] {logging_mixin.py:149} INFO - [2023-06-09T01:44:34.773+0000] {dag.py:2726} INFO - Sync 1 DAGs
[2023-06-09T01:44:34.797+0000] {logging_mixin.py:149} INFO - [2023-06-09T01:44:34.797+0000] {dag.py:3490} INFO - Setting next_dagrun for latest_only to 2023-06-08T21:44:34.796906+00:00, run_after=2023-06-09T01:44:34.796906+00:00
[2023-06-09T01:44:34.815+0000] {processor.py:179} INFO - Processing /home/airflow/.local/lib/python3.7/site-packages/airflow/example_dags/example_latest_only.py took 0.107 seconds
[2023-06-09T01:45:05.087+0000] {processor.py:157} INFO - Started process (PID=2226) to work on /home/airflow/.local/lib/python3.7/site-packages/airflow/example_dags/example_latest_only.py
[2023-06-09T01:45:05.089+0000] {processor.py:826} INFO - Processing file /home/airflow/.local/lib/python3.7/site-packages/airflow/example_dags/example_latest_only.py for tasks to queue
[2023-06-09T01:45:05.090+0000] {logging_mixin.py:149} INFO - [2023-06-09T01:45:05.090+0000] {dagbag.py:541} INFO - Filling up the DagBag from /home/airflow/.local/lib/python3.7/site-packages/airflow/example_dags/example_latest_only.py
[2023-06-09T01:45:05.101+0000] {processor.py:836} INFO - DAG(s) dict_keys(['latest_only']) retrieved from /home/airflow/.local/lib/python3.7/site-packages/airflow/example_dags/example_latest_only.py
[2023-06-09T01:45:05.128+0000] {logging_mixin.py:149} INFO - [2023-06-09T01:45:05.128+0000] {dag.py:2726} INFO - Sync 1 DAGs
[2023-06-09T01:45:05.149+0000] {logging_mixin.py:149} INFO - [2023-06-09T01:45:05.149+0000] {dag.py:3490} INFO - Setting next_dagrun for latest_only to 2023-06-08T21:45:05.149429+00:00, run_after=2023-06-09T01:45:05.149429+00:00
[2023-06-09T01:45:05.163+0000] {processor.py:179} INFO - Processing /home/airflow/.local/lib/python3.7/site-packages/airflow/example_dags/example_latest_only.py took 0.081 seconds
[2023-06-09T01:45:35.264+0000] {processor.py:157} INFO - Started process (PID=2283) to work on /home/airflow/.local/lib/python3.7/site-packages/airflow/example_dags/example_latest_only.py
[2023-06-09T01:45:35.266+0000] {processor.py:826} INFO - Processing file /home/airflow/.local/lib/python3.7/site-packages/airflow/example_dags/example_latest_only.py for tasks to queue
[2023-06-09T01:45:35.267+0000] {logging_mixin.py:149} INFO - [2023-06-09T01:45:35.267+0000] {dagbag.py:541} INFO - Filling up the DagBag from /home/airflow/.local/lib/python3.7/site-packages/airflow/example_dags/example_latest_only.py
[2023-06-09T01:45:35.274+0000] {processor.py:836} INFO - DAG(s) dict_keys(['latest_only']) retrieved from /home/airflow/.local/lib/python3.7/site-packages/airflow/example_dags/example_latest_only.py
[2023-06-09T01:45:35.298+0000] {logging_mixin.py:149} INFO - [2023-06-09T01:45:35.297+0000] {dag.py:2726} INFO - Sync 1 DAGs
[2023-06-09T01:45:35.314+0000] {logging_mixin.py:149} INFO - [2023-06-09T01:45:35.313+0000] {dag.py:3490} INFO - Setting next_dagrun for latest_only to 2023-06-08T21:45:35.313777+00:00, run_after=2023-06-09T01:45:35.313777+00:00
[2023-06-09T01:45:35.325+0000] {processor.py:179} INFO - Processing /home/airflow/.local/lib/python3.7/site-packages/airflow/example_dags/example_latest_only.py took 0.067 seconds
[2023-06-09T01:46:05.815+0000] {processor.py:157} INFO - Started process (PID=2339) to work on /home/airflow/.local/lib/python3.7/site-packages/airflow/example_dags/example_latest_only.py
[2023-06-09T01:46:05.817+0000] {processor.py:826} INFO - Processing file /home/airflow/.local/lib/python3.7/site-packages/airflow/example_dags/example_latest_only.py for tasks to queue
[2023-06-09T01:46:05.818+0000] {logging_mixin.py:149} INFO - [2023-06-09T01:46:05.818+0000] {dagbag.py:541} INFO - Filling up the DagBag from /home/airflow/.local/lib/python3.7/site-packages/airflow/example_dags/example_latest_only.py
[2023-06-09T01:46:05.826+0000] {processor.py:836} INFO - DAG(s) dict_keys(['latest_only']) retrieved from /home/airflow/.local/lib/python3.7/site-packages/airflow/example_dags/example_latest_only.py
[2023-06-09T01:46:05.850+0000] {logging_mixin.py:149} INFO - [2023-06-09T01:46:05.850+0000] {dag.py:2726} INFO - Sync 1 DAGs
[2023-06-09T01:46:05.865+0000] {logging_mixin.py:149} INFO - [2023-06-09T01:46:05.865+0000] {dag.py:3490} INFO - Setting next_dagrun for latest_only to 2023-06-08T21:46:05.865196+00:00, run_after=2023-06-09T01:46:05.865196+00:00
[2023-06-09T01:46:05.877+0000] {processor.py:179} INFO - Processing /home/airflow/.local/lib/python3.7/site-packages/airflow/example_dags/example_latest_only.py took 0.068 seconds
[2023-06-09T01:46:36.230+0000] {processor.py:157} INFO - Started process (PID=2396) to work on /home/airflow/.local/lib/python3.7/site-packages/airflow/example_dags/example_latest_only.py
[2023-06-09T01:46:36.232+0000] {processor.py:826} INFO - Processing file /home/airflow/.local/lib/python3.7/site-packages/airflow/example_dags/example_latest_only.py for tasks to queue
[2023-06-09T01:46:36.234+0000] {logging_mixin.py:149} INFO - [2023-06-09T01:46:36.233+0000] {dagbag.py:541} INFO - Filling up the DagBag from /home/airflow/.local/lib/python3.7/site-packages/airflow/example_dags/example_latest_only.py
[2023-06-09T01:46:36.243+0000] {processor.py:836} INFO - DAG(s) dict_keys(['latest_only']) retrieved from /home/airflow/.local/lib/python3.7/site-packages/airflow/example_dags/example_latest_only.py
[2023-06-09T01:46:36.271+0000] {logging_mixin.py:149} INFO - [2023-06-09T01:46:36.270+0000] {dag.py:2726} INFO - Sync 1 DAGs
[2023-06-09T01:46:36.290+0000] {logging_mixin.py:149} INFO - [2023-06-09T01:46:36.289+0000] {dag.py:3490} INFO - Setting next_dagrun for latest_only to 2023-06-08T21:46:36.289710+00:00, run_after=2023-06-09T01:46:36.289710+00:00
[2023-06-09T01:46:36.305+0000] {processor.py:179} INFO - Processing /home/airflow/.local/lib/python3.7/site-packages/airflow/example_dags/example_latest_only.py took 0.081 seconds
[2023-06-09T01:47:07.028+0000] {processor.py:157} INFO - Started process (PID=2451) to work on /home/airflow/.local/lib/python3.7/site-packages/airflow/example_dags/example_latest_only.py
[2023-06-09T01:47:07.031+0000] {processor.py:826} INFO - Processing file /home/airflow/.local/lib/python3.7/site-packages/airflow/example_dags/example_latest_only.py for tasks to queue
[2023-06-09T01:47:07.033+0000] {logging_mixin.py:149} INFO - [2023-06-09T01:47:07.033+0000] {dagbag.py:541} INFO - Filling up the DagBag from /home/airflow/.local/lib/python3.7/site-packages/airflow/example_dags/example_latest_only.py
[2023-06-09T01:47:07.045+0000] {processor.py:836} INFO - DAG(s) dict_keys(['latest_only']) retrieved from /home/airflow/.local/lib/python3.7/site-packages/airflow/example_dags/example_latest_only.py
[2023-06-09T01:47:07.081+0000] {logging_mixin.py:149} INFO - [2023-06-09T01:47:07.081+0000] {dag.py:2726} INFO - Sync 1 DAGs
[2023-06-09T01:47:07.121+0000] {logging_mixin.py:149} INFO - [2023-06-09T01:47:07.121+0000] {dag.py:3490} INFO - Setting next_dagrun for latest_only to 2023-06-08T21:47:07.121078+00:00, run_after=2023-06-09T01:47:07.121078+00:00
[2023-06-09T01:47:07.140+0000] {processor.py:179} INFO - Processing /home/airflow/.local/lib/python3.7/site-packages/airflow/example_dags/example_latest_only.py took 0.118 seconds
[2023-06-09T01:47:37.630+0000] {processor.py:157} INFO - Started process (PID=2507) to work on /home/airflow/.local/lib/python3.7/site-packages/airflow/example_dags/example_latest_only.py
[2023-06-09T01:47:37.633+0000] {processor.py:826} INFO - Processing file /home/airflow/.local/lib/python3.7/site-packages/airflow/example_dags/example_latest_only.py for tasks to queue
[2023-06-09T01:47:37.635+0000] {logging_mixin.py:149} INFO - [2023-06-09T01:47:37.635+0000] {dagbag.py:541} INFO - Filling up the DagBag from /home/airflow/.local/lib/python3.7/site-packages/airflow/example_dags/example_latest_only.py
[2023-06-09T01:47:37.646+0000] {processor.py:836} INFO - DAG(s) dict_keys(['latest_only']) retrieved from /home/airflow/.local/lib/python3.7/site-packages/airflow/example_dags/example_latest_only.py
[2023-06-09T01:47:37.672+0000] {logging_mixin.py:149} INFO - [2023-06-09T01:47:37.672+0000] {dag.py:2726} INFO - Sync 1 DAGs
[2023-06-09T01:47:37.689+0000] {logging_mixin.py:149} INFO - [2023-06-09T01:47:37.689+0000] {dag.py:3490} INFO - Setting next_dagrun for latest_only to 2023-06-08T21:47:37.688837+00:00, run_after=2023-06-09T01:47:37.688837+00:00
[2023-06-09T01:47:37.703+0000] {processor.py:179} INFO - Processing /home/airflow/.local/lib/python3.7/site-packages/airflow/example_dags/example_latest_only.py took 0.079 seconds
[2023-06-09T01:48:08.356+0000] {processor.py:157} INFO - Started process (PID=2564) to work on /home/airflow/.local/lib/python3.7/site-packages/airflow/example_dags/example_latest_only.py
[2023-06-09T01:48:08.357+0000] {processor.py:826} INFO - Processing file /home/airflow/.local/lib/python3.7/site-packages/airflow/example_dags/example_latest_only.py for tasks to queue
[2023-06-09T01:48:08.358+0000] {logging_mixin.py:149} INFO - [2023-06-09T01:48:08.358+0000] {dagbag.py:541} INFO - Filling up the DagBag from /home/airflow/.local/lib/python3.7/site-packages/airflow/example_dags/example_latest_only.py
[2023-06-09T01:48:08.365+0000] {processor.py:836} INFO - DAG(s) dict_keys(['latest_only']) retrieved from /home/airflow/.local/lib/python3.7/site-packages/airflow/example_dags/example_latest_only.py
[2023-06-09T01:48:08.387+0000] {logging_mixin.py:149} INFO - [2023-06-09T01:48:08.387+0000] {dag.py:2726} INFO - Sync 1 DAGs
[2023-06-09T01:48:08.404+0000] {logging_mixin.py:149} INFO - [2023-06-09T01:48:08.403+0000] {dag.py:3490} INFO - Setting next_dagrun for latest_only to 2023-06-08T21:48:08.403729+00:00, run_after=2023-06-09T01:48:08.403729+00:00
[2023-06-09T01:48:08.416+0000] {processor.py:179} INFO - Processing /home/airflow/.local/lib/python3.7/site-packages/airflow/example_dags/example_latest_only.py took 0.065 seconds
[2023-06-09T01:48:38.601+0000] {processor.py:157} INFO - Started process (PID=2620) to work on /home/airflow/.local/lib/python3.7/site-packages/airflow/example_dags/example_latest_only.py
[2023-06-09T01:48:38.603+0000] {processor.py:826} INFO - Processing file /home/airflow/.local/lib/python3.7/site-packages/airflow/example_dags/example_latest_only.py for tasks to queue
[2023-06-09T01:48:38.605+0000] {logging_mixin.py:149} INFO - [2023-06-09T01:48:38.605+0000] {dagbag.py:541} INFO - Filling up the DagBag from /home/airflow/.local/lib/python3.7/site-packages/airflow/example_dags/example_latest_only.py
[2023-06-09T01:48:38.613+0000] {processor.py:836} INFO - DAG(s) dict_keys(['latest_only']) retrieved from /home/airflow/.local/lib/python3.7/site-packages/airflow/example_dags/example_latest_only.py
[2023-06-09T01:48:38.637+0000] {logging_mixin.py:149} INFO - [2023-06-09T01:48:38.637+0000] {dag.py:2726} INFO - Sync 1 DAGs
[2023-06-09T01:48:38.655+0000] {logging_mixin.py:149} INFO - [2023-06-09T01:48:38.655+0000] {dag.py:3490} INFO - Setting next_dagrun for latest_only to 2023-06-08T21:48:38.654960+00:00, run_after=2023-06-09T01:48:38.654960+00:00
[2023-06-09T01:48:38.669+0000] {processor.py:179} INFO - Processing /home/airflow/.local/lib/python3.7/site-packages/airflow/example_dags/example_latest_only.py took 0.073 seconds
[2023-06-09T01:49:08.849+0000] {processor.py:157} INFO - Started process (PID=2676) to work on /home/airflow/.local/lib/python3.7/site-packages/airflow/example_dags/example_latest_only.py
[2023-06-09T01:49:08.851+0000] {processor.py:826} INFO - Processing file /home/airflow/.local/lib/python3.7/site-packages/airflow/example_dags/example_latest_only.py for tasks to queue
[2023-06-09T01:49:08.853+0000] {logging_mixin.py:149} INFO - [2023-06-09T01:49:08.853+0000] {dagbag.py:541} INFO - Filling up the DagBag from /home/airflow/.local/lib/python3.7/site-packages/airflow/example_dags/example_latest_only.py
[2023-06-09T01:49:08.865+0000] {processor.py:836} INFO - DAG(s) dict_keys(['latest_only']) retrieved from /home/airflow/.local/lib/python3.7/site-packages/airflow/example_dags/example_latest_only.py
[2023-06-09T01:49:08.897+0000] {logging_mixin.py:149} INFO - [2023-06-09T01:49:08.897+0000] {dag.py:2726} INFO - Sync 1 DAGs
[2023-06-09T01:49:08.918+0000] {logging_mixin.py:149} INFO - [2023-06-09T01:49:08.918+0000] {dag.py:3490} INFO - Setting next_dagrun for latest_only to 2023-06-08T21:49:08.917755+00:00, run_after=2023-06-09T01:49:08.917755+00:00
[2023-06-09T01:49:08.932+0000] {processor.py:179} INFO - Processing /home/airflow/.local/lib/python3.7/site-packages/airflow/example_dags/example_latest_only.py took 0.088 seconds
[2023-06-09T01:49:39.081+0000] {processor.py:157} INFO - Started process (PID=2731) to work on /home/airflow/.local/lib/python3.7/site-packages/airflow/example_dags/example_latest_only.py
[2023-06-09T01:49:39.083+0000] {processor.py:826} INFO - Processing file /home/airflow/.local/lib/python3.7/site-packages/airflow/example_dags/example_latest_only.py for tasks to queue
[2023-06-09T01:49:39.084+0000] {logging_mixin.py:149} INFO - [2023-06-09T01:49:39.084+0000] {dagbag.py:541} INFO - Filling up the DagBag from /home/airflow/.local/lib/python3.7/site-packages/airflow/example_dags/example_latest_only.py
[2023-06-09T01:49:39.092+0000] {processor.py:836} INFO - DAG(s) dict_keys(['latest_only']) retrieved from /home/airflow/.local/lib/python3.7/site-packages/airflow/example_dags/example_latest_only.py
[2023-06-09T01:49:39.115+0000] {logging_mixin.py:149} INFO - [2023-06-09T01:49:39.115+0000] {dag.py:2726} INFO - Sync 1 DAGs
[2023-06-09T01:49:39.131+0000] {logging_mixin.py:149} INFO - [2023-06-09T01:49:39.131+0000] {dag.py:3490} INFO - Setting next_dagrun for latest_only to 2023-06-08T21:49:39.131278+00:00, run_after=2023-06-09T01:49:39.131278+00:00
[2023-06-09T01:49:39.144+0000] {processor.py:179} INFO - Processing /home/airflow/.local/lib/python3.7/site-packages/airflow/example_dags/example_latest_only.py took 0.069 seconds
[2023-06-09T01:50:09.800+0000] {processor.py:157} INFO - Started process (PID=2787) to work on /home/airflow/.local/lib/python3.7/site-packages/airflow/example_dags/example_latest_only.py
[2023-06-09T01:50:09.801+0000] {processor.py:826} INFO - Processing file /home/airflow/.local/lib/python3.7/site-packages/airflow/example_dags/example_latest_only.py for tasks to queue
[2023-06-09T01:50:09.803+0000] {logging_mixin.py:149} INFO - [2023-06-09T01:50:09.803+0000] {dagbag.py:541} INFO - Filling up the DagBag from /home/airflow/.local/lib/python3.7/site-packages/airflow/example_dags/example_latest_only.py
[2023-06-09T01:50:09.810+0000] {processor.py:836} INFO - DAG(s) dict_keys(['latest_only']) retrieved from /home/airflow/.local/lib/python3.7/site-packages/airflow/example_dags/example_latest_only.py
[2023-06-09T01:50:09.833+0000] {logging_mixin.py:149} INFO - [2023-06-09T01:50:09.832+0000] {dag.py:2726} INFO - Sync 1 DAGs
[2023-06-09T01:50:09.850+0000] {logging_mixin.py:149} INFO - [2023-06-09T01:50:09.850+0000] {dag.py:3490} INFO - Setting next_dagrun for latest_only to 2023-06-08T21:50:09.850113+00:00, run_after=2023-06-09T01:50:09.850113+00:00
[2023-06-09T01:50:09.863+0000] {processor.py:179} INFO - Processing /home/airflow/.local/lib/python3.7/site-packages/airflow/example_dags/example_latest_only.py took 0.067 seconds
[2023-06-09T01:50:40.096+0000] {processor.py:157} INFO - Started process (PID=2843) to work on /home/airflow/.local/lib/python3.7/site-packages/airflow/example_dags/example_latest_only.py
[2023-06-09T01:50:40.098+0000] {processor.py:826} INFO - Processing file /home/airflow/.local/lib/python3.7/site-packages/airflow/example_dags/example_latest_only.py for tasks to queue
[2023-06-09T01:50:40.099+0000] {logging_mixin.py:149} INFO - [2023-06-09T01:50:40.099+0000] {dagbag.py:541} INFO - Filling up the DagBag from /home/airflow/.local/lib/python3.7/site-packages/airflow/example_dags/example_latest_only.py
[2023-06-09T01:50:40.107+0000] {processor.py:836} INFO - DAG(s) dict_keys(['latest_only']) retrieved from /home/airflow/.local/lib/python3.7/site-packages/airflow/example_dags/example_latest_only.py
[2023-06-09T01:50:40.131+0000] {logging_mixin.py:149} INFO - [2023-06-09T01:50:40.131+0000] {dag.py:2726} INFO - Sync 1 DAGs
[2023-06-09T01:50:40.148+0000] {logging_mixin.py:149} INFO - [2023-06-09T01:50:40.148+0000] {dag.py:3490} INFO - Setting next_dagrun for latest_only to 2023-06-08T21:50:40.148381+00:00, run_after=2023-06-09T01:50:40.148381+00:00
[2023-06-09T01:50:40.160+0000] {processor.py:179} INFO - Processing /home/airflow/.local/lib/python3.7/site-packages/airflow/example_dags/example_latest_only.py took 0.069 seconds
[2023-06-09T01:51:10.543+0000] {processor.py:157} INFO - Started process (PID=2899) to work on /home/airflow/.local/lib/python3.7/site-packages/airflow/example_dags/example_latest_only.py
[2023-06-09T01:51:10.545+0000] {processor.py:826} INFO - Processing file /home/airflow/.local/lib/python3.7/site-packages/airflow/example_dags/example_latest_only.py for tasks to queue
[2023-06-09T01:51:10.547+0000] {logging_mixin.py:149} INFO - [2023-06-09T01:51:10.547+0000] {dagbag.py:541} INFO - Filling up the DagBag from /home/airflow/.local/lib/python3.7/site-packages/airflow/example_dags/example_latest_only.py
[2023-06-09T01:51:10.555+0000] {processor.py:836} INFO - DAG(s) dict_keys(['latest_only']) retrieved from /home/airflow/.local/lib/python3.7/site-packages/airflow/example_dags/example_latest_only.py
[2023-06-09T01:51:10.577+0000] {logging_mixin.py:149} INFO - [2023-06-09T01:51:10.577+0000] {dag.py:2726} INFO - Sync 1 DAGs
[2023-06-09T01:51:10.593+0000] {logging_mixin.py:149} INFO - [2023-06-09T01:51:10.593+0000] {dag.py:3490} INFO - Setting next_dagrun for latest_only to 2023-06-08T21:51:10.593489+00:00, run_after=2023-06-09T01:51:10.593489+00:00
[2023-06-09T01:51:10.605+0000] {processor.py:179} INFO - Processing /home/airflow/.local/lib/python3.7/site-packages/airflow/example_dags/example_latest_only.py took 0.065 seconds
[2023-06-09T01:51:40.914+0000] {processor.py:157} INFO - Started process (PID=2955) to work on /home/airflow/.local/lib/python3.7/site-packages/airflow/example_dags/example_latest_only.py
[2023-06-09T01:51:40.916+0000] {processor.py:826} INFO - Processing file /home/airflow/.local/lib/python3.7/site-packages/airflow/example_dags/example_latest_only.py for tasks to queue
[2023-06-09T01:51:40.917+0000] {logging_mixin.py:149} INFO - [2023-06-09T01:51:40.917+0000] {dagbag.py:541} INFO - Filling up the DagBag from /home/airflow/.local/lib/python3.7/site-packages/airflow/example_dags/example_latest_only.py
[2023-06-09T01:51:40.925+0000] {processor.py:836} INFO - DAG(s) dict_keys(['latest_only']) retrieved from /home/airflow/.local/lib/python3.7/site-packages/airflow/example_dags/example_latest_only.py
[2023-06-09T01:51:40.949+0000] {logging_mixin.py:149} INFO - [2023-06-09T01:51:40.949+0000] {dag.py:2726} INFO - Sync 1 DAGs
[2023-06-09T01:51:40.966+0000] {logging_mixin.py:149} INFO - [2023-06-09T01:51:40.965+0000] {dag.py:3490} INFO - Setting next_dagrun for latest_only to 2023-06-08T21:51:40.965738+00:00, run_after=2023-06-09T01:51:40.965738+00:00
[2023-06-09T01:51:40.979+0000] {processor.py:179} INFO - Processing /home/airflow/.local/lib/python3.7/site-packages/airflow/example_dags/example_latest_only.py took 0.069 seconds
[2023-06-09T01:52:11.120+0000] {processor.py:157} INFO - Started process (PID=3011) to work on /home/airflow/.local/lib/python3.7/site-packages/airflow/example_dags/example_latest_only.py
[2023-06-09T01:52:11.121+0000] {processor.py:826} INFO - Processing file /home/airflow/.local/lib/python3.7/site-packages/airflow/example_dags/example_latest_only.py for tasks to queue
[2023-06-09T01:52:11.122+0000] {logging_mixin.py:149} INFO - [2023-06-09T01:52:11.122+0000] {dagbag.py:541} INFO - Filling up the DagBag from /home/airflow/.local/lib/python3.7/site-packages/airflow/example_dags/example_latest_only.py
[2023-06-09T01:52:11.127+0000] {processor.py:836} INFO - DAG(s) dict_keys(['latest_only']) retrieved from /home/airflow/.local/lib/python3.7/site-packages/airflow/example_dags/example_latest_only.py
[2023-06-09T01:52:11.148+0000] {logging_mixin.py:149} INFO - [2023-06-09T01:52:11.148+0000] {dag.py:2726} INFO - Sync 1 DAGs
[2023-06-09T01:52:11.165+0000] {logging_mixin.py:149} INFO - [2023-06-09T01:52:11.165+0000] {dag.py:3490} INFO - Setting next_dagrun for latest_only to 2023-06-08T21:52:11.165443+00:00, run_after=2023-06-09T01:52:11.165443+00:00
[2023-06-09T01:52:11.176+0000] {processor.py:179} INFO - Processing /home/airflow/.local/lib/python3.7/site-packages/airflow/example_dags/example_latest_only.py took 0.060 seconds
[2023-06-09T01:52:41.477+0000] {processor.py:157} INFO - Started process (PID=3066) to work on /home/airflow/.local/lib/python3.7/site-packages/airflow/example_dags/example_latest_only.py
[2023-06-09T01:52:41.478+0000] {processor.py:826} INFO - Processing file /home/airflow/.local/lib/python3.7/site-packages/airflow/example_dags/example_latest_only.py for tasks to queue
[2023-06-09T01:52:41.479+0000] {logging_mixin.py:149} INFO - [2023-06-09T01:52:41.479+0000] {dagbag.py:541} INFO - Filling up the DagBag from /home/airflow/.local/lib/python3.7/site-packages/airflow/example_dags/example_latest_only.py
[2023-06-09T01:52:41.487+0000] {processor.py:836} INFO - DAG(s) dict_keys(['latest_only']) retrieved from /home/airflow/.local/lib/python3.7/site-packages/airflow/example_dags/example_latest_only.py
[2023-06-09T01:52:41.508+0000] {logging_mixin.py:149} INFO - [2023-06-09T01:52:41.508+0000] {dag.py:2726} INFO - Sync 1 DAGs
[2023-06-09T01:52:41.524+0000] {logging_mixin.py:149} INFO - [2023-06-09T01:52:41.524+0000] {dag.py:3490} INFO - Setting next_dagrun for latest_only to 2023-06-08T21:52:41.524015+00:00, run_after=2023-06-09T01:52:41.524015+00:00
[2023-06-09T01:52:41.537+0000] {processor.py:179} INFO - Processing /home/airflow/.local/lib/python3.7/site-packages/airflow/example_dags/example_latest_only.py took 0.063 seconds
[2023-06-09T01:53:49.849+0000] {processor.py:157} INFO - Started process (PID=40) to work on /home/airflow/.local/lib/python3.7/site-packages/airflow/example_dags/example_latest_only.py
[2023-06-09T01:53:49.851+0000] {processor.py:826} INFO - Processing file /home/airflow/.local/lib/python3.7/site-packages/airflow/example_dags/example_latest_only.py for tasks to queue
[2023-06-09T01:53:49.851+0000] {logging_mixin.py:149} INFO - [2023-06-09T01:53:49.851+0000] {dagbag.py:541} INFO - Filling up the DagBag from /home/airflow/.local/lib/python3.7/site-packages/airflow/example_dags/example_latest_only.py
[2023-06-09T01:53:49.859+0000] {processor.py:836} INFO - DAG(s) dict_keys(['latest_only']) retrieved from /home/airflow/.local/lib/python3.7/site-packages/airflow/example_dags/example_latest_only.py
[2023-06-09T01:53:49.873+0000] {logging_mixin.py:149} INFO - [2023-06-09T01:53:49.873+0000] {dag.py:2726} INFO - Sync 1 DAGs
[2023-06-09T01:53:49.904+0000] {logging_mixin.py:149} INFO - [2023-06-09T01:53:49.904+0000] {dag.py:3490} INFO - Setting next_dagrun for latest_only to 2023-06-08T21:53:49.904159+00:00, run_after=2023-06-09T01:53:49.904159+00:00
[2023-06-09T01:53:49.926+0000] {processor.py:179} INFO - Processing /home/airflow/.local/lib/python3.7/site-packages/airflow/example_dags/example_latest_only.py took 0.079 seconds
