[2023-06-09T01:25:35.608+0000] {processor.py:157} INFO - Started process (PID=73) to work on /home/airflow/.local/lib/python3.7/site-packages/airflow/example_dags/example_skip_dag.py
[2023-06-09T01:25:35.620+0000] {processor.py:826} INFO - Processing file /home/airflow/.local/lib/python3.7/site-packages/airflow/example_dags/example_skip_dag.py for tasks to queue
[2023-06-09T01:25:35.626+0000] {logging_mixin.py:149} INFO - [2023-06-09T01:25:35.626+0000] {dagbag.py:541} INFO - Filling up the DagBag from /home/airflow/.local/lib/python3.7/site-packages/airflow/example_dags/example_skip_dag.py
[2023-06-09T01:25:35.654+0000] {processor.py:836} INFO - DAG(s) dict_keys(['example_skip_dag']) retrieved from /home/airflow/.local/lib/python3.7/site-packages/airflow/example_dags/example_skip_dag.py
[2023-06-09T01:25:36.109+0000] {logging_mixin.py:149} INFO - [2023-06-09T01:25:36.108+0000] {manager.py:504} INFO - Created Permission View: can delete on DAG:example_skip_dag
[2023-06-09T01:25:36.150+0000] {logging_mixin.py:149} INFO - [2023-06-09T01:25:36.149+0000] {manager.py:504} INFO - Created Permission View: can edit on DAG:example_skip_dag
[2023-06-09T01:25:36.170+0000] {logging_mixin.py:149} INFO - [2023-06-09T01:25:36.170+0000] {manager.py:504} INFO - Created Permission View: can read on DAG:example_skip_dag
[2023-06-09T01:25:36.173+0000] {logging_mixin.py:149} INFO - [2023-06-09T01:25:36.173+0000] {dag.py:2726} INFO - Sync 1 DAGs
[2023-06-09T01:25:36.196+0000] {logging_mixin.py:149} INFO - [2023-06-09T01:25:36.196+0000] {dag.py:2747} INFO - Creating ORM DAG for example_skip_dag
[2023-06-09T01:25:36.236+0000] {logging_mixin.py:149} INFO - [2023-06-09T01:25:36.236+0000] {dag.py:3490} INFO - Setting next_dagrun for example_skip_dag to 2023-06-08T01:25:36.235159+00:00, run_after=2023-06-09T01:25:36.235159+00:00
[2023-06-09T01:25:36.284+0000] {processor.py:179} INFO - Processing /home/airflow/.local/lib/python3.7/site-packages/airflow/example_dags/example_skip_dag.py took 0.702 seconds
[2023-06-09T01:26:06.534+0000] {processor.py:157} INFO - Started process (PID=129) to work on /home/airflow/.local/lib/python3.7/site-packages/airflow/example_dags/example_skip_dag.py
[2023-06-09T01:26:06.538+0000] {processor.py:826} INFO - Processing file /home/airflow/.local/lib/python3.7/site-packages/airflow/example_dags/example_skip_dag.py for tasks to queue
[2023-06-09T01:26:06.547+0000] {logging_mixin.py:149} INFO - [2023-06-09T01:26:06.547+0000] {dagbag.py:541} INFO - Filling up the DagBag from /home/airflow/.local/lib/python3.7/site-packages/airflow/example_dags/example_skip_dag.py
[2023-06-09T01:26:06.559+0000] {processor.py:836} INFO - DAG(s) dict_keys(['example_skip_dag']) retrieved from /home/airflow/.local/lib/python3.7/site-packages/airflow/example_dags/example_skip_dag.py
[2023-06-09T01:26:06.635+0000] {logging_mixin.py:149} INFO - [2023-06-09T01:26:06.635+0000] {dag.py:2726} INFO - Sync 1 DAGs
[2023-06-09T01:26:06.684+0000] {logging_mixin.py:149} INFO - [2023-06-09T01:26:06.684+0000] {dag.py:3490} INFO - Setting next_dagrun for example_skip_dag to 2023-06-08T01:26:06.683609+00:00, run_after=2023-06-09T01:26:06.683609+00:00
[2023-06-09T01:26:06.748+0000] {processor.py:179} INFO - Processing /home/airflow/.local/lib/python3.7/site-packages/airflow/example_dags/example_skip_dag.py took 0.221 seconds
[2023-06-09T01:26:36.866+0000] {processor.py:157} INFO - Started process (PID=184) to work on /home/airflow/.local/lib/python3.7/site-packages/airflow/example_dags/example_skip_dag.py
[2023-06-09T01:26:36.868+0000] {processor.py:826} INFO - Processing file /home/airflow/.local/lib/python3.7/site-packages/airflow/example_dags/example_skip_dag.py for tasks to queue
[2023-06-09T01:26:36.869+0000] {logging_mixin.py:149} INFO - [2023-06-09T01:26:36.869+0000] {dagbag.py:541} INFO - Filling up the DagBag from /home/airflow/.local/lib/python3.7/site-packages/airflow/example_dags/example_skip_dag.py
[2023-06-09T01:26:36.878+0000] {processor.py:836} INFO - DAG(s) dict_keys(['example_skip_dag']) retrieved from /home/airflow/.local/lib/python3.7/site-packages/airflow/example_dags/example_skip_dag.py
[2023-06-09T01:26:36.905+0000] {logging_mixin.py:149} INFO - [2023-06-09T01:26:36.905+0000] {dag.py:2726} INFO - Sync 1 DAGs
[2023-06-09T01:26:36.922+0000] {logging_mixin.py:149} INFO - [2023-06-09T01:26:36.922+0000] {dag.py:3490} INFO - Setting next_dagrun for example_skip_dag to 2023-06-08T01:26:36.922285+00:00, run_after=2023-06-09T01:26:36.922285+00:00
[2023-06-09T01:26:36.934+0000] {processor.py:179} INFO - Processing /home/airflow/.local/lib/python3.7/site-packages/airflow/example_dags/example_skip_dag.py took 0.073 seconds
[2023-06-09T01:27:07.355+0000] {processor.py:157} INFO - Started process (PID=241) to work on /home/airflow/.local/lib/python3.7/site-packages/airflow/example_dags/example_skip_dag.py
[2023-06-09T01:27:07.356+0000] {processor.py:826} INFO - Processing file /home/airflow/.local/lib/python3.7/site-packages/airflow/example_dags/example_skip_dag.py for tasks to queue
[2023-06-09T01:27:07.357+0000] {logging_mixin.py:149} INFO - [2023-06-09T01:27:07.357+0000] {dagbag.py:541} INFO - Filling up the DagBag from /home/airflow/.local/lib/python3.7/site-packages/airflow/example_dags/example_skip_dag.py
[2023-06-09T01:27:07.364+0000] {processor.py:836} INFO - DAG(s) dict_keys(['example_skip_dag']) retrieved from /home/airflow/.local/lib/python3.7/site-packages/airflow/example_dags/example_skip_dag.py
[2023-06-09T01:27:07.387+0000] {logging_mixin.py:149} INFO - [2023-06-09T01:27:07.387+0000] {dag.py:2726} INFO - Sync 1 DAGs
[2023-06-09T01:27:07.404+0000] {logging_mixin.py:149} INFO - [2023-06-09T01:27:07.404+0000] {dag.py:3490} INFO - Setting next_dagrun for example_skip_dag to 2023-06-08T01:27:07.404102+00:00, run_after=2023-06-09T01:27:07.404102+00:00
[2023-06-09T01:27:07.417+0000] {processor.py:179} INFO - Processing /home/airflow/.local/lib/python3.7/site-packages/airflow/example_dags/example_skip_dag.py took 0.065 seconds
[2023-06-09T01:27:37.835+0000] {processor.py:157} INFO - Started process (PID=297) to work on /home/airflow/.local/lib/python3.7/site-packages/airflow/example_dags/example_skip_dag.py
[2023-06-09T01:27:37.837+0000] {processor.py:826} INFO - Processing file /home/airflow/.local/lib/python3.7/site-packages/airflow/example_dags/example_skip_dag.py for tasks to queue
[2023-06-09T01:27:37.838+0000] {logging_mixin.py:149} INFO - [2023-06-09T01:27:37.838+0000] {dagbag.py:541} INFO - Filling up the DagBag from /home/airflow/.local/lib/python3.7/site-packages/airflow/example_dags/example_skip_dag.py
[2023-06-09T01:27:37.845+0000] {processor.py:836} INFO - DAG(s) dict_keys(['example_skip_dag']) retrieved from /home/airflow/.local/lib/python3.7/site-packages/airflow/example_dags/example_skip_dag.py
[2023-06-09T01:27:37.873+0000] {logging_mixin.py:149} INFO - [2023-06-09T01:27:37.873+0000] {dag.py:2726} INFO - Sync 1 DAGs
[2023-06-09T01:27:37.901+0000] {logging_mixin.py:149} INFO - [2023-06-09T01:27:37.900+0000] {dag.py:3490} INFO - Setting next_dagrun for example_skip_dag to 2023-06-08T01:27:37.900599+00:00, run_after=2023-06-09T01:27:37.900599+00:00
[2023-06-09T01:27:37.920+0000] {processor.py:179} INFO - Processing /home/airflow/.local/lib/python3.7/site-packages/airflow/example_dags/example_skip_dag.py took 0.089 seconds
[2023-06-09T01:28:08.340+0000] {processor.py:157} INFO - Started process (PID=353) to work on /home/airflow/.local/lib/python3.7/site-packages/airflow/example_dags/example_skip_dag.py
[2023-06-09T01:28:08.341+0000] {processor.py:826} INFO - Processing file /home/airflow/.local/lib/python3.7/site-packages/airflow/example_dags/example_skip_dag.py for tasks to queue
[2023-06-09T01:28:08.342+0000] {logging_mixin.py:149} INFO - [2023-06-09T01:28:08.342+0000] {dagbag.py:541} INFO - Filling up the DagBag from /home/airflow/.local/lib/python3.7/site-packages/airflow/example_dags/example_skip_dag.py
[2023-06-09T01:28:08.348+0000] {processor.py:836} INFO - DAG(s) dict_keys(['example_skip_dag']) retrieved from /home/airflow/.local/lib/python3.7/site-packages/airflow/example_dags/example_skip_dag.py
[2023-06-09T01:28:08.368+0000] {logging_mixin.py:149} INFO - [2023-06-09T01:28:08.368+0000] {dag.py:2726} INFO - Sync 1 DAGs
[2023-06-09T01:28:08.388+0000] {logging_mixin.py:149} INFO - [2023-06-09T01:28:08.388+0000] {dag.py:3490} INFO - Setting next_dagrun for example_skip_dag to 2023-06-08T01:28:08.388043+00:00, run_after=2023-06-09T01:28:08.388043+00:00
[2023-06-09T01:28:08.403+0000] {processor.py:179} INFO - Processing /home/airflow/.local/lib/python3.7/site-packages/airflow/example_dags/example_skip_dag.py took 0.067 seconds
[2023-06-09T01:28:39.079+0000] {processor.py:157} INFO - Started process (PID=409) to work on /home/airflow/.local/lib/python3.7/site-packages/airflow/example_dags/example_skip_dag.py
[2023-06-09T01:28:39.081+0000] {processor.py:826} INFO - Processing file /home/airflow/.local/lib/python3.7/site-packages/airflow/example_dags/example_skip_dag.py for tasks to queue
[2023-06-09T01:28:39.082+0000] {logging_mixin.py:149} INFO - [2023-06-09T01:28:39.082+0000] {dagbag.py:541} INFO - Filling up the DagBag from /home/airflow/.local/lib/python3.7/site-packages/airflow/example_dags/example_skip_dag.py
[2023-06-09T01:28:39.091+0000] {processor.py:836} INFO - DAG(s) dict_keys(['example_skip_dag']) retrieved from /home/airflow/.local/lib/python3.7/site-packages/airflow/example_dags/example_skip_dag.py
[2023-06-09T01:28:39.117+0000] {logging_mixin.py:149} INFO - [2023-06-09T01:28:39.117+0000] {dag.py:2726} INFO - Sync 1 DAGs
[2023-06-09T01:28:39.137+0000] {logging_mixin.py:149} INFO - [2023-06-09T01:28:39.136+0000] {dag.py:3490} INFO - Setting next_dagrun for example_skip_dag to 2023-06-08T01:28:39.136683+00:00, run_after=2023-06-09T01:28:39.136683+00:00
[2023-06-09T01:28:39.150+0000] {processor.py:179} INFO - Processing /home/airflow/.local/lib/python3.7/site-packages/airflow/example_dags/example_skip_dag.py took 0.076 seconds
[2023-06-09T01:29:09.295+0000] {processor.py:157} INFO - Started process (PID=464) to work on /home/airflow/.local/lib/python3.7/site-packages/airflow/example_dags/example_skip_dag.py
[2023-06-09T01:29:09.296+0000] {processor.py:826} INFO - Processing file /home/airflow/.local/lib/python3.7/site-packages/airflow/example_dags/example_skip_dag.py for tasks to queue
[2023-06-09T01:29:09.298+0000] {logging_mixin.py:149} INFO - [2023-06-09T01:29:09.298+0000] {dagbag.py:541} INFO - Filling up the DagBag from /home/airflow/.local/lib/python3.7/site-packages/airflow/example_dags/example_skip_dag.py
[2023-06-09T01:29:09.311+0000] {processor.py:836} INFO - DAG(s) dict_keys(['example_skip_dag']) retrieved from /home/airflow/.local/lib/python3.7/site-packages/airflow/example_dags/example_skip_dag.py
[2023-06-09T01:29:09.357+0000] {logging_mixin.py:149} INFO - [2023-06-09T01:29:09.357+0000] {dag.py:2726} INFO - Sync 1 DAGs
[2023-06-09T01:29:09.382+0000] {logging_mixin.py:149} INFO - [2023-06-09T01:29:09.382+0000] {dag.py:3490} INFO - Setting next_dagrun for example_skip_dag to 2023-06-08T01:29:09.382314+00:00, run_after=2023-06-09T01:29:09.382314+00:00
[2023-06-09T01:29:09.419+0000] {processor.py:179} INFO - Processing /home/airflow/.local/lib/python3.7/site-packages/airflow/example_dags/example_skip_dag.py took 0.131 seconds
[2023-06-09T01:29:39.482+0000] {processor.py:157} INFO - Started process (PID=520) to work on /home/airflow/.local/lib/python3.7/site-packages/airflow/example_dags/example_skip_dag.py
[2023-06-09T01:29:39.484+0000] {processor.py:826} INFO - Processing file /home/airflow/.local/lib/python3.7/site-packages/airflow/example_dags/example_skip_dag.py for tasks to queue
[2023-06-09T01:29:39.486+0000] {logging_mixin.py:149} INFO - [2023-06-09T01:29:39.486+0000] {dagbag.py:541} INFO - Filling up the DagBag from /home/airflow/.local/lib/python3.7/site-packages/airflow/example_dags/example_skip_dag.py
[2023-06-09T01:29:39.494+0000] {processor.py:836} INFO - DAG(s) dict_keys(['example_skip_dag']) retrieved from /home/airflow/.local/lib/python3.7/site-packages/airflow/example_dags/example_skip_dag.py
[2023-06-09T01:29:39.515+0000] {logging_mixin.py:149} INFO - [2023-06-09T01:29:39.515+0000] {dag.py:2726} INFO - Sync 1 DAGs
[2023-06-09T01:29:39.531+0000] {logging_mixin.py:149} INFO - [2023-06-09T01:29:39.531+0000] {dag.py:3490} INFO - Setting next_dagrun for example_skip_dag to 2023-06-08T01:29:39.530994+00:00, run_after=2023-06-09T01:29:39.530994+00:00
[2023-06-09T01:29:39.546+0000] {processor.py:179} INFO - Processing /home/airflow/.local/lib/python3.7/site-packages/airflow/example_dags/example_skip_dag.py took 0.069 seconds
[2023-06-09T01:30:10.480+0000] {processor.py:157} INFO - Started process (PID=576) to work on /home/airflow/.local/lib/python3.7/site-packages/airflow/example_dags/example_skip_dag.py
[2023-06-09T01:30:10.483+0000] {processor.py:826} INFO - Processing file /home/airflow/.local/lib/python3.7/site-packages/airflow/example_dags/example_skip_dag.py for tasks to queue
[2023-06-09T01:30:10.486+0000] {logging_mixin.py:149} INFO - [2023-06-09T01:30:10.486+0000] {dagbag.py:541} INFO - Filling up the DagBag from /home/airflow/.local/lib/python3.7/site-packages/airflow/example_dags/example_skip_dag.py
[2023-06-09T01:30:10.502+0000] {processor.py:836} INFO - DAG(s) dict_keys(['example_skip_dag']) retrieved from /home/airflow/.local/lib/python3.7/site-packages/airflow/example_dags/example_skip_dag.py
[2023-06-09T01:30:10.546+0000] {logging_mixin.py:149} INFO - [2023-06-09T01:30:10.546+0000] {dag.py:2726} INFO - Sync 1 DAGs
[2023-06-09T01:30:10.581+0000] {logging_mixin.py:149} INFO - [2023-06-09T01:30:10.581+0000] {dag.py:3490} INFO - Setting next_dagrun for example_skip_dag to 2023-06-08T01:30:10.581295+00:00, run_after=2023-06-09T01:30:10.581295+00:00
[2023-06-09T01:30:10.598+0000] {processor.py:179} INFO - Processing /home/airflow/.local/lib/python3.7/site-packages/airflow/example_dags/example_skip_dag.py took 0.123 seconds
[2023-06-09T01:30:40.665+0000] {processor.py:157} INFO - Started process (PID=632) to work on /home/airflow/.local/lib/python3.7/site-packages/airflow/example_dags/example_skip_dag.py
[2023-06-09T01:30:40.667+0000] {processor.py:826} INFO - Processing file /home/airflow/.local/lib/python3.7/site-packages/airflow/example_dags/example_skip_dag.py for tasks to queue
[2023-06-09T01:30:40.669+0000] {logging_mixin.py:149} INFO - [2023-06-09T01:30:40.668+0000] {dagbag.py:541} INFO - Filling up the DagBag from /home/airflow/.local/lib/python3.7/site-packages/airflow/example_dags/example_skip_dag.py
[2023-06-09T01:30:40.680+0000] {processor.py:836} INFO - DAG(s) dict_keys(['example_skip_dag']) retrieved from /home/airflow/.local/lib/python3.7/site-packages/airflow/example_dags/example_skip_dag.py
[2023-06-09T01:30:40.708+0000] {logging_mixin.py:149} INFO - [2023-06-09T01:30:40.708+0000] {dag.py:2726} INFO - Sync 1 DAGs
[2023-06-09T01:30:40.726+0000] {logging_mixin.py:149} INFO - [2023-06-09T01:30:40.726+0000] {dag.py:3490} INFO - Setting next_dagrun for example_skip_dag to 2023-06-08T01:30:40.726404+00:00, run_after=2023-06-09T01:30:40.726404+00:00
[2023-06-09T01:30:40.739+0000] {processor.py:179} INFO - Processing /home/airflow/.local/lib/python3.7/site-packages/airflow/example_dags/example_skip_dag.py took 0.080 seconds
[2023-06-09T01:31:11.157+0000] {processor.py:157} INFO - Started process (PID=688) to work on /home/airflow/.local/lib/python3.7/site-packages/airflow/example_dags/example_skip_dag.py
[2023-06-09T01:31:11.158+0000] {processor.py:826} INFO - Processing file /home/airflow/.local/lib/python3.7/site-packages/airflow/example_dags/example_skip_dag.py for tasks to queue
[2023-06-09T01:31:11.159+0000] {logging_mixin.py:149} INFO - [2023-06-09T01:31:11.159+0000] {dagbag.py:541} INFO - Filling up the DagBag from /home/airflow/.local/lib/python3.7/site-packages/airflow/example_dags/example_skip_dag.py
[2023-06-09T01:31:11.167+0000] {processor.py:836} INFO - DAG(s) dict_keys(['example_skip_dag']) retrieved from /home/airflow/.local/lib/python3.7/site-packages/airflow/example_dags/example_skip_dag.py
[2023-06-09T01:31:11.192+0000] {logging_mixin.py:149} INFO - [2023-06-09T01:31:11.192+0000] {dag.py:2726} INFO - Sync 1 DAGs
[2023-06-09T01:31:11.219+0000] {logging_mixin.py:149} INFO - [2023-06-09T01:31:11.218+0000] {dag.py:3490} INFO - Setting next_dagrun for example_skip_dag to 2023-06-08T01:31:11.218439+00:00, run_after=2023-06-09T01:31:11.218439+00:00
[2023-06-09T01:31:11.232+0000] {processor.py:179} INFO - Processing /home/airflow/.local/lib/python3.7/site-packages/airflow/example_dags/example_skip_dag.py took 0.082 seconds
[2023-06-09T01:31:42.106+0000] {processor.py:157} INFO - Started process (PID=744) to work on /home/airflow/.local/lib/python3.7/site-packages/airflow/example_dags/example_skip_dag.py
[2023-06-09T01:31:42.108+0000] {processor.py:826} INFO - Processing file /home/airflow/.local/lib/python3.7/site-packages/airflow/example_dags/example_skip_dag.py for tasks to queue
[2023-06-09T01:31:42.109+0000] {logging_mixin.py:149} INFO - [2023-06-09T01:31:42.109+0000] {dagbag.py:541} INFO - Filling up the DagBag from /home/airflow/.local/lib/python3.7/site-packages/airflow/example_dags/example_skip_dag.py
[2023-06-09T01:31:42.119+0000] {processor.py:836} INFO - DAG(s) dict_keys(['example_skip_dag']) retrieved from /home/airflow/.local/lib/python3.7/site-packages/airflow/example_dags/example_skip_dag.py
[2023-06-09T01:31:42.146+0000] {logging_mixin.py:149} INFO - [2023-06-09T01:31:42.145+0000] {dag.py:2726} INFO - Sync 1 DAGs
[2023-06-09T01:31:42.167+0000] {logging_mixin.py:149} INFO - [2023-06-09T01:31:42.167+0000] {dag.py:3490} INFO - Setting next_dagrun for example_skip_dag to 2023-06-08T01:31:42.166687+00:00, run_after=2023-06-09T01:31:42.166687+00:00
[2023-06-09T01:31:42.180+0000] {processor.py:179} INFO - Processing /home/airflow/.local/lib/python3.7/site-packages/airflow/example_dags/example_skip_dag.py took 0.080 seconds
[2023-06-09T01:32:12.432+0000] {processor.py:157} INFO - Started process (PID=800) to work on /home/airflow/.local/lib/python3.7/site-packages/airflow/example_dags/example_skip_dag.py
[2023-06-09T01:32:12.434+0000] {processor.py:826} INFO - Processing file /home/airflow/.local/lib/python3.7/site-packages/airflow/example_dags/example_skip_dag.py for tasks to queue
[2023-06-09T01:32:12.435+0000] {logging_mixin.py:149} INFO - [2023-06-09T01:32:12.435+0000] {dagbag.py:541} INFO - Filling up the DagBag from /home/airflow/.local/lib/python3.7/site-packages/airflow/example_dags/example_skip_dag.py
[2023-06-09T01:32:12.447+0000] {processor.py:836} INFO - DAG(s) dict_keys(['example_skip_dag']) retrieved from /home/airflow/.local/lib/python3.7/site-packages/airflow/example_dags/example_skip_dag.py
[2023-06-09T01:32:12.474+0000] {logging_mixin.py:149} INFO - [2023-06-09T01:32:12.474+0000] {dag.py:2726} INFO - Sync 1 DAGs
[2023-06-09T01:32:12.493+0000] {logging_mixin.py:149} INFO - [2023-06-09T01:32:12.493+0000] {dag.py:3490} INFO - Setting next_dagrun for example_skip_dag to 2023-06-08T01:32:12.493260+00:00, run_after=2023-06-09T01:32:12.493260+00:00
[2023-06-09T01:32:12.508+0000] {processor.py:179} INFO - Processing /home/airflow/.local/lib/python3.7/site-packages/airflow/example_dags/example_skip_dag.py took 0.081 seconds
[2023-06-09T01:32:42.762+0000] {processor.py:157} INFO - Started process (PID=856) to work on /home/airflow/.local/lib/python3.7/site-packages/airflow/example_dags/example_skip_dag.py
[2023-06-09T01:32:42.764+0000] {processor.py:826} INFO - Processing file /home/airflow/.local/lib/python3.7/site-packages/airflow/example_dags/example_skip_dag.py for tasks to queue
[2023-06-09T01:32:42.765+0000] {logging_mixin.py:149} INFO - [2023-06-09T01:32:42.765+0000] {dagbag.py:541} INFO - Filling up the DagBag from /home/airflow/.local/lib/python3.7/site-packages/airflow/example_dags/example_skip_dag.py
[2023-06-09T01:32:42.775+0000] {processor.py:836} INFO - DAG(s) dict_keys(['example_skip_dag']) retrieved from /home/airflow/.local/lib/python3.7/site-packages/airflow/example_dags/example_skip_dag.py
[2023-06-09T01:32:42.801+0000] {logging_mixin.py:149} INFO - [2023-06-09T01:32:42.801+0000] {dag.py:2726} INFO - Sync 1 DAGs
[2023-06-09T01:32:42.823+0000] {logging_mixin.py:149} INFO - [2023-06-09T01:32:42.823+0000] {dag.py:3490} INFO - Setting next_dagrun for example_skip_dag to 2023-06-08T01:32:42.823283+00:00, run_after=2023-06-09T01:32:42.823283+00:00
[2023-06-09T01:32:42.838+0000] {processor.py:179} INFO - Processing /home/airflow/.local/lib/python3.7/site-packages/airflow/example_dags/example_skip_dag.py took 0.080 seconds
[2023-06-09T01:33:12.901+0000] {processor.py:157} INFO - Started process (PID=912) to work on /home/airflow/.local/lib/python3.7/site-packages/airflow/example_dags/example_skip_dag.py
[2023-06-09T01:33:12.903+0000] {processor.py:826} INFO - Processing file /home/airflow/.local/lib/python3.7/site-packages/airflow/example_dags/example_skip_dag.py for tasks to queue
[2023-06-09T01:33:12.905+0000] {logging_mixin.py:149} INFO - [2023-06-09T01:33:12.904+0000] {dagbag.py:541} INFO - Filling up the DagBag from /home/airflow/.local/lib/python3.7/site-packages/airflow/example_dags/example_skip_dag.py
[2023-06-09T01:33:12.914+0000] {processor.py:836} INFO - DAG(s) dict_keys(['example_skip_dag']) retrieved from /home/airflow/.local/lib/python3.7/site-packages/airflow/example_dags/example_skip_dag.py
[2023-06-09T01:33:12.942+0000] {logging_mixin.py:149} INFO - [2023-06-09T01:33:12.942+0000] {dag.py:2726} INFO - Sync 1 DAGs
[2023-06-09T01:33:12.960+0000] {logging_mixin.py:149} INFO - [2023-06-09T01:33:12.960+0000] {dag.py:3490} INFO - Setting next_dagrun for example_skip_dag to 2023-06-08T01:33:12.960006+00:00, run_after=2023-06-09T01:33:12.960006+00:00
[2023-06-09T01:33:12.971+0000] {processor.py:179} INFO - Processing /home/airflow/.local/lib/python3.7/site-packages/airflow/example_dags/example_skip_dag.py took 0.076 seconds
[2023-06-09T01:33:43.979+0000] {processor.py:157} INFO - Started process (PID=968) to work on /home/airflow/.local/lib/python3.7/site-packages/airflow/example_dags/example_skip_dag.py
[2023-06-09T01:33:43.980+0000] {processor.py:826} INFO - Processing file /home/airflow/.local/lib/python3.7/site-packages/airflow/example_dags/example_skip_dag.py for tasks to queue
[2023-06-09T01:33:43.981+0000] {logging_mixin.py:149} INFO - [2023-06-09T01:33:43.981+0000] {dagbag.py:541} INFO - Filling up the DagBag from /home/airflow/.local/lib/python3.7/site-packages/airflow/example_dags/example_skip_dag.py
[2023-06-09T01:33:43.990+0000] {processor.py:836} INFO - DAG(s) dict_keys(['example_skip_dag']) retrieved from /home/airflow/.local/lib/python3.7/site-packages/airflow/example_dags/example_skip_dag.py
[2023-06-09T01:33:44.014+0000] {logging_mixin.py:149} INFO - [2023-06-09T01:33:44.014+0000] {dag.py:2726} INFO - Sync 1 DAGs
[2023-06-09T01:33:44.030+0000] {logging_mixin.py:149} INFO - [2023-06-09T01:33:44.030+0000] {dag.py:3490} INFO - Setting next_dagrun for example_skip_dag to 2023-06-08T01:33:44.030528+00:00, run_after=2023-06-09T01:33:44.030528+00:00
[2023-06-09T01:33:44.042+0000] {processor.py:179} INFO - Processing /home/airflow/.local/lib/python3.7/site-packages/airflow/example_dags/example_skip_dag.py took 0.067 seconds
[2023-06-09T01:34:14.415+0000] {processor.py:157} INFO - Started process (PID=1024) to work on /home/airflow/.local/lib/python3.7/site-packages/airflow/example_dags/example_skip_dag.py
[2023-06-09T01:34:14.417+0000] {processor.py:826} INFO - Processing file /home/airflow/.local/lib/python3.7/site-packages/airflow/example_dags/example_skip_dag.py for tasks to queue
[2023-06-09T01:34:14.419+0000] {logging_mixin.py:149} INFO - [2023-06-09T01:34:14.419+0000] {dagbag.py:541} INFO - Filling up the DagBag from /home/airflow/.local/lib/python3.7/site-packages/airflow/example_dags/example_skip_dag.py
[2023-06-09T01:34:14.428+0000] {processor.py:836} INFO - DAG(s) dict_keys(['example_skip_dag']) retrieved from /home/airflow/.local/lib/python3.7/site-packages/airflow/example_dags/example_skip_dag.py
[2023-06-09T01:34:14.452+0000] {logging_mixin.py:149} INFO - [2023-06-09T01:34:14.452+0000] {dag.py:2726} INFO - Sync 1 DAGs
[2023-06-09T01:34:14.479+0000] {logging_mixin.py:149} INFO - [2023-06-09T01:34:14.479+0000] {dag.py:3490} INFO - Setting next_dagrun for example_skip_dag to 2023-06-08T01:34:14.478698+00:00, run_after=2023-06-09T01:34:14.478698+00:00
[2023-06-09T01:34:14.492+0000] {processor.py:179} INFO - Processing /home/airflow/.local/lib/python3.7/site-packages/airflow/example_dags/example_skip_dag.py took 0.082 seconds
[2023-06-09T01:34:44.930+0000] {processor.py:157} INFO - Started process (PID=1080) to work on /home/airflow/.local/lib/python3.7/site-packages/airflow/example_dags/example_skip_dag.py
[2023-06-09T01:34:44.932+0000] {processor.py:826} INFO - Processing file /home/airflow/.local/lib/python3.7/site-packages/airflow/example_dags/example_skip_dag.py for tasks to queue
[2023-06-09T01:34:44.934+0000] {logging_mixin.py:149} INFO - [2023-06-09T01:34:44.934+0000] {dagbag.py:541} INFO - Filling up the DagBag from /home/airflow/.local/lib/python3.7/site-packages/airflow/example_dags/example_skip_dag.py
[2023-06-09T01:34:44.942+0000] {processor.py:836} INFO - DAG(s) dict_keys(['example_skip_dag']) retrieved from /home/airflow/.local/lib/python3.7/site-packages/airflow/example_dags/example_skip_dag.py
[2023-06-09T01:34:44.967+0000] {logging_mixin.py:149} INFO - [2023-06-09T01:34:44.966+0000] {dag.py:2726} INFO - Sync 1 DAGs
[2023-06-09T01:34:44.983+0000] {logging_mixin.py:149} INFO - [2023-06-09T01:34:44.983+0000] {dag.py:3490} INFO - Setting next_dagrun for example_skip_dag to 2023-06-08T01:34:44.983077+00:00, run_after=2023-06-09T01:34:44.983077+00:00
[2023-06-09T01:34:44.996+0000] {processor.py:179} INFO - Processing /home/airflow/.local/lib/python3.7/site-packages/airflow/example_dags/example_skip_dag.py took 0.070 seconds
[2023-06-09T01:35:15.389+0000] {processor.py:157} INFO - Started process (PID=1136) to work on /home/airflow/.local/lib/python3.7/site-packages/airflow/example_dags/example_skip_dag.py
[2023-06-09T01:35:15.391+0000] {processor.py:826} INFO - Processing file /home/airflow/.local/lib/python3.7/site-packages/airflow/example_dags/example_skip_dag.py for tasks to queue
[2023-06-09T01:35:15.392+0000] {logging_mixin.py:149} INFO - [2023-06-09T01:35:15.392+0000] {dagbag.py:541} INFO - Filling up the DagBag from /home/airflow/.local/lib/python3.7/site-packages/airflow/example_dags/example_skip_dag.py
[2023-06-09T01:35:15.405+0000] {processor.py:836} INFO - DAG(s) dict_keys(['example_skip_dag']) retrieved from /home/airflow/.local/lib/python3.7/site-packages/airflow/example_dags/example_skip_dag.py
[2023-06-09T01:35:15.435+0000] {logging_mixin.py:149} INFO - [2023-06-09T01:35:15.435+0000] {dag.py:2726} INFO - Sync 1 DAGs
[2023-06-09T01:35:15.455+0000] {logging_mixin.py:149} INFO - [2023-06-09T01:35:15.455+0000] {dag.py:3490} INFO - Setting next_dagrun for example_skip_dag to 2023-06-08T01:35:15.455053+00:00, run_after=2023-06-09T01:35:15.455053+00:00
[2023-06-09T01:35:15.469+0000] {processor.py:179} INFO - Processing /home/airflow/.local/lib/python3.7/site-packages/airflow/example_dags/example_skip_dag.py took 0.086 seconds
[2023-06-09T01:35:46.510+0000] {processor.py:157} INFO - Started process (PID=1192) to work on /home/airflow/.local/lib/python3.7/site-packages/airflow/example_dags/example_skip_dag.py
[2023-06-09T01:35:46.514+0000] {processor.py:826} INFO - Processing file /home/airflow/.local/lib/python3.7/site-packages/airflow/example_dags/example_skip_dag.py for tasks to queue
[2023-06-09T01:35:46.515+0000] {logging_mixin.py:149} INFO - [2023-06-09T01:35:46.515+0000] {dagbag.py:541} INFO - Filling up the DagBag from /home/airflow/.local/lib/python3.7/site-packages/airflow/example_dags/example_skip_dag.py
[2023-06-09T01:35:46.526+0000] {processor.py:836} INFO - DAG(s) dict_keys(['example_skip_dag']) retrieved from /home/airflow/.local/lib/python3.7/site-packages/airflow/example_dags/example_skip_dag.py
[2023-06-09T01:35:46.561+0000] {logging_mixin.py:149} INFO - [2023-06-09T01:35:46.561+0000] {dag.py:2726} INFO - Sync 1 DAGs
[2023-06-09T01:35:46.594+0000] {logging_mixin.py:149} INFO - [2023-06-09T01:35:46.593+0000] {dag.py:3490} INFO - Setting next_dagrun for example_skip_dag to 2023-06-08T01:35:46.593277+00:00, run_after=2023-06-09T01:35:46.593277+00:00
[2023-06-09T01:35:46.609+0000] {processor.py:179} INFO - Processing /home/airflow/.local/lib/python3.7/site-packages/airflow/example_dags/example_skip_dag.py took 0.106 seconds
[2023-06-09T01:36:16.707+0000] {processor.py:157} INFO - Started process (PID=1248) to work on /home/airflow/.local/lib/python3.7/site-packages/airflow/example_dags/example_skip_dag.py
[2023-06-09T01:36:16.711+0000] {processor.py:826} INFO - Processing file /home/airflow/.local/lib/python3.7/site-packages/airflow/example_dags/example_skip_dag.py for tasks to queue
[2023-06-09T01:36:16.712+0000] {logging_mixin.py:149} INFO - [2023-06-09T01:36:16.712+0000] {dagbag.py:541} INFO - Filling up the DagBag from /home/airflow/.local/lib/python3.7/site-packages/airflow/example_dags/example_skip_dag.py
[2023-06-09T01:36:16.724+0000] {processor.py:836} INFO - DAG(s) dict_keys(['example_skip_dag']) retrieved from /home/airflow/.local/lib/python3.7/site-packages/airflow/example_dags/example_skip_dag.py
[2023-06-09T01:36:16.753+0000] {logging_mixin.py:149} INFO - [2023-06-09T01:36:16.753+0000] {dag.py:2726} INFO - Sync 1 DAGs
[2023-06-09T01:36:16.777+0000] {logging_mixin.py:149} INFO - [2023-06-09T01:36:16.777+0000] {dag.py:3490} INFO - Setting next_dagrun for example_skip_dag to 2023-06-08T01:36:16.776895+00:00, run_after=2023-06-09T01:36:16.776895+00:00
[2023-06-09T01:36:16.793+0000] {processor.py:179} INFO - Processing /home/airflow/.local/lib/python3.7/site-packages/airflow/example_dags/example_skip_dag.py took 0.096 seconds
[2023-06-09T01:36:47.242+0000] {processor.py:157} INFO - Started process (PID=1304) to work on /home/airflow/.local/lib/python3.7/site-packages/airflow/example_dags/example_skip_dag.py
[2023-06-09T01:36:47.245+0000] {processor.py:826} INFO - Processing file /home/airflow/.local/lib/python3.7/site-packages/airflow/example_dags/example_skip_dag.py for tasks to queue
[2023-06-09T01:36:47.246+0000] {logging_mixin.py:149} INFO - [2023-06-09T01:36:47.246+0000] {dagbag.py:541} INFO - Filling up the DagBag from /home/airflow/.local/lib/python3.7/site-packages/airflow/example_dags/example_skip_dag.py
[2023-06-09T01:36:47.273+0000] {processor.py:836} INFO - DAG(s) dict_keys(['example_skip_dag']) retrieved from /home/airflow/.local/lib/python3.7/site-packages/airflow/example_dags/example_skip_dag.py
[2023-06-09T01:36:47.314+0000] {logging_mixin.py:149} INFO - [2023-06-09T01:36:47.314+0000] {dag.py:2726} INFO - Sync 1 DAGs
[2023-06-09T01:36:47.338+0000] {logging_mixin.py:149} INFO - [2023-06-09T01:36:47.337+0000] {dag.py:3490} INFO - Setting next_dagrun for example_skip_dag to 2023-06-08T01:36:47.337599+00:00, run_after=2023-06-09T01:36:47.337599+00:00
[2023-06-09T01:36:47.354+0000] {processor.py:179} INFO - Processing /home/airflow/.local/lib/python3.7/site-packages/airflow/example_dags/example_skip_dag.py took 0.117 seconds
[2023-06-09T01:37:18.039+0000] {processor.py:157} INFO - Started process (PID=1360) to work on /home/airflow/.local/lib/python3.7/site-packages/airflow/example_dags/example_skip_dag.py
[2023-06-09T01:37:18.042+0000] {processor.py:826} INFO - Processing file /home/airflow/.local/lib/python3.7/site-packages/airflow/example_dags/example_skip_dag.py for tasks to queue
[2023-06-09T01:37:18.043+0000] {logging_mixin.py:149} INFO - [2023-06-09T01:37:18.043+0000] {dagbag.py:541} INFO - Filling up the DagBag from /home/airflow/.local/lib/python3.7/site-packages/airflow/example_dags/example_skip_dag.py
[2023-06-09T01:37:18.055+0000] {processor.py:836} INFO - DAG(s) dict_keys(['example_skip_dag']) retrieved from /home/airflow/.local/lib/python3.7/site-packages/airflow/example_dags/example_skip_dag.py
[2023-06-09T01:37:18.083+0000] {logging_mixin.py:149} INFO - [2023-06-09T01:37:18.083+0000] {dag.py:2726} INFO - Sync 1 DAGs
[2023-06-09T01:37:18.101+0000] {logging_mixin.py:149} INFO - [2023-06-09T01:37:18.101+0000] {dag.py:3490} INFO - Setting next_dagrun for example_skip_dag to 2023-06-08T01:37:18.100722+00:00, run_after=2023-06-09T01:37:18.100722+00:00
[2023-06-09T01:37:18.114+0000] {processor.py:179} INFO - Processing /home/airflow/.local/lib/python3.7/site-packages/airflow/example_dags/example_skip_dag.py took 0.080 seconds
[2023-06-09T01:37:48.404+0000] {processor.py:157} INFO - Started process (PID=1416) to work on /home/airflow/.local/lib/python3.7/site-packages/airflow/example_dags/example_skip_dag.py
[2023-06-09T01:37:48.407+0000] {processor.py:826} INFO - Processing file /home/airflow/.local/lib/python3.7/site-packages/airflow/example_dags/example_skip_dag.py for tasks to queue
[2023-06-09T01:37:48.408+0000] {logging_mixin.py:149} INFO - [2023-06-09T01:37:48.408+0000] {dagbag.py:541} INFO - Filling up the DagBag from /home/airflow/.local/lib/python3.7/site-packages/airflow/example_dags/example_skip_dag.py
[2023-06-09T01:37:48.420+0000] {processor.py:836} INFO - DAG(s) dict_keys(['example_skip_dag']) retrieved from /home/airflow/.local/lib/python3.7/site-packages/airflow/example_dags/example_skip_dag.py
[2023-06-09T01:37:48.455+0000] {logging_mixin.py:149} INFO - [2023-06-09T01:37:48.455+0000] {dag.py:2726} INFO - Sync 1 DAGs
[2023-06-09T01:37:48.477+0000] {logging_mixin.py:149} INFO - [2023-06-09T01:37:48.477+0000] {dag.py:3490} INFO - Setting next_dagrun for example_skip_dag to 2023-06-08T01:37:48.477081+00:00, run_after=2023-06-09T01:37:48.477081+00:00
[2023-06-09T01:37:48.492+0000] {processor.py:179} INFO - Processing /home/airflow/.local/lib/python3.7/site-packages/airflow/example_dags/example_skip_dag.py took 0.095 seconds
[2023-06-09T01:38:18.999+0000] {processor.py:157} INFO - Started process (PID=1471) to work on /home/airflow/.local/lib/python3.7/site-packages/airflow/example_dags/example_skip_dag.py
[2023-06-09T01:38:19.001+0000] {processor.py:826} INFO - Processing file /home/airflow/.local/lib/python3.7/site-packages/airflow/example_dags/example_skip_dag.py for tasks to queue
[2023-06-09T01:38:19.002+0000] {logging_mixin.py:149} INFO - [2023-06-09T01:38:19.002+0000] {dagbag.py:541} INFO - Filling up the DagBag from /home/airflow/.local/lib/python3.7/site-packages/airflow/example_dags/example_skip_dag.py
[2023-06-09T01:38:19.011+0000] {processor.py:836} INFO - DAG(s) dict_keys(['example_skip_dag']) retrieved from /home/airflow/.local/lib/python3.7/site-packages/airflow/example_dags/example_skip_dag.py
[2023-06-09T01:38:19.041+0000] {logging_mixin.py:149} INFO - [2023-06-09T01:38:19.041+0000] {dag.py:2726} INFO - Sync 1 DAGs
[2023-06-09T01:38:19.065+0000] {logging_mixin.py:149} INFO - [2023-06-09T01:38:19.065+0000] {dag.py:3490} INFO - Setting next_dagrun for example_skip_dag to 2023-06-08T01:38:19.065426+00:00, run_after=2023-06-09T01:38:19.065426+00:00
[2023-06-09T01:38:19.087+0000] {processor.py:179} INFO - Processing /home/airflow/.local/lib/python3.7/site-packages/airflow/example_dags/example_skip_dag.py took 0.093 seconds
[2023-06-09T01:38:49.146+0000] {processor.py:157} INFO - Started process (PID=1526) to work on /home/airflow/.local/lib/python3.7/site-packages/airflow/example_dags/example_skip_dag.py
[2023-06-09T01:38:49.149+0000] {processor.py:826} INFO - Processing file /home/airflow/.local/lib/python3.7/site-packages/airflow/example_dags/example_skip_dag.py for tasks to queue
[2023-06-09T01:38:49.151+0000] {logging_mixin.py:149} INFO - [2023-06-09T01:38:49.151+0000] {dagbag.py:541} INFO - Filling up the DagBag from /home/airflow/.local/lib/python3.7/site-packages/airflow/example_dags/example_skip_dag.py
[2023-06-09T01:38:49.167+0000] {processor.py:836} INFO - DAG(s) dict_keys(['example_skip_dag']) retrieved from /home/airflow/.local/lib/python3.7/site-packages/airflow/example_dags/example_skip_dag.py
[2023-06-09T01:38:49.207+0000] {logging_mixin.py:149} INFO - [2023-06-09T01:38:49.207+0000] {dag.py:2726} INFO - Sync 1 DAGs
[2023-06-09T01:38:49.230+0000] {logging_mixin.py:149} INFO - [2023-06-09T01:38:49.230+0000] {dag.py:3490} INFO - Setting next_dagrun for example_skip_dag to 2023-06-08T01:38:49.230296+00:00, run_after=2023-06-09T01:38:49.230296+00:00
[2023-06-09T01:38:49.244+0000] {processor.py:179} INFO - Processing /home/airflow/.local/lib/python3.7/site-packages/airflow/example_dags/example_skip_dag.py took 0.103 seconds
[2023-06-09T01:39:19.342+0000] {processor.py:157} INFO - Started process (PID=1583) to work on /home/airflow/.local/lib/python3.7/site-packages/airflow/example_dags/example_skip_dag.py
[2023-06-09T01:39:19.345+0000] {processor.py:826} INFO - Processing file /home/airflow/.local/lib/python3.7/site-packages/airflow/example_dags/example_skip_dag.py for tasks to queue
[2023-06-09T01:39:19.346+0000] {logging_mixin.py:149} INFO - [2023-06-09T01:39:19.345+0000] {dagbag.py:541} INFO - Filling up the DagBag from /home/airflow/.local/lib/python3.7/site-packages/airflow/example_dags/example_skip_dag.py
[2023-06-09T01:39:19.357+0000] {processor.py:836} INFO - DAG(s) dict_keys(['example_skip_dag']) retrieved from /home/airflow/.local/lib/python3.7/site-packages/airflow/example_dags/example_skip_dag.py
[2023-06-09T01:39:19.414+0000] {logging_mixin.py:149} INFO - [2023-06-09T01:39:19.413+0000] {dag.py:2726} INFO - Sync 1 DAGs
[2023-06-09T01:39:19.440+0000] {logging_mixin.py:149} INFO - [2023-06-09T01:39:19.439+0000] {dag.py:3490} INFO - Setting next_dagrun for example_skip_dag to 2023-06-08T01:39:19.439432+00:00, run_after=2023-06-09T01:39:19.439432+00:00
[2023-06-09T01:39:19.466+0000] {processor.py:179} INFO - Processing /home/airflow/.local/lib/python3.7/site-packages/airflow/example_dags/example_skip_dag.py took 0.128 seconds
[2023-06-09T01:39:49.547+0000] {processor.py:157} INFO - Started process (PID=1639) to work on /home/airflow/.local/lib/python3.7/site-packages/airflow/example_dags/example_skip_dag.py
[2023-06-09T01:39:49.549+0000] {processor.py:826} INFO - Processing file /home/airflow/.local/lib/python3.7/site-packages/airflow/example_dags/example_skip_dag.py for tasks to queue
[2023-06-09T01:39:49.550+0000] {logging_mixin.py:149} INFO - [2023-06-09T01:39:49.550+0000] {dagbag.py:541} INFO - Filling up the DagBag from /home/airflow/.local/lib/python3.7/site-packages/airflow/example_dags/example_skip_dag.py
[2023-06-09T01:39:49.559+0000] {processor.py:836} INFO - DAG(s) dict_keys(['example_skip_dag']) retrieved from /home/airflow/.local/lib/python3.7/site-packages/airflow/example_dags/example_skip_dag.py
[2023-06-09T01:39:49.584+0000] {logging_mixin.py:149} INFO - [2023-06-09T01:39:49.584+0000] {dag.py:2726} INFO - Sync 1 DAGs
[2023-06-09T01:39:49.600+0000] {logging_mixin.py:149} INFO - [2023-06-09T01:39:49.600+0000] {dag.py:3490} INFO - Setting next_dagrun for example_skip_dag to 2023-06-08T01:39:49.600637+00:00, run_after=2023-06-09T01:39:49.600637+00:00
[2023-06-09T01:39:49.612+0000] {processor.py:179} INFO - Processing /home/airflow/.local/lib/python3.7/site-packages/airflow/example_dags/example_skip_dag.py took 0.071 seconds
[2023-06-09T01:40:19.927+0000] {processor.py:157} INFO - Started process (PID=1696) to work on /home/airflow/.local/lib/python3.7/site-packages/airflow/example_dags/example_skip_dag.py
[2023-06-09T01:40:19.929+0000] {processor.py:826} INFO - Processing file /home/airflow/.local/lib/python3.7/site-packages/airflow/example_dags/example_skip_dag.py for tasks to queue
[2023-06-09T01:40:19.930+0000] {logging_mixin.py:149} INFO - [2023-06-09T01:40:19.930+0000] {dagbag.py:541} INFO - Filling up the DagBag from /home/airflow/.local/lib/python3.7/site-packages/airflow/example_dags/example_skip_dag.py
[2023-06-09T01:40:19.940+0000] {processor.py:836} INFO - DAG(s) dict_keys(['example_skip_dag']) retrieved from /home/airflow/.local/lib/python3.7/site-packages/airflow/example_dags/example_skip_dag.py
[2023-06-09T01:40:19.965+0000] {logging_mixin.py:149} INFO - [2023-06-09T01:40:19.964+0000] {dag.py:2726} INFO - Sync 1 DAGs
[2023-06-09T01:40:19.981+0000] {logging_mixin.py:149} INFO - [2023-06-09T01:40:19.981+0000] {dag.py:3490} INFO - Setting next_dagrun for example_skip_dag to 2023-06-08T01:40:19.980724+00:00, run_after=2023-06-09T01:40:19.980724+00:00
[2023-06-09T01:40:19.992+0000] {processor.py:179} INFO - Processing /home/airflow/.local/lib/python3.7/site-packages/airflow/example_dags/example_skip_dag.py took 0.070 seconds
[2023-06-09T01:40:50.663+0000] {processor.py:157} INFO - Started process (PID=1759) to work on /home/airflow/.local/lib/python3.7/site-packages/airflow/example_dags/example_skip_dag.py
[2023-06-09T01:40:50.664+0000] {processor.py:826} INFO - Processing file /home/airflow/.local/lib/python3.7/site-packages/airflow/example_dags/example_skip_dag.py for tasks to queue
[2023-06-09T01:40:50.666+0000] {logging_mixin.py:149} INFO - [2023-06-09T01:40:50.665+0000] {dagbag.py:541} INFO - Filling up the DagBag from /home/airflow/.local/lib/python3.7/site-packages/airflow/example_dags/example_skip_dag.py
[2023-06-09T01:40:50.673+0000] {processor.py:836} INFO - DAG(s) dict_keys(['example_skip_dag']) retrieved from /home/airflow/.local/lib/python3.7/site-packages/airflow/example_dags/example_skip_dag.py
[2023-06-09T01:40:50.697+0000] {logging_mixin.py:149} INFO - [2023-06-09T01:40:50.697+0000] {dag.py:2726} INFO - Sync 1 DAGs
[2023-06-09T01:40:50.716+0000] {logging_mixin.py:149} INFO - [2023-06-09T01:40:50.716+0000] {dag.py:3490} INFO - Setting next_dagrun for example_skip_dag to 2023-06-08T01:40:50.716133+00:00, run_after=2023-06-09T01:40:50.716133+00:00
[2023-06-09T01:40:50.728+0000] {processor.py:179} INFO - Processing /home/airflow/.local/lib/python3.7/site-packages/airflow/example_dags/example_skip_dag.py took 0.069 seconds
[2023-06-09T01:41:20.804+0000] {processor.py:157} INFO - Started process (PID=1816) to work on /home/airflow/.local/lib/python3.7/site-packages/airflow/example_dags/example_skip_dag.py
[2023-06-09T01:41:20.806+0000] {processor.py:826} INFO - Processing file /home/airflow/.local/lib/python3.7/site-packages/airflow/example_dags/example_skip_dag.py for tasks to queue
[2023-06-09T01:41:20.806+0000] {logging_mixin.py:149} INFO - [2023-06-09T01:41:20.806+0000] {dagbag.py:541} INFO - Filling up the DagBag from /home/airflow/.local/lib/python3.7/site-packages/airflow/example_dags/example_skip_dag.py
[2023-06-09T01:41:20.813+0000] {processor.py:836} INFO - DAG(s) dict_keys(['example_skip_dag']) retrieved from /home/airflow/.local/lib/python3.7/site-packages/airflow/example_dags/example_skip_dag.py
[2023-06-09T01:41:20.833+0000] {logging_mixin.py:149} INFO - [2023-06-09T01:41:20.832+0000] {dag.py:2726} INFO - Sync 1 DAGs
[2023-06-09T01:41:20.849+0000] {logging_mixin.py:149} INFO - [2023-06-09T01:41:20.849+0000] {dag.py:3490} INFO - Setting next_dagrun for example_skip_dag to 2023-06-08T01:41:20.849449+00:00, run_after=2023-06-09T01:41:20.849449+00:00
[2023-06-09T01:41:20.861+0000] {processor.py:179} INFO - Processing /home/airflow/.local/lib/python3.7/site-packages/airflow/example_dags/example_skip_dag.py took 0.060 seconds
[2023-06-09T01:41:51.384+0000] {processor.py:157} INFO - Started process (PID=1872) to work on /home/airflow/.local/lib/python3.7/site-packages/airflow/example_dags/example_skip_dag.py
[2023-06-09T01:41:51.385+0000] {processor.py:826} INFO - Processing file /home/airflow/.local/lib/python3.7/site-packages/airflow/example_dags/example_skip_dag.py for tasks to queue
[2023-06-09T01:41:51.386+0000] {logging_mixin.py:149} INFO - [2023-06-09T01:41:51.385+0000] {dagbag.py:541} INFO - Filling up the DagBag from /home/airflow/.local/lib/python3.7/site-packages/airflow/example_dags/example_skip_dag.py
[2023-06-09T01:41:51.391+0000] {processor.py:836} INFO - DAG(s) dict_keys(['example_skip_dag']) retrieved from /home/airflow/.local/lib/python3.7/site-packages/airflow/example_dags/example_skip_dag.py
[2023-06-09T01:41:51.413+0000] {logging_mixin.py:149} INFO - [2023-06-09T01:41:51.412+0000] {dag.py:2726} INFO - Sync 1 DAGs
[2023-06-09T01:41:51.430+0000] {logging_mixin.py:149} INFO - [2023-06-09T01:41:51.430+0000] {dag.py:3490} INFO - Setting next_dagrun for example_skip_dag to 2023-06-08T01:41:51.430411+00:00, run_after=2023-06-09T01:41:51.430411+00:00
[2023-06-09T01:41:51.442+0000] {processor.py:179} INFO - Processing /home/airflow/.local/lib/python3.7/site-packages/airflow/example_dags/example_skip_dag.py took 0.061 seconds
[2023-06-09T01:42:21.926+0000] {processor.py:157} INFO - Started process (PID=1927) to work on /home/airflow/.local/lib/python3.7/site-packages/airflow/example_dags/example_skip_dag.py
[2023-06-09T01:42:21.927+0000] {processor.py:826} INFO - Processing file /home/airflow/.local/lib/python3.7/site-packages/airflow/example_dags/example_skip_dag.py for tasks to queue
[2023-06-09T01:42:21.929+0000] {logging_mixin.py:149} INFO - [2023-06-09T01:42:21.928+0000] {dagbag.py:541} INFO - Filling up the DagBag from /home/airflow/.local/lib/python3.7/site-packages/airflow/example_dags/example_skip_dag.py
[2023-06-09T01:42:21.937+0000] {processor.py:836} INFO - DAG(s) dict_keys(['example_skip_dag']) retrieved from /home/airflow/.local/lib/python3.7/site-packages/airflow/example_dags/example_skip_dag.py
[2023-06-09T01:42:21.961+0000] {logging_mixin.py:149} INFO - [2023-06-09T01:42:21.960+0000] {dag.py:2726} INFO - Sync 1 DAGs
[2023-06-09T01:42:21.980+0000] {logging_mixin.py:149} INFO - [2023-06-09T01:42:21.980+0000] {dag.py:3490} INFO - Setting next_dagrun for example_skip_dag to 2023-06-08T01:42:21.979963+00:00, run_after=2023-06-09T01:42:21.979963+00:00
[2023-06-09T01:42:21.992+0000] {processor.py:179} INFO - Processing /home/airflow/.local/lib/python3.7/site-packages/airflow/example_dags/example_skip_dag.py took 0.070 seconds
[2023-06-09T01:42:52.615+0000] {processor.py:157} INFO - Started process (PID=1983) to work on /home/airflow/.local/lib/python3.7/site-packages/airflow/example_dags/example_skip_dag.py
[2023-06-09T01:42:52.616+0000] {processor.py:826} INFO - Processing file /home/airflow/.local/lib/python3.7/site-packages/airflow/example_dags/example_skip_dag.py for tasks to queue
[2023-06-09T01:42:52.617+0000] {logging_mixin.py:149} INFO - [2023-06-09T01:42:52.617+0000] {dagbag.py:541} INFO - Filling up the DagBag from /home/airflow/.local/lib/python3.7/site-packages/airflow/example_dags/example_skip_dag.py
[2023-06-09T01:42:52.623+0000] {processor.py:836} INFO - DAG(s) dict_keys(['example_skip_dag']) retrieved from /home/airflow/.local/lib/python3.7/site-packages/airflow/example_dags/example_skip_dag.py
[2023-06-09T01:42:52.649+0000] {logging_mixin.py:149} INFO - [2023-06-09T01:42:52.649+0000] {dag.py:2726} INFO - Sync 1 DAGs
[2023-06-09T01:42:52.670+0000] {logging_mixin.py:149} INFO - [2023-06-09T01:42:52.670+0000] {dag.py:3490} INFO - Setting next_dagrun for example_skip_dag to 2023-06-08T01:42:52.669807+00:00, run_after=2023-06-09T01:42:52.669807+00:00
[2023-06-09T01:42:52.683+0000] {processor.py:179} INFO - Processing /home/airflow/.local/lib/python3.7/site-packages/airflow/example_dags/example_skip_dag.py took 0.071 seconds
[2023-06-09T01:43:23.017+0000] {processor.py:157} INFO - Started process (PID=2039) to work on /home/airflow/.local/lib/python3.7/site-packages/airflow/example_dags/example_skip_dag.py
[2023-06-09T01:43:23.019+0000] {processor.py:826} INFO - Processing file /home/airflow/.local/lib/python3.7/site-packages/airflow/example_dags/example_skip_dag.py for tasks to queue
[2023-06-09T01:43:23.019+0000] {logging_mixin.py:149} INFO - [2023-06-09T01:43:23.019+0000] {dagbag.py:541} INFO - Filling up the DagBag from /home/airflow/.local/lib/python3.7/site-packages/airflow/example_dags/example_skip_dag.py
[2023-06-09T01:43:23.025+0000] {processor.py:836} INFO - DAG(s) dict_keys(['example_skip_dag']) retrieved from /home/airflow/.local/lib/python3.7/site-packages/airflow/example_dags/example_skip_dag.py
[2023-06-09T01:43:23.048+0000] {logging_mixin.py:149} INFO - [2023-06-09T01:43:23.048+0000] {dag.py:2726} INFO - Sync 1 DAGs
[2023-06-09T01:43:23.066+0000] {logging_mixin.py:149} INFO - [2023-06-09T01:43:23.066+0000] {dag.py:3490} INFO - Setting next_dagrun for example_skip_dag to 2023-06-08T01:43:23.066035+00:00, run_after=2023-06-09T01:43:23.066035+00:00
[2023-06-09T01:43:23.077+0000] {processor.py:179} INFO - Processing /home/airflow/.local/lib/python3.7/site-packages/airflow/example_dags/example_skip_dag.py took 0.063 seconds
[2023-06-09T01:43:53.371+0000] {processor.py:157} INFO - Started process (PID=2095) to work on /home/airflow/.local/lib/python3.7/site-packages/airflow/example_dags/example_skip_dag.py
[2023-06-09T01:43:53.372+0000] {processor.py:826} INFO - Processing file /home/airflow/.local/lib/python3.7/site-packages/airflow/example_dags/example_skip_dag.py for tasks to queue
[2023-06-09T01:43:53.373+0000] {logging_mixin.py:149} INFO - [2023-06-09T01:43:53.373+0000] {dagbag.py:541} INFO - Filling up the DagBag from /home/airflow/.local/lib/python3.7/site-packages/airflow/example_dags/example_skip_dag.py
[2023-06-09T01:43:53.378+0000] {processor.py:836} INFO - DAG(s) dict_keys(['example_skip_dag']) retrieved from /home/airflow/.local/lib/python3.7/site-packages/airflow/example_dags/example_skip_dag.py
[2023-06-09T01:43:53.397+0000] {logging_mixin.py:149} INFO - [2023-06-09T01:43:53.397+0000] {dag.py:2726} INFO - Sync 1 DAGs
[2023-06-09T01:43:53.413+0000] {logging_mixin.py:149} INFO - [2023-06-09T01:43:53.413+0000] {dag.py:3490} INFO - Setting next_dagrun for example_skip_dag to 2023-06-08T01:43:53.413042+00:00, run_after=2023-06-09T01:43:53.413042+00:00
[2023-06-09T01:43:53.424+0000] {processor.py:179} INFO - Processing /home/airflow/.local/lib/python3.7/site-packages/airflow/example_dags/example_skip_dag.py took 0.056 seconds
[2023-06-09T01:44:23.680+0000] {processor.py:157} INFO - Started process (PID=2152) to work on /home/airflow/.local/lib/python3.7/site-packages/airflow/example_dags/example_skip_dag.py
[2023-06-09T01:44:23.681+0000] {processor.py:826} INFO - Processing file /home/airflow/.local/lib/python3.7/site-packages/airflow/example_dags/example_skip_dag.py for tasks to queue
[2023-06-09T01:44:23.682+0000] {logging_mixin.py:149} INFO - [2023-06-09T01:44:23.682+0000] {dagbag.py:541} INFO - Filling up the DagBag from /home/airflow/.local/lib/python3.7/site-packages/airflow/example_dags/example_skip_dag.py
[2023-06-09T01:44:23.688+0000] {processor.py:836} INFO - DAG(s) dict_keys(['example_skip_dag']) retrieved from /home/airflow/.local/lib/python3.7/site-packages/airflow/example_dags/example_skip_dag.py
[2023-06-09T01:44:23.707+0000] {logging_mixin.py:149} INFO - [2023-06-09T01:44:23.707+0000] {dag.py:2726} INFO - Sync 1 DAGs
[2023-06-09T01:44:23.724+0000] {logging_mixin.py:149} INFO - [2023-06-09T01:44:23.723+0000] {dag.py:3490} INFO - Setting next_dagrun for example_skip_dag to 2023-06-08T01:44:23.723495+00:00, run_after=2023-06-09T01:44:23.723495+00:00
[2023-06-09T01:44:23.735+0000] {processor.py:179} INFO - Processing /home/airflow/.local/lib/python3.7/site-packages/airflow/example_dags/example_skip_dag.py took 0.057 seconds
[2023-06-09T01:44:54.692+0000] {processor.py:157} INFO - Started process (PID=2208) to work on /home/airflow/.local/lib/python3.7/site-packages/airflow/example_dags/example_skip_dag.py
[2023-06-09T01:44:54.693+0000] {processor.py:826} INFO - Processing file /home/airflow/.local/lib/python3.7/site-packages/airflow/example_dags/example_skip_dag.py for tasks to queue
[2023-06-09T01:44:54.694+0000] {logging_mixin.py:149} INFO - [2023-06-09T01:44:54.694+0000] {dagbag.py:541} INFO - Filling up the DagBag from /home/airflow/.local/lib/python3.7/site-packages/airflow/example_dags/example_skip_dag.py
[2023-06-09T01:44:54.705+0000] {processor.py:836} INFO - DAG(s) dict_keys(['example_skip_dag']) retrieved from /home/airflow/.local/lib/python3.7/site-packages/airflow/example_dags/example_skip_dag.py
[2023-06-09T01:44:54.733+0000] {logging_mixin.py:149} INFO - [2023-06-09T01:44:54.732+0000] {dag.py:2726} INFO - Sync 1 DAGs
[2023-06-09T01:44:54.755+0000] {logging_mixin.py:149} INFO - [2023-06-09T01:44:54.754+0000] {dag.py:3490} INFO - Setting next_dagrun for example_skip_dag to 2023-06-08T01:44:54.754636+00:00, run_after=2023-06-09T01:44:54.754636+00:00
[2023-06-09T01:44:54.768+0000] {processor.py:179} INFO - Processing /home/airflow/.local/lib/python3.7/site-packages/airflow/example_dags/example_skip_dag.py took 0.079 seconds
[2023-06-09T01:45:25.045+0000] {processor.py:157} INFO - Started process (PID=2265) to work on /home/airflow/.local/lib/python3.7/site-packages/airflow/example_dags/example_skip_dag.py
[2023-06-09T01:45:25.047+0000] {processor.py:826} INFO - Processing file /home/airflow/.local/lib/python3.7/site-packages/airflow/example_dags/example_skip_dag.py for tasks to queue
[2023-06-09T01:45:25.047+0000] {logging_mixin.py:149} INFO - [2023-06-09T01:45:25.047+0000] {dagbag.py:541} INFO - Filling up the DagBag from /home/airflow/.local/lib/python3.7/site-packages/airflow/example_dags/example_skip_dag.py
[2023-06-09T01:45:25.053+0000] {processor.py:836} INFO - DAG(s) dict_keys(['example_skip_dag']) retrieved from /home/airflow/.local/lib/python3.7/site-packages/airflow/example_dags/example_skip_dag.py
[2023-06-09T01:45:25.075+0000] {logging_mixin.py:149} INFO - [2023-06-09T01:45:25.075+0000] {dag.py:2726} INFO - Sync 1 DAGs
[2023-06-09T01:45:25.095+0000] {logging_mixin.py:149} INFO - [2023-06-09T01:45:25.095+0000] {dag.py:3490} INFO - Setting next_dagrun for example_skip_dag to 2023-06-08T01:45:25.095057+00:00, run_after=2023-06-09T01:45:25.095057+00:00
[2023-06-09T01:45:25.109+0000] {processor.py:179} INFO - Processing /home/airflow/.local/lib/python3.7/site-packages/airflow/example_dags/example_skip_dag.py took 0.067 seconds
[2023-06-09T01:45:55.901+0000] {processor.py:157} INFO - Started process (PID=2321) to work on /home/airflow/.local/lib/python3.7/site-packages/airflow/example_dags/example_skip_dag.py
[2023-06-09T01:45:55.903+0000] {processor.py:826} INFO - Processing file /home/airflow/.local/lib/python3.7/site-packages/airflow/example_dags/example_skip_dag.py for tasks to queue
[2023-06-09T01:45:55.904+0000] {logging_mixin.py:149} INFO - [2023-06-09T01:45:55.904+0000] {dagbag.py:541} INFO - Filling up the DagBag from /home/airflow/.local/lib/python3.7/site-packages/airflow/example_dags/example_skip_dag.py
[2023-06-09T01:45:55.910+0000] {processor.py:836} INFO - DAG(s) dict_keys(['example_skip_dag']) retrieved from /home/airflow/.local/lib/python3.7/site-packages/airflow/example_dags/example_skip_dag.py
[2023-06-09T01:45:55.933+0000] {logging_mixin.py:149} INFO - [2023-06-09T01:45:55.933+0000] {dag.py:2726} INFO - Sync 1 DAGs
[2023-06-09T01:45:55.953+0000] {logging_mixin.py:149} INFO - [2023-06-09T01:45:55.953+0000] {dag.py:3490} INFO - Setting next_dagrun for example_skip_dag to 2023-06-08T01:45:55.952901+00:00, run_after=2023-06-09T01:45:55.952901+00:00
[2023-06-09T01:45:55.966+0000] {processor.py:179} INFO - Processing /home/airflow/.local/lib/python3.7/site-packages/airflow/example_dags/example_skip_dag.py took 0.067 seconds
[2023-06-09T01:46:26.293+0000] {processor.py:157} INFO - Started process (PID=2378) to work on /home/airflow/.local/lib/python3.7/site-packages/airflow/example_dags/example_skip_dag.py
[2023-06-09T01:46:26.295+0000] {processor.py:826} INFO - Processing file /home/airflow/.local/lib/python3.7/site-packages/airflow/example_dags/example_skip_dag.py for tasks to queue
[2023-06-09T01:46:26.295+0000] {logging_mixin.py:149} INFO - [2023-06-09T01:46:26.295+0000] {dagbag.py:541} INFO - Filling up the DagBag from /home/airflow/.local/lib/python3.7/site-packages/airflow/example_dags/example_skip_dag.py
[2023-06-09T01:46:26.304+0000] {processor.py:836} INFO - DAG(s) dict_keys(['example_skip_dag']) retrieved from /home/airflow/.local/lib/python3.7/site-packages/airflow/example_dags/example_skip_dag.py
[2023-06-09T01:46:26.326+0000] {logging_mixin.py:149} INFO - [2023-06-09T01:46:26.326+0000] {dag.py:2726} INFO - Sync 1 DAGs
[2023-06-09T01:46:26.341+0000] {logging_mixin.py:149} INFO - [2023-06-09T01:46:26.341+0000] {dag.py:3490} INFO - Setting next_dagrun for example_skip_dag to 2023-06-08T01:46:26.341472+00:00, run_after=2023-06-09T01:46:26.341472+00:00
[2023-06-09T01:46:26.352+0000] {processor.py:179} INFO - Processing /home/airflow/.local/lib/python3.7/site-packages/airflow/example_dags/example_skip_dag.py took 0.061 seconds
[2023-06-09T01:46:56.872+0000] {processor.py:157} INFO - Started process (PID=2433) to work on /home/airflow/.local/lib/python3.7/site-packages/airflow/example_dags/example_skip_dag.py
[2023-06-09T01:46:56.874+0000] {processor.py:826} INFO - Processing file /home/airflow/.local/lib/python3.7/site-packages/airflow/example_dags/example_skip_dag.py for tasks to queue
[2023-06-09T01:46:56.874+0000] {logging_mixin.py:149} INFO - [2023-06-09T01:46:56.874+0000] {dagbag.py:541} INFO - Filling up the DagBag from /home/airflow/.local/lib/python3.7/site-packages/airflow/example_dags/example_skip_dag.py
[2023-06-09T01:46:56.882+0000] {processor.py:836} INFO - DAG(s) dict_keys(['example_skip_dag']) retrieved from /home/airflow/.local/lib/python3.7/site-packages/airflow/example_dags/example_skip_dag.py
[2023-06-09T01:46:56.912+0000] {logging_mixin.py:149} INFO - [2023-06-09T01:46:56.912+0000] {dag.py:2726} INFO - Sync 1 DAGs
[2023-06-09T01:46:56.945+0000] {logging_mixin.py:149} INFO - [2023-06-09T01:46:56.944+0000] {dag.py:3490} INFO - Setting next_dagrun for example_skip_dag to 2023-06-08T01:46:56.939358+00:00, run_after=2023-06-09T01:46:56.939358+00:00
[2023-06-09T01:46:57.060+0000] {processor.py:179} INFO - Processing /home/airflow/.local/lib/python3.7/site-packages/airflow/example_dags/example_skip_dag.py took 0.192 seconds
[2023-06-09T01:47:27.535+0000] {processor.py:157} INFO - Started process (PID=2489) to work on /home/airflow/.local/lib/python3.7/site-packages/airflow/example_dags/example_skip_dag.py
[2023-06-09T01:47:27.537+0000] {processor.py:826} INFO - Processing file /home/airflow/.local/lib/python3.7/site-packages/airflow/example_dags/example_skip_dag.py for tasks to queue
[2023-06-09T01:47:27.538+0000] {logging_mixin.py:149} INFO - [2023-06-09T01:47:27.538+0000] {dagbag.py:541} INFO - Filling up the DagBag from /home/airflow/.local/lib/python3.7/site-packages/airflow/example_dags/example_skip_dag.py
[2023-06-09T01:47:27.544+0000] {processor.py:836} INFO - DAG(s) dict_keys(['example_skip_dag']) retrieved from /home/airflow/.local/lib/python3.7/site-packages/airflow/example_dags/example_skip_dag.py
[2023-06-09T01:47:27.567+0000] {logging_mixin.py:149} INFO - [2023-06-09T01:47:27.567+0000] {dag.py:2726} INFO - Sync 1 DAGs
[2023-06-09T01:47:27.586+0000] {logging_mixin.py:149} INFO - [2023-06-09T01:47:27.586+0000] {dag.py:3490} INFO - Setting next_dagrun for example_skip_dag to 2023-06-08T01:47:27.586193+00:00, run_after=2023-06-09T01:47:27.586193+00:00
[2023-06-09T01:47:27.600+0000] {processor.py:179} INFO - Processing /home/airflow/.local/lib/python3.7/site-packages/airflow/example_dags/example_skip_dag.py took 0.068 seconds
[2023-06-09T01:47:58.205+0000] {processor.py:157} INFO - Started process (PID=2546) to work on /home/airflow/.local/lib/python3.7/site-packages/airflow/example_dags/example_skip_dag.py
[2023-06-09T01:47:58.207+0000] {processor.py:826} INFO - Processing file /home/airflow/.local/lib/python3.7/site-packages/airflow/example_dags/example_skip_dag.py for tasks to queue
[2023-06-09T01:47:58.208+0000] {logging_mixin.py:149} INFO - [2023-06-09T01:47:58.208+0000] {dagbag.py:541} INFO - Filling up the DagBag from /home/airflow/.local/lib/python3.7/site-packages/airflow/example_dags/example_skip_dag.py
[2023-06-09T01:47:58.215+0000] {processor.py:836} INFO - DAG(s) dict_keys(['example_skip_dag']) retrieved from /home/airflow/.local/lib/python3.7/site-packages/airflow/example_dags/example_skip_dag.py
[2023-06-09T01:47:58.239+0000] {logging_mixin.py:149} INFO - [2023-06-09T01:47:58.239+0000] {dag.py:2726} INFO - Sync 1 DAGs
[2023-06-09T01:47:58.259+0000] {logging_mixin.py:149} INFO - [2023-06-09T01:47:58.259+0000] {dag.py:3490} INFO - Setting next_dagrun for example_skip_dag to 2023-06-08T01:47:58.258669+00:00, run_after=2023-06-09T01:47:58.258669+00:00
[2023-06-09T01:47:58.273+0000] {processor.py:179} INFO - Processing /home/airflow/.local/lib/python3.7/site-packages/airflow/example_dags/example_skip_dag.py took 0.072 seconds
[2023-06-09T01:48:28.684+0000] {processor.py:157} INFO - Started process (PID=2602) to work on /home/airflow/.local/lib/python3.7/site-packages/airflow/example_dags/example_skip_dag.py
[2023-06-09T01:48:28.686+0000] {processor.py:826} INFO - Processing file /home/airflow/.local/lib/python3.7/site-packages/airflow/example_dags/example_skip_dag.py for tasks to queue
[2023-06-09T01:48:28.687+0000] {logging_mixin.py:149} INFO - [2023-06-09T01:48:28.687+0000] {dagbag.py:541} INFO - Filling up the DagBag from /home/airflow/.local/lib/python3.7/site-packages/airflow/example_dags/example_skip_dag.py
[2023-06-09T01:48:28.698+0000] {processor.py:836} INFO - DAG(s) dict_keys(['example_skip_dag']) retrieved from /home/airflow/.local/lib/python3.7/site-packages/airflow/example_dags/example_skip_dag.py
[2023-06-09T01:48:28.723+0000] {logging_mixin.py:149} INFO - [2023-06-09T01:48:28.723+0000] {dag.py:2726} INFO - Sync 1 DAGs
[2023-06-09T01:48:28.743+0000] {logging_mixin.py:149} INFO - [2023-06-09T01:48:28.742+0000] {dag.py:3490} INFO - Setting next_dagrun for example_skip_dag to 2023-06-08T01:48:28.742663+00:00, run_after=2023-06-09T01:48:28.742663+00:00
[2023-06-09T01:48:28.758+0000] {processor.py:179} INFO - Processing /home/airflow/.local/lib/python3.7/site-packages/airflow/example_dags/example_skip_dag.py took 0.078 seconds
[2023-06-09T01:48:58.800+0000] {processor.py:157} INFO - Started process (PID=2658) to work on /home/airflow/.local/lib/python3.7/site-packages/airflow/example_dags/example_skip_dag.py
[2023-06-09T01:48:58.802+0000] {processor.py:826} INFO - Processing file /home/airflow/.local/lib/python3.7/site-packages/airflow/example_dags/example_skip_dag.py for tasks to queue
[2023-06-09T01:48:58.802+0000] {logging_mixin.py:149} INFO - [2023-06-09T01:48:58.802+0000] {dagbag.py:541} INFO - Filling up the DagBag from /home/airflow/.local/lib/python3.7/site-packages/airflow/example_dags/example_skip_dag.py
[2023-06-09T01:48:58.808+0000] {processor.py:836} INFO - DAG(s) dict_keys(['example_skip_dag']) retrieved from /home/airflow/.local/lib/python3.7/site-packages/airflow/example_dags/example_skip_dag.py
[2023-06-09T01:48:58.829+0000] {logging_mixin.py:149} INFO - [2023-06-09T01:48:58.829+0000] {dag.py:2726} INFO - Sync 1 DAGs
[2023-06-09T01:48:58.848+0000] {logging_mixin.py:149} INFO - [2023-06-09T01:48:58.848+0000] {dag.py:3490} INFO - Setting next_dagrun for example_skip_dag to 2023-06-08T01:48:58.848524+00:00, run_after=2023-06-09T01:48:58.848524+00:00
[2023-06-09T01:48:58.863+0000] {processor.py:179} INFO - Processing /home/airflow/.local/lib/python3.7/site-packages/airflow/example_dags/example_skip_dag.py took 0.066 seconds
[2023-06-09T01:49:28.905+0000] {processor.py:157} INFO - Started process (PID=2712) to work on /home/airflow/.local/lib/python3.7/site-packages/airflow/example_dags/example_skip_dag.py
[2023-06-09T01:49:28.906+0000] {processor.py:826} INFO - Processing file /home/airflow/.local/lib/python3.7/site-packages/airflow/example_dags/example_skip_dag.py for tasks to queue
[2023-06-09T01:49:28.907+0000] {logging_mixin.py:149} INFO - [2023-06-09T01:49:28.907+0000] {dagbag.py:541} INFO - Filling up the DagBag from /home/airflow/.local/lib/python3.7/site-packages/airflow/example_dags/example_skip_dag.py
[2023-06-09T01:49:28.913+0000] {processor.py:836} INFO - DAG(s) dict_keys(['example_skip_dag']) retrieved from /home/airflow/.local/lib/python3.7/site-packages/airflow/example_dags/example_skip_dag.py
[2023-06-09T01:49:28.940+0000] {logging_mixin.py:149} INFO - [2023-06-09T01:49:28.939+0000] {dag.py:2726} INFO - Sync 1 DAGs
[2023-06-09T01:49:28.955+0000] {logging_mixin.py:149} INFO - [2023-06-09T01:49:28.955+0000] {dag.py:3490} INFO - Setting next_dagrun for example_skip_dag to 2023-06-08T01:49:28.955310+00:00, run_after=2023-06-09T01:49:28.955310+00:00
[2023-06-09T01:49:28.967+0000] {processor.py:179} INFO - Processing /home/airflow/.local/lib/python3.7/site-packages/airflow/example_dags/example_skip_dag.py took 0.065 seconds
[2023-06-09T01:49:59.353+0000] {processor.py:157} INFO - Started process (PID=2768) to work on /home/airflow/.local/lib/python3.7/site-packages/airflow/example_dags/example_skip_dag.py
[2023-06-09T01:49:59.354+0000] {processor.py:826} INFO - Processing file /home/airflow/.local/lib/python3.7/site-packages/airflow/example_dags/example_skip_dag.py for tasks to queue
[2023-06-09T01:49:59.355+0000] {logging_mixin.py:149} INFO - [2023-06-09T01:49:59.355+0000] {dagbag.py:541} INFO - Filling up the DagBag from /home/airflow/.local/lib/python3.7/site-packages/airflow/example_dags/example_skip_dag.py
[2023-06-09T01:49:59.361+0000] {processor.py:836} INFO - DAG(s) dict_keys(['example_skip_dag']) retrieved from /home/airflow/.local/lib/python3.7/site-packages/airflow/example_dags/example_skip_dag.py
[2023-06-09T01:49:59.393+0000] {logging_mixin.py:149} INFO - [2023-06-09T01:49:59.393+0000] {dag.py:2726} INFO - Sync 1 DAGs
[2023-06-09T01:49:59.411+0000] {logging_mixin.py:149} INFO - [2023-06-09T01:49:59.411+0000] {dag.py:3490} INFO - Setting next_dagrun for example_skip_dag to 2023-06-08T01:49:59.411053+00:00, run_after=2023-06-09T01:49:59.411053+00:00
[2023-06-09T01:49:59.423+0000] {processor.py:179} INFO - Processing /home/airflow/.local/lib/python3.7/site-packages/airflow/example_dags/example_skip_dag.py took 0.073 seconds
[2023-06-09T01:50:29.834+0000] {processor.py:157} INFO - Started process (PID=2824) to work on /home/airflow/.local/lib/python3.7/site-packages/airflow/example_dags/example_skip_dag.py
[2023-06-09T01:50:29.835+0000] {processor.py:826} INFO - Processing file /home/airflow/.local/lib/python3.7/site-packages/airflow/example_dags/example_skip_dag.py for tasks to queue
[2023-06-09T01:50:29.836+0000] {logging_mixin.py:149} INFO - [2023-06-09T01:50:29.836+0000] {dagbag.py:541} INFO - Filling up the DagBag from /home/airflow/.local/lib/python3.7/site-packages/airflow/example_dags/example_skip_dag.py
[2023-06-09T01:50:29.842+0000] {processor.py:836} INFO - DAG(s) dict_keys(['example_skip_dag']) retrieved from /home/airflow/.local/lib/python3.7/site-packages/airflow/example_dags/example_skip_dag.py
[2023-06-09T01:50:29.862+0000] {logging_mixin.py:149} INFO - [2023-06-09T01:50:29.862+0000] {dag.py:2726} INFO - Sync 1 DAGs
[2023-06-09T01:50:29.882+0000] {logging_mixin.py:149} INFO - [2023-06-09T01:50:29.882+0000] {dag.py:3490} INFO - Setting next_dagrun for example_skip_dag to 2023-06-08T01:50:29.882164+00:00, run_after=2023-06-09T01:50:29.882164+00:00
[2023-06-09T01:50:29.900+0000] {processor.py:179} INFO - Processing /home/airflow/.local/lib/python3.7/site-packages/airflow/example_dags/example_skip_dag.py took 0.069 seconds
[2023-06-09T01:51:00.276+0000] {processor.py:157} INFO - Started process (PID=2880) to work on /home/airflow/.local/lib/python3.7/site-packages/airflow/example_dags/example_skip_dag.py
[2023-06-09T01:51:00.277+0000] {processor.py:826} INFO - Processing file /home/airflow/.local/lib/python3.7/site-packages/airflow/example_dags/example_skip_dag.py for tasks to queue
[2023-06-09T01:51:00.278+0000] {logging_mixin.py:149} INFO - [2023-06-09T01:51:00.278+0000] {dagbag.py:541} INFO - Filling up the DagBag from /home/airflow/.local/lib/python3.7/site-packages/airflow/example_dags/example_skip_dag.py
[2023-06-09T01:51:00.283+0000] {processor.py:836} INFO - DAG(s) dict_keys(['example_skip_dag']) retrieved from /home/airflow/.local/lib/python3.7/site-packages/airflow/example_dags/example_skip_dag.py
[2023-06-09T01:51:00.302+0000] {logging_mixin.py:149} INFO - [2023-06-09T01:51:00.302+0000] {dag.py:2726} INFO - Sync 1 DAGs
[2023-06-09T01:51:00.317+0000] {logging_mixin.py:149} INFO - [2023-06-09T01:51:00.317+0000] {dag.py:3490} INFO - Setting next_dagrun for example_skip_dag to 2023-06-08T01:51:00.316971+00:00, run_after=2023-06-09T01:51:00.316971+00:00
[2023-06-09T01:51:00.327+0000] {processor.py:179} INFO - Processing /home/airflow/.local/lib/python3.7/site-packages/airflow/example_dags/example_skip_dag.py took 0.054 seconds
[2023-06-09T01:51:31.133+0000] {processor.py:157} INFO - Started process (PID=2932) to work on /home/airflow/.local/lib/python3.7/site-packages/airflow/example_dags/example_skip_dag.py
[2023-06-09T01:51:31.134+0000] {processor.py:826} INFO - Processing file /home/airflow/.local/lib/python3.7/site-packages/airflow/example_dags/example_skip_dag.py for tasks to queue
[2023-06-09T01:51:31.135+0000] {logging_mixin.py:149} INFO - [2023-06-09T01:51:31.135+0000] {dagbag.py:541} INFO - Filling up the DagBag from /home/airflow/.local/lib/python3.7/site-packages/airflow/example_dags/example_skip_dag.py
[2023-06-09T01:51:31.141+0000] {processor.py:836} INFO - DAG(s) dict_keys(['example_skip_dag']) retrieved from /home/airflow/.local/lib/python3.7/site-packages/airflow/example_dags/example_skip_dag.py
[2023-06-09T01:51:31.161+0000] {logging_mixin.py:149} INFO - [2023-06-09T01:51:31.161+0000] {dag.py:2726} INFO - Sync 1 DAGs
[2023-06-09T01:51:31.180+0000] {logging_mixin.py:149} INFO - [2023-06-09T01:51:31.180+0000] {dag.py:3490} INFO - Setting next_dagrun for example_skip_dag to 2023-06-08T01:51:31.180077+00:00, run_after=2023-06-09T01:51:31.180077+00:00
[2023-06-09T01:51:31.193+0000] {processor.py:179} INFO - Processing /home/airflow/.local/lib/python3.7/site-packages/airflow/example_dags/example_skip_dag.py took 0.063 seconds
[2023-06-09T01:52:01.527+0000] {processor.py:157} INFO - Started process (PID=2988) to work on /home/airflow/.local/lib/python3.7/site-packages/airflow/example_dags/example_skip_dag.py
[2023-06-09T01:52:01.529+0000] {processor.py:826} INFO - Processing file /home/airflow/.local/lib/python3.7/site-packages/airflow/example_dags/example_skip_dag.py for tasks to queue
[2023-06-09T01:52:01.530+0000] {logging_mixin.py:149} INFO - [2023-06-09T01:52:01.530+0000] {dagbag.py:541} INFO - Filling up the DagBag from /home/airflow/.local/lib/python3.7/site-packages/airflow/example_dags/example_skip_dag.py
[2023-06-09T01:52:01.535+0000] {processor.py:836} INFO - DAG(s) dict_keys(['example_skip_dag']) retrieved from /home/airflow/.local/lib/python3.7/site-packages/airflow/example_dags/example_skip_dag.py
[2023-06-09T01:52:01.558+0000] {logging_mixin.py:149} INFO - [2023-06-09T01:52:01.558+0000] {dag.py:2726} INFO - Sync 1 DAGs
[2023-06-09T01:52:01.578+0000] {logging_mixin.py:149} INFO - [2023-06-09T01:52:01.578+0000] {dag.py:3490} INFO - Setting next_dagrun for example_skip_dag to 2023-06-08T01:52:01.578293+00:00, run_after=2023-06-09T01:52:01.578293+00:00
[2023-06-09T01:52:01.594+0000] {processor.py:179} INFO - Processing /home/airflow/.local/lib/python3.7/site-packages/airflow/example_dags/example_skip_dag.py took 0.070 seconds
[2023-06-09T01:52:32.202+0000] {processor.py:157} INFO - Started process (PID=3044) to work on /home/airflow/.local/lib/python3.7/site-packages/airflow/example_dags/example_skip_dag.py
[2023-06-09T01:52:32.204+0000] {processor.py:826} INFO - Processing file /home/airflow/.local/lib/python3.7/site-packages/airflow/example_dags/example_skip_dag.py for tasks to queue
[2023-06-09T01:52:32.204+0000] {logging_mixin.py:149} INFO - [2023-06-09T01:52:32.204+0000] {dagbag.py:541} INFO - Filling up the DagBag from /home/airflow/.local/lib/python3.7/site-packages/airflow/example_dags/example_skip_dag.py
[2023-06-09T01:52:32.210+0000] {processor.py:836} INFO - DAG(s) dict_keys(['example_skip_dag']) retrieved from /home/airflow/.local/lib/python3.7/site-packages/airflow/example_dags/example_skip_dag.py
[2023-06-09T01:52:32.231+0000] {logging_mixin.py:149} INFO - [2023-06-09T01:52:32.231+0000] {dag.py:2726} INFO - Sync 1 DAGs
[2023-06-09T01:52:32.249+0000] {logging_mixin.py:149} INFO - [2023-06-09T01:52:32.249+0000] {dag.py:3490} INFO - Setting next_dagrun for example_skip_dag to 2023-06-08T01:52:32.248726+00:00, run_after=2023-06-09T01:52:32.248726+00:00
[2023-06-09T01:52:32.263+0000] {processor.py:179} INFO - Processing /home/airflow/.local/lib/python3.7/site-packages/airflow/example_dags/example_skip_dag.py took 0.064 seconds
[2023-06-09T01:53:02.500+0000] {processor.py:157} INFO - Started process (PID=3100) to work on /home/airflow/.local/lib/python3.7/site-packages/airflow/example_dags/example_skip_dag.py
[2023-06-09T01:53:02.501+0000] {processor.py:826} INFO - Processing file /home/airflow/.local/lib/python3.7/site-packages/airflow/example_dags/example_skip_dag.py for tasks to queue
[2023-06-09T01:53:02.502+0000] {logging_mixin.py:149} INFO - [2023-06-09T01:53:02.502+0000] {dagbag.py:541} INFO - Filling up the DagBag from /home/airflow/.local/lib/python3.7/site-packages/airflow/example_dags/example_skip_dag.py
[2023-06-09T01:53:02.507+0000] {processor.py:836} INFO - DAG(s) dict_keys(['example_skip_dag']) retrieved from /home/airflow/.local/lib/python3.7/site-packages/airflow/example_dags/example_skip_dag.py
[2023-06-09T01:53:02.527+0000] {logging_mixin.py:149} INFO - [2023-06-09T01:53:02.527+0000] {dag.py:2726} INFO - Sync 1 DAGs
[2023-06-09T01:53:02.543+0000] {logging_mixin.py:149} INFO - [2023-06-09T01:53:02.543+0000] {dag.py:3490} INFO - Setting next_dagrun for example_skip_dag to 2023-06-08T01:53:02.543378+00:00, run_after=2023-06-09T01:53:02.543378+00:00
[2023-06-09T01:53:02.555+0000] {processor.py:179} INFO - Processing /home/airflow/.local/lib/python3.7/site-packages/airflow/example_dags/example_skip_dag.py took 0.058 seconds
[2023-06-09T01:53:52.958+0000] {processor.py:157} INFO - Started process (PID=67) to work on /home/airflow/.local/lib/python3.7/site-packages/airflow/example_dags/example_skip_dag.py
[2023-06-09T01:53:52.964+0000] {processor.py:826} INFO - Processing file /home/airflow/.local/lib/python3.7/site-packages/airflow/example_dags/example_skip_dag.py for tasks to queue
[2023-06-09T01:53:52.970+0000] {logging_mixin.py:149} INFO - [2023-06-09T01:53:52.969+0000] {dagbag.py:541} INFO - Filling up the DagBag from /home/airflow/.local/lib/python3.7/site-packages/airflow/example_dags/example_skip_dag.py
[2023-06-09T01:53:53.024+0000] {processor.py:836} INFO - DAG(s) dict_keys(['example_skip_dag']) retrieved from /home/airflow/.local/lib/python3.7/site-packages/airflow/example_dags/example_skip_dag.py
[2023-06-09T01:53:53.095+0000] {logging_mixin.py:149} INFO - [2023-06-09T01:53:53.095+0000] {dag.py:2726} INFO - Sync 1 DAGs
[2023-06-09T01:53:53.196+0000] {logging_mixin.py:149} INFO - [2023-06-09T01:53:53.196+0000] {dag.py:3490} INFO - Setting next_dagrun for example_skip_dag to 2023-06-08T01:53:53.195441+00:00, run_after=2023-06-09T01:53:53.195441+00:00
[2023-06-09T01:53:53.225+0000] {processor.py:179} INFO - Processing /home/airflow/.local/lib/python3.7/site-packages/airflow/example_dags/example_skip_dag.py took 0.283 seconds
