[2023-06-09T01:25:03.280+0000] {processor.py:157} INFO - Started process (PID=31) to work on /home/airflow/.local/lib/python3.7/site-packages/airflow/example_dags/example_sla_dag.py
[2023-06-09T01:25:03.294+0000] {processor.py:826} INFO - Processing file /home/airflow/.local/lib/python3.7/site-packages/airflow/example_dags/example_sla_dag.py for tasks to queue
[2023-06-09T01:25:03.305+0000] {logging_mixin.py:149} INFO - [2023-06-09T01:25:03.305+0000] {dagbag.py:541} INFO - Filling up the DagBag from /home/airflow/.local/lib/python3.7/site-packages/airflow/example_dags/example_sla_dag.py
[2023-06-09T01:25:03.438+0000] {processor.py:836} INFO - DAG(s) dict_keys(['example_sla_dag']) retrieved from /home/airflow/.local/lib/python3.7/site-packages/airflow/example_dags/example_sla_dag.py
[2023-06-09T01:25:05.681+0000] {logging_mixin.py:149} INFO - [2023-06-09T01:25:05.681+0000] {manager.py:504} INFO - Created Permission View: can delete on DAG:example_sla_dag
[2023-06-09T01:25:05.852+0000] {logging_mixin.py:149} INFO - [2023-06-09T01:25:05.852+0000] {manager.py:504} INFO - Created Permission View: can edit on DAG:example_sla_dag
[2023-06-09T01:25:05.895+0000] {logging_mixin.py:149} INFO - [2023-06-09T01:25:05.895+0000] {manager.py:504} INFO - Created Permission View: can read on DAG:example_sla_dag
[2023-06-09T01:25:05.902+0000] {logging_mixin.py:149} INFO - [2023-06-09T01:25:05.902+0000] {dag.py:2726} INFO - Sync 1 DAGs
[2023-06-09T01:25:05.963+0000] {logging_mixin.py:149} INFO - [2023-06-09T01:25:05.963+0000] {dag.py:2747} INFO - Creating ORM DAG for example_sla_dag
[2023-06-09T01:25:06.016+0000] {logging_mixin.py:149} INFO - [2023-06-09T01:25:06.016+0000] {dag.py:3490} INFO - Setting next_dagrun for example_sla_dag to 2023-06-09T01:22:00+00:00, run_after=2023-06-09T01:24:00+00:00
[2023-06-09T01:25:06.037+0000] {processor.py:179} INFO - Processing /home/airflow/.local/lib/python3.7/site-packages/airflow/example_dags/example_sla_dag.py took 2.780 seconds
[2023-06-09T01:25:40.050+0000] {processor.py:157} INFO - Started process (PID=86) to work on /home/airflow/.local/lib/python3.7/site-packages/airflow/example_dags/example_sla_dag.py
[2023-06-09T01:25:40.058+0000] {processor.py:826} INFO - Processing file /home/airflow/.local/lib/python3.7/site-packages/airflow/example_dags/example_sla_dag.py for tasks to queue
[2023-06-09T01:25:40.068+0000] {logging_mixin.py:149} INFO - [2023-06-09T01:25:40.068+0000] {dagbag.py:541} INFO - Filling up the DagBag from /home/airflow/.local/lib/python3.7/site-packages/airflow/example_dags/example_sla_dag.py
[2023-06-09T01:25:40.267+0000] {processor.py:836} INFO - DAG(s) dict_keys(['example_sla_dag']) retrieved from /home/airflow/.local/lib/python3.7/site-packages/airflow/example_dags/example_sla_dag.py
[2023-06-09T01:25:40.581+0000] {logging_mixin.py:149} INFO - [2023-06-09T01:25:40.580+0000] {dag.py:2726} INFO - Sync 1 DAGs
[2023-06-09T01:25:40.688+0000] {logging_mixin.py:149} INFO - [2023-06-09T01:25:40.688+0000] {dag.py:3490} INFO - Setting next_dagrun for example_sla_dag to 2023-06-09T01:22:00+00:00, run_after=2023-06-09T01:24:00+00:00
[2023-06-09T01:25:40.732+0000] {processor.py:179} INFO - Processing /home/airflow/.local/lib/python3.7/site-packages/airflow/example_dags/example_sla_dag.py took 0.690 seconds
[2023-06-09T01:26:11.256+0000] {processor.py:157} INFO - Started process (PID=137) to work on /home/airflow/.local/lib/python3.7/site-packages/airflow/example_dags/example_sla_dag.py
[2023-06-09T01:26:11.259+0000] {processor.py:826} INFO - Processing file /home/airflow/.local/lib/python3.7/site-packages/airflow/example_dags/example_sla_dag.py for tasks to queue
[2023-06-09T01:26:11.261+0000] {logging_mixin.py:149} INFO - [2023-06-09T01:26:11.260+0000] {dagbag.py:541} INFO - Filling up the DagBag from /home/airflow/.local/lib/python3.7/site-packages/airflow/example_dags/example_sla_dag.py
[2023-06-09T01:26:11.274+0000] {processor.py:836} INFO - DAG(s) dict_keys(['example_sla_dag']) retrieved from /home/airflow/.local/lib/python3.7/site-packages/airflow/example_dags/example_sla_dag.py
[2023-06-09T01:26:11.300+0000] {logging_mixin.py:149} INFO - [2023-06-09T01:26:11.300+0000] {dag.py:2726} INFO - Sync 1 DAGs
[2023-06-09T01:26:11.319+0000] {logging_mixin.py:149} INFO - [2023-06-09T01:26:11.319+0000] {dag.py:3490} INFO - Setting next_dagrun for example_sla_dag to 2023-06-09T01:24:00+00:00, run_after=2023-06-09T01:26:00+00:00
[2023-06-09T01:26:11.330+0000] {processor.py:179} INFO - Processing /home/airflow/.local/lib/python3.7/site-packages/airflow/example_dags/example_sla_dag.py took 0.080 seconds
[2023-06-09T01:26:41.480+0000] {processor.py:157} INFO - Started process (PID=193) to work on /home/airflow/.local/lib/python3.7/site-packages/airflow/example_dags/example_sla_dag.py
[2023-06-09T01:26:41.482+0000] {processor.py:826} INFO - Processing file /home/airflow/.local/lib/python3.7/site-packages/airflow/example_dags/example_sla_dag.py for tasks to queue
[2023-06-09T01:26:41.484+0000] {logging_mixin.py:149} INFO - [2023-06-09T01:26:41.484+0000] {dagbag.py:541} INFO - Filling up the DagBag from /home/airflow/.local/lib/python3.7/site-packages/airflow/example_dags/example_sla_dag.py
[2023-06-09T01:26:41.497+0000] {processor.py:836} INFO - DAG(s) dict_keys(['example_sla_dag']) retrieved from /home/airflow/.local/lib/python3.7/site-packages/airflow/example_dags/example_sla_dag.py
[2023-06-09T01:26:41.525+0000] {logging_mixin.py:149} INFO - [2023-06-09T01:26:41.525+0000] {dag.py:2726} INFO - Sync 1 DAGs
[2023-06-09T01:26:41.543+0000] {logging_mixin.py:149} INFO - [2023-06-09T01:26:41.543+0000] {dag.py:3490} INFO - Setting next_dagrun for example_sla_dag to 2023-06-09T01:24:00+00:00, run_after=2023-06-09T01:26:00+00:00
[2023-06-09T01:26:41.554+0000] {processor.py:179} INFO - Processing /home/airflow/.local/lib/python3.7/site-packages/airflow/example_dags/example_sla_dag.py took 0.079 seconds
[2023-06-09T01:27:11.806+0000] {processor.py:157} INFO - Started process (PID=249) to work on /home/airflow/.local/lib/python3.7/site-packages/airflow/example_dags/example_sla_dag.py
[2023-06-09T01:27:11.808+0000] {processor.py:826} INFO - Processing file /home/airflow/.local/lib/python3.7/site-packages/airflow/example_dags/example_sla_dag.py for tasks to queue
[2023-06-09T01:27:11.810+0000] {logging_mixin.py:149} INFO - [2023-06-09T01:27:11.810+0000] {dagbag.py:541} INFO - Filling up the DagBag from /home/airflow/.local/lib/python3.7/site-packages/airflow/example_dags/example_sla_dag.py
[2023-06-09T01:27:11.824+0000] {processor.py:836} INFO - DAG(s) dict_keys(['example_sla_dag']) retrieved from /home/airflow/.local/lib/python3.7/site-packages/airflow/example_dags/example_sla_dag.py
[2023-06-09T01:27:11.850+0000] {logging_mixin.py:149} INFO - [2023-06-09T01:27:11.850+0000] {dag.py:2726} INFO - Sync 1 DAGs
[2023-06-09T01:27:11.870+0000] {logging_mixin.py:149} INFO - [2023-06-09T01:27:11.870+0000] {dag.py:3490} INFO - Setting next_dagrun for example_sla_dag to 2023-06-09T01:24:00+00:00, run_after=2023-06-09T01:26:00+00:00
[2023-06-09T01:27:11.882+0000] {processor.py:179} INFO - Processing /home/airflow/.local/lib/python3.7/site-packages/airflow/example_dags/example_sla_dag.py took 0.082 seconds
[2023-06-09T01:27:42.314+0000] {processor.py:157} INFO - Started process (PID=305) to work on /home/airflow/.local/lib/python3.7/site-packages/airflow/example_dags/example_sla_dag.py
[2023-06-09T01:27:42.317+0000] {processor.py:826} INFO - Processing file /home/airflow/.local/lib/python3.7/site-packages/airflow/example_dags/example_sla_dag.py for tasks to queue
[2023-06-09T01:27:42.319+0000] {logging_mixin.py:149} INFO - [2023-06-09T01:27:42.318+0000] {dagbag.py:541} INFO - Filling up the DagBag from /home/airflow/.local/lib/python3.7/site-packages/airflow/example_dags/example_sla_dag.py
[2023-06-09T01:27:42.332+0000] {processor.py:836} INFO - DAG(s) dict_keys(['example_sla_dag']) retrieved from /home/airflow/.local/lib/python3.7/site-packages/airflow/example_dags/example_sla_dag.py
[2023-06-09T01:27:42.363+0000] {logging_mixin.py:149} INFO - [2023-06-09T01:27:42.363+0000] {dag.py:2726} INFO - Sync 1 DAGs
[2023-06-09T01:27:42.383+0000] {logging_mixin.py:149} INFO - [2023-06-09T01:27:42.383+0000] {dag.py:3490} INFO - Setting next_dagrun for example_sla_dag to 2023-06-09T01:24:00+00:00, run_after=2023-06-09T01:26:00+00:00
[2023-06-09T01:27:42.396+0000] {processor.py:179} INFO - Processing /home/airflow/.local/lib/python3.7/site-packages/airflow/example_dags/example_sla_dag.py took 0.088 seconds
[2023-06-09T01:28:12.771+0000] {processor.py:157} INFO - Started process (PID=361) to work on /home/airflow/.local/lib/python3.7/site-packages/airflow/example_dags/example_sla_dag.py
[2023-06-09T01:28:12.774+0000] {processor.py:826} INFO - Processing file /home/airflow/.local/lib/python3.7/site-packages/airflow/example_dags/example_sla_dag.py for tasks to queue
[2023-06-09T01:28:12.775+0000] {logging_mixin.py:149} INFO - [2023-06-09T01:28:12.775+0000] {dagbag.py:541} INFO - Filling up the DagBag from /home/airflow/.local/lib/python3.7/site-packages/airflow/example_dags/example_sla_dag.py
[2023-06-09T01:28:12.788+0000] {processor.py:836} INFO - DAG(s) dict_keys(['example_sla_dag']) retrieved from /home/airflow/.local/lib/python3.7/site-packages/airflow/example_dags/example_sla_dag.py
[2023-06-09T01:28:12.816+0000] {logging_mixin.py:149} INFO - [2023-06-09T01:28:12.816+0000] {dag.py:2726} INFO - Sync 1 DAGs
[2023-06-09T01:28:12.834+0000] {logging_mixin.py:149} INFO - [2023-06-09T01:28:12.834+0000] {dag.py:3490} INFO - Setting next_dagrun for example_sla_dag to 2023-06-09T01:26:00+00:00, run_after=2023-06-09T01:28:00+00:00
[2023-06-09T01:28:12.844+0000] {processor.py:179} INFO - Processing /home/airflow/.local/lib/python3.7/site-packages/airflow/example_dags/example_sla_dag.py took 0.080 seconds
[2023-06-09T01:28:42.948+0000] {processor.py:157} INFO - Started process (PID=417) to work on /home/airflow/.local/lib/python3.7/site-packages/airflow/example_dags/example_sla_dag.py
[2023-06-09T01:28:42.957+0000] {processor.py:826} INFO - Processing file /home/airflow/.local/lib/python3.7/site-packages/airflow/example_dags/example_sla_dag.py for tasks to queue
[2023-06-09T01:28:42.959+0000] {logging_mixin.py:149} INFO - [2023-06-09T01:28:42.959+0000] {dagbag.py:541} INFO - Filling up the DagBag from /home/airflow/.local/lib/python3.7/site-packages/airflow/example_dags/example_sla_dag.py
[2023-06-09T01:28:42.978+0000] {processor.py:836} INFO - DAG(s) dict_keys(['example_sla_dag']) retrieved from /home/airflow/.local/lib/python3.7/site-packages/airflow/example_dags/example_sla_dag.py
[2023-06-09T01:28:43.038+0000] {logging_mixin.py:149} INFO - [2023-06-09T01:28:43.037+0000] {dag.py:2726} INFO - Sync 1 DAGs
[2023-06-09T01:28:43.080+0000] {logging_mixin.py:149} INFO - [2023-06-09T01:28:43.079+0000] {dag.py:3490} INFO - Setting next_dagrun for example_sla_dag to 2023-06-09T01:26:00+00:00, run_after=2023-06-09T01:28:00+00:00
[2023-06-09T01:28:43.102+0000] {processor.py:179} INFO - Processing /home/airflow/.local/lib/python3.7/site-packages/airflow/example_dags/example_sla_dag.py took 0.166 seconds
[2023-06-09T01:29:13.264+0000] {processor.py:157} INFO - Started process (PID=473) to work on /home/airflow/.local/lib/python3.7/site-packages/airflow/example_dags/example_sla_dag.py
[2023-06-09T01:29:13.269+0000] {processor.py:826} INFO - Processing file /home/airflow/.local/lib/python3.7/site-packages/airflow/example_dags/example_sla_dag.py for tasks to queue
[2023-06-09T01:29:13.272+0000] {logging_mixin.py:149} INFO - [2023-06-09T01:29:13.272+0000] {dagbag.py:541} INFO - Filling up the DagBag from /home/airflow/.local/lib/python3.7/site-packages/airflow/example_dags/example_sla_dag.py
[2023-06-09T01:29:13.292+0000] {processor.py:836} INFO - DAG(s) dict_keys(['example_sla_dag']) retrieved from /home/airflow/.local/lib/python3.7/site-packages/airflow/example_dags/example_sla_dag.py
[2023-06-09T01:29:13.362+0000] {logging_mixin.py:149} INFO - [2023-06-09T01:29:13.362+0000] {dag.py:2726} INFO - Sync 1 DAGs
[2023-06-09T01:29:13.413+0000] {logging_mixin.py:149} INFO - [2023-06-09T01:29:13.413+0000] {dag.py:3490} INFO - Setting next_dagrun for example_sla_dag to 2023-06-09T01:26:00+00:00, run_after=2023-06-09T01:28:00+00:00
[2023-06-09T01:29:13.434+0000] {processor.py:179} INFO - Processing /home/airflow/.local/lib/python3.7/site-packages/airflow/example_dags/example_sla_dag.py took 0.197 seconds
[2023-06-09T01:29:44.507+0000] {processor.py:157} INFO - Started process (PID=529) to work on /home/airflow/.local/lib/python3.7/site-packages/airflow/example_dags/example_sla_dag.py
[2023-06-09T01:29:44.510+0000] {processor.py:826} INFO - Processing file /home/airflow/.local/lib/python3.7/site-packages/airflow/example_dags/example_sla_dag.py for tasks to queue
[2023-06-09T01:29:44.512+0000] {logging_mixin.py:149} INFO - [2023-06-09T01:29:44.511+0000] {dagbag.py:541} INFO - Filling up the DagBag from /home/airflow/.local/lib/python3.7/site-packages/airflow/example_dags/example_sla_dag.py
[2023-06-09T01:29:44.528+0000] {processor.py:836} INFO - DAG(s) dict_keys(['example_sla_dag']) retrieved from /home/airflow/.local/lib/python3.7/site-packages/airflow/example_dags/example_sla_dag.py
[2023-06-09T01:29:44.584+0000] {logging_mixin.py:149} INFO - [2023-06-09T01:29:44.584+0000] {dag.py:2726} INFO - Sync 1 DAGs
[2023-06-09T01:29:44.630+0000] {logging_mixin.py:149} INFO - [2023-06-09T01:29:44.630+0000] {dag.py:3490} INFO - Setting next_dagrun for example_sla_dag to 2023-06-09T01:26:00+00:00, run_after=2023-06-09T01:28:00+00:00
[2023-06-09T01:29:44.692+0000] {processor.py:179} INFO - Processing /home/airflow/.local/lib/python3.7/site-packages/airflow/example_dags/example_sla_dag.py took 0.190 seconds
[2023-06-09T01:30:14.885+0000] {processor.py:157} INFO - Started process (PID=585) to work on /home/airflow/.local/lib/python3.7/site-packages/airflow/example_dags/example_sla_dag.py
[2023-06-09T01:30:14.893+0000] {processor.py:826} INFO - Processing file /home/airflow/.local/lib/python3.7/site-packages/airflow/example_dags/example_sla_dag.py for tasks to queue
[2023-06-09T01:30:14.897+0000] {logging_mixin.py:149} INFO - [2023-06-09T01:30:14.897+0000] {dagbag.py:541} INFO - Filling up the DagBag from /home/airflow/.local/lib/python3.7/site-packages/airflow/example_dags/example_sla_dag.py
[2023-06-09T01:30:14.929+0000] {processor.py:836} INFO - DAG(s) dict_keys(['example_sla_dag']) retrieved from /home/airflow/.local/lib/python3.7/site-packages/airflow/example_dags/example_sla_dag.py
[2023-06-09T01:30:15.108+0000] {logging_mixin.py:149} INFO - [2023-06-09T01:30:15.107+0000] {dag.py:2726} INFO - Sync 1 DAGs
[2023-06-09T01:30:15.178+0000] {logging_mixin.py:149} INFO - [2023-06-09T01:30:15.178+0000] {dag.py:3490} INFO - Setting next_dagrun for example_sla_dag to 2023-06-09T01:28:00+00:00, run_after=2023-06-09T01:30:00+00:00
[2023-06-09T01:30:15.233+0000] {processor.py:179} INFO - Processing /home/airflow/.local/lib/python3.7/site-packages/airflow/example_dags/example_sla_dag.py took 0.354 seconds
[2023-06-09T01:30:45.662+0000] {processor.py:157} INFO - Started process (PID=641) to work on /home/airflow/.local/lib/python3.7/site-packages/airflow/example_dags/example_sla_dag.py
[2023-06-09T01:30:45.666+0000] {processor.py:826} INFO - Processing file /home/airflow/.local/lib/python3.7/site-packages/airflow/example_dags/example_sla_dag.py for tasks to queue
[2023-06-09T01:30:45.668+0000] {logging_mixin.py:149} INFO - [2023-06-09T01:30:45.668+0000] {dagbag.py:541} INFO - Filling up the DagBag from /home/airflow/.local/lib/python3.7/site-packages/airflow/example_dags/example_sla_dag.py
[2023-06-09T01:30:45.706+0000] {processor.py:836} INFO - DAG(s) dict_keys(['example_sla_dag']) retrieved from /home/airflow/.local/lib/python3.7/site-packages/airflow/example_dags/example_sla_dag.py
[2023-06-09T01:30:45.776+0000] {logging_mixin.py:149} INFO - [2023-06-09T01:30:45.776+0000] {dag.py:2726} INFO - Sync 1 DAGs
[2023-06-09T01:30:45.811+0000] {logging_mixin.py:149} INFO - [2023-06-09T01:30:45.811+0000] {dag.py:3490} INFO - Setting next_dagrun for example_sla_dag to 2023-06-09T01:28:00+00:00, run_after=2023-06-09T01:30:00+00:00
[2023-06-09T01:30:45.855+0000] {processor.py:179} INFO - Processing /home/airflow/.local/lib/python3.7/site-packages/airflow/example_dags/example_sla_dag.py took 0.209 seconds
[2023-06-09T01:31:16.740+0000] {processor.py:157} INFO - Started process (PID=697) to work on /home/airflow/.local/lib/python3.7/site-packages/airflow/example_dags/example_sla_dag.py
[2023-06-09T01:31:16.741+0000] {processor.py:826} INFO - Processing file /home/airflow/.local/lib/python3.7/site-packages/airflow/example_dags/example_sla_dag.py for tasks to queue
[2023-06-09T01:31:16.742+0000] {logging_mixin.py:149} INFO - [2023-06-09T01:31:16.742+0000] {dagbag.py:541} INFO - Filling up the DagBag from /home/airflow/.local/lib/python3.7/site-packages/airflow/example_dags/example_sla_dag.py
[2023-06-09T01:31:16.753+0000] {processor.py:836} INFO - DAG(s) dict_keys(['example_sla_dag']) retrieved from /home/airflow/.local/lib/python3.7/site-packages/airflow/example_dags/example_sla_dag.py
[2023-06-09T01:31:16.781+0000] {logging_mixin.py:149} INFO - [2023-06-09T01:31:16.781+0000] {dag.py:2726} INFO - Sync 1 DAGs
[2023-06-09T01:31:16.803+0000] {logging_mixin.py:149} INFO - [2023-06-09T01:31:16.803+0000] {dag.py:3490} INFO - Setting next_dagrun for example_sla_dag to 2023-06-09T01:28:00+00:00, run_after=2023-06-09T01:30:00+00:00
[2023-06-09T01:31:16.816+0000] {processor.py:179} INFO - Processing /home/airflow/.local/lib/python3.7/site-packages/airflow/example_dags/example_sla_dag.py took 0.079 seconds
[2023-06-09T01:31:46.877+0000] {processor.py:157} INFO - Started process (PID=753) to work on /home/airflow/.local/lib/python3.7/site-packages/airflow/example_dags/example_sla_dag.py
[2023-06-09T01:31:46.880+0000] {processor.py:826} INFO - Processing file /home/airflow/.local/lib/python3.7/site-packages/airflow/example_dags/example_sla_dag.py for tasks to queue
[2023-06-09T01:31:46.882+0000] {logging_mixin.py:149} INFO - [2023-06-09T01:31:46.882+0000] {dagbag.py:541} INFO - Filling up the DagBag from /home/airflow/.local/lib/python3.7/site-packages/airflow/example_dags/example_sla_dag.py
[2023-06-09T01:31:46.894+0000] {processor.py:836} INFO - DAG(s) dict_keys(['example_sla_dag']) retrieved from /home/airflow/.local/lib/python3.7/site-packages/airflow/example_dags/example_sla_dag.py
[2023-06-09T01:31:46.921+0000] {logging_mixin.py:149} INFO - [2023-06-09T01:31:46.921+0000] {dag.py:2726} INFO - Sync 1 DAGs
[2023-06-09T01:31:46.939+0000] {logging_mixin.py:149} INFO - [2023-06-09T01:31:46.939+0000] {dag.py:3490} INFO - Setting next_dagrun for example_sla_dag to 2023-06-09T01:28:00+00:00, run_after=2023-06-09T01:30:00+00:00
[2023-06-09T01:31:46.950+0000] {processor.py:179} INFO - Processing /home/airflow/.local/lib/python3.7/site-packages/airflow/example_dags/example_sla_dag.py took 0.079 seconds
[2023-06-09T01:32:17.072+0000] {processor.py:157} INFO - Started process (PID=809) to work on /home/airflow/.local/lib/python3.7/site-packages/airflow/example_dags/example_sla_dag.py
[2023-06-09T01:32:17.075+0000] {processor.py:826} INFO - Processing file /home/airflow/.local/lib/python3.7/site-packages/airflow/example_dags/example_sla_dag.py for tasks to queue
[2023-06-09T01:32:17.076+0000] {logging_mixin.py:149} INFO - [2023-06-09T01:32:17.076+0000] {dagbag.py:541} INFO - Filling up the DagBag from /home/airflow/.local/lib/python3.7/site-packages/airflow/example_dags/example_sla_dag.py
[2023-06-09T01:32:17.088+0000] {processor.py:836} INFO - DAG(s) dict_keys(['example_sla_dag']) retrieved from /home/airflow/.local/lib/python3.7/site-packages/airflow/example_dags/example_sla_dag.py
[2023-06-09T01:32:17.117+0000] {logging_mixin.py:149} INFO - [2023-06-09T01:32:17.117+0000] {dag.py:2726} INFO - Sync 1 DAGs
[2023-06-09T01:32:17.140+0000] {logging_mixin.py:149} INFO - [2023-06-09T01:32:17.140+0000] {dag.py:3490} INFO - Setting next_dagrun for example_sla_dag to 2023-06-09T01:30:00+00:00, run_after=2023-06-09T01:32:00+00:00
[2023-06-09T01:32:17.157+0000] {processor.py:179} INFO - Processing /home/airflow/.local/lib/python3.7/site-packages/airflow/example_dags/example_sla_dag.py took 0.093 seconds
[2023-06-09T01:32:47.256+0000] {processor.py:157} INFO - Started process (PID=865) to work on /home/airflow/.local/lib/python3.7/site-packages/airflow/example_dags/example_sla_dag.py
[2023-06-09T01:32:47.259+0000] {processor.py:826} INFO - Processing file /home/airflow/.local/lib/python3.7/site-packages/airflow/example_dags/example_sla_dag.py for tasks to queue
[2023-06-09T01:32:47.260+0000] {logging_mixin.py:149} INFO - [2023-06-09T01:32:47.260+0000] {dagbag.py:541} INFO - Filling up the DagBag from /home/airflow/.local/lib/python3.7/site-packages/airflow/example_dags/example_sla_dag.py
[2023-06-09T01:32:47.270+0000] {processor.py:836} INFO - DAG(s) dict_keys(['example_sla_dag']) retrieved from /home/airflow/.local/lib/python3.7/site-packages/airflow/example_dags/example_sla_dag.py
[2023-06-09T01:32:47.294+0000] {logging_mixin.py:149} INFO - [2023-06-09T01:32:47.294+0000] {dag.py:2726} INFO - Sync 1 DAGs
[2023-06-09T01:32:47.312+0000] {logging_mixin.py:149} INFO - [2023-06-09T01:32:47.312+0000] {dag.py:3490} INFO - Setting next_dagrun for example_sla_dag to 2023-06-09T01:30:00+00:00, run_after=2023-06-09T01:32:00+00:00
[2023-06-09T01:32:47.324+0000] {processor.py:179} INFO - Processing /home/airflow/.local/lib/python3.7/site-packages/airflow/example_dags/example_sla_dag.py took 0.074 seconds
[2023-06-09T01:33:17.384+0000] {processor.py:157} INFO - Started process (PID=921) to work on /home/airflow/.local/lib/python3.7/site-packages/airflow/example_dags/example_sla_dag.py
[2023-06-09T01:33:17.386+0000] {processor.py:826} INFO - Processing file /home/airflow/.local/lib/python3.7/site-packages/airflow/example_dags/example_sla_dag.py for tasks to queue
[2023-06-09T01:33:17.387+0000] {logging_mixin.py:149} INFO - [2023-06-09T01:33:17.387+0000] {dagbag.py:541} INFO - Filling up the DagBag from /home/airflow/.local/lib/python3.7/site-packages/airflow/example_dags/example_sla_dag.py
[2023-06-09T01:33:17.395+0000] {processor.py:836} INFO - DAG(s) dict_keys(['example_sla_dag']) retrieved from /home/airflow/.local/lib/python3.7/site-packages/airflow/example_dags/example_sla_dag.py
[2023-06-09T01:33:17.416+0000] {logging_mixin.py:149} INFO - [2023-06-09T01:33:17.416+0000] {dag.py:2726} INFO - Sync 1 DAGs
[2023-06-09T01:33:17.432+0000] {logging_mixin.py:149} INFO - [2023-06-09T01:33:17.432+0000] {dag.py:3490} INFO - Setting next_dagrun for example_sla_dag to 2023-06-09T01:30:00+00:00, run_after=2023-06-09T01:32:00+00:00
[2023-06-09T01:33:17.442+0000] {processor.py:179} INFO - Processing /home/airflow/.local/lib/python3.7/site-packages/airflow/example_dags/example_sla_dag.py took 0.062 seconds
[2023-06-09T01:33:47.517+0000] {processor.py:157} INFO - Started process (PID=977) to work on /home/airflow/.local/lib/python3.7/site-packages/airflow/example_dags/example_sla_dag.py
[2023-06-09T01:33:47.519+0000] {processor.py:826} INFO - Processing file /home/airflow/.local/lib/python3.7/site-packages/airflow/example_dags/example_sla_dag.py for tasks to queue
[2023-06-09T01:33:47.520+0000] {logging_mixin.py:149} INFO - [2023-06-09T01:33:47.520+0000] {dagbag.py:541} INFO - Filling up the DagBag from /home/airflow/.local/lib/python3.7/site-packages/airflow/example_dags/example_sla_dag.py
[2023-06-09T01:33:47.528+0000] {processor.py:836} INFO - DAG(s) dict_keys(['example_sla_dag']) retrieved from /home/airflow/.local/lib/python3.7/site-packages/airflow/example_dags/example_sla_dag.py
[2023-06-09T01:33:47.551+0000] {logging_mixin.py:149} INFO - [2023-06-09T01:33:47.550+0000] {dag.py:2726} INFO - Sync 1 DAGs
[2023-06-09T01:33:47.575+0000] {logging_mixin.py:149} INFO - [2023-06-09T01:33:47.575+0000] {dag.py:3490} INFO - Setting next_dagrun for example_sla_dag to 2023-06-09T01:30:00+00:00, run_after=2023-06-09T01:32:00+00:00
[2023-06-09T01:33:47.588+0000] {processor.py:179} INFO - Processing /home/airflow/.local/lib/python3.7/site-packages/airflow/example_dags/example_sla_dag.py took 0.079 seconds
[2023-06-09T01:34:17.934+0000] {processor.py:157} INFO - Started process (PID=1033) to work on /home/airflow/.local/lib/python3.7/site-packages/airflow/example_dags/example_sla_dag.py
[2023-06-09T01:34:17.936+0000] {processor.py:826} INFO - Processing file /home/airflow/.local/lib/python3.7/site-packages/airflow/example_dags/example_sla_dag.py for tasks to queue
[2023-06-09T01:34:17.937+0000] {logging_mixin.py:149} INFO - [2023-06-09T01:34:17.937+0000] {dagbag.py:541} INFO - Filling up the DagBag from /home/airflow/.local/lib/python3.7/site-packages/airflow/example_dags/example_sla_dag.py
[2023-06-09T01:34:17.951+0000] {processor.py:836} INFO - DAG(s) dict_keys(['example_sla_dag']) retrieved from /home/airflow/.local/lib/python3.7/site-packages/airflow/example_dags/example_sla_dag.py
[2023-06-09T01:34:17.976+0000] {logging_mixin.py:149} INFO - [2023-06-09T01:34:17.975+0000] {dag.py:2726} INFO - Sync 1 DAGs
[2023-06-09T01:34:17.995+0000] {logging_mixin.py:149} INFO - [2023-06-09T01:34:17.995+0000] {dag.py:3490} INFO - Setting next_dagrun for example_sla_dag to 2023-06-09T01:32:00+00:00, run_after=2023-06-09T01:34:00+00:00
[2023-06-09T01:34:18.008+0000] {processor.py:179} INFO - Processing /home/airflow/.local/lib/python3.7/site-packages/airflow/example_dags/example_sla_dag.py took 0.082 seconds
[2023-06-09T01:34:48.431+0000] {processor.py:157} INFO - Started process (PID=1089) to work on /home/airflow/.local/lib/python3.7/site-packages/airflow/example_dags/example_sla_dag.py
[2023-06-09T01:34:48.433+0000] {processor.py:826} INFO - Processing file /home/airflow/.local/lib/python3.7/site-packages/airflow/example_dags/example_sla_dag.py for tasks to queue
[2023-06-09T01:34:48.435+0000] {logging_mixin.py:149} INFO - [2023-06-09T01:34:48.434+0000] {dagbag.py:541} INFO - Filling up the DagBag from /home/airflow/.local/lib/python3.7/site-packages/airflow/example_dags/example_sla_dag.py
[2023-06-09T01:34:48.448+0000] {processor.py:836} INFO - DAG(s) dict_keys(['example_sla_dag']) retrieved from /home/airflow/.local/lib/python3.7/site-packages/airflow/example_dags/example_sla_dag.py
[2023-06-09T01:34:48.479+0000] {logging_mixin.py:149} INFO - [2023-06-09T01:34:48.479+0000] {dag.py:2726} INFO - Sync 1 DAGs
[2023-06-09T01:34:48.502+0000] {logging_mixin.py:149} INFO - [2023-06-09T01:34:48.502+0000] {dag.py:3490} INFO - Setting next_dagrun for example_sla_dag to 2023-06-09T01:32:00+00:00, run_after=2023-06-09T01:34:00+00:00
[2023-06-09T01:34:48.515+0000] {processor.py:179} INFO - Processing /home/airflow/.local/lib/python3.7/site-packages/airflow/example_dags/example_sla_dag.py took 0.089 seconds
[2023-06-09T01:35:19.082+0000] {processor.py:157} INFO - Started process (PID=1145) to work on /home/airflow/.local/lib/python3.7/site-packages/airflow/example_dags/example_sla_dag.py
[2023-06-09T01:35:19.085+0000] {processor.py:826} INFO - Processing file /home/airflow/.local/lib/python3.7/site-packages/airflow/example_dags/example_sla_dag.py for tasks to queue
[2023-06-09T01:35:19.087+0000] {logging_mixin.py:149} INFO - [2023-06-09T01:35:19.087+0000] {dagbag.py:541} INFO - Filling up the DagBag from /home/airflow/.local/lib/python3.7/site-packages/airflow/example_dags/example_sla_dag.py
[2023-06-09T01:35:19.102+0000] {processor.py:836} INFO - DAG(s) dict_keys(['example_sla_dag']) retrieved from /home/airflow/.local/lib/python3.7/site-packages/airflow/example_dags/example_sla_dag.py
[2023-06-09T01:35:19.134+0000] {logging_mixin.py:149} INFO - [2023-06-09T01:35:19.134+0000] {dag.py:2726} INFO - Sync 1 DAGs
[2023-06-09T01:35:19.158+0000] {logging_mixin.py:149} INFO - [2023-06-09T01:35:19.158+0000] {dag.py:3490} INFO - Setting next_dagrun for example_sla_dag to 2023-06-09T01:32:00+00:00, run_after=2023-06-09T01:34:00+00:00
[2023-06-09T01:35:19.174+0000] {processor.py:179} INFO - Processing /home/airflow/.local/lib/python3.7/site-packages/airflow/example_dags/example_sla_dag.py took 0.100 seconds
[2023-06-09T01:35:50.120+0000] {processor.py:157} INFO - Started process (PID=1208) to work on /home/airflow/.local/lib/python3.7/site-packages/airflow/example_dags/example_sla_dag.py
[2023-06-09T01:35:50.132+0000] {processor.py:826} INFO - Processing file /home/airflow/.local/lib/python3.7/site-packages/airflow/example_dags/example_sla_dag.py for tasks to queue
[2023-06-09T01:35:50.139+0000] {logging_mixin.py:149} INFO - [2023-06-09T01:35:50.138+0000] {dagbag.py:541} INFO - Filling up the DagBag from /home/airflow/.local/lib/python3.7/site-packages/airflow/example_dags/example_sla_dag.py
[2023-06-09T01:35:50.188+0000] {processor.py:836} INFO - DAG(s) dict_keys(['example_sla_dag']) retrieved from /home/airflow/.local/lib/python3.7/site-packages/airflow/example_dags/example_sla_dag.py
[2023-06-09T01:35:50.290+0000] {logging_mixin.py:149} INFO - [2023-06-09T01:35:50.290+0000] {dag.py:2726} INFO - Sync 1 DAGs
[2023-06-09T01:35:50.352+0000] {logging_mixin.py:149} INFO - [2023-06-09T01:35:50.352+0000] {dag.py:3490} INFO - Setting next_dagrun for example_sla_dag to 2023-06-09T01:32:00+00:00, run_after=2023-06-09T01:34:00+00:00
[2023-06-09T01:35:50.394+0000] {processor.py:179} INFO - Processing /home/airflow/.local/lib/python3.7/site-packages/airflow/example_dags/example_sla_dag.py took 0.288 seconds
[2023-06-09T01:36:20.443+0000] {processor.py:157} INFO - Started process (PID=1264) to work on /home/airflow/.local/lib/python3.7/site-packages/airflow/example_dags/example_sla_dag.py
[2023-06-09T01:36:20.446+0000] {processor.py:826} INFO - Processing file /home/airflow/.local/lib/python3.7/site-packages/airflow/example_dags/example_sla_dag.py for tasks to queue
[2023-06-09T01:36:20.447+0000] {logging_mixin.py:149} INFO - [2023-06-09T01:36:20.447+0000] {dagbag.py:541} INFO - Filling up the DagBag from /home/airflow/.local/lib/python3.7/site-packages/airflow/example_dags/example_sla_dag.py
[2023-06-09T01:36:20.459+0000] {processor.py:836} INFO - DAG(s) dict_keys(['example_sla_dag']) retrieved from /home/airflow/.local/lib/python3.7/site-packages/airflow/example_dags/example_sla_dag.py
[2023-06-09T01:36:20.486+0000] {logging_mixin.py:149} INFO - [2023-06-09T01:36:20.485+0000] {dag.py:2726} INFO - Sync 1 DAGs
[2023-06-09T01:36:20.503+0000] {logging_mixin.py:149} INFO - [2023-06-09T01:36:20.503+0000] {dag.py:3490} INFO - Setting next_dagrun for example_sla_dag to 2023-06-09T01:34:00+00:00, run_after=2023-06-09T01:36:00+00:00
[2023-06-09T01:36:20.513+0000] {processor.py:179} INFO - Processing /home/airflow/.local/lib/python3.7/site-packages/airflow/example_dags/example_sla_dag.py took 0.077 seconds
[2023-06-09T01:36:50.836+0000] {processor.py:157} INFO - Started process (PID=1320) to work on /home/airflow/.local/lib/python3.7/site-packages/airflow/example_dags/example_sla_dag.py
[2023-06-09T01:36:50.839+0000] {processor.py:826} INFO - Processing file /home/airflow/.local/lib/python3.7/site-packages/airflow/example_dags/example_sla_dag.py for tasks to queue
[2023-06-09T01:36:50.841+0000] {logging_mixin.py:149} INFO - [2023-06-09T01:36:50.841+0000] {dagbag.py:541} INFO - Filling up the DagBag from /home/airflow/.local/lib/python3.7/site-packages/airflow/example_dags/example_sla_dag.py
[2023-06-09T01:36:50.856+0000] {processor.py:836} INFO - DAG(s) dict_keys(['example_sla_dag']) retrieved from /home/airflow/.local/lib/python3.7/site-packages/airflow/example_dags/example_sla_dag.py
[2023-06-09T01:36:50.886+0000] {logging_mixin.py:149} INFO - [2023-06-09T01:36:50.886+0000] {dag.py:2726} INFO - Sync 1 DAGs
[2023-06-09T01:36:50.905+0000] {logging_mixin.py:149} INFO - [2023-06-09T01:36:50.905+0000] {dag.py:3490} INFO - Setting next_dagrun for example_sla_dag to 2023-06-09T01:34:00+00:00, run_after=2023-06-09T01:36:00+00:00
[2023-06-09T01:36:50.915+0000] {processor.py:179} INFO - Processing /home/airflow/.local/lib/python3.7/site-packages/airflow/example_dags/example_sla_dag.py took 0.086 seconds
[2023-06-09T01:37:21.579+0000] {processor.py:157} INFO - Started process (PID=1376) to work on /home/airflow/.local/lib/python3.7/site-packages/airflow/example_dags/example_sla_dag.py
[2023-06-09T01:37:21.583+0000] {processor.py:826} INFO - Processing file /home/airflow/.local/lib/python3.7/site-packages/airflow/example_dags/example_sla_dag.py for tasks to queue
[2023-06-09T01:37:21.585+0000] {logging_mixin.py:149} INFO - [2023-06-09T01:37:21.585+0000] {dagbag.py:541} INFO - Filling up the DagBag from /home/airflow/.local/lib/python3.7/site-packages/airflow/example_dags/example_sla_dag.py
[2023-06-09T01:37:21.602+0000] {processor.py:836} INFO - DAG(s) dict_keys(['example_sla_dag']) retrieved from /home/airflow/.local/lib/python3.7/site-packages/airflow/example_dags/example_sla_dag.py
[2023-06-09T01:37:21.631+0000] {logging_mixin.py:149} INFO - [2023-06-09T01:37:21.631+0000] {dag.py:2726} INFO - Sync 1 DAGs
[2023-06-09T01:37:21.650+0000] {logging_mixin.py:149} INFO - [2023-06-09T01:37:21.650+0000] {dag.py:3490} INFO - Setting next_dagrun for example_sla_dag to 2023-06-09T01:34:00+00:00, run_after=2023-06-09T01:36:00+00:00
[2023-06-09T01:37:21.661+0000] {processor.py:179} INFO - Processing /home/airflow/.local/lib/python3.7/site-packages/airflow/example_dags/example_sla_dag.py took 0.091 seconds
[2023-06-09T01:37:52.017+0000] {processor.py:157} INFO - Started process (PID=1431) to work on /home/airflow/.local/lib/python3.7/site-packages/airflow/example_dags/example_sla_dag.py
[2023-06-09T01:37:52.019+0000] {processor.py:826} INFO - Processing file /home/airflow/.local/lib/python3.7/site-packages/airflow/example_dags/example_sla_dag.py for tasks to queue
[2023-06-09T01:37:52.020+0000] {logging_mixin.py:149} INFO - [2023-06-09T01:37:52.020+0000] {dagbag.py:541} INFO - Filling up the DagBag from /home/airflow/.local/lib/python3.7/site-packages/airflow/example_dags/example_sla_dag.py
[2023-06-09T01:37:52.031+0000] {processor.py:836} INFO - DAG(s) dict_keys(['example_sla_dag']) retrieved from /home/airflow/.local/lib/python3.7/site-packages/airflow/example_dags/example_sla_dag.py
[2023-06-09T01:37:52.057+0000] {logging_mixin.py:149} INFO - [2023-06-09T01:37:52.057+0000] {dag.py:2726} INFO - Sync 1 DAGs
[2023-06-09T01:37:52.078+0000] {logging_mixin.py:149} INFO - [2023-06-09T01:37:52.078+0000] {dag.py:3490} INFO - Setting next_dagrun for example_sla_dag to 2023-06-09T01:34:00+00:00, run_after=2023-06-09T01:36:00+00:00
[2023-06-09T01:37:52.091+0000] {processor.py:179} INFO - Processing /home/airflow/.local/lib/python3.7/site-packages/airflow/example_dags/example_sla_dag.py took 0.081 seconds
[2023-06-09T01:38:22.648+0000] {processor.py:157} INFO - Started process (PID=1487) to work on /home/airflow/.local/lib/python3.7/site-packages/airflow/example_dags/example_sla_dag.py
[2023-06-09T01:38:22.652+0000] {processor.py:826} INFO - Processing file /home/airflow/.local/lib/python3.7/site-packages/airflow/example_dags/example_sla_dag.py for tasks to queue
[2023-06-09T01:38:22.656+0000] {logging_mixin.py:149} INFO - [2023-06-09T01:38:22.656+0000] {dagbag.py:541} INFO - Filling up the DagBag from /home/airflow/.local/lib/python3.7/site-packages/airflow/example_dags/example_sla_dag.py
[2023-06-09T01:38:22.677+0000] {processor.py:836} INFO - DAG(s) dict_keys(['example_sla_dag']) retrieved from /home/airflow/.local/lib/python3.7/site-packages/airflow/example_dags/example_sla_dag.py
[2023-06-09T01:38:22.715+0000] {logging_mixin.py:149} INFO - [2023-06-09T01:38:22.715+0000] {dag.py:2726} INFO - Sync 1 DAGs
[2023-06-09T01:38:22.737+0000] {logging_mixin.py:149} INFO - [2023-06-09T01:38:22.737+0000] {dag.py:3490} INFO - Setting next_dagrun for example_sla_dag to 2023-06-09T01:36:00+00:00, run_after=2023-06-09T01:38:00+00:00
[2023-06-09T01:38:22.752+0000] {processor.py:179} INFO - Processing /home/airflow/.local/lib/python3.7/site-packages/airflow/example_dags/example_sla_dag.py took 0.113 seconds
[2023-06-09T01:38:52.779+0000] {processor.py:157} INFO - Started process (PID=1543) to work on /home/airflow/.local/lib/python3.7/site-packages/airflow/example_dags/example_sla_dag.py
[2023-06-09T01:38:52.780+0000] {processor.py:826} INFO - Processing file /home/airflow/.local/lib/python3.7/site-packages/airflow/example_dags/example_sla_dag.py for tasks to queue
[2023-06-09T01:38:52.780+0000] {logging_mixin.py:149} INFO - [2023-06-09T01:38:52.780+0000] {dagbag.py:541} INFO - Filling up the DagBag from /home/airflow/.local/lib/python3.7/site-packages/airflow/example_dags/example_sla_dag.py
[2023-06-09T01:38:52.786+0000] {processor.py:836} INFO - DAG(s) dict_keys(['example_sla_dag']) retrieved from /home/airflow/.local/lib/python3.7/site-packages/airflow/example_dags/example_sla_dag.py
[2023-06-09T01:38:52.805+0000] {logging_mixin.py:149} INFO - [2023-06-09T01:38:52.805+0000] {dag.py:2726} INFO - Sync 1 DAGs
[2023-06-09T01:38:52.821+0000] {logging_mixin.py:149} INFO - [2023-06-09T01:38:52.821+0000] {dag.py:3490} INFO - Setting next_dagrun for example_sla_dag to 2023-06-09T01:36:00+00:00, run_after=2023-06-09T01:38:00+00:00
[2023-06-09T01:38:52.831+0000] {processor.py:179} INFO - Processing /home/airflow/.local/lib/python3.7/site-packages/airflow/example_dags/example_sla_dag.py took 0.055 seconds
[2023-06-09T01:39:22.929+0000] {processor.py:157} INFO - Started process (PID=1599) to work on /home/airflow/.local/lib/python3.7/site-packages/airflow/example_dags/example_sla_dag.py
[2023-06-09T01:39:22.931+0000] {processor.py:826} INFO - Processing file /home/airflow/.local/lib/python3.7/site-packages/airflow/example_dags/example_sla_dag.py for tasks to queue
[2023-06-09T01:39:22.932+0000] {logging_mixin.py:149} INFO - [2023-06-09T01:39:22.932+0000] {dagbag.py:541} INFO - Filling up the DagBag from /home/airflow/.local/lib/python3.7/site-packages/airflow/example_dags/example_sla_dag.py
[2023-06-09T01:39:22.941+0000] {processor.py:836} INFO - DAG(s) dict_keys(['example_sla_dag']) retrieved from /home/airflow/.local/lib/python3.7/site-packages/airflow/example_dags/example_sla_dag.py
[2023-06-09T01:39:22.977+0000] {logging_mixin.py:149} INFO - [2023-06-09T01:39:22.977+0000] {dag.py:2726} INFO - Sync 1 DAGs
[2023-06-09T01:39:23.016+0000] {logging_mixin.py:149} INFO - [2023-06-09T01:39:23.016+0000] {dag.py:3490} INFO - Setting next_dagrun for example_sla_dag to 2023-06-09T01:36:00+00:00, run_after=2023-06-09T01:38:00+00:00
[2023-06-09T01:39:23.032+0000] {processor.py:179} INFO - Processing /home/airflow/.local/lib/python3.7/site-packages/airflow/example_dags/example_sla_dag.py took 0.106 seconds
[2023-06-09T01:39:53.071+0000] {processor.py:157} INFO - Started process (PID=1655) to work on /home/airflow/.local/lib/python3.7/site-packages/airflow/example_dags/example_sla_dag.py
[2023-06-09T01:39:53.073+0000] {processor.py:826} INFO - Processing file /home/airflow/.local/lib/python3.7/site-packages/airflow/example_dags/example_sla_dag.py for tasks to queue
[2023-06-09T01:39:53.073+0000] {logging_mixin.py:149} INFO - [2023-06-09T01:39:53.073+0000] {dagbag.py:541} INFO - Filling up the DagBag from /home/airflow/.local/lib/python3.7/site-packages/airflow/example_dags/example_sla_dag.py
[2023-06-09T01:39:53.082+0000] {processor.py:836} INFO - DAG(s) dict_keys(['example_sla_dag']) retrieved from /home/airflow/.local/lib/python3.7/site-packages/airflow/example_dags/example_sla_dag.py
[2023-06-09T01:39:53.102+0000] {logging_mixin.py:149} INFO - [2023-06-09T01:39:53.102+0000] {dag.py:2726} INFO - Sync 1 DAGs
[2023-06-09T01:39:53.119+0000] {logging_mixin.py:149} INFO - [2023-06-09T01:39:53.119+0000] {dag.py:3490} INFO - Setting next_dagrun for example_sla_dag to 2023-06-09T01:36:00+00:00, run_after=2023-06-09T01:38:00+00:00
[2023-06-09T01:39:53.134+0000] {processor.py:179} INFO - Processing /home/airflow/.local/lib/python3.7/site-packages/airflow/example_dags/example_sla_dag.py took 0.066 seconds
[2023-06-09T01:40:23.281+0000] {processor.py:157} INFO - Started process (PID=1709) to work on /home/airflow/.local/lib/python3.7/site-packages/airflow/example_dags/example_sla_dag.py
[2023-06-09T01:40:23.287+0000] {processor.py:826} INFO - Processing file /home/airflow/.local/lib/python3.7/site-packages/airflow/example_dags/example_sla_dag.py for tasks to queue
[2023-06-09T01:40:23.290+0000] {logging_mixin.py:149} INFO - [2023-06-09T01:40:23.289+0000] {dagbag.py:541} INFO - Filling up the DagBag from /home/airflow/.local/lib/python3.7/site-packages/airflow/example_dags/example_sla_dag.py
[2023-06-09T01:40:23.311+0000] {processor.py:836} INFO - DAG(s) dict_keys(['example_sla_dag']) retrieved from /home/airflow/.local/lib/python3.7/site-packages/airflow/example_dags/example_sla_dag.py
[2023-06-09T01:40:23.340+0000] {logging_mixin.py:149} INFO - [2023-06-09T01:40:23.340+0000] {dag.py:2726} INFO - Sync 1 DAGs
[2023-06-09T01:40:23.365+0000] {logging_mixin.py:149} INFO - [2023-06-09T01:40:23.364+0000] {dag.py:3490} INFO - Setting next_dagrun for example_sla_dag to 2023-06-09T01:38:00+00:00, run_after=2023-06-09T01:40:00+00:00
[2023-06-09T01:40:23.378+0000] {processor.py:179} INFO - Processing /home/airflow/.local/lib/python3.7/site-packages/airflow/example_dags/example_sla_dag.py took 0.123 seconds
[2023-06-09T01:40:54.076+0000] {processor.py:157} INFO - Started process (PID=1765) to work on /home/airflow/.local/lib/python3.7/site-packages/airflow/example_dags/example_sla_dag.py
[2023-06-09T01:40:54.081+0000] {processor.py:826} INFO - Processing file /home/airflow/.local/lib/python3.7/site-packages/airflow/example_dags/example_sla_dag.py for tasks to queue
[2023-06-09T01:40:54.083+0000] {logging_mixin.py:149} INFO - [2023-06-09T01:40:54.083+0000] {dagbag.py:541} INFO - Filling up the DagBag from /home/airflow/.local/lib/python3.7/site-packages/airflow/example_dags/example_sla_dag.py
[2023-06-09T01:40:54.102+0000] {processor.py:836} INFO - DAG(s) dict_keys(['example_sla_dag']) retrieved from /home/airflow/.local/lib/python3.7/site-packages/airflow/example_dags/example_sla_dag.py
[2023-06-09T01:40:54.145+0000] {logging_mixin.py:149} INFO - [2023-06-09T01:40:54.144+0000] {dag.py:2726} INFO - Sync 1 DAGs
[2023-06-09T01:40:54.179+0000] {logging_mixin.py:149} INFO - [2023-06-09T01:40:54.179+0000] {dag.py:3490} INFO - Setting next_dagrun for example_sla_dag to 2023-06-09T01:38:00+00:00, run_after=2023-06-09T01:40:00+00:00
[2023-06-09T01:40:54.200+0000] {processor.py:179} INFO - Processing /home/airflow/.local/lib/python3.7/site-packages/airflow/example_dags/example_sla_dag.py took 0.137 seconds
[2023-06-09T01:41:25.097+0000] {processor.py:157} INFO - Started process (PID=1822) to work on /home/airflow/.local/lib/python3.7/site-packages/airflow/example_dags/example_sla_dag.py
[2023-06-09T01:41:25.100+0000] {processor.py:826} INFO - Processing file /home/airflow/.local/lib/python3.7/site-packages/airflow/example_dags/example_sla_dag.py for tasks to queue
[2023-06-09T01:41:25.101+0000] {logging_mixin.py:149} INFO - [2023-06-09T01:41:25.101+0000] {dagbag.py:541} INFO - Filling up the DagBag from /home/airflow/.local/lib/python3.7/site-packages/airflow/example_dags/example_sla_dag.py
[2023-06-09T01:41:25.110+0000] {processor.py:836} INFO - DAG(s) dict_keys(['example_sla_dag']) retrieved from /home/airflow/.local/lib/python3.7/site-packages/airflow/example_dags/example_sla_dag.py
[2023-06-09T01:41:25.135+0000] {logging_mixin.py:149} INFO - [2023-06-09T01:41:25.135+0000] {dag.py:2726} INFO - Sync 1 DAGs
[2023-06-09T01:41:25.156+0000] {logging_mixin.py:149} INFO - [2023-06-09T01:41:25.155+0000] {dag.py:3490} INFO - Setting next_dagrun for example_sla_dag to 2023-06-09T01:38:00+00:00, run_after=2023-06-09T01:40:00+00:00
[2023-06-09T01:41:25.171+0000] {processor.py:179} INFO - Processing /home/airflow/.local/lib/python3.7/site-packages/airflow/example_dags/example_sla_dag.py took 0.078 seconds
[2023-06-09T01:41:55.715+0000] {processor.py:157} INFO - Started process (PID=1878) to work on /home/airflow/.local/lib/python3.7/site-packages/airflow/example_dags/example_sla_dag.py
[2023-06-09T01:41:55.718+0000] {processor.py:826} INFO - Processing file /home/airflow/.local/lib/python3.7/site-packages/airflow/example_dags/example_sla_dag.py for tasks to queue
[2023-06-09T01:41:55.720+0000] {logging_mixin.py:149} INFO - [2023-06-09T01:41:55.720+0000] {dagbag.py:541} INFO - Filling up the DagBag from /home/airflow/.local/lib/python3.7/site-packages/airflow/example_dags/example_sla_dag.py
[2023-06-09T01:41:55.734+0000] {processor.py:836} INFO - DAG(s) dict_keys(['example_sla_dag']) retrieved from /home/airflow/.local/lib/python3.7/site-packages/airflow/example_dags/example_sla_dag.py
[2023-06-09T01:41:55.766+0000] {logging_mixin.py:149} INFO - [2023-06-09T01:41:55.765+0000] {dag.py:2726} INFO - Sync 1 DAGs
[2023-06-09T01:41:55.790+0000] {logging_mixin.py:149} INFO - [2023-06-09T01:41:55.790+0000] {dag.py:3490} INFO - Setting next_dagrun for example_sla_dag to 2023-06-09T01:38:00+00:00, run_after=2023-06-09T01:40:00+00:00
[2023-06-09T01:41:55.803+0000] {processor.py:179} INFO - Processing /home/airflow/.local/lib/python3.7/site-packages/airflow/example_dags/example_sla_dag.py took 0.096 seconds
[2023-06-09T01:42:26.249+0000] {processor.py:157} INFO - Started process (PID=1933) to work on /home/airflow/.local/lib/python3.7/site-packages/airflow/example_dags/example_sla_dag.py
[2023-06-09T01:42:26.251+0000] {processor.py:826} INFO - Processing file /home/airflow/.local/lib/python3.7/site-packages/airflow/example_dags/example_sla_dag.py for tasks to queue
[2023-06-09T01:42:26.252+0000] {logging_mixin.py:149} INFO - [2023-06-09T01:42:26.252+0000] {dagbag.py:541} INFO - Filling up the DagBag from /home/airflow/.local/lib/python3.7/site-packages/airflow/example_dags/example_sla_dag.py
[2023-06-09T01:42:26.264+0000] {processor.py:836} INFO - DAG(s) dict_keys(['example_sla_dag']) retrieved from /home/airflow/.local/lib/python3.7/site-packages/airflow/example_dags/example_sla_dag.py
[2023-06-09T01:42:26.291+0000] {logging_mixin.py:149} INFO - [2023-06-09T01:42:26.291+0000] {dag.py:2726} INFO - Sync 1 DAGs
[2023-06-09T01:42:26.312+0000] {logging_mixin.py:149} INFO - [2023-06-09T01:42:26.312+0000] {dag.py:3490} INFO - Setting next_dagrun for example_sla_dag to 2023-06-09T01:40:00+00:00, run_after=2023-06-09T01:42:00+00:00
[2023-06-09T01:42:26.325+0000] {processor.py:179} INFO - Processing /home/airflow/.local/lib/python3.7/site-packages/airflow/example_dags/example_sla_dag.py took 0.083 seconds
[2023-06-09T01:42:56.989+0000] {processor.py:157} INFO - Started process (PID=1989) to work on /home/airflow/.local/lib/python3.7/site-packages/airflow/example_dags/example_sla_dag.py
[2023-06-09T01:42:56.992+0000] {processor.py:826} INFO - Processing file /home/airflow/.local/lib/python3.7/site-packages/airflow/example_dags/example_sla_dag.py for tasks to queue
[2023-06-09T01:42:56.994+0000] {logging_mixin.py:149} INFO - [2023-06-09T01:42:56.994+0000] {dagbag.py:541} INFO - Filling up the DagBag from /home/airflow/.local/lib/python3.7/site-packages/airflow/example_dags/example_sla_dag.py
[2023-06-09T01:42:57.023+0000] {processor.py:836} INFO - DAG(s) dict_keys(['example_sla_dag']) retrieved from /home/airflow/.local/lib/python3.7/site-packages/airflow/example_dags/example_sla_dag.py
[2023-06-09T01:42:57.082+0000] {logging_mixin.py:149} INFO - [2023-06-09T01:42:57.082+0000] {dag.py:2726} INFO - Sync 1 DAGs
[2023-06-09T01:42:57.128+0000] {logging_mixin.py:149} INFO - [2023-06-09T01:42:57.127+0000] {dag.py:3490} INFO - Setting next_dagrun for example_sla_dag to 2023-06-09T01:40:00+00:00, run_after=2023-06-09T01:42:00+00:00
[2023-06-09T01:42:57.148+0000] {processor.py:179} INFO - Processing /home/airflow/.local/lib/python3.7/site-packages/airflow/example_dags/example_sla_dag.py took 0.170 seconds
[2023-06-09T01:43:27.417+0000] {processor.py:157} INFO - Started process (PID=2045) to work on /home/airflow/.local/lib/python3.7/site-packages/airflow/example_dags/example_sla_dag.py
[2023-06-09T01:43:27.421+0000] {processor.py:826} INFO - Processing file /home/airflow/.local/lib/python3.7/site-packages/airflow/example_dags/example_sla_dag.py for tasks to queue
[2023-06-09T01:43:27.423+0000] {logging_mixin.py:149} INFO - [2023-06-09T01:43:27.423+0000] {dagbag.py:541} INFO - Filling up the DagBag from /home/airflow/.local/lib/python3.7/site-packages/airflow/example_dags/example_sla_dag.py
[2023-06-09T01:43:27.439+0000] {processor.py:836} INFO - DAG(s) dict_keys(['example_sla_dag']) retrieved from /home/airflow/.local/lib/python3.7/site-packages/airflow/example_dags/example_sla_dag.py
[2023-06-09T01:43:27.487+0000] {logging_mixin.py:149} INFO - [2023-06-09T01:43:27.487+0000] {dag.py:2726} INFO - Sync 1 DAGs
[2023-06-09T01:43:27.513+0000] {logging_mixin.py:149} INFO - [2023-06-09T01:43:27.513+0000] {dag.py:3490} INFO - Setting next_dagrun for example_sla_dag to 2023-06-09T01:40:00+00:00, run_after=2023-06-09T01:42:00+00:00
[2023-06-09T01:43:27.529+0000] {processor.py:179} INFO - Processing /home/airflow/.local/lib/python3.7/site-packages/airflow/example_dags/example_sla_dag.py took 0.122 seconds
[2023-06-09T01:43:57.655+0000] {processor.py:157} INFO - Started process (PID=2101) to work on /home/airflow/.local/lib/python3.7/site-packages/airflow/example_dags/example_sla_dag.py
[2023-06-09T01:43:57.657+0000] {processor.py:826} INFO - Processing file /home/airflow/.local/lib/python3.7/site-packages/airflow/example_dags/example_sla_dag.py for tasks to queue
[2023-06-09T01:43:57.658+0000] {logging_mixin.py:149} INFO - [2023-06-09T01:43:57.658+0000] {dagbag.py:541} INFO - Filling up the DagBag from /home/airflow/.local/lib/python3.7/site-packages/airflow/example_dags/example_sla_dag.py
[2023-06-09T01:43:57.668+0000] {processor.py:836} INFO - DAG(s) dict_keys(['example_sla_dag']) retrieved from /home/airflow/.local/lib/python3.7/site-packages/airflow/example_dags/example_sla_dag.py
[2023-06-09T01:43:57.692+0000] {logging_mixin.py:149} INFO - [2023-06-09T01:43:57.692+0000] {dag.py:2726} INFO - Sync 1 DAGs
[2023-06-09T01:43:57.711+0000] {logging_mixin.py:149} INFO - [2023-06-09T01:43:57.711+0000] {dag.py:3490} INFO - Setting next_dagrun for example_sla_dag to 2023-06-09T01:40:00+00:00, run_after=2023-06-09T01:42:00+00:00
[2023-06-09T01:43:57.723+0000] {processor.py:179} INFO - Processing /home/airflow/.local/lib/python3.7/site-packages/airflow/example_dags/example_sla_dag.py took 0.074 seconds
[2023-06-09T01:44:28.079+0000] {processor.py:157} INFO - Started process (PID=2158) to work on /home/airflow/.local/lib/python3.7/site-packages/airflow/example_dags/example_sla_dag.py
[2023-06-09T01:44:28.081+0000] {processor.py:826} INFO - Processing file /home/airflow/.local/lib/python3.7/site-packages/airflow/example_dags/example_sla_dag.py for tasks to queue
[2023-06-09T01:44:28.083+0000] {logging_mixin.py:149} INFO - [2023-06-09T01:44:28.083+0000] {dagbag.py:541} INFO - Filling up the DagBag from /home/airflow/.local/lib/python3.7/site-packages/airflow/example_dags/example_sla_dag.py
[2023-06-09T01:44:28.095+0000] {processor.py:836} INFO - DAG(s) dict_keys(['example_sla_dag']) retrieved from /home/airflow/.local/lib/python3.7/site-packages/airflow/example_dags/example_sla_dag.py
[2023-06-09T01:44:28.123+0000] {logging_mixin.py:149} INFO - [2023-06-09T01:44:28.123+0000] {dag.py:2726} INFO - Sync 1 DAGs
[2023-06-09T01:44:28.142+0000] {logging_mixin.py:149} INFO - [2023-06-09T01:44:28.142+0000] {dag.py:3490} INFO - Setting next_dagrun for example_sla_dag to 2023-06-09T01:42:00+00:00, run_after=2023-06-09T01:44:00+00:00
[2023-06-09T01:44:28.155+0000] {processor.py:179} INFO - Processing /home/airflow/.local/lib/python3.7/site-packages/airflow/example_dags/example_sla_dag.py took 0.082 seconds
[2023-06-09T01:44:58.269+0000] {processor.py:157} INFO - Started process (PID=2214) to work on /home/airflow/.local/lib/python3.7/site-packages/airflow/example_dags/example_sla_dag.py
[2023-06-09T01:44:58.270+0000] {processor.py:826} INFO - Processing file /home/airflow/.local/lib/python3.7/site-packages/airflow/example_dags/example_sla_dag.py for tasks to queue
[2023-06-09T01:44:58.272+0000] {logging_mixin.py:149} INFO - [2023-06-09T01:44:58.272+0000] {dagbag.py:541} INFO - Filling up the DagBag from /home/airflow/.local/lib/python3.7/site-packages/airflow/example_dags/example_sla_dag.py
[2023-06-09T01:44:58.283+0000] {processor.py:836} INFO - DAG(s) dict_keys(['example_sla_dag']) retrieved from /home/airflow/.local/lib/python3.7/site-packages/airflow/example_dags/example_sla_dag.py
[2023-06-09T01:44:58.311+0000] {logging_mixin.py:149} INFO - [2023-06-09T01:44:58.311+0000] {dag.py:2726} INFO - Sync 1 DAGs
[2023-06-09T01:44:58.332+0000] {logging_mixin.py:149} INFO - [2023-06-09T01:44:58.332+0000] {dag.py:3490} INFO - Setting next_dagrun for example_sla_dag to 2023-06-09T01:42:00+00:00, run_after=2023-06-09T01:44:00+00:00
[2023-06-09T01:44:58.353+0000] {processor.py:179} INFO - Processing /home/airflow/.local/lib/python3.7/site-packages/airflow/example_dags/example_sla_dag.py took 0.089 seconds
[2023-06-09T01:45:28.429+0000] {processor.py:157} INFO - Started process (PID=2271) to work on /home/airflow/.local/lib/python3.7/site-packages/airflow/example_dags/example_sla_dag.py
[2023-06-09T01:45:28.432+0000] {processor.py:826} INFO - Processing file /home/airflow/.local/lib/python3.7/site-packages/airflow/example_dags/example_sla_dag.py for tasks to queue
[2023-06-09T01:45:28.434+0000] {logging_mixin.py:149} INFO - [2023-06-09T01:45:28.434+0000] {dagbag.py:541} INFO - Filling up the DagBag from /home/airflow/.local/lib/python3.7/site-packages/airflow/example_dags/example_sla_dag.py
[2023-06-09T01:45:28.445+0000] {processor.py:836} INFO - DAG(s) dict_keys(['example_sla_dag']) retrieved from /home/airflow/.local/lib/python3.7/site-packages/airflow/example_dags/example_sla_dag.py
[2023-06-09T01:45:28.470+0000] {logging_mixin.py:149} INFO - [2023-06-09T01:45:28.470+0000] {dag.py:2726} INFO - Sync 1 DAGs
[2023-06-09T01:45:28.489+0000] {logging_mixin.py:149} INFO - [2023-06-09T01:45:28.489+0000] {dag.py:3490} INFO - Setting next_dagrun for example_sla_dag to 2023-06-09T01:42:00+00:00, run_after=2023-06-09T01:44:00+00:00
[2023-06-09T01:45:28.500+0000] {processor.py:179} INFO - Processing /home/airflow/.local/lib/python3.7/site-packages/airflow/example_dags/example_sla_dag.py took 0.075 seconds
[2023-06-09T01:45:59.231+0000] {processor.py:157} INFO - Started process (PID=2327) to work on /home/airflow/.local/lib/python3.7/site-packages/airflow/example_dags/example_sla_dag.py
[2023-06-09T01:45:59.235+0000] {processor.py:826} INFO - Processing file /home/airflow/.local/lib/python3.7/site-packages/airflow/example_dags/example_sla_dag.py for tasks to queue
[2023-06-09T01:45:59.237+0000] {logging_mixin.py:149} INFO - [2023-06-09T01:45:59.237+0000] {dagbag.py:541} INFO - Filling up the DagBag from /home/airflow/.local/lib/python3.7/site-packages/airflow/example_dags/example_sla_dag.py
[2023-06-09T01:45:59.252+0000] {processor.py:836} INFO - DAG(s) dict_keys(['example_sla_dag']) retrieved from /home/airflow/.local/lib/python3.7/site-packages/airflow/example_dags/example_sla_dag.py
[2023-06-09T01:45:59.287+0000] {logging_mixin.py:149} INFO - [2023-06-09T01:45:59.287+0000] {dag.py:2726} INFO - Sync 1 DAGs
[2023-06-09T01:45:59.310+0000] {logging_mixin.py:149} INFO - [2023-06-09T01:45:59.310+0000] {dag.py:3490} INFO - Setting next_dagrun for example_sla_dag to 2023-06-09T01:42:00+00:00, run_after=2023-06-09T01:44:00+00:00
[2023-06-09T01:45:59.324+0000] {processor.py:179} INFO - Processing /home/airflow/.local/lib/python3.7/site-packages/airflow/example_dags/example_sla_dag.py took 0.100 seconds
[2023-06-09T01:46:29.605+0000] {processor.py:157} INFO - Started process (PID=2384) to work on /home/airflow/.local/lib/python3.7/site-packages/airflow/example_dags/example_sla_dag.py
[2023-06-09T01:46:29.609+0000] {processor.py:826} INFO - Processing file /home/airflow/.local/lib/python3.7/site-packages/airflow/example_dags/example_sla_dag.py for tasks to queue
[2023-06-09T01:46:29.610+0000] {logging_mixin.py:149} INFO - [2023-06-09T01:46:29.610+0000] {dagbag.py:541} INFO - Filling up the DagBag from /home/airflow/.local/lib/python3.7/site-packages/airflow/example_dags/example_sla_dag.py
[2023-06-09T01:46:29.623+0000] {processor.py:836} INFO - DAG(s) dict_keys(['example_sla_dag']) retrieved from /home/airflow/.local/lib/python3.7/site-packages/airflow/example_dags/example_sla_dag.py
[2023-06-09T01:46:29.652+0000] {logging_mixin.py:149} INFO - [2023-06-09T01:46:29.652+0000] {dag.py:2726} INFO - Sync 1 DAGs
[2023-06-09T01:46:29.671+0000] {logging_mixin.py:149} INFO - [2023-06-09T01:46:29.671+0000] {dag.py:3490} INFO - Setting next_dagrun for example_sla_dag to 2023-06-09T01:44:00+00:00, run_after=2023-06-09T01:46:00+00:00
[2023-06-09T01:46:29.684+0000] {processor.py:179} INFO - Processing /home/airflow/.local/lib/python3.7/site-packages/airflow/example_dags/example_sla_dag.py took 0.090 seconds
[2023-06-09T01:47:00.384+0000] {processor.py:157} INFO - Started process (PID=2439) to work on /home/airflow/.local/lib/python3.7/site-packages/airflow/example_dags/example_sla_dag.py
[2023-06-09T01:47:00.389+0000] {processor.py:826} INFO - Processing file /home/airflow/.local/lib/python3.7/site-packages/airflow/example_dags/example_sla_dag.py for tasks to queue
[2023-06-09T01:47:00.391+0000] {logging_mixin.py:149} INFO - [2023-06-09T01:47:00.390+0000] {dagbag.py:541} INFO - Filling up the DagBag from /home/airflow/.local/lib/python3.7/site-packages/airflow/example_dags/example_sla_dag.py
[2023-06-09T01:47:00.404+0000] {processor.py:836} INFO - DAG(s) dict_keys(['example_sla_dag']) retrieved from /home/airflow/.local/lib/python3.7/site-packages/airflow/example_dags/example_sla_dag.py
[2023-06-09T01:47:00.430+0000] {logging_mixin.py:149} INFO - [2023-06-09T01:47:00.430+0000] {dag.py:2726} INFO - Sync 1 DAGs
[2023-06-09T01:47:00.450+0000] {logging_mixin.py:149} INFO - [2023-06-09T01:47:00.449+0000] {dag.py:3490} INFO - Setting next_dagrun for example_sla_dag to 2023-06-09T01:44:00+00:00, run_after=2023-06-09T01:46:00+00:00
[2023-06-09T01:47:00.462+0000] {processor.py:179} INFO - Processing /home/airflow/.local/lib/python3.7/site-packages/airflow/example_dags/example_sla_dag.py took 0.086 seconds
[2023-06-09T01:47:30.885+0000] {processor.py:157} INFO - Started process (PID=2495) to work on /home/airflow/.local/lib/python3.7/site-packages/airflow/example_dags/example_sla_dag.py
[2023-06-09T01:47:30.888+0000] {processor.py:826} INFO - Processing file /home/airflow/.local/lib/python3.7/site-packages/airflow/example_dags/example_sla_dag.py for tasks to queue
[2023-06-09T01:47:30.890+0000] {logging_mixin.py:149} INFO - [2023-06-09T01:47:30.890+0000] {dagbag.py:541} INFO - Filling up the DagBag from /home/airflow/.local/lib/python3.7/site-packages/airflow/example_dags/example_sla_dag.py
[2023-06-09T01:47:30.906+0000] {processor.py:836} INFO - DAG(s) dict_keys(['example_sla_dag']) retrieved from /home/airflow/.local/lib/python3.7/site-packages/airflow/example_dags/example_sla_dag.py
[2023-06-09T01:47:30.936+0000] {logging_mixin.py:149} INFO - [2023-06-09T01:47:30.936+0000] {dag.py:2726} INFO - Sync 1 DAGs
[2023-06-09T01:47:30.958+0000] {logging_mixin.py:149} INFO - [2023-06-09T01:47:30.958+0000] {dag.py:3490} INFO - Setting next_dagrun for example_sla_dag to 2023-06-09T01:44:00+00:00, run_after=2023-06-09T01:46:00+00:00
[2023-06-09T01:47:30.971+0000] {processor.py:179} INFO - Processing /home/airflow/.local/lib/python3.7/site-packages/airflow/example_dags/example_sla_dag.py took 0.094 seconds
[2023-06-09T01:48:01.714+0000] {processor.py:157} INFO - Started process (PID=2552) to work on /home/airflow/.local/lib/python3.7/site-packages/airflow/example_dags/example_sla_dag.py
[2023-06-09T01:48:01.717+0000] {processor.py:826} INFO - Processing file /home/airflow/.local/lib/python3.7/site-packages/airflow/example_dags/example_sla_dag.py for tasks to queue
[2023-06-09T01:48:01.719+0000] {logging_mixin.py:149} INFO - [2023-06-09T01:48:01.719+0000] {dagbag.py:541} INFO - Filling up the DagBag from /home/airflow/.local/lib/python3.7/site-packages/airflow/example_dags/example_sla_dag.py
[2023-06-09T01:48:01.733+0000] {processor.py:836} INFO - DAG(s) dict_keys(['example_sla_dag']) retrieved from /home/airflow/.local/lib/python3.7/site-packages/airflow/example_dags/example_sla_dag.py
[2023-06-09T01:48:01.761+0000] {logging_mixin.py:149} INFO - [2023-06-09T01:48:01.761+0000] {dag.py:2726} INFO - Sync 1 DAGs
[2023-06-09T01:48:01.781+0000] {logging_mixin.py:149} INFO - [2023-06-09T01:48:01.781+0000] {dag.py:3490} INFO - Setting next_dagrun for example_sla_dag to 2023-06-09T01:46:00+00:00, run_after=2023-06-09T01:48:00+00:00
[2023-06-09T01:48:01.802+0000] {processor.py:179} INFO - Processing /home/airflow/.local/lib/python3.7/site-packages/airflow/example_dags/example_sla_dag.py took 0.094 seconds
[2023-06-09T01:48:32.020+0000] {processor.py:157} INFO - Started process (PID=2608) to work on /home/airflow/.local/lib/python3.7/site-packages/airflow/example_dags/example_sla_dag.py
[2023-06-09T01:48:32.026+0000] {processor.py:826} INFO - Processing file /home/airflow/.local/lib/python3.7/site-packages/airflow/example_dags/example_sla_dag.py for tasks to queue
[2023-06-09T01:48:32.029+0000] {logging_mixin.py:149} INFO - [2023-06-09T01:48:32.029+0000] {dagbag.py:541} INFO - Filling up the DagBag from /home/airflow/.local/lib/python3.7/site-packages/airflow/example_dags/example_sla_dag.py
[2023-06-09T01:48:32.041+0000] {processor.py:836} INFO - DAG(s) dict_keys(['example_sla_dag']) retrieved from /home/airflow/.local/lib/python3.7/site-packages/airflow/example_dags/example_sla_dag.py
[2023-06-09T01:48:32.073+0000] {logging_mixin.py:149} INFO - [2023-06-09T01:48:32.073+0000] {dag.py:2726} INFO - Sync 1 DAGs
[2023-06-09T01:48:32.096+0000] {logging_mixin.py:149} INFO - [2023-06-09T01:48:32.095+0000] {dag.py:3490} INFO - Setting next_dagrun for example_sla_dag to 2023-06-09T01:46:00+00:00, run_after=2023-06-09T01:48:00+00:00
[2023-06-09T01:48:32.110+0000] {processor.py:179} INFO - Processing /home/airflow/.local/lib/python3.7/site-packages/airflow/example_dags/example_sla_dag.py took 0.099 seconds
[2023-06-09T01:49:02.219+0000] {processor.py:157} INFO - Started process (PID=2664) to work on /home/airflow/.local/lib/python3.7/site-packages/airflow/example_dags/example_sla_dag.py
[2023-06-09T01:49:02.221+0000] {processor.py:826} INFO - Processing file /home/airflow/.local/lib/python3.7/site-packages/airflow/example_dags/example_sla_dag.py for tasks to queue
[2023-06-09T01:49:02.223+0000] {logging_mixin.py:149} INFO - [2023-06-09T01:49:02.223+0000] {dagbag.py:541} INFO - Filling up the DagBag from /home/airflow/.local/lib/python3.7/site-packages/airflow/example_dags/example_sla_dag.py
[2023-06-09T01:49:02.239+0000] {processor.py:836} INFO - DAG(s) dict_keys(['example_sla_dag']) retrieved from /home/airflow/.local/lib/python3.7/site-packages/airflow/example_dags/example_sla_dag.py
[2023-06-09T01:49:02.271+0000] {logging_mixin.py:149} INFO - [2023-06-09T01:49:02.271+0000] {dag.py:2726} INFO - Sync 1 DAGs
[2023-06-09T01:49:02.291+0000] {logging_mixin.py:149} INFO - [2023-06-09T01:49:02.291+0000] {dag.py:3490} INFO - Setting next_dagrun for example_sla_dag to 2023-06-09T01:46:00+00:00, run_after=2023-06-09T01:48:00+00:00
[2023-06-09T01:49:02.304+0000] {processor.py:179} INFO - Processing /home/airflow/.local/lib/python3.7/site-packages/airflow/example_dags/example_sla_dag.py took 0.092 seconds
[2023-06-09T01:49:32.527+0000] {processor.py:157} INFO - Started process (PID=2719) to work on /home/airflow/.local/lib/python3.7/site-packages/airflow/example_dags/example_sla_dag.py
[2023-06-09T01:49:32.531+0000] {processor.py:826} INFO - Processing file /home/airflow/.local/lib/python3.7/site-packages/airflow/example_dags/example_sla_dag.py for tasks to queue
[2023-06-09T01:49:32.533+0000] {logging_mixin.py:149} INFO - [2023-06-09T01:49:32.532+0000] {dagbag.py:541} INFO - Filling up the DagBag from /home/airflow/.local/lib/python3.7/site-packages/airflow/example_dags/example_sla_dag.py
[2023-06-09T01:49:32.546+0000] {processor.py:836} INFO - DAG(s) dict_keys(['example_sla_dag']) retrieved from /home/airflow/.local/lib/python3.7/site-packages/airflow/example_dags/example_sla_dag.py
[2023-06-09T01:49:32.576+0000] {logging_mixin.py:149} INFO - [2023-06-09T01:49:32.576+0000] {dag.py:2726} INFO - Sync 1 DAGs
[2023-06-09T01:49:32.595+0000] {logging_mixin.py:149} INFO - [2023-06-09T01:49:32.595+0000] {dag.py:3490} INFO - Setting next_dagrun for example_sla_dag to 2023-06-09T01:46:00+00:00, run_after=2023-06-09T01:48:00+00:00
[2023-06-09T01:49:32.610+0000] {processor.py:179} INFO - Processing /home/airflow/.local/lib/python3.7/site-packages/airflow/example_dags/example_sla_dag.py took 0.090 seconds
[2023-06-09T01:50:02.882+0000] {processor.py:157} INFO - Started process (PID=2775) to work on /home/airflow/.local/lib/python3.7/site-packages/airflow/example_dags/example_sla_dag.py
[2023-06-09T01:50:02.885+0000] {processor.py:826} INFO - Processing file /home/airflow/.local/lib/python3.7/site-packages/airflow/example_dags/example_sla_dag.py for tasks to queue
[2023-06-09T01:50:02.886+0000] {logging_mixin.py:149} INFO - [2023-06-09T01:50:02.886+0000] {dagbag.py:541} INFO - Filling up the DagBag from /home/airflow/.local/lib/python3.7/site-packages/airflow/example_dags/example_sla_dag.py
[2023-06-09T01:50:02.901+0000] {processor.py:836} INFO - DAG(s) dict_keys(['example_sla_dag']) retrieved from /home/airflow/.local/lib/python3.7/site-packages/airflow/example_dags/example_sla_dag.py
[2023-06-09T01:50:02.932+0000] {logging_mixin.py:149} INFO - [2023-06-09T01:50:02.932+0000] {dag.py:2726} INFO - Sync 1 DAGs
[2023-06-09T01:50:02.955+0000] {logging_mixin.py:149} INFO - [2023-06-09T01:50:02.955+0000] {dag.py:3490} INFO - Setting next_dagrun for example_sla_dag to 2023-06-09T01:48:00+00:00, run_after=2023-06-09T01:50:00+00:00
[2023-06-09T01:50:02.971+0000] {processor.py:179} INFO - Processing /home/airflow/.local/lib/python3.7/site-packages/airflow/example_dags/example_sla_dag.py took 0.106 seconds
[2023-06-09T01:50:33.247+0000] {processor.py:157} INFO - Started process (PID=2831) to work on /home/airflow/.local/lib/python3.7/site-packages/airflow/example_dags/example_sla_dag.py
[2023-06-09T01:50:33.250+0000] {processor.py:826} INFO - Processing file /home/airflow/.local/lib/python3.7/site-packages/airflow/example_dags/example_sla_dag.py for tasks to queue
[2023-06-09T01:50:33.253+0000] {logging_mixin.py:149} INFO - [2023-06-09T01:50:33.253+0000] {dagbag.py:541} INFO - Filling up the DagBag from /home/airflow/.local/lib/python3.7/site-packages/airflow/example_dags/example_sla_dag.py
[2023-06-09T01:50:33.265+0000] {processor.py:836} INFO - DAG(s) dict_keys(['example_sla_dag']) retrieved from /home/airflow/.local/lib/python3.7/site-packages/airflow/example_dags/example_sla_dag.py
[2023-06-09T01:50:33.292+0000] {logging_mixin.py:149} INFO - [2023-06-09T01:50:33.291+0000] {dag.py:2726} INFO - Sync 1 DAGs
[2023-06-09T01:50:33.312+0000] {logging_mixin.py:149} INFO - [2023-06-09T01:50:33.311+0000] {dag.py:3490} INFO - Setting next_dagrun for example_sla_dag to 2023-06-09T01:48:00+00:00, run_after=2023-06-09T01:50:00+00:00
[2023-06-09T01:50:33.324+0000] {processor.py:179} INFO - Processing /home/airflow/.local/lib/python3.7/site-packages/airflow/example_dags/example_sla_dag.py took 0.085 seconds
[2023-06-09T01:51:03.649+0000] {processor.py:157} INFO - Started process (PID=2887) to work on /home/airflow/.local/lib/python3.7/site-packages/airflow/example_dags/example_sla_dag.py
[2023-06-09T01:51:03.652+0000] {processor.py:826} INFO - Processing file /home/airflow/.local/lib/python3.7/site-packages/airflow/example_dags/example_sla_dag.py for tasks to queue
[2023-06-09T01:51:03.654+0000] {logging_mixin.py:149} INFO - [2023-06-09T01:51:03.654+0000] {dagbag.py:541} INFO - Filling up the DagBag from /home/airflow/.local/lib/python3.7/site-packages/airflow/example_dags/example_sla_dag.py
[2023-06-09T01:51:03.667+0000] {processor.py:836} INFO - DAG(s) dict_keys(['example_sla_dag']) retrieved from /home/airflow/.local/lib/python3.7/site-packages/airflow/example_dags/example_sla_dag.py
[2023-06-09T01:51:03.693+0000] {logging_mixin.py:149} INFO - [2023-06-09T01:51:03.693+0000] {dag.py:2726} INFO - Sync 1 DAGs
[2023-06-09T01:51:03.712+0000] {logging_mixin.py:149} INFO - [2023-06-09T01:51:03.712+0000] {dag.py:3490} INFO - Setting next_dagrun for example_sla_dag to 2023-06-09T01:48:00+00:00, run_after=2023-06-09T01:50:00+00:00
[2023-06-09T01:51:03.725+0000] {processor.py:179} INFO - Processing /home/airflow/.local/lib/python3.7/site-packages/airflow/example_dags/example_sla_dag.py took 0.083 seconds
[2023-06-09T01:51:33.971+0000] {processor.py:157} INFO - Started process (PID=2943) to work on /home/airflow/.local/lib/python3.7/site-packages/airflow/example_dags/example_sla_dag.py
[2023-06-09T01:51:33.974+0000] {processor.py:826} INFO - Processing file /home/airflow/.local/lib/python3.7/site-packages/airflow/example_dags/example_sla_dag.py for tasks to queue
[2023-06-09T01:51:33.975+0000] {logging_mixin.py:149} INFO - [2023-06-09T01:51:33.975+0000] {dagbag.py:541} INFO - Filling up the DagBag from /home/airflow/.local/lib/python3.7/site-packages/airflow/example_dags/example_sla_dag.py
[2023-06-09T01:51:33.987+0000] {processor.py:836} INFO - DAG(s) dict_keys(['example_sla_dag']) retrieved from /home/airflow/.local/lib/python3.7/site-packages/airflow/example_dags/example_sla_dag.py
[2023-06-09T01:51:34.012+0000] {logging_mixin.py:149} INFO - [2023-06-09T01:51:34.012+0000] {dag.py:2726} INFO - Sync 1 DAGs
[2023-06-09T01:51:34.032+0000] {logging_mixin.py:149} INFO - [2023-06-09T01:51:34.032+0000] {dag.py:3490} INFO - Setting next_dagrun for example_sla_dag to 2023-06-09T01:48:00+00:00, run_after=2023-06-09T01:50:00+00:00
[2023-06-09T01:51:34.047+0000] {processor.py:179} INFO - Processing /home/airflow/.local/lib/python3.7/site-packages/airflow/example_dags/example_sla_dag.py took 0.083 seconds
[2023-06-09T01:52:04.225+0000] {processor.py:157} INFO - Started process (PID=2999) to work on /home/airflow/.local/lib/python3.7/site-packages/airflow/example_dags/example_sla_dag.py
[2023-06-09T01:52:04.228+0000] {processor.py:826} INFO - Processing file /home/airflow/.local/lib/python3.7/site-packages/airflow/example_dags/example_sla_dag.py for tasks to queue
[2023-06-09T01:52:04.230+0000] {logging_mixin.py:149} INFO - [2023-06-09T01:52:04.229+0000] {dagbag.py:541} INFO - Filling up the DagBag from /home/airflow/.local/lib/python3.7/site-packages/airflow/example_dags/example_sla_dag.py
[2023-06-09T01:52:04.241+0000] {processor.py:836} INFO - DAG(s) dict_keys(['example_sla_dag']) retrieved from /home/airflow/.local/lib/python3.7/site-packages/airflow/example_dags/example_sla_dag.py
[2023-06-09T01:52:04.263+0000] {logging_mixin.py:149} INFO - [2023-06-09T01:52:04.263+0000] {dag.py:2726} INFO - Sync 1 DAGs
[2023-06-09T01:52:04.282+0000] {logging_mixin.py:149} INFO - [2023-06-09T01:52:04.282+0000] {dag.py:3490} INFO - Setting next_dagrun for example_sla_dag to 2023-06-09T01:50:00+00:00, run_after=2023-06-09T01:52:00+00:00
[2023-06-09T01:52:04.295+0000] {processor.py:179} INFO - Processing /home/airflow/.local/lib/python3.7/site-packages/airflow/example_dags/example_sla_dag.py took 0.075 seconds
[2023-06-09T01:52:34.886+0000] {processor.py:157} INFO - Started process (PID=3055) to work on /home/airflow/.local/lib/python3.7/site-packages/airflow/example_dags/example_sla_dag.py
[2023-06-09T01:52:34.888+0000] {processor.py:826} INFO - Processing file /home/airflow/.local/lib/python3.7/site-packages/airflow/example_dags/example_sla_dag.py for tasks to queue
[2023-06-09T01:52:34.889+0000] {logging_mixin.py:149} INFO - [2023-06-09T01:52:34.889+0000] {dagbag.py:541} INFO - Filling up the DagBag from /home/airflow/.local/lib/python3.7/site-packages/airflow/example_dags/example_sla_dag.py
[2023-06-09T01:52:34.899+0000] {processor.py:836} INFO - DAG(s) dict_keys(['example_sla_dag']) retrieved from /home/airflow/.local/lib/python3.7/site-packages/airflow/example_dags/example_sla_dag.py
[2023-06-09T01:52:34.923+0000] {logging_mixin.py:149} INFO - [2023-06-09T01:52:34.923+0000] {dag.py:2726} INFO - Sync 1 DAGs
[2023-06-09T01:52:34.940+0000] {logging_mixin.py:149} INFO - [2023-06-09T01:52:34.940+0000] {dag.py:3490} INFO - Setting next_dagrun for example_sla_dag to 2023-06-09T01:50:00+00:00, run_after=2023-06-09T01:52:00+00:00
[2023-06-09T01:52:34.952+0000] {processor.py:179} INFO - Processing /home/airflow/.local/lib/python3.7/site-packages/airflow/example_dags/example_sla_dag.py took 0.071 seconds
[2023-06-09T01:53:05.080+0000] {processor.py:157} INFO - Started process (PID=3111) to work on /home/airflow/.local/lib/python3.7/site-packages/airflow/example_dags/example_sla_dag.py
[2023-06-09T01:53:05.081+0000] {processor.py:826} INFO - Processing file /home/airflow/.local/lib/python3.7/site-packages/airflow/example_dags/example_sla_dag.py for tasks to queue
[2023-06-09T01:53:05.082+0000] {logging_mixin.py:149} INFO - [2023-06-09T01:53:05.082+0000] {dagbag.py:541} INFO - Filling up the DagBag from /home/airflow/.local/lib/python3.7/site-packages/airflow/example_dags/example_sla_dag.py
[2023-06-09T01:53:05.088+0000] {processor.py:836} INFO - DAG(s) dict_keys(['example_sla_dag']) retrieved from /home/airflow/.local/lib/python3.7/site-packages/airflow/example_dags/example_sla_dag.py
[2023-06-09T01:53:05.108+0000] {logging_mixin.py:149} INFO - [2023-06-09T01:53:05.108+0000] {dag.py:2726} INFO - Sync 1 DAGs
[2023-06-09T01:53:05.126+0000] {logging_mixin.py:149} INFO - [2023-06-09T01:53:05.126+0000] {dag.py:3490} INFO - Setting next_dagrun for example_sla_dag to 2023-06-09T01:50:00+00:00, run_after=2023-06-09T01:52:00+00:00
[2023-06-09T01:53:05.137+0000] {processor.py:179} INFO - Processing /home/airflow/.local/lib/python3.7/site-packages/airflow/example_dags/example_sla_dag.py took 0.061 seconds
[2023-06-09T01:53:48.946+0000] {processor.py:157} INFO - Started process (PID=31) to work on /home/airflow/.local/lib/python3.7/site-packages/airflow/example_dags/example_sla_dag.py
[2023-06-09T01:53:48.954+0000] {processor.py:826} INFO - Processing file /home/airflow/.local/lib/python3.7/site-packages/airflow/example_dags/example_sla_dag.py for tasks to queue
[2023-06-09T01:53:48.958+0000] {logging_mixin.py:149} INFO - [2023-06-09T01:53:48.957+0000] {dagbag.py:541} INFO - Filling up the DagBag from /home/airflow/.local/lib/python3.7/site-packages/airflow/example_dags/example_sla_dag.py
[2023-06-09T01:53:49.033+0000] {processor.py:836} INFO - DAG(s) dict_keys(['example_sla_dag']) retrieved from /home/airflow/.local/lib/python3.7/site-packages/airflow/example_dags/example_sla_dag.py
[2023-06-09T01:53:49.382+0000] {logging_mixin.py:149} INFO - [2023-06-09T01:53:49.382+0000] {dag.py:2726} INFO - Sync 1 DAGs
[2023-06-09T01:53:49.407+0000] {logging_mixin.py:149} INFO - [2023-06-09T01:53:49.407+0000] {dag.py:3490} INFO - Setting next_dagrun for example_sla_dag to 2023-06-09T01:50:00+00:00, run_after=2023-06-09T01:52:00+00:00
[2023-06-09T01:53:49.424+0000] {processor.py:179} INFO - Processing /home/airflow/.local/lib/python3.7/site-packages/airflow/example_dags/example_sla_dag.py took 0.501 seconds
