[2023-06-09T01:25:08.665+0000] {processor.py:157} INFO - Started process (PID=36) to work on /home/airflow/.local/lib/python3.7/site-packages/airflow/example_dags/example_nested_branch_dag.py
[2023-06-09T01:25:08.673+0000] {processor.py:826} INFO - Processing file /home/airflow/.local/lib/python3.7/site-packages/airflow/example_dags/example_nested_branch_dag.py for tasks to queue
[2023-06-09T01:25:08.725+0000] {logging_mixin.py:149} INFO - [2023-06-09T01:25:08.725+0000] {dagbag.py:541} INFO - Filling up the DagBag from /home/airflow/.local/lib/python3.7/site-packages/airflow/example_dags/example_nested_branch_dag.py
[2023-06-09T01:25:08.785+0000] {processor.py:836} INFO - DAG(s) dict_keys(['example_nested_branch_dag']) retrieved from /home/airflow/.local/lib/python3.7/site-packages/airflow/example_dags/example_nested_branch_dag.py
[2023-06-09T01:25:09.171+0000] {logging_mixin.py:149} INFO - [2023-06-09T01:25:09.170+0000] {manager.py:504} INFO - Created Permission View: can delete on DAG:example_nested_branch_dag
[2023-06-09T01:25:09.203+0000] {logging_mixin.py:149} INFO - [2023-06-09T01:25:09.202+0000] {manager.py:504} INFO - Created Permission View: can edit on DAG:example_nested_branch_dag
[2023-06-09T01:25:09.248+0000] {logging_mixin.py:149} INFO - [2023-06-09T01:25:09.248+0000] {manager.py:504} INFO - Created Permission View: can read on DAG:example_nested_branch_dag
[2023-06-09T01:25:09.251+0000] {logging_mixin.py:149} INFO - [2023-06-09T01:25:09.250+0000] {dag.py:2726} INFO - Sync 1 DAGs
[2023-06-09T01:25:09.299+0000] {logging_mixin.py:149} INFO - [2023-06-09T01:25:09.299+0000] {dag.py:2747} INFO - Creating ORM DAG for example_nested_branch_dag
[2023-06-09T01:25:09.450+0000] {logging_mixin.py:149} INFO - [2023-06-09T01:25:09.449+0000] {dag.py:3490} INFO - Setting next_dagrun for example_nested_branch_dag to 2023-06-08T00:00:00+00:00, run_after=2023-06-09T00:00:00+00:00
[2023-06-09T01:25:09.575+0000] {processor.py:179} INFO - Processing /home/airflow/.local/lib/python3.7/site-packages/airflow/example_dags/example_nested_branch_dag.py took 0.923 seconds
[2023-06-09T01:25:42.919+0000] {processor.py:157} INFO - Started process (PID=91) to work on /home/airflow/.local/lib/python3.7/site-packages/airflow/example_dags/example_nested_branch_dag.py
[2023-06-09T01:25:42.934+0000] {processor.py:826} INFO - Processing file /home/airflow/.local/lib/python3.7/site-packages/airflow/example_dags/example_nested_branch_dag.py for tasks to queue
[2023-06-09T01:25:42.943+0000] {logging_mixin.py:149} INFO - [2023-06-09T01:25:42.941+0000] {dagbag.py:541} INFO - Filling up the DagBag from /home/airflow/.local/lib/python3.7/site-packages/airflow/example_dags/example_nested_branch_dag.py
[2023-06-09T01:25:42.971+0000] {processor.py:836} INFO - DAG(s) dict_keys(['example_nested_branch_dag']) retrieved from /home/airflow/.local/lib/python3.7/site-packages/airflow/example_dags/example_nested_branch_dag.py
[2023-06-09T01:25:43.108+0000] {logging_mixin.py:149} INFO - [2023-06-09T01:25:43.108+0000] {dag.py:2726} INFO - Sync 1 DAGs
[2023-06-09T01:25:43.247+0000] {logging_mixin.py:149} INFO - [2023-06-09T01:25:43.247+0000] {dag.py:3490} INFO - Setting next_dagrun for example_nested_branch_dag to 2023-06-08T00:00:00+00:00, run_after=2023-06-09T00:00:00+00:00
[2023-06-09T01:25:43.374+0000] {processor.py:179} INFO - Processing /home/airflow/.local/lib/python3.7/site-packages/airflow/example_dags/example_nested_branch_dag.py took 0.475 seconds
[2023-06-09T01:26:13.883+0000] {processor.py:157} INFO - Started process (PID=147) to work on /home/airflow/.local/lib/python3.7/site-packages/airflow/example_dags/example_nested_branch_dag.py
[2023-06-09T01:26:13.884+0000] {processor.py:826} INFO - Processing file /home/airflow/.local/lib/python3.7/site-packages/airflow/example_dags/example_nested_branch_dag.py for tasks to queue
[2023-06-09T01:26:13.886+0000] {logging_mixin.py:149} INFO - [2023-06-09T01:26:13.886+0000] {dagbag.py:541} INFO - Filling up the DagBag from /home/airflow/.local/lib/python3.7/site-packages/airflow/example_dags/example_nested_branch_dag.py
[2023-06-09T01:26:13.897+0000] {processor.py:836} INFO - DAG(s) dict_keys(['example_nested_branch_dag']) retrieved from /home/airflow/.local/lib/python3.7/site-packages/airflow/example_dags/example_nested_branch_dag.py
[2023-06-09T01:26:13.922+0000] {logging_mixin.py:149} INFO - [2023-06-09T01:26:13.921+0000] {dag.py:2726} INFO - Sync 1 DAGs
[2023-06-09T01:26:13.938+0000] {logging_mixin.py:149} INFO - [2023-06-09T01:26:13.938+0000] {dag.py:3490} INFO - Setting next_dagrun for example_nested_branch_dag to 2023-06-08T00:00:00+00:00, run_after=2023-06-09T00:00:00+00:00
[2023-06-09T01:26:13.950+0000] {processor.py:179} INFO - Processing /home/airflow/.local/lib/python3.7/site-packages/airflow/example_dags/example_nested_branch_dag.py took 0.073 seconds
[2023-06-09T01:26:44.091+0000] {processor.py:157} INFO - Started process (PID=203) to work on /home/airflow/.local/lib/python3.7/site-packages/airflow/example_dags/example_nested_branch_dag.py
[2023-06-09T01:26:44.093+0000] {processor.py:826} INFO - Processing file /home/airflow/.local/lib/python3.7/site-packages/airflow/example_dags/example_nested_branch_dag.py for tasks to queue
[2023-06-09T01:26:44.094+0000] {logging_mixin.py:149} INFO - [2023-06-09T01:26:44.093+0000] {dagbag.py:541} INFO - Filling up the DagBag from /home/airflow/.local/lib/python3.7/site-packages/airflow/example_dags/example_nested_branch_dag.py
[2023-06-09T01:26:44.101+0000] {processor.py:836} INFO - DAG(s) dict_keys(['example_nested_branch_dag']) retrieved from /home/airflow/.local/lib/python3.7/site-packages/airflow/example_dags/example_nested_branch_dag.py
[2023-06-09T01:26:44.122+0000] {logging_mixin.py:149} INFO - [2023-06-09T01:26:44.122+0000] {dag.py:2726} INFO - Sync 1 DAGs
[2023-06-09T01:26:44.138+0000] {logging_mixin.py:149} INFO - [2023-06-09T01:26:44.138+0000] {dag.py:3490} INFO - Setting next_dagrun for example_nested_branch_dag to 2023-06-08T00:00:00+00:00, run_after=2023-06-09T00:00:00+00:00
[2023-06-09T01:26:44.151+0000] {processor.py:179} INFO - Processing /home/airflow/.local/lib/python3.7/site-packages/airflow/example_dags/example_nested_branch_dag.py took 0.063 seconds
[2023-06-09T01:27:14.546+0000] {processor.py:157} INFO - Started process (PID=259) to work on /home/airflow/.local/lib/python3.7/site-packages/airflow/example_dags/example_nested_branch_dag.py
[2023-06-09T01:27:14.548+0000] {processor.py:826} INFO - Processing file /home/airflow/.local/lib/python3.7/site-packages/airflow/example_dags/example_nested_branch_dag.py for tasks to queue
[2023-06-09T01:27:14.549+0000] {logging_mixin.py:149} INFO - [2023-06-09T01:27:14.548+0000] {dagbag.py:541} INFO - Filling up the DagBag from /home/airflow/.local/lib/python3.7/site-packages/airflow/example_dags/example_nested_branch_dag.py
[2023-06-09T01:27:14.565+0000] {processor.py:836} INFO - DAG(s) dict_keys(['example_nested_branch_dag']) retrieved from /home/airflow/.local/lib/python3.7/site-packages/airflow/example_dags/example_nested_branch_dag.py
[2023-06-09T01:27:14.593+0000] {logging_mixin.py:149} INFO - [2023-06-09T01:27:14.593+0000] {dag.py:2726} INFO - Sync 1 DAGs
[2023-06-09T01:27:14.612+0000] {logging_mixin.py:149} INFO - [2023-06-09T01:27:14.612+0000] {dag.py:3490} INFO - Setting next_dagrun for example_nested_branch_dag to 2023-06-08T00:00:00+00:00, run_after=2023-06-09T00:00:00+00:00
[2023-06-09T01:27:14.637+0000] {processor.py:179} INFO - Processing /home/airflow/.local/lib/python3.7/site-packages/airflow/example_dags/example_nested_branch_dag.py took 0.094 seconds
[2023-06-09T01:27:45.061+0000] {processor.py:157} INFO - Started process (PID=315) to work on /home/airflow/.local/lib/python3.7/site-packages/airflow/example_dags/example_nested_branch_dag.py
[2023-06-09T01:27:45.062+0000] {processor.py:826} INFO - Processing file /home/airflow/.local/lib/python3.7/site-packages/airflow/example_dags/example_nested_branch_dag.py for tasks to queue
[2023-06-09T01:27:45.063+0000] {logging_mixin.py:149} INFO - [2023-06-09T01:27:45.063+0000] {dagbag.py:541} INFO - Filling up the DagBag from /home/airflow/.local/lib/python3.7/site-packages/airflow/example_dags/example_nested_branch_dag.py
[2023-06-09T01:27:45.072+0000] {processor.py:836} INFO - DAG(s) dict_keys(['example_nested_branch_dag']) retrieved from /home/airflow/.local/lib/python3.7/site-packages/airflow/example_dags/example_nested_branch_dag.py
[2023-06-09T01:27:45.101+0000] {logging_mixin.py:149} INFO - [2023-06-09T01:27:45.101+0000] {dag.py:2726} INFO - Sync 1 DAGs
[2023-06-09T01:27:45.120+0000] {logging_mixin.py:149} INFO - [2023-06-09T01:27:45.120+0000] {dag.py:3490} INFO - Setting next_dagrun for example_nested_branch_dag to 2023-06-08T00:00:00+00:00, run_after=2023-06-09T00:00:00+00:00
[2023-06-09T01:27:45.133+0000] {processor.py:179} INFO - Processing /home/airflow/.local/lib/python3.7/site-packages/airflow/example_dags/example_nested_branch_dag.py took 0.076 seconds
[2023-06-09T01:28:15.975+0000] {processor.py:157} INFO - Started process (PID=366) to work on /home/airflow/.local/lib/python3.7/site-packages/airflow/example_dags/example_nested_branch_dag.py
[2023-06-09T01:28:15.980+0000] {processor.py:826} INFO - Processing file /home/airflow/.local/lib/python3.7/site-packages/airflow/example_dags/example_nested_branch_dag.py for tasks to queue
[2023-06-09T01:28:15.982+0000] {logging_mixin.py:149} INFO - [2023-06-09T01:28:15.982+0000] {dagbag.py:541} INFO - Filling up the DagBag from /home/airflow/.local/lib/python3.7/site-packages/airflow/example_dags/example_nested_branch_dag.py
[2023-06-09T01:28:16.005+0000] {processor.py:836} INFO - DAG(s) dict_keys(['example_nested_branch_dag']) retrieved from /home/airflow/.local/lib/python3.7/site-packages/airflow/example_dags/example_nested_branch_dag.py
[2023-06-09T01:28:16.072+0000] {logging_mixin.py:149} INFO - [2023-06-09T01:28:16.072+0000] {dag.py:2726} INFO - Sync 1 DAGs
[2023-06-09T01:28:16.140+0000] {logging_mixin.py:149} INFO - [2023-06-09T01:28:16.139+0000] {dag.py:3490} INFO - Setting next_dagrun for example_nested_branch_dag to 2023-06-08T00:00:00+00:00, run_after=2023-06-09T00:00:00+00:00
[2023-06-09T01:28:16.185+0000] {processor.py:179} INFO - Processing /home/airflow/.local/lib/python3.7/site-packages/airflow/example_dags/example_nested_branch_dag.py took 0.238 seconds
[2023-06-09T01:28:46.455+0000] {processor.py:157} INFO - Started process (PID=422) to work on /home/airflow/.local/lib/python3.7/site-packages/airflow/example_dags/example_nested_branch_dag.py
[2023-06-09T01:28:46.460+0000] {processor.py:826} INFO - Processing file /home/airflow/.local/lib/python3.7/site-packages/airflow/example_dags/example_nested_branch_dag.py for tasks to queue
[2023-06-09T01:28:46.462+0000] {logging_mixin.py:149} INFO - [2023-06-09T01:28:46.462+0000] {dagbag.py:541} INFO - Filling up the DagBag from /home/airflow/.local/lib/python3.7/site-packages/airflow/example_dags/example_nested_branch_dag.py
[2023-06-09T01:28:46.486+0000] {processor.py:836} INFO - DAG(s) dict_keys(['example_nested_branch_dag']) retrieved from /home/airflow/.local/lib/python3.7/site-packages/airflow/example_dags/example_nested_branch_dag.py
[2023-06-09T01:28:46.573+0000] {logging_mixin.py:149} INFO - [2023-06-09T01:28:46.572+0000] {dag.py:2726} INFO - Sync 1 DAGs
[2023-06-09T01:28:46.622+0000] {logging_mixin.py:149} INFO - [2023-06-09T01:28:46.622+0000] {dag.py:3490} INFO - Setting next_dagrun for example_nested_branch_dag to 2023-06-08T00:00:00+00:00, run_after=2023-06-09T00:00:00+00:00
[2023-06-09T01:28:46.689+0000] {processor.py:179} INFO - Processing /home/airflow/.local/lib/python3.7/site-packages/airflow/example_dags/example_nested_branch_dag.py took 0.241 seconds
[2023-06-09T01:29:17.599+0000] {processor.py:157} INFO - Started process (PID=478) to work on /home/airflow/.local/lib/python3.7/site-packages/airflow/example_dags/example_nested_branch_dag.py
[2023-06-09T01:29:17.600+0000] {processor.py:826} INFO - Processing file /home/airflow/.local/lib/python3.7/site-packages/airflow/example_dags/example_nested_branch_dag.py for tasks to queue
[2023-06-09T01:29:17.602+0000] {logging_mixin.py:149} INFO - [2023-06-09T01:29:17.602+0000] {dagbag.py:541} INFO - Filling up the DagBag from /home/airflow/.local/lib/python3.7/site-packages/airflow/example_dags/example_nested_branch_dag.py
[2023-06-09T01:29:17.636+0000] {processor.py:836} INFO - DAG(s) dict_keys(['example_nested_branch_dag']) retrieved from /home/airflow/.local/lib/python3.7/site-packages/airflow/example_dags/example_nested_branch_dag.py
[2023-06-09T01:29:17.708+0000] {logging_mixin.py:149} INFO - [2023-06-09T01:29:17.708+0000] {dag.py:2726} INFO - Sync 1 DAGs
[2023-06-09T01:29:17.766+0000] {logging_mixin.py:149} INFO - [2023-06-09T01:29:17.765+0000] {dag.py:3490} INFO - Setting next_dagrun for example_nested_branch_dag to 2023-06-08T00:00:00+00:00, run_after=2023-06-09T00:00:00+00:00
[2023-06-09T01:29:17.808+0000] {processor.py:179} INFO - Processing /home/airflow/.local/lib/python3.7/site-packages/airflow/example_dags/example_nested_branch_dag.py took 0.214 seconds
[2023-06-09T01:29:48.373+0000] {processor.py:157} INFO - Started process (PID=541) to work on /home/airflow/.local/lib/python3.7/site-packages/airflow/example_dags/example_nested_branch_dag.py
[2023-06-09T01:29:48.375+0000] {processor.py:826} INFO - Processing file /home/airflow/.local/lib/python3.7/site-packages/airflow/example_dags/example_nested_branch_dag.py for tasks to queue
[2023-06-09T01:29:48.377+0000] {logging_mixin.py:149} INFO - [2023-06-09T01:29:48.377+0000] {dagbag.py:541} INFO - Filling up the DagBag from /home/airflow/.local/lib/python3.7/site-packages/airflow/example_dags/example_nested_branch_dag.py
[2023-06-09T01:29:48.419+0000] {processor.py:836} INFO - DAG(s) dict_keys(['example_nested_branch_dag']) retrieved from /home/airflow/.local/lib/python3.7/site-packages/airflow/example_dags/example_nested_branch_dag.py
[2023-06-09T01:29:48.472+0000] {logging_mixin.py:149} INFO - [2023-06-09T01:29:48.472+0000] {dag.py:2726} INFO - Sync 1 DAGs
[2023-06-09T01:29:48.498+0000] {logging_mixin.py:149} INFO - [2023-06-09T01:29:48.498+0000] {dag.py:3490} INFO - Setting next_dagrun for example_nested_branch_dag to 2023-06-08T00:00:00+00:00, run_after=2023-06-09T00:00:00+00:00
[2023-06-09T01:29:48.540+0000] {processor.py:179} INFO - Processing /home/airflow/.local/lib/python3.7/site-packages/airflow/example_dags/example_nested_branch_dag.py took 0.173 seconds
[2023-06-09T01:30:19.448+0000] {processor.py:157} INFO - Started process (PID=597) to work on /home/airflow/.local/lib/python3.7/site-packages/airflow/example_dags/example_nested_branch_dag.py
[2023-06-09T01:30:19.459+0000] {processor.py:826} INFO - Processing file /home/airflow/.local/lib/python3.7/site-packages/airflow/example_dags/example_nested_branch_dag.py for tasks to queue
[2023-06-09T01:30:19.460+0000] {logging_mixin.py:149} INFO - [2023-06-09T01:30:19.460+0000] {dagbag.py:541} INFO - Filling up the DagBag from /home/airflow/.local/lib/python3.7/site-packages/airflow/example_dags/example_nested_branch_dag.py
[2023-06-09T01:30:19.512+0000] {processor.py:836} INFO - DAG(s) dict_keys(['example_nested_branch_dag']) retrieved from /home/airflow/.local/lib/python3.7/site-packages/airflow/example_dags/example_nested_branch_dag.py
[2023-06-09T01:30:19.697+0000] {logging_mixin.py:149} INFO - [2023-06-09T01:30:19.696+0000] {dag.py:2726} INFO - Sync 1 DAGs
[2023-06-09T01:30:19.777+0000] {logging_mixin.py:149} INFO - [2023-06-09T01:30:19.776+0000] {dag.py:3490} INFO - Setting next_dagrun for example_nested_branch_dag to 2023-06-08T00:00:00+00:00, run_after=2023-06-09T00:00:00+00:00
[2023-06-09T01:30:19.825+0000] {processor.py:179} INFO - Processing /home/airflow/.local/lib/python3.7/site-packages/airflow/example_dags/example_nested_branch_dag.py took 0.407 seconds
[2023-06-09T01:30:50.076+0000] {processor.py:157} INFO - Started process (PID=653) to work on /home/airflow/.local/lib/python3.7/site-packages/airflow/example_dags/example_nested_branch_dag.py
[2023-06-09T01:30:50.078+0000] {processor.py:826} INFO - Processing file /home/airflow/.local/lib/python3.7/site-packages/airflow/example_dags/example_nested_branch_dag.py for tasks to queue
[2023-06-09T01:30:50.082+0000] {logging_mixin.py:149} INFO - [2023-06-09T01:30:50.082+0000] {dagbag.py:541} INFO - Filling up the DagBag from /home/airflow/.local/lib/python3.7/site-packages/airflow/example_dags/example_nested_branch_dag.py
[2023-06-09T01:30:50.106+0000] {processor.py:836} INFO - DAG(s) dict_keys(['example_nested_branch_dag']) retrieved from /home/airflow/.local/lib/python3.7/site-packages/airflow/example_dags/example_nested_branch_dag.py
[2023-06-09T01:30:50.137+0000] {logging_mixin.py:149} INFO - [2023-06-09T01:30:50.137+0000] {dag.py:2726} INFO - Sync 1 DAGs
[2023-06-09T01:30:50.161+0000] {logging_mixin.py:149} INFO - [2023-06-09T01:30:50.161+0000] {dag.py:3490} INFO - Setting next_dagrun for example_nested_branch_dag to 2023-06-08T00:00:00+00:00, run_after=2023-06-09T00:00:00+00:00
[2023-06-09T01:30:50.183+0000] {processor.py:179} INFO - Processing /home/airflow/.local/lib/python3.7/site-packages/airflow/example_dags/example_nested_branch_dag.py took 0.113 seconds
[2023-06-09T01:31:21.050+0000] {processor.py:157} INFO - Started process (PID=709) to work on /home/airflow/.local/lib/python3.7/site-packages/airflow/example_dags/example_nested_branch_dag.py
[2023-06-09T01:31:21.055+0000] {processor.py:826} INFO - Processing file /home/airflow/.local/lib/python3.7/site-packages/airflow/example_dags/example_nested_branch_dag.py for tasks to queue
[2023-06-09T01:31:21.057+0000] {logging_mixin.py:149} INFO - [2023-06-09T01:31:21.057+0000] {dagbag.py:541} INFO - Filling up the DagBag from /home/airflow/.local/lib/python3.7/site-packages/airflow/example_dags/example_nested_branch_dag.py
[2023-06-09T01:31:21.094+0000] {processor.py:836} INFO - DAG(s) dict_keys(['example_nested_branch_dag']) retrieved from /home/airflow/.local/lib/python3.7/site-packages/airflow/example_dags/example_nested_branch_dag.py
[2023-06-09T01:31:21.170+0000] {logging_mixin.py:149} INFO - [2023-06-09T01:31:21.169+0000] {dag.py:2726} INFO - Sync 1 DAGs
[2023-06-09T01:31:21.218+0000] {logging_mixin.py:149} INFO - [2023-06-09T01:31:21.218+0000] {dag.py:3490} INFO - Setting next_dagrun for example_nested_branch_dag to 2023-06-08T00:00:00+00:00, run_after=2023-06-09T00:00:00+00:00
[2023-06-09T01:31:21.238+0000] {processor.py:179} INFO - Processing /home/airflow/.local/lib/python3.7/site-packages/airflow/example_dags/example_nested_branch_dag.py took 0.204 seconds
[2023-06-09T01:31:52.134+0000] {processor.py:157} INFO - Started process (PID=765) to work on /home/airflow/.local/lib/python3.7/site-packages/airflow/example_dags/example_nested_branch_dag.py
[2023-06-09T01:31:52.136+0000] {processor.py:826} INFO - Processing file /home/airflow/.local/lib/python3.7/site-packages/airflow/example_dags/example_nested_branch_dag.py for tasks to queue
[2023-06-09T01:31:52.138+0000] {logging_mixin.py:149} INFO - [2023-06-09T01:31:52.138+0000] {dagbag.py:541} INFO - Filling up the DagBag from /home/airflow/.local/lib/python3.7/site-packages/airflow/example_dags/example_nested_branch_dag.py
[2023-06-09T01:31:52.151+0000] {processor.py:836} INFO - DAG(s) dict_keys(['example_nested_branch_dag']) retrieved from /home/airflow/.local/lib/python3.7/site-packages/airflow/example_dags/example_nested_branch_dag.py
[2023-06-09T01:31:52.190+0000] {logging_mixin.py:149} INFO - [2023-06-09T01:31:52.190+0000] {dag.py:2726} INFO - Sync 1 DAGs
[2023-06-09T01:31:52.218+0000] {logging_mixin.py:149} INFO - [2023-06-09T01:31:52.217+0000] {dag.py:3490} INFO - Setting next_dagrun for example_nested_branch_dag to 2023-06-08T00:00:00+00:00, run_after=2023-06-09T00:00:00+00:00
[2023-06-09T01:31:52.233+0000] {processor.py:179} INFO - Processing /home/airflow/.local/lib/python3.7/site-packages/airflow/example_dags/example_nested_branch_dag.py took 0.105 seconds
[2023-06-09T01:32:22.406+0000] {processor.py:157} INFO - Started process (PID=821) to work on /home/airflow/.local/lib/python3.7/site-packages/airflow/example_dags/example_nested_branch_dag.py
[2023-06-09T01:32:22.407+0000] {processor.py:826} INFO - Processing file /home/airflow/.local/lib/python3.7/site-packages/airflow/example_dags/example_nested_branch_dag.py for tasks to queue
[2023-06-09T01:32:22.408+0000] {logging_mixin.py:149} INFO - [2023-06-09T01:32:22.408+0000] {dagbag.py:541} INFO - Filling up the DagBag from /home/airflow/.local/lib/python3.7/site-packages/airflow/example_dags/example_nested_branch_dag.py
[2023-06-09T01:32:22.420+0000] {processor.py:836} INFO - DAG(s) dict_keys(['example_nested_branch_dag']) retrieved from /home/airflow/.local/lib/python3.7/site-packages/airflow/example_dags/example_nested_branch_dag.py
[2023-06-09T01:32:22.442+0000] {logging_mixin.py:149} INFO - [2023-06-09T01:32:22.442+0000] {dag.py:2726} INFO - Sync 1 DAGs
[2023-06-09T01:32:22.459+0000] {logging_mixin.py:149} INFO - [2023-06-09T01:32:22.459+0000] {dag.py:3490} INFO - Setting next_dagrun for example_nested_branch_dag to 2023-06-08T00:00:00+00:00, run_after=2023-06-09T00:00:00+00:00
[2023-06-09T01:32:22.470+0000] {processor.py:179} INFO - Processing /home/airflow/.local/lib/python3.7/site-packages/airflow/example_dags/example_nested_branch_dag.py took 0.069 seconds
[2023-06-09T01:32:52.537+0000] {processor.py:157} INFO - Started process (PID=877) to work on /home/airflow/.local/lib/python3.7/site-packages/airflow/example_dags/example_nested_branch_dag.py
[2023-06-09T01:32:52.539+0000] {processor.py:826} INFO - Processing file /home/airflow/.local/lib/python3.7/site-packages/airflow/example_dags/example_nested_branch_dag.py for tasks to queue
[2023-06-09T01:32:52.541+0000] {logging_mixin.py:149} INFO - [2023-06-09T01:32:52.540+0000] {dagbag.py:541} INFO - Filling up the DagBag from /home/airflow/.local/lib/python3.7/site-packages/airflow/example_dags/example_nested_branch_dag.py
[2023-06-09T01:32:52.557+0000] {processor.py:836} INFO - DAG(s) dict_keys(['example_nested_branch_dag']) retrieved from /home/airflow/.local/lib/python3.7/site-packages/airflow/example_dags/example_nested_branch_dag.py
[2023-06-09T01:32:52.587+0000] {logging_mixin.py:149} INFO - [2023-06-09T01:32:52.587+0000] {dag.py:2726} INFO - Sync 1 DAGs
[2023-06-09T01:32:52.608+0000] {logging_mixin.py:149} INFO - [2023-06-09T01:32:52.608+0000] {dag.py:3490} INFO - Setting next_dagrun for example_nested_branch_dag to 2023-06-08T00:00:00+00:00, run_after=2023-06-09T00:00:00+00:00
[2023-06-09T01:32:52.619+0000] {processor.py:179} INFO - Processing /home/airflow/.local/lib/python3.7/site-packages/airflow/example_dags/example_nested_branch_dag.py took 0.086 seconds
[2023-06-09T01:33:22.753+0000] {processor.py:157} INFO - Started process (PID=933) to work on /home/airflow/.local/lib/python3.7/site-packages/airflow/example_dags/example_nested_branch_dag.py
[2023-06-09T01:33:22.755+0000] {processor.py:826} INFO - Processing file /home/airflow/.local/lib/python3.7/site-packages/airflow/example_dags/example_nested_branch_dag.py for tasks to queue
[2023-06-09T01:33:22.756+0000] {logging_mixin.py:149} INFO - [2023-06-09T01:33:22.756+0000] {dagbag.py:541} INFO - Filling up the DagBag from /home/airflow/.local/lib/python3.7/site-packages/airflow/example_dags/example_nested_branch_dag.py
[2023-06-09T01:33:22.767+0000] {processor.py:836} INFO - DAG(s) dict_keys(['example_nested_branch_dag']) retrieved from /home/airflow/.local/lib/python3.7/site-packages/airflow/example_dags/example_nested_branch_dag.py
[2023-06-09T01:33:22.792+0000] {logging_mixin.py:149} INFO - [2023-06-09T01:33:22.792+0000] {dag.py:2726} INFO - Sync 1 DAGs
[2023-06-09T01:33:22.809+0000] {logging_mixin.py:149} INFO - [2023-06-09T01:33:22.808+0000] {dag.py:3490} INFO - Setting next_dagrun for example_nested_branch_dag to 2023-06-08T00:00:00+00:00, run_after=2023-06-09T00:00:00+00:00
[2023-06-09T01:33:22.821+0000] {processor.py:179} INFO - Processing /home/airflow/.local/lib/python3.7/site-packages/airflow/example_dags/example_nested_branch_dag.py took 0.072 seconds
[2023-06-09T01:33:52.919+0000] {processor.py:157} INFO - Started process (PID=989) to work on /home/airflow/.local/lib/python3.7/site-packages/airflow/example_dags/example_nested_branch_dag.py
[2023-06-09T01:33:52.921+0000] {processor.py:826} INFO - Processing file /home/airflow/.local/lib/python3.7/site-packages/airflow/example_dags/example_nested_branch_dag.py for tasks to queue
[2023-06-09T01:33:52.923+0000] {logging_mixin.py:149} INFO - [2023-06-09T01:33:52.922+0000] {dagbag.py:541} INFO - Filling up the DagBag from /home/airflow/.local/lib/python3.7/site-packages/airflow/example_dags/example_nested_branch_dag.py
[2023-06-09T01:33:52.934+0000] {processor.py:836} INFO - DAG(s) dict_keys(['example_nested_branch_dag']) retrieved from /home/airflow/.local/lib/python3.7/site-packages/airflow/example_dags/example_nested_branch_dag.py
[2023-06-09T01:33:52.959+0000] {logging_mixin.py:149} INFO - [2023-06-09T01:33:52.959+0000] {dag.py:2726} INFO - Sync 1 DAGs
[2023-06-09T01:33:52.977+0000] {logging_mixin.py:149} INFO - [2023-06-09T01:33:52.976+0000] {dag.py:3490} INFO - Setting next_dagrun for example_nested_branch_dag to 2023-06-08T00:00:00+00:00, run_after=2023-06-09T00:00:00+00:00
[2023-06-09T01:33:52.988+0000] {processor.py:179} INFO - Processing /home/airflow/.local/lib/python3.7/site-packages/airflow/example_dags/example_nested_branch_dag.py took 0.075 seconds
[2023-06-09T01:34:23.173+0000] {processor.py:157} INFO - Started process (PID=1045) to work on /home/airflow/.local/lib/python3.7/site-packages/airflow/example_dags/example_nested_branch_dag.py
[2023-06-09T01:34:23.175+0000] {processor.py:826} INFO - Processing file /home/airflow/.local/lib/python3.7/site-packages/airflow/example_dags/example_nested_branch_dag.py for tasks to queue
[2023-06-09T01:34:23.176+0000] {logging_mixin.py:149} INFO - [2023-06-09T01:34:23.176+0000] {dagbag.py:541} INFO - Filling up the DagBag from /home/airflow/.local/lib/python3.7/site-packages/airflow/example_dags/example_nested_branch_dag.py
[2023-06-09T01:34:23.186+0000] {processor.py:836} INFO - DAG(s) dict_keys(['example_nested_branch_dag']) retrieved from /home/airflow/.local/lib/python3.7/site-packages/airflow/example_dags/example_nested_branch_dag.py
[2023-06-09T01:34:23.230+0000] {logging_mixin.py:149} INFO - [2023-06-09T01:34:23.229+0000] {dag.py:2726} INFO - Sync 1 DAGs
[2023-06-09T01:34:23.258+0000] {logging_mixin.py:149} INFO - [2023-06-09T01:34:23.258+0000] {dag.py:3490} INFO - Setting next_dagrun for example_nested_branch_dag to 2023-06-08T00:00:00+00:00, run_after=2023-06-09T00:00:00+00:00
[2023-06-09T01:34:23.277+0000] {processor.py:179} INFO - Processing /home/airflow/.local/lib/python3.7/site-packages/airflow/example_dags/example_nested_branch_dag.py took 0.107 seconds
[2023-06-09T01:34:53.735+0000] {processor.py:157} INFO - Started process (PID=1101) to work on /home/airflow/.local/lib/python3.7/site-packages/airflow/example_dags/example_nested_branch_dag.py
[2023-06-09T01:34:53.737+0000] {processor.py:826} INFO - Processing file /home/airflow/.local/lib/python3.7/site-packages/airflow/example_dags/example_nested_branch_dag.py for tasks to queue
[2023-06-09T01:34:53.739+0000] {logging_mixin.py:149} INFO - [2023-06-09T01:34:53.739+0000] {dagbag.py:541} INFO - Filling up the DagBag from /home/airflow/.local/lib/python3.7/site-packages/airflow/example_dags/example_nested_branch_dag.py
[2023-06-09T01:34:53.752+0000] {processor.py:836} INFO - DAG(s) dict_keys(['example_nested_branch_dag']) retrieved from /home/airflow/.local/lib/python3.7/site-packages/airflow/example_dags/example_nested_branch_dag.py
[2023-06-09T01:34:53.782+0000] {logging_mixin.py:149} INFO - [2023-06-09T01:34:53.781+0000] {dag.py:2726} INFO - Sync 1 DAGs
[2023-06-09T01:34:53.810+0000] {logging_mixin.py:149} INFO - [2023-06-09T01:34:53.809+0000] {dag.py:3490} INFO - Setting next_dagrun for example_nested_branch_dag to 2023-06-08T00:00:00+00:00, run_after=2023-06-09T00:00:00+00:00
[2023-06-09T01:34:53.826+0000] {processor.py:179} INFO - Processing /home/airflow/.local/lib/python3.7/site-packages/airflow/example_dags/example_nested_branch_dag.py took 0.099 seconds
[2023-06-09T01:35:24.474+0000] {processor.py:157} INFO - Started process (PID=1157) to work on /home/airflow/.local/lib/python3.7/site-packages/airflow/example_dags/example_nested_branch_dag.py
[2023-06-09T01:35:24.477+0000] {processor.py:826} INFO - Processing file /home/airflow/.local/lib/python3.7/site-packages/airflow/example_dags/example_nested_branch_dag.py for tasks to queue
[2023-06-09T01:35:24.479+0000] {logging_mixin.py:149} INFO - [2023-06-09T01:35:24.479+0000] {dagbag.py:541} INFO - Filling up the DagBag from /home/airflow/.local/lib/python3.7/site-packages/airflow/example_dags/example_nested_branch_dag.py
[2023-06-09T01:35:24.494+0000] {processor.py:836} INFO - DAG(s) dict_keys(['example_nested_branch_dag']) retrieved from /home/airflow/.local/lib/python3.7/site-packages/airflow/example_dags/example_nested_branch_dag.py
[2023-06-09T01:35:24.522+0000] {logging_mixin.py:149} INFO - [2023-06-09T01:35:24.522+0000] {dag.py:2726} INFO - Sync 1 DAGs
[2023-06-09T01:35:24.545+0000] {logging_mixin.py:149} INFO - [2023-06-09T01:35:24.545+0000] {dag.py:3490} INFO - Setting next_dagrun for example_nested_branch_dag to 2023-06-08T00:00:00+00:00, run_after=2023-06-09T00:00:00+00:00
[2023-06-09T01:35:24.561+0000] {processor.py:179} INFO - Processing /home/airflow/.local/lib/python3.7/site-packages/airflow/example_dags/example_nested_branch_dag.py took 0.095 seconds
[2023-06-09T01:35:54.664+0000] {processor.py:157} INFO - Started process (PID=1213) to work on /home/airflow/.local/lib/python3.7/site-packages/airflow/example_dags/example_nested_branch_dag.py
[2023-06-09T01:35:54.666+0000] {processor.py:826} INFO - Processing file /home/airflow/.local/lib/python3.7/site-packages/airflow/example_dags/example_nested_branch_dag.py for tasks to queue
[2023-06-09T01:35:54.668+0000] {logging_mixin.py:149} INFO - [2023-06-09T01:35:54.668+0000] {dagbag.py:541} INFO - Filling up the DagBag from /home/airflow/.local/lib/python3.7/site-packages/airflow/example_dags/example_nested_branch_dag.py
[2023-06-09T01:35:54.682+0000] {processor.py:836} INFO - DAG(s) dict_keys(['example_nested_branch_dag']) retrieved from /home/airflow/.local/lib/python3.7/site-packages/airflow/example_dags/example_nested_branch_dag.py
[2023-06-09T01:35:54.709+0000] {logging_mixin.py:149} INFO - [2023-06-09T01:35:54.709+0000] {dag.py:2726} INFO - Sync 1 DAGs
[2023-06-09T01:35:54.729+0000] {logging_mixin.py:149} INFO - [2023-06-09T01:35:54.729+0000] {dag.py:3490} INFO - Setting next_dagrun for example_nested_branch_dag to 2023-06-08T00:00:00+00:00, run_after=2023-06-09T00:00:00+00:00
[2023-06-09T01:35:54.742+0000] {processor.py:179} INFO - Processing /home/airflow/.local/lib/python3.7/site-packages/airflow/example_dags/example_nested_branch_dag.py took 0.086 seconds
[2023-06-09T01:36:25.660+0000] {processor.py:157} INFO - Started process (PID=1269) to work on /home/airflow/.local/lib/python3.7/site-packages/airflow/example_dags/example_nested_branch_dag.py
[2023-06-09T01:36:25.662+0000] {processor.py:826} INFO - Processing file /home/airflow/.local/lib/python3.7/site-packages/airflow/example_dags/example_nested_branch_dag.py for tasks to queue
[2023-06-09T01:36:25.663+0000] {logging_mixin.py:149} INFO - [2023-06-09T01:36:25.663+0000] {dagbag.py:541} INFO - Filling up the DagBag from /home/airflow/.local/lib/python3.7/site-packages/airflow/example_dags/example_nested_branch_dag.py
[2023-06-09T01:36:25.677+0000] {processor.py:836} INFO - DAG(s) dict_keys(['example_nested_branch_dag']) retrieved from /home/airflow/.local/lib/python3.7/site-packages/airflow/example_dags/example_nested_branch_dag.py
[2023-06-09T01:36:25.700+0000] {logging_mixin.py:149} INFO - [2023-06-09T01:36:25.700+0000] {dag.py:2726} INFO - Sync 1 DAGs
[2023-06-09T01:36:25.716+0000] {logging_mixin.py:149} INFO - [2023-06-09T01:36:25.716+0000] {dag.py:3490} INFO - Setting next_dagrun for example_nested_branch_dag to 2023-06-08T00:00:00+00:00, run_after=2023-06-09T00:00:00+00:00
[2023-06-09T01:36:25.734+0000] {processor.py:179} INFO - Processing /home/airflow/.local/lib/python3.7/site-packages/airflow/example_dags/example_nested_branch_dag.py took 0.081 seconds
[2023-06-09T01:36:56.126+0000] {processor.py:157} INFO - Started process (PID=1325) to work on /home/airflow/.local/lib/python3.7/site-packages/airflow/example_dags/example_nested_branch_dag.py
[2023-06-09T01:36:56.128+0000] {processor.py:826} INFO - Processing file /home/airflow/.local/lib/python3.7/site-packages/airflow/example_dags/example_nested_branch_dag.py for tasks to queue
[2023-06-09T01:36:56.131+0000] {logging_mixin.py:149} INFO - [2023-06-09T01:36:56.131+0000] {dagbag.py:541} INFO - Filling up the DagBag from /home/airflow/.local/lib/python3.7/site-packages/airflow/example_dags/example_nested_branch_dag.py
[2023-06-09T01:36:56.146+0000] {processor.py:836} INFO - DAG(s) dict_keys(['example_nested_branch_dag']) retrieved from /home/airflow/.local/lib/python3.7/site-packages/airflow/example_dags/example_nested_branch_dag.py
[2023-06-09T01:36:56.173+0000] {logging_mixin.py:149} INFO - [2023-06-09T01:36:56.173+0000] {dag.py:2726} INFO - Sync 1 DAGs
[2023-06-09T01:36:56.191+0000] {logging_mixin.py:149} INFO - [2023-06-09T01:36:56.191+0000] {dag.py:3490} INFO - Setting next_dagrun for example_nested_branch_dag to 2023-06-08T00:00:00+00:00, run_after=2023-06-09T00:00:00+00:00
[2023-06-09T01:36:56.205+0000] {processor.py:179} INFO - Processing /home/airflow/.local/lib/python3.7/site-packages/airflow/example_dags/example_nested_branch_dag.py took 0.087 seconds
[2023-06-09T01:37:26.850+0000] {processor.py:157} INFO - Started process (PID=1381) to work on /home/airflow/.local/lib/python3.7/site-packages/airflow/example_dags/example_nested_branch_dag.py
[2023-06-09T01:37:26.853+0000] {processor.py:826} INFO - Processing file /home/airflow/.local/lib/python3.7/site-packages/airflow/example_dags/example_nested_branch_dag.py for tasks to queue
[2023-06-09T01:37:26.854+0000] {logging_mixin.py:149} INFO - [2023-06-09T01:37:26.854+0000] {dagbag.py:541} INFO - Filling up the DagBag from /home/airflow/.local/lib/python3.7/site-packages/airflow/example_dags/example_nested_branch_dag.py
[2023-06-09T01:37:26.867+0000] {processor.py:836} INFO - DAG(s) dict_keys(['example_nested_branch_dag']) retrieved from /home/airflow/.local/lib/python3.7/site-packages/airflow/example_dags/example_nested_branch_dag.py
[2023-06-09T01:37:26.894+0000] {logging_mixin.py:149} INFO - [2023-06-09T01:37:26.894+0000] {dag.py:2726} INFO - Sync 1 DAGs
[2023-06-09T01:37:26.911+0000] {logging_mixin.py:149} INFO - [2023-06-09T01:37:26.911+0000] {dag.py:3490} INFO - Setting next_dagrun for example_nested_branch_dag to 2023-06-08T00:00:00+00:00, run_after=2023-06-09T00:00:00+00:00
[2023-06-09T01:37:26.925+0000] {processor.py:179} INFO - Processing /home/airflow/.local/lib/python3.7/site-packages/airflow/example_dags/example_nested_branch_dag.py took 0.082 seconds
[2023-06-09T01:37:57.320+0000] {processor.py:157} INFO - Started process (PID=1436) to work on /home/airflow/.local/lib/python3.7/site-packages/airflow/example_dags/example_nested_branch_dag.py
[2023-06-09T01:37:57.323+0000] {processor.py:826} INFO - Processing file /home/airflow/.local/lib/python3.7/site-packages/airflow/example_dags/example_nested_branch_dag.py for tasks to queue
[2023-06-09T01:37:57.324+0000] {logging_mixin.py:149} INFO - [2023-06-09T01:37:57.324+0000] {dagbag.py:541} INFO - Filling up the DagBag from /home/airflow/.local/lib/python3.7/site-packages/airflow/example_dags/example_nested_branch_dag.py
[2023-06-09T01:37:57.339+0000] {processor.py:836} INFO - DAG(s) dict_keys(['example_nested_branch_dag']) retrieved from /home/airflow/.local/lib/python3.7/site-packages/airflow/example_dags/example_nested_branch_dag.py
[2023-06-09T01:37:57.364+0000] {logging_mixin.py:149} INFO - [2023-06-09T01:37:57.363+0000] {dag.py:2726} INFO - Sync 1 DAGs
[2023-06-09T01:37:57.383+0000] {logging_mixin.py:149} INFO - [2023-06-09T01:37:57.383+0000] {dag.py:3490} INFO - Setting next_dagrun for example_nested_branch_dag to 2023-06-08T00:00:00+00:00, run_after=2023-06-09T00:00:00+00:00
[2023-06-09T01:37:57.395+0000] {processor.py:179} INFO - Processing /home/airflow/.local/lib/python3.7/site-packages/airflow/example_dags/example_nested_branch_dag.py took 0.082 seconds
[2023-06-09T01:38:27.939+0000] {processor.py:157} INFO - Started process (PID=1492) to work on /home/airflow/.local/lib/python3.7/site-packages/airflow/example_dags/example_nested_branch_dag.py
[2023-06-09T01:38:27.942+0000] {processor.py:826} INFO - Processing file /home/airflow/.local/lib/python3.7/site-packages/airflow/example_dags/example_nested_branch_dag.py for tasks to queue
[2023-06-09T01:38:27.943+0000] {logging_mixin.py:149} INFO - [2023-06-09T01:38:27.943+0000] {dagbag.py:541} INFO - Filling up the DagBag from /home/airflow/.local/lib/python3.7/site-packages/airflow/example_dags/example_nested_branch_dag.py
[2023-06-09T01:38:27.956+0000] {processor.py:836} INFO - DAG(s) dict_keys(['example_nested_branch_dag']) retrieved from /home/airflow/.local/lib/python3.7/site-packages/airflow/example_dags/example_nested_branch_dag.py
[2023-06-09T01:38:27.984+0000] {logging_mixin.py:149} INFO - [2023-06-09T01:38:27.984+0000] {dag.py:2726} INFO - Sync 1 DAGs
[2023-06-09T01:38:28.003+0000] {logging_mixin.py:149} INFO - [2023-06-09T01:38:28.003+0000] {dag.py:3490} INFO - Setting next_dagrun for example_nested_branch_dag to 2023-06-08T00:00:00+00:00, run_after=2023-06-09T00:00:00+00:00
[2023-06-09T01:38:28.017+0000] {processor.py:179} INFO - Processing /home/airflow/.local/lib/python3.7/site-packages/airflow/example_dags/example_nested_branch_dag.py took 0.084 seconds
[2023-06-09T01:38:58.076+0000] {processor.py:157} INFO - Started process (PID=1548) to work on /home/airflow/.local/lib/python3.7/site-packages/airflow/example_dags/example_nested_branch_dag.py
[2023-06-09T01:38:58.078+0000] {processor.py:826} INFO - Processing file /home/airflow/.local/lib/python3.7/site-packages/airflow/example_dags/example_nested_branch_dag.py for tasks to queue
[2023-06-09T01:38:58.080+0000] {logging_mixin.py:149} INFO - [2023-06-09T01:38:58.080+0000] {dagbag.py:541} INFO - Filling up the DagBag from /home/airflow/.local/lib/python3.7/site-packages/airflow/example_dags/example_nested_branch_dag.py
[2023-06-09T01:38:58.093+0000] {processor.py:836} INFO - DAG(s) dict_keys(['example_nested_branch_dag']) retrieved from /home/airflow/.local/lib/python3.7/site-packages/airflow/example_dags/example_nested_branch_dag.py
[2023-06-09T01:38:58.119+0000] {logging_mixin.py:149} INFO - [2023-06-09T01:38:58.119+0000] {dag.py:2726} INFO - Sync 1 DAGs
[2023-06-09T01:38:58.136+0000] {logging_mixin.py:149} INFO - [2023-06-09T01:38:58.136+0000] {dag.py:3490} INFO - Setting next_dagrun for example_nested_branch_dag to 2023-06-08T00:00:00+00:00, run_after=2023-06-09T00:00:00+00:00
[2023-06-09T01:38:58.148+0000] {processor.py:179} INFO - Processing /home/airflow/.local/lib/python3.7/site-packages/airflow/example_dags/example_nested_branch_dag.py took 0.077 seconds
[2023-06-09T01:39:28.329+0000] {processor.py:157} INFO - Started process (PID=1604) to work on /home/airflow/.local/lib/python3.7/site-packages/airflow/example_dags/example_nested_branch_dag.py
[2023-06-09T01:39:28.331+0000] {processor.py:826} INFO - Processing file /home/airflow/.local/lib/python3.7/site-packages/airflow/example_dags/example_nested_branch_dag.py for tasks to queue
[2023-06-09T01:39:28.332+0000] {logging_mixin.py:149} INFO - [2023-06-09T01:39:28.332+0000] {dagbag.py:541} INFO - Filling up the DagBag from /home/airflow/.local/lib/python3.7/site-packages/airflow/example_dags/example_nested_branch_dag.py
[2023-06-09T01:39:28.348+0000] {processor.py:836} INFO - DAG(s) dict_keys(['example_nested_branch_dag']) retrieved from /home/airflow/.local/lib/python3.7/site-packages/airflow/example_dags/example_nested_branch_dag.py
[2023-06-09T01:39:28.378+0000] {logging_mixin.py:149} INFO - [2023-06-09T01:39:28.378+0000] {dag.py:2726} INFO - Sync 1 DAGs
[2023-06-09T01:39:28.400+0000] {logging_mixin.py:149} INFO - [2023-06-09T01:39:28.400+0000] {dag.py:3490} INFO - Setting next_dagrun for example_nested_branch_dag to 2023-06-08T00:00:00+00:00, run_after=2023-06-09T00:00:00+00:00
[2023-06-09T01:39:28.413+0000] {processor.py:179} INFO - Processing /home/airflow/.local/lib/python3.7/site-packages/airflow/example_dags/example_nested_branch_dag.py took 0.090 seconds
[2023-06-09T01:39:58.618+0000] {processor.py:157} INFO - Started process (PID=1661) to work on /home/airflow/.local/lib/python3.7/site-packages/airflow/example_dags/example_nested_branch_dag.py
[2023-06-09T01:39:58.628+0000] {processor.py:826} INFO - Processing file /home/airflow/.local/lib/python3.7/site-packages/airflow/example_dags/example_nested_branch_dag.py for tasks to queue
[2023-06-09T01:39:58.634+0000] {logging_mixin.py:149} INFO - [2023-06-09T01:39:58.634+0000] {dagbag.py:541} INFO - Filling up the DagBag from /home/airflow/.local/lib/python3.7/site-packages/airflow/example_dags/example_nested_branch_dag.py
[2023-06-09T01:39:58.648+0000] {processor.py:836} INFO - DAG(s) dict_keys(['example_nested_branch_dag']) retrieved from /home/airflow/.local/lib/python3.7/site-packages/airflow/example_dags/example_nested_branch_dag.py
[2023-06-09T01:39:58.672+0000] {logging_mixin.py:149} INFO - [2023-06-09T01:39:58.672+0000] {dag.py:2726} INFO - Sync 1 DAGs
[2023-06-09T01:39:58.690+0000] {logging_mixin.py:149} INFO - [2023-06-09T01:39:58.690+0000] {dag.py:3490} INFO - Setting next_dagrun for example_nested_branch_dag to 2023-06-08T00:00:00+00:00, run_after=2023-06-09T00:00:00+00:00
[2023-06-09T01:39:58.705+0000] {processor.py:179} INFO - Processing /home/airflow/.local/lib/python3.7/site-packages/airflow/example_dags/example_nested_branch_dag.py took 0.094 seconds
[2023-06-09T01:40:28.922+0000] {processor.py:157} INFO - Started process (PID=1717) to work on /home/airflow/.local/lib/python3.7/site-packages/airflow/example_dags/example_nested_branch_dag.py
[2023-06-09T01:40:28.925+0000] {processor.py:826} INFO - Processing file /home/airflow/.local/lib/python3.7/site-packages/airflow/example_dags/example_nested_branch_dag.py for tasks to queue
[2023-06-09T01:40:28.926+0000] {logging_mixin.py:149} INFO - [2023-06-09T01:40:28.926+0000] {dagbag.py:541} INFO - Filling up the DagBag from /home/airflow/.local/lib/python3.7/site-packages/airflow/example_dags/example_nested_branch_dag.py
[2023-06-09T01:40:28.938+0000] {processor.py:836} INFO - DAG(s) dict_keys(['example_nested_branch_dag']) retrieved from /home/airflow/.local/lib/python3.7/site-packages/airflow/example_dags/example_nested_branch_dag.py
[2023-06-09T01:40:28.963+0000] {logging_mixin.py:149} INFO - [2023-06-09T01:40:28.963+0000] {dag.py:2726} INFO - Sync 1 DAGs
[2023-06-09T01:40:28.980+0000] {logging_mixin.py:149} INFO - [2023-06-09T01:40:28.980+0000] {dag.py:3490} INFO - Setting next_dagrun for example_nested_branch_dag to 2023-06-08T00:00:00+00:00, run_after=2023-06-09T00:00:00+00:00
[2023-06-09T01:40:28.992+0000] {processor.py:179} INFO - Processing /home/airflow/.local/lib/python3.7/site-packages/airflow/example_dags/example_nested_branch_dag.py took 0.075 seconds
[2023-06-09T01:40:59.608+0000] {processor.py:157} INFO - Started process (PID=1773) to work on /home/airflow/.local/lib/python3.7/site-packages/airflow/example_dags/example_nested_branch_dag.py
[2023-06-09T01:40:59.610+0000] {processor.py:826} INFO - Processing file /home/airflow/.local/lib/python3.7/site-packages/airflow/example_dags/example_nested_branch_dag.py for tasks to queue
[2023-06-09T01:40:59.612+0000] {logging_mixin.py:149} INFO - [2023-06-09T01:40:59.612+0000] {dagbag.py:541} INFO - Filling up the DagBag from /home/airflow/.local/lib/python3.7/site-packages/airflow/example_dags/example_nested_branch_dag.py
[2023-06-09T01:40:59.627+0000] {processor.py:836} INFO - DAG(s) dict_keys(['example_nested_branch_dag']) retrieved from /home/airflow/.local/lib/python3.7/site-packages/airflow/example_dags/example_nested_branch_dag.py
[2023-06-09T01:40:59.650+0000] {logging_mixin.py:149} INFO - [2023-06-09T01:40:59.650+0000] {dag.py:2726} INFO - Sync 1 DAGs
[2023-06-09T01:40:59.667+0000] {logging_mixin.py:149} INFO - [2023-06-09T01:40:59.667+0000] {dag.py:3490} INFO - Setting next_dagrun for example_nested_branch_dag to 2023-06-08T00:00:00+00:00, run_after=2023-06-09T00:00:00+00:00
[2023-06-09T01:40:59.680+0000] {processor.py:179} INFO - Processing /home/airflow/.local/lib/python3.7/site-packages/airflow/example_dags/example_nested_branch_dag.py took 0.079 seconds
[2023-06-09T01:41:30.613+0000] {processor.py:157} INFO - Started process (PID=1830) to work on /home/airflow/.local/lib/python3.7/site-packages/airflow/example_dags/example_nested_branch_dag.py
[2023-06-09T01:41:30.617+0000] {processor.py:826} INFO - Processing file /home/airflow/.local/lib/python3.7/site-packages/airflow/example_dags/example_nested_branch_dag.py for tasks to queue
[2023-06-09T01:41:30.618+0000] {logging_mixin.py:149} INFO - [2023-06-09T01:41:30.618+0000] {dagbag.py:541} INFO - Filling up the DagBag from /home/airflow/.local/lib/python3.7/site-packages/airflow/example_dags/example_nested_branch_dag.py
[2023-06-09T01:41:30.632+0000] {processor.py:836} INFO - DAG(s) dict_keys(['example_nested_branch_dag']) retrieved from /home/airflow/.local/lib/python3.7/site-packages/airflow/example_dags/example_nested_branch_dag.py
[2023-06-09T01:41:30.658+0000] {logging_mixin.py:149} INFO - [2023-06-09T01:41:30.658+0000] {dag.py:2726} INFO - Sync 1 DAGs
[2023-06-09T01:41:30.675+0000] {logging_mixin.py:149} INFO - [2023-06-09T01:41:30.675+0000] {dag.py:3490} INFO - Setting next_dagrun for example_nested_branch_dag to 2023-06-08T00:00:00+00:00, run_after=2023-06-09T00:00:00+00:00
[2023-06-09T01:41:30.688+0000] {processor.py:179} INFO - Processing /home/airflow/.local/lib/python3.7/site-packages/airflow/example_dags/example_nested_branch_dag.py took 0.081 seconds
[2023-06-09T01:42:01.194+0000] {processor.py:157} INFO - Started process (PID=1886) to work on /home/airflow/.local/lib/python3.7/site-packages/airflow/example_dags/example_nested_branch_dag.py
[2023-06-09T01:42:01.197+0000] {processor.py:826} INFO - Processing file /home/airflow/.local/lib/python3.7/site-packages/airflow/example_dags/example_nested_branch_dag.py for tasks to queue
[2023-06-09T01:42:01.198+0000] {logging_mixin.py:149} INFO - [2023-06-09T01:42:01.198+0000] {dagbag.py:541} INFO - Filling up the DagBag from /home/airflow/.local/lib/python3.7/site-packages/airflow/example_dags/example_nested_branch_dag.py
[2023-06-09T01:42:01.212+0000] {processor.py:836} INFO - DAG(s) dict_keys(['example_nested_branch_dag']) retrieved from /home/airflow/.local/lib/python3.7/site-packages/airflow/example_dags/example_nested_branch_dag.py
[2023-06-09T01:42:01.237+0000] {logging_mixin.py:149} INFO - [2023-06-09T01:42:01.237+0000] {dag.py:2726} INFO - Sync 1 DAGs
[2023-06-09T01:42:01.255+0000] {logging_mixin.py:149} INFO - [2023-06-09T01:42:01.255+0000] {dag.py:3490} INFO - Setting next_dagrun for example_nested_branch_dag to 2023-06-08T00:00:00+00:00, run_after=2023-06-09T00:00:00+00:00
[2023-06-09T01:42:01.271+0000] {processor.py:179} INFO - Processing /home/airflow/.local/lib/python3.7/site-packages/airflow/example_dags/example_nested_branch_dag.py took 0.083 seconds
[2023-06-09T01:42:31.700+0000] {processor.py:157} INFO - Started process (PID=1941) to work on /home/airflow/.local/lib/python3.7/site-packages/airflow/example_dags/example_nested_branch_dag.py
[2023-06-09T01:42:31.702+0000] {processor.py:826} INFO - Processing file /home/airflow/.local/lib/python3.7/site-packages/airflow/example_dags/example_nested_branch_dag.py for tasks to queue
[2023-06-09T01:42:31.704+0000] {logging_mixin.py:149} INFO - [2023-06-09T01:42:31.704+0000] {dagbag.py:541} INFO - Filling up the DagBag from /home/airflow/.local/lib/python3.7/site-packages/airflow/example_dags/example_nested_branch_dag.py
[2023-06-09T01:42:31.717+0000] {processor.py:836} INFO - DAG(s) dict_keys(['example_nested_branch_dag']) retrieved from /home/airflow/.local/lib/python3.7/site-packages/airflow/example_dags/example_nested_branch_dag.py
[2023-06-09T01:42:31.744+0000] {logging_mixin.py:149} INFO - [2023-06-09T01:42:31.743+0000] {dag.py:2726} INFO - Sync 1 DAGs
[2023-06-09T01:42:31.762+0000] {logging_mixin.py:149} INFO - [2023-06-09T01:42:31.762+0000] {dag.py:3490} INFO - Setting next_dagrun for example_nested_branch_dag to 2023-06-08T00:00:00+00:00, run_after=2023-06-09T00:00:00+00:00
[2023-06-09T01:42:31.775+0000] {processor.py:179} INFO - Processing /home/airflow/.local/lib/python3.7/site-packages/airflow/example_dags/example_nested_branch_dag.py took 0.082 seconds
[2023-06-09T01:43:02.651+0000] {processor.py:157} INFO - Started process (PID=1997) to work on /home/airflow/.local/lib/python3.7/site-packages/airflow/example_dags/example_nested_branch_dag.py
[2023-06-09T01:43:02.658+0000] {processor.py:826} INFO - Processing file /home/airflow/.local/lib/python3.7/site-packages/airflow/example_dags/example_nested_branch_dag.py for tasks to queue
[2023-06-09T01:43:02.660+0000] {logging_mixin.py:149} INFO - [2023-06-09T01:43:02.660+0000] {dagbag.py:541} INFO - Filling up the DagBag from /home/airflow/.local/lib/python3.7/site-packages/airflow/example_dags/example_nested_branch_dag.py
[2023-06-09T01:43:02.679+0000] {processor.py:836} INFO - DAG(s) dict_keys(['example_nested_branch_dag']) retrieved from /home/airflow/.local/lib/python3.7/site-packages/airflow/example_dags/example_nested_branch_dag.py
[2023-06-09T01:43:02.714+0000] {logging_mixin.py:149} INFO - [2023-06-09T01:43:02.714+0000] {dag.py:2726} INFO - Sync 1 DAGs
[2023-06-09T01:43:02.741+0000] {logging_mixin.py:149} INFO - [2023-06-09T01:43:02.741+0000] {dag.py:3490} INFO - Setting next_dagrun for example_nested_branch_dag to 2023-06-08T00:00:00+00:00, run_after=2023-06-09T00:00:00+00:00
[2023-06-09T01:43:02.756+0000] {processor.py:179} INFO - Processing /home/airflow/.local/lib/python3.7/site-packages/airflow/example_dags/example_nested_branch_dag.py took 0.116 seconds
[2023-06-09T01:43:32.874+0000] {processor.py:157} INFO - Started process (PID=2053) to work on /home/airflow/.local/lib/python3.7/site-packages/airflow/example_dags/example_nested_branch_dag.py
[2023-06-09T01:43:32.876+0000] {processor.py:826} INFO - Processing file /home/airflow/.local/lib/python3.7/site-packages/airflow/example_dags/example_nested_branch_dag.py for tasks to queue
[2023-06-09T01:43:32.880+0000] {logging_mixin.py:149} INFO - [2023-06-09T01:43:32.880+0000] {dagbag.py:541} INFO - Filling up the DagBag from /home/airflow/.local/lib/python3.7/site-packages/airflow/example_dags/example_nested_branch_dag.py
[2023-06-09T01:43:32.897+0000] {processor.py:836} INFO - DAG(s) dict_keys(['example_nested_branch_dag']) retrieved from /home/airflow/.local/lib/python3.7/site-packages/airflow/example_dags/example_nested_branch_dag.py
[2023-06-09T01:43:32.965+0000] {logging_mixin.py:149} INFO - [2023-06-09T01:43:32.965+0000] {dag.py:2726} INFO - Sync 1 DAGs
[2023-06-09T01:43:32.999+0000] {logging_mixin.py:149} INFO - [2023-06-09T01:43:32.999+0000] {dag.py:3490} INFO - Setting next_dagrun for example_nested_branch_dag to 2023-06-08T00:00:00+00:00, run_after=2023-06-09T00:00:00+00:00
[2023-06-09T01:43:33.013+0000] {processor.py:179} INFO - Processing /home/airflow/.local/lib/python3.7/site-packages/airflow/example_dags/example_nested_branch_dag.py took 0.146 seconds
[2023-06-09T01:44:03.219+0000] {processor.py:157} INFO - Started process (PID=2109) to work on /home/airflow/.local/lib/python3.7/site-packages/airflow/example_dags/example_nested_branch_dag.py
[2023-06-09T01:44:03.220+0000] {processor.py:826} INFO - Processing file /home/airflow/.local/lib/python3.7/site-packages/airflow/example_dags/example_nested_branch_dag.py for tasks to queue
[2023-06-09T01:44:03.221+0000] {logging_mixin.py:149} INFO - [2023-06-09T01:44:03.221+0000] {dagbag.py:541} INFO - Filling up the DagBag from /home/airflow/.local/lib/python3.7/site-packages/airflow/example_dags/example_nested_branch_dag.py
[2023-06-09T01:44:03.230+0000] {processor.py:836} INFO - DAG(s) dict_keys(['example_nested_branch_dag']) retrieved from /home/airflow/.local/lib/python3.7/site-packages/airflow/example_dags/example_nested_branch_dag.py
[2023-06-09T01:44:03.260+0000] {logging_mixin.py:149} INFO - [2023-06-09T01:44:03.260+0000] {dag.py:2726} INFO - Sync 1 DAGs
[2023-06-09T01:44:03.285+0000] {logging_mixin.py:149} INFO - [2023-06-09T01:44:03.285+0000] {dag.py:3490} INFO - Setting next_dagrun for example_nested_branch_dag to 2023-06-08T00:00:00+00:00, run_after=2023-06-09T00:00:00+00:00
[2023-06-09T01:44:03.302+0000] {processor.py:179} INFO - Processing /home/airflow/.local/lib/python3.7/site-packages/airflow/example_dags/example_nested_branch_dag.py took 0.087 seconds
[2023-06-09T01:44:33.464+0000] {processor.py:157} INFO - Started process (PID=2166) to work on /home/airflow/.local/lib/python3.7/site-packages/airflow/example_dags/example_nested_branch_dag.py
[2023-06-09T01:44:33.472+0000] {processor.py:826} INFO - Processing file /home/airflow/.local/lib/python3.7/site-packages/airflow/example_dags/example_nested_branch_dag.py for tasks to queue
[2023-06-09T01:44:33.473+0000] {logging_mixin.py:149} INFO - [2023-06-09T01:44:33.473+0000] {dagbag.py:541} INFO - Filling up the DagBag from /home/airflow/.local/lib/python3.7/site-packages/airflow/example_dags/example_nested_branch_dag.py
[2023-06-09T01:44:33.492+0000] {processor.py:836} INFO - DAG(s) dict_keys(['example_nested_branch_dag']) retrieved from /home/airflow/.local/lib/python3.7/site-packages/airflow/example_dags/example_nested_branch_dag.py
[2023-06-09T01:44:33.536+0000] {logging_mixin.py:149} INFO - [2023-06-09T01:44:33.536+0000] {dag.py:2726} INFO - Sync 1 DAGs
[2023-06-09T01:44:33.562+0000] {logging_mixin.py:149} INFO - [2023-06-09T01:44:33.561+0000] {dag.py:3490} INFO - Setting next_dagrun for example_nested_branch_dag to 2023-06-08T00:00:00+00:00, run_after=2023-06-09T00:00:00+00:00
[2023-06-09T01:44:33.576+0000] {processor.py:179} INFO - Processing /home/airflow/.local/lib/python3.7/site-packages/airflow/example_dags/example_nested_branch_dag.py took 0.120 seconds
[2023-06-09T01:45:03.862+0000] {processor.py:157} INFO - Started process (PID=2222) to work on /home/airflow/.local/lib/python3.7/site-packages/airflow/example_dags/example_nested_branch_dag.py
[2023-06-09T01:45:03.864+0000] {processor.py:826} INFO - Processing file /home/airflow/.local/lib/python3.7/site-packages/airflow/example_dags/example_nested_branch_dag.py for tasks to queue
[2023-06-09T01:45:03.865+0000] {logging_mixin.py:149} INFO - [2023-06-09T01:45:03.865+0000] {dagbag.py:541} INFO - Filling up the DagBag from /home/airflow/.local/lib/python3.7/site-packages/airflow/example_dags/example_nested_branch_dag.py
[2023-06-09T01:45:03.878+0000] {processor.py:836} INFO - DAG(s) dict_keys(['example_nested_branch_dag']) retrieved from /home/airflow/.local/lib/python3.7/site-packages/airflow/example_dags/example_nested_branch_dag.py
[2023-06-09T01:45:03.904+0000] {logging_mixin.py:149} INFO - [2023-06-09T01:45:03.904+0000] {dag.py:2726} INFO - Sync 1 DAGs
[2023-06-09T01:45:03.926+0000] {logging_mixin.py:149} INFO - [2023-06-09T01:45:03.926+0000] {dag.py:3490} INFO - Setting next_dagrun for example_nested_branch_dag to 2023-06-08T00:00:00+00:00, run_after=2023-06-09T00:00:00+00:00
[2023-06-09T01:45:03.939+0000] {processor.py:179} INFO - Processing /home/airflow/.local/lib/python3.7/site-packages/airflow/example_dags/example_nested_branch_dag.py took 0.082 seconds
[2023-06-09T01:45:34.061+0000] {processor.py:157} INFO - Started process (PID=2279) to work on /home/airflow/.local/lib/python3.7/site-packages/airflow/example_dags/example_nested_branch_dag.py
[2023-06-09T01:45:34.063+0000] {processor.py:826} INFO - Processing file /home/airflow/.local/lib/python3.7/site-packages/airflow/example_dags/example_nested_branch_dag.py for tasks to queue
[2023-06-09T01:45:34.063+0000] {logging_mixin.py:149} INFO - [2023-06-09T01:45:34.063+0000] {dagbag.py:541} INFO - Filling up the DagBag from /home/airflow/.local/lib/python3.7/site-packages/airflow/example_dags/example_nested_branch_dag.py
[2023-06-09T01:45:34.071+0000] {processor.py:836} INFO - DAG(s) dict_keys(['example_nested_branch_dag']) retrieved from /home/airflow/.local/lib/python3.7/site-packages/airflow/example_dags/example_nested_branch_dag.py
[2023-06-09T01:45:34.091+0000] {logging_mixin.py:149} INFO - [2023-06-09T01:45:34.091+0000] {dag.py:2726} INFO - Sync 1 DAGs
[2023-06-09T01:45:34.107+0000] {logging_mixin.py:149} INFO - [2023-06-09T01:45:34.107+0000] {dag.py:3490} INFO - Setting next_dagrun for example_nested_branch_dag to 2023-06-08T00:00:00+00:00, run_after=2023-06-09T00:00:00+00:00
[2023-06-09T01:45:34.119+0000] {processor.py:179} INFO - Processing /home/airflow/.local/lib/python3.7/site-packages/airflow/example_dags/example_nested_branch_dag.py took 0.061 seconds
[2023-06-09T01:46:04.668+0000] {processor.py:157} INFO - Started process (PID=2335) to work on /home/airflow/.local/lib/python3.7/site-packages/airflow/example_dags/example_nested_branch_dag.py
[2023-06-09T01:46:04.670+0000] {processor.py:826} INFO - Processing file /home/airflow/.local/lib/python3.7/site-packages/airflow/example_dags/example_nested_branch_dag.py for tasks to queue
[2023-06-09T01:46:04.671+0000] {logging_mixin.py:149} INFO - [2023-06-09T01:46:04.671+0000] {dagbag.py:541} INFO - Filling up the DagBag from /home/airflow/.local/lib/python3.7/site-packages/airflow/example_dags/example_nested_branch_dag.py
[2023-06-09T01:46:04.683+0000] {processor.py:836} INFO - DAG(s) dict_keys(['example_nested_branch_dag']) retrieved from /home/airflow/.local/lib/python3.7/site-packages/airflow/example_dags/example_nested_branch_dag.py
[2023-06-09T01:46:04.709+0000] {logging_mixin.py:149} INFO - [2023-06-09T01:46:04.709+0000] {dag.py:2726} INFO - Sync 1 DAGs
[2023-06-09T01:46:04.727+0000] {logging_mixin.py:149} INFO - [2023-06-09T01:46:04.727+0000] {dag.py:3490} INFO - Setting next_dagrun for example_nested_branch_dag to 2023-06-08T00:00:00+00:00, run_after=2023-06-09T00:00:00+00:00
[2023-06-09T01:46:04.740+0000] {processor.py:179} INFO - Processing /home/airflow/.local/lib/python3.7/site-packages/airflow/example_dags/example_nested_branch_dag.py took 0.078 seconds
[2023-06-09T01:46:35.071+0000] {processor.py:157} INFO - Started process (PID=2392) to work on /home/airflow/.local/lib/python3.7/site-packages/airflow/example_dags/example_nested_branch_dag.py
[2023-06-09T01:46:35.073+0000] {processor.py:826} INFO - Processing file /home/airflow/.local/lib/python3.7/site-packages/airflow/example_dags/example_nested_branch_dag.py for tasks to queue
[2023-06-09T01:46:35.075+0000] {logging_mixin.py:149} INFO - [2023-06-09T01:46:35.074+0000] {dagbag.py:541} INFO - Filling up the DagBag from /home/airflow/.local/lib/python3.7/site-packages/airflow/example_dags/example_nested_branch_dag.py
[2023-06-09T01:46:35.087+0000] {processor.py:836} INFO - DAG(s) dict_keys(['example_nested_branch_dag']) retrieved from /home/airflow/.local/lib/python3.7/site-packages/airflow/example_dags/example_nested_branch_dag.py
[2023-06-09T01:46:35.113+0000] {logging_mixin.py:149} INFO - [2023-06-09T01:46:35.113+0000] {dag.py:2726} INFO - Sync 1 DAGs
[2023-06-09T01:46:35.133+0000] {logging_mixin.py:149} INFO - [2023-06-09T01:46:35.133+0000] {dag.py:3490} INFO - Setting next_dagrun for example_nested_branch_dag to 2023-06-08T00:00:00+00:00, run_after=2023-06-09T00:00:00+00:00
[2023-06-09T01:46:35.147+0000] {processor.py:179} INFO - Processing /home/airflow/.local/lib/python3.7/site-packages/airflow/example_dags/example_nested_branch_dag.py took 0.082 seconds
[2023-06-09T01:47:05.772+0000] {processor.py:157} INFO - Started process (PID=2447) to work on /home/airflow/.local/lib/python3.7/site-packages/airflow/example_dags/example_nested_branch_dag.py
[2023-06-09T01:47:05.775+0000] {processor.py:826} INFO - Processing file /home/airflow/.local/lib/python3.7/site-packages/airflow/example_dags/example_nested_branch_dag.py for tasks to queue
[2023-06-09T01:47:05.777+0000] {logging_mixin.py:149} INFO - [2023-06-09T01:47:05.777+0000] {dagbag.py:541} INFO - Filling up the DagBag from /home/airflow/.local/lib/python3.7/site-packages/airflow/example_dags/example_nested_branch_dag.py
[2023-06-09T01:47:05.796+0000] {processor.py:836} INFO - DAG(s) dict_keys(['example_nested_branch_dag']) retrieved from /home/airflow/.local/lib/python3.7/site-packages/airflow/example_dags/example_nested_branch_dag.py
[2023-06-09T01:47:05.830+0000] {logging_mixin.py:149} INFO - [2023-06-09T01:47:05.830+0000] {dag.py:2726} INFO - Sync 1 DAGs
[2023-06-09T01:47:05.852+0000] {logging_mixin.py:149} INFO - [2023-06-09T01:47:05.852+0000] {dag.py:3490} INFO - Setting next_dagrun for example_nested_branch_dag to 2023-06-08T00:00:00+00:00, run_after=2023-06-09T00:00:00+00:00
[2023-06-09T01:47:05.865+0000] {processor.py:179} INFO - Processing /home/airflow/.local/lib/python3.7/site-packages/airflow/example_dags/example_nested_branch_dag.py took 0.108 seconds
[2023-06-09T01:47:36.380+0000] {processor.py:157} INFO - Started process (PID=2503) to work on /home/airflow/.local/lib/python3.7/site-packages/airflow/example_dags/example_nested_branch_dag.py
[2023-06-09T01:47:36.382+0000] {processor.py:826} INFO - Processing file /home/airflow/.local/lib/python3.7/site-packages/airflow/example_dags/example_nested_branch_dag.py for tasks to queue
[2023-06-09T01:47:36.386+0000] {logging_mixin.py:149} INFO - [2023-06-09T01:47:36.385+0000] {dagbag.py:541} INFO - Filling up the DagBag from /home/airflow/.local/lib/python3.7/site-packages/airflow/example_dags/example_nested_branch_dag.py
[2023-06-09T01:47:36.409+0000] {processor.py:836} INFO - DAG(s) dict_keys(['example_nested_branch_dag']) retrieved from /home/airflow/.local/lib/python3.7/site-packages/airflow/example_dags/example_nested_branch_dag.py
[2023-06-09T01:47:36.445+0000] {logging_mixin.py:149} INFO - [2023-06-09T01:47:36.445+0000] {dag.py:2726} INFO - Sync 1 DAGs
[2023-06-09T01:47:36.465+0000] {logging_mixin.py:149} INFO - [2023-06-09T01:47:36.465+0000] {dag.py:3490} INFO - Setting next_dagrun for example_nested_branch_dag to 2023-06-08T00:00:00+00:00, run_after=2023-06-09T00:00:00+00:00
[2023-06-09T01:47:36.479+0000] {processor.py:179} INFO - Processing /home/airflow/.local/lib/python3.7/site-packages/airflow/example_dags/example_nested_branch_dag.py took 0.106 seconds
[2023-06-09T01:48:07.143+0000] {processor.py:157} INFO - Started process (PID=2560) to work on /home/airflow/.local/lib/python3.7/site-packages/airflow/example_dags/example_nested_branch_dag.py
[2023-06-09T01:48:07.146+0000] {processor.py:826} INFO - Processing file /home/airflow/.local/lib/python3.7/site-packages/airflow/example_dags/example_nested_branch_dag.py for tasks to queue
[2023-06-09T01:48:07.147+0000] {logging_mixin.py:149} INFO - [2023-06-09T01:48:07.147+0000] {dagbag.py:541} INFO - Filling up the DagBag from /home/airflow/.local/lib/python3.7/site-packages/airflow/example_dags/example_nested_branch_dag.py
[2023-06-09T01:48:07.158+0000] {processor.py:836} INFO - DAG(s) dict_keys(['example_nested_branch_dag']) retrieved from /home/airflow/.local/lib/python3.7/site-packages/airflow/example_dags/example_nested_branch_dag.py
[2023-06-09T01:48:07.183+0000] {logging_mixin.py:149} INFO - [2023-06-09T01:48:07.183+0000] {dag.py:2726} INFO - Sync 1 DAGs
[2023-06-09T01:48:07.199+0000] {logging_mixin.py:149} INFO - [2023-06-09T01:48:07.199+0000] {dag.py:3490} INFO - Setting next_dagrun for example_nested_branch_dag to 2023-06-08T00:00:00+00:00, run_after=2023-06-09T00:00:00+00:00
[2023-06-09T01:48:07.212+0000] {processor.py:179} INFO - Processing /home/airflow/.local/lib/python3.7/site-packages/airflow/example_dags/example_nested_branch_dag.py took 0.073 seconds
[2023-06-09T01:48:37.460+0000] {processor.py:157} INFO - Started process (PID=2616) to work on /home/airflow/.local/lib/python3.7/site-packages/airflow/example_dags/example_nested_branch_dag.py
[2023-06-09T01:48:37.462+0000] {processor.py:826} INFO - Processing file /home/airflow/.local/lib/python3.7/site-packages/airflow/example_dags/example_nested_branch_dag.py for tasks to queue
[2023-06-09T01:48:37.464+0000] {logging_mixin.py:149} INFO - [2023-06-09T01:48:37.464+0000] {dagbag.py:541} INFO - Filling up the DagBag from /home/airflow/.local/lib/python3.7/site-packages/airflow/example_dags/example_nested_branch_dag.py
[2023-06-09T01:48:37.476+0000] {processor.py:836} INFO - DAG(s) dict_keys(['example_nested_branch_dag']) retrieved from /home/airflow/.local/lib/python3.7/site-packages/airflow/example_dags/example_nested_branch_dag.py
[2023-06-09T01:48:37.502+0000] {logging_mixin.py:149} INFO - [2023-06-09T01:48:37.502+0000] {dag.py:2726} INFO - Sync 1 DAGs
[2023-06-09T01:48:37.522+0000] {logging_mixin.py:149} INFO - [2023-06-09T01:48:37.522+0000] {dag.py:3490} INFO - Setting next_dagrun for example_nested_branch_dag to 2023-06-08T00:00:00+00:00, run_after=2023-06-09T00:00:00+00:00
[2023-06-09T01:48:37.537+0000] {processor.py:179} INFO - Processing /home/airflow/.local/lib/python3.7/site-packages/airflow/example_dags/example_nested_branch_dag.py took 0.082 seconds
[2023-06-09T01:49:07.612+0000] {processor.py:157} INFO - Started process (PID=2672) to work on /home/airflow/.local/lib/python3.7/site-packages/airflow/example_dags/example_nested_branch_dag.py
[2023-06-09T01:49:07.615+0000] {processor.py:826} INFO - Processing file /home/airflow/.local/lib/python3.7/site-packages/airflow/example_dags/example_nested_branch_dag.py for tasks to queue
[2023-06-09T01:49:07.617+0000] {logging_mixin.py:149} INFO - [2023-06-09T01:49:07.616+0000] {dagbag.py:541} INFO - Filling up the DagBag from /home/airflow/.local/lib/python3.7/site-packages/airflow/example_dags/example_nested_branch_dag.py
[2023-06-09T01:49:07.630+0000] {processor.py:836} INFO - DAG(s) dict_keys(['example_nested_branch_dag']) retrieved from /home/airflow/.local/lib/python3.7/site-packages/airflow/example_dags/example_nested_branch_dag.py
[2023-06-09T01:49:07.654+0000] {logging_mixin.py:149} INFO - [2023-06-09T01:49:07.654+0000] {dag.py:2726} INFO - Sync 1 DAGs
[2023-06-09T01:49:07.671+0000] {logging_mixin.py:149} INFO - [2023-06-09T01:49:07.670+0000] {dag.py:3490} INFO - Setting next_dagrun for example_nested_branch_dag to 2023-06-08T00:00:00+00:00, run_after=2023-06-09T00:00:00+00:00
[2023-06-09T01:49:07.684+0000] {processor.py:179} INFO - Processing /home/airflow/.local/lib/python3.7/site-packages/airflow/example_dags/example_nested_branch_dag.py took 0.077 seconds
[2023-06-09T01:49:37.921+0000] {processor.py:157} INFO - Started process (PID=2727) to work on /home/airflow/.local/lib/python3.7/site-packages/airflow/example_dags/example_nested_branch_dag.py
[2023-06-09T01:49:37.924+0000] {processor.py:826} INFO - Processing file /home/airflow/.local/lib/python3.7/site-packages/airflow/example_dags/example_nested_branch_dag.py for tasks to queue
[2023-06-09T01:49:37.926+0000] {logging_mixin.py:149} INFO - [2023-06-09T01:49:37.926+0000] {dagbag.py:541} INFO - Filling up the DagBag from /home/airflow/.local/lib/python3.7/site-packages/airflow/example_dags/example_nested_branch_dag.py
[2023-06-09T01:49:37.936+0000] {processor.py:836} INFO - DAG(s) dict_keys(['example_nested_branch_dag']) retrieved from /home/airflow/.local/lib/python3.7/site-packages/airflow/example_dags/example_nested_branch_dag.py
[2023-06-09T01:49:37.958+0000] {logging_mixin.py:149} INFO - [2023-06-09T01:49:37.957+0000] {dag.py:2726} INFO - Sync 1 DAGs
[2023-06-09T01:49:37.975+0000] {logging_mixin.py:149} INFO - [2023-06-09T01:49:37.975+0000] {dag.py:3490} INFO - Setting next_dagrun for example_nested_branch_dag to 2023-06-08T00:00:00+00:00, run_after=2023-06-09T00:00:00+00:00
[2023-06-09T01:49:37.988+0000] {processor.py:179} INFO - Processing /home/airflow/.local/lib/python3.7/site-packages/airflow/example_dags/example_nested_branch_dag.py took 0.071 seconds
[2023-06-09T01:50:08.574+0000] {processor.py:157} INFO - Started process (PID=2783) to work on /home/airflow/.local/lib/python3.7/site-packages/airflow/example_dags/example_nested_branch_dag.py
[2023-06-09T01:50:08.576+0000] {processor.py:826} INFO - Processing file /home/airflow/.local/lib/python3.7/site-packages/airflow/example_dags/example_nested_branch_dag.py for tasks to queue
[2023-06-09T01:50:08.578+0000] {logging_mixin.py:149} INFO - [2023-06-09T01:50:08.577+0000] {dagbag.py:541} INFO - Filling up the DagBag from /home/airflow/.local/lib/python3.7/site-packages/airflow/example_dags/example_nested_branch_dag.py
[2023-06-09T01:50:08.592+0000] {processor.py:836} INFO - DAG(s) dict_keys(['example_nested_branch_dag']) retrieved from /home/airflow/.local/lib/python3.7/site-packages/airflow/example_dags/example_nested_branch_dag.py
[2023-06-09T01:50:08.619+0000] {logging_mixin.py:149} INFO - [2023-06-09T01:50:08.619+0000] {dag.py:2726} INFO - Sync 1 DAGs
[2023-06-09T01:50:08.642+0000] {logging_mixin.py:149} INFO - [2023-06-09T01:50:08.642+0000] {dag.py:3490} INFO - Setting next_dagrun for example_nested_branch_dag to 2023-06-08T00:00:00+00:00, run_after=2023-06-09T00:00:00+00:00
[2023-06-09T01:50:08.656+0000] {processor.py:179} INFO - Processing /home/airflow/.local/lib/python3.7/site-packages/airflow/example_dags/example_nested_branch_dag.py took 0.089 seconds
[2023-06-09T01:50:38.827+0000] {processor.py:157} INFO - Started process (PID=2839) to work on /home/airflow/.local/lib/python3.7/site-packages/airflow/example_dags/example_nested_branch_dag.py
[2023-06-09T01:50:38.829+0000] {processor.py:826} INFO - Processing file /home/airflow/.local/lib/python3.7/site-packages/airflow/example_dags/example_nested_branch_dag.py for tasks to queue
[2023-06-09T01:50:38.830+0000] {logging_mixin.py:149} INFO - [2023-06-09T01:50:38.830+0000] {dagbag.py:541} INFO - Filling up the DagBag from /home/airflow/.local/lib/python3.7/site-packages/airflow/example_dags/example_nested_branch_dag.py
[2023-06-09T01:50:38.840+0000] {processor.py:836} INFO - DAG(s) dict_keys(['example_nested_branch_dag']) retrieved from /home/airflow/.local/lib/python3.7/site-packages/airflow/example_dags/example_nested_branch_dag.py
[2023-06-09T01:50:38.870+0000] {logging_mixin.py:149} INFO - [2023-06-09T01:50:38.870+0000] {dag.py:2726} INFO - Sync 1 DAGs
[2023-06-09T01:50:38.894+0000] {logging_mixin.py:149} INFO - [2023-06-09T01:50:38.894+0000] {dag.py:3490} INFO - Setting next_dagrun for example_nested_branch_dag to 2023-06-08T00:00:00+00:00, run_after=2023-06-09T00:00:00+00:00
[2023-06-09T01:50:38.920+0000] {processor.py:179} INFO - Processing /home/airflow/.local/lib/python3.7/site-packages/airflow/example_dags/example_nested_branch_dag.py took 0.097 seconds
[2023-06-09T01:51:09.071+0000] {processor.py:157} INFO - Started process (PID=2894) to work on /home/airflow/.local/lib/python3.7/site-packages/airflow/example_dags/example_nested_branch_dag.py
[2023-06-09T01:51:09.073+0000] {processor.py:826} INFO - Processing file /home/airflow/.local/lib/python3.7/site-packages/airflow/example_dags/example_nested_branch_dag.py for tasks to queue
[2023-06-09T01:51:09.075+0000] {logging_mixin.py:149} INFO - [2023-06-09T01:51:09.074+0000] {dagbag.py:541} INFO - Filling up the DagBag from /home/airflow/.local/lib/python3.7/site-packages/airflow/example_dags/example_nested_branch_dag.py
[2023-06-09T01:51:09.087+0000] {processor.py:836} INFO - DAG(s) dict_keys(['example_nested_branch_dag']) retrieved from /home/airflow/.local/lib/python3.7/site-packages/airflow/example_dags/example_nested_branch_dag.py
[2023-06-09T01:51:09.111+0000] {logging_mixin.py:149} INFO - [2023-06-09T01:51:09.111+0000] {dag.py:2726} INFO - Sync 1 DAGs
[2023-06-09T01:51:09.128+0000] {logging_mixin.py:149} INFO - [2023-06-09T01:51:09.128+0000] {dag.py:3490} INFO - Setting next_dagrun for example_nested_branch_dag to 2023-06-08T00:00:00+00:00, run_after=2023-06-09T00:00:00+00:00
[2023-06-09T01:51:09.139+0000] {processor.py:179} INFO - Processing /home/airflow/.local/lib/python3.7/site-packages/airflow/example_dags/example_nested_branch_dag.py took 0.072 seconds
[2023-06-09T01:51:39.410+0000] {processor.py:157} INFO - Started process (PID=2950) to work on /home/airflow/.local/lib/python3.7/site-packages/airflow/example_dags/example_nested_branch_dag.py
[2023-06-09T01:51:39.412+0000] {processor.py:826} INFO - Processing file /home/airflow/.local/lib/python3.7/site-packages/airflow/example_dags/example_nested_branch_dag.py for tasks to queue
[2023-06-09T01:51:39.413+0000] {logging_mixin.py:149} INFO - [2023-06-09T01:51:39.413+0000] {dagbag.py:541} INFO - Filling up the DagBag from /home/airflow/.local/lib/python3.7/site-packages/airflow/example_dags/example_nested_branch_dag.py
[2023-06-09T01:51:39.427+0000] {processor.py:836} INFO - DAG(s) dict_keys(['example_nested_branch_dag']) retrieved from /home/airflow/.local/lib/python3.7/site-packages/airflow/example_dags/example_nested_branch_dag.py
[2023-06-09T01:51:39.451+0000] {logging_mixin.py:149} INFO - [2023-06-09T01:51:39.451+0000] {dag.py:2726} INFO - Sync 1 DAGs
[2023-06-09T01:51:39.469+0000] {logging_mixin.py:149} INFO - [2023-06-09T01:51:39.469+0000] {dag.py:3490} INFO - Setting next_dagrun for example_nested_branch_dag to 2023-06-08T00:00:00+00:00, run_after=2023-06-09T00:00:00+00:00
[2023-06-09T01:51:39.483+0000] {processor.py:179} INFO - Processing /home/airflow/.local/lib/python3.7/site-packages/airflow/example_dags/example_nested_branch_dag.py took 0.080 seconds
[2023-06-09T01:52:09.625+0000] {processor.py:157} INFO - Started process (PID=3006) to work on /home/airflow/.local/lib/python3.7/site-packages/airflow/example_dags/example_nested_branch_dag.py
[2023-06-09T01:52:09.627+0000] {processor.py:826} INFO - Processing file /home/airflow/.local/lib/python3.7/site-packages/airflow/example_dags/example_nested_branch_dag.py for tasks to queue
[2023-06-09T01:52:09.628+0000] {logging_mixin.py:149} INFO - [2023-06-09T01:52:09.628+0000] {dagbag.py:541} INFO - Filling up the DagBag from /home/airflow/.local/lib/python3.7/site-packages/airflow/example_dags/example_nested_branch_dag.py
[2023-06-09T01:52:09.639+0000] {processor.py:836} INFO - DAG(s) dict_keys(['example_nested_branch_dag']) retrieved from /home/airflow/.local/lib/python3.7/site-packages/airflow/example_dags/example_nested_branch_dag.py
[2023-06-09T01:52:09.665+0000] {logging_mixin.py:149} INFO - [2023-06-09T01:52:09.665+0000] {dag.py:2726} INFO - Sync 1 DAGs
[2023-06-09T01:52:09.681+0000] {logging_mixin.py:149} INFO - [2023-06-09T01:52:09.681+0000] {dag.py:3490} INFO - Setting next_dagrun for example_nested_branch_dag to 2023-06-08T00:00:00+00:00, run_after=2023-06-09T00:00:00+00:00
[2023-06-09T01:52:09.695+0000] {processor.py:179} INFO - Processing /home/airflow/.local/lib/python3.7/site-packages/airflow/example_dags/example_nested_branch_dag.py took 0.076 seconds
[2023-06-09T01:52:40.266+0000] {processor.py:157} INFO - Started process (PID=3062) to work on /home/airflow/.local/lib/python3.7/site-packages/airflow/example_dags/example_nested_branch_dag.py
[2023-06-09T01:52:40.268+0000] {processor.py:826} INFO - Processing file /home/airflow/.local/lib/python3.7/site-packages/airflow/example_dags/example_nested_branch_dag.py for tasks to queue
[2023-06-09T01:52:40.270+0000] {logging_mixin.py:149} INFO - [2023-06-09T01:52:40.269+0000] {dagbag.py:541} INFO - Filling up the DagBag from /home/airflow/.local/lib/python3.7/site-packages/airflow/example_dags/example_nested_branch_dag.py
[2023-06-09T01:52:40.282+0000] {processor.py:836} INFO - DAG(s) dict_keys(['example_nested_branch_dag']) retrieved from /home/airflow/.local/lib/python3.7/site-packages/airflow/example_dags/example_nested_branch_dag.py
[2023-06-09T01:52:40.306+0000] {logging_mixin.py:149} INFO - [2023-06-09T01:52:40.306+0000] {dag.py:2726} INFO - Sync 1 DAGs
[2023-06-09T01:52:40.324+0000] {logging_mixin.py:149} INFO - [2023-06-09T01:52:40.324+0000] {dag.py:3490} INFO - Setting next_dagrun for example_nested_branch_dag to 2023-06-08T00:00:00+00:00, run_after=2023-06-09T00:00:00+00:00
[2023-06-09T01:52:40.337+0000] {processor.py:179} INFO - Processing /home/airflow/.local/lib/python3.7/site-packages/airflow/example_dags/example_nested_branch_dag.py took 0.075 seconds
[2023-06-09T01:53:49.616+0000] {processor.py:157} INFO - Started process (PID=36) to work on /home/airflow/.local/lib/python3.7/site-packages/airflow/example_dags/example_nested_branch_dag.py
[2023-06-09T01:53:49.619+0000] {processor.py:826} INFO - Processing file /home/airflow/.local/lib/python3.7/site-packages/airflow/example_dags/example_nested_branch_dag.py for tasks to queue
[2023-06-09T01:53:49.624+0000] {logging_mixin.py:149} INFO - [2023-06-09T01:53:49.624+0000] {dagbag.py:541} INFO - Filling up the DagBag from /home/airflow/.local/lib/python3.7/site-packages/airflow/example_dags/example_nested_branch_dag.py
[2023-06-09T01:53:49.637+0000] {processor.py:836} INFO - DAG(s) dict_keys(['example_nested_branch_dag']) retrieved from /home/airflow/.local/lib/python3.7/site-packages/airflow/example_dags/example_nested_branch_dag.py
[2023-06-09T01:53:49.658+0000] {logging_mixin.py:149} INFO - [2023-06-09T01:53:49.658+0000] {dag.py:2726} INFO - Sync 1 DAGs
[2023-06-09T01:53:49.685+0000] {logging_mixin.py:149} INFO - [2023-06-09T01:53:49.685+0000] {dag.py:3490} INFO - Setting next_dagrun for example_nested_branch_dag to 2023-06-08T00:00:00+00:00, run_after=2023-06-09T00:00:00+00:00
[2023-06-09T01:53:49.700+0000] {processor.py:179} INFO - Processing /home/airflow/.local/lib/python3.7/site-packages/airflow/example_dags/example_nested_branch_dag.py took 0.089 seconds
