[2023-06-09T01:25:20.892+0000] {processor.py:157} INFO - Started process (PID=52) to work on /home/airflow/.local/lib/python3.7/site-packages/airflow/example_dags/example_short_circuit_operator.py
[2023-06-09T01:25:20.896+0000] {processor.py:826} INFO - Processing file /home/airflow/.local/lib/python3.7/site-packages/airflow/example_dags/example_short_circuit_operator.py for tasks to queue
[2023-06-09T01:25:20.906+0000] {logging_mixin.py:149} INFO - [2023-06-09T01:25:20.906+0000] {dagbag.py:541} INFO - Filling up the DagBag from /home/airflow/.local/lib/python3.7/site-packages/airflow/example_dags/example_short_circuit_operator.py
[2023-06-09T01:25:21.073+0000] {processor.py:836} INFO - DAG(s) dict_keys(['example_short_circuit_operator']) retrieved from /home/airflow/.local/lib/python3.7/site-packages/airflow/example_dags/example_short_circuit_operator.py
[2023-06-09T01:25:22.014+0000] {logging_mixin.py:149} INFO - [2023-06-09T01:25:22.009+0000] {manager.py:504} INFO - Created Permission View: can delete on DAG:example_short_circuit_operator
[2023-06-09T01:25:22.143+0000] {logging_mixin.py:149} INFO - [2023-06-09T01:25:22.143+0000] {manager.py:504} INFO - Created Permission View: can edit on DAG:example_short_circuit_operator
[2023-06-09T01:25:22.191+0000] {logging_mixin.py:149} INFO - [2023-06-09T01:25:22.190+0000] {manager.py:504} INFO - Created Permission View: can read on DAG:example_short_circuit_operator
[2023-06-09T01:25:22.193+0000] {logging_mixin.py:149} INFO - [2023-06-09T01:25:22.193+0000] {dag.py:2726} INFO - Sync 1 DAGs
[2023-06-09T01:25:22.261+0000] {logging_mixin.py:149} INFO - [2023-06-09T01:25:22.260+0000] {dag.py:2747} INFO - Creating ORM DAG for example_short_circuit_operator
[2023-06-09T01:25:22.473+0000] {logging_mixin.py:149} INFO - [2023-06-09T01:25:22.473+0000] {dag.py:3490} INFO - Setting next_dagrun for example_short_circuit_operator to 2023-06-08T01:25:22.472800+00:00, run_after=2023-06-09T01:25:22.472800+00:00
[2023-06-09T01:25:22.744+0000] {processor.py:179} INFO - Processing /home/airflow/.local/lib/python3.7/site-packages/airflow/example_dags/example_short_circuit_operator.py took 1.905 seconds
[2023-06-09T01:25:53.547+0000] {processor.py:157} INFO - Started process (PID=108) to work on /home/airflow/.local/lib/python3.7/site-packages/airflow/example_dags/example_short_circuit_operator.py
[2023-06-09T01:25:53.604+0000] {processor.py:826} INFO - Processing file /home/airflow/.local/lib/python3.7/site-packages/airflow/example_dags/example_short_circuit_operator.py for tasks to queue
[2023-06-09T01:25:53.664+0000] {logging_mixin.py:149} INFO - [2023-06-09T01:25:53.660+0000] {dagbag.py:541} INFO - Filling up the DagBag from /home/airflow/.local/lib/python3.7/site-packages/airflow/example_dags/example_short_circuit_operator.py
[2023-06-09T01:25:53.798+0000] {processor.py:836} INFO - DAG(s) dict_keys(['example_short_circuit_operator']) retrieved from /home/airflow/.local/lib/python3.7/site-packages/airflow/example_dags/example_short_circuit_operator.py
[2023-06-09T01:25:54.105+0000] {logging_mixin.py:149} INFO - [2023-06-09T01:25:54.091+0000] {dag.py:2726} INFO - Sync 1 DAGs
[2023-06-09T01:25:54.457+0000] {logging_mixin.py:149} INFO - [2023-06-09T01:25:54.457+0000] {dag.py:3490} INFO - Setting next_dagrun for example_short_circuit_operator to 2023-06-08T01:25:54.455808+00:00, run_after=2023-06-09T01:25:54.455808+00:00
[2023-06-09T01:25:55.130+0000] {processor.py:179} INFO - Processing /home/airflow/.local/lib/python3.7/site-packages/airflow/example_dags/example_short_circuit_operator.py took 1.577 seconds
[2023-06-09T01:26:25.500+0000] {processor.py:157} INFO - Started process (PID=164) to work on /home/airflow/.local/lib/python3.7/site-packages/airflow/example_dags/example_short_circuit_operator.py
[2023-06-09T01:26:25.504+0000] {processor.py:826} INFO - Processing file /home/airflow/.local/lib/python3.7/site-packages/airflow/example_dags/example_short_circuit_operator.py for tasks to queue
[2023-06-09T01:26:25.506+0000] {logging_mixin.py:149} INFO - [2023-06-09T01:26:25.506+0000] {dagbag.py:541} INFO - Filling up the DagBag from /home/airflow/.local/lib/python3.7/site-packages/airflow/example_dags/example_short_circuit_operator.py
[2023-06-09T01:26:25.523+0000] {processor.py:836} INFO - DAG(s) dict_keys(['example_short_circuit_operator']) retrieved from /home/airflow/.local/lib/python3.7/site-packages/airflow/example_dags/example_short_circuit_operator.py
[2023-06-09T01:26:25.576+0000] {logging_mixin.py:149} INFO - [2023-06-09T01:26:25.576+0000] {dag.py:2726} INFO - Sync 1 DAGs
[2023-06-09T01:26:25.602+0000] {logging_mixin.py:149} INFO - [2023-06-09T01:26:25.602+0000] {dag.py:3490} INFO - Setting next_dagrun for example_short_circuit_operator to 2023-06-08T01:26:25.601740+00:00, run_after=2023-06-09T01:26:25.601740+00:00
[2023-06-09T01:26:25.676+0000] {processor.py:179} INFO - Processing /home/airflow/.local/lib/python3.7/site-packages/airflow/example_dags/example_short_circuit_operator.py took 0.187 seconds
[2023-06-09T01:26:55.874+0000] {processor.py:157} INFO - Started process (PID=220) to work on /home/airflow/.local/lib/python3.7/site-packages/airflow/example_dags/example_short_circuit_operator.py
[2023-06-09T01:26:55.876+0000] {processor.py:826} INFO - Processing file /home/airflow/.local/lib/python3.7/site-packages/airflow/example_dags/example_short_circuit_operator.py for tasks to queue
[2023-06-09T01:26:55.877+0000] {logging_mixin.py:149} INFO - [2023-06-09T01:26:55.877+0000] {dagbag.py:541} INFO - Filling up the DagBag from /home/airflow/.local/lib/python3.7/site-packages/airflow/example_dags/example_short_circuit_operator.py
[2023-06-09T01:26:55.889+0000] {processor.py:836} INFO - DAG(s) dict_keys(['example_short_circuit_operator']) retrieved from /home/airflow/.local/lib/python3.7/site-packages/airflow/example_dags/example_short_circuit_operator.py
[2023-06-09T01:26:55.938+0000] {logging_mixin.py:149} INFO - [2023-06-09T01:26:55.938+0000] {dag.py:2726} INFO - Sync 1 DAGs
[2023-06-09T01:26:55.962+0000] {logging_mixin.py:149} INFO - [2023-06-09T01:26:55.962+0000] {dag.py:3490} INFO - Setting next_dagrun for example_short_circuit_operator to 2023-06-08T01:26:55.962078+00:00, run_after=2023-06-09T01:26:55.962078+00:00
[2023-06-09T01:26:56.015+0000] {processor.py:179} INFO - Processing /home/airflow/.local/lib/python3.7/site-packages/airflow/example_dags/example_short_circuit_operator.py took 0.147 seconds
[2023-06-09T01:27:26.523+0000] {processor.py:157} INFO - Started process (PID=276) to work on /home/airflow/.local/lib/python3.7/site-packages/airflow/example_dags/example_short_circuit_operator.py
[2023-06-09T01:27:26.528+0000] {processor.py:826} INFO - Processing file /home/airflow/.local/lib/python3.7/site-packages/airflow/example_dags/example_short_circuit_operator.py for tasks to queue
[2023-06-09T01:27:26.531+0000] {logging_mixin.py:149} INFO - [2023-06-09T01:27:26.531+0000] {dagbag.py:541} INFO - Filling up the DagBag from /home/airflow/.local/lib/python3.7/site-packages/airflow/example_dags/example_short_circuit_operator.py
[2023-06-09T01:27:26.570+0000] {processor.py:836} INFO - DAG(s) dict_keys(['example_short_circuit_operator']) retrieved from /home/airflow/.local/lib/python3.7/site-packages/airflow/example_dags/example_short_circuit_operator.py
[2023-06-09T01:27:26.601+0000] {logging_mixin.py:149} INFO - [2023-06-09T01:27:26.601+0000] {dag.py:2726} INFO - Sync 1 DAGs
[2023-06-09T01:27:26.649+0000] {logging_mixin.py:149} INFO - [2023-06-09T01:27:26.649+0000] {dag.py:3490} INFO - Setting next_dagrun for example_short_circuit_operator to 2023-06-08T01:27:26.649212+00:00, run_after=2023-06-09T01:27:26.649212+00:00
[2023-06-09T01:27:26.664+0000] {processor.py:179} INFO - Processing /home/airflow/.local/lib/python3.7/site-packages/airflow/example_dags/example_short_circuit_operator.py took 0.153 seconds
[2023-06-09T01:27:57.198+0000] {processor.py:157} INFO - Started process (PID=332) to work on /home/airflow/.local/lib/python3.7/site-packages/airflow/example_dags/example_short_circuit_operator.py
[2023-06-09T01:27:57.202+0000] {processor.py:826} INFO - Processing file /home/airflow/.local/lib/python3.7/site-packages/airflow/example_dags/example_short_circuit_operator.py for tasks to queue
[2023-06-09T01:27:57.204+0000] {logging_mixin.py:149} INFO - [2023-06-09T01:27:57.204+0000] {dagbag.py:541} INFO - Filling up the DagBag from /home/airflow/.local/lib/python3.7/site-packages/airflow/example_dags/example_short_circuit_operator.py
[2023-06-09T01:27:57.218+0000] {processor.py:836} INFO - DAG(s) dict_keys(['example_short_circuit_operator']) retrieved from /home/airflow/.local/lib/python3.7/site-packages/airflow/example_dags/example_short_circuit_operator.py
[2023-06-09T01:27:57.260+0000] {logging_mixin.py:149} INFO - [2023-06-09T01:27:57.260+0000] {dag.py:2726} INFO - Sync 1 DAGs
[2023-06-09T01:27:57.280+0000] {logging_mixin.py:149} INFO - [2023-06-09T01:27:57.280+0000] {dag.py:3490} INFO - Setting next_dagrun for example_short_circuit_operator to 2023-06-08T01:27:57.279783+00:00, run_after=2023-06-09T01:27:57.279783+00:00
[2023-06-09T01:27:57.293+0000] {processor.py:179} INFO - Processing /home/airflow/.local/lib/python3.7/site-packages/airflow/example_dags/example_short_circuit_operator.py took 0.104 seconds
[2023-06-09T01:28:27.829+0000] {processor.py:157} INFO - Started process (PID=388) to work on /home/airflow/.local/lib/python3.7/site-packages/airflow/example_dags/example_short_circuit_operator.py
[2023-06-09T01:28:27.831+0000] {processor.py:826} INFO - Processing file /home/airflow/.local/lib/python3.7/site-packages/airflow/example_dags/example_short_circuit_operator.py for tasks to queue
[2023-06-09T01:28:27.832+0000] {logging_mixin.py:149} INFO - [2023-06-09T01:28:27.832+0000] {dagbag.py:541} INFO - Filling up the DagBag from /home/airflow/.local/lib/python3.7/site-packages/airflow/example_dags/example_short_circuit_operator.py
[2023-06-09T01:28:27.849+0000] {processor.py:836} INFO - DAG(s) dict_keys(['example_short_circuit_operator']) retrieved from /home/airflow/.local/lib/python3.7/site-packages/airflow/example_dags/example_short_circuit_operator.py
[2023-06-09T01:28:27.885+0000] {logging_mixin.py:149} INFO - [2023-06-09T01:28:27.885+0000] {dag.py:2726} INFO - Sync 1 DAGs
[2023-06-09T01:28:27.908+0000] {logging_mixin.py:149} INFO - [2023-06-09T01:28:27.908+0000] {dag.py:3490} INFO - Setting next_dagrun for example_short_circuit_operator to 2023-06-08T01:28:27.908159+00:00, run_after=2023-06-09T01:28:27.908159+00:00
[2023-06-09T01:28:27.924+0000] {processor.py:179} INFO - Processing /home/airflow/.local/lib/python3.7/site-packages/airflow/example_dags/example_short_circuit_operator.py took 0.102 seconds
[2023-06-09T01:28:57.979+0000] {processor.py:157} INFO - Started process (PID=444) to work on /home/airflow/.local/lib/python3.7/site-packages/airflow/example_dags/example_short_circuit_operator.py
[2023-06-09T01:28:57.981+0000] {processor.py:826} INFO - Processing file /home/airflow/.local/lib/python3.7/site-packages/airflow/example_dags/example_short_circuit_operator.py for tasks to queue
[2023-06-09T01:28:57.982+0000] {logging_mixin.py:149} INFO - [2023-06-09T01:28:57.981+0000] {dagbag.py:541} INFO - Filling up the DagBag from /home/airflow/.local/lib/python3.7/site-packages/airflow/example_dags/example_short_circuit_operator.py
[2023-06-09T01:28:57.989+0000] {processor.py:836} INFO - DAG(s) dict_keys(['example_short_circuit_operator']) retrieved from /home/airflow/.local/lib/python3.7/site-packages/airflow/example_dags/example_short_circuit_operator.py
[2023-06-09T01:28:58.012+0000] {logging_mixin.py:149} INFO - [2023-06-09T01:28:58.012+0000] {dag.py:2726} INFO - Sync 1 DAGs
[2023-06-09T01:28:58.030+0000] {logging_mixin.py:149} INFO - [2023-06-09T01:28:58.030+0000] {dag.py:3490} INFO - Setting next_dagrun for example_short_circuit_operator to 2023-06-08T01:28:58.029991+00:00, run_after=2023-06-09T01:28:58.029991+00:00
[2023-06-09T01:28:58.045+0000] {processor.py:179} INFO - Processing /home/airflow/.local/lib/python3.7/site-packages/airflow/example_dags/example_short_circuit_operator.py took 0.069 seconds
[2023-06-09T01:29:28.512+0000] {processor.py:157} INFO - Started process (PID=500) to work on /home/airflow/.local/lib/python3.7/site-packages/airflow/example_dags/example_short_circuit_operator.py
[2023-06-09T01:29:28.515+0000] {processor.py:826} INFO - Processing file /home/airflow/.local/lib/python3.7/site-packages/airflow/example_dags/example_short_circuit_operator.py for tasks to queue
[2023-06-09T01:29:28.516+0000] {logging_mixin.py:149} INFO - [2023-06-09T01:29:28.516+0000] {dagbag.py:541} INFO - Filling up the DagBag from /home/airflow/.local/lib/python3.7/site-packages/airflow/example_dags/example_short_circuit_operator.py
[2023-06-09T01:29:28.525+0000] {processor.py:836} INFO - DAG(s) dict_keys(['example_short_circuit_operator']) retrieved from /home/airflow/.local/lib/python3.7/site-packages/airflow/example_dags/example_short_circuit_operator.py
[2023-06-09T01:29:28.549+0000] {logging_mixin.py:149} INFO - [2023-06-09T01:29:28.549+0000] {dag.py:2726} INFO - Sync 1 DAGs
[2023-06-09T01:29:28.570+0000] {logging_mixin.py:149} INFO - [2023-06-09T01:29:28.570+0000] {dag.py:3490} INFO - Setting next_dagrun for example_short_circuit_operator to 2023-06-08T01:29:28.569578+00:00, run_after=2023-06-09T01:29:28.569578+00:00
[2023-06-09T01:29:28.582+0000] {processor.py:179} INFO - Processing /home/airflow/.local/lib/python3.7/site-packages/airflow/example_dags/example_short_circuit_operator.py took 0.077 seconds
[2023-06-09T01:29:59.083+0000] {processor.py:157} INFO - Started process (PID=556) to work on /home/airflow/.local/lib/python3.7/site-packages/airflow/example_dags/example_short_circuit_operator.py
[2023-06-09T01:29:59.086+0000] {processor.py:826} INFO - Processing file /home/airflow/.local/lib/python3.7/site-packages/airflow/example_dags/example_short_circuit_operator.py for tasks to queue
[2023-06-09T01:29:59.088+0000] {logging_mixin.py:149} INFO - [2023-06-09T01:29:59.088+0000] {dagbag.py:541} INFO - Filling up the DagBag from /home/airflow/.local/lib/python3.7/site-packages/airflow/example_dags/example_short_circuit_operator.py
[2023-06-09T01:29:59.109+0000] {processor.py:836} INFO - DAG(s) dict_keys(['example_short_circuit_operator']) retrieved from /home/airflow/.local/lib/python3.7/site-packages/airflow/example_dags/example_short_circuit_operator.py
[2023-06-09T01:29:59.170+0000] {logging_mixin.py:149} INFO - [2023-06-09T01:29:59.170+0000] {dag.py:2726} INFO - Sync 1 DAGs
[2023-06-09T01:29:59.205+0000] {logging_mixin.py:149} INFO - [2023-06-09T01:29:59.204+0000] {dag.py:3490} INFO - Setting next_dagrun for example_short_circuit_operator to 2023-06-08T01:29:59.204331+00:00, run_after=2023-06-09T01:29:59.204331+00:00
[2023-06-09T01:29:59.222+0000] {processor.py:179} INFO - Processing /home/airflow/.local/lib/python3.7/site-packages/airflow/example_dags/example_short_circuit_operator.py took 0.161 seconds
[2023-06-09T01:30:29.340+0000] {processor.py:157} INFO - Started process (PID=612) to work on /home/airflow/.local/lib/python3.7/site-packages/airflow/example_dags/example_short_circuit_operator.py
[2023-06-09T01:30:29.344+0000] {processor.py:826} INFO - Processing file /home/airflow/.local/lib/python3.7/site-packages/airflow/example_dags/example_short_circuit_operator.py for tasks to queue
[2023-06-09T01:30:29.346+0000] {logging_mixin.py:149} INFO - [2023-06-09T01:30:29.346+0000] {dagbag.py:541} INFO - Filling up the DagBag from /home/airflow/.local/lib/python3.7/site-packages/airflow/example_dags/example_short_circuit_operator.py
[2023-06-09T01:30:29.361+0000] {processor.py:836} INFO - DAG(s) dict_keys(['example_short_circuit_operator']) retrieved from /home/airflow/.local/lib/python3.7/site-packages/airflow/example_dags/example_short_circuit_operator.py
[2023-06-09T01:30:29.398+0000] {logging_mixin.py:149} INFO - [2023-06-09T01:30:29.398+0000] {dag.py:2726} INFO - Sync 1 DAGs
[2023-06-09T01:30:29.420+0000] {logging_mixin.py:149} INFO - [2023-06-09T01:30:29.420+0000] {dag.py:3490} INFO - Setting next_dagrun for example_short_circuit_operator to 2023-06-08T01:30:29.420377+00:00, run_after=2023-06-09T01:30:29.420377+00:00
[2023-06-09T01:30:29.434+0000] {processor.py:179} INFO - Processing /home/airflow/.local/lib/python3.7/site-packages/airflow/example_dags/example_short_circuit_operator.py took 0.105 seconds
[2023-06-09T01:30:59.910+0000] {processor.py:157} INFO - Started process (PID=668) to work on /home/airflow/.local/lib/python3.7/site-packages/airflow/example_dags/example_short_circuit_operator.py
[2023-06-09T01:30:59.914+0000] {processor.py:826} INFO - Processing file /home/airflow/.local/lib/python3.7/site-packages/airflow/example_dags/example_short_circuit_operator.py for tasks to queue
[2023-06-09T01:30:59.916+0000] {logging_mixin.py:149} INFO - [2023-06-09T01:30:59.915+0000] {dagbag.py:541} INFO - Filling up the DagBag from /home/airflow/.local/lib/python3.7/site-packages/airflow/example_dags/example_short_circuit_operator.py
[2023-06-09T01:30:59.929+0000] {processor.py:836} INFO - DAG(s) dict_keys(['example_short_circuit_operator']) retrieved from /home/airflow/.local/lib/python3.7/site-packages/airflow/example_dags/example_short_circuit_operator.py
[2023-06-09T01:30:59.956+0000] {logging_mixin.py:149} INFO - [2023-06-09T01:30:59.956+0000] {dag.py:2726} INFO - Sync 1 DAGs
[2023-06-09T01:30:59.977+0000] {logging_mixin.py:149} INFO - [2023-06-09T01:30:59.977+0000] {dag.py:3490} INFO - Setting next_dagrun for example_short_circuit_operator to 2023-06-08T01:30:59.976878+00:00, run_after=2023-06-09T01:30:59.976878+00:00
[2023-06-09T01:30:59.989+0000] {processor.py:179} INFO - Processing /home/airflow/.local/lib/python3.7/site-packages/airflow/example_dags/example_short_circuit_operator.py took 0.088 seconds
[2023-06-09T01:31:30.816+0000] {processor.py:157} INFO - Started process (PID=724) to work on /home/airflow/.local/lib/python3.7/site-packages/airflow/example_dags/example_short_circuit_operator.py
[2023-06-09T01:31:30.818+0000] {processor.py:826} INFO - Processing file /home/airflow/.local/lib/python3.7/site-packages/airflow/example_dags/example_short_circuit_operator.py for tasks to queue
[2023-06-09T01:31:30.820+0000] {logging_mixin.py:149} INFO - [2023-06-09T01:31:30.820+0000] {dagbag.py:541} INFO - Filling up the DagBag from /home/airflow/.local/lib/python3.7/site-packages/airflow/example_dags/example_short_circuit_operator.py
[2023-06-09T01:31:30.831+0000] {processor.py:836} INFO - DAG(s) dict_keys(['example_short_circuit_operator']) retrieved from /home/airflow/.local/lib/python3.7/site-packages/airflow/example_dags/example_short_circuit_operator.py
[2023-06-09T01:31:30.858+0000] {logging_mixin.py:149} INFO - [2023-06-09T01:31:30.858+0000] {dag.py:2726} INFO - Sync 1 DAGs
[2023-06-09T01:31:30.879+0000] {logging_mixin.py:149} INFO - [2023-06-09T01:31:30.879+0000] {dag.py:3490} INFO - Setting next_dagrun for example_short_circuit_operator to 2023-06-08T01:31:30.878792+00:00, run_after=2023-06-09T01:31:30.878792+00:00
[2023-06-09T01:31:30.895+0000] {processor.py:179} INFO - Processing /home/airflow/.local/lib/python3.7/site-packages/airflow/example_dags/example_short_circuit_operator.py took 0.086 seconds
[2023-06-09T01:32:01.071+0000] {processor.py:157} INFO - Started process (PID=780) to work on /home/airflow/.local/lib/python3.7/site-packages/airflow/example_dags/example_short_circuit_operator.py
[2023-06-09T01:32:01.076+0000] {processor.py:826} INFO - Processing file /home/airflow/.local/lib/python3.7/site-packages/airflow/example_dags/example_short_circuit_operator.py for tasks to queue
[2023-06-09T01:32:01.077+0000] {logging_mixin.py:149} INFO - [2023-06-09T01:32:01.077+0000] {dagbag.py:541} INFO - Filling up the DagBag from /home/airflow/.local/lib/python3.7/site-packages/airflow/example_dags/example_short_circuit_operator.py
[2023-06-09T01:32:01.106+0000] {processor.py:836} INFO - DAG(s) dict_keys(['example_short_circuit_operator']) retrieved from /home/airflow/.local/lib/python3.7/site-packages/airflow/example_dags/example_short_circuit_operator.py
[2023-06-09T01:32:01.158+0000] {logging_mixin.py:149} INFO - [2023-06-09T01:32:01.158+0000] {dag.py:2726} INFO - Sync 1 DAGs
[2023-06-09T01:32:01.200+0000] {logging_mixin.py:149} INFO - [2023-06-09T01:32:01.200+0000] {dag.py:3490} INFO - Setting next_dagrun for example_short_circuit_operator to 2023-06-08T01:32:01.199914+00:00, run_after=2023-06-09T01:32:01.199914+00:00
[2023-06-09T01:32:01.218+0000] {processor.py:179} INFO - Processing /home/airflow/.local/lib/python3.7/site-packages/airflow/example_dags/example_short_circuit_operator.py took 0.154 seconds
[2023-06-09T01:32:32.181+0000] {processor.py:157} INFO - Started process (PID=836) to work on /home/airflow/.local/lib/python3.7/site-packages/airflow/example_dags/example_short_circuit_operator.py
[2023-06-09T01:32:32.183+0000] {processor.py:826} INFO - Processing file /home/airflow/.local/lib/python3.7/site-packages/airflow/example_dags/example_short_circuit_operator.py for tasks to queue
[2023-06-09T01:32:32.185+0000] {logging_mixin.py:149} INFO - [2023-06-09T01:32:32.185+0000] {dagbag.py:541} INFO - Filling up the DagBag from /home/airflow/.local/lib/python3.7/site-packages/airflow/example_dags/example_short_circuit_operator.py
[2023-06-09T01:32:32.196+0000] {processor.py:836} INFO - DAG(s) dict_keys(['example_short_circuit_operator']) retrieved from /home/airflow/.local/lib/python3.7/site-packages/airflow/example_dags/example_short_circuit_operator.py
[2023-06-09T01:32:32.221+0000] {logging_mixin.py:149} INFO - [2023-06-09T01:32:32.221+0000] {dag.py:2726} INFO - Sync 1 DAGs
[2023-06-09T01:32:32.237+0000] {logging_mixin.py:149} INFO - [2023-06-09T01:32:32.237+0000] {dag.py:3490} INFO - Setting next_dagrun for example_short_circuit_operator to 2023-06-08T01:32:32.237030+00:00, run_after=2023-06-09T01:32:32.237030+00:00
[2023-06-09T01:32:32.249+0000] {processor.py:179} INFO - Processing /home/airflow/.local/lib/python3.7/site-packages/airflow/example_dags/example_short_circuit_operator.py took 0.074 seconds
[2023-06-09T01:33:02.564+0000] {processor.py:157} INFO - Started process (PID=892) to work on /home/airflow/.local/lib/python3.7/site-packages/airflow/example_dags/example_short_circuit_operator.py
[2023-06-09T01:33:02.567+0000] {processor.py:826} INFO - Processing file /home/airflow/.local/lib/python3.7/site-packages/airflow/example_dags/example_short_circuit_operator.py for tasks to queue
[2023-06-09T01:33:02.569+0000] {logging_mixin.py:149} INFO - [2023-06-09T01:33:02.568+0000] {dagbag.py:541} INFO - Filling up the DagBag from /home/airflow/.local/lib/python3.7/site-packages/airflow/example_dags/example_short_circuit_operator.py
[2023-06-09T01:33:02.580+0000] {processor.py:836} INFO - DAG(s) dict_keys(['example_short_circuit_operator']) retrieved from /home/airflow/.local/lib/python3.7/site-packages/airflow/example_dags/example_short_circuit_operator.py
[2023-06-09T01:33:02.606+0000] {logging_mixin.py:149} INFO - [2023-06-09T01:33:02.606+0000] {dag.py:2726} INFO - Sync 1 DAGs
[2023-06-09T01:33:02.623+0000] {logging_mixin.py:149} INFO - [2023-06-09T01:33:02.623+0000] {dag.py:3490} INFO - Setting next_dagrun for example_short_circuit_operator to 2023-06-08T01:33:02.622739+00:00, run_after=2023-06-09T01:33:02.622739+00:00
[2023-06-09T01:33:02.634+0000] {processor.py:179} INFO - Processing /home/airflow/.local/lib/python3.7/site-packages/airflow/example_dags/example_short_circuit_operator.py took 0.076 seconds
[2023-06-09T01:33:32.713+0000] {processor.py:157} INFO - Started process (PID=948) to work on /home/airflow/.local/lib/python3.7/site-packages/airflow/example_dags/example_short_circuit_operator.py
[2023-06-09T01:33:32.716+0000] {processor.py:826} INFO - Processing file /home/airflow/.local/lib/python3.7/site-packages/airflow/example_dags/example_short_circuit_operator.py for tasks to queue
[2023-06-09T01:33:32.718+0000] {logging_mixin.py:149} INFO - [2023-06-09T01:33:32.718+0000] {dagbag.py:541} INFO - Filling up the DagBag from /home/airflow/.local/lib/python3.7/site-packages/airflow/example_dags/example_short_circuit_operator.py
[2023-06-09T01:33:32.737+0000] {processor.py:836} INFO - DAG(s) dict_keys(['example_short_circuit_operator']) retrieved from /home/airflow/.local/lib/python3.7/site-packages/airflow/example_dags/example_short_circuit_operator.py
[2023-06-09T01:33:32.773+0000] {logging_mixin.py:149} INFO - [2023-06-09T01:33:32.773+0000] {dag.py:2726} INFO - Sync 1 DAGs
[2023-06-09T01:33:32.792+0000] {logging_mixin.py:149} INFO - [2023-06-09T01:33:32.792+0000] {dag.py:3490} INFO - Setting next_dagrun for example_short_circuit_operator to 2023-06-08T01:33:32.791952+00:00, run_after=2023-06-09T01:33:32.791952+00:00
[2023-06-09T01:33:32.803+0000] {processor.py:179} INFO - Processing /home/airflow/.local/lib/python3.7/site-packages/airflow/example_dags/example_short_circuit_operator.py took 0.100 seconds
[2023-06-09T01:34:03.109+0000] {processor.py:157} INFO - Started process (PID=1004) to work on /home/airflow/.local/lib/python3.7/site-packages/airflow/example_dags/example_short_circuit_operator.py
[2023-06-09T01:34:03.114+0000] {processor.py:826} INFO - Processing file /home/airflow/.local/lib/python3.7/site-packages/airflow/example_dags/example_short_circuit_operator.py for tasks to queue
[2023-06-09T01:34:03.116+0000] {logging_mixin.py:149} INFO - [2023-06-09T01:34:03.116+0000] {dagbag.py:541} INFO - Filling up the DagBag from /home/airflow/.local/lib/python3.7/site-packages/airflow/example_dags/example_short_circuit_operator.py
[2023-06-09T01:34:03.153+0000] {processor.py:836} INFO - DAG(s) dict_keys(['example_short_circuit_operator']) retrieved from /home/airflow/.local/lib/python3.7/site-packages/airflow/example_dags/example_short_circuit_operator.py
[2023-06-09T01:34:03.220+0000] {logging_mixin.py:149} INFO - [2023-06-09T01:34:03.220+0000] {dag.py:2726} INFO - Sync 1 DAGs
[2023-06-09T01:34:03.264+0000] {logging_mixin.py:149} INFO - [2023-06-09T01:34:03.264+0000] {dag.py:3490} INFO - Setting next_dagrun for example_short_circuit_operator to 2023-06-08T01:34:03.263277+00:00, run_after=2023-06-09T01:34:03.263277+00:00
[2023-06-09T01:34:03.288+0000] {processor.py:179} INFO - Processing /home/airflow/.local/lib/python3.7/site-packages/airflow/example_dags/example_short_circuit_operator.py took 0.193 seconds
[2023-06-09T01:34:33.978+0000] {processor.py:157} INFO - Started process (PID=1060) to work on /home/airflow/.local/lib/python3.7/site-packages/airflow/example_dags/example_short_circuit_operator.py
[2023-06-09T01:34:33.981+0000] {processor.py:826} INFO - Processing file /home/airflow/.local/lib/python3.7/site-packages/airflow/example_dags/example_short_circuit_operator.py for tasks to queue
[2023-06-09T01:34:33.984+0000] {logging_mixin.py:149} INFO - [2023-06-09T01:34:33.983+0000] {dagbag.py:541} INFO - Filling up the DagBag from /home/airflow/.local/lib/python3.7/site-packages/airflow/example_dags/example_short_circuit_operator.py
[2023-06-09T01:34:33.997+0000] {processor.py:836} INFO - DAG(s) dict_keys(['example_short_circuit_operator']) retrieved from /home/airflow/.local/lib/python3.7/site-packages/airflow/example_dags/example_short_circuit_operator.py
[2023-06-09T01:34:34.028+0000] {logging_mixin.py:149} INFO - [2023-06-09T01:34:34.028+0000] {dag.py:2726} INFO - Sync 1 DAGs
[2023-06-09T01:34:34.048+0000] {logging_mixin.py:149} INFO - [2023-06-09T01:34:34.047+0000] {dag.py:3490} INFO - Setting next_dagrun for example_short_circuit_operator to 2023-06-08T01:34:34.047728+00:00, run_after=2023-06-09T01:34:34.047728+00:00
[2023-06-09T01:34:34.059+0000] {processor.py:179} INFO - Processing /home/airflow/.local/lib/python3.7/site-packages/airflow/example_dags/example_short_circuit_operator.py took 0.089 seconds
[2023-06-09T01:35:04.787+0000] {processor.py:157} INFO - Started process (PID=1116) to work on /home/airflow/.local/lib/python3.7/site-packages/airflow/example_dags/example_short_circuit_operator.py
[2023-06-09T01:35:04.790+0000] {processor.py:826} INFO - Processing file /home/airflow/.local/lib/python3.7/site-packages/airflow/example_dags/example_short_circuit_operator.py for tasks to queue
[2023-06-09T01:35:04.792+0000] {logging_mixin.py:149} INFO - [2023-06-09T01:35:04.792+0000] {dagbag.py:541} INFO - Filling up the DagBag from /home/airflow/.local/lib/python3.7/site-packages/airflow/example_dags/example_short_circuit_operator.py
[2023-06-09T01:35:04.809+0000] {processor.py:836} INFO - DAG(s) dict_keys(['example_short_circuit_operator']) retrieved from /home/airflow/.local/lib/python3.7/site-packages/airflow/example_dags/example_short_circuit_operator.py
[2023-06-09T01:35:04.858+0000] {logging_mixin.py:149} INFO - [2023-06-09T01:35:04.858+0000] {dag.py:2726} INFO - Sync 1 DAGs
[2023-06-09T01:35:04.884+0000] {logging_mixin.py:149} INFO - [2023-06-09T01:35:04.884+0000] {dag.py:3490} INFO - Setting next_dagrun for example_short_circuit_operator to 2023-06-08T01:35:04.884280+00:00, run_after=2023-06-09T01:35:04.884280+00:00
[2023-06-09T01:35:04.901+0000] {processor.py:179} INFO - Processing /home/airflow/.local/lib/python3.7/site-packages/airflow/example_dags/example_short_circuit_operator.py took 0.139 seconds
[2023-06-09T01:35:35.299+0000] {processor.py:157} INFO - Started process (PID=1172) to work on /home/airflow/.local/lib/python3.7/site-packages/airflow/example_dags/example_short_circuit_operator.py
[2023-06-09T01:35:35.302+0000] {processor.py:826} INFO - Processing file /home/airflow/.local/lib/python3.7/site-packages/airflow/example_dags/example_short_circuit_operator.py for tasks to queue
[2023-06-09T01:35:35.304+0000] {logging_mixin.py:149} INFO - [2023-06-09T01:35:35.304+0000] {dagbag.py:541} INFO - Filling up the DagBag from /home/airflow/.local/lib/python3.7/site-packages/airflow/example_dags/example_short_circuit_operator.py
[2023-06-09T01:35:35.321+0000] {processor.py:836} INFO - DAG(s) dict_keys(['example_short_circuit_operator']) retrieved from /home/airflow/.local/lib/python3.7/site-packages/airflow/example_dags/example_short_circuit_operator.py
[2023-06-09T01:35:35.382+0000] {logging_mixin.py:149} INFO - [2023-06-09T01:35:35.382+0000] {dag.py:2726} INFO - Sync 1 DAGs
[2023-06-09T01:35:35.408+0000] {logging_mixin.py:149} INFO - [2023-06-09T01:35:35.408+0000] {dag.py:3490} INFO - Setting next_dagrun for example_short_circuit_operator to 2023-06-08T01:35:35.407829+00:00, run_after=2023-06-09T01:35:35.407829+00:00
[2023-06-09T01:35:35.425+0000] {processor.py:179} INFO - Processing /home/airflow/.local/lib/python3.7/site-packages/airflow/example_dags/example_short_circuit_operator.py took 0.138 seconds
[2023-06-09T01:36:05.485+0000] {processor.py:157} INFO - Started process (PID=1228) to work on /home/airflow/.local/lib/python3.7/site-packages/airflow/example_dags/example_short_circuit_operator.py
[2023-06-09T01:36:05.488+0000] {processor.py:826} INFO - Processing file /home/airflow/.local/lib/python3.7/site-packages/airflow/example_dags/example_short_circuit_operator.py for tasks to queue
[2023-06-09T01:36:05.490+0000] {logging_mixin.py:149} INFO - [2023-06-09T01:36:05.490+0000] {dagbag.py:541} INFO - Filling up the DagBag from /home/airflow/.local/lib/python3.7/site-packages/airflow/example_dags/example_short_circuit_operator.py
[2023-06-09T01:36:05.508+0000] {processor.py:836} INFO - DAG(s) dict_keys(['example_short_circuit_operator']) retrieved from /home/airflow/.local/lib/python3.7/site-packages/airflow/example_dags/example_short_circuit_operator.py
[2023-06-09T01:36:05.541+0000] {logging_mixin.py:149} INFO - [2023-06-09T01:36:05.541+0000] {dag.py:2726} INFO - Sync 1 DAGs
[2023-06-09T01:36:05.560+0000] {logging_mixin.py:149} INFO - [2023-06-09T01:36:05.560+0000] {dag.py:3490} INFO - Setting next_dagrun for example_short_circuit_operator to 2023-06-08T01:36:05.560018+00:00, run_after=2023-06-09T01:36:05.560018+00:00
[2023-06-09T01:36:05.572+0000] {processor.py:179} INFO - Processing /home/airflow/.local/lib/python3.7/site-packages/airflow/example_dags/example_short_circuit_operator.py took 0.097 seconds
[2023-06-09T01:36:35.715+0000] {processor.py:157} INFO - Started process (PID=1285) to work on /home/airflow/.local/lib/python3.7/site-packages/airflow/example_dags/example_short_circuit_operator.py
[2023-06-09T01:36:35.716+0000] {processor.py:826} INFO - Processing file /home/airflow/.local/lib/python3.7/site-packages/airflow/example_dags/example_short_circuit_operator.py for tasks to queue
[2023-06-09T01:36:35.717+0000] {logging_mixin.py:149} INFO - [2023-06-09T01:36:35.717+0000] {dagbag.py:541} INFO - Filling up the DagBag from /home/airflow/.local/lib/python3.7/site-packages/airflow/example_dags/example_short_circuit_operator.py
[2023-06-09T01:36:35.723+0000] {processor.py:836} INFO - DAG(s) dict_keys(['example_short_circuit_operator']) retrieved from /home/airflow/.local/lib/python3.7/site-packages/airflow/example_dags/example_short_circuit_operator.py
[2023-06-09T01:36:35.745+0000] {logging_mixin.py:149} INFO - [2023-06-09T01:36:35.745+0000] {dag.py:2726} INFO - Sync 1 DAGs
[2023-06-09T01:36:35.761+0000] {logging_mixin.py:149} INFO - [2023-06-09T01:36:35.760+0000] {dag.py:3490} INFO - Setting next_dagrun for example_short_circuit_operator to 2023-06-08T01:36:35.760768+00:00, run_after=2023-06-09T01:36:35.760768+00:00
[2023-06-09T01:36:35.771+0000] {processor.py:179} INFO - Processing /home/airflow/.local/lib/python3.7/site-packages/airflow/example_dags/example_short_circuit_operator.py took 0.059 seconds
[2023-06-09T01:37:05.866+0000] {processor.py:157} INFO - Started process (PID=1341) to work on /home/airflow/.local/lib/python3.7/site-packages/airflow/example_dags/example_short_circuit_operator.py
[2023-06-09T01:37:05.867+0000] {processor.py:826} INFO - Processing file /home/airflow/.local/lib/python3.7/site-packages/airflow/example_dags/example_short_circuit_operator.py for tasks to queue
[2023-06-09T01:37:05.868+0000] {logging_mixin.py:149} INFO - [2023-06-09T01:37:05.868+0000] {dagbag.py:541} INFO - Filling up the DagBag from /home/airflow/.local/lib/python3.7/site-packages/airflow/example_dags/example_short_circuit_operator.py
[2023-06-09T01:37:05.874+0000] {processor.py:836} INFO - DAG(s) dict_keys(['example_short_circuit_operator']) retrieved from /home/airflow/.local/lib/python3.7/site-packages/airflow/example_dags/example_short_circuit_operator.py
[2023-06-09T01:37:05.895+0000] {logging_mixin.py:149} INFO - [2023-06-09T01:37:05.895+0000] {dag.py:2726} INFO - Sync 1 DAGs
[2023-06-09T01:37:05.910+0000] {logging_mixin.py:149} INFO - [2023-06-09T01:37:05.910+0000] {dag.py:3490} INFO - Setting next_dagrun for example_short_circuit_operator to 2023-06-08T01:37:05.910191+00:00, run_after=2023-06-09T01:37:05.910191+00:00
[2023-06-09T01:37:05.922+0000] {processor.py:179} INFO - Processing /home/airflow/.local/lib/python3.7/site-packages/airflow/example_dags/example_short_circuit_operator.py took 0.059 seconds
[2023-06-09T01:37:36.238+0000] {processor.py:157} INFO - Started process (PID=1396) to work on /home/airflow/.local/lib/python3.7/site-packages/airflow/example_dags/example_short_circuit_operator.py
[2023-06-09T01:37:36.241+0000] {processor.py:826} INFO - Processing file /home/airflow/.local/lib/python3.7/site-packages/airflow/example_dags/example_short_circuit_operator.py for tasks to queue
[2023-06-09T01:37:36.243+0000] {logging_mixin.py:149} INFO - [2023-06-09T01:37:36.242+0000] {dagbag.py:541} INFO - Filling up the DagBag from /home/airflow/.local/lib/python3.7/site-packages/airflow/example_dags/example_short_circuit_operator.py
[2023-06-09T01:37:36.258+0000] {processor.py:836} INFO - DAG(s) dict_keys(['example_short_circuit_operator']) retrieved from /home/airflow/.local/lib/python3.7/site-packages/airflow/example_dags/example_short_circuit_operator.py
[2023-06-09T01:37:36.302+0000] {logging_mixin.py:149} INFO - [2023-06-09T01:37:36.302+0000] {dag.py:2726} INFO - Sync 1 DAGs
[2023-06-09T01:37:36.325+0000] {logging_mixin.py:149} INFO - [2023-06-09T01:37:36.325+0000] {dag.py:3490} INFO - Setting next_dagrun for example_short_circuit_operator to 2023-06-08T01:37:36.324615+00:00, run_after=2023-06-09T01:37:36.324615+00:00
[2023-06-09T01:37:36.340+0000] {processor.py:179} INFO - Processing /home/airflow/.local/lib/python3.7/site-packages/airflow/example_dags/example_short_circuit_operator.py took 0.109 seconds
[2023-06-09T01:38:06.565+0000] {processor.py:157} INFO - Started process (PID=1451) to work on /home/airflow/.local/lib/python3.7/site-packages/airflow/example_dags/example_short_circuit_operator.py
[2023-06-09T01:38:06.567+0000] {processor.py:826} INFO - Processing file /home/airflow/.local/lib/python3.7/site-packages/airflow/example_dags/example_short_circuit_operator.py for tasks to queue
[2023-06-09T01:38:06.568+0000] {logging_mixin.py:149} INFO - [2023-06-09T01:38:06.568+0000] {dagbag.py:541} INFO - Filling up the DagBag from /home/airflow/.local/lib/python3.7/site-packages/airflow/example_dags/example_short_circuit_operator.py
[2023-06-09T01:38:06.576+0000] {processor.py:836} INFO - DAG(s) dict_keys(['example_short_circuit_operator']) retrieved from /home/airflow/.local/lib/python3.7/site-packages/airflow/example_dags/example_short_circuit_operator.py
[2023-06-09T01:38:06.605+0000] {logging_mixin.py:149} INFO - [2023-06-09T01:38:06.605+0000] {dag.py:2726} INFO - Sync 1 DAGs
[2023-06-09T01:38:06.625+0000] {logging_mixin.py:149} INFO - [2023-06-09T01:38:06.625+0000] {dag.py:3490} INFO - Setting next_dagrun for example_short_circuit_operator to 2023-06-08T01:38:06.625135+00:00, run_after=2023-06-09T01:38:06.625135+00:00
[2023-06-09T01:38:06.639+0000] {processor.py:179} INFO - Processing /home/airflow/.local/lib/python3.7/site-packages/airflow/example_dags/example_short_circuit_operator.py took 0.077 seconds
[2023-06-09T01:38:36.745+0000] {processor.py:157} INFO - Started process (PID=1502) to work on /home/airflow/.local/lib/python3.7/site-packages/airflow/example_dags/example_short_circuit_operator.py
[2023-06-09T01:38:36.747+0000] {processor.py:826} INFO - Processing file /home/airflow/.local/lib/python3.7/site-packages/airflow/example_dags/example_short_circuit_operator.py for tasks to queue
[2023-06-09T01:38:36.749+0000] {logging_mixin.py:149} INFO - [2023-06-09T01:38:36.749+0000] {dagbag.py:541} INFO - Filling up the DagBag from /home/airflow/.local/lib/python3.7/site-packages/airflow/example_dags/example_short_circuit_operator.py
[2023-06-09T01:38:36.761+0000] {processor.py:836} INFO - DAG(s) dict_keys(['example_short_circuit_operator']) retrieved from /home/airflow/.local/lib/python3.7/site-packages/airflow/example_dags/example_short_circuit_operator.py
[2023-06-09T01:38:36.791+0000] {logging_mixin.py:149} INFO - [2023-06-09T01:38:36.791+0000] {dag.py:2726} INFO - Sync 1 DAGs
[2023-06-09T01:38:36.807+0000] {logging_mixin.py:149} INFO - [2023-06-09T01:38:36.806+0000] {dag.py:3490} INFO - Setting next_dagrun for example_short_circuit_operator to 2023-06-08T01:38:36.806623+00:00, run_after=2023-06-09T01:38:36.806623+00:00
[2023-06-09T01:38:36.818+0000] {processor.py:179} INFO - Processing /home/airflow/.local/lib/python3.7/site-packages/airflow/example_dags/example_short_circuit_operator.py took 0.079 seconds
[2023-06-09T01:39:07.793+0000] {processor.py:157} INFO - Started process (PID=1558) to work on /home/airflow/.local/lib/python3.7/site-packages/airflow/example_dags/example_short_circuit_operator.py
[2023-06-09T01:39:07.796+0000] {processor.py:826} INFO - Processing file /home/airflow/.local/lib/python3.7/site-packages/airflow/example_dags/example_short_circuit_operator.py for tasks to queue
[2023-06-09T01:39:07.797+0000] {logging_mixin.py:149} INFO - [2023-06-09T01:39:07.797+0000] {dagbag.py:541} INFO - Filling up the DagBag from /home/airflow/.local/lib/python3.7/site-packages/airflow/example_dags/example_short_circuit_operator.py
[2023-06-09T01:39:07.808+0000] {processor.py:836} INFO - DAG(s) dict_keys(['example_short_circuit_operator']) retrieved from /home/airflow/.local/lib/python3.7/site-packages/airflow/example_dags/example_short_circuit_operator.py
[2023-06-09T01:39:07.834+0000] {logging_mixin.py:149} INFO - [2023-06-09T01:39:07.834+0000] {dag.py:2726} INFO - Sync 1 DAGs
[2023-06-09T01:39:07.849+0000] {logging_mixin.py:149} INFO - [2023-06-09T01:39:07.849+0000] {dag.py:3490} INFO - Setting next_dagrun for example_short_circuit_operator to 2023-06-08T01:39:07.849083+00:00, run_after=2023-06-09T01:39:07.849083+00:00
[2023-06-09T01:39:07.860+0000] {processor.py:179} INFO - Processing /home/airflow/.local/lib/python3.7/site-packages/airflow/example_dags/example_short_circuit_operator.py took 0.072 seconds
[2023-06-09T01:39:38.109+0000] {processor.py:157} INFO - Started process (PID=1614) to work on /home/airflow/.local/lib/python3.7/site-packages/airflow/example_dags/example_short_circuit_operator.py
[2023-06-09T01:39:38.114+0000] {processor.py:826} INFO - Processing file /home/airflow/.local/lib/python3.7/site-packages/airflow/example_dags/example_short_circuit_operator.py for tasks to queue
[2023-06-09T01:39:38.116+0000] {logging_mixin.py:149} INFO - [2023-06-09T01:39:38.116+0000] {dagbag.py:541} INFO - Filling up the DagBag from /home/airflow/.local/lib/python3.7/site-packages/airflow/example_dags/example_short_circuit_operator.py
[2023-06-09T01:39:38.128+0000] {processor.py:836} INFO - DAG(s) dict_keys(['example_short_circuit_operator']) retrieved from /home/airflow/.local/lib/python3.7/site-packages/airflow/example_dags/example_short_circuit_operator.py
[2023-06-09T01:39:38.156+0000] {logging_mixin.py:149} INFO - [2023-06-09T01:39:38.156+0000] {dag.py:2726} INFO - Sync 1 DAGs
[2023-06-09T01:39:38.172+0000] {logging_mixin.py:149} INFO - [2023-06-09T01:39:38.172+0000] {dag.py:3490} INFO - Setting next_dagrun for example_short_circuit_operator to 2023-06-08T01:39:38.172454+00:00, run_after=2023-06-09T01:39:38.172454+00:00
[2023-06-09T01:39:38.185+0000] {processor.py:179} INFO - Processing /home/airflow/.local/lib/python3.7/site-packages/airflow/example_dags/example_short_circuit_operator.py took 0.084 seconds
[2023-06-09T01:40:08.386+0000] {processor.py:157} INFO - Started process (PID=1671) to work on /home/airflow/.local/lib/python3.7/site-packages/airflow/example_dags/example_short_circuit_operator.py
[2023-06-09T01:40:08.391+0000] {processor.py:826} INFO - Processing file /home/airflow/.local/lib/python3.7/site-packages/airflow/example_dags/example_short_circuit_operator.py for tasks to queue
[2023-06-09T01:40:08.394+0000] {logging_mixin.py:149} INFO - [2023-06-09T01:40:08.394+0000] {dagbag.py:541} INFO - Filling up the DagBag from /home/airflow/.local/lib/python3.7/site-packages/airflow/example_dags/example_short_circuit_operator.py
[2023-06-09T01:40:08.415+0000] {processor.py:836} INFO - DAG(s) dict_keys(['example_short_circuit_operator']) retrieved from /home/airflow/.local/lib/python3.7/site-packages/airflow/example_dags/example_short_circuit_operator.py
[2023-06-09T01:40:08.459+0000] {logging_mixin.py:149} INFO - [2023-06-09T01:40:08.458+0000] {dag.py:2726} INFO - Sync 1 DAGs
[2023-06-09T01:40:08.482+0000] {logging_mixin.py:149} INFO - [2023-06-09T01:40:08.482+0000] {dag.py:3490} INFO - Setting next_dagrun for example_short_circuit_operator to 2023-06-08T01:40:08.482247+00:00, run_after=2023-06-09T01:40:08.482247+00:00
[2023-06-09T01:40:08.497+0000] {processor.py:179} INFO - Processing /home/airflow/.local/lib/python3.7/site-packages/airflow/example_dags/example_short_circuit_operator.py took 0.123 seconds
[2023-06-09T01:40:38.804+0000] {processor.py:157} INFO - Started process (PID=1727) to work on /home/airflow/.local/lib/python3.7/site-packages/airflow/example_dags/example_short_circuit_operator.py
[2023-06-09T01:40:38.806+0000] {processor.py:826} INFO - Processing file /home/airflow/.local/lib/python3.7/site-packages/airflow/example_dags/example_short_circuit_operator.py for tasks to queue
[2023-06-09T01:40:38.807+0000] {logging_mixin.py:149} INFO - [2023-06-09T01:40:38.807+0000] {dagbag.py:541} INFO - Filling up the DagBag from /home/airflow/.local/lib/python3.7/site-packages/airflow/example_dags/example_short_circuit_operator.py
[2023-06-09T01:40:38.817+0000] {processor.py:836} INFO - DAG(s) dict_keys(['example_short_circuit_operator']) retrieved from /home/airflow/.local/lib/python3.7/site-packages/airflow/example_dags/example_short_circuit_operator.py
[2023-06-09T01:40:38.842+0000] {logging_mixin.py:149} INFO - [2023-06-09T01:40:38.842+0000] {dag.py:2726} INFO - Sync 1 DAGs
[2023-06-09T01:40:38.859+0000] {logging_mixin.py:149} INFO - [2023-06-09T01:40:38.859+0000] {dag.py:3490} INFO - Setting next_dagrun for example_short_circuit_operator to 2023-06-08T01:40:38.859241+00:00, run_after=2023-06-09T01:40:38.859241+00:00
[2023-06-09T01:40:38.874+0000] {processor.py:179} INFO - Processing /home/airflow/.local/lib/python3.7/site-packages/airflow/example_dags/example_short_circuit_operator.py took 0.076 seconds
[2023-06-09T01:41:09.544+0000] {processor.py:157} INFO - Started process (PID=1783) to work on /home/airflow/.local/lib/python3.7/site-packages/airflow/example_dags/example_short_circuit_operator.py
[2023-06-09T01:41:09.549+0000] {processor.py:826} INFO - Processing file /home/airflow/.local/lib/python3.7/site-packages/airflow/example_dags/example_short_circuit_operator.py for tasks to queue
[2023-06-09T01:41:09.551+0000] {logging_mixin.py:149} INFO - [2023-06-09T01:41:09.551+0000] {dagbag.py:541} INFO - Filling up the DagBag from /home/airflow/.local/lib/python3.7/site-packages/airflow/example_dags/example_short_circuit_operator.py
[2023-06-09T01:41:09.567+0000] {processor.py:836} INFO - DAG(s) dict_keys(['example_short_circuit_operator']) retrieved from /home/airflow/.local/lib/python3.7/site-packages/airflow/example_dags/example_short_circuit_operator.py
[2023-06-09T01:41:09.604+0000] {logging_mixin.py:149} INFO - [2023-06-09T01:41:09.604+0000] {dag.py:2726} INFO - Sync 1 DAGs
[2023-06-09T01:41:09.628+0000] {logging_mixin.py:149} INFO - [2023-06-09T01:41:09.627+0000] {dag.py:3490} INFO - Setting next_dagrun for example_short_circuit_operator to 2023-06-08T01:41:09.627568+00:00, run_after=2023-06-09T01:41:09.627568+00:00
[2023-06-09T01:41:09.640+0000] {processor.py:179} INFO - Processing /home/airflow/.local/lib/python3.7/site-packages/airflow/example_dags/example_short_circuit_operator.py took 0.106 seconds
[2023-06-09T01:41:40.269+0000] {processor.py:157} INFO - Started process (PID=1840) to work on /home/airflow/.local/lib/python3.7/site-packages/airflow/example_dags/example_short_circuit_operator.py
[2023-06-09T01:41:40.273+0000] {processor.py:826} INFO - Processing file /home/airflow/.local/lib/python3.7/site-packages/airflow/example_dags/example_short_circuit_operator.py for tasks to queue
[2023-06-09T01:41:40.274+0000] {logging_mixin.py:149} INFO - [2023-06-09T01:41:40.274+0000] {dagbag.py:541} INFO - Filling up the DagBag from /home/airflow/.local/lib/python3.7/site-packages/airflow/example_dags/example_short_circuit_operator.py
[2023-06-09T01:41:40.286+0000] {processor.py:836} INFO - DAG(s) dict_keys(['example_short_circuit_operator']) retrieved from /home/airflow/.local/lib/python3.7/site-packages/airflow/example_dags/example_short_circuit_operator.py
[2023-06-09T01:41:40.313+0000] {logging_mixin.py:149} INFO - [2023-06-09T01:41:40.313+0000] {dag.py:2726} INFO - Sync 1 DAGs
[2023-06-09T01:41:40.331+0000] {logging_mixin.py:149} INFO - [2023-06-09T01:41:40.330+0000] {dag.py:3490} INFO - Setting next_dagrun for example_short_circuit_operator to 2023-06-08T01:41:40.330775+00:00, run_after=2023-06-09T01:41:40.330775+00:00
[2023-06-09T01:41:40.343+0000] {processor.py:179} INFO - Processing /home/airflow/.local/lib/python3.7/site-packages/airflow/example_dags/example_short_circuit_operator.py took 0.083 seconds
[2023-06-09T01:42:10.833+0000] {processor.py:157} INFO - Started process (PID=1896) to work on /home/airflow/.local/lib/python3.7/site-packages/airflow/example_dags/example_short_circuit_operator.py
[2023-06-09T01:42:10.837+0000] {processor.py:826} INFO - Processing file /home/airflow/.local/lib/python3.7/site-packages/airflow/example_dags/example_short_circuit_operator.py for tasks to queue
[2023-06-09T01:42:10.838+0000] {logging_mixin.py:149} INFO - [2023-06-09T01:42:10.838+0000] {dagbag.py:541} INFO - Filling up the DagBag from /home/airflow/.local/lib/python3.7/site-packages/airflow/example_dags/example_short_circuit_operator.py
[2023-06-09T01:42:10.849+0000] {processor.py:836} INFO - DAG(s) dict_keys(['example_short_circuit_operator']) retrieved from /home/airflow/.local/lib/python3.7/site-packages/airflow/example_dags/example_short_circuit_operator.py
[2023-06-09T01:42:10.876+0000] {logging_mixin.py:149} INFO - [2023-06-09T01:42:10.876+0000] {dag.py:2726} INFO - Sync 1 DAGs
[2023-06-09T01:42:10.892+0000] {logging_mixin.py:149} INFO - [2023-06-09T01:42:10.892+0000] {dag.py:3490} INFO - Setting next_dagrun for example_short_circuit_operator to 2023-06-08T01:42:10.892065+00:00, run_after=2023-06-09T01:42:10.892065+00:00
[2023-06-09T01:42:10.905+0000] {processor.py:179} INFO - Processing /home/airflow/.local/lib/python3.7/site-packages/airflow/example_dags/example_short_circuit_operator.py took 0.080 seconds
[2023-06-09T01:42:41.475+0000] {processor.py:157} INFO - Started process (PID=1951) to work on /home/airflow/.local/lib/python3.7/site-packages/airflow/example_dags/example_short_circuit_operator.py
[2023-06-09T01:42:41.479+0000] {processor.py:826} INFO - Processing file /home/airflow/.local/lib/python3.7/site-packages/airflow/example_dags/example_short_circuit_operator.py for tasks to queue
[2023-06-09T01:42:41.481+0000] {logging_mixin.py:149} INFO - [2023-06-09T01:42:41.481+0000] {dagbag.py:541} INFO - Filling up the DagBag from /home/airflow/.local/lib/python3.7/site-packages/airflow/example_dags/example_short_circuit_operator.py
[2023-06-09T01:42:41.507+0000] {processor.py:836} INFO - DAG(s) dict_keys(['example_short_circuit_operator']) retrieved from /home/airflow/.local/lib/python3.7/site-packages/airflow/example_dags/example_short_circuit_operator.py
[2023-06-09T01:42:41.538+0000] {logging_mixin.py:149} INFO - [2023-06-09T01:42:41.538+0000] {dag.py:2726} INFO - Sync 1 DAGs
[2023-06-09T01:42:41.559+0000] {logging_mixin.py:149} INFO - [2023-06-09T01:42:41.559+0000] {dag.py:3490} INFO - Setting next_dagrun for example_short_circuit_operator to 2023-06-08T01:42:41.558799+00:00, run_after=2023-06-09T01:42:41.558799+00:00
[2023-06-09T01:42:41.574+0000] {processor.py:179} INFO - Processing /home/airflow/.local/lib/python3.7/site-packages/airflow/example_dags/example_short_circuit_operator.py took 0.107 seconds
[2023-06-09T01:43:12.593+0000] {processor.py:157} INFO - Started process (PID=2007) to work on /home/airflow/.local/lib/python3.7/site-packages/airflow/example_dags/example_short_circuit_operator.py
[2023-06-09T01:43:12.596+0000] {processor.py:826} INFO - Processing file /home/airflow/.local/lib/python3.7/site-packages/airflow/example_dags/example_short_circuit_operator.py for tasks to queue
[2023-06-09T01:43:12.597+0000] {logging_mixin.py:149} INFO - [2023-06-09T01:43:12.597+0000] {dagbag.py:541} INFO - Filling up the DagBag from /home/airflow/.local/lib/python3.7/site-packages/airflow/example_dags/example_short_circuit_operator.py
[2023-06-09T01:43:12.615+0000] {processor.py:836} INFO - DAG(s) dict_keys(['example_short_circuit_operator']) retrieved from /home/airflow/.local/lib/python3.7/site-packages/airflow/example_dags/example_short_circuit_operator.py
[2023-06-09T01:43:12.655+0000] {logging_mixin.py:149} INFO - [2023-06-09T01:43:12.655+0000] {dag.py:2726} INFO - Sync 1 DAGs
[2023-06-09T01:43:12.680+0000] {logging_mixin.py:149} INFO - [2023-06-09T01:43:12.680+0000] {dag.py:3490} INFO - Setting next_dagrun for example_short_circuit_operator to 2023-06-08T01:43:12.679942+00:00, run_after=2023-06-09T01:43:12.679942+00:00
[2023-06-09T01:43:12.694+0000] {processor.py:179} INFO - Processing /home/airflow/.local/lib/python3.7/site-packages/airflow/example_dags/example_short_circuit_operator.py took 0.110 seconds
[2023-06-09T01:43:42.731+0000] {processor.py:157} INFO - Started process (PID=2063) to work on /home/airflow/.local/lib/python3.7/site-packages/airflow/example_dags/example_short_circuit_operator.py
[2023-06-09T01:43:42.733+0000] {processor.py:826} INFO - Processing file /home/airflow/.local/lib/python3.7/site-packages/airflow/example_dags/example_short_circuit_operator.py for tasks to queue
[2023-06-09T01:43:42.734+0000] {logging_mixin.py:149} INFO - [2023-06-09T01:43:42.734+0000] {dagbag.py:541} INFO - Filling up the DagBag from /home/airflow/.local/lib/python3.7/site-packages/airflow/example_dags/example_short_circuit_operator.py
[2023-06-09T01:43:42.744+0000] {processor.py:836} INFO - DAG(s) dict_keys(['example_short_circuit_operator']) retrieved from /home/airflow/.local/lib/python3.7/site-packages/airflow/example_dags/example_short_circuit_operator.py
[2023-06-09T01:43:42.791+0000] {logging_mixin.py:149} INFO - [2023-06-09T01:43:42.791+0000] {dag.py:2726} INFO - Sync 1 DAGs
[2023-06-09T01:43:42.814+0000] {logging_mixin.py:149} INFO - [2023-06-09T01:43:42.814+0000] {dag.py:3490} INFO - Setting next_dagrun for example_short_circuit_operator to 2023-06-08T01:43:42.813829+00:00, run_after=2023-06-09T01:43:42.813829+00:00
[2023-06-09T01:43:42.827+0000] {processor.py:179} INFO - Processing /home/airflow/.local/lib/python3.7/site-packages/airflow/example_dags/example_short_circuit_operator.py took 0.101 seconds
[2023-06-09T01:44:12.985+0000] {processor.py:157} INFO - Started process (PID=2119) to work on /home/airflow/.local/lib/python3.7/site-packages/airflow/example_dags/example_short_circuit_operator.py
[2023-06-09T01:44:12.986+0000] {processor.py:826} INFO - Processing file /home/airflow/.local/lib/python3.7/site-packages/airflow/example_dags/example_short_circuit_operator.py for tasks to queue
[2023-06-09T01:44:12.988+0000] {logging_mixin.py:149} INFO - [2023-06-09T01:44:12.988+0000] {dagbag.py:541} INFO - Filling up the DagBag from /home/airflow/.local/lib/python3.7/site-packages/airflow/example_dags/example_short_circuit_operator.py
[2023-06-09T01:44:12.995+0000] {processor.py:836} INFO - DAG(s) dict_keys(['example_short_circuit_operator']) retrieved from /home/airflow/.local/lib/python3.7/site-packages/airflow/example_dags/example_short_circuit_operator.py
[2023-06-09T01:44:13.020+0000] {logging_mixin.py:149} INFO - [2023-06-09T01:44:13.020+0000] {dag.py:2726} INFO - Sync 1 DAGs
[2023-06-09T01:44:13.049+0000] {logging_mixin.py:149} INFO - [2023-06-09T01:44:13.048+0000] {dag.py:3490} INFO - Setting next_dagrun for example_short_circuit_operator to 2023-06-08T01:44:13.048540+00:00, run_after=2023-06-09T01:44:13.048540+00:00
[2023-06-09T01:44:13.072+0000] {processor.py:179} INFO - Processing /home/airflow/.local/lib/python3.7/site-packages/airflow/example_dags/example_short_circuit_operator.py took 0.090 seconds
[2023-06-09T01:44:43.343+0000] {processor.py:157} INFO - Started process (PID=2176) to work on /home/airflow/.local/lib/python3.7/site-packages/airflow/example_dags/example_short_circuit_operator.py
[2023-06-09T01:44:43.346+0000] {processor.py:826} INFO - Processing file /home/airflow/.local/lib/python3.7/site-packages/airflow/example_dags/example_short_circuit_operator.py for tasks to queue
[2023-06-09T01:44:43.350+0000] {logging_mixin.py:149} INFO - [2023-06-09T01:44:43.350+0000] {dagbag.py:541} INFO - Filling up the DagBag from /home/airflow/.local/lib/python3.7/site-packages/airflow/example_dags/example_short_circuit_operator.py
[2023-06-09T01:44:43.362+0000] {processor.py:836} INFO - DAG(s) dict_keys(['example_short_circuit_operator']) retrieved from /home/airflow/.local/lib/python3.7/site-packages/airflow/example_dags/example_short_circuit_operator.py
[2023-06-09T01:44:43.400+0000] {logging_mixin.py:149} INFO - [2023-06-09T01:44:43.400+0000] {dag.py:2726} INFO - Sync 1 DAGs
[2023-06-09T01:44:43.420+0000] {logging_mixin.py:149} INFO - [2023-06-09T01:44:43.420+0000] {dag.py:3490} INFO - Setting next_dagrun for example_short_circuit_operator to 2023-06-08T01:44:43.419656+00:00, run_after=2023-06-09T01:44:43.419656+00:00
[2023-06-09T01:44:43.435+0000] {processor.py:179} INFO - Processing /home/airflow/.local/lib/python3.7/site-packages/airflow/example_dags/example_short_circuit_operator.py took 0.105 seconds
[2023-06-09T01:45:13.678+0000] {processor.py:157} INFO - Started process (PID=2232) to work on /home/airflow/.local/lib/python3.7/site-packages/airflow/example_dags/example_short_circuit_operator.py
[2023-06-09T01:45:13.679+0000] {processor.py:826} INFO - Processing file /home/airflow/.local/lib/python3.7/site-packages/airflow/example_dags/example_short_circuit_operator.py for tasks to queue
[2023-06-09T01:45:13.680+0000] {logging_mixin.py:149} INFO - [2023-06-09T01:45:13.680+0000] {dagbag.py:541} INFO - Filling up the DagBag from /home/airflow/.local/lib/python3.7/site-packages/airflow/example_dags/example_short_circuit_operator.py
[2023-06-09T01:45:13.688+0000] {processor.py:836} INFO - DAG(s) dict_keys(['example_short_circuit_operator']) retrieved from /home/airflow/.local/lib/python3.7/site-packages/airflow/example_dags/example_short_circuit_operator.py
[2023-06-09T01:45:13.711+0000] {logging_mixin.py:149} INFO - [2023-06-09T01:45:13.711+0000] {dag.py:2726} INFO - Sync 1 DAGs
[2023-06-09T01:45:13.727+0000] {logging_mixin.py:149} INFO - [2023-06-09T01:45:13.727+0000] {dag.py:3490} INFO - Setting next_dagrun for example_short_circuit_operator to 2023-06-08T01:45:13.727443+00:00, run_after=2023-06-09T01:45:13.727443+00:00
[2023-06-09T01:45:13.739+0000] {processor.py:179} INFO - Processing /home/airflow/.local/lib/python3.7/site-packages/airflow/example_dags/example_short_circuit_operator.py took 0.064 seconds
[2023-06-09T01:45:43.787+0000] {processor.py:157} INFO - Started process (PID=2289) to work on /home/airflow/.local/lib/python3.7/site-packages/airflow/example_dags/example_short_circuit_operator.py
[2023-06-09T01:45:43.789+0000] {processor.py:826} INFO - Processing file /home/airflow/.local/lib/python3.7/site-packages/airflow/example_dags/example_short_circuit_operator.py for tasks to queue
[2023-06-09T01:45:43.790+0000] {logging_mixin.py:149} INFO - [2023-06-09T01:45:43.790+0000] {dagbag.py:541} INFO - Filling up the DagBag from /home/airflow/.local/lib/python3.7/site-packages/airflow/example_dags/example_short_circuit_operator.py
[2023-06-09T01:45:43.803+0000] {processor.py:836} INFO - DAG(s) dict_keys(['example_short_circuit_operator']) retrieved from /home/airflow/.local/lib/python3.7/site-packages/airflow/example_dags/example_short_circuit_operator.py
[2023-06-09T01:45:43.840+0000] {logging_mixin.py:149} INFO - [2023-06-09T01:45:43.840+0000] {dag.py:2726} INFO - Sync 1 DAGs
[2023-06-09T01:45:43.860+0000] {logging_mixin.py:149} INFO - [2023-06-09T01:45:43.860+0000] {dag.py:3490} INFO - Setting next_dagrun for example_short_circuit_operator to 2023-06-08T01:45:43.860191+00:00, run_after=2023-06-09T01:45:43.860191+00:00
[2023-06-09T01:45:43.880+0000] {processor.py:179} INFO - Processing /home/airflow/.local/lib/python3.7/site-packages/airflow/example_dags/example_short_circuit_operator.py took 0.098 seconds
[2023-06-09T01:46:14.359+0000] {processor.py:157} INFO - Started process (PID=2345) to work on /home/airflow/.local/lib/python3.7/site-packages/airflow/example_dags/example_short_circuit_operator.py
[2023-06-09T01:46:14.362+0000] {processor.py:826} INFO - Processing file /home/airflow/.local/lib/python3.7/site-packages/airflow/example_dags/example_short_circuit_operator.py for tasks to queue
[2023-06-09T01:46:14.365+0000] {logging_mixin.py:149} INFO - [2023-06-09T01:46:14.365+0000] {dagbag.py:541} INFO - Filling up the DagBag from /home/airflow/.local/lib/python3.7/site-packages/airflow/example_dags/example_short_circuit_operator.py
[2023-06-09T01:46:14.381+0000] {processor.py:836} INFO - DAG(s) dict_keys(['example_short_circuit_operator']) retrieved from /home/airflow/.local/lib/python3.7/site-packages/airflow/example_dags/example_short_circuit_operator.py
[2023-06-09T01:46:14.443+0000] {logging_mixin.py:149} INFO - [2023-06-09T01:46:14.443+0000] {dag.py:2726} INFO - Sync 1 DAGs
[2023-06-09T01:46:14.475+0000] {logging_mixin.py:149} INFO - [2023-06-09T01:46:14.475+0000] {dag.py:3490} INFO - Setting next_dagrun for example_short_circuit_operator to 2023-06-08T01:46:14.474464+00:00, run_after=2023-06-09T01:46:14.474464+00:00
[2023-06-09T01:46:14.519+0000] {processor.py:179} INFO - Processing /home/airflow/.local/lib/python3.7/site-packages/airflow/example_dags/example_short_circuit_operator.py took 0.167 seconds
[2023-06-09T01:46:44.720+0000] {processor.py:157} INFO - Started process (PID=2402) to work on /home/airflow/.local/lib/python3.7/site-packages/airflow/example_dags/example_short_circuit_operator.py
[2023-06-09T01:46:44.723+0000] {processor.py:826} INFO - Processing file /home/airflow/.local/lib/python3.7/site-packages/airflow/example_dags/example_short_circuit_operator.py for tasks to queue
[2023-06-09T01:46:44.725+0000] {logging_mixin.py:149} INFO - [2023-06-09T01:46:44.725+0000] {dagbag.py:541} INFO - Filling up the DagBag from /home/airflow/.local/lib/python3.7/site-packages/airflow/example_dags/example_short_circuit_operator.py
[2023-06-09T01:46:44.737+0000] {processor.py:836} INFO - DAG(s) dict_keys(['example_short_circuit_operator']) retrieved from /home/airflow/.local/lib/python3.7/site-packages/airflow/example_dags/example_short_circuit_operator.py
[2023-06-09T01:46:44.764+0000] {logging_mixin.py:149} INFO - [2023-06-09T01:46:44.764+0000] {dag.py:2726} INFO - Sync 1 DAGs
[2023-06-09T01:46:44.780+0000] {logging_mixin.py:149} INFO - [2023-06-09T01:46:44.780+0000] {dag.py:3490} INFO - Setting next_dagrun for example_short_circuit_operator to 2023-06-08T01:46:44.780004+00:00, run_after=2023-06-09T01:46:44.780004+00:00
[2023-06-09T01:46:44.792+0000] {processor.py:179} INFO - Processing /home/airflow/.local/lib/python3.7/site-packages/airflow/example_dags/example_short_circuit_operator.py took 0.076 seconds
[2023-06-09T01:47:15.579+0000] {processor.py:157} INFO - Started process (PID=2457) to work on /home/airflow/.local/lib/python3.7/site-packages/airflow/example_dags/example_short_circuit_operator.py
[2023-06-09T01:47:15.582+0000] {processor.py:826} INFO - Processing file /home/airflow/.local/lib/python3.7/site-packages/airflow/example_dags/example_short_circuit_operator.py for tasks to queue
[2023-06-09T01:47:15.584+0000] {logging_mixin.py:149} INFO - [2023-06-09T01:47:15.584+0000] {dagbag.py:541} INFO - Filling up the DagBag from /home/airflow/.local/lib/python3.7/site-packages/airflow/example_dags/example_short_circuit_operator.py
[2023-06-09T01:47:15.599+0000] {processor.py:836} INFO - DAG(s) dict_keys(['example_short_circuit_operator']) retrieved from /home/airflow/.local/lib/python3.7/site-packages/airflow/example_dags/example_short_circuit_operator.py
[2023-06-09T01:47:15.630+0000] {logging_mixin.py:149} INFO - [2023-06-09T01:47:15.629+0000] {dag.py:2726} INFO - Sync 1 DAGs
[2023-06-09T01:47:15.649+0000] {logging_mixin.py:149} INFO - [2023-06-09T01:47:15.649+0000] {dag.py:3490} INFO - Setting next_dagrun for example_short_circuit_operator to 2023-06-08T01:47:15.648750+00:00, run_after=2023-06-09T01:47:15.648750+00:00
[2023-06-09T01:47:15.662+0000] {processor.py:179} INFO - Processing /home/airflow/.local/lib/python3.7/site-packages/airflow/example_dags/example_short_circuit_operator.py took 0.091 seconds
[2023-06-09T01:47:46.175+0000] {processor.py:157} INFO - Started process (PID=2513) to work on /home/airflow/.local/lib/python3.7/site-packages/airflow/example_dags/example_short_circuit_operator.py
[2023-06-09T01:47:46.178+0000] {processor.py:826} INFO - Processing file /home/airflow/.local/lib/python3.7/site-packages/airflow/example_dags/example_short_circuit_operator.py for tasks to queue
[2023-06-09T01:47:46.180+0000] {logging_mixin.py:149} INFO - [2023-06-09T01:47:46.180+0000] {dagbag.py:541} INFO - Filling up the DagBag from /home/airflow/.local/lib/python3.7/site-packages/airflow/example_dags/example_short_circuit_operator.py
[2023-06-09T01:47:46.193+0000] {processor.py:836} INFO - DAG(s) dict_keys(['example_short_circuit_operator']) retrieved from /home/airflow/.local/lib/python3.7/site-packages/airflow/example_dags/example_short_circuit_operator.py
[2023-06-09T01:47:46.224+0000] {logging_mixin.py:149} INFO - [2023-06-09T01:47:46.224+0000] {dag.py:2726} INFO - Sync 1 DAGs
[2023-06-09T01:47:46.246+0000] {logging_mixin.py:149} INFO - [2023-06-09T01:47:46.246+0000] {dag.py:3490} INFO - Setting next_dagrun for example_short_circuit_operator to 2023-06-08T01:47:46.245639+00:00, run_after=2023-06-09T01:47:46.245639+00:00
[2023-06-09T01:47:46.268+0000] {processor.py:179} INFO - Processing /home/airflow/.local/lib/python3.7/site-packages/airflow/example_dags/example_short_circuit_operator.py took 0.102 seconds
[2023-06-09T01:48:16.858+0000] {processor.py:157} INFO - Started process (PID=2570) to work on /home/airflow/.local/lib/python3.7/site-packages/airflow/example_dags/example_short_circuit_operator.py
[2023-06-09T01:48:16.860+0000] {processor.py:826} INFO - Processing file /home/airflow/.local/lib/python3.7/site-packages/airflow/example_dags/example_short_circuit_operator.py for tasks to queue
[2023-06-09T01:48:16.861+0000] {logging_mixin.py:149} INFO - [2023-06-09T01:48:16.861+0000] {dagbag.py:541} INFO - Filling up the DagBag from /home/airflow/.local/lib/python3.7/site-packages/airflow/example_dags/example_short_circuit_operator.py
[2023-06-09T01:48:16.872+0000] {processor.py:836} INFO - DAG(s) dict_keys(['example_short_circuit_operator']) retrieved from /home/airflow/.local/lib/python3.7/site-packages/airflow/example_dags/example_short_circuit_operator.py
[2023-06-09T01:48:16.905+0000] {logging_mixin.py:149} INFO - [2023-06-09T01:48:16.904+0000] {dag.py:2726} INFO - Sync 1 DAGs
[2023-06-09T01:48:16.924+0000] {logging_mixin.py:149} INFO - [2023-06-09T01:48:16.924+0000] {dag.py:3490} INFO - Setting next_dagrun for example_short_circuit_operator to 2023-06-08T01:48:16.924099+00:00, run_after=2023-06-09T01:48:16.924099+00:00
[2023-06-09T01:48:16.937+0000] {processor.py:179} INFO - Processing /home/airflow/.local/lib/python3.7/site-packages/airflow/example_dags/example_short_circuit_operator.py took 0.084 seconds
[2023-06-09T01:48:47.109+0000] {processor.py:157} INFO - Started process (PID=2626) to work on /home/airflow/.local/lib/python3.7/site-packages/airflow/example_dags/example_short_circuit_operator.py
[2023-06-09T01:48:47.111+0000] {processor.py:826} INFO - Processing file /home/airflow/.local/lib/python3.7/site-packages/airflow/example_dags/example_short_circuit_operator.py for tasks to queue
[2023-06-09T01:48:47.112+0000] {logging_mixin.py:149} INFO - [2023-06-09T01:48:47.112+0000] {dagbag.py:541} INFO - Filling up the DagBag from /home/airflow/.local/lib/python3.7/site-packages/airflow/example_dags/example_short_circuit_operator.py
[2023-06-09T01:48:47.121+0000] {processor.py:836} INFO - DAG(s) dict_keys(['example_short_circuit_operator']) retrieved from /home/airflow/.local/lib/python3.7/site-packages/airflow/example_dags/example_short_circuit_operator.py
[2023-06-09T01:48:47.142+0000] {logging_mixin.py:149} INFO - [2023-06-09T01:48:47.142+0000] {dag.py:2726} INFO - Sync 1 DAGs
[2023-06-09T01:48:47.158+0000] {logging_mixin.py:149} INFO - [2023-06-09T01:48:47.158+0000] {dag.py:3490} INFO - Setting next_dagrun for example_short_circuit_operator to 2023-06-08T01:48:47.158508+00:00, run_after=2023-06-09T01:48:47.158508+00:00
[2023-06-09T01:48:47.171+0000] {processor.py:179} INFO - Processing /home/airflow/.local/lib/python3.7/site-packages/airflow/example_dags/example_short_circuit_operator.py took 0.068 seconds
[2023-06-09T01:49:17.366+0000] {processor.py:157} INFO - Started process (PID=2682) to work on /home/airflow/.local/lib/python3.7/site-packages/airflow/example_dags/example_short_circuit_operator.py
[2023-06-09T01:49:17.368+0000] {processor.py:826} INFO - Processing file /home/airflow/.local/lib/python3.7/site-packages/airflow/example_dags/example_short_circuit_operator.py for tasks to queue
[2023-06-09T01:49:17.368+0000] {logging_mixin.py:149} INFO - [2023-06-09T01:49:17.368+0000] {dagbag.py:541} INFO - Filling up the DagBag from /home/airflow/.local/lib/python3.7/site-packages/airflow/example_dags/example_short_circuit_operator.py
[2023-06-09T01:49:17.376+0000] {processor.py:836} INFO - DAG(s) dict_keys(['example_short_circuit_operator']) retrieved from /home/airflow/.local/lib/python3.7/site-packages/airflow/example_dags/example_short_circuit_operator.py
[2023-06-09T01:49:17.401+0000] {logging_mixin.py:149} INFO - [2023-06-09T01:49:17.401+0000] {dag.py:2726} INFO - Sync 1 DAGs
[2023-06-09T01:49:17.424+0000] {logging_mixin.py:149} INFO - [2023-06-09T01:49:17.423+0000] {dag.py:3490} INFO - Setting next_dagrun for example_short_circuit_operator to 2023-06-08T01:49:17.423612+00:00, run_after=2023-06-09T01:49:17.423612+00:00
[2023-06-09T01:49:17.439+0000] {processor.py:179} INFO - Processing /home/airflow/.local/lib/python3.7/site-packages/airflow/example_dags/example_short_circuit_operator.py took 0.076 seconds
[2023-06-09T01:49:47.615+0000] {processor.py:157} INFO - Started process (PID=2737) to work on /home/airflow/.local/lib/python3.7/site-packages/airflow/example_dags/example_short_circuit_operator.py
[2023-06-09T01:49:47.618+0000] {processor.py:826} INFO - Processing file /home/airflow/.local/lib/python3.7/site-packages/airflow/example_dags/example_short_circuit_operator.py for tasks to queue
[2023-06-09T01:49:47.620+0000] {logging_mixin.py:149} INFO - [2023-06-09T01:49:47.620+0000] {dagbag.py:541} INFO - Filling up the DagBag from /home/airflow/.local/lib/python3.7/site-packages/airflow/example_dags/example_short_circuit_operator.py
[2023-06-09T01:49:47.630+0000] {processor.py:836} INFO - DAG(s) dict_keys(['example_short_circuit_operator']) retrieved from /home/airflow/.local/lib/python3.7/site-packages/airflow/example_dags/example_short_circuit_operator.py
[2023-06-09T01:49:47.654+0000] {logging_mixin.py:149} INFO - [2023-06-09T01:49:47.654+0000] {dag.py:2726} INFO - Sync 1 DAGs
[2023-06-09T01:49:47.671+0000] {logging_mixin.py:149} INFO - [2023-06-09T01:49:47.671+0000] {dag.py:3490} INFO - Setting next_dagrun for example_short_circuit_operator to 2023-06-08T01:49:47.670896+00:00, run_after=2023-06-09T01:49:47.670896+00:00
[2023-06-09T01:49:47.682+0000] {processor.py:179} INFO - Processing /home/airflow/.local/lib/python3.7/site-packages/airflow/example_dags/example_short_circuit_operator.py took 0.077 seconds
[2023-06-09T01:50:18.379+0000] {processor.py:157} INFO - Started process (PID=2793) to work on /home/airflow/.local/lib/python3.7/site-packages/airflow/example_dags/example_short_circuit_operator.py
[2023-06-09T01:50:18.381+0000] {processor.py:826} INFO - Processing file /home/airflow/.local/lib/python3.7/site-packages/airflow/example_dags/example_short_circuit_operator.py for tasks to queue
[2023-06-09T01:50:18.383+0000] {logging_mixin.py:149} INFO - [2023-06-09T01:50:18.383+0000] {dagbag.py:541} INFO - Filling up the DagBag from /home/airflow/.local/lib/python3.7/site-packages/airflow/example_dags/example_short_circuit_operator.py
[2023-06-09T01:50:18.393+0000] {processor.py:836} INFO - DAG(s) dict_keys(['example_short_circuit_operator']) retrieved from /home/airflow/.local/lib/python3.7/site-packages/airflow/example_dags/example_short_circuit_operator.py
[2023-06-09T01:50:18.417+0000] {logging_mixin.py:149} INFO - [2023-06-09T01:50:18.417+0000] {dag.py:2726} INFO - Sync 1 DAGs
[2023-06-09T01:50:18.433+0000] {logging_mixin.py:149} INFO - [2023-06-09T01:50:18.433+0000] {dag.py:3490} INFO - Setting next_dagrun for example_short_circuit_operator to 2023-06-08T01:50:18.433249+00:00, run_after=2023-06-09T01:50:18.433249+00:00
[2023-06-09T01:50:18.447+0000] {processor.py:179} INFO - Processing /home/airflow/.local/lib/python3.7/site-packages/airflow/example_dags/example_short_circuit_operator.py took 0.076 seconds
[2023-06-09T01:50:48.674+0000] {processor.py:157} INFO - Started process (PID=2849) to work on /home/airflow/.local/lib/python3.7/site-packages/airflow/example_dags/example_short_circuit_operator.py
[2023-06-09T01:50:48.677+0000] {processor.py:826} INFO - Processing file /home/airflow/.local/lib/python3.7/site-packages/airflow/example_dags/example_short_circuit_operator.py for tasks to queue
[2023-06-09T01:50:48.679+0000] {logging_mixin.py:149} INFO - [2023-06-09T01:50:48.678+0000] {dagbag.py:541} INFO - Filling up the DagBag from /home/airflow/.local/lib/python3.7/site-packages/airflow/example_dags/example_short_circuit_operator.py
[2023-06-09T01:50:48.692+0000] {processor.py:836} INFO - DAG(s) dict_keys(['example_short_circuit_operator']) retrieved from /home/airflow/.local/lib/python3.7/site-packages/airflow/example_dags/example_short_circuit_operator.py
[2023-06-09T01:50:48.722+0000] {logging_mixin.py:149} INFO - [2023-06-09T01:50:48.721+0000] {dag.py:2726} INFO - Sync 1 DAGs
[2023-06-09T01:50:48.739+0000] {logging_mixin.py:149} INFO - [2023-06-09T01:50:48.739+0000] {dag.py:3490} INFO - Setting next_dagrun for example_short_circuit_operator to 2023-06-08T01:50:48.739304+00:00, run_after=2023-06-09T01:50:48.739304+00:00
[2023-06-09T01:50:48.751+0000] {processor.py:179} INFO - Processing /home/airflow/.local/lib/python3.7/site-packages/airflow/example_dags/example_short_circuit_operator.py took 0.084 seconds
[2023-06-09T01:51:19.030+0000] {processor.py:157} INFO - Started process (PID=2905) to work on /home/airflow/.local/lib/python3.7/site-packages/airflow/example_dags/example_short_circuit_operator.py
[2023-06-09T01:51:19.032+0000] {processor.py:826} INFO - Processing file /home/airflow/.local/lib/python3.7/site-packages/airflow/example_dags/example_short_circuit_operator.py for tasks to queue
[2023-06-09T01:51:19.034+0000] {logging_mixin.py:149} INFO - [2023-06-09T01:51:19.034+0000] {dagbag.py:541} INFO - Filling up the DagBag from /home/airflow/.local/lib/python3.7/site-packages/airflow/example_dags/example_short_circuit_operator.py
[2023-06-09T01:51:19.045+0000] {processor.py:836} INFO - DAG(s) dict_keys(['example_short_circuit_operator']) retrieved from /home/airflow/.local/lib/python3.7/site-packages/airflow/example_dags/example_short_circuit_operator.py
[2023-06-09T01:51:19.072+0000] {logging_mixin.py:149} INFO - [2023-06-09T01:51:19.072+0000] {dag.py:2726} INFO - Sync 1 DAGs
[2023-06-09T01:51:19.088+0000] {logging_mixin.py:149} INFO - [2023-06-09T01:51:19.088+0000] {dag.py:3490} INFO - Setting next_dagrun for example_short_circuit_operator to 2023-06-08T01:51:19.087784+00:00, run_after=2023-06-09T01:51:19.087784+00:00
[2023-06-09T01:51:19.098+0000] {processor.py:179} INFO - Processing /home/airflow/.local/lib/python3.7/site-packages/airflow/example_dags/example_short_circuit_operator.py took 0.075 seconds
[2023-06-09T01:51:49.422+0000] {processor.py:157} INFO - Started process (PID=2961) to work on /home/airflow/.local/lib/python3.7/site-packages/airflow/example_dags/example_short_circuit_operator.py
[2023-06-09T01:51:49.426+0000] {processor.py:826} INFO - Processing file /home/airflow/.local/lib/python3.7/site-packages/airflow/example_dags/example_short_circuit_operator.py for tasks to queue
[2023-06-09T01:51:49.428+0000] {logging_mixin.py:149} INFO - [2023-06-09T01:51:49.428+0000] {dagbag.py:541} INFO - Filling up the DagBag from /home/airflow/.local/lib/python3.7/site-packages/airflow/example_dags/example_short_circuit_operator.py
[2023-06-09T01:51:49.438+0000] {processor.py:836} INFO - DAG(s) dict_keys(['example_short_circuit_operator']) retrieved from /home/airflow/.local/lib/python3.7/site-packages/airflow/example_dags/example_short_circuit_operator.py
[2023-06-09T01:51:49.464+0000] {logging_mixin.py:149} INFO - [2023-06-09T01:51:49.464+0000] {dag.py:2726} INFO - Sync 1 DAGs
[2023-06-09T01:51:49.479+0000] {logging_mixin.py:149} INFO - [2023-06-09T01:51:49.479+0000] {dag.py:3490} INFO - Setting next_dagrun for example_short_circuit_operator to 2023-06-08T01:51:49.479587+00:00, run_after=2023-06-09T01:51:49.479587+00:00
[2023-06-09T01:51:49.490+0000] {processor.py:179} INFO - Processing /home/airflow/.local/lib/python3.7/site-packages/airflow/example_dags/example_short_circuit_operator.py took 0.074 seconds
[2023-06-09T01:52:19.907+0000] {processor.py:157} INFO - Started process (PID=3017) to work on /home/airflow/.local/lib/python3.7/site-packages/airflow/example_dags/example_short_circuit_operator.py
[2023-06-09T01:52:19.912+0000] {processor.py:826} INFO - Processing file /home/airflow/.local/lib/python3.7/site-packages/airflow/example_dags/example_short_circuit_operator.py for tasks to queue
[2023-06-09T01:52:19.914+0000] {logging_mixin.py:149} INFO - [2023-06-09T01:52:19.914+0000] {dagbag.py:541} INFO - Filling up the DagBag from /home/airflow/.local/lib/python3.7/site-packages/airflow/example_dags/example_short_circuit_operator.py
[2023-06-09T01:52:19.927+0000] {processor.py:836} INFO - DAG(s) dict_keys(['example_short_circuit_operator']) retrieved from /home/airflow/.local/lib/python3.7/site-packages/airflow/example_dags/example_short_circuit_operator.py
[2023-06-09T01:52:19.952+0000] {logging_mixin.py:149} INFO - [2023-06-09T01:52:19.952+0000] {dag.py:2726} INFO - Sync 1 DAGs
[2023-06-09T01:52:19.971+0000] {logging_mixin.py:149} INFO - [2023-06-09T01:52:19.971+0000] {dag.py:3490} INFO - Setting next_dagrun for example_short_circuit_operator to 2023-06-08T01:52:19.970708+00:00, run_after=2023-06-09T01:52:19.970708+00:00
[2023-06-09T01:52:19.982+0000] {processor.py:179} INFO - Processing /home/airflow/.local/lib/python3.7/site-packages/airflow/example_dags/example_short_circuit_operator.py took 0.082 seconds
[2023-06-09T01:52:50.039+0000] {processor.py:157} INFO - Started process (PID=3073) to work on /home/airflow/.local/lib/python3.7/site-packages/airflow/example_dags/example_short_circuit_operator.py
[2023-06-09T01:52:50.041+0000] {processor.py:826} INFO - Processing file /home/airflow/.local/lib/python3.7/site-packages/airflow/example_dags/example_short_circuit_operator.py for tasks to queue
[2023-06-09T01:52:50.043+0000] {logging_mixin.py:149} INFO - [2023-06-09T01:52:50.042+0000] {dagbag.py:541} INFO - Filling up the DagBag from /home/airflow/.local/lib/python3.7/site-packages/airflow/example_dags/example_short_circuit_operator.py
[2023-06-09T01:52:50.054+0000] {processor.py:836} INFO - DAG(s) dict_keys(['example_short_circuit_operator']) retrieved from /home/airflow/.local/lib/python3.7/site-packages/airflow/example_dags/example_short_circuit_operator.py
[2023-06-09T01:52:50.082+0000] {logging_mixin.py:149} INFO - [2023-06-09T01:52:50.082+0000] {dag.py:2726} INFO - Sync 1 DAGs
[2023-06-09T01:52:50.101+0000] {logging_mixin.py:149} INFO - [2023-06-09T01:52:50.101+0000] {dag.py:3490} INFO - Setting next_dagrun for example_short_circuit_operator to 2023-06-08T01:52:50.101383+00:00, run_after=2023-06-09T01:52:50.101383+00:00
[2023-06-09T01:52:50.114+0000] {processor.py:179} INFO - Processing /home/airflow/.local/lib/python3.7/site-packages/airflow/example_dags/example_short_circuit_operator.py took 0.082 seconds
[2023-06-09T01:53:50.195+0000] {processor.py:157} INFO - Started process (PID=46) to work on /home/airflow/.local/lib/python3.7/site-packages/airflow/example_dags/example_short_circuit_operator.py
[2023-06-09T01:53:50.197+0000] {processor.py:826} INFO - Processing file /home/airflow/.local/lib/python3.7/site-packages/airflow/example_dags/example_short_circuit_operator.py for tasks to queue
[2023-06-09T01:53:50.199+0000] {logging_mixin.py:149} INFO - [2023-06-09T01:53:50.199+0000] {dagbag.py:541} INFO - Filling up the DagBag from /home/airflow/.local/lib/python3.7/site-packages/airflow/example_dags/example_short_circuit_operator.py
[2023-06-09T01:53:50.209+0000] {processor.py:836} INFO - DAG(s) dict_keys(['example_short_circuit_operator']) retrieved from /home/airflow/.local/lib/python3.7/site-packages/airflow/example_dags/example_short_circuit_operator.py
[2023-06-09T01:53:50.226+0000] {logging_mixin.py:149} INFO - [2023-06-09T01:53:50.226+0000] {dag.py:2726} INFO - Sync 1 DAGs
[2023-06-09T01:53:50.249+0000] {logging_mixin.py:149} INFO - [2023-06-09T01:53:50.249+0000] {dag.py:3490} INFO - Setting next_dagrun for example_short_circuit_operator to 2023-06-08T01:53:50.248686+00:00, run_after=2023-06-09T01:53:50.248686+00:00
[2023-06-09T01:53:50.266+0000] {processor.py:179} INFO - Processing /home/airflow/.local/lib/python3.7/site-packages/airflow/example_dags/example_short_circuit_operator.py took 0.074 seconds
