[2023-06-09T01:25:12.440+0000] {processor.py:157} INFO - Started process (PID=41) to work on /home/airflow/.local/lib/python3.7/site-packages/airflow/example_dags/example_latest_only_with_trigger.py
[2023-06-09T01:25:12.443+0000] {processor.py:826} INFO - Processing file /home/airflow/.local/lib/python3.7/site-packages/airflow/example_dags/example_latest_only_with_trigger.py for tasks to queue
[2023-06-09T01:25:12.448+0000] {logging_mixin.py:149} INFO - [2023-06-09T01:25:12.446+0000] {dagbag.py:541} INFO - Filling up the DagBag from /home/airflow/.local/lib/python3.7/site-packages/airflow/example_dags/example_latest_only_with_trigger.py
[2023-06-09T01:25:12.469+0000] {processor.py:836} INFO - DAG(s) dict_keys(['latest_only_with_trigger']) retrieved from /home/airflow/.local/lib/python3.7/site-packages/airflow/example_dags/example_latest_only_with_trigger.py
[2023-06-09T01:25:13.470+0000] {logging_mixin.py:149} INFO - [2023-06-09T01:25:13.470+0000] {manager.py:504} INFO - Created Permission View: can delete on DAG:latest_only_with_trigger
[2023-06-09T01:25:13.517+0000] {logging_mixin.py:149} INFO - [2023-06-09T01:25:13.517+0000] {manager.py:504} INFO - Created Permission View: can edit on DAG:latest_only_with_trigger
[2023-06-09T01:25:13.545+0000] {logging_mixin.py:149} INFO - [2023-06-09T01:25:13.545+0000] {manager.py:504} INFO - Created Permission View: can read on DAG:latest_only_with_trigger
[2023-06-09T01:25:13.551+0000] {logging_mixin.py:149} INFO - [2023-06-09T01:25:13.551+0000] {dag.py:2726} INFO - Sync 1 DAGs
[2023-06-09T01:25:13.621+0000] {logging_mixin.py:149} INFO - [2023-06-09T01:25:13.621+0000] {dag.py:2747} INFO - Creating ORM DAG for latest_only_with_trigger
[2023-06-09T01:25:13.707+0000] {logging_mixin.py:149} INFO - [2023-06-09T01:25:13.707+0000] {dag.py:3490} INFO - Setting next_dagrun for latest_only_with_trigger to 2023-06-08T21:25:13.706839+00:00, run_after=2023-06-09T01:25:13.706839+00:00
[2023-06-09T01:25:14.376+0000] {processor.py:179} INFO - Processing /home/airflow/.local/lib/python3.7/site-packages/airflow/example_dags/example_latest_only_with_trigger.py took 1.949 seconds
[2023-06-09T01:25:45.497+0000] {processor.py:157} INFO - Started process (PID=96) to work on /home/airflow/.local/lib/python3.7/site-packages/airflow/example_dags/example_latest_only_with_trigger.py
[2023-06-09T01:25:45.535+0000] {processor.py:826} INFO - Processing file /home/airflow/.local/lib/python3.7/site-packages/airflow/example_dags/example_latest_only_with_trigger.py for tasks to queue
[2023-06-09T01:25:45.548+0000] {logging_mixin.py:149} INFO - [2023-06-09T01:25:45.548+0000] {dagbag.py:541} INFO - Filling up the DagBag from /home/airflow/.local/lib/python3.7/site-packages/airflow/example_dags/example_latest_only_with_trigger.py
[2023-06-09T01:25:45.565+0000] {processor.py:836} INFO - DAG(s) dict_keys(['latest_only_with_trigger']) retrieved from /home/airflow/.local/lib/python3.7/site-packages/airflow/example_dags/example_latest_only_with_trigger.py
[2023-06-09T01:25:45.716+0000] {logging_mixin.py:149} INFO - [2023-06-09T01:25:45.716+0000] {dag.py:2726} INFO - Sync 1 DAGs
[2023-06-09T01:25:46.184+0000] {logging_mixin.py:149} INFO - [2023-06-09T01:25:46.183+0000] {dag.py:3490} INFO - Setting next_dagrun for latest_only_with_trigger to 2023-06-08T21:25:46.165662+00:00, run_after=2023-06-09T01:25:46.165662+00:00
[2023-06-09T01:25:46.349+0000] {processor.py:179} INFO - Processing /home/airflow/.local/lib/python3.7/site-packages/airflow/example_dags/example_latest_only_with_trigger.py took 0.863 seconds
[2023-06-09T01:26:17.159+0000] {processor.py:157} INFO - Started process (PID=159) to work on /home/airflow/.local/lib/python3.7/site-packages/airflow/example_dags/example_latest_only_with_trigger.py
[2023-06-09T01:26:17.161+0000] {processor.py:826} INFO - Processing file /home/airflow/.local/lib/python3.7/site-packages/airflow/example_dags/example_latest_only_with_trigger.py for tasks to queue
[2023-06-09T01:26:17.162+0000] {logging_mixin.py:149} INFO - [2023-06-09T01:26:17.162+0000] {dagbag.py:541} INFO - Filling up the DagBag from /home/airflow/.local/lib/python3.7/site-packages/airflow/example_dags/example_latest_only_with_trigger.py
[2023-06-09T01:26:17.169+0000] {processor.py:836} INFO - DAG(s) dict_keys(['latest_only_with_trigger']) retrieved from /home/airflow/.local/lib/python3.7/site-packages/airflow/example_dags/example_latest_only_with_trigger.py
[2023-06-09T01:26:17.199+0000] {logging_mixin.py:149} INFO - [2023-06-09T01:26:17.199+0000] {dag.py:2726} INFO - Sync 1 DAGs
[2023-06-09T01:26:17.221+0000] {logging_mixin.py:149} INFO - [2023-06-09T01:26:17.221+0000] {dag.py:3490} INFO - Setting next_dagrun for latest_only_with_trigger to 2023-06-08T21:26:17.220986+00:00, run_after=2023-06-09T01:26:17.220986+00:00
[2023-06-09T01:26:17.248+0000] {processor.py:179} INFO - Processing /home/airflow/.local/lib/python3.7/site-packages/airflow/example_dags/example_latest_only_with_trigger.py took 0.092 seconds
[2023-06-09T01:26:47.334+0000] {processor.py:157} INFO - Started process (PID=215) to work on /home/airflow/.local/lib/python3.7/site-packages/airflow/example_dags/example_latest_only_with_trigger.py
[2023-06-09T01:26:47.336+0000] {processor.py:826} INFO - Processing file /home/airflow/.local/lib/python3.7/site-packages/airflow/example_dags/example_latest_only_with_trigger.py for tasks to queue
[2023-06-09T01:26:47.336+0000] {logging_mixin.py:149} INFO - [2023-06-09T01:26:47.336+0000] {dagbag.py:541} INFO - Filling up the DagBag from /home/airflow/.local/lib/python3.7/site-packages/airflow/example_dags/example_latest_only_with_trigger.py
[2023-06-09T01:26:47.343+0000] {processor.py:836} INFO - DAG(s) dict_keys(['latest_only_with_trigger']) retrieved from /home/airflow/.local/lib/python3.7/site-packages/airflow/example_dags/example_latest_only_with_trigger.py
[2023-06-09T01:26:47.365+0000] {logging_mixin.py:149} INFO - [2023-06-09T01:26:47.365+0000] {dag.py:2726} INFO - Sync 1 DAGs
[2023-06-09T01:26:47.382+0000] {logging_mixin.py:149} INFO - [2023-06-09T01:26:47.381+0000] {dag.py:3490} INFO - Setting next_dagrun for latest_only_with_trigger to 2023-06-08T21:26:47.381739+00:00, run_after=2023-06-09T01:26:47.381739+00:00
[2023-06-09T01:26:47.394+0000] {processor.py:179} INFO - Processing /home/airflow/.local/lib/python3.7/site-packages/airflow/example_dags/example_latest_only_with_trigger.py took 0.063 seconds
[2023-06-09T01:27:17.856+0000] {processor.py:157} INFO - Started process (PID=271) to work on /home/airflow/.local/lib/python3.7/site-packages/airflow/example_dags/example_latest_only_with_trigger.py
[2023-06-09T01:27:17.858+0000] {processor.py:826} INFO - Processing file /home/airflow/.local/lib/python3.7/site-packages/airflow/example_dags/example_latest_only_with_trigger.py for tasks to queue
[2023-06-09T01:27:17.860+0000] {logging_mixin.py:149} INFO - [2023-06-09T01:27:17.860+0000] {dagbag.py:541} INFO - Filling up the DagBag from /home/airflow/.local/lib/python3.7/site-packages/airflow/example_dags/example_latest_only_with_trigger.py
[2023-06-09T01:27:17.870+0000] {processor.py:836} INFO - DAG(s) dict_keys(['latest_only_with_trigger']) retrieved from /home/airflow/.local/lib/python3.7/site-packages/airflow/example_dags/example_latest_only_with_trigger.py
[2023-06-09T01:27:17.896+0000] {logging_mixin.py:149} INFO - [2023-06-09T01:27:17.896+0000] {dag.py:2726} INFO - Sync 1 DAGs
[2023-06-09T01:27:17.914+0000] {logging_mixin.py:149} INFO - [2023-06-09T01:27:17.914+0000] {dag.py:3490} INFO - Setting next_dagrun for latest_only_with_trigger to 2023-06-08T21:27:17.914235+00:00, run_after=2023-06-09T01:27:17.914235+00:00
[2023-06-09T01:27:17.930+0000] {processor.py:179} INFO - Processing /home/airflow/.local/lib/python3.7/site-packages/airflow/example_dags/example_latest_only_with_trigger.py took 0.080 seconds
[2023-06-09T01:27:48.356+0000] {processor.py:157} INFO - Started process (PID=327) to work on /home/airflow/.local/lib/python3.7/site-packages/airflow/example_dags/example_latest_only_with_trigger.py
[2023-06-09T01:27:48.358+0000] {processor.py:826} INFO - Processing file /home/airflow/.local/lib/python3.7/site-packages/airflow/example_dags/example_latest_only_with_trigger.py for tasks to queue
[2023-06-09T01:27:48.360+0000] {logging_mixin.py:149} INFO - [2023-06-09T01:27:48.360+0000] {dagbag.py:541} INFO - Filling up the DagBag from /home/airflow/.local/lib/python3.7/site-packages/airflow/example_dags/example_latest_only_with_trigger.py
[2023-06-09T01:27:48.369+0000] {processor.py:836} INFO - DAG(s) dict_keys(['latest_only_with_trigger']) retrieved from /home/airflow/.local/lib/python3.7/site-packages/airflow/example_dags/example_latest_only_with_trigger.py
[2023-06-09T01:27:48.394+0000] {logging_mixin.py:149} INFO - [2023-06-09T01:27:48.394+0000] {dag.py:2726} INFO - Sync 1 DAGs
[2023-06-09T01:27:48.413+0000] {logging_mixin.py:149} INFO - [2023-06-09T01:27:48.413+0000] {dag.py:3490} INFO - Setting next_dagrun for latest_only_with_trigger to 2023-06-08T21:27:48.413623+00:00, run_after=2023-06-09T01:27:48.413623+00:00
[2023-06-09T01:27:48.427+0000] {processor.py:179} INFO - Processing /home/airflow/.local/lib/python3.7/site-packages/airflow/example_dags/example_latest_only_with_trigger.py took 0.076 seconds
[2023-06-09T01:28:18.987+0000] {processor.py:157} INFO - Started process (PID=383) to work on /home/airflow/.local/lib/python3.7/site-packages/airflow/example_dags/example_latest_only_with_trigger.py
[2023-06-09T01:28:18.992+0000] {processor.py:826} INFO - Processing file /home/airflow/.local/lib/python3.7/site-packages/airflow/example_dags/example_latest_only_with_trigger.py for tasks to queue
[2023-06-09T01:28:18.993+0000] {logging_mixin.py:149} INFO - [2023-06-09T01:28:18.993+0000] {dagbag.py:541} INFO - Filling up the DagBag from /home/airflow/.local/lib/python3.7/site-packages/airflow/example_dags/example_latest_only_with_trigger.py
[2023-06-09T01:28:19.005+0000] {processor.py:836} INFO - DAG(s) dict_keys(['latest_only_with_trigger']) retrieved from /home/airflow/.local/lib/python3.7/site-packages/airflow/example_dags/example_latest_only_with_trigger.py
[2023-06-09T01:28:19.073+0000] {logging_mixin.py:149} INFO - [2023-06-09T01:28:19.073+0000] {dag.py:2726} INFO - Sync 1 DAGs
[2023-06-09T01:28:19.099+0000] {logging_mixin.py:149} INFO - [2023-06-09T01:28:19.098+0000] {dag.py:3490} INFO - Setting next_dagrun for latest_only_with_trigger to 2023-06-08T21:28:19.098562+00:00, run_after=2023-06-09T01:28:19.098562+00:00
[2023-06-09T01:28:19.126+0000] {processor.py:179} INFO - Processing /home/airflow/.local/lib/python3.7/site-packages/airflow/example_dags/example_latest_only_with_trigger.py took 0.143 seconds
[2023-06-09T01:28:49.327+0000] {processor.py:157} INFO - Started process (PID=439) to work on /home/airflow/.local/lib/python3.7/site-packages/airflow/example_dags/example_latest_only_with_trigger.py
[2023-06-09T01:28:49.329+0000] {processor.py:826} INFO - Processing file /home/airflow/.local/lib/python3.7/site-packages/airflow/example_dags/example_latest_only_with_trigger.py for tasks to queue
[2023-06-09T01:28:49.330+0000] {logging_mixin.py:149} INFO - [2023-06-09T01:28:49.330+0000] {dagbag.py:541} INFO - Filling up the DagBag from /home/airflow/.local/lib/python3.7/site-packages/airflow/example_dags/example_latest_only_with_trigger.py
[2023-06-09T01:28:49.337+0000] {processor.py:836} INFO - DAG(s) dict_keys(['latest_only_with_trigger']) retrieved from /home/airflow/.local/lib/python3.7/site-packages/airflow/example_dags/example_latest_only_with_trigger.py
[2023-06-09T01:28:49.380+0000] {logging_mixin.py:149} INFO - [2023-06-09T01:28:49.380+0000] {dag.py:2726} INFO - Sync 1 DAGs
[2023-06-09T01:28:49.469+0000] {logging_mixin.py:149} INFO - [2023-06-09T01:28:49.469+0000] {dag.py:3490} INFO - Setting next_dagrun for latest_only_with_trigger to 2023-06-08T21:28:49.469496+00:00, run_after=2023-06-09T01:28:49.469496+00:00
[2023-06-09T01:28:49.491+0000] {processor.py:179} INFO - Processing /home/airflow/.local/lib/python3.7/site-packages/airflow/example_dags/example_latest_only_with_trigger.py took 0.167 seconds
[2023-06-09T01:29:20.050+0000] {processor.py:157} INFO - Started process (PID=495) to work on /home/airflow/.local/lib/python3.7/site-packages/airflow/example_dags/example_latest_only_with_trigger.py
[2023-06-09T01:29:20.053+0000] {processor.py:826} INFO - Processing file /home/airflow/.local/lib/python3.7/site-packages/airflow/example_dags/example_latest_only_with_trigger.py for tasks to queue
[2023-06-09T01:29:20.054+0000] {logging_mixin.py:149} INFO - [2023-06-09T01:29:20.054+0000] {dagbag.py:541} INFO - Filling up the DagBag from /home/airflow/.local/lib/python3.7/site-packages/airflow/example_dags/example_latest_only_with_trigger.py
[2023-06-09T01:29:20.062+0000] {processor.py:836} INFO - DAG(s) dict_keys(['latest_only_with_trigger']) retrieved from /home/airflow/.local/lib/python3.7/site-packages/airflow/example_dags/example_latest_only_with_trigger.py
[2023-06-09T01:29:20.097+0000] {logging_mixin.py:149} INFO - [2023-06-09T01:29:20.097+0000] {dag.py:2726} INFO - Sync 1 DAGs
[2023-06-09T01:29:20.121+0000] {logging_mixin.py:149} INFO - [2023-06-09T01:29:20.121+0000] {dag.py:3490} INFO - Setting next_dagrun for latest_only_with_trigger to 2023-06-08T21:29:20.121061+00:00, run_after=2023-06-09T01:29:20.121061+00:00
[2023-06-09T01:29:20.137+0000] {processor.py:179} INFO - Processing /home/airflow/.local/lib/python3.7/site-packages/airflow/example_dags/example_latest_only_with_trigger.py took 0.090 seconds
[2023-06-09T01:29:50.610+0000] {processor.py:157} INFO - Started process (PID=551) to work on /home/airflow/.local/lib/python3.7/site-packages/airflow/example_dags/example_latest_only_with_trigger.py
[2023-06-09T01:29:50.612+0000] {processor.py:826} INFO - Processing file /home/airflow/.local/lib/python3.7/site-packages/airflow/example_dags/example_latest_only_with_trigger.py for tasks to queue
[2023-06-09T01:29:50.613+0000] {logging_mixin.py:149} INFO - [2023-06-09T01:29:50.613+0000] {dagbag.py:541} INFO - Filling up the DagBag from /home/airflow/.local/lib/python3.7/site-packages/airflow/example_dags/example_latest_only_with_trigger.py
[2023-06-09T01:29:50.621+0000] {processor.py:836} INFO - DAG(s) dict_keys(['latest_only_with_trigger']) retrieved from /home/airflow/.local/lib/python3.7/site-packages/airflow/example_dags/example_latest_only_with_trigger.py
[2023-06-09T01:29:50.648+0000] {logging_mixin.py:149} INFO - [2023-06-09T01:29:50.648+0000] {dag.py:2726} INFO - Sync 1 DAGs
[2023-06-09T01:29:50.674+0000] {logging_mixin.py:149} INFO - [2023-06-09T01:29:50.674+0000] {dag.py:3490} INFO - Setting next_dagrun for latest_only_with_trigger to 2023-06-08T21:29:50.674113+00:00, run_after=2023-06-09T01:29:50.674113+00:00
[2023-06-09T01:29:50.694+0000] {processor.py:179} INFO - Processing /home/airflow/.local/lib/python3.7/site-packages/airflow/example_dags/example_latest_only_with_trigger.py took 0.089 seconds
[2023-06-09T01:30:21.492+0000] {processor.py:157} INFO - Started process (PID=602) to work on /home/airflow/.local/lib/python3.7/site-packages/airflow/example_dags/example_latest_only_with_trigger.py
[2023-06-09T01:30:21.494+0000] {processor.py:826} INFO - Processing file /home/airflow/.local/lib/python3.7/site-packages/airflow/example_dags/example_latest_only_with_trigger.py for tasks to queue
[2023-06-09T01:30:21.496+0000] {logging_mixin.py:149} INFO - [2023-06-09T01:30:21.496+0000] {dagbag.py:541} INFO - Filling up the DagBag from /home/airflow/.local/lib/python3.7/site-packages/airflow/example_dags/example_latest_only_with_trigger.py
[2023-06-09T01:30:21.515+0000] {processor.py:836} INFO - DAG(s) dict_keys(['latest_only_with_trigger']) retrieved from /home/airflow/.local/lib/python3.7/site-packages/airflow/example_dags/example_latest_only_with_trigger.py
[2023-06-09T01:30:21.609+0000] {logging_mixin.py:149} INFO - [2023-06-09T01:30:21.608+0000] {dag.py:2726} INFO - Sync 1 DAGs
[2023-06-09T01:30:21.661+0000] {logging_mixin.py:149} INFO - [2023-06-09T01:30:21.661+0000] {dag.py:3490} INFO - Setting next_dagrun for latest_only_with_trigger to 2023-06-08T21:30:21.660774+00:00, run_after=2023-06-09T01:30:21.660774+00:00
[2023-06-09T01:30:21.697+0000] {processor.py:179} INFO - Processing /home/airflow/.local/lib/python3.7/site-packages/airflow/example_dags/example_latest_only_with_trigger.py took 0.212 seconds
[2023-06-09T01:30:52.394+0000] {processor.py:157} INFO - Started process (PID=658) to work on /home/airflow/.local/lib/python3.7/site-packages/airflow/example_dags/example_latest_only_with_trigger.py
[2023-06-09T01:30:52.396+0000] {processor.py:826} INFO - Processing file /home/airflow/.local/lib/python3.7/site-packages/airflow/example_dags/example_latest_only_with_trigger.py for tasks to queue
[2023-06-09T01:30:52.397+0000] {logging_mixin.py:149} INFO - [2023-06-09T01:30:52.397+0000] {dagbag.py:541} INFO - Filling up the DagBag from /home/airflow/.local/lib/python3.7/site-packages/airflow/example_dags/example_latest_only_with_trigger.py
[2023-06-09T01:30:52.404+0000] {processor.py:836} INFO - DAG(s) dict_keys(['latest_only_with_trigger']) retrieved from /home/airflow/.local/lib/python3.7/site-packages/airflow/example_dags/example_latest_only_with_trigger.py
[2023-06-09T01:30:52.429+0000] {logging_mixin.py:149} INFO - [2023-06-09T01:30:52.429+0000] {dag.py:2726} INFO - Sync 1 DAGs
[2023-06-09T01:30:52.452+0000] {logging_mixin.py:149} INFO - [2023-06-09T01:30:52.452+0000] {dag.py:3490} INFO - Setting next_dagrun for latest_only_with_trigger to 2023-06-08T21:30:52.452169+00:00, run_after=2023-06-09T01:30:52.452169+00:00
[2023-06-09T01:30:52.464+0000] {processor.py:179} INFO - Processing /home/airflow/.local/lib/python3.7/site-packages/airflow/example_dags/example_latest_only_with_trigger.py took 0.074 seconds
[2023-06-09T01:31:22.530+0000] {processor.py:157} INFO - Started process (PID=714) to work on /home/airflow/.local/lib/python3.7/site-packages/airflow/example_dags/example_latest_only_with_trigger.py
[2023-06-09T01:31:22.532+0000] {processor.py:826} INFO - Processing file /home/airflow/.local/lib/python3.7/site-packages/airflow/example_dags/example_latest_only_with_trigger.py for tasks to queue
[2023-06-09T01:31:22.533+0000] {logging_mixin.py:149} INFO - [2023-06-09T01:31:22.533+0000] {dagbag.py:541} INFO - Filling up the DagBag from /home/airflow/.local/lib/python3.7/site-packages/airflow/example_dags/example_latest_only_with_trigger.py
[2023-06-09T01:31:22.539+0000] {processor.py:836} INFO - DAG(s) dict_keys(['latest_only_with_trigger']) retrieved from /home/airflow/.local/lib/python3.7/site-packages/airflow/example_dags/example_latest_only_with_trigger.py
[2023-06-09T01:31:22.575+0000] {logging_mixin.py:149} INFO - [2023-06-09T01:31:22.575+0000] {dag.py:2726} INFO - Sync 1 DAGs
[2023-06-09T01:31:22.590+0000] {logging_mixin.py:149} INFO - [2023-06-09T01:31:22.590+0000] {dag.py:3490} INFO - Setting next_dagrun for latest_only_with_trigger to 2023-06-08T21:31:22.590641+00:00, run_after=2023-06-09T01:31:22.590641+00:00
[2023-06-09T01:31:22.601+0000] {processor.py:179} INFO - Processing /home/airflow/.local/lib/python3.7/site-packages/airflow/example_dags/example_latest_only_with_trigger.py took 0.074 seconds
[2023-06-09T01:31:53.412+0000] {processor.py:157} INFO - Started process (PID=770) to work on /home/airflow/.local/lib/python3.7/site-packages/airflow/example_dags/example_latest_only_with_trigger.py
[2023-06-09T01:31:53.413+0000] {processor.py:826} INFO - Processing file /home/airflow/.local/lib/python3.7/site-packages/airflow/example_dags/example_latest_only_with_trigger.py for tasks to queue
[2023-06-09T01:31:53.413+0000] {logging_mixin.py:149} INFO - [2023-06-09T01:31:53.413+0000] {dagbag.py:541} INFO - Filling up the DagBag from /home/airflow/.local/lib/python3.7/site-packages/airflow/example_dags/example_latest_only_with_trigger.py
[2023-06-09T01:31:53.419+0000] {processor.py:836} INFO - DAG(s) dict_keys(['latest_only_with_trigger']) retrieved from /home/airflow/.local/lib/python3.7/site-packages/airflow/example_dags/example_latest_only_with_trigger.py
[2023-06-09T01:31:53.438+0000] {logging_mixin.py:149} INFO - [2023-06-09T01:31:53.438+0000] {dag.py:2726} INFO - Sync 1 DAGs
[2023-06-09T01:31:53.454+0000] {logging_mixin.py:149} INFO - [2023-06-09T01:31:53.454+0000] {dag.py:3490} INFO - Setting next_dagrun for latest_only_with_trigger to 2023-06-08T21:31:53.454606+00:00, run_after=2023-06-09T01:31:53.454606+00:00
[2023-06-09T01:31:53.466+0000] {processor.py:179} INFO - Processing /home/airflow/.local/lib/python3.7/site-packages/airflow/example_dags/example_latest_only_with_trigger.py took 0.057 seconds
[2023-06-09T01:32:23.719+0000] {processor.py:157} INFO - Started process (PID=826) to work on /home/airflow/.local/lib/python3.7/site-packages/airflow/example_dags/example_latest_only_with_trigger.py
[2023-06-09T01:32:23.720+0000] {processor.py:826} INFO - Processing file /home/airflow/.local/lib/python3.7/site-packages/airflow/example_dags/example_latest_only_with_trigger.py for tasks to queue
[2023-06-09T01:32:23.721+0000] {logging_mixin.py:149} INFO - [2023-06-09T01:32:23.721+0000] {dagbag.py:541} INFO - Filling up the DagBag from /home/airflow/.local/lib/python3.7/site-packages/airflow/example_dags/example_latest_only_with_trigger.py
[2023-06-09T01:32:23.726+0000] {processor.py:836} INFO - DAG(s) dict_keys(['latest_only_with_trigger']) retrieved from /home/airflow/.local/lib/python3.7/site-packages/airflow/example_dags/example_latest_only_with_trigger.py
[2023-06-09T01:32:23.746+0000] {logging_mixin.py:149} INFO - [2023-06-09T01:32:23.745+0000] {dag.py:2726} INFO - Sync 1 DAGs
[2023-06-09T01:32:23.762+0000] {logging_mixin.py:149} INFO - [2023-06-09T01:32:23.761+0000] {dag.py:3490} INFO - Setting next_dagrun for latest_only_with_trigger to 2023-06-08T21:32:23.761697+00:00, run_after=2023-06-09T01:32:23.761697+00:00
[2023-06-09T01:32:23.777+0000] {processor.py:179} INFO - Processing /home/airflow/.local/lib/python3.7/site-packages/airflow/example_dags/example_latest_only_with_trigger.py took 0.060 seconds
[2023-06-09T01:32:53.854+0000] {processor.py:157} INFO - Started process (PID=882) to work on /home/airflow/.local/lib/python3.7/site-packages/airflow/example_dags/example_latest_only_with_trigger.py
[2023-06-09T01:32:53.855+0000] {processor.py:826} INFO - Processing file /home/airflow/.local/lib/python3.7/site-packages/airflow/example_dags/example_latest_only_with_trigger.py for tasks to queue
[2023-06-09T01:32:53.856+0000] {logging_mixin.py:149} INFO - [2023-06-09T01:32:53.856+0000] {dagbag.py:541} INFO - Filling up the DagBag from /home/airflow/.local/lib/python3.7/site-packages/airflow/example_dags/example_latest_only_with_trigger.py
[2023-06-09T01:32:53.861+0000] {processor.py:836} INFO - DAG(s) dict_keys(['latest_only_with_trigger']) retrieved from /home/airflow/.local/lib/python3.7/site-packages/airflow/example_dags/example_latest_only_with_trigger.py
[2023-06-09T01:32:53.880+0000] {logging_mixin.py:149} INFO - [2023-06-09T01:32:53.880+0000] {dag.py:2726} INFO - Sync 1 DAGs
[2023-06-09T01:32:53.894+0000] {logging_mixin.py:149} INFO - [2023-06-09T01:32:53.894+0000] {dag.py:3490} INFO - Setting next_dagrun for latest_only_with_trigger to 2023-06-08T21:32:53.894387+00:00, run_after=2023-06-09T01:32:53.894387+00:00
[2023-06-09T01:32:53.904+0000] {processor.py:179} INFO - Processing /home/airflow/.local/lib/python3.7/site-packages/airflow/example_dags/example_latest_only_with_trigger.py took 0.053 seconds
[2023-06-09T01:33:24.053+0000] {processor.py:157} INFO - Started process (PID=938) to work on /home/airflow/.local/lib/python3.7/site-packages/airflow/example_dags/example_latest_only_with_trigger.py
[2023-06-09T01:33:24.054+0000] {processor.py:826} INFO - Processing file /home/airflow/.local/lib/python3.7/site-packages/airflow/example_dags/example_latest_only_with_trigger.py for tasks to queue
[2023-06-09T01:33:24.055+0000] {logging_mixin.py:149} INFO - [2023-06-09T01:33:24.055+0000] {dagbag.py:541} INFO - Filling up the DagBag from /home/airflow/.local/lib/python3.7/site-packages/airflow/example_dags/example_latest_only_with_trigger.py
[2023-06-09T01:33:24.060+0000] {processor.py:836} INFO - DAG(s) dict_keys(['latest_only_with_trigger']) retrieved from /home/airflow/.local/lib/python3.7/site-packages/airflow/example_dags/example_latest_only_with_trigger.py
[2023-06-09T01:33:24.079+0000] {logging_mixin.py:149} INFO - [2023-06-09T01:33:24.079+0000] {dag.py:2726} INFO - Sync 1 DAGs
[2023-06-09T01:33:24.095+0000] {logging_mixin.py:149} INFO - [2023-06-09T01:33:24.095+0000] {dag.py:3490} INFO - Setting next_dagrun for latest_only_with_trigger to 2023-06-08T21:33:24.095163+00:00, run_after=2023-06-09T01:33:24.095163+00:00
[2023-06-09T01:33:24.105+0000] {processor.py:179} INFO - Processing /home/airflow/.local/lib/python3.7/site-packages/airflow/example_dags/example_latest_only_with_trigger.py took 0.055 seconds
[2023-06-09T01:33:54.256+0000] {processor.py:157} INFO - Started process (PID=994) to work on /home/airflow/.local/lib/python3.7/site-packages/airflow/example_dags/example_latest_only_with_trigger.py
[2023-06-09T01:33:54.258+0000] {processor.py:826} INFO - Processing file /home/airflow/.local/lib/python3.7/site-packages/airflow/example_dags/example_latest_only_with_trigger.py for tasks to queue
[2023-06-09T01:33:54.259+0000] {logging_mixin.py:149} INFO - [2023-06-09T01:33:54.259+0000] {dagbag.py:541} INFO - Filling up the DagBag from /home/airflow/.local/lib/python3.7/site-packages/airflow/example_dags/example_latest_only_with_trigger.py
[2023-06-09T01:33:54.273+0000] {processor.py:836} INFO - DAG(s) dict_keys(['latest_only_with_trigger']) retrieved from /home/airflow/.local/lib/python3.7/site-packages/airflow/example_dags/example_latest_only_with_trigger.py
[2023-06-09T01:33:54.304+0000] {logging_mixin.py:149} INFO - [2023-06-09T01:33:54.304+0000] {dag.py:2726} INFO - Sync 1 DAGs
[2023-06-09T01:33:54.321+0000] {logging_mixin.py:149} INFO - [2023-06-09T01:33:54.321+0000] {dag.py:3490} INFO - Setting next_dagrun for latest_only_with_trigger to 2023-06-08T21:33:54.321175+00:00, run_after=2023-06-09T01:33:54.321175+00:00
[2023-06-09T01:33:54.333+0000] {processor.py:179} INFO - Processing /home/airflow/.local/lib/python3.7/site-packages/airflow/example_dags/example_latest_only_with_trigger.py took 0.079 seconds
[2023-06-09T01:34:24.545+0000] {processor.py:157} INFO - Started process (PID=1050) to work on /home/airflow/.local/lib/python3.7/site-packages/airflow/example_dags/example_latest_only_with_trigger.py
[2023-06-09T01:34:24.546+0000] {processor.py:826} INFO - Processing file /home/airflow/.local/lib/python3.7/site-packages/airflow/example_dags/example_latest_only_with_trigger.py for tasks to queue
[2023-06-09T01:34:24.547+0000] {logging_mixin.py:149} INFO - [2023-06-09T01:34:24.547+0000] {dagbag.py:541} INFO - Filling up the DagBag from /home/airflow/.local/lib/python3.7/site-packages/airflow/example_dags/example_latest_only_with_trigger.py
[2023-06-09T01:34:24.554+0000] {processor.py:836} INFO - DAG(s) dict_keys(['latest_only_with_trigger']) retrieved from /home/airflow/.local/lib/python3.7/site-packages/airflow/example_dags/example_latest_only_with_trigger.py
[2023-06-09T01:34:24.573+0000] {logging_mixin.py:149} INFO - [2023-06-09T01:34:24.573+0000] {dag.py:2726} INFO - Sync 1 DAGs
[2023-06-09T01:34:24.588+0000] {logging_mixin.py:149} INFO - [2023-06-09T01:34:24.588+0000] {dag.py:3490} INFO - Setting next_dagrun for latest_only_with_trigger to 2023-06-08T21:34:24.588219+00:00, run_after=2023-06-09T01:34:24.588219+00:00
[2023-06-09T01:34:24.600+0000] {processor.py:179} INFO - Processing /home/airflow/.local/lib/python3.7/site-packages/airflow/example_dags/example_latest_only_with_trigger.py took 0.059 seconds
[2023-06-09T01:34:55.177+0000] {processor.py:157} INFO - Started process (PID=1106) to work on /home/airflow/.local/lib/python3.7/site-packages/airflow/example_dags/example_latest_only_with_trigger.py
[2023-06-09T01:34:55.179+0000] {processor.py:826} INFO - Processing file /home/airflow/.local/lib/python3.7/site-packages/airflow/example_dags/example_latest_only_with_trigger.py for tasks to queue
[2023-06-09T01:34:55.180+0000] {logging_mixin.py:149} INFO - [2023-06-09T01:34:55.180+0000] {dagbag.py:541} INFO - Filling up the DagBag from /home/airflow/.local/lib/python3.7/site-packages/airflow/example_dags/example_latest_only_with_trigger.py
[2023-06-09T01:34:55.186+0000] {processor.py:836} INFO - DAG(s) dict_keys(['latest_only_with_trigger']) retrieved from /home/airflow/.local/lib/python3.7/site-packages/airflow/example_dags/example_latest_only_with_trigger.py
[2023-06-09T01:34:55.209+0000] {logging_mixin.py:149} INFO - [2023-06-09T01:34:55.209+0000] {dag.py:2726} INFO - Sync 1 DAGs
[2023-06-09T01:34:55.232+0000] {logging_mixin.py:149} INFO - [2023-06-09T01:34:55.232+0000] {dag.py:3490} INFO - Setting next_dagrun for latest_only_with_trigger to 2023-06-08T21:34:55.232228+00:00, run_after=2023-06-09T01:34:55.232228+00:00
[2023-06-09T01:34:55.253+0000] {processor.py:179} INFO - Processing /home/airflow/.local/lib/python3.7/site-packages/airflow/example_dags/example_latest_only_with_trigger.py took 0.080 seconds
[2023-06-09T01:35:25.734+0000] {processor.py:157} INFO - Started process (PID=1162) to work on /home/airflow/.local/lib/python3.7/site-packages/airflow/example_dags/example_latest_only_with_trigger.py
[2023-06-09T01:35:25.735+0000] {processor.py:826} INFO - Processing file /home/airflow/.local/lib/python3.7/site-packages/airflow/example_dags/example_latest_only_with_trigger.py for tasks to queue
[2023-06-09T01:35:25.736+0000] {logging_mixin.py:149} INFO - [2023-06-09T01:35:25.736+0000] {dagbag.py:541} INFO - Filling up the DagBag from /home/airflow/.local/lib/python3.7/site-packages/airflow/example_dags/example_latest_only_with_trigger.py
[2023-06-09T01:35:25.744+0000] {processor.py:836} INFO - DAG(s) dict_keys(['latest_only_with_trigger']) retrieved from /home/airflow/.local/lib/python3.7/site-packages/airflow/example_dags/example_latest_only_with_trigger.py
[2023-06-09T01:35:25.770+0000] {logging_mixin.py:149} INFO - [2023-06-09T01:35:25.770+0000] {dag.py:2726} INFO - Sync 1 DAGs
[2023-06-09T01:35:25.790+0000] {logging_mixin.py:149} INFO - [2023-06-09T01:35:25.790+0000] {dag.py:3490} INFO - Setting next_dagrun for latest_only_with_trigger to 2023-06-08T21:35:25.790216+00:00, run_after=2023-06-09T01:35:25.790216+00:00
[2023-06-09T01:35:25.805+0000] {processor.py:179} INFO - Processing /home/airflow/.local/lib/python3.7/site-packages/airflow/example_dags/example_latest_only_with_trigger.py took 0.075 seconds
[2023-06-09T01:35:56.028+0000] {processor.py:157} INFO - Started process (PID=1218) to work on /home/airflow/.local/lib/python3.7/site-packages/airflow/example_dags/example_latest_only_with_trigger.py
[2023-06-09T01:35:56.030+0000] {processor.py:826} INFO - Processing file /home/airflow/.local/lib/python3.7/site-packages/airflow/example_dags/example_latest_only_with_trigger.py for tasks to queue
[2023-06-09T01:35:56.031+0000] {logging_mixin.py:149} INFO - [2023-06-09T01:35:56.031+0000] {dagbag.py:541} INFO - Filling up the DagBag from /home/airflow/.local/lib/python3.7/site-packages/airflow/example_dags/example_latest_only_with_trigger.py
[2023-06-09T01:35:56.041+0000] {processor.py:836} INFO - DAG(s) dict_keys(['latest_only_with_trigger']) retrieved from /home/airflow/.local/lib/python3.7/site-packages/airflow/example_dags/example_latest_only_with_trigger.py
[2023-06-09T01:35:56.070+0000] {logging_mixin.py:149} INFO - [2023-06-09T01:35:56.070+0000] {dag.py:2726} INFO - Sync 1 DAGs
[2023-06-09T01:35:56.087+0000] {logging_mixin.py:149} INFO - [2023-06-09T01:35:56.087+0000] {dag.py:3490} INFO - Setting next_dagrun for latest_only_with_trigger to 2023-06-08T21:35:56.087524+00:00, run_after=2023-06-09T01:35:56.087524+00:00
[2023-06-09T01:35:56.100+0000] {processor.py:179} INFO - Processing /home/airflow/.local/lib/python3.7/site-packages/airflow/example_dags/example_latest_only_with_trigger.py took 0.075 seconds
[2023-06-09T01:36:26.896+0000] {processor.py:157} INFO - Started process (PID=1274) to work on /home/airflow/.local/lib/python3.7/site-packages/airflow/example_dags/example_latest_only_with_trigger.py
[2023-06-09T01:36:26.897+0000] {processor.py:826} INFO - Processing file /home/airflow/.local/lib/python3.7/site-packages/airflow/example_dags/example_latest_only_with_trigger.py for tasks to queue
[2023-06-09T01:36:26.898+0000] {logging_mixin.py:149} INFO - [2023-06-09T01:36:26.898+0000] {dagbag.py:541} INFO - Filling up the DagBag from /home/airflow/.local/lib/python3.7/site-packages/airflow/example_dags/example_latest_only_with_trigger.py
[2023-06-09T01:36:26.904+0000] {processor.py:836} INFO - DAG(s) dict_keys(['latest_only_with_trigger']) retrieved from /home/airflow/.local/lib/python3.7/site-packages/airflow/example_dags/example_latest_only_with_trigger.py
[2023-06-09T01:36:26.924+0000] {logging_mixin.py:149} INFO - [2023-06-09T01:36:26.924+0000] {dag.py:2726} INFO - Sync 1 DAGs
[2023-06-09T01:36:26.939+0000] {logging_mixin.py:149} INFO - [2023-06-09T01:36:26.939+0000] {dag.py:3490} INFO - Setting next_dagrun for latest_only_with_trigger to 2023-06-08T21:36:26.939409+00:00, run_after=2023-06-09T01:36:26.939409+00:00
[2023-06-09T01:36:26.951+0000] {processor.py:179} INFO - Processing /home/airflow/.local/lib/python3.7/site-packages/airflow/example_dags/example_latest_only_with_trigger.py took 0.057 seconds
[2023-06-09T01:36:57.369+0000] {processor.py:157} INFO - Started process (PID=1330) to work on /home/airflow/.local/lib/python3.7/site-packages/airflow/example_dags/example_latest_only_with_trigger.py
[2023-06-09T01:36:57.370+0000] {processor.py:826} INFO - Processing file /home/airflow/.local/lib/python3.7/site-packages/airflow/example_dags/example_latest_only_with_trigger.py for tasks to queue
[2023-06-09T01:36:57.371+0000] {logging_mixin.py:149} INFO - [2023-06-09T01:36:57.370+0000] {dagbag.py:541} INFO - Filling up the DagBag from /home/airflow/.local/lib/python3.7/site-packages/airflow/example_dags/example_latest_only_with_trigger.py
[2023-06-09T01:36:57.375+0000] {processor.py:836} INFO - DAG(s) dict_keys(['latest_only_with_trigger']) retrieved from /home/airflow/.local/lib/python3.7/site-packages/airflow/example_dags/example_latest_only_with_trigger.py
[2023-06-09T01:36:57.395+0000] {logging_mixin.py:149} INFO - [2023-06-09T01:36:57.394+0000] {dag.py:2726} INFO - Sync 1 DAGs
[2023-06-09T01:36:57.410+0000] {logging_mixin.py:149} INFO - [2023-06-09T01:36:57.410+0000] {dag.py:3490} INFO - Setting next_dagrun for latest_only_with_trigger to 2023-06-08T21:36:57.410191+00:00, run_after=2023-06-09T01:36:57.410191+00:00
[2023-06-09T01:36:57.422+0000] {processor.py:179} INFO - Processing /home/airflow/.local/lib/python3.7/site-packages/airflow/example_dags/example_latest_only_with_trigger.py took 0.057 seconds
[2023-06-09T01:37:28.155+0000] {processor.py:157} INFO - Started process (PID=1386) to work on /home/airflow/.local/lib/python3.7/site-packages/airflow/example_dags/example_latest_only_with_trigger.py
[2023-06-09T01:37:28.156+0000] {processor.py:826} INFO - Processing file /home/airflow/.local/lib/python3.7/site-packages/airflow/example_dags/example_latest_only_with_trigger.py for tasks to queue
[2023-06-09T01:37:28.157+0000] {logging_mixin.py:149} INFO - [2023-06-09T01:37:28.157+0000] {dagbag.py:541} INFO - Filling up the DagBag from /home/airflow/.local/lib/python3.7/site-packages/airflow/example_dags/example_latest_only_with_trigger.py
[2023-06-09T01:37:28.162+0000] {processor.py:836} INFO - DAG(s) dict_keys(['latest_only_with_trigger']) retrieved from /home/airflow/.local/lib/python3.7/site-packages/airflow/example_dags/example_latest_only_with_trigger.py
[2023-06-09T01:37:28.183+0000] {logging_mixin.py:149} INFO - [2023-06-09T01:37:28.183+0000] {dag.py:2726} INFO - Sync 1 DAGs
[2023-06-09T01:37:28.201+0000] {logging_mixin.py:149} INFO - [2023-06-09T01:37:28.201+0000] {dag.py:3490} INFO - Setting next_dagrun for latest_only_with_trigger to 2023-06-08T21:37:28.201370+00:00, run_after=2023-06-09T01:37:28.201370+00:00
[2023-06-09T01:37:28.213+0000] {processor.py:179} INFO - Processing /home/airflow/.local/lib/python3.7/site-packages/airflow/example_dags/example_latest_only_with_trigger.py took 0.061 seconds
[2023-06-09T01:37:58.644+0000] {processor.py:157} INFO - Started process (PID=1441) to work on /home/airflow/.local/lib/python3.7/site-packages/airflow/example_dags/example_latest_only_with_trigger.py
[2023-06-09T01:37:58.645+0000] {processor.py:826} INFO - Processing file /home/airflow/.local/lib/python3.7/site-packages/airflow/example_dags/example_latest_only_with_trigger.py for tasks to queue
[2023-06-09T01:37:58.647+0000] {logging_mixin.py:149} INFO - [2023-06-09T01:37:58.646+0000] {dagbag.py:541} INFO - Filling up the DagBag from /home/airflow/.local/lib/python3.7/site-packages/airflow/example_dags/example_latest_only_with_trigger.py
[2023-06-09T01:37:58.652+0000] {processor.py:836} INFO - DAG(s) dict_keys(['latest_only_with_trigger']) retrieved from /home/airflow/.local/lib/python3.7/site-packages/airflow/example_dags/example_latest_only_with_trigger.py
[2023-06-09T01:37:58.671+0000] {logging_mixin.py:149} INFO - [2023-06-09T01:37:58.671+0000] {dag.py:2726} INFO - Sync 1 DAGs
[2023-06-09T01:37:58.687+0000] {logging_mixin.py:149} INFO - [2023-06-09T01:37:58.687+0000] {dag.py:3490} INFO - Setting next_dagrun for latest_only_with_trigger to 2023-06-08T21:37:58.687483+00:00, run_after=2023-06-09T01:37:58.687483+00:00
[2023-06-09T01:37:58.698+0000] {processor.py:179} INFO - Processing /home/airflow/.local/lib/python3.7/site-packages/airflow/example_dags/example_latest_only_with_trigger.py took 0.057 seconds
[2023-06-09T01:38:29.201+0000] {processor.py:157} INFO - Started process (PID=1497) to work on /home/airflow/.local/lib/python3.7/site-packages/airflow/example_dags/example_latest_only_with_trigger.py
[2023-06-09T01:38:29.202+0000] {processor.py:826} INFO - Processing file /home/airflow/.local/lib/python3.7/site-packages/airflow/example_dags/example_latest_only_with_trigger.py for tasks to queue
[2023-06-09T01:38:29.203+0000] {logging_mixin.py:149} INFO - [2023-06-09T01:38:29.203+0000] {dagbag.py:541} INFO - Filling up the DagBag from /home/airflow/.local/lib/python3.7/site-packages/airflow/example_dags/example_latest_only_with_trigger.py
[2023-06-09T01:38:29.208+0000] {processor.py:836} INFO - DAG(s) dict_keys(['latest_only_with_trigger']) retrieved from /home/airflow/.local/lib/python3.7/site-packages/airflow/example_dags/example_latest_only_with_trigger.py
[2023-06-09T01:38:29.228+0000] {logging_mixin.py:149} INFO - [2023-06-09T01:38:29.228+0000] {dag.py:2726} INFO - Sync 1 DAGs
[2023-06-09T01:38:29.242+0000] {logging_mixin.py:149} INFO - [2023-06-09T01:38:29.242+0000] {dag.py:3490} INFO - Setting next_dagrun for latest_only_with_trigger to 2023-06-08T21:38:29.242500+00:00, run_after=2023-06-09T01:38:29.242500+00:00
[2023-06-09T01:38:29.253+0000] {processor.py:179} INFO - Processing /home/airflow/.local/lib/python3.7/site-packages/airflow/example_dags/example_latest_only_with_trigger.py took 0.055 seconds
[2023-06-09T01:38:59.379+0000] {processor.py:157} INFO - Started process (PID=1553) to work on /home/airflow/.local/lib/python3.7/site-packages/airflow/example_dags/example_latest_only_with_trigger.py
[2023-06-09T01:38:59.381+0000] {processor.py:826} INFO - Processing file /home/airflow/.local/lib/python3.7/site-packages/airflow/example_dags/example_latest_only_with_trigger.py for tasks to queue
[2023-06-09T01:38:59.381+0000] {logging_mixin.py:149} INFO - [2023-06-09T01:38:59.381+0000] {dagbag.py:541} INFO - Filling up the DagBag from /home/airflow/.local/lib/python3.7/site-packages/airflow/example_dags/example_latest_only_with_trigger.py
[2023-06-09T01:38:59.386+0000] {processor.py:836} INFO - DAG(s) dict_keys(['latest_only_with_trigger']) retrieved from /home/airflow/.local/lib/python3.7/site-packages/airflow/example_dags/example_latest_only_with_trigger.py
[2023-06-09T01:38:59.407+0000] {logging_mixin.py:149} INFO - [2023-06-09T01:38:59.407+0000] {dag.py:2726} INFO - Sync 1 DAGs
[2023-06-09T01:38:59.430+0000] {logging_mixin.py:149} INFO - [2023-06-09T01:38:59.429+0000] {dag.py:3490} INFO - Setting next_dagrun for latest_only_with_trigger to 2023-06-08T21:38:59.429715+00:00, run_after=2023-06-09T01:38:59.429715+00:00
[2023-06-09T01:38:59.441+0000] {processor.py:179} INFO - Processing /home/airflow/.local/lib/python3.7/site-packages/airflow/example_dags/example_latest_only_with_trigger.py took 0.064 seconds
[2023-06-09T01:39:29.669+0000] {processor.py:157} INFO - Started process (PID=1609) to work on /home/airflow/.local/lib/python3.7/site-packages/airflow/example_dags/example_latest_only_with_trigger.py
[2023-06-09T01:39:29.678+0000] {processor.py:826} INFO - Processing file /home/airflow/.local/lib/python3.7/site-packages/airflow/example_dags/example_latest_only_with_trigger.py for tasks to queue
[2023-06-09T01:39:29.679+0000] {logging_mixin.py:149} INFO - [2023-06-09T01:39:29.679+0000] {dagbag.py:541} INFO - Filling up the DagBag from /home/airflow/.local/lib/python3.7/site-packages/airflow/example_dags/example_latest_only_with_trigger.py
[2023-06-09T01:39:29.686+0000] {processor.py:836} INFO - DAG(s) dict_keys(['latest_only_with_trigger']) retrieved from /home/airflow/.local/lib/python3.7/site-packages/airflow/example_dags/example_latest_only_with_trigger.py
[2023-06-09T01:39:29.708+0000] {logging_mixin.py:149} INFO - [2023-06-09T01:39:29.707+0000] {dag.py:2726} INFO - Sync 1 DAGs
[2023-06-09T01:39:29.723+0000] {logging_mixin.py:149} INFO - [2023-06-09T01:39:29.723+0000] {dag.py:3490} INFO - Setting next_dagrun for latest_only_with_trigger to 2023-06-08T21:39:29.723580+00:00, run_after=2023-06-09T01:39:29.723580+00:00
[2023-06-09T01:39:29.735+0000] {processor.py:179} INFO - Processing /home/airflow/.local/lib/python3.7/site-packages/airflow/example_dags/example_latest_only_with_trigger.py took 0.068 seconds
[2023-06-09T01:39:59.864+0000] {processor.py:157} INFO - Started process (PID=1666) to work on /home/airflow/.local/lib/python3.7/site-packages/airflow/example_dags/example_latest_only_with_trigger.py
[2023-06-09T01:39:59.866+0000] {processor.py:826} INFO - Processing file /home/airflow/.local/lib/python3.7/site-packages/airflow/example_dags/example_latest_only_with_trigger.py for tasks to queue
[2023-06-09T01:39:59.867+0000] {logging_mixin.py:149} INFO - [2023-06-09T01:39:59.867+0000] {dagbag.py:541} INFO - Filling up the DagBag from /home/airflow/.local/lib/python3.7/site-packages/airflow/example_dags/example_latest_only_with_trigger.py
[2023-06-09T01:39:59.872+0000] {processor.py:836} INFO - DAG(s) dict_keys(['latest_only_with_trigger']) retrieved from /home/airflow/.local/lib/python3.7/site-packages/airflow/example_dags/example_latest_only_with_trigger.py
[2023-06-09T01:39:59.891+0000] {logging_mixin.py:149} INFO - [2023-06-09T01:39:59.891+0000] {dag.py:2726} INFO - Sync 1 DAGs
[2023-06-09T01:39:59.906+0000] {logging_mixin.py:149} INFO - [2023-06-09T01:39:59.906+0000] {dag.py:3490} INFO - Setting next_dagrun for latest_only_with_trigger to 2023-06-08T21:39:59.906253+00:00, run_after=2023-06-09T01:39:59.906253+00:00
[2023-06-09T01:39:59.918+0000] {processor.py:179} INFO - Processing /home/airflow/.local/lib/python3.7/site-packages/airflow/example_dags/example_latest_only_with_trigger.py took 0.056 seconds
[2023-06-09T01:40:30.254+0000] {processor.py:157} INFO - Started process (PID=1722) to work on /home/airflow/.local/lib/python3.7/site-packages/airflow/example_dags/example_latest_only_with_trigger.py
[2023-06-09T01:40:30.255+0000] {processor.py:826} INFO - Processing file /home/airflow/.local/lib/python3.7/site-packages/airflow/example_dags/example_latest_only_with_trigger.py for tasks to queue
[2023-06-09T01:40:30.256+0000] {logging_mixin.py:149} INFO - [2023-06-09T01:40:30.256+0000] {dagbag.py:541} INFO - Filling up the DagBag from /home/airflow/.local/lib/python3.7/site-packages/airflow/example_dags/example_latest_only_with_trigger.py
[2023-06-09T01:40:30.264+0000] {processor.py:836} INFO - DAG(s) dict_keys(['latest_only_with_trigger']) retrieved from /home/airflow/.local/lib/python3.7/site-packages/airflow/example_dags/example_latest_only_with_trigger.py
[2023-06-09T01:40:30.292+0000] {logging_mixin.py:149} INFO - [2023-06-09T01:40:30.291+0000] {dag.py:2726} INFO - Sync 1 DAGs
[2023-06-09T01:40:30.309+0000] {logging_mixin.py:149} INFO - [2023-06-09T01:40:30.309+0000] {dag.py:3490} INFO - Setting next_dagrun for latest_only_with_trigger to 2023-06-08T21:40:30.309423+00:00, run_after=2023-06-09T01:40:30.309423+00:00
[2023-06-09T01:40:30.322+0000] {processor.py:179} INFO - Processing /home/airflow/.local/lib/python3.7/site-packages/airflow/example_dags/example_latest_only_with_trigger.py took 0.072 seconds
[2023-06-09T01:41:01.127+0000] {processor.py:157} INFO - Started process (PID=1778) to work on /home/airflow/.local/lib/python3.7/site-packages/airflow/example_dags/example_latest_only_with_trigger.py
[2023-06-09T01:41:01.129+0000] {processor.py:826} INFO - Processing file /home/airflow/.local/lib/python3.7/site-packages/airflow/example_dags/example_latest_only_with_trigger.py for tasks to queue
[2023-06-09T01:41:01.129+0000] {logging_mixin.py:149} INFO - [2023-06-09T01:41:01.129+0000] {dagbag.py:541} INFO - Filling up the DagBag from /home/airflow/.local/lib/python3.7/site-packages/airflow/example_dags/example_latest_only_with_trigger.py
[2023-06-09T01:41:01.135+0000] {processor.py:836} INFO - DAG(s) dict_keys(['latest_only_with_trigger']) retrieved from /home/airflow/.local/lib/python3.7/site-packages/airflow/example_dags/example_latest_only_with_trigger.py
[2023-06-09T01:41:01.156+0000] {logging_mixin.py:149} INFO - [2023-06-09T01:41:01.155+0000] {dag.py:2726} INFO - Sync 1 DAGs
[2023-06-09T01:41:01.171+0000] {logging_mixin.py:149} INFO - [2023-06-09T01:41:01.171+0000] {dag.py:3490} INFO - Setting next_dagrun for latest_only_with_trigger to 2023-06-08T21:41:01.171468+00:00, run_after=2023-06-09T01:41:01.171468+00:00
[2023-06-09T01:41:01.182+0000] {processor.py:179} INFO - Processing /home/airflow/.local/lib/python3.7/site-packages/airflow/example_dags/example_latest_only_with_trigger.py took 0.058 seconds
[2023-06-09T01:41:31.880+0000] {processor.py:157} INFO - Started process (PID=1835) to work on /home/airflow/.local/lib/python3.7/site-packages/airflow/example_dags/example_latest_only_with_trigger.py
[2023-06-09T01:41:31.881+0000] {processor.py:826} INFO - Processing file /home/airflow/.local/lib/python3.7/site-packages/airflow/example_dags/example_latest_only_with_trigger.py for tasks to queue
[2023-06-09T01:41:31.882+0000] {logging_mixin.py:149} INFO - [2023-06-09T01:41:31.882+0000] {dagbag.py:541} INFO - Filling up the DagBag from /home/airflow/.local/lib/python3.7/site-packages/airflow/example_dags/example_latest_only_with_trigger.py
[2023-06-09T01:41:31.889+0000] {processor.py:836} INFO - DAG(s) dict_keys(['latest_only_with_trigger']) retrieved from /home/airflow/.local/lib/python3.7/site-packages/airflow/example_dags/example_latest_only_with_trigger.py
[2023-06-09T01:41:31.914+0000] {logging_mixin.py:149} INFO - [2023-06-09T01:41:31.914+0000] {dag.py:2726} INFO - Sync 1 DAGs
[2023-06-09T01:41:31.935+0000] {logging_mixin.py:149} INFO - [2023-06-09T01:41:31.935+0000] {dag.py:3490} INFO - Setting next_dagrun for latest_only_with_trigger to 2023-06-08T21:41:31.935377+00:00, run_after=2023-06-09T01:41:31.935377+00:00
[2023-06-09T01:41:31.946+0000] {processor.py:179} INFO - Processing /home/airflow/.local/lib/python3.7/site-packages/airflow/example_dags/example_latest_only_with_trigger.py took 0.069 seconds
[2023-06-09T01:42:02.407+0000] {processor.py:157} INFO - Started process (PID=1891) to work on /home/airflow/.local/lib/python3.7/site-packages/airflow/example_dags/example_latest_only_with_trigger.py
[2023-06-09T01:42:02.408+0000] {processor.py:826} INFO - Processing file /home/airflow/.local/lib/python3.7/site-packages/airflow/example_dags/example_latest_only_with_trigger.py for tasks to queue
[2023-06-09T01:42:02.409+0000] {logging_mixin.py:149} INFO - [2023-06-09T01:42:02.409+0000] {dagbag.py:541} INFO - Filling up the DagBag from /home/airflow/.local/lib/python3.7/site-packages/airflow/example_dags/example_latest_only_with_trigger.py
[2023-06-09T01:42:02.414+0000] {processor.py:836} INFO - DAG(s) dict_keys(['latest_only_with_trigger']) retrieved from /home/airflow/.local/lib/python3.7/site-packages/airflow/example_dags/example_latest_only_with_trigger.py
[2023-06-09T01:42:02.438+0000] {logging_mixin.py:149} INFO - [2023-06-09T01:42:02.438+0000] {dag.py:2726} INFO - Sync 1 DAGs
[2023-06-09T01:42:02.456+0000] {logging_mixin.py:149} INFO - [2023-06-09T01:42:02.456+0000] {dag.py:3490} INFO - Setting next_dagrun for latest_only_with_trigger to 2023-06-08T21:42:02.455971+00:00, run_after=2023-06-09T01:42:02.455971+00:00
[2023-06-09T01:42:02.468+0000] {processor.py:179} INFO - Processing /home/airflow/.local/lib/python3.7/site-packages/airflow/example_dags/example_latest_only_with_trigger.py took 0.064 seconds
[2023-06-09T01:42:33.045+0000] {processor.py:157} INFO - Started process (PID=1946) to work on /home/airflow/.local/lib/python3.7/site-packages/airflow/example_dags/example_latest_only_with_trigger.py
[2023-06-09T01:42:33.046+0000] {processor.py:826} INFO - Processing file /home/airflow/.local/lib/python3.7/site-packages/airflow/example_dags/example_latest_only_with_trigger.py for tasks to queue
[2023-06-09T01:42:33.048+0000] {logging_mixin.py:149} INFO - [2023-06-09T01:42:33.047+0000] {dagbag.py:541} INFO - Filling up the DagBag from /home/airflow/.local/lib/python3.7/site-packages/airflow/example_dags/example_latest_only_with_trigger.py
[2023-06-09T01:42:33.055+0000] {processor.py:836} INFO - DAG(s) dict_keys(['latest_only_with_trigger']) retrieved from /home/airflow/.local/lib/python3.7/site-packages/airflow/example_dags/example_latest_only_with_trigger.py
[2023-06-09T01:42:33.078+0000] {logging_mixin.py:149} INFO - [2023-06-09T01:42:33.078+0000] {dag.py:2726} INFO - Sync 1 DAGs
[2023-06-09T01:42:33.097+0000] {logging_mixin.py:149} INFO - [2023-06-09T01:42:33.097+0000] {dag.py:3490} INFO - Setting next_dagrun for latest_only_with_trigger to 2023-06-08T21:42:33.097485+00:00, run_after=2023-06-09T01:42:33.097485+00:00
[2023-06-09T01:42:33.110+0000] {processor.py:179} INFO - Processing /home/airflow/.local/lib/python3.7/site-packages/airflow/example_dags/example_latest_only_with_trigger.py took 0.068 seconds
[2023-06-09T01:43:03.971+0000] {processor.py:157} INFO - Started process (PID=2002) to work on /home/airflow/.local/lib/python3.7/site-packages/airflow/example_dags/example_latest_only_with_trigger.py
[2023-06-09T01:43:03.972+0000] {processor.py:826} INFO - Processing file /home/airflow/.local/lib/python3.7/site-packages/airflow/example_dags/example_latest_only_with_trigger.py for tasks to queue
[2023-06-09T01:43:03.973+0000] {logging_mixin.py:149} INFO - [2023-06-09T01:43:03.973+0000] {dagbag.py:541} INFO - Filling up the DagBag from /home/airflow/.local/lib/python3.7/site-packages/airflow/example_dags/example_latest_only_with_trigger.py
[2023-06-09T01:43:03.978+0000] {processor.py:836} INFO - DAG(s) dict_keys(['latest_only_with_trigger']) retrieved from /home/airflow/.local/lib/python3.7/site-packages/airflow/example_dags/example_latest_only_with_trigger.py
[2023-06-09T01:43:03.996+0000] {logging_mixin.py:149} INFO - [2023-06-09T01:43:03.996+0000] {dag.py:2726} INFO - Sync 1 DAGs
[2023-06-09T01:43:04.011+0000] {logging_mixin.py:149} INFO - [2023-06-09T01:43:04.011+0000] {dag.py:3490} INFO - Setting next_dagrun for latest_only_with_trigger to 2023-06-08T21:43:04.011390+00:00, run_after=2023-06-09T01:43:04.011390+00:00
[2023-06-09T01:43:04.022+0000] {processor.py:179} INFO - Processing /home/airflow/.local/lib/python3.7/site-packages/airflow/example_dags/example_latest_only_with_trigger.py took 0.054 seconds
[2023-06-09T01:43:34.258+0000] {processor.py:157} INFO - Started process (PID=2058) to work on /home/airflow/.local/lib/python3.7/site-packages/airflow/example_dags/example_latest_only_with_trigger.py
[2023-06-09T01:43:34.260+0000] {processor.py:826} INFO - Processing file /home/airflow/.local/lib/python3.7/site-packages/airflow/example_dags/example_latest_only_with_trigger.py for tasks to queue
[2023-06-09T01:43:34.261+0000] {logging_mixin.py:149} INFO - [2023-06-09T01:43:34.261+0000] {dagbag.py:541} INFO - Filling up the DagBag from /home/airflow/.local/lib/python3.7/site-packages/airflow/example_dags/example_latest_only_with_trigger.py
[2023-06-09T01:43:34.270+0000] {processor.py:836} INFO - DAG(s) dict_keys(['latest_only_with_trigger']) retrieved from /home/airflow/.local/lib/python3.7/site-packages/airflow/example_dags/example_latest_only_with_trigger.py
[2023-06-09T01:43:34.294+0000] {logging_mixin.py:149} INFO - [2023-06-09T01:43:34.293+0000] {dag.py:2726} INFO - Sync 1 DAGs
[2023-06-09T01:43:34.310+0000] {logging_mixin.py:149} INFO - [2023-06-09T01:43:34.310+0000] {dag.py:3490} INFO - Setting next_dagrun for latest_only_with_trigger to 2023-06-08T21:43:34.310247+00:00, run_after=2023-06-09T01:43:34.310247+00:00
[2023-06-09T01:43:34.322+0000] {processor.py:179} INFO - Processing /home/airflow/.local/lib/python3.7/site-packages/airflow/example_dags/example_latest_only_with_trigger.py took 0.067 seconds
[2023-06-09T01:44:04.471+0000] {processor.py:157} INFO - Started process (PID=2114) to work on /home/airflow/.local/lib/python3.7/site-packages/airflow/example_dags/example_latest_only_with_trigger.py
[2023-06-09T01:44:04.472+0000] {processor.py:826} INFO - Processing file /home/airflow/.local/lib/python3.7/site-packages/airflow/example_dags/example_latest_only_with_trigger.py for tasks to queue
[2023-06-09T01:44:04.473+0000] {logging_mixin.py:149} INFO - [2023-06-09T01:44:04.472+0000] {dagbag.py:541} INFO - Filling up the DagBag from /home/airflow/.local/lib/python3.7/site-packages/airflow/example_dags/example_latest_only_with_trigger.py
[2023-06-09T01:44:04.478+0000] {processor.py:836} INFO - DAG(s) dict_keys(['latest_only_with_trigger']) retrieved from /home/airflow/.local/lib/python3.7/site-packages/airflow/example_dags/example_latest_only_with_trigger.py
[2023-06-09T01:44:04.499+0000] {logging_mixin.py:149} INFO - [2023-06-09T01:44:04.499+0000] {dag.py:2726} INFO - Sync 1 DAGs
[2023-06-09T01:44:04.517+0000] {logging_mixin.py:149} INFO - [2023-06-09T01:44:04.517+0000] {dag.py:3490} INFO - Setting next_dagrun for latest_only_with_trigger to 2023-06-08T21:44:04.516803+00:00, run_after=2023-06-09T01:44:04.516803+00:00
[2023-06-09T01:44:04.528+0000] {processor.py:179} INFO - Processing /home/airflow/.local/lib/python3.7/site-packages/airflow/example_dags/example_latest_only_with_trigger.py took 0.060 seconds
[2023-06-09T01:44:34.841+0000] {processor.py:157} INFO - Started process (PID=2171) to work on /home/airflow/.local/lib/python3.7/site-packages/airflow/example_dags/example_latest_only_with_trigger.py
[2023-06-09T01:44:34.842+0000] {processor.py:826} INFO - Processing file /home/airflow/.local/lib/python3.7/site-packages/airflow/example_dags/example_latest_only_with_trigger.py for tasks to queue
[2023-06-09T01:44:34.843+0000] {logging_mixin.py:149} INFO - [2023-06-09T01:44:34.843+0000] {dagbag.py:541} INFO - Filling up the DagBag from /home/airflow/.local/lib/python3.7/site-packages/airflow/example_dags/example_latest_only_with_trigger.py
[2023-06-09T01:44:34.850+0000] {processor.py:836} INFO - DAG(s) dict_keys(['latest_only_with_trigger']) retrieved from /home/airflow/.local/lib/python3.7/site-packages/airflow/example_dags/example_latest_only_with_trigger.py
[2023-06-09T01:44:34.885+0000] {logging_mixin.py:149} INFO - [2023-06-09T01:44:34.885+0000] {dag.py:2726} INFO - Sync 1 DAGs
[2023-06-09T01:44:34.905+0000] {logging_mixin.py:149} INFO - [2023-06-09T01:44:34.905+0000] {dag.py:3490} INFO - Setting next_dagrun for latest_only_with_trigger to 2023-06-08T21:44:34.905483+00:00, run_after=2023-06-09T01:44:34.905483+00:00
[2023-06-09T01:44:34.922+0000] {processor.py:179} INFO - Processing /home/airflow/.local/lib/python3.7/site-packages/airflow/example_dags/example_latest_only_with_trigger.py took 0.085 seconds
[2023-06-09T01:45:05.187+0000] {processor.py:157} INFO - Started process (PID=2227) to work on /home/airflow/.local/lib/python3.7/site-packages/airflow/example_dags/example_latest_only_with_trigger.py
[2023-06-09T01:45:05.189+0000] {processor.py:826} INFO - Processing file /home/airflow/.local/lib/python3.7/site-packages/airflow/example_dags/example_latest_only_with_trigger.py for tasks to queue
[2023-06-09T01:45:05.190+0000] {logging_mixin.py:149} INFO - [2023-06-09T01:45:05.189+0000] {dagbag.py:541} INFO - Filling up the DagBag from /home/airflow/.local/lib/python3.7/site-packages/airflow/example_dags/example_latest_only_with_trigger.py
[2023-06-09T01:45:05.196+0000] {processor.py:836} INFO - DAG(s) dict_keys(['latest_only_with_trigger']) retrieved from /home/airflow/.local/lib/python3.7/site-packages/airflow/example_dags/example_latest_only_with_trigger.py
[2023-06-09T01:45:05.220+0000] {logging_mixin.py:149} INFO - [2023-06-09T01:45:05.220+0000] {dag.py:2726} INFO - Sync 1 DAGs
[2023-06-09T01:45:05.239+0000] {logging_mixin.py:149} INFO - [2023-06-09T01:45:05.239+0000] {dag.py:3490} INFO - Setting next_dagrun for latest_only_with_trigger to 2023-06-08T21:45:05.239241+00:00, run_after=2023-06-09T01:45:05.239241+00:00
[2023-06-09T01:45:05.253+0000] {processor.py:179} INFO - Processing /home/airflow/.local/lib/python3.7/site-packages/airflow/example_dags/example_latest_only_with_trigger.py took 0.068 seconds
[2023-06-09T01:45:35.348+0000] {processor.py:157} INFO - Started process (PID=2284) to work on /home/airflow/.local/lib/python3.7/site-packages/airflow/example_dags/example_latest_only_with_trigger.py
[2023-06-09T01:45:35.349+0000] {processor.py:826} INFO - Processing file /home/airflow/.local/lib/python3.7/site-packages/airflow/example_dags/example_latest_only_with_trigger.py for tasks to queue
[2023-06-09T01:45:35.350+0000] {logging_mixin.py:149} INFO - [2023-06-09T01:45:35.350+0000] {dagbag.py:541} INFO - Filling up the DagBag from /home/airflow/.local/lib/python3.7/site-packages/airflow/example_dags/example_latest_only_with_trigger.py
[2023-06-09T01:45:35.355+0000] {processor.py:836} INFO - DAG(s) dict_keys(['latest_only_with_trigger']) retrieved from /home/airflow/.local/lib/python3.7/site-packages/airflow/example_dags/example_latest_only_with_trigger.py
[2023-06-09T01:45:35.373+0000] {logging_mixin.py:149} INFO - [2023-06-09T01:45:35.373+0000] {dag.py:2726} INFO - Sync 1 DAGs
[2023-06-09T01:45:35.388+0000] {logging_mixin.py:149} INFO - [2023-06-09T01:45:35.388+0000] {dag.py:3490} INFO - Setting next_dagrun for latest_only_with_trigger to 2023-06-08T21:45:35.388498+00:00, run_after=2023-06-09T01:45:35.388498+00:00
[2023-06-09T01:45:35.399+0000] {processor.py:179} INFO - Processing /home/airflow/.local/lib/python3.7/site-packages/airflow/example_dags/example_latest_only_with_trigger.py took 0.054 seconds
[2023-06-09T01:46:05.900+0000] {processor.py:157} INFO - Started process (PID=2340) to work on /home/airflow/.local/lib/python3.7/site-packages/airflow/example_dags/example_latest_only_with_trigger.py
[2023-06-09T01:46:05.901+0000] {processor.py:826} INFO - Processing file /home/airflow/.local/lib/python3.7/site-packages/airflow/example_dags/example_latest_only_with_trigger.py for tasks to queue
[2023-06-09T01:46:05.903+0000] {logging_mixin.py:149} INFO - [2023-06-09T01:46:05.903+0000] {dagbag.py:541} INFO - Filling up the DagBag from /home/airflow/.local/lib/python3.7/site-packages/airflow/example_dags/example_latest_only_with_trigger.py
[2023-06-09T01:46:05.912+0000] {processor.py:836} INFO - DAG(s) dict_keys(['latest_only_with_trigger']) retrieved from /home/airflow/.local/lib/python3.7/site-packages/airflow/example_dags/example_latest_only_with_trigger.py
[2023-06-09T01:46:05.933+0000] {logging_mixin.py:149} INFO - [2023-06-09T01:46:05.933+0000] {dag.py:2726} INFO - Sync 1 DAGs
[2023-06-09T01:46:05.951+0000] {logging_mixin.py:149} INFO - [2023-06-09T01:46:05.951+0000] {dag.py:3490} INFO - Setting next_dagrun for latest_only_with_trigger to 2023-06-08T21:46:05.950905+00:00, run_after=2023-06-09T01:46:05.950905+00:00
[2023-06-09T01:46:05.962+0000] {processor.py:179} INFO - Processing /home/airflow/.local/lib/python3.7/site-packages/airflow/example_dags/example_latest_only_with_trigger.py took 0.066 seconds
[2023-06-09T01:46:36.329+0000] {processor.py:157} INFO - Started process (PID=2397) to work on /home/airflow/.local/lib/python3.7/site-packages/airflow/example_dags/example_latest_only_with_trigger.py
[2023-06-09T01:46:36.330+0000] {processor.py:826} INFO - Processing file /home/airflow/.local/lib/python3.7/site-packages/airflow/example_dags/example_latest_only_with_trigger.py for tasks to queue
[2023-06-09T01:46:36.331+0000] {logging_mixin.py:149} INFO - [2023-06-09T01:46:36.331+0000] {dagbag.py:541} INFO - Filling up the DagBag from /home/airflow/.local/lib/python3.7/site-packages/airflow/example_dags/example_latest_only_with_trigger.py
[2023-06-09T01:46:36.337+0000] {processor.py:836} INFO - DAG(s) dict_keys(['latest_only_with_trigger']) retrieved from /home/airflow/.local/lib/python3.7/site-packages/airflow/example_dags/example_latest_only_with_trigger.py
[2023-06-09T01:46:36.356+0000] {logging_mixin.py:149} INFO - [2023-06-09T01:46:36.356+0000] {dag.py:2726} INFO - Sync 1 DAGs
[2023-06-09T01:46:36.371+0000] {logging_mixin.py:149} INFO - [2023-06-09T01:46:36.371+0000] {dag.py:3490} INFO - Setting next_dagrun for latest_only_with_trigger to 2023-06-08T21:46:36.371559+00:00, run_after=2023-06-09T01:46:36.371559+00:00
[2023-06-09T01:46:36.382+0000] {processor.py:179} INFO - Processing /home/airflow/.local/lib/python3.7/site-packages/airflow/example_dags/example_latest_only_with_trigger.py took 0.056 seconds
[2023-06-09T01:47:07.160+0000] {processor.py:157} INFO - Started process (PID=2452) to work on /home/airflow/.local/lib/python3.7/site-packages/airflow/example_dags/example_latest_only_with_trigger.py
[2023-06-09T01:47:07.162+0000] {processor.py:826} INFO - Processing file /home/airflow/.local/lib/python3.7/site-packages/airflow/example_dags/example_latest_only_with_trigger.py for tasks to queue
[2023-06-09T01:47:07.162+0000] {logging_mixin.py:149} INFO - [2023-06-09T01:47:07.162+0000] {dagbag.py:541} INFO - Filling up the DagBag from /home/airflow/.local/lib/python3.7/site-packages/airflow/example_dags/example_latest_only_with_trigger.py
[2023-06-09T01:47:07.167+0000] {processor.py:836} INFO - DAG(s) dict_keys(['latest_only_with_trigger']) retrieved from /home/airflow/.local/lib/python3.7/site-packages/airflow/example_dags/example_latest_only_with_trigger.py
[2023-06-09T01:47:07.188+0000] {logging_mixin.py:149} INFO - [2023-06-09T01:47:07.188+0000] {dag.py:2726} INFO - Sync 1 DAGs
[2023-06-09T01:47:07.204+0000] {logging_mixin.py:149} INFO - [2023-06-09T01:47:07.204+0000] {dag.py:3490} INFO - Setting next_dagrun for latest_only_with_trigger to 2023-06-08T21:47:07.204442+00:00, run_after=2023-06-09T01:47:07.204442+00:00
[2023-06-09T01:47:07.215+0000] {processor.py:179} INFO - Processing /home/airflow/.local/lib/python3.7/site-packages/airflow/example_dags/example_latest_only_with_trigger.py took 0.058 seconds
[2023-06-09T01:47:37.725+0000] {processor.py:157} INFO - Started process (PID=2508) to work on /home/airflow/.local/lib/python3.7/site-packages/airflow/example_dags/example_latest_only_with_trigger.py
[2023-06-09T01:47:37.726+0000] {processor.py:826} INFO - Processing file /home/airflow/.local/lib/python3.7/site-packages/airflow/example_dags/example_latest_only_with_trigger.py for tasks to queue
[2023-06-09T01:47:37.727+0000] {logging_mixin.py:149} INFO - [2023-06-09T01:47:37.726+0000] {dagbag.py:541} INFO - Filling up the DagBag from /home/airflow/.local/lib/python3.7/site-packages/airflow/example_dags/example_latest_only_with_trigger.py
[2023-06-09T01:47:37.732+0000] {processor.py:836} INFO - DAG(s) dict_keys(['latest_only_with_trigger']) retrieved from /home/airflow/.local/lib/python3.7/site-packages/airflow/example_dags/example_latest_only_with_trigger.py
[2023-06-09T01:47:37.751+0000] {logging_mixin.py:149} INFO - [2023-06-09T01:47:37.751+0000] {dag.py:2726} INFO - Sync 1 DAGs
[2023-06-09T01:47:37.766+0000] {logging_mixin.py:149} INFO - [2023-06-09T01:47:37.766+0000] {dag.py:3490} INFO - Setting next_dagrun for latest_only_with_trigger to 2023-06-08T21:47:37.766330+00:00, run_after=2023-06-09T01:47:37.766330+00:00
[2023-06-09T01:47:37.780+0000] {processor.py:179} INFO - Processing /home/airflow/.local/lib/python3.7/site-packages/airflow/example_dags/example_latest_only_with_trigger.py took 0.058 seconds
[2023-06-09T01:48:08.438+0000] {processor.py:157} INFO - Started process (PID=2565) to work on /home/airflow/.local/lib/python3.7/site-packages/airflow/example_dags/example_latest_only_with_trigger.py
[2023-06-09T01:48:08.439+0000] {processor.py:826} INFO - Processing file /home/airflow/.local/lib/python3.7/site-packages/airflow/example_dags/example_latest_only_with_trigger.py for tasks to queue
[2023-06-09T01:48:08.440+0000] {logging_mixin.py:149} INFO - [2023-06-09T01:48:08.440+0000] {dagbag.py:541} INFO - Filling up the DagBag from /home/airflow/.local/lib/python3.7/site-packages/airflow/example_dags/example_latest_only_with_trigger.py
[2023-06-09T01:48:08.446+0000] {processor.py:836} INFO - DAG(s) dict_keys(['latest_only_with_trigger']) retrieved from /home/airflow/.local/lib/python3.7/site-packages/airflow/example_dags/example_latest_only_with_trigger.py
[2023-06-09T01:48:08.472+0000] {logging_mixin.py:149} INFO - [2023-06-09T01:48:08.471+0000] {dag.py:2726} INFO - Sync 1 DAGs
[2023-06-09T01:48:08.491+0000] {logging_mixin.py:149} INFO - [2023-06-09T01:48:08.491+0000] {dag.py:3490} INFO - Setting next_dagrun for latest_only_with_trigger to 2023-06-08T21:48:08.490810+00:00, run_after=2023-06-09T01:48:08.490810+00:00
[2023-06-09T01:48:08.502+0000] {processor.py:179} INFO - Processing /home/airflow/.local/lib/python3.7/site-packages/airflow/example_dags/example_latest_only_with_trigger.py took 0.067 seconds
[2023-06-09T01:48:38.691+0000] {processor.py:157} INFO - Started process (PID=2621) to work on /home/airflow/.local/lib/python3.7/site-packages/airflow/example_dags/example_latest_only_with_trigger.py
[2023-06-09T01:48:38.692+0000] {processor.py:826} INFO - Processing file /home/airflow/.local/lib/python3.7/site-packages/airflow/example_dags/example_latest_only_with_trigger.py for tasks to queue
[2023-06-09T01:48:38.693+0000] {logging_mixin.py:149} INFO - [2023-06-09T01:48:38.693+0000] {dagbag.py:541} INFO - Filling up the DagBag from /home/airflow/.local/lib/python3.7/site-packages/airflow/example_dags/example_latest_only_with_trigger.py
[2023-06-09T01:48:38.698+0000] {processor.py:836} INFO - DAG(s) dict_keys(['latest_only_with_trigger']) retrieved from /home/airflow/.local/lib/python3.7/site-packages/airflow/example_dags/example_latest_only_with_trigger.py
[2023-06-09T01:48:38.718+0000] {logging_mixin.py:149} INFO - [2023-06-09T01:48:38.718+0000] {dag.py:2726} INFO - Sync 1 DAGs
[2023-06-09T01:48:38.734+0000] {logging_mixin.py:149} INFO - [2023-06-09T01:48:38.734+0000] {dag.py:3490} INFO - Setting next_dagrun for latest_only_with_trigger to 2023-06-08T21:48:38.734091+00:00, run_after=2023-06-09T01:48:38.734091+00:00
[2023-06-09T01:48:38.746+0000] {processor.py:179} INFO - Processing /home/airflow/.local/lib/python3.7/site-packages/airflow/example_dags/example_latest_only_with_trigger.py took 0.058 seconds
[2023-06-09T01:49:08.961+0000] {processor.py:157} INFO - Started process (PID=2677) to work on /home/airflow/.local/lib/python3.7/site-packages/airflow/example_dags/example_latest_only_with_trigger.py
[2023-06-09T01:49:08.963+0000] {processor.py:826} INFO - Processing file /home/airflow/.local/lib/python3.7/site-packages/airflow/example_dags/example_latest_only_with_trigger.py for tasks to queue
[2023-06-09T01:49:08.964+0000] {logging_mixin.py:149} INFO - [2023-06-09T01:49:08.964+0000] {dagbag.py:541} INFO - Filling up the DagBag from /home/airflow/.local/lib/python3.7/site-packages/airflow/example_dags/example_latest_only_with_trigger.py
[2023-06-09T01:49:08.970+0000] {processor.py:836} INFO - DAG(s) dict_keys(['latest_only_with_trigger']) retrieved from /home/airflow/.local/lib/python3.7/site-packages/airflow/example_dags/example_latest_only_with_trigger.py
[2023-06-09T01:49:08.990+0000] {logging_mixin.py:149} INFO - [2023-06-09T01:49:08.990+0000] {dag.py:2726} INFO - Sync 1 DAGs
[2023-06-09T01:49:09.006+0000] {logging_mixin.py:149} INFO - [2023-06-09T01:49:09.006+0000] {dag.py:3490} INFO - Setting next_dagrun for latest_only_with_trigger to 2023-06-08T21:49:09.006486+00:00, run_after=2023-06-09T01:49:09.006486+00:00
[2023-06-09T01:49:09.018+0000] {processor.py:179} INFO - Processing /home/airflow/.local/lib/python3.7/site-packages/airflow/example_dags/example_latest_only_with_trigger.py took 0.060 seconds
[2023-06-09T01:49:39.174+0000] {processor.py:157} INFO - Started process (PID=2732) to work on /home/airflow/.local/lib/python3.7/site-packages/airflow/example_dags/example_latest_only_with_trigger.py
[2023-06-09T01:49:39.177+0000] {processor.py:826} INFO - Processing file /home/airflow/.local/lib/python3.7/site-packages/airflow/example_dags/example_latest_only_with_trigger.py for tasks to queue
[2023-06-09T01:49:39.178+0000] {logging_mixin.py:149} INFO - [2023-06-09T01:49:39.178+0000] {dagbag.py:541} INFO - Filling up the DagBag from /home/airflow/.local/lib/python3.7/site-packages/airflow/example_dags/example_latest_only_with_trigger.py
[2023-06-09T01:49:39.188+0000] {processor.py:836} INFO - DAG(s) dict_keys(['latest_only_with_trigger']) retrieved from /home/airflow/.local/lib/python3.7/site-packages/airflow/example_dags/example_latest_only_with_trigger.py
[2023-06-09T01:49:39.207+0000] {logging_mixin.py:149} INFO - [2023-06-09T01:49:39.207+0000] {dag.py:2726} INFO - Sync 1 DAGs
[2023-06-09T01:49:39.222+0000] {logging_mixin.py:149} INFO - [2023-06-09T01:49:39.222+0000] {dag.py:3490} INFO - Setting next_dagrun for latest_only_with_trigger to 2023-06-08T21:49:39.222369+00:00, run_after=2023-06-09T01:49:39.222369+00:00
[2023-06-09T01:49:39.235+0000] {processor.py:179} INFO - Processing /home/airflow/.local/lib/python3.7/site-packages/airflow/example_dags/example_latest_only_with_trigger.py took 0.067 seconds
[2023-06-09T01:50:09.890+0000] {processor.py:157} INFO - Started process (PID=2788) to work on /home/airflow/.local/lib/python3.7/site-packages/airflow/example_dags/example_latest_only_with_trigger.py
[2023-06-09T01:50:09.892+0000] {processor.py:826} INFO - Processing file /home/airflow/.local/lib/python3.7/site-packages/airflow/example_dags/example_latest_only_with_trigger.py for tasks to queue
[2023-06-09T01:50:09.894+0000] {logging_mixin.py:149} INFO - [2023-06-09T01:50:09.893+0000] {dagbag.py:541} INFO - Filling up the DagBag from /home/airflow/.local/lib/python3.7/site-packages/airflow/example_dags/example_latest_only_with_trigger.py
[2023-06-09T01:50:09.903+0000] {processor.py:836} INFO - DAG(s) dict_keys(['latest_only_with_trigger']) retrieved from /home/airflow/.local/lib/python3.7/site-packages/airflow/example_dags/example_latest_only_with_trigger.py
[2023-06-09T01:50:09.922+0000] {logging_mixin.py:149} INFO - [2023-06-09T01:50:09.922+0000] {dag.py:2726} INFO - Sync 1 DAGs
[2023-06-09T01:50:09.939+0000] {logging_mixin.py:149} INFO - [2023-06-09T01:50:09.939+0000] {dag.py:3490} INFO - Setting next_dagrun for latest_only_with_trigger to 2023-06-08T21:50:09.939008+00:00, run_after=2023-06-09T01:50:09.939008+00:00
[2023-06-09T01:50:09.952+0000] {processor.py:179} INFO - Processing /home/airflow/.local/lib/python3.7/site-packages/airflow/example_dags/example_latest_only_with_trigger.py took 0.068 seconds
[2023-06-09T01:50:40.184+0000] {processor.py:157} INFO - Started process (PID=2844) to work on /home/airflow/.local/lib/python3.7/site-packages/airflow/example_dags/example_latest_only_with_trigger.py
[2023-06-09T01:50:40.185+0000] {processor.py:826} INFO - Processing file /home/airflow/.local/lib/python3.7/site-packages/airflow/example_dags/example_latest_only_with_trigger.py for tasks to queue
[2023-06-09T01:50:40.186+0000] {logging_mixin.py:149} INFO - [2023-06-09T01:50:40.186+0000] {dagbag.py:541} INFO - Filling up the DagBag from /home/airflow/.local/lib/python3.7/site-packages/airflow/example_dags/example_latest_only_with_trigger.py
[2023-06-09T01:50:40.190+0000] {processor.py:836} INFO - DAG(s) dict_keys(['latest_only_with_trigger']) retrieved from /home/airflow/.local/lib/python3.7/site-packages/airflow/example_dags/example_latest_only_with_trigger.py
[2023-06-09T01:50:40.209+0000] {logging_mixin.py:149} INFO - [2023-06-09T01:50:40.209+0000] {dag.py:2726} INFO - Sync 1 DAGs
[2023-06-09T01:50:40.225+0000] {logging_mixin.py:149} INFO - [2023-06-09T01:50:40.225+0000] {dag.py:3490} INFO - Setting next_dagrun for latest_only_with_trigger to 2023-06-08T21:50:40.225564+00:00, run_after=2023-06-09T01:50:40.225564+00:00
[2023-06-09T01:50:40.238+0000] {processor.py:179} INFO - Processing /home/airflow/.local/lib/python3.7/site-packages/airflow/example_dags/example_latest_only_with_trigger.py took 0.058 seconds
[2023-06-09T01:51:10.624+0000] {processor.py:157} INFO - Started process (PID=2900) to work on /home/airflow/.local/lib/python3.7/site-packages/airflow/example_dags/example_latest_only_with_trigger.py
[2023-06-09T01:51:10.626+0000] {processor.py:826} INFO - Processing file /home/airflow/.local/lib/python3.7/site-packages/airflow/example_dags/example_latest_only_with_trigger.py for tasks to queue
[2023-06-09T01:51:10.626+0000] {logging_mixin.py:149} INFO - [2023-06-09T01:51:10.626+0000] {dagbag.py:541} INFO - Filling up the DagBag from /home/airflow/.local/lib/python3.7/site-packages/airflow/example_dags/example_latest_only_with_trigger.py
[2023-06-09T01:51:10.631+0000] {processor.py:836} INFO - DAG(s) dict_keys(['latest_only_with_trigger']) retrieved from /home/airflow/.local/lib/python3.7/site-packages/airflow/example_dags/example_latest_only_with_trigger.py
[2023-06-09T01:51:10.650+0000] {logging_mixin.py:149} INFO - [2023-06-09T01:51:10.650+0000] {dag.py:2726} INFO - Sync 1 DAGs
[2023-06-09T01:51:10.664+0000] {logging_mixin.py:149} INFO - [2023-06-09T01:51:10.664+0000] {dag.py:3490} INFO - Setting next_dagrun for latest_only_with_trigger to 2023-06-08T21:51:10.664717+00:00, run_after=2023-06-09T01:51:10.664717+00:00
[2023-06-09T01:51:10.675+0000] {processor.py:179} INFO - Processing /home/airflow/.local/lib/python3.7/site-packages/airflow/example_dags/example_latest_only_with_trigger.py took 0.053 seconds
[2023-06-09T01:51:40.999+0000] {processor.py:157} INFO - Started process (PID=2956) to work on /home/airflow/.local/lib/python3.7/site-packages/airflow/example_dags/example_latest_only_with_trigger.py
[2023-06-09T01:51:41.001+0000] {processor.py:826} INFO - Processing file /home/airflow/.local/lib/python3.7/site-packages/airflow/example_dags/example_latest_only_with_trigger.py for tasks to queue
[2023-06-09T01:51:41.002+0000] {logging_mixin.py:149} INFO - [2023-06-09T01:51:41.002+0000] {dagbag.py:541} INFO - Filling up the DagBag from /home/airflow/.local/lib/python3.7/site-packages/airflow/example_dags/example_latest_only_with_trigger.py
[2023-06-09T01:51:41.012+0000] {processor.py:836} INFO - DAG(s) dict_keys(['latest_only_with_trigger']) retrieved from /home/airflow/.local/lib/python3.7/site-packages/airflow/example_dags/example_latest_only_with_trigger.py
[2023-06-09T01:51:41.038+0000] {logging_mixin.py:149} INFO - [2023-06-09T01:51:41.038+0000] {dag.py:2726} INFO - Sync 1 DAGs
[2023-06-09T01:51:41.056+0000] {logging_mixin.py:149} INFO - [2023-06-09T01:51:41.056+0000] {dag.py:3490} INFO - Setting next_dagrun for latest_only_with_trigger to 2023-06-08T21:51:41.056087+00:00, run_after=2023-06-09T01:51:41.056087+00:00
[2023-06-09T01:51:41.068+0000] {processor.py:179} INFO - Processing /home/airflow/.local/lib/python3.7/site-packages/airflow/example_dags/example_latest_only_with_trigger.py took 0.071 seconds
[2023-06-09T01:52:11.199+0000] {processor.py:157} INFO - Started process (PID=3012) to work on /home/airflow/.local/lib/python3.7/site-packages/airflow/example_dags/example_latest_only_with_trigger.py
[2023-06-09T01:52:11.201+0000] {processor.py:826} INFO - Processing file /home/airflow/.local/lib/python3.7/site-packages/airflow/example_dags/example_latest_only_with_trigger.py for tasks to queue
[2023-06-09T01:52:11.202+0000] {logging_mixin.py:149} INFO - [2023-06-09T01:52:11.202+0000] {dagbag.py:541} INFO - Filling up the DagBag from /home/airflow/.local/lib/python3.7/site-packages/airflow/example_dags/example_latest_only_with_trigger.py
[2023-06-09T01:52:11.207+0000] {processor.py:836} INFO - DAG(s) dict_keys(['latest_only_with_trigger']) retrieved from /home/airflow/.local/lib/python3.7/site-packages/airflow/example_dags/example_latest_only_with_trigger.py
[2023-06-09T01:52:11.226+0000] {logging_mixin.py:149} INFO - [2023-06-09T01:52:11.226+0000] {dag.py:2726} INFO - Sync 1 DAGs
[2023-06-09T01:52:11.242+0000] {logging_mixin.py:149} INFO - [2023-06-09T01:52:11.242+0000] {dag.py:3490} INFO - Setting next_dagrun for latest_only_with_trigger to 2023-06-08T21:52:11.241922+00:00, run_after=2023-06-09T01:52:11.241922+00:00
[2023-06-09T01:52:11.252+0000] {processor.py:179} INFO - Processing /home/airflow/.local/lib/python3.7/site-packages/airflow/example_dags/example_latest_only_with_trigger.py took 0.056 seconds
[2023-06-09T01:52:41.553+0000] {processor.py:157} INFO - Started process (PID=3067) to work on /home/airflow/.local/lib/python3.7/site-packages/airflow/example_dags/example_latest_only_with_trigger.py
[2023-06-09T01:52:41.554+0000] {processor.py:826} INFO - Processing file /home/airflow/.local/lib/python3.7/site-packages/airflow/example_dags/example_latest_only_with_trigger.py for tasks to queue
[2023-06-09T01:52:41.555+0000] {logging_mixin.py:149} INFO - [2023-06-09T01:52:41.555+0000] {dagbag.py:541} INFO - Filling up the DagBag from /home/airflow/.local/lib/python3.7/site-packages/airflow/example_dags/example_latest_only_with_trigger.py
[2023-06-09T01:52:41.562+0000] {processor.py:836} INFO - DAG(s) dict_keys(['latest_only_with_trigger']) retrieved from /home/airflow/.local/lib/python3.7/site-packages/airflow/example_dags/example_latest_only_with_trigger.py
[2023-06-09T01:52:41.583+0000] {logging_mixin.py:149} INFO - [2023-06-09T01:52:41.583+0000] {dag.py:2726} INFO - Sync 1 DAGs
[2023-06-09T01:52:41.602+0000] {logging_mixin.py:149} INFO - [2023-06-09T01:52:41.602+0000] {dag.py:3490} INFO - Setting next_dagrun for latest_only_with_trigger to 2023-06-08T21:52:41.602580+00:00, run_after=2023-06-09T01:52:41.602580+00:00
[2023-06-09T01:52:41.615+0000] {processor.py:179} INFO - Processing /home/airflow/.local/lib/python3.7/site-packages/airflow/example_dags/example_latest_only_with_trigger.py took 0.065 seconds
[2023-06-09T01:53:49.925+0000] {processor.py:157} INFO - Started process (PID=41) to work on /home/airflow/.local/lib/python3.7/site-packages/airflow/example_dags/example_latest_only_with_trigger.py
[2023-06-09T01:53:49.930+0000] {processor.py:826} INFO - Processing file /home/airflow/.local/lib/python3.7/site-packages/airflow/example_dags/example_latest_only_with_trigger.py for tasks to queue
[2023-06-09T01:53:49.932+0000] {logging_mixin.py:149} INFO - [2023-06-09T01:53:49.932+0000] {dagbag.py:541} INFO - Filling up the DagBag from /home/airflow/.local/lib/python3.7/site-packages/airflow/example_dags/example_latest_only_with_trigger.py
[2023-06-09T01:53:49.952+0000] {processor.py:836} INFO - DAG(s) dict_keys(['latest_only_with_trigger']) retrieved from /home/airflow/.local/lib/python3.7/site-packages/airflow/example_dags/example_latest_only_with_trigger.py
[2023-06-09T01:53:49.973+0000] {logging_mixin.py:149} INFO - [2023-06-09T01:53:49.973+0000] {dag.py:2726} INFO - Sync 1 DAGs
[2023-06-09T01:53:49.995+0000] {logging_mixin.py:149} INFO - [2023-06-09T01:53:49.995+0000] {dag.py:3490} INFO - Setting next_dagrun for latest_only_with_trigger to 2023-06-08T21:53:49.994747+00:00, run_after=2023-06-09T01:53:49.994747+00:00
[2023-06-09T01:53:50.009+0000] {processor.py:179} INFO - Processing /home/airflow/.local/lib/python3.7/site-packages/airflow/example_dags/example_latest_only_with_trigger.py took 0.098 seconds
