[2023-06-09T01:25:23.542+0000] {processor.py:157} INFO - Started process (PID=55) to work on /home/airflow/.local/lib/python3.7/site-packages/airflow/example_dags/example_kubernetes_executor.py
[2023-06-09T01:25:23.559+0000] {processor.py:826} INFO - Processing file /home/airflow/.local/lib/python3.7/site-packages/airflow/example_dags/example_kubernetes_executor.py for tasks to queue
[2023-06-09T01:25:23.581+0000] {logging_mixin.py:149} INFO - [2023-06-09T01:25:23.581+0000] {dagbag.py:541} INFO - Filling up the DagBag from /home/airflow/.local/lib/python3.7/site-packages/airflow/example_dags/example_kubernetes_executor.py
[2023-06-09T01:25:28.340+0000] {processor.py:836} INFO - DAG(s) dict_keys(['example_kubernetes_executor']) retrieved from /home/airflow/.local/lib/python3.7/site-packages/airflow/example_dags/example_kubernetes_executor.py
[2023-06-09T01:25:28.738+0000] {logging_mixin.py:149} INFO - [2023-06-09T01:25:28.737+0000] {manager.py:504} INFO - Created Permission View: can delete on DAG:example_kubernetes_executor
[2023-06-09T01:25:28.771+0000] {logging_mixin.py:149} INFO - [2023-06-09T01:25:28.771+0000] {manager.py:504} INFO - Created Permission View: can edit on DAG:example_kubernetes_executor
[2023-06-09T01:25:28.805+0000] {logging_mixin.py:149} INFO - [2023-06-09T01:25:28.804+0000] {manager.py:504} INFO - Created Permission View: can read on DAG:example_kubernetes_executor
[2023-06-09T01:25:28.813+0000] {logging_mixin.py:149} INFO - [2023-06-09T01:25:28.813+0000] {dag.py:2726} INFO - Sync 1 DAGs
[2023-06-09T01:25:28.841+0000] {logging_mixin.py:149} INFO - [2023-06-09T01:25:28.840+0000] {dag.py:2747} INFO - Creating ORM DAG for example_kubernetes_executor
[2023-06-09T01:25:28.892+0000] {logging_mixin.py:149} INFO - [2023-06-09T01:25:28.892+0000] {dag.py:3490} INFO - Setting next_dagrun for example_kubernetes_executor to None, run_after=None
[2023-06-09T01:25:28.943+0000] {processor.py:179} INFO - Processing /home/airflow/.local/lib/python3.7/site-packages/airflow/example_dags/example_kubernetes_executor.py took 5.445 seconds
[2023-06-09T01:25:59.521+0000] {processor.py:157} INFO - Started process (PID=112) to work on /home/airflow/.local/lib/python3.7/site-packages/airflow/example_dags/example_kubernetes_executor.py
[2023-06-09T01:25:59.526+0000] {processor.py:826} INFO - Processing file /home/airflow/.local/lib/python3.7/site-packages/airflow/example_dags/example_kubernetes_executor.py for tasks to queue
[2023-06-09T01:25:59.530+0000] {logging_mixin.py:149} INFO - [2023-06-09T01:25:59.530+0000] {dagbag.py:541} INFO - Filling up the DagBag from /home/airflow/.local/lib/python3.7/site-packages/airflow/example_dags/example_kubernetes_executor.py
[2023-06-09T01:26:01.268+0000] {processor.py:836} INFO - DAG(s) dict_keys(['example_kubernetes_executor']) retrieved from /home/airflow/.local/lib/python3.7/site-packages/airflow/example_dags/example_kubernetes_executor.py
[2023-06-09T01:26:01.342+0000] {logging_mixin.py:149} INFO - [2023-06-09T01:26:01.341+0000] {dag.py:2726} INFO - Sync 1 DAGs
[2023-06-09T01:26:01.390+0000] {logging_mixin.py:149} INFO - [2023-06-09T01:26:01.390+0000] {dag.py:3490} INFO - Setting next_dagrun for example_kubernetes_executor to None, run_after=None
[2023-06-09T01:26:01.447+0000] {processor.py:179} INFO - Processing /home/airflow/.local/lib/python3.7/site-packages/airflow/example_dags/example_kubernetes_executor.py took 1.932 seconds
[2023-06-09T01:26:32.110+0000] {processor.py:157} INFO - Started process (PID=171) to work on /home/airflow/.local/lib/python3.7/site-packages/airflow/example_dags/example_kubernetes_executor.py
[2023-06-09T01:26:32.112+0000] {processor.py:826} INFO - Processing file /home/airflow/.local/lib/python3.7/site-packages/airflow/example_dags/example_kubernetes_executor.py for tasks to queue
[2023-06-09T01:26:32.113+0000] {logging_mixin.py:149} INFO - [2023-06-09T01:26:32.113+0000] {dagbag.py:541} INFO - Filling up the DagBag from /home/airflow/.local/lib/python3.7/site-packages/airflow/example_dags/example_kubernetes_executor.py
[2023-06-09T01:26:32.421+0000] {processor.py:836} INFO - DAG(s) dict_keys(['example_kubernetes_executor']) retrieved from /home/airflow/.local/lib/python3.7/site-packages/airflow/example_dags/example_kubernetes_executor.py
[2023-06-09T01:26:32.460+0000] {logging_mixin.py:149} INFO - [2023-06-09T01:26:32.459+0000] {dag.py:2726} INFO - Sync 1 DAGs
[2023-06-09T01:26:32.477+0000] {logging_mixin.py:149} INFO - [2023-06-09T01:26:32.477+0000] {dag.py:3490} INFO - Setting next_dagrun for example_kubernetes_executor to None, run_after=None
[2023-06-09T01:26:32.492+0000] {processor.py:179} INFO - Processing /home/airflow/.local/lib/python3.7/site-packages/airflow/example_dags/example_kubernetes_executor.py took 0.385 seconds
[2023-06-09T01:27:02.873+0000] {processor.py:157} INFO - Started process (PID=231) to work on /home/airflow/.local/lib/python3.7/site-packages/airflow/example_dags/example_kubernetes_executor.py
[2023-06-09T01:27:02.875+0000] {processor.py:826} INFO - Processing file /home/airflow/.local/lib/python3.7/site-packages/airflow/example_dags/example_kubernetes_executor.py for tasks to queue
[2023-06-09T01:27:02.877+0000] {logging_mixin.py:149} INFO - [2023-06-09T01:27:02.876+0000] {dagbag.py:541} INFO - Filling up the DagBag from /home/airflow/.local/lib/python3.7/site-packages/airflow/example_dags/example_kubernetes_executor.py
[2023-06-09T01:27:03.077+0000] {processor.py:836} INFO - DAG(s) dict_keys(['example_kubernetes_executor']) retrieved from /home/airflow/.local/lib/python3.7/site-packages/airflow/example_dags/example_kubernetes_executor.py
[2023-06-09T01:27:03.146+0000] {logging_mixin.py:149} INFO - [2023-06-09T01:27:03.146+0000] {dag.py:2726} INFO - Sync 1 DAGs
[2023-06-09T01:27:03.171+0000] {logging_mixin.py:149} INFO - [2023-06-09T01:27:03.171+0000] {dag.py:3490} INFO - Setting next_dagrun for example_kubernetes_executor to None, run_after=None
[2023-06-09T01:27:03.190+0000] {processor.py:179} INFO - Processing /home/airflow/.local/lib/python3.7/site-packages/airflow/example_dags/example_kubernetes_executor.py took 0.321 seconds
[2023-06-09T01:27:33.313+0000] {processor.py:157} INFO - Started process (PID=287) to work on /home/airflow/.local/lib/python3.7/site-packages/airflow/example_dags/example_kubernetes_executor.py
[2023-06-09T01:27:33.314+0000] {processor.py:826} INFO - Processing file /home/airflow/.local/lib/python3.7/site-packages/airflow/example_dags/example_kubernetes_executor.py for tasks to queue
[2023-06-09T01:27:33.315+0000] {logging_mixin.py:149} INFO - [2023-06-09T01:27:33.315+0000] {dagbag.py:541} INFO - Filling up the DagBag from /home/airflow/.local/lib/python3.7/site-packages/airflow/example_dags/example_kubernetes_executor.py
[2023-06-09T01:27:33.501+0000] {processor.py:836} INFO - DAG(s) dict_keys(['example_kubernetes_executor']) retrieved from /home/airflow/.local/lib/python3.7/site-packages/airflow/example_dags/example_kubernetes_executor.py
[2023-06-09T01:27:33.537+0000] {logging_mixin.py:149} INFO - [2023-06-09T01:27:33.537+0000] {dag.py:2726} INFO - Sync 1 DAGs
[2023-06-09T01:27:33.555+0000] {logging_mixin.py:149} INFO - [2023-06-09T01:27:33.555+0000] {dag.py:3490} INFO - Setting next_dagrun for example_kubernetes_executor to None, run_after=None
[2023-06-09T01:27:33.568+0000] {processor.py:179} INFO - Processing /home/airflow/.local/lib/python3.7/site-packages/airflow/example_dags/example_kubernetes_executor.py took 0.257 seconds
[2023-06-09T01:28:03.597+0000] {processor.py:157} INFO - Started process (PID=339) to work on /home/airflow/.local/lib/python3.7/site-packages/airflow/example_dags/example_kubernetes_executor.py
[2023-06-09T01:28:03.599+0000] {processor.py:826} INFO - Processing file /home/airflow/.local/lib/python3.7/site-packages/airflow/example_dags/example_kubernetes_executor.py for tasks to queue
[2023-06-09T01:28:03.600+0000] {logging_mixin.py:149} INFO - [2023-06-09T01:28:03.600+0000] {dagbag.py:541} INFO - Filling up the DagBag from /home/airflow/.local/lib/python3.7/site-packages/airflow/example_dags/example_kubernetes_executor.py
[2023-06-09T01:28:03.792+0000] {processor.py:836} INFO - DAG(s) dict_keys(['example_kubernetes_executor']) retrieved from /home/airflow/.local/lib/python3.7/site-packages/airflow/example_dags/example_kubernetes_executor.py
[2023-06-09T01:28:03.825+0000] {logging_mixin.py:149} INFO - [2023-06-09T01:28:03.825+0000] {dag.py:2726} INFO - Sync 1 DAGs
[2023-06-09T01:28:03.848+0000] {logging_mixin.py:149} INFO - [2023-06-09T01:28:03.848+0000] {dag.py:3490} INFO - Setting next_dagrun for example_kubernetes_executor to None, run_after=None
[2023-06-09T01:28:03.861+0000] {processor.py:179} INFO - Processing /home/airflow/.local/lib/python3.7/site-packages/airflow/example_dags/example_kubernetes_executor.py took 0.266 seconds
[2023-06-09T01:28:34.317+0000] {processor.py:157} INFO - Started process (PID=395) to work on /home/airflow/.local/lib/python3.7/site-packages/airflow/example_dags/example_kubernetes_executor.py
[2023-06-09T01:28:34.320+0000] {processor.py:826} INFO - Processing file /home/airflow/.local/lib/python3.7/site-packages/airflow/example_dags/example_kubernetes_executor.py for tasks to queue
[2023-06-09T01:28:34.321+0000] {logging_mixin.py:149} INFO - [2023-06-09T01:28:34.321+0000] {dagbag.py:541} INFO - Filling up the DagBag from /home/airflow/.local/lib/python3.7/site-packages/airflow/example_dags/example_kubernetes_executor.py
[2023-06-09T01:28:34.533+0000] {processor.py:836} INFO - DAG(s) dict_keys(['example_kubernetes_executor']) retrieved from /home/airflow/.local/lib/python3.7/site-packages/airflow/example_dags/example_kubernetes_executor.py
[2023-06-09T01:28:34.570+0000] {logging_mixin.py:149} INFO - [2023-06-09T01:28:34.570+0000] {dag.py:2726} INFO - Sync 1 DAGs
[2023-06-09T01:28:34.589+0000] {logging_mixin.py:149} INFO - [2023-06-09T01:28:34.589+0000] {dag.py:3490} INFO - Setting next_dagrun for example_kubernetes_executor to None, run_after=None
[2023-06-09T01:28:34.601+0000] {processor.py:179} INFO - Processing /home/airflow/.local/lib/python3.7/site-packages/airflow/example_dags/example_kubernetes_executor.py took 0.292 seconds
[2023-06-09T01:29:04.648+0000] {processor.py:157} INFO - Started process (PID=453) to work on /home/airflow/.local/lib/python3.7/site-packages/airflow/example_dags/example_kubernetes_executor.py
[2023-06-09T01:29:04.649+0000] {processor.py:826} INFO - Processing file /home/airflow/.local/lib/python3.7/site-packages/airflow/example_dags/example_kubernetes_executor.py for tasks to queue
[2023-06-09T01:29:04.650+0000] {logging_mixin.py:149} INFO - [2023-06-09T01:29:04.650+0000] {dagbag.py:541} INFO - Filling up the DagBag from /home/airflow/.local/lib/python3.7/site-packages/airflow/example_dags/example_kubernetes_executor.py
[2023-06-09T01:29:04.863+0000] {processor.py:836} INFO - DAG(s) dict_keys(['example_kubernetes_executor']) retrieved from /home/airflow/.local/lib/python3.7/site-packages/airflow/example_dags/example_kubernetes_executor.py
[2023-06-09T01:29:04.904+0000] {logging_mixin.py:149} INFO - [2023-06-09T01:29:04.904+0000] {dag.py:2726} INFO - Sync 1 DAGs
[2023-06-09T01:29:04.922+0000] {logging_mixin.py:149} INFO - [2023-06-09T01:29:04.922+0000] {dag.py:3490} INFO - Setting next_dagrun for example_kubernetes_executor to None, run_after=None
[2023-06-09T01:29:04.933+0000] {processor.py:179} INFO - Processing /home/airflow/.local/lib/python3.7/site-packages/airflow/example_dags/example_kubernetes_executor.py took 0.288 seconds
[2023-06-09T01:29:34.994+0000] {processor.py:157} INFO - Started process (PID=511) to work on /home/airflow/.local/lib/python3.7/site-packages/airflow/example_dags/example_kubernetes_executor.py
[2023-06-09T01:29:34.995+0000] {processor.py:826} INFO - Processing file /home/airflow/.local/lib/python3.7/site-packages/airflow/example_dags/example_kubernetes_executor.py for tasks to queue
[2023-06-09T01:29:34.996+0000] {logging_mixin.py:149} INFO - [2023-06-09T01:29:34.996+0000] {dagbag.py:541} INFO - Filling up the DagBag from /home/airflow/.local/lib/python3.7/site-packages/airflow/example_dags/example_kubernetes_executor.py
[2023-06-09T01:29:35.163+0000] {processor.py:836} INFO - DAG(s) dict_keys(['example_kubernetes_executor']) retrieved from /home/airflow/.local/lib/python3.7/site-packages/airflow/example_dags/example_kubernetes_executor.py
[2023-06-09T01:29:35.193+0000] {logging_mixin.py:149} INFO - [2023-06-09T01:29:35.193+0000] {dag.py:2726} INFO - Sync 1 DAGs
[2023-06-09T01:29:35.211+0000] {logging_mixin.py:149} INFO - [2023-06-09T01:29:35.210+0000] {dag.py:3490} INFO - Setting next_dagrun for example_kubernetes_executor to None, run_after=None
[2023-06-09T01:29:35.222+0000] {processor.py:179} INFO - Processing /home/airflow/.local/lib/python3.7/site-packages/airflow/example_dags/example_kubernetes_executor.py took 0.230 seconds
[2023-06-09T01:30:05.547+0000] {processor.py:157} INFO - Started process (PID=563) to work on /home/airflow/.local/lib/python3.7/site-packages/airflow/example_dags/example_kubernetes_executor.py
[2023-06-09T01:30:05.550+0000] {processor.py:826} INFO - Processing file /home/airflow/.local/lib/python3.7/site-packages/airflow/example_dags/example_kubernetes_executor.py for tasks to queue
[2023-06-09T01:30:05.552+0000] {logging_mixin.py:149} INFO - [2023-06-09T01:30:05.552+0000] {dagbag.py:541} INFO - Filling up the DagBag from /home/airflow/.local/lib/python3.7/site-packages/airflow/example_dags/example_kubernetes_executor.py
[2023-06-09T01:30:05.790+0000] {processor.py:836} INFO - DAG(s) dict_keys(['example_kubernetes_executor']) retrieved from /home/airflow/.local/lib/python3.7/site-packages/airflow/example_dags/example_kubernetes_executor.py
[2023-06-09T01:30:05.827+0000] {logging_mixin.py:149} INFO - [2023-06-09T01:30:05.827+0000] {dag.py:2726} INFO - Sync 1 DAGs
[2023-06-09T01:30:05.849+0000] {logging_mixin.py:149} INFO - [2023-06-09T01:30:05.849+0000] {dag.py:3490} INFO - Setting next_dagrun for example_kubernetes_executor to None, run_after=None
[2023-06-09T01:30:05.865+0000] {processor.py:179} INFO - Processing /home/airflow/.local/lib/python3.7/site-packages/airflow/example_dags/example_kubernetes_executor.py took 0.328 seconds
[2023-06-09T01:30:35.927+0000] {processor.py:157} INFO - Started process (PID=621) to work on /home/airflow/.local/lib/python3.7/site-packages/airflow/example_dags/example_kubernetes_executor.py
[2023-06-09T01:30:35.928+0000] {processor.py:826} INFO - Processing file /home/airflow/.local/lib/python3.7/site-packages/airflow/example_dags/example_kubernetes_executor.py for tasks to queue
[2023-06-09T01:30:35.929+0000] {logging_mixin.py:149} INFO - [2023-06-09T01:30:35.929+0000] {dagbag.py:541} INFO - Filling up the DagBag from /home/airflow/.local/lib/python3.7/site-packages/airflow/example_dags/example_kubernetes_executor.py
[2023-06-09T01:30:36.102+0000] {processor.py:836} INFO - DAG(s) dict_keys(['example_kubernetes_executor']) retrieved from /home/airflow/.local/lib/python3.7/site-packages/airflow/example_dags/example_kubernetes_executor.py
[2023-06-09T01:30:36.136+0000] {logging_mixin.py:149} INFO - [2023-06-09T01:30:36.135+0000] {dag.py:2726} INFO - Sync 1 DAGs
[2023-06-09T01:30:36.153+0000] {logging_mixin.py:149} INFO - [2023-06-09T01:30:36.153+0000] {dag.py:3490} INFO - Setting next_dagrun for example_kubernetes_executor to None, run_after=None
[2023-06-09T01:30:36.165+0000] {processor.py:179} INFO - Processing /home/airflow/.local/lib/python3.7/site-packages/airflow/example_dags/example_kubernetes_executor.py took 0.242 seconds
[2023-06-09T01:31:06.312+0000] {processor.py:157} INFO - Started process (PID=675) to work on /home/airflow/.local/lib/python3.7/site-packages/airflow/example_dags/example_kubernetes_executor.py
[2023-06-09T01:31:06.315+0000] {processor.py:826} INFO - Processing file /home/airflow/.local/lib/python3.7/site-packages/airflow/example_dags/example_kubernetes_executor.py for tasks to queue
[2023-06-09T01:31:06.316+0000] {logging_mixin.py:149} INFO - [2023-06-09T01:31:06.316+0000] {dagbag.py:541} INFO - Filling up the DagBag from /home/airflow/.local/lib/python3.7/site-packages/airflow/example_dags/example_kubernetes_executor.py
[2023-06-09T01:31:06.529+0000] {processor.py:836} INFO - DAG(s) dict_keys(['example_kubernetes_executor']) retrieved from /home/airflow/.local/lib/python3.7/site-packages/airflow/example_dags/example_kubernetes_executor.py
[2023-06-09T01:31:06.568+0000] {logging_mixin.py:149} INFO - [2023-06-09T01:31:06.568+0000] {dag.py:2726} INFO - Sync 1 DAGs
[2023-06-09T01:31:06.591+0000] {logging_mixin.py:149} INFO - [2023-06-09T01:31:06.591+0000] {dag.py:3490} INFO - Setting next_dagrun for example_kubernetes_executor to None, run_after=None
[2023-06-09T01:31:06.604+0000] {processor.py:179} INFO - Processing /home/airflow/.local/lib/python3.7/site-packages/airflow/example_dags/example_kubernetes_executor.py took 0.299 seconds
[2023-06-09T01:31:37.306+0000] {processor.py:157} INFO - Started process (PID=731) to work on /home/airflow/.local/lib/python3.7/site-packages/airflow/example_dags/example_kubernetes_executor.py
[2023-06-09T01:31:37.308+0000] {processor.py:826} INFO - Processing file /home/airflow/.local/lib/python3.7/site-packages/airflow/example_dags/example_kubernetes_executor.py for tasks to queue
[2023-06-09T01:31:37.309+0000] {logging_mixin.py:149} INFO - [2023-06-09T01:31:37.309+0000] {dagbag.py:541} INFO - Filling up the DagBag from /home/airflow/.local/lib/python3.7/site-packages/airflow/example_dags/example_kubernetes_executor.py
[2023-06-09T01:31:37.533+0000] {processor.py:836} INFO - DAG(s) dict_keys(['example_kubernetes_executor']) retrieved from /home/airflow/.local/lib/python3.7/site-packages/airflow/example_dags/example_kubernetes_executor.py
[2023-06-09T01:31:37.566+0000] {logging_mixin.py:149} INFO - [2023-06-09T01:31:37.566+0000] {dag.py:2726} INFO - Sync 1 DAGs
[2023-06-09T01:31:37.590+0000] {logging_mixin.py:149} INFO - [2023-06-09T01:31:37.590+0000] {dag.py:3490} INFO - Setting next_dagrun for example_kubernetes_executor to None, run_after=None
[2023-06-09T01:31:37.604+0000] {processor.py:179} INFO - Processing /home/airflow/.local/lib/python3.7/site-packages/airflow/example_dags/example_kubernetes_executor.py took 0.305 seconds
[2023-06-09T01:32:07.660+0000] {processor.py:157} INFO - Started process (PID=789) to work on /home/airflow/.local/lib/python3.7/site-packages/airflow/example_dags/example_kubernetes_executor.py
[2023-06-09T01:32:07.661+0000] {processor.py:826} INFO - Processing file /home/airflow/.local/lib/python3.7/site-packages/airflow/example_dags/example_kubernetes_executor.py for tasks to queue
[2023-06-09T01:32:07.662+0000] {logging_mixin.py:149} INFO - [2023-06-09T01:32:07.662+0000] {dagbag.py:541} INFO - Filling up the DagBag from /home/airflow/.local/lib/python3.7/site-packages/airflow/example_dags/example_kubernetes_executor.py
[2023-06-09T01:32:07.836+0000] {processor.py:836} INFO - DAG(s) dict_keys(['example_kubernetes_executor']) retrieved from /home/airflow/.local/lib/python3.7/site-packages/airflow/example_dags/example_kubernetes_executor.py
[2023-06-09T01:32:07.871+0000] {logging_mixin.py:149} INFO - [2023-06-09T01:32:07.870+0000] {dag.py:2726} INFO - Sync 1 DAGs
[2023-06-09T01:32:07.886+0000] {logging_mixin.py:149} INFO - [2023-06-09T01:32:07.886+0000] {dag.py:3490} INFO - Setting next_dagrun for example_kubernetes_executor to None, run_after=None
[2023-06-09T01:32:07.896+0000] {processor.py:179} INFO - Processing /home/airflow/.local/lib/python3.7/site-packages/airflow/example_dags/example_kubernetes_executor.py took 0.239 seconds
[2023-06-09T01:32:37.970+0000] {processor.py:157} INFO - Started process (PID=846) to work on /home/airflow/.local/lib/python3.7/site-packages/airflow/example_dags/example_kubernetes_executor.py
[2023-06-09T01:32:37.971+0000] {processor.py:826} INFO - Processing file /home/airflow/.local/lib/python3.7/site-packages/airflow/example_dags/example_kubernetes_executor.py for tasks to queue
[2023-06-09T01:32:37.972+0000] {logging_mixin.py:149} INFO - [2023-06-09T01:32:37.971+0000] {dagbag.py:541} INFO - Filling up the DagBag from /home/airflow/.local/lib/python3.7/site-packages/airflow/example_dags/example_kubernetes_executor.py
[2023-06-09T01:32:38.123+0000] {processor.py:836} INFO - DAG(s) dict_keys(['example_kubernetes_executor']) retrieved from /home/airflow/.local/lib/python3.7/site-packages/airflow/example_dags/example_kubernetes_executor.py
[2023-06-09T01:32:38.162+0000] {logging_mixin.py:149} INFO - [2023-06-09T01:32:38.162+0000] {dag.py:2726} INFO - Sync 1 DAGs
[2023-06-09T01:32:38.181+0000] {logging_mixin.py:149} INFO - [2023-06-09T01:32:38.181+0000] {dag.py:3490} INFO - Setting next_dagrun for example_kubernetes_executor to None, run_after=None
[2023-06-09T01:32:38.193+0000] {processor.py:179} INFO - Processing /home/airflow/.local/lib/python3.7/site-packages/airflow/example_dags/example_kubernetes_executor.py took 0.226 seconds
[2023-06-09T01:33:09.183+0000] {processor.py:157} INFO - Started process (PID=903) to work on /home/airflow/.local/lib/python3.7/site-packages/airflow/example_dags/example_kubernetes_executor.py
[2023-06-09T01:33:09.185+0000] {processor.py:826} INFO - Processing file /home/airflow/.local/lib/python3.7/site-packages/airflow/example_dags/example_kubernetes_executor.py for tasks to queue
[2023-06-09T01:33:09.186+0000] {logging_mixin.py:149} INFO - [2023-06-09T01:33:09.186+0000] {dagbag.py:541} INFO - Filling up the DagBag from /home/airflow/.local/lib/python3.7/site-packages/airflow/example_dags/example_kubernetes_executor.py
[2023-06-09T01:33:09.346+0000] {processor.py:836} INFO - DAG(s) dict_keys(['example_kubernetes_executor']) retrieved from /home/airflow/.local/lib/python3.7/site-packages/airflow/example_dags/example_kubernetes_executor.py
[2023-06-09T01:33:09.375+0000] {logging_mixin.py:149} INFO - [2023-06-09T01:33:09.375+0000] {dag.py:2726} INFO - Sync 1 DAGs
[2023-06-09T01:33:09.393+0000] {logging_mixin.py:149} INFO - [2023-06-09T01:33:09.393+0000] {dag.py:3490} INFO - Setting next_dagrun for example_kubernetes_executor to None, run_after=None
[2023-06-09T01:33:09.404+0000] {processor.py:179} INFO - Processing /home/airflow/.local/lib/python3.7/site-packages/airflow/example_dags/example_kubernetes_executor.py took 0.227 seconds
[2023-06-09T01:33:40.325+0000] {processor.py:157} INFO - Started process (PID=959) to work on /home/airflow/.local/lib/python3.7/site-packages/airflow/example_dags/example_kubernetes_executor.py
[2023-06-09T01:33:40.327+0000] {processor.py:826} INFO - Processing file /home/airflow/.local/lib/python3.7/site-packages/airflow/example_dags/example_kubernetes_executor.py for tasks to queue
[2023-06-09T01:33:40.328+0000] {logging_mixin.py:149} INFO - [2023-06-09T01:33:40.328+0000] {dagbag.py:541} INFO - Filling up the DagBag from /home/airflow/.local/lib/python3.7/site-packages/airflow/example_dags/example_kubernetes_executor.py
[2023-06-09T01:33:40.501+0000] {processor.py:836} INFO - DAG(s) dict_keys(['example_kubernetes_executor']) retrieved from /home/airflow/.local/lib/python3.7/site-packages/airflow/example_dags/example_kubernetes_executor.py
[2023-06-09T01:33:40.529+0000] {logging_mixin.py:149} INFO - [2023-06-09T01:33:40.529+0000] {dag.py:2726} INFO - Sync 1 DAGs
[2023-06-09T01:33:40.545+0000] {logging_mixin.py:149} INFO - [2023-06-09T01:33:40.544+0000] {dag.py:3490} INFO - Setting next_dagrun for example_kubernetes_executor to None, run_after=None
[2023-06-09T01:33:40.556+0000] {processor.py:179} INFO - Processing /home/airflow/.local/lib/python3.7/site-packages/airflow/example_dags/example_kubernetes_executor.py took 0.236 seconds
[2023-06-09T01:34:10.962+0000] {processor.py:157} INFO - Started process (PID=1015) to work on /home/airflow/.local/lib/python3.7/site-packages/airflow/example_dags/example_kubernetes_executor.py
[2023-06-09T01:34:10.964+0000] {processor.py:826} INFO - Processing file /home/airflow/.local/lib/python3.7/site-packages/airflow/example_dags/example_kubernetes_executor.py for tasks to queue
[2023-06-09T01:34:10.966+0000] {logging_mixin.py:149} INFO - [2023-06-09T01:34:10.966+0000] {dagbag.py:541} INFO - Filling up the DagBag from /home/airflow/.local/lib/python3.7/site-packages/airflow/example_dags/example_kubernetes_executor.py
[2023-06-09T01:34:11.187+0000] {processor.py:836} INFO - DAG(s) dict_keys(['example_kubernetes_executor']) retrieved from /home/airflow/.local/lib/python3.7/site-packages/airflow/example_dags/example_kubernetes_executor.py
[2023-06-09T01:34:11.226+0000] {logging_mixin.py:149} INFO - [2023-06-09T01:34:11.226+0000] {dag.py:2726} INFO - Sync 1 DAGs
[2023-06-09T01:34:11.246+0000] {logging_mixin.py:149} INFO - [2023-06-09T01:34:11.246+0000] {dag.py:3490} INFO - Setting next_dagrun for example_kubernetes_executor to None, run_after=None
[2023-06-09T01:34:11.258+0000] {processor.py:179} INFO - Processing /home/airflow/.local/lib/python3.7/site-packages/airflow/example_dags/example_kubernetes_executor.py took 0.305 seconds
[2023-06-09T01:34:41.522+0000] {processor.py:157} INFO - Started process (PID=1071) to work on /home/airflow/.local/lib/python3.7/site-packages/airflow/example_dags/example_kubernetes_executor.py
[2023-06-09T01:34:41.536+0000] {processor.py:826} INFO - Processing file /home/airflow/.local/lib/python3.7/site-packages/airflow/example_dags/example_kubernetes_executor.py for tasks to queue
[2023-06-09T01:34:41.541+0000] {logging_mixin.py:149} INFO - [2023-06-09T01:34:41.541+0000] {dagbag.py:541} INFO - Filling up the DagBag from /home/airflow/.local/lib/python3.7/site-packages/airflow/example_dags/example_kubernetes_executor.py
[2023-06-09T01:34:41.835+0000] {processor.py:836} INFO - DAG(s) dict_keys(['example_kubernetes_executor']) retrieved from /home/airflow/.local/lib/python3.7/site-packages/airflow/example_dags/example_kubernetes_executor.py
[2023-06-09T01:34:41.887+0000] {logging_mixin.py:149} INFO - [2023-06-09T01:34:41.887+0000] {dag.py:2726} INFO - Sync 1 DAGs
[2023-06-09T01:34:41.918+0000] {logging_mixin.py:149} INFO - [2023-06-09T01:34:41.917+0000] {dag.py:3490} INFO - Setting next_dagrun for example_kubernetes_executor to None, run_after=None
[2023-06-09T01:34:41.933+0000] {processor.py:179} INFO - Processing /home/airflow/.local/lib/python3.7/site-packages/airflow/example_dags/example_kubernetes_executor.py took 0.424 seconds
[2023-06-09T01:35:12.608+0000] {processor.py:157} INFO - Started process (PID=1127) to work on /home/airflow/.local/lib/python3.7/site-packages/airflow/example_dags/example_kubernetes_executor.py
[2023-06-09T01:35:12.611+0000] {processor.py:826} INFO - Processing file /home/airflow/.local/lib/python3.7/site-packages/airflow/example_dags/example_kubernetes_executor.py for tasks to queue
[2023-06-09T01:35:12.613+0000] {logging_mixin.py:149} INFO - [2023-06-09T01:35:12.613+0000] {dagbag.py:541} INFO - Filling up the DagBag from /home/airflow/.local/lib/python3.7/site-packages/airflow/example_dags/example_kubernetes_executor.py
[2023-06-09T01:35:12.906+0000] {processor.py:836} INFO - DAG(s) dict_keys(['example_kubernetes_executor']) retrieved from /home/airflow/.local/lib/python3.7/site-packages/airflow/example_dags/example_kubernetes_executor.py
[2023-06-09T01:35:12.949+0000] {logging_mixin.py:149} INFO - [2023-06-09T01:35:12.949+0000] {dag.py:2726} INFO - Sync 1 DAGs
[2023-06-09T01:35:12.970+0000] {logging_mixin.py:149} INFO - [2023-06-09T01:35:12.970+0000] {dag.py:3490} INFO - Setting next_dagrun for example_kubernetes_executor to None, run_after=None
[2023-06-09T01:35:12.983+0000] {processor.py:179} INFO - Processing /home/airflow/.local/lib/python3.7/site-packages/airflow/example_dags/example_kubernetes_executor.py took 0.383 seconds
[2023-06-09T01:35:43.975+0000] {processor.py:157} INFO - Started process (PID=1183) to work on /home/airflow/.local/lib/python3.7/site-packages/airflow/example_dags/example_kubernetes_executor.py
[2023-06-09T01:35:43.979+0000] {processor.py:826} INFO - Processing file /home/airflow/.local/lib/python3.7/site-packages/airflow/example_dags/example_kubernetes_executor.py for tasks to queue
[2023-06-09T01:35:43.981+0000] {logging_mixin.py:149} INFO - [2023-06-09T01:35:43.981+0000] {dagbag.py:541} INFO - Filling up the DagBag from /home/airflow/.local/lib/python3.7/site-packages/airflow/example_dags/example_kubernetes_executor.py
[2023-06-09T01:35:44.175+0000] {processor.py:836} INFO - DAG(s) dict_keys(['example_kubernetes_executor']) retrieved from /home/airflow/.local/lib/python3.7/site-packages/airflow/example_dags/example_kubernetes_executor.py
[2023-06-09T01:35:44.211+0000] {logging_mixin.py:149} INFO - [2023-06-09T01:35:44.211+0000] {dag.py:2726} INFO - Sync 1 DAGs
[2023-06-09T01:35:44.226+0000] {logging_mixin.py:149} INFO - [2023-06-09T01:35:44.226+0000] {dag.py:3490} INFO - Setting next_dagrun for example_kubernetes_executor to None, run_after=None
[2023-06-09T01:35:44.239+0000] {processor.py:179} INFO - Processing /home/airflow/.local/lib/python3.7/site-packages/airflow/example_dags/example_kubernetes_executor.py took 0.272 seconds
[2023-06-09T01:36:14.315+0000] {processor.py:157} INFO - Started process (PID=1241) to work on /home/airflow/.local/lib/python3.7/site-packages/airflow/example_dags/example_kubernetes_executor.py
[2023-06-09T01:36:14.316+0000] {processor.py:826} INFO - Processing file /home/airflow/.local/lib/python3.7/site-packages/airflow/example_dags/example_kubernetes_executor.py for tasks to queue
[2023-06-09T01:36:14.317+0000] {logging_mixin.py:149} INFO - [2023-06-09T01:36:14.317+0000] {dagbag.py:541} INFO - Filling up the DagBag from /home/airflow/.local/lib/python3.7/site-packages/airflow/example_dags/example_kubernetes_executor.py
[2023-06-09T01:36:14.487+0000] {processor.py:836} INFO - DAG(s) dict_keys(['example_kubernetes_executor']) retrieved from /home/airflow/.local/lib/python3.7/site-packages/airflow/example_dags/example_kubernetes_executor.py
[2023-06-09T01:36:14.521+0000] {logging_mixin.py:149} INFO - [2023-06-09T01:36:14.521+0000] {dag.py:2726} INFO - Sync 1 DAGs
[2023-06-09T01:36:14.538+0000] {logging_mixin.py:149} INFO - [2023-06-09T01:36:14.537+0000] {dag.py:3490} INFO - Setting next_dagrun for example_kubernetes_executor to None, run_after=None
[2023-06-09T01:36:14.550+0000] {processor.py:179} INFO - Processing /home/airflow/.local/lib/python3.7/site-packages/airflow/example_dags/example_kubernetes_executor.py took 0.238 seconds
[2023-06-09T01:36:44.774+0000] {processor.py:157} INFO - Started process (PID=1299) to work on /home/airflow/.local/lib/python3.7/site-packages/airflow/example_dags/example_kubernetes_executor.py
[2023-06-09T01:36:44.775+0000] {processor.py:826} INFO - Processing file /home/airflow/.local/lib/python3.7/site-packages/airflow/example_dags/example_kubernetes_executor.py for tasks to queue
[2023-06-09T01:36:44.776+0000] {logging_mixin.py:149} INFO - [2023-06-09T01:36:44.776+0000] {dagbag.py:541} INFO - Filling up the DagBag from /home/airflow/.local/lib/python3.7/site-packages/airflow/example_dags/example_kubernetes_executor.py
[2023-06-09T01:36:44.929+0000] {processor.py:836} INFO - DAG(s) dict_keys(['example_kubernetes_executor']) retrieved from /home/airflow/.local/lib/python3.7/site-packages/airflow/example_dags/example_kubernetes_executor.py
[2023-06-09T01:36:44.961+0000] {logging_mixin.py:149} INFO - [2023-06-09T01:36:44.961+0000] {dag.py:2726} INFO - Sync 1 DAGs
[2023-06-09T01:36:44.976+0000] {logging_mixin.py:149} INFO - [2023-06-09T01:36:44.976+0000] {dag.py:3490} INFO - Setting next_dagrun for example_kubernetes_executor to None, run_after=None
[2023-06-09T01:36:44.987+0000] {processor.py:179} INFO - Processing /home/airflow/.local/lib/python3.7/site-packages/airflow/example_dags/example_kubernetes_executor.py took 0.217 seconds
[2023-06-09T01:37:15.527+0000] {processor.py:157} INFO - Started process (PID=1351) to work on /home/airflow/.local/lib/python3.7/site-packages/airflow/example_dags/example_kubernetes_executor.py
[2023-06-09T01:37:15.530+0000] {processor.py:826} INFO - Processing file /home/airflow/.local/lib/python3.7/site-packages/airflow/example_dags/example_kubernetes_executor.py for tasks to queue
[2023-06-09T01:37:15.532+0000] {logging_mixin.py:149} INFO - [2023-06-09T01:37:15.532+0000] {dagbag.py:541} INFO - Filling up the DagBag from /home/airflow/.local/lib/python3.7/site-packages/airflow/example_dags/example_kubernetes_executor.py
[2023-06-09T01:37:15.725+0000] {processor.py:836} INFO - DAG(s) dict_keys(['example_kubernetes_executor']) retrieved from /home/airflow/.local/lib/python3.7/site-packages/airflow/example_dags/example_kubernetes_executor.py
[2023-06-09T01:37:15.755+0000] {logging_mixin.py:149} INFO - [2023-06-09T01:37:15.755+0000] {dag.py:2726} INFO - Sync 1 DAGs
[2023-06-09T01:37:15.772+0000] {logging_mixin.py:149} INFO - [2023-06-09T01:37:15.772+0000] {dag.py:3490} INFO - Setting next_dagrun for example_kubernetes_executor to None, run_after=None
[2023-06-09T01:37:15.783+0000] {processor.py:179} INFO - Processing /home/airflow/.local/lib/python3.7/site-packages/airflow/example_dags/example_kubernetes_executor.py took 0.266 seconds
[2023-06-09T01:37:45.893+0000] {processor.py:157} INFO - Started process (PID=1407) to work on /home/airflow/.local/lib/python3.7/site-packages/airflow/example_dags/example_kubernetes_executor.py
[2023-06-09T01:37:45.896+0000] {processor.py:826} INFO - Processing file /home/airflow/.local/lib/python3.7/site-packages/airflow/example_dags/example_kubernetes_executor.py for tasks to queue
[2023-06-09T01:37:45.898+0000] {logging_mixin.py:149} INFO - [2023-06-09T01:37:45.898+0000] {dagbag.py:541} INFO - Filling up the DagBag from /home/airflow/.local/lib/python3.7/site-packages/airflow/example_dags/example_kubernetes_executor.py
[2023-06-09T01:37:46.092+0000] {processor.py:836} INFO - DAG(s) dict_keys(['example_kubernetes_executor']) retrieved from /home/airflow/.local/lib/python3.7/site-packages/airflow/example_dags/example_kubernetes_executor.py
[2023-06-09T01:37:46.125+0000] {logging_mixin.py:149} INFO - [2023-06-09T01:37:46.125+0000] {dag.py:2726} INFO - Sync 1 DAGs
[2023-06-09T01:37:46.142+0000] {logging_mixin.py:149} INFO - [2023-06-09T01:37:46.142+0000] {dag.py:3490} INFO - Setting next_dagrun for example_kubernetes_executor to None, run_after=None
[2023-06-09T01:37:46.156+0000] {processor.py:179} INFO - Processing /home/airflow/.local/lib/python3.7/site-packages/airflow/example_dags/example_kubernetes_executor.py took 0.272 seconds
[2023-06-09T01:38:16.298+0000] {processor.py:157} INFO - Started process (PID=1462) to work on /home/airflow/.local/lib/python3.7/site-packages/airflow/example_dags/example_kubernetes_executor.py
[2023-06-09T01:38:16.303+0000] {processor.py:826} INFO - Processing file /home/airflow/.local/lib/python3.7/site-packages/airflow/example_dags/example_kubernetes_executor.py for tasks to queue
[2023-06-09T01:38:16.304+0000] {logging_mixin.py:149} INFO - [2023-06-09T01:38:16.304+0000] {dagbag.py:541} INFO - Filling up the DagBag from /home/airflow/.local/lib/python3.7/site-packages/airflow/example_dags/example_kubernetes_executor.py
[2023-06-09T01:38:16.543+0000] {processor.py:836} INFO - DAG(s) dict_keys(['example_kubernetes_executor']) retrieved from /home/airflow/.local/lib/python3.7/site-packages/airflow/example_dags/example_kubernetes_executor.py
[2023-06-09T01:38:16.596+0000] {logging_mixin.py:149} INFO - [2023-06-09T01:38:16.596+0000] {dag.py:2726} INFO - Sync 1 DAGs
[2023-06-09T01:38:16.618+0000] {logging_mixin.py:149} INFO - [2023-06-09T01:38:16.618+0000] {dag.py:3490} INFO - Setting next_dagrun for example_kubernetes_executor to None, run_after=None
[2023-06-09T01:38:16.636+0000] {processor.py:179} INFO - Processing /home/airflow/.local/lib/python3.7/site-packages/airflow/example_dags/example_kubernetes_executor.py took 0.354 seconds
[2023-06-09T01:38:46.728+0000] {processor.py:157} INFO - Started process (PID=1520) to work on /home/airflow/.local/lib/python3.7/site-packages/airflow/example_dags/example_kubernetes_executor.py
[2023-06-09T01:38:46.730+0000] {processor.py:826} INFO - Processing file /home/airflow/.local/lib/python3.7/site-packages/airflow/example_dags/example_kubernetes_executor.py for tasks to queue
[2023-06-09T01:38:46.731+0000] {logging_mixin.py:149} INFO - [2023-06-09T01:38:46.731+0000] {dagbag.py:541} INFO - Filling up the DagBag from /home/airflow/.local/lib/python3.7/site-packages/airflow/example_dags/example_kubernetes_executor.py
[2023-06-09T01:38:46.946+0000] {processor.py:836} INFO - DAG(s) dict_keys(['example_kubernetes_executor']) retrieved from /home/airflow/.local/lib/python3.7/site-packages/airflow/example_dags/example_kubernetes_executor.py
[2023-06-09T01:38:46.982+0000] {logging_mixin.py:149} INFO - [2023-06-09T01:38:46.982+0000] {dag.py:2726} INFO - Sync 1 DAGs
[2023-06-09T01:38:47.002+0000] {logging_mixin.py:149} INFO - [2023-06-09T01:38:47.002+0000] {dag.py:3490} INFO - Setting next_dagrun for example_kubernetes_executor to None, run_after=None
[2023-06-09T01:38:47.015+0000] {processor.py:179} INFO - Processing /home/airflow/.local/lib/python3.7/site-packages/airflow/example_dags/example_kubernetes_executor.py took 0.290 seconds
[2023-06-09T01:39:17.863+0000] {processor.py:157} INFO - Started process (PID=1577) to work on /home/airflow/.local/lib/python3.7/site-packages/airflow/example_dags/example_kubernetes_executor.py
[2023-06-09T01:39:17.865+0000] {processor.py:826} INFO - Processing file /home/airflow/.local/lib/python3.7/site-packages/airflow/example_dags/example_kubernetes_executor.py for tasks to queue
[2023-06-09T01:39:17.867+0000] {logging_mixin.py:149} INFO - [2023-06-09T01:39:17.866+0000] {dagbag.py:541} INFO - Filling up the DagBag from /home/airflow/.local/lib/python3.7/site-packages/airflow/example_dags/example_kubernetes_executor.py
[2023-06-09T01:39:18.073+0000] {processor.py:836} INFO - DAG(s) dict_keys(['example_kubernetes_executor']) retrieved from /home/airflow/.local/lib/python3.7/site-packages/airflow/example_dags/example_kubernetes_executor.py
[2023-06-09T01:39:18.109+0000] {logging_mixin.py:149} INFO - [2023-06-09T01:39:18.109+0000] {dag.py:2726} INFO - Sync 1 DAGs
[2023-06-09T01:39:18.124+0000] {logging_mixin.py:149} INFO - [2023-06-09T01:39:18.124+0000] {dag.py:3490} INFO - Setting next_dagrun for example_kubernetes_executor to None, run_after=None
[2023-06-09T01:39:18.137+0000] {processor.py:179} INFO - Processing /home/airflow/.local/lib/python3.7/site-packages/airflow/example_dags/example_kubernetes_executor.py took 0.280 seconds
[2023-06-09T01:39:48.259+0000] {processor.py:157} INFO - Started process (PID=1636) to work on /home/airflow/.local/lib/python3.7/site-packages/airflow/example_dags/example_kubernetes_executor.py
[2023-06-09T01:39:48.260+0000] {processor.py:826} INFO - Processing file /home/airflow/.local/lib/python3.7/site-packages/airflow/example_dags/example_kubernetes_executor.py for tasks to queue
[2023-06-09T01:39:48.261+0000] {logging_mixin.py:149} INFO - [2023-06-09T01:39:48.261+0000] {dagbag.py:541} INFO - Filling up the DagBag from /home/airflow/.local/lib/python3.7/site-packages/airflow/example_dags/example_kubernetes_executor.py
[2023-06-09T01:39:48.419+0000] {processor.py:836} INFO - DAG(s) dict_keys(['example_kubernetes_executor']) retrieved from /home/airflow/.local/lib/python3.7/site-packages/airflow/example_dags/example_kubernetes_executor.py
[2023-06-09T01:39:48.447+0000] {logging_mixin.py:149} INFO - [2023-06-09T01:39:48.447+0000] {dag.py:2726} INFO - Sync 1 DAGs
[2023-06-09T01:39:48.462+0000] {logging_mixin.py:149} INFO - [2023-06-09T01:39:48.461+0000] {dag.py:3490} INFO - Setting next_dagrun for example_kubernetes_executor to None, run_after=None
[2023-06-09T01:39:48.472+0000] {processor.py:179} INFO - Processing /home/airflow/.local/lib/python3.7/site-packages/airflow/example_dags/example_kubernetes_executor.py took 0.216 seconds
[2023-06-09T01:40:18.563+0000] {processor.py:157} INFO - Started process (PID=1690) to work on /home/airflow/.local/lib/python3.7/site-packages/airflow/example_dags/example_kubernetes_executor.py
[2023-06-09T01:40:18.566+0000] {processor.py:826} INFO - Processing file /home/airflow/.local/lib/python3.7/site-packages/airflow/example_dags/example_kubernetes_executor.py for tasks to queue
[2023-06-09T01:40:18.568+0000] {logging_mixin.py:149} INFO - [2023-06-09T01:40:18.568+0000] {dagbag.py:541} INFO - Filling up the DagBag from /home/airflow/.local/lib/python3.7/site-packages/airflow/example_dags/example_kubernetes_executor.py
[2023-06-09T01:40:18.786+0000] {processor.py:836} INFO - DAG(s) dict_keys(['example_kubernetes_executor']) retrieved from /home/airflow/.local/lib/python3.7/site-packages/airflow/example_dags/example_kubernetes_executor.py
[2023-06-09T01:40:18.820+0000] {logging_mixin.py:149} INFO - [2023-06-09T01:40:18.820+0000] {dag.py:2726} INFO - Sync 1 DAGs
[2023-06-09T01:40:18.836+0000] {logging_mixin.py:149} INFO - [2023-06-09T01:40:18.836+0000] {dag.py:3490} INFO - Setting next_dagrun for example_kubernetes_executor to None, run_after=None
[2023-06-09T01:40:18.849+0000] {processor.py:179} INFO - Processing /home/airflow/.local/lib/python3.7/site-packages/airflow/example_dags/example_kubernetes_executor.py took 0.292 seconds
[2023-06-09T01:40:49.235+0000] {processor.py:157} INFO - Started process (PID=1746) to work on /home/airflow/.local/lib/python3.7/site-packages/airflow/example_dags/example_kubernetes_executor.py
[2023-06-09T01:40:49.240+0000] {processor.py:826} INFO - Processing file /home/airflow/.local/lib/python3.7/site-packages/airflow/example_dags/example_kubernetes_executor.py for tasks to queue
[2023-06-09T01:40:49.243+0000] {logging_mixin.py:149} INFO - [2023-06-09T01:40:49.243+0000] {dagbag.py:541} INFO - Filling up the DagBag from /home/airflow/.local/lib/python3.7/site-packages/airflow/example_dags/example_kubernetes_executor.py
[2023-06-09T01:40:49.517+0000] {processor.py:836} INFO - DAG(s) dict_keys(['example_kubernetes_executor']) retrieved from /home/airflow/.local/lib/python3.7/site-packages/airflow/example_dags/example_kubernetes_executor.py
[2023-06-09T01:40:49.566+0000] {logging_mixin.py:149} INFO - [2023-06-09T01:40:49.565+0000] {dag.py:2726} INFO - Sync 1 DAGs
[2023-06-09T01:40:49.589+0000] {logging_mixin.py:149} INFO - [2023-06-09T01:40:49.589+0000] {dag.py:3490} INFO - Setting next_dagrun for example_kubernetes_executor to None, run_after=None
[2023-06-09T01:40:49.604+0000] {processor.py:179} INFO - Processing /home/airflow/.local/lib/python3.7/site-packages/airflow/example_dags/example_kubernetes_executor.py took 0.378 seconds
[2023-06-09T01:41:20.336+0000] {processor.py:157} INFO - Started process (PID=1802) to work on /home/airflow/.local/lib/python3.7/site-packages/airflow/example_dags/example_kubernetes_executor.py
[2023-06-09T01:41:20.338+0000] {processor.py:826} INFO - Processing file /home/airflow/.local/lib/python3.7/site-packages/airflow/example_dags/example_kubernetes_executor.py for tasks to queue
[2023-06-09T01:41:20.340+0000] {logging_mixin.py:149} INFO - [2023-06-09T01:41:20.340+0000] {dagbag.py:541} INFO - Filling up the DagBag from /home/airflow/.local/lib/python3.7/site-packages/airflow/example_dags/example_kubernetes_executor.py
[2023-06-09T01:41:20.579+0000] {processor.py:836} INFO - DAG(s) dict_keys(['example_kubernetes_executor']) retrieved from /home/airflow/.local/lib/python3.7/site-packages/airflow/example_dags/example_kubernetes_executor.py
[2023-06-09T01:41:20.640+0000] {logging_mixin.py:149} INFO - [2023-06-09T01:41:20.640+0000] {dag.py:2726} INFO - Sync 1 DAGs
[2023-06-09T01:41:20.675+0000] {logging_mixin.py:149} INFO - [2023-06-09T01:41:20.675+0000] {dag.py:3490} INFO - Setting next_dagrun for example_kubernetes_executor to None, run_after=None
[2023-06-09T01:41:20.693+0000] {processor.py:179} INFO - Processing /home/airflow/.local/lib/python3.7/site-packages/airflow/example_dags/example_kubernetes_executor.py took 0.365 seconds
[2023-06-09T01:41:51.024+0000] {processor.py:157} INFO - Started process (PID=1866) to work on /home/airflow/.local/lib/python3.7/site-packages/airflow/example_dags/example_kubernetes_executor.py
[2023-06-09T01:41:51.026+0000] {processor.py:826} INFO - Processing file /home/airflow/.local/lib/python3.7/site-packages/airflow/example_dags/example_kubernetes_executor.py for tasks to queue
[2023-06-09T01:41:51.027+0000] {logging_mixin.py:149} INFO - [2023-06-09T01:41:51.027+0000] {dagbag.py:541} INFO - Filling up the DagBag from /home/airflow/.local/lib/python3.7/site-packages/airflow/example_dags/example_kubernetes_executor.py
[2023-06-09T01:41:51.241+0000] {processor.py:836} INFO - DAG(s) dict_keys(['example_kubernetes_executor']) retrieved from /home/airflow/.local/lib/python3.7/site-packages/airflow/example_dags/example_kubernetes_executor.py
[2023-06-09T01:41:51.277+0000] {logging_mixin.py:149} INFO - [2023-06-09T01:41:51.277+0000] {dag.py:2726} INFO - Sync 1 DAGs
[2023-06-09T01:41:51.297+0000] {logging_mixin.py:149} INFO - [2023-06-09T01:41:51.296+0000] {dag.py:3490} INFO - Setting next_dagrun for example_kubernetes_executor to None, run_after=None
[2023-06-09T01:41:51.312+0000] {processor.py:179} INFO - Processing /home/airflow/.local/lib/python3.7/site-packages/airflow/example_dags/example_kubernetes_executor.py took 0.293 seconds
[2023-06-09T01:42:21.572+0000] {processor.py:157} INFO - Started process (PID=1921) to work on /home/airflow/.local/lib/python3.7/site-packages/airflow/example_dags/example_kubernetes_executor.py
[2023-06-09T01:42:21.575+0000] {processor.py:826} INFO - Processing file /home/airflow/.local/lib/python3.7/site-packages/airflow/example_dags/example_kubernetes_executor.py for tasks to queue
[2023-06-09T01:42:21.576+0000] {logging_mixin.py:149} INFO - [2023-06-09T01:42:21.576+0000] {dagbag.py:541} INFO - Filling up the DagBag from /home/airflow/.local/lib/python3.7/site-packages/airflow/example_dags/example_kubernetes_executor.py
[2023-06-09T01:42:21.778+0000] {processor.py:836} INFO - DAG(s) dict_keys(['example_kubernetes_executor']) retrieved from /home/airflow/.local/lib/python3.7/site-packages/airflow/example_dags/example_kubernetes_executor.py
[2023-06-09T01:42:21.813+0000] {logging_mixin.py:149} INFO - [2023-06-09T01:42:21.813+0000] {dag.py:2726} INFO - Sync 1 DAGs
[2023-06-09T01:42:21.830+0000] {logging_mixin.py:149} INFO - [2023-06-09T01:42:21.830+0000] {dag.py:3490} INFO - Setting next_dagrun for example_kubernetes_executor to None, run_after=None
[2023-06-09T01:42:21.842+0000] {processor.py:179} INFO - Processing /home/airflow/.local/lib/python3.7/site-packages/airflow/example_dags/example_kubernetes_executor.py took 0.279 seconds
[2023-06-09T01:42:52.247+0000] {processor.py:157} INFO - Started process (PID=1977) to work on /home/airflow/.local/lib/python3.7/site-packages/airflow/example_dags/example_kubernetes_executor.py
[2023-06-09T01:42:52.250+0000] {processor.py:826} INFO - Processing file /home/airflow/.local/lib/python3.7/site-packages/airflow/example_dags/example_kubernetes_executor.py for tasks to queue
[2023-06-09T01:42:52.251+0000] {logging_mixin.py:149} INFO - [2023-06-09T01:42:52.251+0000] {dagbag.py:541} INFO - Filling up the DagBag from /home/airflow/.local/lib/python3.7/site-packages/airflow/example_dags/example_kubernetes_executor.py
[2023-06-09T01:42:52.478+0000] {processor.py:836} INFO - DAG(s) dict_keys(['example_kubernetes_executor']) retrieved from /home/airflow/.local/lib/python3.7/site-packages/airflow/example_dags/example_kubernetes_executor.py
[2023-06-09T01:42:52.519+0000] {logging_mixin.py:149} INFO - [2023-06-09T01:42:52.519+0000] {dag.py:2726} INFO - Sync 1 DAGs
[2023-06-09T01:42:52.539+0000] {logging_mixin.py:149} INFO - [2023-06-09T01:42:52.539+0000] {dag.py:3490} INFO - Setting next_dagrun for example_kubernetes_executor to None, run_after=None
[2023-06-09T01:42:52.554+0000] {processor.py:179} INFO - Processing /home/airflow/.local/lib/python3.7/site-packages/airflow/example_dags/example_kubernetes_executor.py took 0.313 seconds
[2023-06-09T01:43:22.644+0000] {processor.py:157} INFO - Started process (PID=2033) to work on /home/airflow/.local/lib/python3.7/site-packages/airflow/example_dags/example_kubernetes_executor.py
[2023-06-09T01:43:22.647+0000] {processor.py:826} INFO - Processing file /home/airflow/.local/lib/python3.7/site-packages/airflow/example_dags/example_kubernetes_executor.py for tasks to queue
[2023-06-09T01:43:22.649+0000] {logging_mixin.py:149} INFO - [2023-06-09T01:43:22.648+0000] {dagbag.py:541} INFO - Filling up the DagBag from /home/airflow/.local/lib/python3.7/site-packages/airflow/example_dags/example_kubernetes_executor.py
[2023-06-09T01:43:22.881+0000] {processor.py:836} INFO - DAG(s) dict_keys(['example_kubernetes_executor']) retrieved from /home/airflow/.local/lib/python3.7/site-packages/airflow/example_dags/example_kubernetes_executor.py
[2023-06-09T01:43:22.915+0000] {logging_mixin.py:149} INFO - [2023-06-09T01:43:22.915+0000] {dag.py:2726} INFO - Sync 1 DAGs
[2023-06-09T01:43:22.933+0000] {logging_mixin.py:149} INFO - [2023-06-09T01:43:22.933+0000] {dag.py:3490} INFO - Setting next_dagrun for example_kubernetes_executor to None, run_after=None
[2023-06-09T01:43:22.943+0000] {processor.py:179} INFO - Processing /home/airflow/.local/lib/python3.7/site-packages/airflow/example_dags/example_kubernetes_executor.py took 0.306 seconds
[2023-06-09T01:43:53.013+0000] {processor.py:157} INFO - Started process (PID=2092) to work on /home/airflow/.local/lib/python3.7/site-packages/airflow/example_dags/example_kubernetes_executor.py
[2023-06-09T01:43:53.014+0000] {processor.py:826} INFO - Processing file /home/airflow/.local/lib/python3.7/site-packages/airflow/example_dags/example_kubernetes_executor.py for tasks to queue
[2023-06-09T01:43:53.014+0000] {logging_mixin.py:149} INFO - [2023-06-09T01:43:53.014+0000] {dagbag.py:541} INFO - Filling up the DagBag from /home/airflow/.local/lib/python3.7/site-packages/airflow/example_dags/example_kubernetes_executor.py
[2023-06-09T01:43:53.185+0000] {processor.py:836} INFO - DAG(s) dict_keys(['example_kubernetes_executor']) retrieved from /home/airflow/.local/lib/python3.7/site-packages/airflow/example_dags/example_kubernetes_executor.py
[2023-06-09T01:43:53.216+0000] {logging_mixin.py:149} INFO - [2023-06-09T01:43:53.216+0000] {dag.py:2726} INFO - Sync 1 DAGs
[2023-06-09T01:43:53.233+0000] {logging_mixin.py:149} INFO - [2023-06-09T01:43:53.233+0000] {dag.py:3490} INFO - Setting next_dagrun for example_kubernetes_executor to None, run_after=None
[2023-06-09T01:43:53.249+0000] {processor.py:179} INFO - Processing /home/airflow/.local/lib/python3.7/site-packages/airflow/example_dags/example_kubernetes_executor.py took 0.240 seconds
[2023-06-09T01:44:23.292+0000] {processor.py:157} INFO - Started process (PID=2149) to work on /home/airflow/.local/lib/python3.7/site-packages/airflow/example_dags/example_kubernetes_executor.py
[2023-06-09T01:44:23.293+0000] {processor.py:826} INFO - Processing file /home/airflow/.local/lib/python3.7/site-packages/airflow/example_dags/example_kubernetes_executor.py for tasks to queue
[2023-06-09T01:44:23.294+0000] {logging_mixin.py:149} INFO - [2023-06-09T01:44:23.294+0000] {dagbag.py:541} INFO - Filling up the DagBag from /home/airflow/.local/lib/python3.7/site-packages/airflow/example_dags/example_kubernetes_executor.py
[2023-06-09T01:44:23.471+0000] {processor.py:836} INFO - DAG(s) dict_keys(['example_kubernetes_executor']) retrieved from /home/airflow/.local/lib/python3.7/site-packages/airflow/example_dags/example_kubernetes_executor.py
[2023-06-09T01:44:23.518+0000] {logging_mixin.py:149} INFO - [2023-06-09T01:44:23.517+0000] {dag.py:2726} INFO - Sync 1 DAGs
[2023-06-09T01:44:23.536+0000] {logging_mixin.py:149} INFO - [2023-06-09T01:44:23.536+0000] {dag.py:3490} INFO - Setting next_dagrun for example_kubernetes_executor to None, run_after=None
[2023-06-09T01:44:23.550+0000] {processor.py:179} INFO - Processing /home/airflow/.local/lib/python3.7/site-packages/airflow/example_dags/example_kubernetes_executor.py took 0.262 seconds
[2023-06-09T01:44:54.450+0000] {processor.py:157} INFO - Started process (PID=2205) to work on /home/airflow/.local/lib/python3.7/site-packages/airflow/example_dags/example_kubernetes_executor.py
[2023-06-09T01:44:54.454+0000] {processor.py:826} INFO - Processing file /home/airflow/.local/lib/python3.7/site-packages/airflow/example_dags/example_kubernetes_executor.py for tasks to queue
[2023-06-09T01:44:54.457+0000] {logging_mixin.py:149} INFO - [2023-06-09T01:44:54.457+0000] {dagbag.py:541} INFO - Filling up the DagBag from /home/airflow/.local/lib/python3.7/site-packages/airflow/example_dags/example_kubernetes_executor.py
[2023-06-09T01:44:54.693+0000] {processor.py:836} INFO - DAG(s) dict_keys(['example_kubernetes_executor']) retrieved from /home/airflow/.local/lib/python3.7/site-packages/airflow/example_dags/example_kubernetes_executor.py
[2023-06-09T01:44:54.734+0000] {logging_mixin.py:149} INFO - [2023-06-09T01:44:54.734+0000] {dag.py:2726} INFO - Sync 1 DAGs
[2023-06-09T01:44:54.755+0000] {logging_mixin.py:149} INFO - [2023-06-09T01:44:54.755+0000] {dag.py:3490} INFO - Setting next_dagrun for example_kubernetes_executor to None, run_after=None
[2023-06-09T01:44:54.768+0000] {processor.py:179} INFO - Processing /home/airflow/.local/lib/python3.7/site-packages/airflow/example_dags/example_kubernetes_executor.py took 0.327 seconds
[2023-06-09T01:45:24.852+0000] {processor.py:157} INFO - Started process (PID=2262) to work on /home/airflow/.local/lib/python3.7/site-packages/airflow/example_dags/example_kubernetes_executor.py
[2023-06-09T01:45:24.854+0000] {processor.py:826} INFO - Processing file /home/airflow/.local/lib/python3.7/site-packages/airflow/example_dags/example_kubernetes_executor.py for tasks to queue
[2023-06-09T01:45:24.855+0000] {logging_mixin.py:149} INFO - [2023-06-09T01:45:24.855+0000] {dagbag.py:541} INFO - Filling up the DagBag from /home/airflow/.local/lib/python3.7/site-packages/airflow/example_dags/example_kubernetes_executor.py
[2023-06-09T01:45:25.030+0000] {processor.py:836} INFO - DAG(s) dict_keys(['example_kubernetes_executor']) retrieved from /home/airflow/.local/lib/python3.7/site-packages/airflow/example_dags/example_kubernetes_executor.py
[2023-06-09T01:45:25.060+0000] {logging_mixin.py:149} INFO - [2023-06-09T01:45:25.060+0000] {dag.py:2726} INFO - Sync 1 DAGs
[2023-06-09T01:45:25.079+0000] {logging_mixin.py:149} INFO - [2023-06-09T01:45:25.078+0000] {dag.py:3490} INFO - Setting next_dagrun for example_kubernetes_executor to None, run_after=None
[2023-06-09T01:45:25.091+0000] {processor.py:179} INFO - Processing /home/airflow/.local/lib/python3.7/site-packages/airflow/example_dags/example_kubernetes_executor.py took 0.248 seconds
[2023-06-09T01:45:55.686+0000] {processor.py:157} INFO - Started process (PID=2318) to work on /home/airflow/.local/lib/python3.7/site-packages/airflow/example_dags/example_kubernetes_executor.py
[2023-06-09T01:45:55.691+0000] {processor.py:826} INFO - Processing file /home/airflow/.local/lib/python3.7/site-packages/airflow/example_dags/example_kubernetes_executor.py for tasks to queue
[2023-06-09T01:45:55.694+0000] {logging_mixin.py:149} INFO - [2023-06-09T01:45:55.693+0000] {dagbag.py:541} INFO - Filling up the DagBag from /home/airflow/.local/lib/python3.7/site-packages/airflow/example_dags/example_kubernetes_executor.py
[2023-06-09T01:45:55.901+0000] {processor.py:836} INFO - DAG(s) dict_keys(['example_kubernetes_executor']) retrieved from /home/airflow/.local/lib/python3.7/site-packages/airflow/example_dags/example_kubernetes_executor.py
[2023-06-09T01:45:55.933+0000] {logging_mixin.py:149} INFO - [2023-06-09T01:45:55.933+0000] {dag.py:2726} INFO - Sync 1 DAGs
[2023-06-09T01:45:55.952+0000] {logging_mixin.py:149} INFO - [2023-06-09T01:45:55.952+0000] {dag.py:3490} INFO - Setting next_dagrun for example_kubernetes_executor to None, run_after=None
[2023-06-09T01:45:55.965+0000] {processor.py:179} INFO - Processing /home/airflow/.local/lib/python3.7/site-packages/airflow/example_dags/example_kubernetes_executor.py took 0.289 seconds
[2023-06-09T01:46:26.034+0000] {processor.py:157} INFO - Started process (PID=2377) to work on /home/airflow/.local/lib/python3.7/site-packages/airflow/example_dags/example_kubernetes_executor.py
[2023-06-09T01:46:26.036+0000] {processor.py:826} INFO - Processing file /home/airflow/.local/lib/python3.7/site-packages/airflow/example_dags/example_kubernetes_executor.py for tasks to queue
[2023-06-09T01:46:26.036+0000] {logging_mixin.py:149} INFO - [2023-06-09T01:46:26.036+0000] {dagbag.py:541} INFO - Filling up the DagBag from /home/airflow/.local/lib/python3.7/site-packages/airflow/example_dags/example_kubernetes_executor.py
[2023-06-09T01:46:26.194+0000] {processor.py:836} INFO - DAG(s) dict_keys(['example_kubernetes_executor']) retrieved from /home/airflow/.local/lib/python3.7/site-packages/airflow/example_dags/example_kubernetes_executor.py
[2023-06-09T01:46:26.232+0000] {logging_mixin.py:149} INFO - [2023-06-09T01:46:26.231+0000] {dag.py:2726} INFO - Sync 1 DAGs
[2023-06-09T01:46:26.250+0000] {logging_mixin.py:149} INFO - [2023-06-09T01:46:26.250+0000] {dag.py:3490} INFO - Setting next_dagrun for example_kubernetes_executor to None, run_after=None
[2023-06-09T01:46:26.264+0000] {processor.py:179} INFO - Processing /home/airflow/.local/lib/python3.7/site-packages/airflow/example_dags/example_kubernetes_executor.py took 0.232 seconds
[2023-06-09T01:46:56.578+0000] {processor.py:157} INFO - Started process (PID=2430) to work on /home/airflow/.local/lib/python3.7/site-packages/airflow/example_dags/example_kubernetes_executor.py
[2023-06-09T01:46:56.580+0000] {processor.py:826} INFO - Processing file /home/airflow/.local/lib/python3.7/site-packages/airflow/example_dags/example_kubernetes_executor.py for tasks to queue
[2023-06-09T01:46:56.582+0000] {logging_mixin.py:149} INFO - [2023-06-09T01:46:56.582+0000] {dagbag.py:541} INFO - Filling up the DagBag from /home/airflow/.local/lib/python3.7/site-packages/airflow/example_dags/example_kubernetes_executor.py
[2023-06-09T01:46:56.847+0000] {processor.py:836} INFO - DAG(s) dict_keys(['example_kubernetes_executor']) retrieved from /home/airflow/.local/lib/python3.7/site-packages/airflow/example_dags/example_kubernetes_executor.py
[2023-06-09T01:46:56.882+0000] {logging_mixin.py:149} INFO - [2023-06-09T01:46:56.881+0000] {dag.py:2726} INFO - Sync 1 DAGs
[2023-06-09T01:46:56.905+0000] {logging_mixin.py:149} INFO - [2023-06-09T01:46:56.904+0000] {dag.py:3490} INFO - Setting next_dagrun for example_kubernetes_executor to None, run_after=None
[2023-06-09T01:46:56.921+0000] {processor.py:179} INFO - Processing /home/airflow/.local/lib/python3.7/site-packages/airflow/example_dags/example_kubernetes_executor.py took 0.348 seconds
[2023-06-09T01:47:27.299+0000] {processor.py:157} INFO - Started process (PID=2486) to work on /home/airflow/.local/lib/python3.7/site-packages/airflow/example_dags/example_kubernetes_executor.py
[2023-06-09T01:47:27.303+0000] {processor.py:826} INFO - Processing file /home/airflow/.local/lib/python3.7/site-packages/airflow/example_dags/example_kubernetes_executor.py for tasks to queue
[2023-06-09T01:47:27.305+0000] {logging_mixin.py:149} INFO - [2023-06-09T01:47:27.305+0000] {dagbag.py:541} INFO - Filling up the DagBag from /home/airflow/.local/lib/python3.7/site-packages/airflow/example_dags/example_kubernetes_executor.py
[2023-06-09T01:47:27.522+0000] {processor.py:836} INFO - DAG(s) dict_keys(['example_kubernetes_executor']) retrieved from /home/airflow/.local/lib/python3.7/site-packages/airflow/example_dags/example_kubernetes_executor.py
[2023-06-09T01:47:27.555+0000] {logging_mixin.py:149} INFO - [2023-06-09T01:47:27.555+0000] {dag.py:2726} INFO - Sync 1 DAGs
[2023-06-09T01:47:27.575+0000] {logging_mixin.py:149} INFO - [2023-06-09T01:47:27.575+0000] {dag.py:3490} INFO - Setting next_dagrun for example_kubernetes_executor to None, run_after=None
[2023-06-09T01:47:27.589+0000] {processor.py:179} INFO - Processing /home/airflow/.local/lib/python3.7/site-packages/airflow/example_dags/example_kubernetes_executor.py took 0.299 seconds
[2023-06-09T01:47:57.934+0000] {processor.py:157} INFO - Started process (PID=2543) to work on /home/airflow/.local/lib/python3.7/site-packages/airflow/example_dags/example_kubernetes_executor.py
[2023-06-09T01:47:57.937+0000] {processor.py:826} INFO - Processing file /home/airflow/.local/lib/python3.7/site-packages/airflow/example_dags/example_kubernetes_executor.py for tasks to queue
[2023-06-09T01:47:57.939+0000] {logging_mixin.py:149} INFO - [2023-06-09T01:47:57.939+0000] {dagbag.py:541} INFO - Filling up the DagBag from /home/airflow/.local/lib/python3.7/site-packages/airflow/example_dags/example_kubernetes_executor.py
[2023-06-09T01:47:58.201+0000] {processor.py:836} INFO - DAG(s) dict_keys(['example_kubernetes_executor']) retrieved from /home/airflow/.local/lib/python3.7/site-packages/airflow/example_dags/example_kubernetes_executor.py
[2023-06-09T01:47:58.238+0000] {logging_mixin.py:149} INFO - [2023-06-09T01:47:58.237+0000] {dag.py:2726} INFO - Sync 1 DAGs
[2023-06-09T01:47:58.258+0000] {logging_mixin.py:149} INFO - [2023-06-09T01:47:58.258+0000] {dag.py:3490} INFO - Setting next_dagrun for example_kubernetes_executor to None, run_after=None
[2023-06-09T01:47:58.272+0000] {processor.py:179} INFO - Processing /home/airflow/.local/lib/python3.7/site-packages/airflow/example_dags/example_kubernetes_executor.py took 0.346 seconds
[2023-06-09T01:48:28.460+0000] {processor.py:157} INFO - Started process (PID=2599) to work on /home/airflow/.local/lib/python3.7/site-packages/airflow/example_dags/example_kubernetes_executor.py
[2023-06-09T01:48:28.463+0000] {processor.py:826} INFO - Processing file /home/airflow/.local/lib/python3.7/site-packages/airflow/example_dags/example_kubernetes_executor.py for tasks to queue
[2023-06-09T01:48:28.465+0000] {logging_mixin.py:149} INFO - [2023-06-09T01:48:28.465+0000] {dagbag.py:541} INFO - Filling up the DagBag from /home/airflow/.local/lib/python3.7/site-packages/airflow/example_dags/example_kubernetes_executor.py
[2023-06-09T01:48:28.665+0000] {processor.py:836} INFO - DAG(s) dict_keys(['example_kubernetes_executor']) retrieved from /home/airflow/.local/lib/python3.7/site-packages/airflow/example_dags/example_kubernetes_executor.py
[2023-06-09T01:48:28.708+0000] {logging_mixin.py:149} INFO - [2023-06-09T01:48:28.708+0000] {dag.py:2726} INFO - Sync 1 DAGs
[2023-06-09T01:48:28.728+0000] {logging_mixin.py:149} INFO - [2023-06-09T01:48:28.728+0000] {dag.py:3490} INFO - Setting next_dagrun for example_kubernetes_executor to None, run_after=None
[2023-06-09T01:48:28.742+0000] {processor.py:179} INFO - Processing /home/airflow/.local/lib/python3.7/site-packages/airflow/example_dags/example_kubernetes_executor.py took 0.287 seconds
[2023-06-09T01:48:58.795+0000] {processor.py:157} INFO - Started process (PID=2657) to work on /home/airflow/.local/lib/python3.7/site-packages/airflow/example_dags/example_kubernetes_executor.py
[2023-06-09T01:48:58.796+0000] {processor.py:826} INFO - Processing file /home/airflow/.local/lib/python3.7/site-packages/airflow/example_dags/example_kubernetes_executor.py for tasks to queue
[2023-06-09T01:48:58.797+0000] {logging_mixin.py:149} INFO - [2023-06-09T01:48:58.797+0000] {dagbag.py:541} INFO - Filling up the DagBag from /home/airflow/.local/lib/python3.7/site-packages/airflow/example_dags/example_kubernetes_executor.py
[2023-06-09T01:48:58.970+0000] {processor.py:836} INFO - DAG(s) dict_keys(['example_kubernetes_executor']) retrieved from /home/airflow/.local/lib/python3.7/site-packages/airflow/example_dags/example_kubernetes_executor.py
[2023-06-09T01:48:58.999+0000] {logging_mixin.py:149} INFO - [2023-06-09T01:48:58.999+0000] {dag.py:2726} INFO - Sync 1 DAGs
[2023-06-09T01:48:59.014+0000] {logging_mixin.py:149} INFO - [2023-06-09T01:48:59.014+0000] {dag.py:3490} INFO - Setting next_dagrun for example_kubernetes_executor to None, run_after=None
[2023-06-09T01:48:59.026+0000] {processor.py:179} INFO - Processing /home/airflow/.local/lib/python3.7/site-packages/airflow/example_dags/example_kubernetes_executor.py took 0.234 seconds
[2023-06-09T01:49:29.067+0000] {processor.py:157} INFO - Started process (PID=2714) to work on /home/airflow/.local/lib/python3.7/site-packages/airflow/example_dags/example_kubernetes_executor.py
[2023-06-09T01:49:29.068+0000] {processor.py:826} INFO - Processing file /home/airflow/.local/lib/python3.7/site-packages/airflow/example_dags/example_kubernetes_executor.py for tasks to queue
[2023-06-09T01:49:29.069+0000] {logging_mixin.py:149} INFO - [2023-06-09T01:49:29.069+0000] {dagbag.py:541} INFO - Filling up the DagBag from /home/airflow/.local/lib/python3.7/site-packages/airflow/example_dags/example_kubernetes_executor.py
[2023-06-09T01:49:29.219+0000] {processor.py:836} INFO - DAG(s) dict_keys(['example_kubernetes_executor']) retrieved from /home/airflow/.local/lib/python3.7/site-packages/airflow/example_dags/example_kubernetes_executor.py
[2023-06-09T01:49:29.248+0000] {logging_mixin.py:149} INFO - [2023-06-09T01:49:29.248+0000] {dag.py:2726} INFO - Sync 1 DAGs
[2023-06-09T01:49:29.263+0000] {logging_mixin.py:149} INFO - [2023-06-09T01:49:29.263+0000] {dag.py:3490} INFO - Setting next_dagrun for example_kubernetes_executor to None, run_after=None
[2023-06-09T01:49:29.275+0000] {processor.py:179} INFO - Processing /home/airflow/.local/lib/python3.7/site-packages/airflow/example_dags/example_kubernetes_executor.py took 0.211 seconds
[2023-06-09T01:49:59.524+0000] {processor.py:157} INFO - Started process (PID=2770) to work on /home/airflow/.local/lib/python3.7/site-packages/airflow/example_dags/example_kubernetes_executor.py
[2023-06-09T01:49:59.525+0000] {processor.py:826} INFO - Processing file /home/airflow/.local/lib/python3.7/site-packages/airflow/example_dags/example_kubernetes_executor.py for tasks to queue
[2023-06-09T01:49:59.526+0000] {logging_mixin.py:149} INFO - [2023-06-09T01:49:59.526+0000] {dagbag.py:541} INFO - Filling up the DagBag from /home/airflow/.local/lib/python3.7/site-packages/airflow/example_dags/example_kubernetes_executor.py
[2023-06-09T01:49:59.703+0000] {processor.py:836} INFO - DAG(s) dict_keys(['example_kubernetes_executor']) retrieved from /home/airflow/.local/lib/python3.7/site-packages/airflow/example_dags/example_kubernetes_executor.py
[2023-06-09T01:49:59.732+0000] {logging_mixin.py:149} INFO - [2023-06-09T01:49:59.732+0000] {dag.py:2726} INFO - Sync 1 DAGs
[2023-06-09T01:49:59.750+0000] {logging_mixin.py:149} INFO - [2023-06-09T01:49:59.750+0000] {dag.py:3490} INFO - Setting next_dagrun for example_kubernetes_executor to None, run_after=None
[2023-06-09T01:49:59.761+0000] {processor.py:179} INFO - Processing /home/airflow/.local/lib/python3.7/site-packages/airflow/example_dags/example_kubernetes_executor.py took 0.240 seconds
[2023-06-09T01:50:29.940+0000] {processor.py:157} INFO - Started process (PID=2826) to work on /home/airflow/.local/lib/python3.7/site-packages/airflow/example_dags/example_kubernetes_executor.py
[2023-06-09T01:50:29.942+0000] {processor.py:826} INFO - Processing file /home/airflow/.local/lib/python3.7/site-packages/airflow/example_dags/example_kubernetes_executor.py for tasks to queue
[2023-06-09T01:50:29.943+0000] {logging_mixin.py:149} INFO - [2023-06-09T01:50:29.942+0000] {dagbag.py:541} INFO - Filling up the DagBag from /home/airflow/.local/lib/python3.7/site-packages/airflow/example_dags/example_kubernetes_executor.py
[2023-06-09T01:50:30.115+0000] {processor.py:836} INFO - DAG(s) dict_keys(['example_kubernetes_executor']) retrieved from /home/airflow/.local/lib/python3.7/site-packages/airflow/example_dags/example_kubernetes_executor.py
[2023-06-09T01:50:30.156+0000] {logging_mixin.py:149} INFO - [2023-06-09T01:50:30.156+0000] {dag.py:2726} INFO - Sync 1 DAGs
[2023-06-09T01:50:30.174+0000] {logging_mixin.py:149} INFO - [2023-06-09T01:50:30.174+0000] {dag.py:3490} INFO - Setting next_dagrun for example_kubernetes_executor to None, run_after=None
[2023-06-09T01:50:30.187+0000] {processor.py:179} INFO - Processing /home/airflow/.local/lib/python3.7/site-packages/airflow/example_dags/example_kubernetes_executor.py took 0.251 seconds
[2023-06-09T01:51:00.416+0000] {processor.py:157} INFO - Started process (PID=2882) to work on /home/airflow/.local/lib/python3.7/site-packages/airflow/example_dags/example_kubernetes_executor.py
[2023-06-09T01:51:00.417+0000] {processor.py:826} INFO - Processing file /home/airflow/.local/lib/python3.7/site-packages/airflow/example_dags/example_kubernetes_executor.py for tasks to queue
[2023-06-09T01:51:00.418+0000] {logging_mixin.py:149} INFO - [2023-06-09T01:51:00.418+0000] {dagbag.py:541} INFO - Filling up the DagBag from /home/airflow/.local/lib/python3.7/site-packages/airflow/example_dags/example_kubernetes_executor.py
[2023-06-09T01:51:00.549+0000] {processor.py:836} INFO - DAG(s) dict_keys(['example_kubernetes_executor']) retrieved from /home/airflow/.local/lib/python3.7/site-packages/airflow/example_dags/example_kubernetes_executor.py
[2023-06-09T01:51:00.578+0000] {logging_mixin.py:149} INFO - [2023-06-09T01:51:00.578+0000] {dag.py:2726} INFO - Sync 1 DAGs
[2023-06-09T01:51:00.596+0000] {logging_mixin.py:149} INFO - [2023-06-09T01:51:00.596+0000] {dag.py:3490} INFO - Setting next_dagrun for example_kubernetes_executor to None, run_after=None
[2023-06-09T01:51:00.607+0000] {processor.py:179} INFO - Processing /home/airflow/.local/lib/python3.7/site-packages/airflow/example_dags/example_kubernetes_executor.py took 0.193 seconds
[2023-06-09T01:51:30.951+0000] {processor.py:157} INFO - Started process (PID=2929) to work on /home/airflow/.local/lib/python3.7/site-packages/airflow/example_dags/example_kubernetes_executor.py
[2023-06-09T01:51:30.953+0000] {processor.py:826} INFO - Processing file /home/airflow/.local/lib/python3.7/site-packages/airflow/example_dags/example_kubernetes_executor.py for tasks to queue
[2023-06-09T01:51:30.954+0000] {logging_mixin.py:149} INFO - [2023-06-09T01:51:30.954+0000] {dagbag.py:541} INFO - Filling up the DagBag from /home/airflow/.local/lib/python3.7/site-packages/airflow/example_dags/example_kubernetes_executor.py
[2023-06-09T01:51:31.130+0000] {processor.py:836} INFO - DAG(s) dict_keys(['example_kubernetes_executor']) retrieved from /home/airflow/.local/lib/python3.7/site-packages/airflow/example_dags/example_kubernetes_executor.py
[2023-06-09T01:51:31.158+0000] {logging_mixin.py:149} INFO - [2023-06-09T01:51:31.158+0000] {dag.py:2726} INFO - Sync 1 DAGs
[2023-06-09T01:51:31.177+0000] {logging_mixin.py:149} INFO - [2023-06-09T01:51:31.177+0000] {dag.py:3490} INFO - Setting next_dagrun for example_kubernetes_executor to None, run_after=None
[2023-06-09T01:51:31.190+0000] {processor.py:179} INFO - Processing /home/airflow/.local/lib/python3.7/site-packages/airflow/example_dags/example_kubernetes_executor.py took 0.243 seconds
[2023-06-09T01:52:01.336+0000] {processor.py:157} INFO - Started process (PID=2985) to work on /home/airflow/.local/lib/python3.7/site-packages/airflow/example_dags/example_kubernetes_executor.py
[2023-06-09T01:52:01.338+0000] {processor.py:826} INFO - Processing file /home/airflow/.local/lib/python3.7/site-packages/airflow/example_dags/example_kubernetes_executor.py for tasks to queue
[2023-06-09T01:52:01.340+0000] {logging_mixin.py:149} INFO - [2023-06-09T01:52:01.340+0000] {dagbag.py:541} INFO - Filling up the DagBag from /home/airflow/.local/lib/python3.7/site-packages/airflow/example_dags/example_kubernetes_executor.py
[2023-06-09T01:52:01.513+0000] {processor.py:836} INFO - DAG(s) dict_keys(['example_kubernetes_executor']) retrieved from /home/airflow/.local/lib/python3.7/site-packages/airflow/example_dags/example_kubernetes_executor.py
[2023-06-09T01:52:01.544+0000] {logging_mixin.py:149} INFO - [2023-06-09T01:52:01.543+0000] {dag.py:2726} INFO - Sync 1 DAGs
[2023-06-09T01:52:01.563+0000] {logging_mixin.py:149} INFO - [2023-06-09T01:52:01.562+0000] {dag.py:3490} INFO - Setting next_dagrun for example_kubernetes_executor to None, run_after=None
[2023-06-09T01:52:01.576+0000] {processor.py:179} INFO - Processing /home/airflow/.local/lib/python3.7/site-packages/airflow/example_dags/example_kubernetes_executor.py took 0.246 seconds
[2023-06-09T01:52:32.010+0000] {processor.py:157} INFO - Started process (PID=3041) to work on /home/airflow/.local/lib/python3.7/site-packages/airflow/example_dags/example_kubernetes_executor.py
[2023-06-09T01:52:32.013+0000] {processor.py:826} INFO - Processing file /home/airflow/.local/lib/python3.7/site-packages/airflow/example_dags/example_kubernetes_executor.py for tasks to queue
[2023-06-09T01:52:32.015+0000] {logging_mixin.py:149} INFO - [2023-06-09T01:52:32.014+0000] {dagbag.py:541} INFO - Filling up the DagBag from /home/airflow/.local/lib/python3.7/site-packages/airflow/example_dags/example_kubernetes_executor.py
[2023-06-09T01:52:32.190+0000] {processor.py:836} INFO - DAG(s) dict_keys(['example_kubernetes_executor']) retrieved from /home/airflow/.local/lib/python3.7/site-packages/airflow/example_dags/example_kubernetes_executor.py
[2023-06-09T01:52:32.220+0000] {logging_mixin.py:149} INFO - [2023-06-09T01:52:32.220+0000] {dag.py:2726} INFO - Sync 1 DAGs
[2023-06-09T01:52:32.237+0000] {logging_mixin.py:149} INFO - [2023-06-09T01:52:32.237+0000] {dag.py:3490} INFO - Setting next_dagrun for example_kubernetes_executor to None, run_after=None
[2023-06-09T01:52:32.250+0000] {processor.py:179} INFO - Processing /home/airflow/.local/lib/python3.7/site-packages/airflow/example_dags/example_kubernetes_executor.py took 0.248 seconds
[2023-06-09T01:53:02.285+0000] {processor.py:157} INFO - Started process (PID=3099) to work on /home/airflow/.local/lib/python3.7/site-packages/airflow/example_dags/example_kubernetes_executor.py
[2023-06-09T01:53:02.286+0000] {processor.py:826} INFO - Processing file /home/airflow/.local/lib/python3.7/site-packages/airflow/example_dags/example_kubernetes_executor.py for tasks to queue
[2023-06-09T01:53:02.287+0000] {logging_mixin.py:149} INFO - [2023-06-09T01:53:02.287+0000] {dagbag.py:541} INFO - Filling up the DagBag from /home/airflow/.local/lib/python3.7/site-packages/airflow/example_dags/example_kubernetes_executor.py
[2023-06-09T01:53:02.419+0000] {processor.py:836} INFO - DAG(s) dict_keys(['example_kubernetes_executor']) retrieved from /home/airflow/.local/lib/python3.7/site-packages/airflow/example_dags/example_kubernetes_executor.py
[2023-06-09T01:53:02.446+0000] {logging_mixin.py:149} INFO - [2023-06-09T01:53:02.446+0000] {dag.py:2726} INFO - Sync 1 DAGs
[2023-06-09T01:53:02.461+0000] {logging_mixin.py:149} INFO - [2023-06-09T01:53:02.461+0000] {dag.py:3490} INFO - Setting next_dagrun for example_kubernetes_executor to None, run_after=None
[2023-06-09T01:53:02.473+0000] {processor.py:179} INFO - Processing /home/airflow/.local/lib/python3.7/site-packages/airflow/example_dags/example_kubernetes_executor.py took 0.191 seconds
[2023-06-09T01:53:50.363+0000] {processor.py:157} INFO - Started process (PID=49) to work on /home/airflow/.local/lib/python3.7/site-packages/airflow/example_dags/example_kubernetes_executor.py
[2023-06-09T01:53:50.365+0000] {processor.py:826} INFO - Processing file /home/airflow/.local/lib/python3.7/site-packages/airflow/example_dags/example_kubernetes_executor.py for tasks to queue
[2023-06-09T01:53:50.366+0000] {logging_mixin.py:149} INFO - [2023-06-09T01:53:50.366+0000] {dagbag.py:541} INFO - Filling up the DagBag from /home/airflow/.local/lib/python3.7/site-packages/airflow/example_dags/example_kubernetes_executor.py
[2023-06-09T01:53:51.496+0000] {processor.py:836} INFO - DAG(s) dict_keys(['example_kubernetes_executor']) retrieved from /home/airflow/.local/lib/python3.7/site-packages/airflow/example_dags/example_kubernetes_executor.py
[2023-06-09T01:53:51.550+0000] {logging_mixin.py:149} INFO - [2023-06-09T01:53:51.549+0000] {dag.py:2726} INFO - Sync 1 DAGs
[2023-06-09T01:53:51.680+0000] {logging_mixin.py:149} INFO - [2023-06-09T01:53:51.680+0000] {dag.py:3490} INFO - Setting next_dagrun for example_kubernetes_executor to None, run_after=None
[2023-06-09T01:53:51.728+0000] {processor.py:179} INFO - Processing /home/airflow/.local/lib/python3.7/site-packages/airflow/example_dags/example_kubernetes_executor.py took 1.367 seconds
