[2023-06-09T01:25:11.043+0000] {processor.py:157} INFO - Started process (PID=39) to work on /home/airflow/.local/lib/python3.7/site-packages/airflow/example_dags/example_branch_python_dop_operator_3.py
[2023-06-09T01:25:11.050+0000] {processor.py:826} INFO - Processing file /home/airflow/.local/lib/python3.7/site-packages/airflow/example_dags/example_branch_python_dop_operator_3.py for tasks to queue
[2023-06-09T01:25:11.060+0000] {logging_mixin.py:149} INFO - [2023-06-09T01:25:11.059+0000] {dagbag.py:541} INFO - Filling up the DagBag from /home/airflow/.local/lib/python3.7/site-packages/airflow/example_dags/example_branch_python_dop_operator_3.py
[2023-06-09T01:25:11.091+0000] {processor.py:836} INFO - DAG(s) dict_keys(['example_branch_dop_operator_v3']) retrieved from /home/airflow/.local/lib/python3.7/site-packages/airflow/example_dags/example_branch_python_dop_operator_3.py
[2023-06-09T01:25:11.671+0000] {logging_mixin.py:149} INFO - [2023-06-09T01:25:11.670+0000] {manager.py:504} INFO - Created Permission View: can delete on DAG:example_branch_dop_operator_v3
[2023-06-09T01:25:11.702+0000] {logging_mixin.py:149} INFO - [2023-06-09T01:25:11.702+0000] {manager.py:504} INFO - Created Permission View: can edit on DAG:example_branch_dop_operator_v3
[2023-06-09T01:25:11.718+0000] {logging_mixin.py:149} INFO - [2023-06-09T01:25:11.718+0000] {manager.py:504} INFO - Created Permission View: can read on DAG:example_branch_dop_operator_v3
[2023-06-09T01:25:11.721+0000] {logging_mixin.py:149} INFO - [2023-06-09T01:25:11.720+0000] {dag.py:2726} INFO - Sync 1 DAGs
[2023-06-09T01:25:11.757+0000] {logging_mixin.py:149} INFO - [2023-06-09T01:25:11.757+0000] {dag.py:2747} INFO - Creating ORM DAG for example_branch_dop_operator_v3
[2023-06-09T01:25:11.813+0000] {logging_mixin.py:149} INFO - [2023-06-09T01:25:11.813+0000] {dag.py:3490} INFO - Setting next_dagrun for example_branch_dop_operator_v3 to 2023-06-09T01:24:00+00:00, run_after=2023-06-09T01:25:00+00:00
[2023-06-09T01:25:12.237+0000] {processor.py:179} INFO - Processing /home/airflow/.local/lib/python3.7/site-packages/airflow/example_dags/example_branch_python_dop_operator_3.py took 1.210 seconds
[2023-06-09T01:25:44.497+0000] {processor.py:157} INFO - Started process (PID=94) to work on /home/airflow/.local/lib/python3.7/site-packages/airflow/example_dags/example_branch_python_dop_operator_3.py
[2023-06-09T01:25:44.638+0000] {processor.py:826} INFO - Processing file /home/airflow/.local/lib/python3.7/site-packages/airflow/example_dags/example_branch_python_dop_operator_3.py for tasks to queue
[2023-06-09T01:25:44.763+0000] {logging_mixin.py:149} INFO - [2023-06-09T01:25:44.761+0000] {dagbag.py:541} INFO - Filling up the DagBag from /home/airflow/.local/lib/python3.7/site-packages/airflow/example_dags/example_branch_python_dop_operator_3.py
[2023-06-09T01:25:44.866+0000] {processor.py:836} INFO - DAG(s) dict_keys(['example_branch_dop_operator_v3']) retrieved from /home/airflow/.local/lib/python3.7/site-packages/airflow/example_dags/example_branch_python_dop_operator_3.py
[2023-06-09T01:25:45.082+0000] {logging_mixin.py:149} INFO - [2023-06-09T01:25:45.082+0000] {dag.py:2726} INFO - Sync 1 DAGs
[2023-06-09T01:25:45.189+0000] {logging_mixin.py:149} INFO - [2023-06-09T01:25:45.189+0000] {dag.py:3490} INFO - Setting next_dagrun for example_branch_dop_operator_v3 to 2023-06-09T01:24:00+00:00, run_after=2023-06-09T01:25:00+00:00
[2023-06-09T01:25:45.361+0000] {processor.py:179} INFO - Processing /home/airflow/.local/lib/python3.7/site-packages/airflow/example_dags/example_branch_python_dop_operator_3.py took 0.869 seconds
[2023-06-09T01:26:16.132+0000] {processor.py:157} INFO - Started process (PID=150) to work on /home/airflow/.local/lib/python3.7/site-packages/airflow/example_dags/example_branch_python_dop_operator_3.py
[2023-06-09T01:26:16.134+0000] {processor.py:826} INFO - Processing file /home/airflow/.local/lib/python3.7/site-packages/airflow/example_dags/example_branch_python_dop_operator_3.py for tasks to queue
[2023-06-09T01:26:16.136+0000] {logging_mixin.py:149} INFO - [2023-06-09T01:26:16.136+0000] {dagbag.py:541} INFO - Filling up the DagBag from /home/airflow/.local/lib/python3.7/site-packages/airflow/example_dags/example_branch_python_dop_operator_3.py
[2023-06-09T01:26:16.148+0000] {processor.py:836} INFO - DAG(s) dict_keys(['example_branch_dop_operator_v3']) retrieved from /home/airflow/.local/lib/python3.7/site-packages/airflow/example_dags/example_branch_python_dop_operator_3.py
[2023-06-09T01:26:16.175+0000] {logging_mixin.py:149} INFO - [2023-06-09T01:26:16.174+0000] {dag.py:2726} INFO - Sync 1 DAGs
[2023-06-09T01:26:16.193+0000] {logging_mixin.py:149} INFO - [2023-06-09T01:26:16.192+0000] {dag.py:3490} INFO - Setting next_dagrun for example_branch_dop_operator_v3 to 2023-06-09T01:25:00+00:00, run_after=2023-06-09T01:26:00+00:00
[2023-06-09T01:26:16.203+0000] {processor.py:179} INFO - Processing /home/airflow/.local/lib/python3.7/site-packages/airflow/example_dags/example_branch_python_dop_operator_3.py took 0.076 seconds
[2023-06-09T01:26:46.309+0000] {processor.py:157} INFO - Started process (PID=206) to work on /home/airflow/.local/lib/python3.7/site-packages/airflow/example_dags/example_branch_python_dop_operator_3.py
[2023-06-09T01:26:46.311+0000] {processor.py:826} INFO - Processing file /home/airflow/.local/lib/python3.7/site-packages/airflow/example_dags/example_branch_python_dop_operator_3.py for tasks to queue
[2023-06-09T01:26:46.312+0000] {logging_mixin.py:149} INFO - [2023-06-09T01:26:46.312+0000] {dagbag.py:541} INFO - Filling up the DagBag from /home/airflow/.local/lib/python3.7/site-packages/airflow/example_dags/example_branch_python_dop_operator_3.py
[2023-06-09T01:26:46.321+0000] {processor.py:836} INFO - DAG(s) dict_keys(['example_branch_dop_operator_v3']) retrieved from /home/airflow/.local/lib/python3.7/site-packages/airflow/example_dags/example_branch_python_dop_operator_3.py
[2023-06-09T01:26:46.344+0000] {logging_mixin.py:149} INFO - [2023-06-09T01:26:46.344+0000] {dag.py:2726} INFO - Sync 1 DAGs
[2023-06-09T01:26:46.363+0000] {logging_mixin.py:149} INFO - [2023-06-09T01:26:46.363+0000] {dag.py:3490} INFO - Setting next_dagrun for example_branch_dop_operator_v3 to 2023-06-09T01:25:00+00:00, run_after=2023-06-09T01:26:00+00:00
[2023-06-09T01:26:46.374+0000] {processor.py:179} INFO - Processing /home/airflow/.local/lib/python3.7/site-packages/airflow/example_dags/example_branch_python_dop_operator_3.py took 0.069 seconds
[2023-06-09T01:27:16.807+0000] {processor.py:157} INFO - Started process (PID=262) to work on /home/airflow/.local/lib/python3.7/site-packages/airflow/example_dags/example_branch_python_dop_operator_3.py
[2023-06-09T01:27:16.809+0000] {processor.py:826} INFO - Processing file /home/airflow/.local/lib/python3.7/site-packages/airflow/example_dags/example_branch_python_dop_operator_3.py for tasks to queue
[2023-06-09T01:27:16.811+0000] {logging_mixin.py:149} INFO - [2023-06-09T01:27:16.811+0000] {dagbag.py:541} INFO - Filling up the DagBag from /home/airflow/.local/lib/python3.7/site-packages/airflow/example_dags/example_branch_python_dop_operator_3.py
[2023-06-09T01:27:16.822+0000] {processor.py:836} INFO - DAG(s) dict_keys(['example_branch_dop_operator_v3']) retrieved from /home/airflow/.local/lib/python3.7/site-packages/airflow/example_dags/example_branch_python_dop_operator_3.py
[2023-06-09T01:27:16.853+0000] {logging_mixin.py:149} INFO - [2023-06-09T01:27:16.853+0000] {dag.py:2726} INFO - Sync 1 DAGs
[2023-06-09T01:27:16.873+0000] {logging_mixin.py:149} INFO - [2023-06-09T01:27:16.873+0000] {dag.py:3490} INFO - Setting next_dagrun for example_branch_dop_operator_v3 to 2023-06-09T01:26:00+00:00, run_after=2023-06-09T01:27:00+00:00
[2023-06-09T01:27:16.884+0000] {processor.py:179} INFO - Processing /home/airflow/.local/lib/python3.7/site-packages/airflow/example_dags/example_branch_python_dop_operator_3.py took 0.083 seconds
[2023-06-09T01:27:47.322+0000] {processor.py:157} INFO - Started process (PID=325) to work on /home/airflow/.local/lib/python3.7/site-packages/airflow/example_dags/example_branch_python_dop_operator_3.py
[2023-06-09T01:27:47.324+0000] {processor.py:826} INFO - Processing file /home/airflow/.local/lib/python3.7/site-packages/airflow/example_dags/example_branch_python_dop_operator_3.py for tasks to queue
[2023-06-09T01:27:47.325+0000] {logging_mixin.py:149} INFO - [2023-06-09T01:27:47.325+0000] {dagbag.py:541} INFO - Filling up the DagBag from /home/airflow/.local/lib/python3.7/site-packages/airflow/example_dags/example_branch_python_dop_operator_3.py
[2023-06-09T01:27:47.333+0000] {processor.py:836} INFO - DAG(s) dict_keys(['example_branch_dop_operator_v3']) retrieved from /home/airflow/.local/lib/python3.7/site-packages/airflow/example_dags/example_branch_python_dop_operator_3.py
[2023-06-09T01:27:47.356+0000] {logging_mixin.py:149} INFO - [2023-06-09T01:27:47.356+0000] {dag.py:2726} INFO - Sync 1 DAGs
[2023-06-09T01:27:47.375+0000] {logging_mixin.py:149} INFO - [2023-06-09T01:27:47.375+0000] {dag.py:3490} INFO - Setting next_dagrun for example_branch_dop_operator_v3 to 2023-06-09T01:26:00+00:00, run_after=2023-06-09T01:27:00+00:00
[2023-06-09T01:27:47.386+0000] {processor.py:179} INFO - Processing /home/airflow/.local/lib/python3.7/site-packages/airflow/example_dags/example_branch_python_dop_operator_3.py took 0.068 seconds
[2023-06-09T01:28:17.948+0000] {processor.py:157} INFO - Started process (PID=381) to work on /home/airflow/.local/lib/python3.7/site-packages/airflow/example_dags/example_branch_python_dop_operator_3.py
[2023-06-09T01:28:17.951+0000] {processor.py:826} INFO - Processing file /home/airflow/.local/lib/python3.7/site-packages/airflow/example_dags/example_branch_python_dop_operator_3.py for tasks to queue
[2023-06-09T01:28:17.956+0000] {logging_mixin.py:149} INFO - [2023-06-09T01:28:17.955+0000] {dagbag.py:541} INFO - Filling up the DagBag from /home/airflow/.local/lib/python3.7/site-packages/airflow/example_dags/example_branch_python_dop_operator_3.py
[2023-06-09T01:28:17.989+0000] {processor.py:836} INFO - DAG(s) dict_keys(['example_branch_dop_operator_v3']) retrieved from /home/airflow/.local/lib/python3.7/site-packages/airflow/example_dags/example_branch_python_dop_operator_3.py
[2023-06-09T01:28:18.041+0000] {logging_mixin.py:149} INFO - [2023-06-09T01:28:18.041+0000] {dag.py:2726} INFO - Sync 1 DAGs
[2023-06-09T01:28:18.095+0000] {logging_mixin.py:149} INFO - [2023-06-09T01:28:18.094+0000] {dag.py:3490} INFO - Setting next_dagrun for example_branch_dop_operator_v3 to 2023-06-09T01:27:00+00:00, run_after=2023-06-09T01:28:00+00:00
[2023-06-09T01:28:18.140+0000] {processor.py:179} INFO - Processing /home/airflow/.local/lib/python3.7/site-packages/airflow/example_dags/example_branch_python_dop_operator_3.py took 0.199 seconds
[2023-06-09T01:28:49.029+0000] {processor.py:157} INFO - Started process (PID=437) to work on /home/airflow/.local/lib/python3.7/site-packages/airflow/example_dags/example_branch_python_dop_operator_3.py
[2023-06-09T01:28:49.033+0000] {processor.py:826} INFO - Processing file /home/airflow/.local/lib/python3.7/site-packages/airflow/example_dags/example_branch_python_dop_operator_3.py for tasks to queue
[2023-06-09T01:28:49.036+0000] {logging_mixin.py:149} INFO - [2023-06-09T01:28:49.035+0000] {dagbag.py:541} INFO - Filling up the DagBag from /home/airflow/.local/lib/python3.7/site-packages/airflow/example_dags/example_branch_python_dop_operator_3.py
[2023-06-09T01:28:49.055+0000] {processor.py:836} INFO - DAG(s) dict_keys(['example_branch_dop_operator_v3']) retrieved from /home/airflow/.local/lib/python3.7/site-packages/airflow/example_dags/example_branch_python_dop_operator_3.py
[2023-06-09T01:28:49.155+0000] {logging_mixin.py:149} INFO - [2023-06-09T01:28:49.155+0000] {dag.py:2726} INFO - Sync 1 DAGs
[2023-06-09T01:28:49.214+0000] {logging_mixin.py:149} INFO - [2023-06-09T01:28:49.214+0000] {dag.py:3490} INFO - Setting next_dagrun for example_branch_dop_operator_v3 to 2023-06-09T01:27:00+00:00, run_after=2023-06-09T01:28:00+00:00
[2023-06-09T01:28:49.253+0000] {processor.py:179} INFO - Processing /home/airflow/.local/lib/python3.7/site-packages/airflow/example_dags/example_branch_python_dop_operator_3.py took 0.239 seconds
[2023-06-09T01:29:19.882+0000] {processor.py:157} INFO - Started process (PID=493) to work on /home/airflow/.local/lib/python3.7/site-packages/airflow/example_dags/example_branch_python_dop_operator_3.py
[2023-06-09T01:29:19.887+0000] {processor.py:826} INFO - Processing file /home/airflow/.local/lib/python3.7/site-packages/airflow/example_dags/example_branch_python_dop_operator_3.py for tasks to queue
[2023-06-09T01:29:19.889+0000] {logging_mixin.py:149} INFO - [2023-06-09T01:29:19.889+0000] {dagbag.py:541} INFO - Filling up the DagBag from /home/airflow/.local/lib/python3.7/site-packages/airflow/example_dags/example_branch_python_dop_operator_3.py
[2023-06-09T01:29:19.914+0000] {processor.py:836} INFO - DAG(s) dict_keys(['example_branch_dop_operator_v3']) retrieved from /home/airflow/.local/lib/python3.7/site-packages/airflow/example_dags/example_branch_python_dop_operator_3.py
[2023-06-09T01:29:19.959+0000] {logging_mixin.py:149} INFO - [2023-06-09T01:29:19.958+0000] {dag.py:2726} INFO - Sync 1 DAGs
[2023-06-09T01:29:19.998+0000] {logging_mixin.py:149} INFO - [2023-06-09T01:29:19.998+0000] {dag.py:3490} INFO - Setting next_dagrun for example_branch_dop_operator_v3 to 2023-06-09T01:28:00+00:00, run_after=2023-06-09T01:29:00+00:00
[2023-06-09T01:29:20.017+0000] {processor.py:179} INFO - Processing /home/airflow/.local/lib/python3.7/site-packages/airflow/example_dags/example_branch_python_dop_operator_3.py took 0.143 seconds
[2023-06-09T01:29:50.511+0000] {processor.py:157} INFO - Started process (PID=549) to work on /home/airflow/.local/lib/python3.7/site-packages/airflow/example_dags/example_branch_python_dop_operator_3.py
[2023-06-09T01:29:50.513+0000] {processor.py:826} INFO - Processing file /home/airflow/.local/lib/python3.7/site-packages/airflow/example_dags/example_branch_python_dop_operator_3.py for tasks to queue
[2023-06-09T01:29:50.514+0000] {logging_mixin.py:149} INFO - [2023-06-09T01:29:50.513+0000] {dagbag.py:541} INFO - Filling up the DagBag from /home/airflow/.local/lib/python3.7/site-packages/airflow/example_dags/example_branch_python_dop_operator_3.py
[2023-06-09T01:29:50.521+0000] {processor.py:836} INFO - DAG(s) dict_keys(['example_branch_dop_operator_v3']) retrieved from /home/airflow/.local/lib/python3.7/site-packages/airflow/example_dags/example_branch_python_dop_operator_3.py
[2023-06-09T01:29:50.549+0000] {logging_mixin.py:149} INFO - [2023-06-09T01:29:50.549+0000] {dag.py:2726} INFO - Sync 1 DAGs
[2023-06-09T01:29:50.571+0000] {logging_mixin.py:149} INFO - [2023-06-09T01:29:50.571+0000] {dag.py:3490} INFO - Setting next_dagrun for example_branch_dop_operator_v3 to 2023-06-09T01:28:00+00:00, run_after=2023-06-09T01:29:00+00:00
[2023-06-09T01:29:50.582+0000] {processor.py:179} INFO - Processing /home/airflow/.local/lib/python3.7/site-packages/airflow/example_dags/example_branch_python_dop_operator_3.py took 0.074 seconds
[2023-06-09T01:30:20.931+0000] {processor.py:157} INFO - Started process (PID=600) to work on /home/airflow/.local/lib/python3.7/site-packages/airflow/example_dags/example_branch_python_dop_operator_3.py
[2023-06-09T01:30:20.947+0000] {processor.py:826} INFO - Processing file /home/airflow/.local/lib/python3.7/site-packages/airflow/example_dags/example_branch_python_dop_operator_3.py for tasks to queue
[2023-06-09T01:30:20.951+0000] {logging_mixin.py:149} INFO - [2023-06-09T01:30:20.951+0000] {dagbag.py:541} INFO - Filling up the DagBag from /home/airflow/.local/lib/python3.7/site-packages/airflow/example_dags/example_branch_python_dop_operator_3.py
[2023-06-09T01:30:21.006+0000] {processor.py:836} INFO - DAG(s) dict_keys(['example_branch_dop_operator_v3']) retrieved from /home/airflow/.local/lib/python3.7/site-packages/airflow/example_dags/example_branch_python_dop_operator_3.py
[2023-06-09T01:30:21.217+0000] {logging_mixin.py:149} INFO - [2023-06-09T01:30:21.215+0000] {dag.py:2726} INFO - Sync 1 DAGs
[2023-06-09T01:30:21.369+0000] {logging_mixin.py:149} INFO - [2023-06-09T01:30:21.369+0000] {dag.py:3490} INFO - Setting next_dagrun for example_branch_dop_operator_v3 to 2023-06-09T01:29:00+00:00, run_after=2023-06-09T01:30:00+00:00
[2023-06-09T01:30:21.426+0000] {processor.py:179} INFO - Processing /home/airflow/.local/lib/python3.7/site-packages/airflow/example_dags/example_branch_python_dop_operator_3.py took 0.510 seconds
[2023-06-09T01:30:52.264+0000] {processor.py:157} INFO - Started process (PID=656) to work on /home/airflow/.local/lib/python3.7/site-packages/airflow/example_dags/example_branch_python_dop_operator_3.py
[2023-06-09T01:30:52.267+0000] {processor.py:826} INFO - Processing file /home/airflow/.local/lib/python3.7/site-packages/airflow/example_dags/example_branch_python_dop_operator_3.py for tasks to queue
[2023-06-09T01:30:52.269+0000] {logging_mixin.py:149} INFO - [2023-06-09T01:30:52.269+0000] {dagbag.py:541} INFO - Filling up the DagBag from /home/airflow/.local/lib/python3.7/site-packages/airflow/example_dags/example_branch_python_dop_operator_3.py
[2023-06-09T01:30:52.285+0000] {processor.py:836} INFO - DAG(s) dict_keys(['example_branch_dop_operator_v3']) retrieved from /home/airflow/.local/lib/python3.7/site-packages/airflow/example_dags/example_branch_python_dop_operator_3.py
[2023-06-09T01:30:52.323+0000] {logging_mixin.py:149} INFO - [2023-06-09T01:30:52.323+0000] {dag.py:2726} INFO - Sync 1 DAGs
[2023-06-09T01:30:52.350+0000] {logging_mixin.py:149} INFO - [2023-06-09T01:30:52.349+0000] {dag.py:3490} INFO - Setting next_dagrun for example_branch_dop_operator_v3 to 2023-06-09T01:29:00+00:00, run_after=2023-06-09T01:30:00+00:00
[2023-06-09T01:30:52.366+0000] {processor.py:179} INFO - Processing /home/airflow/.local/lib/python3.7/site-packages/airflow/example_dags/example_branch_python_dop_operator_3.py took 0.110 seconds
[2023-06-09T01:31:22.469+0000] {processor.py:157} INFO - Started process (PID=713) to work on /home/airflow/.local/lib/python3.7/site-packages/airflow/example_dags/example_branch_python_dop_operator_3.py
[2023-06-09T01:31:22.470+0000] {processor.py:826} INFO - Processing file /home/airflow/.local/lib/python3.7/site-packages/airflow/example_dags/example_branch_python_dop_operator_3.py for tasks to queue
[2023-06-09T01:31:22.471+0000] {logging_mixin.py:149} INFO - [2023-06-09T01:31:22.471+0000] {dagbag.py:541} INFO - Filling up the DagBag from /home/airflow/.local/lib/python3.7/site-packages/airflow/example_dags/example_branch_python_dop_operator_3.py
[2023-06-09T01:31:22.477+0000] {processor.py:836} INFO - DAG(s) dict_keys(['example_branch_dop_operator_v3']) retrieved from /home/airflow/.local/lib/python3.7/site-packages/airflow/example_dags/example_branch_python_dop_operator_3.py
[2023-06-09T01:31:22.516+0000] {logging_mixin.py:149} INFO - [2023-06-09T01:31:22.516+0000] {dag.py:2726} INFO - Sync 1 DAGs
[2023-06-09T01:31:22.537+0000] {logging_mixin.py:149} INFO - [2023-06-09T01:31:22.537+0000] {dag.py:3490} INFO - Setting next_dagrun for example_branch_dop_operator_v3 to 2023-06-09T01:30:00+00:00, run_after=2023-06-09T01:31:00+00:00
[2023-06-09T01:31:22.555+0000] {processor.py:179} INFO - Processing /home/airflow/.local/lib/python3.7/site-packages/airflow/example_dags/example_branch_python_dop_operator_3.py took 0.089 seconds
[2023-06-09T01:31:53.315+0000] {processor.py:157} INFO - Started process (PID=768) to work on /home/airflow/.local/lib/python3.7/site-packages/airflow/example_dags/example_branch_python_dop_operator_3.py
[2023-06-09T01:31:53.317+0000] {processor.py:826} INFO - Processing file /home/airflow/.local/lib/python3.7/site-packages/airflow/example_dags/example_branch_python_dop_operator_3.py for tasks to queue
[2023-06-09T01:31:53.319+0000] {logging_mixin.py:149} INFO - [2023-06-09T01:31:53.318+0000] {dagbag.py:541} INFO - Filling up the DagBag from /home/airflow/.local/lib/python3.7/site-packages/airflow/example_dags/example_branch_python_dop_operator_3.py
[2023-06-09T01:31:53.328+0000] {processor.py:836} INFO - DAG(s) dict_keys(['example_branch_dop_operator_v3']) retrieved from /home/airflow/.local/lib/python3.7/site-packages/airflow/example_dags/example_branch_python_dop_operator_3.py
[2023-06-09T01:31:53.353+0000] {logging_mixin.py:149} INFO - [2023-06-09T01:31:53.353+0000] {dag.py:2726} INFO - Sync 1 DAGs
[2023-06-09T01:31:53.373+0000] {logging_mixin.py:149} INFO - [2023-06-09T01:31:53.373+0000] {dag.py:3490} INFO - Setting next_dagrun for example_branch_dop_operator_v3 to 2023-06-09T01:30:00+00:00, run_after=2023-06-09T01:31:00+00:00
[2023-06-09T01:31:53.389+0000] {processor.py:179} INFO - Processing /home/airflow/.local/lib/python3.7/site-packages/airflow/example_dags/example_branch_python_dop_operator_3.py took 0.081 seconds
[2023-06-09T01:32:23.616+0000] {processor.py:157} INFO - Started process (PID=824) to work on /home/airflow/.local/lib/python3.7/site-packages/airflow/example_dags/example_branch_python_dop_operator_3.py
[2023-06-09T01:32:23.620+0000] {processor.py:826} INFO - Processing file /home/airflow/.local/lib/python3.7/site-packages/airflow/example_dags/example_branch_python_dop_operator_3.py for tasks to queue
[2023-06-09T01:32:23.622+0000] {logging_mixin.py:149} INFO - [2023-06-09T01:32:23.622+0000] {dagbag.py:541} INFO - Filling up the DagBag from /home/airflow/.local/lib/python3.7/site-packages/airflow/example_dags/example_branch_python_dop_operator_3.py
[2023-06-09T01:32:23.639+0000] {processor.py:836} INFO - DAG(s) dict_keys(['example_branch_dop_operator_v3']) retrieved from /home/airflow/.local/lib/python3.7/site-packages/airflow/example_dags/example_branch_python_dop_operator_3.py
[2023-06-09T01:32:23.667+0000] {logging_mixin.py:149} INFO - [2023-06-09T01:32:23.667+0000] {dag.py:2726} INFO - Sync 1 DAGs
[2023-06-09T01:32:23.685+0000] {logging_mixin.py:149} INFO - [2023-06-09T01:32:23.685+0000] {dag.py:3490} INFO - Setting next_dagrun for example_branch_dop_operator_v3 to 2023-06-09T01:31:00+00:00, run_after=2023-06-09T01:32:00+00:00
[2023-06-09T01:32:23.697+0000] {processor.py:179} INFO - Processing /home/airflow/.local/lib/python3.7/site-packages/airflow/example_dags/example_branch_python_dop_operator_3.py took 0.089 seconds
[2023-06-09T01:32:53.766+0000] {processor.py:157} INFO - Started process (PID=880) to work on /home/airflow/.local/lib/python3.7/site-packages/airflow/example_dags/example_branch_python_dop_operator_3.py
[2023-06-09T01:32:53.768+0000] {processor.py:826} INFO - Processing file /home/airflow/.local/lib/python3.7/site-packages/airflow/example_dags/example_branch_python_dop_operator_3.py for tasks to queue
[2023-06-09T01:32:53.770+0000] {logging_mixin.py:149} INFO - [2023-06-09T01:32:53.770+0000] {dagbag.py:541} INFO - Filling up the DagBag from /home/airflow/.local/lib/python3.7/site-packages/airflow/example_dags/example_branch_python_dop_operator_3.py
[2023-06-09T01:32:53.781+0000] {processor.py:836} INFO - DAG(s) dict_keys(['example_branch_dop_operator_v3']) retrieved from /home/airflow/.local/lib/python3.7/site-packages/airflow/example_dags/example_branch_python_dop_operator_3.py
[2023-06-09T01:32:53.806+0000] {logging_mixin.py:149} INFO - [2023-06-09T01:32:53.806+0000] {dag.py:2726} INFO - Sync 1 DAGs
[2023-06-09T01:32:53.824+0000] {logging_mixin.py:149} INFO - [2023-06-09T01:32:53.824+0000] {dag.py:3490} INFO - Setting next_dagrun for example_branch_dop_operator_v3 to 2023-06-09T01:31:00+00:00, run_after=2023-06-09T01:32:00+00:00
[2023-06-09T01:32:53.835+0000] {processor.py:179} INFO - Processing /home/airflow/.local/lib/python3.7/site-packages/airflow/example_dags/example_branch_python_dop_operator_3.py took 0.076 seconds
[2023-06-09T01:33:23.963+0000] {processor.py:157} INFO - Started process (PID=936) to work on /home/airflow/.local/lib/python3.7/site-packages/airflow/example_dags/example_branch_python_dop_operator_3.py
[2023-06-09T01:33:23.966+0000] {processor.py:826} INFO - Processing file /home/airflow/.local/lib/python3.7/site-packages/airflow/example_dags/example_branch_python_dop_operator_3.py for tasks to queue
[2023-06-09T01:33:23.967+0000] {logging_mixin.py:149} INFO - [2023-06-09T01:33:23.967+0000] {dagbag.py:541} INFO - Filling up the DagBag from /home/airflow/.local/lib/python3.7/site-packages/airflow/example_dags/example_branch_python_dop_operator_3.py
[2023-06-09T01:33:23.977+0000] {processor.py:836} INFO - DAG(s) dict_keys(['example_branch_dop_operator_v3']) retrieved from /home/airflow/.local/lib/python3.7/site-packages/airflow/example_dags/example_branch_python_dop_operator_3.py
[2023-06-09T01:33:24.005+0000] {logging_mixin.py:149} INFO - [2023-06-09T01:33:24.005+0000] {dag.py:2726} INFO - Sync 1 DAGs
[2023-06-09T01:33:24.023+0000] {logging_mixin.py:149} INFO - [2023-06-09T01:33:24.023+0000] {dag.py:3490} INFO - Setting next_dagrun for example_branch_dop_operator_v3 to 2023-06-09T01:32:00+00:00, run_after=2023-06-09T01:33:00+00:00
[2023-06-09T01:33:24.034+0000] {processor.py:179} INFO - Processing /home/airflow/.local/lib/python3.7/site-packages/airflow/example_dags/example_branch_python_dop_operator_3.py took 0.076 seconds
[2023-06-09T01:33:54.149+0000] {processor.py:157} INFO - Started process (PID=992) to work on /home/airflow/.local/lib/python3.7/site-packages/airflow/example_dags/example_branch_python_dop_operator_3.py
[2023-06-09T01:33:54.151+0000] {processor.py:826} INFO - Processing file /home/airflow/.local/lib/python3.7/site-packages/airflow/example_dags/example_branch_python_dop_operator_3.py for tasks to queue
[2023-06-09T01:33:54.153+0000] {logging_mixin.py:149} INFO - [2023-06-09T01:33:54.153+0000] {dagbag.py:541} INFO - Filling up the DagBag from /home/airflow/.local/lib/python3.7/site-packages/airflow/example_dags/example_branch_python_dop_operator_3.py
[2023-06-09T01:33:54.164+0000] {processor.py:836} INFO - DAG(s) dict_keys(['example_branch_dop_operator_v3']) retrieved from /home/airflow/.local/lib/python3.7/site-packages/airflow/example_dags/example_branch_python_dop_operator_3.py
[2023-06-09T01:33:54.193+0000] {logging_mixin.py:149} INFO - [2023-06-09T01:33:54.193+0000] {dag.py:2726} INFO - Sync 1 DAGs
[2023-06-09T01:33:54.217+0000] {logging_mixin.py:149} INFO - [2023-06-09T01:33:54.217+0000] {dag.py:3490} INFO - Setting next_dagrun for example_branch_dop_operator_v3 to 2023-06-09T01:32:00+00:00, run_after=2023-06-09T01:33:00+00:00
[2023-06-09T01:33:54.233+0000] {processor.py:179} INFO - Processing /home/airflow/.local/lib/python3.7/site-packages/airflow/example_dags/example_branch_python_dop_operator_3.py took 0.092 seconds
[2023-06-09T01:34:24.438+0000] {processor.py:157} INFO - Started process (PID=1048) to work on /home/airflow/.local/lib/python3.7/site-packages/airflow/example_dags/example_branch_python_dop_operator_3.py
[2023-06-09T01:34:24.441+0000] {processor.py:826} INFO - Processing file /home/airflow/.local/lib/python3.7/site-packages/airflow/example_dags/example_branch_python_dop_operator_3.py for tasks to queue
[2023-06-09T01:34:24.444+0000] {logging_mixin.py:149} INFO - [2023-06-09T01:34:24.443+0000] {dagbag.py:541} INFO - Filling up the DagBag from /home/airflow/.local/lib/python3.7/site-packages/airflow/example_dags/example_branch_python_dop_operator_3.py
[2023-06-09T01:34:24.461+0000] {processor.py:836} INFO - DAG(s) dict_keys(['example_branch_dop_operator_v3']) retrieved from /home/airflow/.local/lib/python3.7/site-packages/airflow/example_dags/example_branch_python_dop_operator_3.py
[2023-06-09T01:34:24.489+0000] {logging_mixin.py:149} INFO - [2023-06-09T01:34:24.489+0000] {dag.py:2726} INFO - Sync 1 DAGs
[2023-06-09T01:34:24.509+0000] {logging_mixin.py:149} INFO - [2023-06-09T01:34:24.509+0000] {dag.py:3490} INFO - Setting next_dagrun for example_branch_dop_operator_v3 to 2023-06-09T01:33:00+00:00, run_after=2023-06-09T01:34:00+00:00
[2023-06-09T01:34:24.523+0000] {processor.py:179} INFO - Processing /home/airflow/.local/lib/python3.7/site-packages/airflow/example_dags/example_branch_python_dop_operator_3.py took 0.094 seconds
[2023-06-09T01:34:54.991+0000] {processor.py:157} INFO - Started process (PID=1104) to work on /home/airflow/.local/lib/python3.7/site-packages/airflow/example_dags/example_branch_python_dop_operator_3.py
[2023-06-09T01:34:54.993+0000] {processor.py:826} INFO - Processing file /home/airflow/.local/lib/python3.7/site-packages/airflow/example_dags/example_branch_python_dop_operator_3.py for tasks to queue
[2023-06-09T01:34:54.994+0000] {logging_mixin.py:149} INFO - [2023-06-09T01:34:54.994+0000] {dagbag.py:541} INFO - Filling up the DagBag from /home/airflow/.local/lib/python3.7/site-packages/airflow/example_dags/example_branch_python_dop_operator_3.py
[2023-06-09T01:34:55.004+0000] {processor.py:836} INFO - DAG(s) dict_keys(['example_branch_dop_operator_v3']) retrieved from /home/airflow/.local/lib/python3.7/site-packages/airflow/example_dags/example_branch_python_dop_operator_3.py
[2023-06-09T01:34:55.069+0000] {logging_mixin.py:149} INFO - [2023-06-09T01:34:55.069+0000] {dag.py:2726} INFO - Sync 1 DAGs
[2023-06-09T01:34:55.112+0000] {logging_mixin.py:149} INFO - [2023-06-09T01:34:55.111+0000] {dag.py:3490} INFO - Setting next_dagrun for example_branch_dop_operator_v3 to 2023-06-09T01:33:00+00:00, run_after=2023-06-09T01:34:00+00:00
[2023-06-09T01:34:55.140+0000] {processor.py:179} INFO - Processing /home/airflow/.local/lib/python3.7/site-packages/airflow/example_dags/example_branch_python_dop_operator_3.py took 0.153 seconds
[2023-06-09T01:35:25.609+0000] {processor.py:157} INFO - Started process (PID=1160) to work on /home/airflow/.local/lib/python3.7/site-packages/airflow/example_dags/example_branch_python_dop_operator_3.py
[2023-06-09T01:35:25.611+0000] {processor.py:826} INFO - Processing file /home/airflow/.local/lib/python3.7/site-packages/airflow/example_dags/example_branch_python_dop_operator_3.py for tasks to queue
[2023-06-09T01:35:25.612+0000] {logging_mixin.py:149} INFO - [2023-06-09T01:35:25.612+0000] {dagbag.py:541} INFO - Filling up the DagBag from /home/airflow/.local/lib/python3.7/site-packages/airflow/example_dags/example_branch_python_dop_operator_3.py
[2023-06-09T01:35:25.622+0000] {processor.py:836} INFO - DAG(s) dict_keys(['example_branch_dop_operator_v3']) retrieved from /home/airflow/.local/lib/python3.7/site-packages/airflow/example_dags/example_branch_python_dop_operator_3.py
[2023-06-09T01:35:25.658+0000] {logging_mixin.py:149} INFO - [2023-06-09T01:35:25.658+0000] {dag.py:2726} INFO - Sync 1 DAGs
[2023-06-09T01:35:25.683+0000] {logging_mixin.py:149} INFO - [2023-06-09T01:35:25.683+0000] {dag.py:3490} INFO - Setting next_dagrun for example_branch_dop_operator_v3 to 2023-06-09T01:34:00+00:00, run_after=2023-06-09T01:35:00+00:00
[2023-06-09T01:35:25.703+0000] {processor.py:179} INFO - Processing /home/airflow/.local/lib/python3.7/site-packages/airflow/example_dags/example_branch_python_dop_operator_3.py took 0.099 seconds
[2023-06-09T01:35:55.909+0000] {processor.py:157} INFO - Started process (PID=1216) to work on /home/airflow/.local/lib/python3.7/site-packages/airflow/example_dags/example_branch_python_dop_operator_3.py
[2023-06-09T01:35:55.913+0000] {processor.py:826} INFO - Processing file /home/airflow/.local/lib/python3.7/site-packages/airflow/example_dags/example_branch_python_dop_operator_3.py for tasks to queue
[2023-06-09T01:35:55.915+0000] {logging_mixin.py:149} INFO - [2023-06-09T01:35:55.915+0000] {dagbag.py:541} INFO - Filling up the DagBag from /home/airflow/.local/lib/python3.7/site-packages/airflow/example_dags/example_branch_python_dop_operator_3.py
[2023-06-09T01:35:55.927+0000] {processor.py:836} INFO - DAG(s) dict_keys(['example_branch_dop_operator_v3']) retrieved from /home/airflow/.local/lib/python3.7/site-packages/airflow/example_dags/example_branch_python_dop_operator_3.py
[2023-06-09T01:35:55.953+0000] {logging_mixin.py:149} INFO - [2023-06-09T01:35:55.953+0000] {dag.py:2726} INFO - Sync 1 DAGs
[2023-06-09T01:35:55.982+0000] {logging_mixin.py:149} INFO - [2023-06-09T01:35:55.982+0000] {dag.py:3490} INFO - Setting next_dagrun for example_branch_dop_operator_v3 to 2023-06-09T01:34:00+00:00, run_after=2023-06-09T01:35:00+00:00
[2023-06-09T01:35:55.997+0000] {processor.py:179} INFO - Processing /home/airflow/.local/lib/python3.7/site-packages/airflow/example_dags/example_branch_python_dop_operator_3.py took 0.098 seconds
[2023-06-09T01:36:26.793+0000] {processor.py:157} INFO - Started process (PID=1272) to work on /home/airflow/.local/lib/python3.7/site-packages/airflow/example_dags/example_branch_python_dop_operator_3.py
[2023-06-09T01:36:26.798+0000] {processor.py:826} INFO - Processing file /home/airflow/.local/lib/python3.7/site-packages/airflow/example_dags/example_branch_python_dop_operator_3.py for tasks to queue
[2023-06-09T01:36:26.800+0000] {logging_mixin.py:149} INFO - [2023-06-09T01:36:26.800+0000] {dagbag.py:541} INFO - Filling up the DagBag from /home/airflow/.local/lib/python3.7/site-packages/airflow/example_dags/example_branch_python_dop_operator_3.py
[2023-06-09T01:36:26.814+0000] {processor.py:836} INFO - DAG(s) dict_keys(['example_branch_dop_operator_v3']) retrieved from /home/airflow/.local/lib/python3.7/site-packages/airflow/example_dags/example_branch_python_dop_operator_3.py
[2023-06-09T01:36:26.844+0000] {logging_mixin.py:149} INFO - [2023-06-09T01:36:26.844+0000] {dag.py:2726} INFO - Sync 1 DAGs
[2023-06-09T01:36:26.863+0000] {logging_mixin.py:149} INFO - [2023-06-09T01:36:26.863+0000] {dag.py:3490} INFO - Setting next_dagrun for example_branch_dop_operator_v3 to 2023-06-09T01:35:00+00:00, run_after=2023-06-09T01:36:00+00:00
[2023-06-09T01:36:26.876+0000] {processor.py:179} INFO - Processing /home/airflow/.local/lib/python3.7/site-packages/airflow/example_dags/example_branch_python_dop_operator_3.py took 0.091 seconds
[2023-06-09T01:36:57.266+0000] {processor.py:157} INFO - Started process (PID=1328) to work on /home/airflow/.local/lib/python3.7/site-packages/airflow/example_dags/example_branch_python_dop_operator_3.py
[2023-06-09T01:36:57.268+0000] {processor.py:826} INFO - Processing file /home/airflow/.local/lib/python3.7/site-packages/airflow/example_dags/example_branch_python_dop_operator_3.py for tasks to queue
[2023-06-09T01:36:57.270+0000] {logging_mixin.py:149} INFO - [2023-06-09T01:36:57.270+0000] {dagbag.py:541} INFO - Filling up the DagBag from /home/airflow/.local/lib/python3.7/site-packages/airflow/example_dags/example_branch_python_dop_operator_3.py
[2023-06-09T01:36:57.284+0000] {processor.py:836} INFO - DAG(s) dict_keys(['example_branch_dop_operator_v3']) retrieved from /home/airflow/.local/lib/python3.7/site-packages/airflow/example_dags/example_branch_python_dop_operator_3.py
[2023-06-09T01:36:57.316+0000] {logging_mixin.py:149} INFO - [2023-06-09T01:36:57.316+0000] {dag.py:2726} INFO - Sync 1 DAGs
[2023-06-09T01:36:57.336+0000] {logging_mixin.py:149} INFO - [2023-06-09T01:36:57.336+0000] {dag.py:3490} INFO - Setting next_dagrun for example_branch_dop_operator_v3 to 2023-06-09T01:35:00+00:00, run_after=2023-06-09T01:36:00+00:00
[2023-06-09T01:36:57.347+0000] {processor.py:179} INFO - Processing /home/airflow/.local/lib/python3.7/site-packages/airflow/example_dags/example_branch_python_dop_operator_3.py took 0.088 seconds
[2023-06-09T01:37:28.053+0000] {processor.py:157} INFO - Started process (PID=1384) to work on /home/airflow/.local/lib/python3.7/site-packages/airflow/example_dags/example_branch_python_dop_operator_3.py
[2023-06-09T01:37:28.055+0000] {processor.py:826} INFO - Processing file /home/airflow/.local/lib/python3.7/site-packages/airflow/example_dags/example_branch_python_dop_operator_3.py for tasks to queue
[2023-06-09T01:37:28.056+0000] {logging_mixin.py:149} INFO - [2023-06-09T01:37:28.056+0000] {dagbag.py:541} INFO - Filling up the DagBag from /home/airflow/.local/lib/python3.7/site-packages/airflow/example_dags/example_branch_python_dop_operator_3.py
[2023-06-09T01:37:28.064+0000] {processor.py:836} INFO - DAG(s) dict_keys(['example_branch_dop_operator_v3']) retrieved from /home/airflow/.local/lib/python3.7/site-packages/airflow/example_dags/example_branch_python_dop_operator_3.py
[2023-06-09T01:37:28.090+0000] {logging_mixin.py:149} INFO - [2023-06-09T01:37:28.090+0000] {dag.py:2726} INFO - Sync 1 DAGs
[2023-06-09T01:37:28.116+0000] {logging_mixin.py:149} INFO - [2023-06-09T01:37:28.116+0000] {dag.py:3490} INFO - Setting next_dagrun for example_branch_dop_operator_v3 to 2023-06-09T01:36:00+00:00, run_after=2023-06-09T01:37:00+00:00
[2023-06-09T01:37:28.130+0000] {processor.py:179} INFO - Processing /home/airflow/.local/lib/python3.7/site-packages/airflow/example_dags/example_branch_python_dop_operator_3.py took 0.081 seconds
[2023-06-09T01:37:58.549+0000] {processor.py:157} INFO - Started process (PID=1439) to work on /home/airflow/.local/lib/python3.7/site-packages/airflow/example_dags/example_branch_python_dop_operator_3.py
[2023-06-09T01:37:58.551+0000] {processor.py:826} INFO - Processing file /home/airflow/.local/lib/python3.7/site-packages/airflow/example_dags/example_branch_python_dop_operator_3.py for tasks to queue
[2023-06-09T01:37:58.553+0000] {logging_mixin.py:149} INFO - [2023-06-09T01:37:58.553+0000] {dagbag.py:541} INFO - Filling up the DagBag from /home/airflow/.local/lib/python3.7/site-packages/airflow/example_dags/example_branch_python_dop_operator_3.py
[2023-06-09T01:37:58.564+0000] {processor.py:836} INFO - DAG(s) dict_keys(['example_branch_dop_operator_v3']) retrieved from /home/airflow/.local/lib/python3.7/site-packages/airflow/example_dags/example_branch_python_dop_operator_3.py
[2023-06-09T01:37:58.592+0000] {logging_mixin.py:149} INFO - [2023-06-09T01:37:58.592+0000] {dag.py:2726} INFO - Sync 1 DAGs
[2023-06-09T01:37:58.613+0000] {logging_mixin.py:149} INFO - [2023-06-09T01:37:58.613+0000] {dag.py:3490} INFO - Setting next_dagrun for example_branch_dop_operator_v3 to 2023-06-09T01:36:00+00:00, run_after=2023-06-09T01:37:00+00:00
[2023-06-09T01:37:58.623+0000] {processor.py:179} INFO - Processing /home/airflow/.local/lib/python3.7/site-packages/airflow/example_dags/example_branch_python_dop_operator_3.py took 0.082 seconds
[2023-06-09T01:38:29.098+0000] {processor.py:157} INFO - Started process (PID=1495) to work on /home/airflow/.local/lib/python3.7/site-packages/airflow/example_dags/example_branch_python_dop_operator_3.py
[2023-06-09T01:38:29.101+0000] {processor.py:826} INFO - Processing file /home/airflow/.local/lib/python3.7/site-packages/airflow/example_dags/example_branch_python_dop_operator_3.py for tasks to queue
[2023-06-09T01:38:29.103+0000] {logging_mixin.py:149} INFO - [2023-06-09T01:38:29.103+0000] {dagbag.py:541} INFO - Filling up the DagBag from /home/airflow/.local/lib/python3.7/site-packages/airflow/example_dags/example_branch_python_dop_operator_3.py
[2023-06-09T01:38:29.118+0000] {processor.py:836} INFO - DAG(s) dict_keys(['example_branch_dop_operator_v3']) retrieved from /home/airflow/.local/lib/python3.7/site-packages/airflow/example_dags/example_branch_python_dop_operator_3.py
[2023-06-09T01:38:29.148+0000] {logging_mixin.py:149} INFO - [2023-06-09T01:38:29.147+0000] {dag.py:2726} INFO - Sync 1 DAGs
[2023-06-09T01:38:29.169+0000] {logging_mixin.py:149} INFO - [2023-06-09T01:38:29.169+0000] {dag.py:3490} INFO - Setting next_dagrun for example_branch_dop_operator_v3 to 2023-06-09T01:37:00+00:00, run_after=2023-06-09T01:38:00+00:00
[2023-06-09T01:38:29.181+0000] {processor.py:179} INFO - Processing /home/airflow/.local/lib/python3.7/site-packages/airflow/example_dags/example_branch_python_dop_operator_3.py took 0.092 seconds
[2023-06-09T01:38:59.287+0000] {processor.py:157} INFO - Started process (PID=1551) to work on /home/airflow/.local/lib/python3.7/site-packages/airflow/example_dags/example_branch_python_dop_operator_3.py
[2023-06-09T01:38:59.290+0000] {processor.py:826} INFO - Processing file /home/airflow/.local/lib/python3.7/site-packages/airflow/example_dags/example_branch_python_dop_operator_3.py for tasks to queue
[2023-06-09T01:38:59.292+0000] {logging_mixin.py:149} INFO - [2023-06-09T01:38:59.292+0000] {dagbag.py:541} INFO - Filling up the DagBag from /home/airflow/.local/lib/python3.7/site-packages/airflow/example_dags/example_branch_python_dop_operator_3.py
[2023-06-09T01:38:59.302+0000] {processor.py:836} INFO - DAG(s) dict_keys(['example_branch_dop_operator_v3']) retrieved from /home/airflow/.local/lib/python3.7/site-packages/airflow/example_dags/example_branch_python_dop_operator_3.py
[2023-06-09T01:38:59.329+0000] {logging_mixin.py:149} INFO - [2023-06-09T01:38:59.329+0000] {dag.py:2726} INFO - Sync 1 DAGs
[2023-06-09T01:38:59.347+0000] {logging_mixin.py:149} INFO - [2023-06-09T01:38:59.347+0000] {dag.py:3490} INFO - Setting next_dagrun for example_branch_dop_operator_v3 to 2023-06-09T01:37:00+00:00, run_after=2023-06-09T01:38:00+00:00
[2023-06-09T01:38:59.361+0000] {processor.py:179} INFO - Processing /home/airflow/.local/lib/python3.7/site-packages/airflow/example_dags/example_branch_python_dop_operator_3.py took 0.080 seconds
[2023-06-09T01:39:29.573+0000] {processor.py:157} INFO - Started process (PID=1607) to work on /home/airflow/.local/lib/python3.7/site-packages/airflow/example_dags/example_branch_python_dop_operator_3.py
[2023-06-09T01:39:29.576+0000] {processor.py:826} INFO - Processing file /home/airflow/.local/lib/python3.7/site-packages/airflow/example_dags/example_branch_python_dop_operator_3.py for tasks to queue
[2023-06-09T01:39:29.577+0000] {logging_mixin.py:149} INFO - [2023-06-09T01:39:29.577+0000] {dagbag.py:541} INFO - Filling up the DagBag from /home/airflow/.local/lib/python3.7/site-packages/airflow/example_dags/example_branch_python_dop_operator_3.py
[2023-06-09T01:39:29.588+0000] {processor.py:836} INFO - DAG(s) dict_keys(['example_branch_dop_operator_v3']) retrieved from /home/airflow/.local/lib/python3.7/site-packages/airflow/example_dags/example_branch_python_dop_operator_3.py
[2023-06-09T01:39:29.613+0000] {logging_mixin.py:149} INFO - [2023-06-09T01:39:29.613+0000] {dag.py:2726} INFO - Sync 1 DAGs
[2023-06-09T01:39:29.637+0000] {logging_mixin.py:149} INFO - [2023-06-09T01:39:29.637+0000] {dag.py:3490} INFO - Setting next_dagrun for example_branch_dop_operator_v3 to 2023-06-09T01:38:00+00:00, run_after=2023-06-09T01:39:00+00:00
[2023-06-09T01:39:29.650+0000] {processor.py:179} INFO - Processing /home/airflow/.local/lib/python3.7/site-packages/airflow/example_dags/example_branch_python_dop_operator_3.py took 0.083 seconds
[2023-06-09T01:39:59.765+0000] {processor.py:157} INFO - Started process (PID=1664) to work on /home/airflow/.local/lib/python3.7/site-packages/airflow/example_dags/example_branch_python_dop_operator_3.py
[2023-06-09T01:39:59.768+0000] {processor.py:826} INFO - Processing file /home/airflow/.local/lib/python3.7/site-packages/airflow/example_dags/example_branch_python_dop_operator_3.py for tasks to queue
[2023-06-09T01:39:59.770+0000] {logging_mixin.py:149} INFO - [2023-06-09T01:39:59.769+0000] {dagbag.py:541} INFO - Filling up the DagBag from /home/airflow/.local/lib/python3.7/site-packages/airflow/example_dags/example_branch_python_dop_operator_3.py
[2023-06-09T01:39:59.781+0000] {processor.py:836} INFO - DAG(s) dict_keys(['example_branch_dop_operator_v3']) retrieved from /home/airflow/.local/lib/python3.7/site-packages/airflow/example_dags/example_branch_python_dop_operator_3.py
[2023-06-09T01:39:59.810+0000] {logging_mixin.py:149} INFO - [2023-06-09T01:39:59.810+0000] {dag.py:2726} INFO - Sync 1 DAGs
[2023-06-09T01:39:59.829+0000] {logging_mixin.py:149} INFO - [2023-06-09T01:39:59.829+0000] {dag.py:3490} INFO - Setting next_dagrun for example_branch_dop_operator_v3 to 2023-06-09T01:38:00+00:00, run_after=2023-06-09T01:39:00+00:00
[2023-06-09T01:39:59.842+0000] {processor.py:179} INFO - Processing /home/airflow/.local/lib/python3.7/site-packages/airflow/example_dags/example_branch_python_dop_operator_3.py took 0.083 seconds
[2023-06-09T01:40:30.135+0000] {processor.py:157} INFO - Started process (PID=1720) to work on /home/airflow/.local/lib/python3.7/site-packages/airflow/example_dags/example_branch_python_dop_operator_3.py
[2023-06-09T01:40:30.138+0000] {processor.py:826} INFO - Processing file /home/airflow/.local/lib/python3.7/site-packages/airflow/example_dags/example_branch_python_dop_operator_3.py for tasks to queue
[2023-06-09T01:40:30.140+0000] {logging_mixin.py:149} INFO - [2023-06-09T01:40:30.139+0000] {dagbag.py:541} INFO - Filling up the DagBag from /home/airflow/.local/lib/python3.7/site-packages/airflow/example_dags/example_branch_python_dop_operator_3.py
[2023-06-09T01:40:30.149+0000] {processor.py:836} INFO - DAG(s) dict_keys(['example_branch_dop_operator_v3']) retrieved from /home/airflow/.local/lib/python3.7/site-packages/airflow/example_dags/example_branch_python_dop_operator_3.py
[2023-06-09T01:40:30.192+0000] {logging_mixin.py:149} INFO - [2023-06-09T01:40:30.191+0000] {dag.py:2726} INFO - Sync 1 DAGs
[2023-06-09T01:40:30.215+0000] {logging_mixin.py:149} INFO - [2023-06-09T01:40:30.215+0000] {dag.py:3490} INFO - Setting next_dagrun for example_branch_dop_operator_v3 to 2023-06-09T01:39:00+00:00, run_after=2023-06-09T01:40:00+00:00
[2023-06-09T01:40:30.229+0000] {processor.py:179} INFO - Processing /home/airflow/.local/lib/python3.7/site-packages/airflow/example_dags/example_branch_python_dop_operator_3.py took 0.103 seconds
[2023-06-09T01:41:00.897+0000] {processor.py:157} INFO - Started process (PID=1776) to work on /home/airflow/.local/lib/python3.7/site-packages/airflow/example_dags/example_branch_python_dop_operator_3.py
[2023-06-09T01:41:00.916+0000] {processor.py:826} INFO - Processing file /home/airflow/.local/lib/python3.7/site-packages/airflow/example_dags/example_branch_python_dop_operator_3.py for tasks to queue
[2023-06-09T01:41:00.950+0000] {logging_mixin.py:149} INFO - [2023-06-09T01:41:00.949+0000] {dagbag.py:541} INFO - Filling up the DagBag from /home/airflow/.local/lib/python3.7/site-packages/airflow/example_dags/example_branch_python_dop_operator_3.py
[2023-06-09T01:41:00.982+0000] {processor.py:836} INFO - DAG(s) dict_keys(['example_branch_dop_operator_v3']) retrieved from /home/airflow/.local/lib/python3.7/site-packages/airflow/example_dags/example_branch_python_dop_operator_3.py
[2023-06-09T01:41:01.059+0000] {logging_mixin.py:149} INFO - [2023-06-09T01:41:01.059+0000] {dag.py:2726} INFO - Sync 1 DAGs
[2023-06-09T01:41:01.087+0000] {logging_mixin.py:149} INFO - [2023-06-09T01:41:01.087+0000] {dag.py:3490} INFO - Setting next_dagrun for example_branch_dop_operator_v3 to 2023-06-09T01:40:00+00:00, run_after=2023-06-09T01:41:00+00:00
[2023-06-09T01:41:01.102+0000] {processor.py:179} INFO - Processing /home/airflow/.local/lib/python3.7/site-packages/airflow/example_dags/example_branch_python_dop_operator_3.py took 0.217 seconds
[2023-06-09T01:41:31.743+0000] {processor.py:157} INFO - Started process (PID=1833) to work on /home/airflow/.local/lib/python3.7/site-packages/airflow/example_dags/example_branch_python_dop_operator_3.py
[2023-06-09T01:41:31.746+0000] {processor.py:826} INFO - Processing file /home/airflow/.local/lib/python3.7/site-packages/airflow/example_dags/example_branch_python_dop_operator_3.py for tasks to queue
[2023-06-09T01:41:31.748+0000] {logging_mixin.py:149} INFO - [2023-06-09T01:41:31.747+0000] {dagbag.py:541} INFO - Filling up the DagBag from /home/airflow/.local/lib/python3.7/site-packages/airflow/example_dags/example_branch_python_dop_operator_3.py
[2023-06-09T01:41:31.762+0000] {processor.py:836} INFO - DAG(s) dict_keys(['example_branch_dop_operator_v3']) retrieved from /home/airflow/.local/lib/python3.7/site-packages/airflow/example_dags/example_branch_python_dop_operator_3.py
[2023-06-09T01:41:31.796+0000] {logging_mixin.py:149} INFO - [2023-06-09T01:41:31.796+0000] {dag.py:2726} INFO - Sync 1 DAGs
[2023-06-09T01:41:31.831+0000] {logging_mixin.py:149} INFO - [2023-06-09T01:41:31.831+0000] {dag.py:3490} INFO - Setting next_dagrun for example_branch_dop_operator_v3 to 2023-06-09T01:40:00+00:00, run_after=2023-06-09T01:41:00+00:00
[2023-06-09T01:41:31.846+0000] {processor.py:179} INFO - Processing /home/airflow/.local/lib/python3.7/site-packages/airflow/example_dags/example_branch_python_dop_operator_3.py took 0.111 seconds
[2023-06-09T01:42:02.313+0000] {processor.py:157} INFO - Started process (PID=1889) to work on /home/airflow/.local/lib/python3.7/site-packages/airflow/example_dags/example_branch_python_dop_operator_3.py
[2023-06-09T01:42:02.315+0000] {processor.py:826} INFO - Processing file /home/airflow/.local/lib/python3.7/site-packages/airflow/example_dags/example_branch_python_dop_operator_3.py for tasks to queue
[2023-06-09T01:42:02.317+0000] {logging_mixin.py:149} INFO - [2023-06-09T01:42:02.317+0000] {dagbag.py:541} INFO - Filling up the DagBag from /home/airflow/.local/lib/python3.7/site-packages/airflow/example_dags/example_branch_python_dop_operator_3.py
[2023-06-09T01:42:02.326+0000] {processor.py:836} INFO - DAG(s) dict_keys(['example_branch_dop_operator_v3']) retrieved from /home/airflow/.local/lib/python3.7/site-packages/airflow/example_dags/example_branch_python_dop_operator_3.py
[2023-06-09T01:42:02.349+0000] {logging_mixin.py:149} INFO - [2023-06-09T01:42:02.349+0000] {dag.py:2726} INFO - Sync 1 DAGs
[2023-06-09T01:42:02.368+0000] {logging_mixin.py:149} INFO - [2023-06-09T01:42:02.368+0000] {dag.py:3490} INFO - Setting next_dagrun for example_branch_dop_operator_v3 to 2023-06-09T01:41:00+00:00, run_after=2023-06-09T01:42:00+00:00
[2023-06-09T01:42:02.379+0000] {processor.py:179} INFO - Processing /home/airflow/.local/lib/python3.7/site-packages/airflow/example_dags/example_branch_python_dop_operator_3.py took 0.070 seconds
[2023-06-09T01:42:32.937+0000] {processor.py:157} INFO - Started process (PID=1944) to work on /home/airflow/.local/lib/python3.7/site-packages/airflow/example_dags/example_branch_python_dop_operator_3.py
[2023-06-09T01:42:32.941+0000] {processor.py:826} INFO - Processing file /home/airflow/.local/lib/python3.7/site-packages/airflow/example_dags/example_branch_python_dop_operator_3.py for tasks to queue
[2023-06-09T01:42:32.944+0000] {logging_mixin.py:149} INFO - [2023-06-09T01:42:32.944+0000] {dagbag.py:541} INFO - Filling up the DagBag from /home/airflow/.local/lib/python3.7/site-packages/airflow/example_dags/example_branch_python_dop_operator_3.py
[2023-06-09T01:42:32.961+0000] {processor.py:836} INFO - DAG(s) dict_keys(['example_branch_dop_operator_v3']) retrieved from /home/airflow/.local/lib/python3.7/site-packages/airflow/example_dags/example_branch_python_dop_operator_3.py
[2023-06-09T01:42:32.991+0000] {logging_mixin.py:149} INFO - [2023-06-09T01:42:32.991+0000] {dag.py:2726} INFO - Sync 1 DAGs
[2023-06-09T01:42:33.012+0000] {logging_mixin.py:149} INFO - [2023-06-09T01:42:33.012+0000] {dag.py:3490} INFO - Setting next_dagrun for example_branch_dop_operator_v3 to 2023-06-09T01:41:00+00:00, run_after=2023-06-09T01:42:00+00:00
[2023-06-09T01:42:33.028+0000] {processor.py:179} INFO - Processing /home/airflow/.local/lib/python3.7/site-packages/airflow/example_dags/example_branch_python_dop_operator_3.py took 0.100 seconds
[2023-06-09T01:43:03.886+0000] {processor.py:157} INFO - Started process (PID=2000) to work on /home/airflow/.local/lib/python3.7/site-packages/airflow/example_dags/example_branch_python_dop_operator_3.py
[2023-06-09T01:43:03.888+0000] {processor.py:826} INFO - Processing file /home/airflow/.local/lib/python3.7/site-packages/airflow/example_dags/example_branch_python_dop_operator_3.py for tasks to queue
[2023-06-09T01:43:03.889+0000] {logging_mixin.py:149} INFO - [2023-06-09T01:43:03.889+0000] {dagbag.py:541} INFO - Filling up the DagBag from /home/airflow/.local/lib/python3.7/site-packages/airflow/example_dags/example_branch_python_dop_operator_3.py
[2023-06-09T01:43:03.898+0000] {processor.py:836} INFO - DAG(s) dict_keys(['example_branch_dop_operator_v3']) retrieved from /home/airflow/.local/lib/python3.7/site-packages/airflow/example_dags/example_branch_python_dop_operator_3.py
[2023-06-09T01:43:03.921+0000] {logging_mixin.py:149} INFO - [2023-06-09T01:43:03.921+0000] {dag.py:2726} INFO - Sync 1 DAGs
[2023-06-09T01:43:03.940+0000] {logging_mixin.py:149} INFO - [2023-06-09T01:43:03.940+0000] {dag.py:3490} INFO - Setting next_dagrun for example_branch_dop_operator_v3 to 2023-06-09T01:42:00+00:00, run_after=2023-06-09T01:43:00+00:00
[2023-06-09T01:43:03.951+0000] {processor.py:179} INFO - Processing /home/airflow/.local/lib/python3.7/site-packages/airflow/example_dags/example_branch_python_dop_operator_3.py took 0.071 seconds
[2023-06-09T01:43:34.162+0000] {processor.py:157} INFO - Started process (PID=2056) to work on /home/airflow/.local/lib/python3.7/site-packages/airflow/example_dags/example_branch_python_dop_operator_3.py
[2023-06-09T01:43:34.165+0000] {processor.py:826} INFO - Processing file /home/airflow/.local/lib/python3.7/site-packages/airflow/example_dags/example_branch_python_dop_operator_3.py for tasks to queue
[2023-06-09T01:43:34.167+0000] {logging_mixin.py:149} INFO - [2023-06-09T01:43:34.167+0000] {dagbag.py:541} INFO - Filling up the DagBag from /home/airflow/.local/lib/python3.7/site-packages/airflow/example_dags/example_branch_python_dop_operator_3.py
[2023-06-09T01:43:34.179+0000] {processor.py:836} INFO - DAG(s) dict_keys(['example_branch_dop_operator_v3']) retrieved from /home/airflow/.local/lib/python3.7/site-packages/airflow/example_dags/example_branch_python_dop_operator_3.py
[2023-06-09T01:43:34.207+0000] {logging_mixin.py:149} INFO - [2023-06-09T01:43:34.207+0000] {dag.py:2726} INFO - Sync 1 DAGs
[2023-06-09T01:43:34.226+0000] {logging_mixin.py:149} INFO - [2023-06-09T01:43:34.226+0000] {dag.py:3490} INFO - Setting next_dagrun for example_branch_dop_operator_v3 to 2023-06-09T01:42:00+00:00, run_after=2023-06-09T01:43:00+00:00
[2023-06-09T01:43:34.237+0000] {processor.py:179} INFO - Processing /home/airflow/.local/lib/python3.7/site-packages/airflow/example_dags/example_branch_python_dop_operator_3.py took 0.081 seconds
[2023-06-09T01:44:04.374+0000] {processor.py:157} INFO - Started process (PID=2112) to work on /home/airflow/.local/lib/python3.7/site-packages/airflow/example_dags/example_branch_python_dop_operator_3.py
[2023-06-09T01:44:04.377+0000] {processor.py:826} INFO - Processing file /home/airflow/.local/lib/python3.7/site-packages/airflow/example_dags/example_branch_python_dop_operator_3.py for tasks to queue
[2023-06-09T01:44:04.379+0000] {logging_mixin.py:149} INFO - [2023-06-09T01:44:04.379+0000] {dagbag.py:541} INFO - Filling up the DagBag from /home/airflow/.local/lib/python3.7/site-packages/airflow/example_dags/example_branch_python_dop_operator_3.py
[2023-06-09T01:44:04.392+0000] {processor.py:836} INFO - DAG(s) dict_keys(['example_branch_dop_operator_v3']) retrieved from /home/airflow/.local/lib/python3.7/site-packages/airflow/example_dags/example_branch_python_dop_operator_3.py
[2023-06-09T01:44:04.422+0000] {logging_mixin.py:149} INFO - [2023-06-09T01:44:04.422+0000] {dag.py:2726} INFO - Sync 1 DAGs
[2023-06-09T01:44:04.441+0000] {logging_mixin.py:149} INFO - [2023-06-09T01:44:04.441+0000] {dag.py:3490} INFO - Setting next_dagrun for example_branch_dop_operator_v3 to 2023-06-09T01:43:00+00:00, run_after=2023-06-09T01:44:00+00:00
[2023-06-09T01:44:04.452+0000] {processor.py:179} INFO - Processing /home/airflow/.local/lib/python3.7/site-packages/airflow/example_dags/example_branch_python_dop_operator_3.py took 0.085 seconds
[2023-06-09T01:44:34.709+0000] {processor.py:157} INFO - Started process (PID=2169) to work on /home/airflow/.local/lib/python3.7/site-packages/airflow/example_dags/example_branch_python_dop_operator_3.py
[2023-06-09T01:44:34.711+0000] {processor.py:826} INFO - Processing file /home/airflow/.local/lib/python3.7/site-packages/airflow/example_dags/example_branch_python_dop_operator_3.py for tasks to queue
[2023-06-09T01:44:34.712+0000] {logging_mixin.py:149} INFO - [2023-06-09T01:44:34.712+0000] {dagbag.py:541} INFO - Filling up the DagBag from /home/airflow/.local/lib/python3.7/site-packages/airflow/example_dags/example_branch_python_dop_operator_3.py
[2023-06-09T01:44:34.723+0000] {processor.py:836} INFO - DAG(s) dict_keys(['example_branch_dop_operator_v3']) retrieved from /home/airflow/.local/lib/python3.7/site-packages/airflow/example_dags/example_branch_python_dop_operator_3.py
[2023-06-09T01:44:34.773+0000] {logging_mixin.py:149} INFO - [2023-06-09T01:44:34.773+0000] {dag.py:2726} INFO - Sync 1 DAGs
[2023-06-09T01:44:34.799+0000] {logging_mixin.py:149} INFO - [2023-06-09T01:44:34.799+0000] {dag.py:3490} INFO - Setting next_dagrun for example_branch_dop_operator_v3 to 2023-06-09T01:43:00+00:00, run_after=2023-06-09T01:44:00+00:00
[2023-06-09T01:44:34.815+0000] {processor.py:179} INFO - Processing /home/airflow/.local/lib/python3.7/site-packages/airflow/example_dags/example_branch_python_dop_operator_3.py took 0.112 seconds
[2023-06-09T01:45:05.085+0000] {processor.py:157} INFO - Started process (PID=2225) to work on /home/airflow/.local/lib/python3.7/site-packages/airflow/example_dags/example_branch_python_dop_operator_3.py
[2023-06-09T01:45:05.088+0000] {processor.py:826} INFO - Processing file /home/airflow/.local/lib/python3.7/site-packages/airflow/example_dags/example_branch_python_dop_operator_3.py for tasks to queue
[2023-06-09T01:45:05.089+0000] {logging_mixin.py:149} INFO - [2023-06-09T01:45:05.089+0000] {dagbag.py:541} INFO - Filling up the DagBag from /home/airflow/.local/lib/python3.7/site-packages/airflow/example_dags/example_branch_python_dop_operator_3.py
[2023-06-09T01:45:05.099+0000] {processor.py:836} INFO - DAG(s) dict_keys(['example_branch_dop_operator_v3']) retrieved from /home/airflow/.local/lib/python3.7/site-packages/airflow/example_dags/example_branch_python_dop_operator_3.py
[2023-06-09T01:45:05.128+0000] {logging_mixin.py:149} INFO - [2023-06-09T01:45:05.128+0000] {dag.py:2726} INFO - Sync 1 DAGs
[2023-06-09T01:45:05.152+0000] {logging_mixin.py:149} INFO - [2023-06-09T01:45:05.152+0000] {dag.py:3490} INFO - Setting next_dagrun for example_branch_dop_operator_v3 to 2023-06-09T01:44:00+00:00, run_after=2023-06-09T01:45:00+00:00
[2023-06-09T01:45:05.164+0000] {processor.py:179} INFO - Processing /home/airflow/.local/lib/python3.7/site-packages/airflow/example_dags/example_branch_python_dop_operator_3.py took 0.084 seconds
[2023-06-09T01:45:35.257+0000] {processor.py:157} INFO - Started process (PID=2282) to work on /home/airflow/.local/lib/python3.7/site-packages/airflow/example_dags/example_branch_python_dop_operator_3.py
[2023-06-09T01:45:35.259+0000] {processor.py:826} INFO - Processing file /home/airflow/.local/lib/python3.7/site-packages/airflow/example_dags/example_branch_python_dop_operator_3.py for tasks to queue
[2023-06-09T01:45:35.260+0000] {logging_mixin.py:149} INFO - [2023-06-09T01:45:35.260+0000] {dagbag.py:541} INFO - Filling up the DagBag from /home/airflow/.local/lib/python3.7/site-packages/airflow/example_dags/example_branch_python_dop_operator_3.py
[2023-06-09T01:45:35.271+0000] {processor.py:836} INFO - DAG(s) dict_keys(['example_branch_dop_operator_v3']) retrieved from /home/airflow/.local/lib/python3.7/site-packages/airflow/example_dags/example_branch_python_dop_operator_3.py
[2023-06-09T01:45:35.297+0000] {logging_mixin.py:149} INFO - [2023-06-09T01:45:35.297+0000] {dag.py:2726} INFO - Sync 1 DAGs
[2023-06-09T01:45:35.317+0000] {logging_mixin.py:149} INFO - [2023-06-09T01:45:35.316+0000] {dag.py:3490} INFO - Setting next_dagrun for example_branch_dop_operator_v3 to 2023-06-09T01:44:00+00:00, run_after=2023-06-09T01:45:00+00:00
[2023-06-09T01:45:35.327+0000] {processor.py:179} INFO - Processing /home/airflow/.local/lib/python3.7/site-packages/airflow/example_dags/example_branch_python_dop_operator_3.py took 0.076 seconds
[2023-06-09T01:46:05.803+0000] {processor.py:157} INFO - Started process (PID=2338) to work on /home/airflow/.local/lib/python3.7/site-packages/airflow/example_dags/example_branch_python_dop_operator_3.py
[2023-06-09T01:46:05.806+0000] {processor.py:826} INFO - Processing file /home/airflow/.local/lib/python3.7/site-packages/airflow/example_dags/example_branch_python_dop_operator_3.py for tasks to queue
[2023-06-09T01:46:05.807+0000] {logging_mixin.py:149} INFO - [2023-06-09T01:46:05.807+0000] {dagbag.py:541} INFO - Filling up the DagBag from /home/airflow/.local/lib/python3.7/site-packages/airflow/example_dags/example_branch_python_dop_operator_3.py
[2023-06-09T01:46:05.818+0000] {processor.py:836} INFO - DAG(s) dict_keys(['example_branch_dop_operator_v3']) retrieved from /home/airflow/.local/lib/python3.7/site-packages/airflow/example_dags/example_branch_python_dop_operator_3.py
[2023-06-09T01:46:05.846+0000] {logging_mixin.py:149} INFO - [2023-06-09T01:46:05.846+0000] {dag.py:2726} INFO - Sync 1 DAGs
[2023-06-09T01:46:05.865+0000] {logging_mixin.py:149} INFO - [2023-06-09T01:46:05.865+0000] {dag.py:3490} INFO - Setting next_dagrun for example_branch_dop_operator_v3 to 2023-06-09T01:45:00+00:00, run_after=2023-06-09T01:46:00+00:00
[2023-06-09T01:46:05.877+0000] {processor.py:179} INFO - Processing /home/airflow/.local/lib/python3.7/site-packages/airflow/example_dags/example_branch_python_dop_operator_3.py took 0.081 seconds
[2023-06-09T01:46:36.225+0000] {processor.py:157} INFO - Started process (PID=2395) to work on /home/airflow/.local/lib/python3.7/site-packages/airflow/example_dags/example_branch_python_dop_operator_3.py
[2023-06-09T01:46:36.227+0000] {processor.py:826} INFO - Processing file /home/airflow/.local/lib/python3.7/site-packages/airflow/example_dags/example_branch_python_dop_operator_3.py for tasks to queue
[2023-06-09T01:46:36.228+0000] {logging_mixin.py:149} INFO - [2023-06-09T01:46:36.228+0000] {dagbag.py:541} INFO - Filling up the DagBag from /home/airflow/.local/lib/python3.7/site-packages/airflow/example_dags/example_branch_python_dop_operator_3.py
[2023-06-09T01:46:36.240+0000] {processor.py:836} INFO - DAG(s) dict_keys(['example_branch_dop_operator_v3']) retrieved from /home/airflow/.local/lib/python3.7/site-packages/airflow/example_dags/example_branch_python_dop_operator_3.py
[2023-06-09T01:46:36.271+0000] {logging_mixin.py:149} INFO - [2023-06-09T01:46:36.270+0000] {dag.py:2726} INFO - Sync 1 DAGs
[2023-06-09T01:46:36.292+0000] {logging_mixin.py:149} INFO - [2023-06-09T01:46:36.292+0000] {dag.py:3490} INFO - Setting next_dagrun for example_branch_dop_operator_v3 to 2023-06-09T01:45:00+00:00, run_after=2023-06-09T01:46:00+00:00
[2023-06-09T01:46:36.309+0000] {processor.py:179} INFO - Processing /home/airflow/.local/lib/python3.7/site-packages/airflow/example_dags/example_branch_python_dop_operator_3.py took 0.092 seconds
[2023-06-09T01:47:07.019+0000] {processor.py:157} INFO - Started process (PID=2450) to work on /home/airflow/.local/lib/python3.7/site-packages/airflow/example_dags/example_branch_python_dop_operator_3.py
[2023-06-09T01:47:07.022+0000] {processor.py:826} INFO - Processing file /home/airflow/.local/lib/python3.7/site-packages/airflow/example_dags/example_branch_python_dop_operator_3.py for tasks to queue
[2023-06-09T01:47:07.023+0000] {logging_mixin.py:149} INFO - [2023-06-09T01:47:07.023+0000] {dagbag.py:541} INFO - Filling up the DagBag from /home/airflow/.local/lib/python3.7/site-packages/airflow/example_dags/example_branch_python_dop_operator_3.py
[2023-06-09T01:47:07.037+0000] {processor.py:836} INFO - DAG(s) dict_keys(['example_branch_dop_operator_v3']) retrieved from /home/airflow/.local/lib/python3.7/site-packages/airflow/example_dags/example_branch_python_dop_operator_3.py
[2023-06-09T01:47:07.076+0000] {logging_mixin.py:149} INFO - [2023-06-09T01:47:07.075+0000] {dag.py:2726} INFO - Sync 1 DAGs
[2023-06-09T01:47:07.116+0000] {logging_mixin.py:149} INFO - [2023-06-09T01:47:07.116+0000] {dag.py:3490} INFO - Setting next_dagrun for example_branch_dop_operator_v3 to 2023-06-09T01:46:00+00:00, run_after=2023-06-09T01:47:00+00:00
[2023-06-09T01:47:07.135+0000] {processor.py:179} INFO - Processing /home/airflow/.local/lib/python3.7/site-packages/airflow/example_dags/example_branch_python_dop_operator_3.py took 0.124 seconds
[2023-06-09T01:47:37.621+0000] {processor.py:157} INFO - Started process (PID=2506) to work on /home/airflow/.local/lib/python3.7/site-packages/airflow/example_dags/example_branch_python_dop_operator_3.py
[2023-06-09T01:47:37.624+0000] {processor.py:826} INFO - Processing file /home/airflow/.local/lib/python3.7/site-packages/airflow/example_dags/example_branch_python_dop_operator_3.py for tasks to queue
[2023-06-09T01:47:37.626+0000] {logging_mixin.py:149} INFO - [2023-06-09T01:47:37.626+0000] {dagbag.py:541} INFO - Filling up the DagBag from /home/airflow/.local/lib/python3.7/site-packages/airflow/example_dags/example_branch_python_dop_operator_3.py
[2023-06-09T01:47:37.642+0000] {processor.py:836} INFO - DAG(s) dict_keys(['example_branch_dop_operator_v3']) retrieved from /home/airflow/.local/lib/python3.7/site-packages/airflow/example_dags/example_branch_python_dop_operator_3.py
[2023-06-09T01:47:37.672+0000] {logging_mixin.py:149} INFO - [2023-06-09T01:47:37.672+0000] {dag.py:2726} INFO - Sync 1 DAGs
[2023-06-09T01:47:37.691+0000] {logging_mixin.py:149} INFO - [2023-06-09T01:47:37.691+0000] {dag.py:3490} INFO - Setting next_dagrun for example_branch_dop_operator_v3 to 2023-06-09T01:46:00+00:00, run_after=2023-06-09T01:47:00+00:00
[2023-06-09T01:47:37.704+0000] {processor.py:179} INFO - Processing /home/airflow/.local/lib/python3.7/site-packages/airflow/example_dags/example_branch_python_dop_operator_3.py took 0.091 seconds
[2023-06-09T01:48:08.349+0000] {processor.py:157} INFO - Started process (PID=2563) to work on /home/airflow/.local/lib/python3.7/site-packages/airflow/example_dags/example_branch_python_dop_operator_3.py
[2023-06-09T01:48:08.351+0000] {processor.py:826} INFO - Processing file /home/airflow/.local/lib/python3.7/site-packages/airflow/example_dags/example_branch_python_dop_operator_3.py for tasks to queue
[2023-06-09T01:48:08.353+0000] {logging_mixin.py:149} INFO - [2023-06-09T01:48:08.353+0000] {dagbag.py:541} INFO - Filling up the DagBag from /home/airflow/.local/lib/python3.7/site-packages/airflow/example_dags/example_branch_python_dop_operator_3.py
[2023-06-09T01:48:08.362+0000] {processor.py:836} INFO - DAG(s) dict_keys(['example_branch_dop_operator_v3']) retrieved from /home/airflow/.local/lib/python3.7/site-packages/airflow/example_dags/example_branch_python_dop_operator_3.py
[2023-06-09T01:48:08.387+0000] {logging_mixin.py:149} INFO - [2023-06-09T01:48:08.387+0000] {dag.py:2726} INFO - Sync 1 DAGs
[2023-06-09T01:48:08.406+0000] {logging_mixin.py:149} INFO - [2023-06-09T01:48:08.406+0000] {dag.py:3490} INFO - Setting next_dagrun for example_branch_dop_operator_v3 to 2023-06-09T01:47:00+00:00, run_after=2023-06-09T01:48:00+00:00
[2023-06-09T01:48:08.418+0000] {processor.py:179} INFO - Processing /home/airflow/.local/lib/python3.7/site-packages/airflow/example_dags/example_branch_python_dop_operator_3.py took 0.074 seconds
[2023-06-09T01:48:38.596+0000] {processor.py:157} INFO - Started process (PID=2619) to work on /home/airflow/.local/lib/python3.7/site-packages/airflow/example_dags/example_branch_python_dop_operator_3.py
[2023-06-09T01:48:38.598+0000] {processor.py:826} INFO - Processing file /home/airflow/.local/lib/python3.7/site-packages/airflow/example_dags/example_branch_python_dop_operator_3.py for tasks to queue
[2023-06-09T01:48:38.600+0000] {logging_mixin.py:149} INFO - [2023-06-09T01:48:38.600+0000] {dagbag.py:541} INFO - Filling up the DagBag from /home/airflow/.local/lib/python3.7/site-packages/airflow/example_dags/example_branch_python_dop_operator_3.py
[2023-06-09T01:48:38.610+0000] {processor.py:836} INFO - DAG(s) dict_keys(['example_branch_dop_operator_v3']) retrieved from /home/airflow/.local/lib/python3.7/site-packages/airflow/example_dags/example_branch_python_dop_operator_3.py
[2023-06-09T01:48:38.637+0000] {logging_mixin.py:149} INFO - [2023-06-09T01:48:38.637+0000] {dag.py:2726} INFO - Sync 1 DAGs
[2023-06-09T01:48:38.657+0000] {logging_mixin.py:149} INFO - [2023-06-09T01:48:38.657+0000] {dag.py:3490} INFO - Setting next_dagrun for example_branch_dop_operator_v3 to 2023-06-09T01:47:00+00:00, run_after=2023-06-09T01:48:00+00:00
[2023-06-09T01:48:38.669+0000] {processor.py:179} INFO - Processing /home/airflow/.local/lib/python3.7/site-packages/airflow/example_dags/example_branch_python_dop_operator_3.py took 0.078 seconds
[2023-06-09T01:49:08.844+0000] {processor.py:157} INFO - Started process (PID=2675) to work on /home/airflow/.local/lib/python3.7/site-packages/airflow/example_dags/example_branch_python_dop_operator_3.py
[2023-06-09T01:49:08.846+0000] {processor.py:826} INFO - Processing file /home/airflow/.local/lib/python3.7/site-packages/airflow/example_dags/example_branch_python_dop_operator_3.py for tasks to queue
[2023-06-09T01:49:08.847+0000] {logging_mixin.py:149} INFO - [2023-06-09T01:49:08.847+0000] {dagbag.py:541} INFO - Filling up the DagBag from /home/airflow/.local/lib/python3.7/site-packages/airflow/example_dags/example_branch_python_dop_operator_3.py
[2023-06-09T01:49:08.861+0000] {processor.py:836} INFO - DAG(s) dict_keys(['example_branch_dop_operator_v3']) retrieved from /home/airflow/.local/lib/python3.7/site-packages/airflow/example_dags/example_branch_python_dop_operator_3.py
[2023-06-09T01:49:08.897+0000] {logging_mixin.py:149} INFO - [2023-06-09T01:49:08.897+0000] {dag.py:2726} INFO - Sync 1 DAGs
[2023-06-09T01:49:08.921+0000] {logging_mixin.py:149} INFO - [2023-06-09T01:49:08.921+0000] {dag.py:3490} INFO - Setting next_dagrun for example_branch_dop_operator_v3 to 2023-06-09T01:48:00+00:00, run_after=2023-06-09T01:49:00+00:00
[2023-06-09T01:49:08.932+0000] {processor.py:179} INFO - Processing /home/airflow/.local/lib/python3.7/site-packages/airflow/example_dags/example_branch_python_dop_operator_3.py took 0.096 seconds
[2023-06-09T01:49:39.070+0000] {processor.py:157} INFO - Started process (PID=2730) to work on /home/airflow/.local/lib/python3.7/site-packages/airflow/example_dags/example_branch_python_dop_operator_3.py
[2023-06-09T01:49:39.073+0000] {processor.py:826} INFO - Processing file /home/airflow/.local/lib/python3.7/site-packages/airflow/example_dags/example_branch_python_dop_operator_3.py for tasks to queue
[2023-06-09T01:49:39.074+0000] {logging_mixin.py:149} INFO - [2023-06-09T01:49:39.074+0000] {dagbag.py:541} INFO - Filling up the DagBag from /home/airflow/.local/lib/python3.7/site-packages/airflow/example_dags/example_branch_python_dop_operator_3.py
[2023-06-09T01:49:39.086+0000] {processor.py:836} INFO - DAG(s) dict_keys(['example_branch_dop_operator_v3']) retrieved from /home/airflow/.local/lib/python3.7/site-packages/airflow/example_dags/example_branch_python_dop_operator_3.py
[2023-06-09T01:49:39.112+0000] {logging_mixin.py:149} INFO - [2023-06-09T01:49:39.112+0000] {dag.py:2726} INFO - Sync 1 DAGs
[2023-06-09T01:49:39.133+0000] {logging_mixin.py:149} INFO - [2023-06-09T01:49:39.133+0000] {dag.py:3490} INFO - Setting next_dagrun for example_branch_dop_operator_v3 to 2023-06-09T01:48:00+00:00, run_after=2023-06-09T01:49:00+00:00
[2023-06-09T01:49:39.145+0000] {processor.py:179} INFO - Processing /home/airflow/.local/lib/python3.7/site-packages/airflow/example_dags/example_branch_python_dop_operator_3.py took 0.083 seconds
[2023-06-09T01:50:09.793+0000] {processor.py:157} INFO - Started process (PID=2786) to work on /home/airflow/.local/lib/python3.7/site-packages/airflow/example_dags/example_branch_python_dop_operator_3.py
[2023-06-09T01:50:09.795+0000] {processor.py:826} INFO - Processing file /home/airflow/.local/lib/python3.7/site-packages/airflow/example_dags/example_branch_python_dop_operator_3.py for tasks to queue
[2023-06-09T01:50:09.797+0000] {logging_mixin.py:149} INFO - [2023-06-09T01:50:09.797+0000] {dagbag.py:541} INFO - Filling up the DagBag from /home/airflow/.local/lib/python3.7/site-packages/airflow/example_dags/example_branch_python_dop_operator_3.py
[2023-06-09T01:50:09.807+0000] {processor.py:836} INFO - DAG(s) dict_keys(['example_branch_dop_operator_v3']) retrieved from /home/airflow/.local/lib/python3.7/site-packages/airflow/example_dags/example_branch_python_dop_operator_3.py
[2023-06-09T01:50:09.833+0000] {logging_mixin.py:149} INFO - [2023-06-09T01:50:09.832+0000] {dag.py:2726} INFO - Sync 1 DAGs
[2023-06-09T01:50:09.852+0000] {logging_mixin.py:149} INFO - [2023-06-09T01:50:09.852+0000] {dag.py:3490} INFO - Setting next_dagrun for example_branch_dop_operator_v3 to 2023-06-09T01:49:00+00:00, run_after=2023-06-09T01:50:00+00:00
[2023-06-09T01:50:09.864+0000] {processor.py:179} INFO - Processing /home/airflow/.local/lib/python3.7/site-packages/airflow/example_dags/example_branch_python_dop_operator_3.py took 0.078 seconds
[2023-06-09T01:50:40.080+0000] {processor.py:157} INFO - Started process (PID=2842) to work on /home/airflow/.local/lib/python3.7/site-packages/airflow/example_dags/example_branch_python_dop_operator_3.py
[2023-06-09T01:50:40.084+0000] {processor.py:826} INFO - Processing file /home/airflow/.local/lib/python3.7/site-packages/airflow/example_dags/example_branch_python_dop_operator_3.py for tasks to queue
[2023-06-09T01:50:40.087+0000] {logging_mixin.py:149} INFO - [2023-06-09T01:50:40.086+0000] {dagbag.py:541} INFO - Filling up the DagBag from /home/airflow/.local/lib/python3.7/site-packages/airflow/example_dags/example_branch_python_dop_operator_3.py
[2023-06-09T01:50:40.101+0000] {processor.py:836} INFO - DAG(s) dict_keys(['example_branch_dop_operator_v3']) retrieved from /home/airflow/.local/lib/python3.7/site-packages/airflow/example_dags/example_branch_python_dop_operator_3.py
[2023-06-09T01:50:40.129+0000] {logging_mixin.py:149} INFO - [2023-06-09T01:50:40.129+0000] {dag.py:2726} INFO - Sync 1 DAGs
[2023-06-09T01:50:40.150+0000] {logging_mixin.py:149} INFO - [2023-06-09T01:50:40.150+0000] {dag.py:3490} INFO - Setting next_dagrun for example_branch_dop_operator_v3 to 2023-06-09T01:49:00+00:00, run_after=2023-06-09T01:50:00+00:00
[2023-06-09T01:50:40.160+0000] {processor.py:179} INFO - Processing /home/airflow/.local/lib/python3.7/site-packages/airflow/example_dags/example_branch_python_dop_operator_3.py took 0.087 seconds
[2023-06-09T01:51:10.537+0000] {processor.py:157} INFO - Started process (PID=2898) to work on /home/airflow/.local/lib/python3.7/site-packages/airflow/example_dags/example_branch_python_dop_operator_3.py
[2023-06-09T01:51:10.540+0000] {processor.py:826} INFO - Processing file /home/airflow/.local/lib/python3.7/site-packages/airflow/example_dags/example_branch_python_dop_operator_3.py for tasks to queue
[2023-06-09T01:51:10.541+0000] {logging_mixin.py:149} INFO - [2023-06-09T01:51:10.541+0000] {dagbag.py:541} INFO - Filling up the DagBag from /home/airflow/.local/lib/python3.7/site-packages/airflow/example_dags/example_branch_python_dop_operator_3.py
[2023-06-09T01:51:10.552+0000] {processor.py:836} INFO - DAG(s) dict_keys(['example_branch_dop_operator_v3']) retrieved from /home/airflow/.local/lib/python3.7/site-packages/airflow/example_dags/example_branch_python_dop_operator_3.py
[2023-06-09T01:51:10.578+0000] {logging_mixin.py:149} INFO - [2023-06-09T01:51:10.577+0000] {dag.py:2726} INFO - Sync 1 DAGs
[2023-06-09T01:51:10.596+0000] {logging_mixin.py:149} INFO - [2023-06-09T01:51:10.596+0000] {dag.py:3490} INFO - Setting next_dagrun for example_branch_dop_operator_v3 to 2023-06-09T01:50:00+00:00, run_after=2023-06-09T01:51:00+00:00
[2023-06-09T01:51:10.606+0000] {processor.py:179} INFO - Processing /home/airflow/.local/lib/python3.7/site-packages/airflow/example_dags/example_branch_python_dop_operator_3.py took 0.075 seconds
[2023-06-09T01:51:40.911+0000] {processor.py:157} INFO - Started process (PID=2954) to work on /home/airflow/.local/lib/python3.7/site-packages/airflow/example_dags/example_branch_python_dop_operator_3.py
[2023-06-09T01:51:40.913+0000] {processor.py:826} INFO - Processing file /home/airflow/.local/lib/python3.7/site-packages/airflow/example_dags/example_branch_python_dop_operator_3.py for tasks to queue
[2023-06-09T01:51:40.916+0000] {logging_mixin.py:149} INFO - [2023-06-09T01:51:40.916+0000] {dagbag.py:541} INFO - Filling up the DagBag from /home/airflow/.local/lib/python3.7/site-packages/airflow/example_dags/example_branch_python_dop_operator_3.py
[2023-06-09T01:51:40.926+0000] {processor.py:836} INFO - DAG(s) dict_keys(['example_branch_dop_operator_v3']) retrieved from /home/airflow/.local/lib/python3.7/site-packages/airflow/example_dags/example_branch_python_dop_operator_3.py
[2023-06-09T01:51:40.949+0000] {logging_mixin.py:149} INFO - [2023-06-09T01:51:40.949+0000] {dag.py:2726} INFO - Sync 1 DAGs
[2023-06-09T01:51:40.968+0000] {logging_mixin.py:149} INFO - [2023-06-09T01:51:40.968+0000] {dag.py:3490} INFO - Setting next_dagrun for example_branch_dop_operator_v3 to 2023-06-09T01:50:00+00:00, run_after=2023-06-09T01:51:00+00:00
[2023-06-09T01:51:40.979+0000] {processor.py:179} INFO - Processing /home/airflow/.local/lib/python3.7/site-packages/airflow/example_dags/example_branch_python_dop_operator_3.py took 0.076 seconds
[2023-06-09T01:52:11.114+0000] {processor.py:157} INFO - Started process (PID=3010) to work on /home/airflow/.local/lib/python3.7/site-packages/airflow/example_dags/example_branch_python_dop_operator_3.py
[2023-06-09T01:52:11.115+0000] {processor.py:826} INFO - Processing file /home/airflow/.local/lib/python3.7/site-packages/airflow/example_dags/example_branch_python_dop_operator_3.py for tasks to queue
[2023-06-09T01:52:11.117+0000] {logging_mixin.py:149} INFO - [2023-06-09T01:52:11.116+0000] {dagbag.py:541} INFO - Filling up the DagBag from /home/airflow/.local/lib/python3.7/site-packages/airflow/example_dags/example_branch_python_dop_operator_3.py
[2023-06-09T01:52:11.123+0000] {processor.py:836} INFO - DAG(s) dict_keys(['example_branch_dop_operator_v3']) retrieved from /home/airflow/.local/lib/python3.7/site-packages/airflow/example_dags/example_branch_python_dop_operator_3.py
[2023-06-09T01:52:11.144+0000] {logging_mixin.py:149} INFO - [2023-06-09T01:52:11.144+0000] {dag.py:2726} INFO - Sync 1 DAGs
[2023-06-09T01:52:11.165+0000] {logging_mixin.py:149} INFO - [2023-06-09T01:52:11.165+0000] {dag.py:3490} INFO - Setting next_dagrun for example_branch_dop_operator_v3 to 2023-06-09T01:51:00+00:00, run_after=2023-06-09T01:52:00+00:00
[2023-06-09T01:52:11.176+0000] {processor.py:179} INFO - Processing /home/airflow/.local/lib/python3.7/site-packages/airflow/example_dags/example_branch_python_dop_operator_3.py took 0.066 seconds
[2023-06-09T01:52:41.467+0000] {processor.py:157} INFO - Started process (PID=3065) to work on /home/airflow/.local/lib/python3.7/site-packages/airflow/example_dags/example_branch_python_dop_operator_3.py
[2023-06-09T01:52:41.468+0000] {processor.py:826} INFO - Processing file /home/airflow/.local/lib/python3.7/site-packages/airflow/example_dags/example_branch_python_dop_operator_3.py for tasks to queue
[2023-06-09T01:52:41.469+0000] {logging_mixin.py:149} INFO - [2023-06-09T01:52:41.469+0000] {dagbag.py:541} INFO - Filling up the DagBag from /home/airflow/.local/lib/python3.7/site-packages/airflow/example_dags/example_branch_python_dop_operator_3.py
[2023-06-09T01:52:41.475+0000] {processor.py:836} INFO - DAG(s) dict_keys(['example_branch_dop_operator_v3']) retrieved from /home/airflow/.local/lib/python3.7/site-packages/airflow/example_dags/example_branch_python_dop_operator_3.py
[2023-06-09T01:52:41.497+0000] {logging_mixin.py:149} INFO - [2023-06-09T01:52:41.497+0000] {dag.py:2726} INFO - Sync 1 DAGs
[2023-06-09T01:52:41.516+0000] {logging_mixin.py:149} INFO - [2023-06-09T01:52:41.515+0000] {dag.py:3490} INFO - Setting next_dagrun for example_branch_dop_operator_v3 to 2023-06-09T01:51:00+00:00, run_after=2023-06-09T01:52:00+00:00
[2023-06-09T01:52:41.527+0000] {processor.py:179} INFO - Processing /home/airflow/.local/lib/python3.7/site-packages/airflow/example_dags/example_branch_python_dop_operator_3.py took 0.063 seconds
[2023-06-09T01:53:49.809+0000] {processor.py:157} INFO - Started process (PID=39) to work on /home/airflow/.local/lib/python3.7/site-packages/airflow/example_dags/example_branch_python_dop_operator_3.py
[2023-06-09T01:53:49.811+0000] {processor.py:826} INFO - Processing file /home/airflow/.local/lib/python3.7/site-packages/airflow/example_dags/example_branch_python_dop_operator_3.py for tasks to queue
[2023-06-09T01:53:49.812+0000] {logging_mixin.py:149} INFO - [2023-06-09T01:53:49.812+0000] {dagbag.py:541} INFO - Filling up the DagBag from /home/airflow/.local/lib/python3.7/site-packages/airflow/example_dags/example_branch_python_dop_operator_3.py
[2023-06-09T01:53:49.821+0000] {processor.py:836} INFO - DAG(s) dict_keys(['example_branch_dop_operator_v3']) retrieved from /home/airflow/.local/lib/python3.7/site-packages/airflow/example_dags/example_branch_python_dop_operator_3.py
[2023-06-09T01:53:49.838+0000] {logging_mixin.py:149} INFO - [2023-06-09T01:53:49.838+0000] {dag.py:2726} INFO - Sync 1 DAGs
[2023-06-09T01:53:49.862+0000] {logging_mixin.py:149} INFO - [2023-06-09T01:53:49.862+0000] {dag.py:3490} INFO - Setting next_dagrun for example_branch_dop_operator_v3 to 2023-06-09T01:52:00+00:00, run_after=2023-06-09T01:53:00+00:00
[2023-06-09T01:53:49.883+0000] {processor.py:179} INFO - Processing /home/airflow/.local/lib/python3.7/site-packages/airflow/example_dags/example_branch_python_dop_operator_3.py took 0.077 seconds
