[2023-06-09T01:25:34.289+0000] {processor.py:157} INFO - Started process (PID=71) to work on /home/airflow/.local/lib/python3.7/site-packages/airflow/example_dags/example_local_kubernetes_executor.py
[2023-06-09T01:25:34.293+0000] {processor.py:826} INFO - Processing file /home/airflow/.local/lib/python3.7/site-packages/airflow/example_dags/example_local_kubernetes_executor.py for tasks to queue
[2023-06-09T01:25:34.299+0000] {logging_mixin.py:149} INFO - [2023-06-09T01:25:34.299+0000] {dagbag.py:541} INFO - Filling up the DagBag from /home/airflow/.local/lib/python3.7/site-packages/airflow/example_dags/example_local_kubernetes_executor.py
[2023-06-09T01:25:35.034+0000] {processor.py:836} INFO - DAG(s) dict_keys(['example_local_kubernetes_executor']) retrieved from /home/airflow/.local/lib/python3.7/site-packages/airflow/example_dags/example_local_kubernetes_executor.py
[2023-06-09T01:25:35.271+0000] {logging_mixin.py:149} INFO - [2023-06-09T01:25:35.270+0000] {manager.py:504} INFO - Created Permission View: can delete on DAG:example_local_kubernetes_executor
[2023-06-09T01:25:35.292+0000] {logging_mixin.py:149} INFO - [2023-06-09T01:25:35.291+0000] {manager.py:504} INFO - Created Permission View: can edit on DAG:example_local_kubernetes_executor
[2023-06-09T01:25:35.318+0000] {logging_mixin.py:149} INFO - [2023-06-09T01:25:35.317+0000] {manager.py:504} INFO - Created Permission View: can read on DAG:example_local_kubernetes_executor
[2023-06-09T01:25:35.320+0000] {logging_mixin.py:149} INFO - [2023-06-09T01:25:35.320+0000] {dag.py:2726} INFO - Sync 1 DAGs
[2023-06-09T01:25:35.347+0000] {logging_mixin.py:149} INFO - [2023-06-09T01:25:35.347+0000] {dag.py:2747} INFO - Creating ORM DAG for example_local_kubernetes_executor
[2023-06-09T01:25:35.375+0000] {logging_mixin.py:149} INFO - [2023-06-09T01:25:35.375+0000] {dag.py:3490} INFO - Setting next_dagrun for example_local_kubernetes_executor to None, run_after=None
[2023-06-09T01:25:35.422+0000] {processor.py:179} INFO - Processing /home/airflow/.local/lib/python3.7/site-packages/airflow/example_dags/example_local_kubernetes_executor.py took 1.142 seconds
[2023-06-09T01:26:06.194+0000] {processor.py:157} INFO - Started process (PID=127) to work on /home/airflow/.local/lib/python3.7/site-packages/airflow/example_dags/example_local_kubernetes_executor.py
[2023-06-09T01:26:06.202+0000] {processor.py:826} INFO - Processing file /home/airflow/.local/lib/python3.7/site-packages/airflow/example_dags/example_local_kubernetes_executor.py for tasks to queue
[2023-06-09T01:26:06.203+0000] {logging_mixin.py:149} INFO - [2023-06-09T01:26:06.203+0000] {dagbag.py:541} INFO - Filling up the DagBag from /home/airflow/.local/lib/python3.7/site-packages/airflow/example_dags/example_local_kubernetes_executor.py
[2023-06-09T01:26:06.654+0000] {processor.py:836} INFO - DAG(s) dict_keys(['example_local_kubernetes_executor']) retrieved from /home/airflow/.local/lib/python3.7/site-packages/airflow/example_dags/example_local_kubernetes_executor.py
[2023-06-09T01:26:06.736+0000] {logging_mixin.py:149} INFO - [2023-06-09T01:26:06.735+0000] {dag.py:2726} INFO - Sync 1 DAGs
[2023-06-09T01:26:06.771+0000] {logging_mixin.py:149} INFO - [2023-06-09T01:26:06.770+0000] {dag.py:3490} INFO - Setting next_dagrun for example_local_kubernetes_executor to None, run_after=None
[2023-06-09T01:26:06.815+0000] {processor.py:179} INFO - Processing /home/airflow/.local/lib/python3.7/site-packages/airflow/example_dags/example_local_kubernetes_executor.py took 0.658 seconds
[2023-06-09T01:26:36.956+0000] {processor.py:157} INFO - Started process (PID=185) to work on /home/airflow/.local/lib/python3.7/site-packages/airflow/example_dags/example_local_kubernetes_executor.py
[2023-06-09T01:26:36.957+0000] {processor.py:826} INFO - Processing file /home/airflow/.local/lib/python3.7/site-packages/airflow/example_dags/example_local_kubernetes_executor.py for tasks to queue
[2023-06-09T01:26:36.958+0000] {logging_mixin.py:149} INFO - [2023-06-09T01:26:36.958+0000] {dagbag.py:541} INFO - Filling up the DagBag from /home/airflow/.local/lib/python3.7/site-packages/airflow/example_dags/example_local_kubernetes_executor.py
[2023-06-09T01:26:37.074+0000] {processor.py:836} INFO - DAG(s) dict_keys(['example_local_kubernetes_executor']) retrieved from /home/airflow/.local/lib/python3.7/site-packages/airflow/example_dags/example_local_kubernetes_executor.py
[2023-06-09T01:26:37.100+0000] {logging_mixin.py:149} INFO - [2023-06-09T01:26:37.100+0000] {dag.py:2726} INFO - Sync 1 DAGs
[2023-06-09T01:26:37.114+0000] {logging_mixin.py:149} INFO - [2023-06-09T01:26:37.114+0000] {dag.py:3490} INFO - Setting next_dagrun for example_local_kubernetes_executor to None, run_after=None
[2023-06-09T01:26:37.125+0000] {processor.py:179} INFO - Processing /home/airflow/.local/lib/python3.7/site-packages/airflow/example_dags/example_local_kubernetes_executor.py took 0.171 seconds
[2023-06-09T01:27:07.246+0000] {processor.py:157} INFO - Started process (PID=239) to work on /home/airflow/.local/lib/python3.7/site-packages/airflow/example_dags/example_local_kubernetes_executor.py
[2023-06-09T01:27:07.249+0000] {processor.py:826} INFO - Processing file /home/airflow/.local/lib/python3.7/site-packages/airflow/example_dags/example_local_kubernetes_executor.py for tasks to queue
[2023-06-09T01:27:07.250+0000] {logging_mixin.py:149} INFO - [2023-06-09T01:27:07.250+0000] {dagbag.py:541} INFO - Filling up the DagBag from /home/airflow/.local/lib/python3.7/site-packages/airflow/example_dags/example_local_kubernetes_executor.py
[2023-06-09T01:27:07.412+0000] {processor.py:836} INFO - DAG(s) dict_keys(['example_local_kubernetes_executor']) retrieved from /home/airflow/.local/lib/python3.7/site-packages/airflow/example_dags/example_local_kubernetes_executor.py
[2023-06-09T01:27:07.440+0000] {logging_mixin.py:149} INFO - [2023-06-09T01:27:07.440+0000] {dag.py:2726} INFO - Sync 1 DAGs
[2023-06-09T01:27:07.456+0000] {logging_mixin.py:149} INFO - [2023-06-09T01:27:07.455+0000] {dag.py:3490} INFO - Setting next_dagrun for example_local_kubernetes_executor to None, run_after=None
[2023-06-09T01:27:07.468+0000] {processor.py:179} INFO - Processing /home/airflow/.local/lib/python3.7/site-packages/airflow/example_dags/example_local_kubernetes_executor.py took 0.229 seconds
[2023-06-09T01:27:37.710+0000] {processor.py:157} INFO - Started process (PID=295) to work on /home/airflow/.local/lib/python3.7/site-packages/airflow/example_dags/example_local_kubernetes_executor.py
[2023-06-09T01:27:37.713+0000] {processor.py:826} INFO - Processing file /home/airflow/.local/lib/python3.7/site-packages/airflow/example_dags/example_local_kubernetes_executor.py for tasks to queue
[2023-06-09T01:27:37.714+0000] {logging_mixin.py:149} INFO - [2023-06-09T01:27:37.714+0000] {dagbag.py:541} INFO - Filling up the DagBag from /home/airflow/.local/lib/python3.7/site-packages/airflow/example_dags/example_local_kubernetes_executor.py
[2023-06-09T01:27:37.873+0000] {processor.py:836} INFO - DAG(s) dict_keys(['example_local_kubernetes_executor']) retrieved from /home/airflow/.local/lib/python3.7/site-packages/airflow/example_dags/example_local_kubernetes_executor.py
[2023-06-09T01:27:37.913+0000] {logging_mixin.py:149} INFO - [2023-06-09T01:27:37.913+0000] {dag.py:2726} INFO - Sync 1 DAGs
[2023-06-09T01:27:37.935+0000] {logging_mixin.py:149} INFO - [2023-06-09T01:27:37.934+0000] {dag.py:3490} INFO - Setting next_dagrun for example_local_kubernetes_executor to None, run_after=None
[2023-06-09T01:27:37.951+0000] {processor.py:179} INFO - Processing /home/airflow/.local/lib/python3.7/site-packages/airflow/example_dags/example_local_kubernetes_executor.py took 0.246 seconds
[2023-06-09T01:28:08.238+0000] {processor.py:157} INFO - Started process (PID=351) to work on /home/airflow/.local/lib/python3.7/site-packages/airflow/example_dags/example_local_kubernetes_executor.py
[2023-06-09T01:28:08.241+0000] {processor.py:826} INFO - Processing file /home/airflow/.local/lib/python3.7/site-packages/airflow/example_dags/example_local_kubernetes_executor.py for tasks to queue
[2023-06-09T01:28:08.243+0000] {logging_mixin.py:149} INFO - [2023-06-09T01:28:08.243+0000] {dagbag.py:541} INFO - Filling up the DagBag from /home/airflow/.local/lib/python3.7/site-packages/airflow/example_dags/example_local_kubernetes_executor.py
[2023-06-09T01:28:08.378+0000] {processor.py:836} INFO - DAG(s) dict_keys(['example_local_kubernetes_executor']) retrieved from /home/airflow/.local/lib/python3.7/site-packages/airflow/example_dags/example_local_kubernetes_executor.py
[2023-06-09T01:28:08.411+0000] {logging_mixin.py:149} INFO - [2023-06-09T01:28:08.411+0000] {dag.py:2726} INFO - Sync 1 DAGs
[2023-06-09T01:28:08.430+0000] {logging_mixin.py:149} INFO - [2023-06-09T01:28:08.430+0000] {dag.py:3490} INFO - Setting next_dagrun for example_local_kubernetes_executor to None, run_after=None
[2023-06-09T01:28:08.442+0000] {processor.py:179} INFO - Processing /home/airflow/.local/lib/python3.7/site-packages/airflow/example_dags/example_local_kubernetes_executor.py took 0.208 seconds
[2023-06-09T01:28:38.961+0000] {processor.py:157} INFO - Started process (PID=407) to work on /home/airflow/.local/lib/python3.7/site-packages/airflow/example_dags/example_local_kubernetes_executor.py
[2023-06-09T01:28:38.962+0000] {processor.py:826} INFO - Processing file /home/airflow/.local/lib/python3.7/site-packages/airflow/example_dags/example_local_kubernetes_executor.py for tasks to queue
[2023-06-09T01:28:38.963+0000] {logging_mixin.py:149} INFO - [2023-06-09T01:28:38.963+0000] {dagbag.py:541} INFO - Filling up the DagBag from /home/airflow/.local/lib/python3.7/site-packages/airflow/example_dags/example_local_kubernetes_executor.py
[2023-06-09T01:28:39.162+0000] {processor.py:836} INFO - DAG(s) dict_keys(['example_local_kubernetes_executor']) retrieved from /home/airflow/.local/lib/python3.7/site-packages/airflow/example_dags/example_local_kubernetes_executor.py
[2023-06-09T01:28:39.197+0000] {logging_mixin.py:149} INFO - [2023-06-09T01:28:39.197+0000] {dag.py:2726} INFO - Sync 1 DAGs
[2023-06-09T01:28:39.215+0000] {logging_mixin.py:149} INFO - [2023-06-09T01:28:39.215+0000] {dag.py:3490} INFO - Setting next_dagrun for example_local_kubernetes_executor to None, run_after=None
[2023-06-09T01:28:39.229+0000] {processor.py:179} INFO - Processing /home/airflow/.local/lib/python3.7/site-packages/airflow/example_dags/example_local_kubernetes_executor.py took 0.272 seconds
[2023-06-09T01:29:09.440+0000] {processor.py:157} INFO - Started process (PID=465) to work on /home/airflow/.local/lib/python3.7/site-packages/airflow/example_dags/example_local_kubernetes_executor.py
[2023-06-09T01:29:09.441+0000] {processor.py:826} INFO - Processing file /home/airflow/.local/lib/python3.7/site-packages/airflow/example_dags/example_local_kubernetes_executor.py for tasks to queue
[2023-06-09T01:29:09.442+0000] {logging_mixin.py:149} INFO - [2023-06-09T01:29:09.442+0000] {dagbag.py:541} INFO - Filling up the DagBag from /home/airflow/.local/lib/python3.7/site-packages/airflow/example_dags/example_local_kubernetes_executor.py
[2023-06-09T01:29:09.625+0000] {processor.py:836} INFO - DAG(s) dict_keys(['example_local_kubernetes_executor']) retrieved from /home/airflow/.local/lib/python3.7/site-packages/airflow/example_dags/example_local_kubernetes_executor.py
[2023-06-09T01:29:09.659+0000] {logging_mixin.py:149} INFO - [2023-06-09T01:29:09.659+0000] {dag.py:2726} INFO - Sync 1 DAGs
[2023-06-09T01:29:09.678+0000] {logging_mixin.py:149} INFO - [2023-06-09T01:29:09.678+0000] {dag.py:3490} INFO - Setting next_dagrun for example_local_kubernetes_executor to None, run_after=None
[2023-06-09T01:29:09.691+0000] {processor.py:179} INFO - Processing /home/airflow/.local/lib/python3.7/site-packages/airflow/example_dags/example_local_kubernetes_executor.py took 0.254 seconds
[2023-06-09T01:29:40.619+0000] {processor.py:157} INFO - Started process (PID=522) to work on /home/airflow/.local/lib/python3.7/site-packages/airflow/example_dags/example_local_kubernetes_executor.py
[2023-06-09T01:29:40.622+0000] {processor.py:826} INFO - Processing file /home/airflow/.local/lib/python3.7/site-packages/airflow/example_dags/example_local_kubernetes_executor.py for tasks to queue
[2023-06-09T01:29:40.624+0000] {logging_mixin.py:149} INFO - [2023-06-09T01:29:40.624+0000] {dagbag.py:541} INFO - Filling up the DagBag from /home/airflow/.local/lib/python3.7/site-packages/airflow/example_dags/example_local_kubernetes_executor.py
[2023-06-09T01:29:40.899+0000] {processor.py:836} INFO - DAG(s) dict_keys(['example_local_kubernetes_executor']) retrieved from /home/airflow/.local/lib/python3.7/site-packages/airflow/example_dags/example_local_kubernetes_executor.py
[2023-06-09T01:29:40.975+0000] {logging_mixin.py:149} INFO - [2023-06-09T01:29:40.975+0000] {dag.py:2726} INFO - Sync 1 DAGs
[2023-06-09T01:29:41.004+0000] {logging_mixin.py:149} INFO - [2023-06-09T01:29:41.004+0000] {dag.py:3490} INFO - Setting next_dagrun for example_local_kubernetes_executor to None, run_after=None
[2023-06-09T01:29:41.030+0000] {processor.py:179} INFO - Processing /home/airflow/.local/lib/python3.7/site-packages/airflow/example_dags/example_local_kubernetes_executor.py took 0.416 seconds
[2023-06-09T01:30:11.707+0000] {processor.py:157} INFO - Started process (PID=578) to work on /home/airflow/.local/lib/python3.7/site-packages/airflow/example_dags/example_local_kubernetes_executor.py
[2023-06-09T01:30:11.714+0000] {processor.py:826} INFO - Processing file /home/airflow/.local/lib/python3.7/site-packages/airflow/example_dags/example_local_kubernetes_executor.py for tasks to queue
[2023-06-09T01:30:11.715+0000] {logging_mixin.py:149} INFO - [2023-06-09T01:30:11.715+0000] {dagbag.py:541} INFO - Filling up the DagBag from /home/airflow/.local/lib/python3.7/site-packages/airflow/example_dags/example_local_kubernetes_executor.py
[2023-06-09T01:30:12.059+0000] {processor.py:836} INFO - DAG(s) dict_keys(['example_local_kubernetes_executor']) retrieved from /home/airflow/.local/lib/python3.7/site-packages/airflow/example_dags/example_local_kubernetes_executor.py
[2023-06-09T01:30:12.125+0000] {logging_mixin.py:149} INFO - [2023-06-09T01:30:12.125+0000] {dag.py:2726} INFO - Sync 1 DAGs
[2023-06-09T01:30:12.153+0000] {logging_mixin.py:149} INFO - [2023-06-09T01:30:12.153+0000] {dag.py:3490} INFO - Setting next_dagrun for example_local_kubernetes_executor to None, run_after=None
[2023-06-09T01:30:12.216+0000] {processor.py:179} INFO - Processing /home/airflow/.local/lib/python3.7/site-packages/airflow/example_dags/example_local_kubernetes_executor.py took 0.532 seconds
[2023-06-09T01:30:42.859+0000] {processor.py:157} INFO - Started process (PID=634) to work on /home/airflow/.local/lib/python3.7/site-packages/airflow/example_dags/example_local_kubernetes_executor.py
[2023-06-09T01:30:42.861+0000] {processor.py:826} INFO - Processing file /home/airflow/.local/lib/python3.7/site-packages/airflow/example_dags/example_local_kubernetes_executor.py for tasks to queue
[2023-06-09T01:30:42.862+0000] {logging_mixin.py:149} INFO - [2023-06-09T01:30:42.862+0000] {dagbag.py:541} INFO - Filling up the DagBag from /home/airflow/.local/lib/python3.7/site-packages/airflow/example_dags/example_local_kubernetes_executor.py
[2023-06-09T01:30:43.104+0000] {processor.py:836} INFO - DAG(s) dict_keys(['example_local_kubernetes_executor']) retrieved from /home/airflow/.local/lib/python3.7/site-packages/airflow/example_dags/example_local_kubernetes_executor.py
[2023-06-09T01:30:43.154+0000] {logging_mixin.py:149} INFO - [2023-06-09T01:30:43.154+0000] {dag.py:2726} INFO - Sync 1 DAGs
[2023-06-09T01:30:43.181+0000] {logging_mixin.py:149} INFO - [2023-06-09T01:30:43.181+0000] {dag.py:3490} INFO - Setting next_dagrun for example_local_kubernetes_executor to None, run_after=None
[2023-06-09T01:30:43.215+0000] {processor.py:179} INFO - Processing /home/airflow/.local/lib/python3.7/site-packages/airflow/example_dags/example_local_kubernetes_executor.py took 0.364 seconds
[2023-06-09T01:31:13.278+0000] {processor.py:157} INFO - Started process (PID=690) to work on /home/airflow/.local/lib/python3.7/site-packages/airflow/example_dags/example_local_kubernetes_executor.py
[2023-06-09T01:31:13.280+0000] {processor.py:826} INFO - Processing file /home/airflow/.local/lib/python3.7/site-packages/airflow/example_dags/example_local_kubernetes_executor.py for tasks to queue
[2023-06-09T01:31:13.281+0000] {logging_mixin.py:149} INFO - [2023-06-09T01:31:13.281+0000] {dagbag.py:541} INFO - Filling up the DagBag from /home/airflow/.local/lib/python3.7/site-packages/airflow/example_dags/example_local_kubernetes_executor.py
[2023-06-09T01:31:13.506+0000] {processor.py:836} INFO - DAG(s) dict_keys(['example_local_kubernetes_executor']) retrieved from /home/airflow/.local/lib/python3.7/site-packages/airflow/example_dags/example_local_kubernetes_executor.py
[2023-06-09T01:31:13.542+0000] {logging_mixin.py:149} INFO - [2023-06-09T01:31:13.542+0000] {dag.py:2726} INFO - Sync 1 DAGs
[2023-06-09T01:31:13.562+0000] {logging_mixin.py:149} INFO - [2023-06-09T01:31:13.562+0000] {dag.py:3490} INFO - Setting next_dagrun for example_local_kubernetes_executor to None, run_after=None
[2023-06-09T01:31:13.582+0000] {processor.py:179} INFO - Processing /home/airflow/.local/lib/python3.7/site-packages/airflow/example_dags/example_local_kubernetes_executor.py took 0.308 seconds
[2023-06-09T01:31:44.252+0000] {processor.py:157} INFO - Started process (PID=746) to work on /home/airflow/.local/lib/python3.7/site-packages/airflow/example_dags/example_local_kubernetes_executor.py
[2023-06-09T01:31:44.253+0000] {processor.py:826} INFO - Processing file /home/airflow/.local/lib/python3.7/site-packages/airflow/example_dags/example_local_kubernetes_executor.py for tasks to queue
[2023-06-09T01:31:44.254+0000] {logging_mixin.py:149} INFO - [2023-06-09T01:31:44.254+0000] {dagbag.py:541} INFO - Filling up the DagBag from /home/airflow/.local/lib/python3.7/site-packages/airflow/example_dags/example_local_kubernetes_executor.py
[2023-06-09T01:31:44.521+0000] {processor.py:836} INFO - DAG(s) dict_keys(['example_local_kubernetes_executor']) retrieved from /home/airflow/.local/lib/python3.7/site-packages/airflow/example_dags/example_local_kubernetes_executor.py
[2023-06-09T01:31:44.583+0000] {logging_mixin.py:149} INFO - [2023-06-09T01:31:44.583+0000] {dag.py:2726} INFO - Sync 1 DAGs
[2023-06-09T01:31:44.606+0000] {logging_mixin.py:149} INFO - [2023-06-09T01:31:44.606+0000] {dag.py:3490} INFO - Setting next_dagrun for example_local_kubernetes_executor to None, run_after=None
[2023-06-09T01:31:44.620+0000] {processor.py:179} INFO - Processing /home/airflow/.local/lib/python3.7/site-packages/airflow/example_dags/example_local_kubernetes_executor.py took 0.372 seconds
[2023-06-09T01:32:14.741+0000] {processor.py:157} INFO - Started process (PID=804) to work on /home/airflow/.local/lib/python3.7/site-packages/airflow/example_dags/example_local_kubernetes_executor.py
[2023-06-09T01:32:14.742+0000] {processor.py:826} INFO - Processing file /home/airflow/.local/lib/python3.7/site-packages/airflow/example_dags/example_local_kubernetes_executor.py for tasks to queue
[2023-06-09T01:32:14.743+0000] {logging_mixin.py:149} INFO - [2023-06-09T01:32:14.743+0000] {dagbag.py:541} INFO - Filling up the DagBag from /home/airflow/.local/lib/python3.7/site-packages/airflow/example_dags/example_local_kubernetes_executor.py
[2023-06-09T01:32:14.913+0000] {processor.py:836} INFO - DAG(s) dict_keys(['example_local_kubernetes_executor']) retrieved from /home/airflow/.local/lib/python3.7/site-packages/airflow/example_dags/example_local_kubernetes_executor.py
[2023-06-09T01:32:14.941+0000] {logging_mixin.py:149} INFO - [2023-06-09T01:32:14.941+0000] {dag.py:2726} INFO - Sync 1 DAGs
[2023-06-09T01:32:14.959+0000] {logging_mixin.py:149} INFO - [2023-06-09T01:32:14.959+0000] {dag.py:3490} INFO - Setting next_dagrun for example_local_kubernetes_executor to None, run_after=None
[2023-06-09T01:32:14.972+0000] {processor.py:179} INFO - Processing /home/airflow/.local/lib/python3.7/site-packages/airflow/example_dags/example_local_kubernetes_executor.py took 0.234 seconds
[2023-06-09T01:32:45.054+0000] {processor.py:157} INFO - Started process (PID=862) to work on /home/airflow/.local/lib/python3.7/site-packages/airflow/example_dags/example_local_kubernetes_executor.py
[2023-06-09T01:32:45.055+0000] {processor.py:826} INFO - Processing file /home/airflow/.local/lib/python3.7/site-packages/airflow/example_dags/example_local_kubernetes_executor.py for tasks to queue
[2023-06-09T01:32:45.056+0000] {logging_mixin.py:149} INFO - [2023-06-09T01:32:45.056+0000] {dagbag.py:541} INFO - Filling up the DagBag from /home/airflow/.local/lib/python3.7/site-packages/airflow/example_dags/example_local_kubernetes_executor.py
[2023-06-09T01:32:45.542+0000] {processor.py:836} INFO - DAG(s) dict_keys(['example_local_kubernetes_executor']) retrieved from /home/airflow/.local/lib/python3.7/site-packages/airflow/example_dags/example_local_kubernetes_executor.py
[2023-06-09T01:32:45.637+0000] {logging_mixin.py:149} INFO - [2023-06-09T01:32:45.637+0000] {dag.py:2726} INFO - Sync 1 DAGs
[2023-06-09T01:32:45.660+0000] {logging_mixin.py:149} INFO - [2023-06-09T01:32:45.660+0000] {dag.py:3490} INFO - Setting next_dagrun for example_local_kubernetes_executor to None, run_after=None
[2023-06-09T01:32:45.675+0000] {processor.py:179} INFO - Processing /home/airflow/.local/lib/python3.7/site-packages/airflow/example_dags/example_local_kubernetes_executor.py took 0.624 seconds
[2023-06-09T01:33:16.215+0000] {processor.py:157} INFO - Started process (PID=918) to work on /home/airflow/.local/lib/python3.7/site-packages/airflow/example_dags/example_local_kubernetes_executor.py
[2023-06-09T01:33:16.218+0000] {processor.py:826} INFO - Processing file /home/airflow/.local/lib/python3.7/site-packages/airflow/example_dags/example_local_kubernetes_executor.py for tasks to queue
[2023-06-09T01:33:16.219+0000] {logging_mixin.py:149} INFO - [2023-06-09T01:33:16.219+0000] {dagbag.py:541} INFO - Filling up the DagBag from /home/airflow/.local/lib/python3.7/site-packages/airflow/example_dags/example_local_kubernetes_executor.py
[2023-06-09T01:33:16.359+0000] {processor.py:836} INFO - DAG(s) dict_keys(['example_local_kubernetes_executor']) retrieved from /home/airflow/.local/lib/python3.7/site-packages/airflow/example_dags/example_local_kubernetes_executor.py
[2023-06-09T01:33:16.383+0000] {logging_mixin.py:149} INFO - [2023-06-09T01:33:16.383+0000] {dag.py:2726} INFO - Sync 1 DAGs
[2023-06-09T01:33:16.398+0000] {logging_mixin.py:149} INFO - [2023-06-09T01:33:16.398+0000] {dag.py:3490} INFO - Setting next_dagrun for example_local_kubernetes_executor to None, run_after=None
[2023-06-09T01:33:16.408+0000] {processor.py:179} INFO - Processing /home/airflow/.local/lib/python3.7/site-packages/airflow/example_dags/example_local_kubernetes_executor.py took 0.200 seconds
[2023-06-09T01:33:46.495+0000] {processor.py:157} INFO - Started process (PID=976) to work on /home/airflow/.local/lib/python3.7/site-packages/airflow/example_dags/example_local_kubernetes_executor.py
[2023-06-09T01:33:46.496+0000] {processor.py:826} INFO - Processing file /home/airflow/.local/lib/python3.7/site-packages/airflow/example_dags/example_local_kubernetes_executor.py for tasks to queue
[2023-06-09T01:33:46.497+0000] {logging_mixin.py:149} INFO - [2023-06-09T01:33:46.497+0000] {dagbag.py:541} INFO - Filling up the DagBag from /home/airflow/.local/lib/python3.7/site-packages/airflow/example_dags/example_local_kubernetes_executor.py
[2023-06-09T01:33:46.608+0000] {processor.py:836} INFO - DAG(s) dict_keys(['example_local_kubernetes_executor']) retrieved from /home/airflow/.local/lib/python3.7/site-packages/airflow/example_dags/example_local_kubernetes_executor.py
[2023-06-09T01:33:46.634+0000] {logging_mixin.py:149} INFO - [2023-06-09T01:33:46.634+0000] {dag.py:2726} INFO - Sync 1 DAGs
[2023-06-09T01:33:46.650+0000] {logging_mixin.py:149} INFO - [2023-06-09T01:33:46.650+0000] {dag.py:3490} INFO - Setting next_dagrun for example_local_kubernetes_executor to None, run_after=None
[2023-06-09T01:33:46.662+0000] {processor.py:179} INFO - Processing /home/airflow/.local/lib/python3.7/site-packages/airflow/example_dags/example_local_kubernetes_executor.py took 0.170 seconds
[2023-06-09T01:34:16.724+0000] {processor.py:157} INFO - Started process (PID=1030) to work on /home/airflow/.local/lib/python3.7/site-packages/airflow/example_dags/example_local_kubernetes_executor.py
[2023-06-09T01:34:16.727+0000] {processor.py:826} INFO - Processing file /home/airflow/.local/lib/python3.7/site-packages/airflow/example_dags/example_local_kubernetes_executor.py for tasks to queue
[2023-06-09T01:34:16.730+0000] {logging_mixin.py:149} INFO - [2023-06-09T01:34:16.730+0000] {dagbag.py:541} INFO - Filling up the DagBag from /home/airflow/.local/lib/python3.7/site-packages/airflow/example_dags/example_local_kubernetes_executor.py
[2023-06-09T01:34:16.917+0000] {processor.py:836} INFO - DAG(s) dict_keys(['example_local_kubernetes_executor']) retrieved from /home/airflow/.local/lib/python3.7/site-packages/airflow/example_dags/example_local_kubernetes_executor.py
[2023-06-09T01:34:16.961+0000] {logging_mixin.py:149} INFO - [2023-06-09T01:34:16.961+0000] {dag.py:2726} INFO - Sync 1 DAGs
[2023-06-09T01:34:16.985+0000] {logging_mixin.py:149} INFO - [2023-06-09T01:34:16.985+0000] {dag.py:3490} INFO - Setting next_dagrun for example_local_kubernetes_executor to None, run_after=None
[2023-06-09T01:34:17.000+0000] {processor.py:179} INFO - Processing /home/airflow/.local/lib/python3.7/site-packages/airflow/example_dags/example_local_kubernetes_executor.py took 0.282 seconds
[2023-06-09T01:34:47.222+0000] {processor.py:157} INFO - Started process (PID=1086) to work on /home/airflow/.local/lib/python3.7/site-packages/airflow/example_dags/example_local_kubernetes_executor.py
[2023-06-09T01:34:47.224+0000] {processor.py:826} INFO - Processing file /home/airflow/.local/lib/python3.7/site-packages/airflow/example_dags/example_local_kubernetes_executor.py for tasks to queue
[2023-06-09T01:34:47.226+0000] {logging_mixin.py:149} INFO - [2023-06-09T01:34:47.226+0000] {dagbag.py:541} INFO - Filling up the DagBag from /home/airflow/.local/lib/python3.7/site-packages/airflow/example_dags/example_local_kubernetes_executor.py
[2023-06-09T01:34:47.369+0000] {processor.py:836} INFO - DAG(s) dict_keys(['example_local_kubernetes_executor']) retrieved from /home/airflow/.local/lib/python3.7/site-packages/airflow/example_dags/example_local_kubernetes_executor.py
[2023-06-09T01:34:47.401+0000] {logging_mixin.py:149} INFO - [2023-06-09T01:34:47.401+0000] {dag.py:2726} INFO - Sync 1 DAGs
[2023-06-09T01:34:47.417+0000] {logging_mixin.py:149} INFO - [2023-06-09T01:34:47.417+0000] {dag.py:3490} INFO - Setting next_dagrun for example_local_kubernetes_executor to None, run_after=None
[2023-06-09T01:34:47.429+0000] {processor.py:179} INFO - Processing /home/airflow/.local/lib/python3.7/site-packages/airflow/example_dags/example_local_kubernetes_executor.py took 0.213 seconds
[2023-06-09T01:35:17.848+0000] {processor.py:157} INFO - Started process (PID=1142) to work on /home/airflow/.local/lib/python3.7/site-packages/airflow/example_dags/example_local_kubernetes_executor.py
[2023-06-09T01:35:17.851+0000] {processor.py:826} INFO - Processing file /home/airflow/.local/lib/python3.7/site-packages/airflow/example_dags/example_local_kubernetes_executor.py for tasks to queue
[2023-06-09T01:35:17.853+0000] {logging_mixin.py:149} INFO - [2023-06-09T01:35:17.852+0000] {dagbag.py:541} INFO - Filling up the DagBag from /home/airflow/.local/lib/python3.7/site-packages/airflow/example_dags/example_local_kubernetes_executor.py
[2023-06-09T01:35:18.071+0000] {processor.py:836} INFO - DAG(s) dict_keys(['example_local_kubernetes_executor']) retrieved from /home/airflow/.local/lib/python3.7/site-packages/airflow/example_dags/example_local_kubernetes_executor.py
[2023-06-09T01:35:18.104+0000] {logging_mixin.py:149} INFO - [2023-06-09T01:35:18.104+0000] {dag.py:2726} INFO - Sync 1 DAGs
[2023-06-09T01:35:18.121+0000] {logging_mixin.py:149} INFO - [2023-06-09T01:35:18.121+0000] {dag.py:3490} INFO - Setting next_dagrun for example_local_kubernetes_executor to None, run_after=None
[2023-06-09T01:35:18.141+0000] {processor.py:179} INFO - Processing /home/airflow/.local/lib/python3.7/site-packages/airflow/example_dags/example_local_kubernetes_executor.py took 0.301 seconds
[2023-06-09T01:35:48.822+0000] {processor.py:157} INFO - Started process (PID=1198) to work on /home/airflow/.local/lib/python3.7/site-packages/airflow/example_dags/example_local_kubernetes_executor.py
[2023-06-09T01:35:48.826+0000] {processor.py:826} INFO - Processing file /home/airflow/.local/lib/python3.7/site-packages/airflow/example_dags/example_local_kubernetes_executor.py for tasks to queue
[2023-06-09T01:35:48.829+0000] {logging_mixin.py:149} INFO - [2023-06-09T01:35:48.828+0000] {dagbag.py:541} INFO - Filling up the DagBag from /home/airflow/.local/lib/python3.7/site-packages/airflow/example_dags/example_local_kubernetes_executor.py
[2023-06-09T01:35:49.025+0000] {processor.py:836} INFO - DAG(s) dict_keys(['example_local_kubernetes_executor']) retrieved from /home/airflow/.local/lib/python3.7/site-packages/airflow/example_dags/example_local_kubernetes_executor.py
[2023-06-09T01:35:49.054+0000] {logging_mixin.py:149} INFO - [2023-06-09T01:35:49.054+0000] {dag.py:2726} INFO - Sync 1 DAGs
[2023-06-09T01:35:49.072+0000] {logging_mixin.py:149} INFO - [2023-06-09T01:35:49.072+0000] {dag.py:3490} INFO - Setting next_dagrun for example_local_kubernetes_executor to None, run_after=None
[2023-06-09T01:35:49.086+0000] {processor.py:179} INFO - Processing /home/airflow/.local/lib/python3.7/site-packages/airflow/example_dags/example_local_kubernetes_executor.py took 0.268 seconds
[2023-06-09T01:36:19.134+0000] {processor.py:157} INFO - Started process (PID=1256) to work on /home/airflow/.local/lib/python3.7/site-packages/airflow/example_dags/example_local_kubernetes_executor.py
[2023-06-09T01:36:19.136+0000] {processor.py:826} INFO - Processing file /home/airflow/.local/lib/python3.7/site-packages/airflow/example_dags/example_local_kubernetes_executor.py for tasks to queue
[2023-06-09T01:36:19.137+0000] {logging_mixin.py:149} INFO - [2023-06-09T01:36:19.137+0000] {dagbag.py:541} INFO - Filling up the DagBag from /home/airflow/.local/lib/python3.7/site-packages/airflow/example_dags/example_local_kubernetes_executor.py
[2023-06-09T01:36:19.313+0000] {processor.py:836} INFO - DAG(s) dict_keys(['example_local_kubernetes_executor']) retrieved from /home/airflow/.local/lib/python3.7/site-packages/airflow/example_dags/example_local_kubernetes_executor.py
[2023-06-09T01:36:19.350+0000] {logging_mixin.py:149} INFO - [2023-06-09T01:36:19.350+0000] {dag.py:2726} INFO - Sync 1 DAGs
[2023-06-09T01:36:19.368+0000] {logging_mixin.py:149} INFO - [2023-06-09T01:36:19.368+0000] {dag.py:3490} INFO - Setting next_dagrun for example_local_kubernetes_executor to None, run_after=None
[2023-06-09T01:36:19.380+0000] {processor.py:179} INFO - Processing /home/airflow/.local/lib/python3.7/site-packages/airflow/example_dags/example_local_kubernetes_executor.py took 0.249 seconds
[2023-06-09T01:36:49.578+0000] {processor.py:157} INFO - Started process (PID=1310) to work on /home/airflow/.local/lib/python3.7/site-packages/airflow/example_dags/example_local_kubernetes_executor.py
[2023-06-09T01:36:49.579+0000] {processor.py:826} INFO - Processing file /home/airflow/.local/lib/python3.7/site-packages/airflow/example_dags/example_local_kubernetes_executor.py for tasks to queue
[2023-06-09T01:36:49.581+0000] {logging_mixin.py:149} INFO - [2023-06-09T01:36:49.581+0000] {dagbag.py:541} INFO - Filling up the DagBag from /home/airflow/.local/lib/python3.7/site-packages/airflow/example_dags/example_local_kubernetes_executor.py
[2023-06-09T01:36:49.804+0000] {processor.py:836} INFO - DAG(s) dict_keys(['example_local_kubernetes_executor']) retrieved from /home/airflow/.local/lib/python3.7/site-packages/airflow/example_dags/example_local_kubernetes_executor.py
[2023-06-09T01:36:49.832+0000] {logging_mixin.py:149} INFO - [2023-06-09T01:36:49.832+0000] {dag.py:2726} INFO - Sync 1 DAGs
[2023-06-09T01:36:49.853+0000] {logging_mixin.py:149} INFO - [2023-06-09T01:36:49.853+0000] {dag.py:3490} INFO - Setting next_dagrun for example_local_kubernetes_executor to None, run_after=None
[2023-06-09T01:36:49.866+0000] {processor.py:179} INFO - Processing /home/airflow/.local/lib/python3.7/site-packages/airflow/example_dags/example_local_kubernetes_executor.py took 0.292 seconds
[2023-06-09T01:37:20.333+0000] {processor.py:157} INFO - Started process (PID=1373) to work on /home/airflow/.local/lib/python3.7/site-packages/airflow/example_dags/example_local_kubernetes_executor.py
[2023-06-09T01:37:20.336+0000] {processor.py:826} INFO - Processing file /home/airflow/.local/lib/python3.7/site-packages/airflow/example_dags/example_local_kubernetes_executor.py for tasks to queue
[2023-06-09T01:37:20.338+0000] {logging_mixin.py:149} INFO - [2023-06-09T01:37:20.337+0000] {dagbag.py:541} INFO - Filling up the DagBag from /home/airflow/.local/lib/python3.7/site-packages/airflow/example_dags/example_local_kubernetes_executor.py
[2023-06-09T01:37:20.536+0000] {processor.py:836} INFO - DAG(s) dict_keys(['example_local_kubernetes_executor']) retrieved from /home/airflow/.local/lib/python3.7/site-packages/airflow/example_dags/example_local_kubernetes_executor.py
[2023-06-09T01:37:20.561+0000] {logging_mixin.py:149} INFO - [2023-06-09T01:37:20.561+0000] {dag.py:2726} INFO - Sync 1 DAGs
[2023-06-09T01:37:20.578+0000] {logging_mixin.py:149} INFO - [2023-06-09T01:37:20.578+0000] {dag.py:3490} INFO - Setting next_dagrun for example_local_kubernetes_executor to None, run_after=None
[2023-06-09T01:37:20.588+0000] {processor.py:179} INFO - Processing /home/airflow/.local/lib/python3.7/site-packages/airflow/example_dags/example_local_kubernetes_executor.py took 0.263 seconds
[2023-06-09T01:37:50.751+0000] {processor.py:157} INFO - Started process (PID=1428) to work on /home/airflow/.local/lib/python3.7/site-packages/airflow/example_dags/example_local_kubernetes_executor.py
[2023-06-09T01:37:50.756+0000] {processor.py:826} INFO - Processing file /home/airflow/.local/lib/python3.7/site-packages/airflow/example_dags/example_local_kubernetes_executor.py for tasks to queue
[2023-06-09T01:37:50.758+0000] {logging_mixin.py:149} INFO - [2023-06-09T01:37:50.758+0000] {dagbag.py:541} INFO - Filling up the DagBag from /home/airflow/.local/lib/python3.7/site-packages/airflow/example_dags/example_local_kubernetes_executor.py
[2023-06-09T01:37:50.996+0000] {processor.py:836} INFO - DAG(s) dict_keys(['example_local_kubernetes_executor']) retrieved from /home/airflow/.local/lib/python3.7/site-packages/airflow/example_dags/example_local_kubernetes_executor.py
[2023-06-09T01:37:51.024+0000] {logging_mixin.py:149} INFO - [2023-06-09T01:37:51.023+0000] {dag.py:2726} INFO - Sync 1 DAGs
[2023-06-09T01:37:51.041+0000] {logging_mixin.py:149} INFO - [2023-06-09T01:37:51.041+0000] {dag.py:3490} INFO - Setting next_dagrun for example_local_kubernetes_executor to None, run_after=None
[2023-06-09T01:37:51.055+0000] {processor.py:179} INFO - Processing /home/airflow/.local/lib/python3.7/site-packages/airflow/example_dags/example_local_kubernetes_executor.py took 0.311 seconds
[2023-06-09T01:38:21.376+0000] {processor.py:157} INFO - Started process (PID=1484) to work on /home/airflow/.local/lib/python3.7/site-packages/airflow/example_dags/example_local_kubernetes_executor.py
[2023-06-09T01:38:21.379+0000] {processor.py:826} INFO - Processing file /home/airflow/.local/lib/python3.7/site-packages/airflow/example_dags/example_local_kubernetes_executor.py for tasks to queue
[2023-06-09T01:38:21.381+0000] {logging_mixin.py:149} INFO - [2023-06-09T01:38:21.381+0000] {dagbag.py:541} INFO - Filling up the DagBag from /home/airflow/.local/lib/python3.7/site-packages/airflow/example_dags/example_local_kubernetes_executor.py
[2023-06-09T01:38:21.615+0000] {processor.py:836} INFO - DAG(s) dict_keys(['example_local_kubernetes_executor']) retrieved from /home/airflow/.local/lib/python3.7/site-packages/airflow/example_dags/example_local_kubernetes_executor.py
[2023-06-09T01:38:21.648+0000] {logging_mixin.py:149} INFO - [2023-06-09T01:38:21.647+0000] {dag.py:2726} INFO - Sync 1 DAGs
[2023-06-09T01:38:21.665+0000] {logging_mixin.py:149} INFO - [2023-06-09T01:38:21.665+0000] {dag.py:3490} INFO - Setting next_dagrun for example_local_kubernetes_executor to None, run_after=None
[2023-06-09T01:38:21.678+0000] {processor.py:179} INFO - Processing /home/airflow/.local/lib/python3.7/site-packages/airflow/example_dags/example_local_kubernetes_executor.py took 0.311 seconds
[2023-06-09T01:38:52.480+0000] {processor.py:157} INFO - Started process (PID=1540) to work on /home/airflow/.local/lib/python3.7/site-packages/airflow/example_dags/example_local_kubernetes_executor.py
[2023-06-09T01:38:52.483+0000] {processor.py:826} INFO - Processing file /home/airflow/.local/lib/python3.7/site-packages/airflow/example_dags/example_local_kubernetes_executor.py for tasks to queue
[2023-06-09T01:38:52.485+0000] {logging_mixin.py:149} INFO - [2023-06-09T01:38:52.484+0000] {dagbag.py:541} INFO - Filling up the DagBag from /home/airflow/.local/lib/python3.7/site-packages/airflow/example_dags/example_local_kubernetes_executor.py
[2023-06-09T01:38:52.693+0000] {processor.py:836} INFO - DAG(s) dict_keys(['example_local_kubernetes_executor']) retrieved from /home/airflow/.local/lib/python3.7/site-packages/airflow/example_dags/example_local_kubernetes_executor.py
[2023-06-09T01:38:52.722+0000] {logging_mixin.py:149} INFO - [2023-06-09T01:38:52.722+0000] {dag.py:2726} INFO - Sync 1 DAGs
[2023-06-09T01:38:52.740+0000] {logging_mixin.py:149} INFO - [2023-06-09T01:38:52.740+0000] {dag.py:3490} INFO - Setting next_dagrun for example_local_kubernetes_executor to None, run_after=None
[2023-06-09T01:38:52.751+0000] {processor.py:179} INFO - Processing /home/airflow/.local/lib/python3.7/site-packages/airflow/example_dags/example_local_kubernetes_executor.py took 0.280 seconds
[2023-06-09T01:39:22.842+0000] {processor.py:157} INFO - Started process (PID=1598) to work on /home/airflow/.local/lib/python3.7/site-packages/airflow/example_dags/example_local_kubernetes_executor.py
[2023-06-09T01:39:22.844+0000] {processor.py:826} INFO - Processing file /home/airflow/.local/lib/python3.7/site-packages/airflow/example_dags/example_local_kubernetes_executor.py for tasks to queue
[2023-06-09T01:39:22.845+0000] {logging_mixin.py:149} INFO - [2023-06-09T01:39:22.845+0000] {dagbag.py:541} INFO - Filling up the DagBag from /home/airflow/.local/lib/python3.7/site-packages/airflow/example_dags/example_local_kubernetes_executor.py
[2023-06-09T01:39:23.053+0000] {processor.py:836} INFO - DAG(s) dict_keys(['example_local_kubernetes_executor']) retrieved from /home/airflow/.local/lib/python3.7/site-packages/airflow/example_dags/example_local_kubernetes_executor.py
[2023-06-09T01:39:23.080+0000] {logging_mixin.py:149} INFO - [2023-06-09T01:39:23.080+0000] {dag.py:2726} INFO - Sync 1 DAGs
[2023-06-09T01:39:23.096+0000] {logging_mixin.py:149} INFO - [2023-06-09T01:39:23.096+0000] {dag.py:3490} INFO - Setting next_dagrun for example_local_kubernetes_executor to None, run_after=None
[2023-06-09T01:39:23.108+0000] {processor.py:179} INFO - Processing /home/airflow/.local/lib/python3.7/site-packages/airflow/example_dags/example_local_kubernetes_executor.py took 0.269 seconds
[2023-06-09T01:39:53.144+0000] {processor.py:157} INFO - Started process (PID=1656) to work on /home/airflow/.local/lib/python3.7/site-packages/airflow/example_dags/example_local_kubernetes_executor.py
[2023-06-09T01:39:53.146+0000] {processor.py:826} INFO - Processing file /home/airflow/.local/lib/python3.7/site-packages/airflow/example_dags/example_local_kubernetes_executor.py for tasks to queue
[2023-06-09T01:39:53.147+0000] {logging_mixin.py:149} INFO - [2023-06-09T01:39:53.146+0000] {dagbag.py:541} INFO - Filling up the DagBag from /home/airflow/.local/lib/python3.7/site-packages/airflow/example_dags/example_local_kubernetes_executor.py
[2023-06-09T01:39:53.286+0000] {processor.py:836} INFO - DAG(s) dict_keys(['example_local_kubernetes_executor']) retrieved from /home/airflow/.local/lib/python3.7/site-packages/airflow/example_dags/example_local_kubernetes_executor.py
[2023-06-09T01:39:53.315+0000] {logging_mixin.py:149} INFO - [2023-06-09T01:39:53.314+0000] {dag.py:2726} INFO - Sync 1 DAGs
[2023-06-09T01:39:53.336+0000] {logging_mixin.py:149} INFO - [2023-06-09T01:39:53.336+0000] {dag.py:3490} INFO - Setting next_dagrun for example_local_kubernetes_executor to None, run_after=None
[2023-06-09T01:39:53.353+0000] {processor.py:179} INFO - Processing /home/airflow/.local/lib/python3.7/site-packages/airflow/example_dags/example_local_kubernetes_executor.py took 0.212 seconds
[2023-06-09T01:40:23.432+0000] {processor.py:157} INFO - Started process (PID=1712) to work on /home/airflow/.local/lib/python3.7/site-packages/airflow/example_dags/example_local_kubernetes_executor.py
[2023-06-09T01:40:23.434+0000] {processor.py:826} INFO - Processing file /home/airflow/.local/lib/python3.7/site-packages/airflow/example_dags/example_local_kubernetes_executor.py for tasks to queue
[2023-06-09T01:40:23.435+0000] {logging_mixin.py:149} INFO - [2023-06-09T01:40:23.435+0000] {dagbag.py:541} INFO - Filling up the DagBag from /home/airflow/.local/lib/python3.7/site-packages/airflow/example_dags/example_local_kubernetes_executor.py
[2023-06-09T01:40:23.576+0000] {processor.py:836} INFO - DAG(s) dict_keys(['example_local_kubernetes_executor']) retrieved from /home/airflow/.local/lib/python3.7/site-packages/airflow/example_dags/example_local_kubernetes_executor.py
[2023-06-09T01:40:23.602+0000] {logging_mixin.py:149} INFO - [2023-06-09T01:40:23.602+0000] {dag.py:2726} INFO - Sync 1 DAGs
[2023-06-09T01:40:23.618+0000] {logging_mixin.py:149} INFO - [2023-06-09T01:40:23.618+0000] {dag.py:3490} INFO - Setting next_dagrun for example_local_kubernetes_executor to None, run_after=None
[2023-06-09T01:40:23.629+0000] {processor.py:179} INFO - Processing /home/airflow/.local/lib/python3.7/site-packages/airflow/example_dags/example_local_kubernetes_executor.py took 0.200 seconds
[2023-06-09T01:40:54.087+0000] {processor.py:157} INFO - Started process (PID=1766) to work on /home/airflow/.local/lib/python3.7/site-packages/airflow/example_dags/example_local_kubernetes_executor.py
[2023-06-09T01:40:54.089+0000] {processor.py:826} INFO - Processing file /home/airflow/.local/lib/python3.7/site-packages/airflow/example_dags/example_local_kubernetes_executor.py for tasks to queue
[2023-06-09T01:40:54.090+0000] {logging_mixin.py:149} INFO - [2023-06-09T01:40:54.090+0000] {dagbag.py:541} INFO - Filling up the DagBag from /home/airflow/.local/lib/python3.7/site-packages/airflow/example_dags/example_local_kubernetes_executor.py
[2023-06-09T01:40:54.310+0000] {processor.py:836} INFO - DAG(s) dict_keys(['example_local_kubernetes_executor']) retrieved from /home/airflow/.local/lib/python3.7/site-packages/airflow/example_dags/example_local_kubernetes_executor.py
[2023-06-09T01:40:54.347+0000] {logging_mixin.py:149} INFO - [2023-06-09T01:40:54.347+0000] {dag.py:2726} INFO - Sync 1 DAGs
[2023-06-09T01:40:54.371+0000] {logging_mixin.py:149} INFO - [2023-06-09T01:40:54.371+0000] {dag.py:3490} INFO - Setting next_dagrun for example_local_kubernetes_executor to None, run_after=None
[2023-06-09T01:40:54.389+0000] {processor.py:179} INFO - Processing /home/airflow/.local/lib/python3.7/site-packages/airflow/example_dags/example_local_kubernetes_executor.py took 0.306 seconds
[2023-06-09T01:41:25.103+0000] {processor.py:157} INFO - Started process (PID=1823) to work on /home/airflow/.local/lib/python3.7/site-packages/airflow/example_dags/example_local_kubernetes_executor.py
[2023-06-09T01:41:25.104+0000] {processor.py:826} INFO - Processing file /home/airflow/.local/lib/python3.7/site-packages/airflow/example_dags/example_local_kubernetes_executor.py for tasks to queue
[2023-06-09T01:41:25.105+0000] {logging_mixin.py:149} INFO - [2023-06-09T01:41:25.105+0000] {dagbag.py:541} INFO - Filling up the DagBag from /home/airflow/.local/lib/python3.7/site-packages/airflow/example_dags/example_local_kubernetes_executor.py
[2023-06-09T01:41:25.258+0000] {processor.py:836} INFO - DAG(s) dict_keys(['example_local_kubernetes_executor']) retrieved from /home/airflow/.local/lib/python3.7/site-packages/airflow/example_dags/example_local_kubernetes_executor.py
[2023-06-09T01:41:25.293+0000] {logging_mixin.py:149} INFO - [2023-06-09T01:41:25.293+0000] {dag.py:2726} INFO - Sync 1 DAGs
[2023-06-09T01:41:25.317+0000] {logging_mixin.py:149} INFO - [2023-06-09T01:41:25.317+0000] {dag.py:3490} INFO - Setting next_dagrun for example_local_kubernetes_executor to None, run_after=None
[2023-06-09T01:41:25.336+0000] {processor.py:179} INFO - Processing /home/airflow/.local/lib/python3.7/site-packages/airflow/example_dags/example_local_kubernetes_executor.py took 0.237 seconds
[2023-06-09T01:41:55.722+0000] {processor.py:157} INFO - Started process (PID=1879) to work on /home/airflow/.local/lib/python3.7/site-packages/airflow/example_dags/example_local_kubernetes_executor.py
[2023-06-09T01:41:55.725+0000] {processor.py:826} INFO - Processing file /home/airflow/.local/lib/python3.7/site-packages/airflow/example_dags/example_local_kubernetes_executor.py for tasks to queue
[2023-06-09T01:41:55.727+0000] {logging_mixin.py:149} INFO - [2023-06-09T01:41:55.727+0000] {dagbag.py:541} INFO - Filling up the DagBag from /home/airflow/.local/lib/python3.7/site-packages/airflow/example_dags/example_local_kubernetes_executor.py
[2023-06-09T01:41:55.874+0000] {processor.py:836} INFO - DAG(s) dict_keys(['example_local_kubernetes_executor']) retrieved from /home/airflow/.local/lib/python3.7/site-packages/airflow/example_dags/example_local_kubernetes_executor.py
[2023-06-09T01:41:55.901+0000] {logging_mixin.py:149} INFO - [2023-06-09T01:41:55.901+0000] {dag.py:2726} INFO - Sync 1 DAGs
[2023-06-09T01:41:55.920+0000] {logging_mixin.py:149} INFO - [2023-06-09T01:41:55.920+0000] {dag.py:3490} INFO - Setting next_dagrun for example_local_kubernetes_executor to None, run_after=None
[2023-06-09T01:41:55.933+0000] {processor.py:179} INFO - Processing /home/airflow/.local/lib/python3.7/site-packages/airflow/example_dags/example_local_kubernetes_executor.py took 0.217 seconds
[2023-06-09T01:42:26.255+0000] {processor.py:157} INFO - Started process (PID=1934) to work on /home/airflow/.local/lib/python3.7/site-packages/airflow/example_dags/example_local_kubernetes_executor.py
[2023-06-09T01:42:26.257+0000] {processor.py:826} INFO - Processing file /home/airflow/.local/lib/python3.7/site-packages/airflow/example_dags/example_local_kubernetes_executor.py for tasks to queue
[2023-06-09T01:42:26.259+0000] {logging_mixin.py:149} INFO - [2023-06-09T01:42:26.258+0000] {dagbag.py:541} INFO - Filling up the DagBag from /home/airflow/.local/lib/python3.7/site-packages/airflow/example_dags/example_local_kubernetes_executor.py
[2023-06-09T01:42:26.405+0000] {processor.py:836} INFO - DAG(s) dict_keys(['example_local_kubernetes_executor']) retrieved from /home/airflow/.local/lib/python3.7/site-packages/airflow/example_dags/example_local_kubernetes_executor.py
[2023-06-09T01:42:26.431+0000] {logging_mixin.py:149} INFO - [2023-06-09T01:42:26.430+0000] {dag.py:2726} INFO - Sync 1 DAGs
[2023-06-09T01:42:26.452+0000] {logging_mixin.py:149} INFO - [2023-06-09T01:42:26.451+0000] {dag.py:3490} INFO - Setting next_dagrun for example_local_kubernetes_executor to None, run_after=None
[2023-06-09T01:42:26.464+0000] {processor.py:179} INFO - Processing /home/airflow/.local/lib/python3.7/site-packages/airflow/example_dags/example_local_kubernetes_executor.py took 0.213 seconds
[2023-06-09T01:42:56.992+0000] {processor.py:157} INFO - Started process (PID=1990) to work on /home/airflow/.local/lib/python3.7/site-packages/airflow/example_dags/example_local_kubernetes_executor.py
[2023-06-09T01:42:56.994+0000] {processor.py:826} INFO - Processing file /home/airflow/.local/lib/python3.7/site-packages/airflow/example_dags/example_local_kubernetes_executor.py for tasks to queue
[2023-06-09T01:42:56.995+0000] {logging_mixin.py:149} INFO - [2023-06-09T01:42:56.995+0000] {dagbag.py:541} INFO - Filling up the DagBag from /home/airflow/.local/lib/python3.7/site-packages/airflow/example_dags/example_local_kubernetes_executor.py
[2023-06-09T01:42:57.271+0000] {processor.py:836} INFO - DAG(s) dict_keys(['example_local_kubernetes_executor']) retrieved from /home/airflow/.local/lib/python3.7/site-packages/airflow/example_dags/example_local_kubernetes_executor.py
[2023-06-09T01:42:57.306+0000] {logging_mixin.py:149} INFO - [2023-06-09T01:42:57.306+0000] {dag.py:2726} INFO - Sync 1 DAGs
[2023-06-09T01:42:57.329+0000] {logging_mixin.py:149} INFO - [2023-06-09T01:42:57.329+0000] {dag.py:3490} INFO - Setting next_dagrun for example_local_kubernetes_executor to None, run_after=None
[2023-06-09T01:42:57.342+0000] {processor.py:179} INFO - Processing /home/airflow/.local/lib/python3.7/site-packages/airflow/example_dags/example_local_kubernetes_executor.py took 0.355 seconds
[2023-06-09T01:43:27.555+0000] {processor.py:157} INFO - Started process (PID=2047) to work on /home/airflow/.local/lib/python3.7/site-packages/airflow/example_dags/example_local_kubernetes_executor.py
[2023-06-09T01:43:27.558+0000] {processor.py:826} INFO - Processing file /home/airflow/.local/lib/python3.7/site-packages/airflow/example_dags/example_local_kubernetes_executor.py for tasks to queue
[2023-06-09T01:43:27.559+0000] {logging_mixin.py:149} INFO - [2023-06-09T01:43:27.559+0000] {dagbag.py:541} INFO - Filling up the DagBag from /home/airflow/.local/lib/python3.7/site-packages/airflow/example_dags/example_local_kubernetes_executor.py
[2023-06-09T01:43:27.742+0000] {processor.py:836} INFO - DAG(s) dict_keys(['example_local_kubernetes_executor']) retrieved from /home/airflow/.local/lib/python3.7/site-packages/airflow/example_dags/example_local_kubernetes_executor.py
[2023-06-09T01:43:27.774+0000] {logging_mixin.py:149} INFO - [2023-06-09T01:43:27.773+0000] {dag.py:2726} INFO - Sync 1 DAGs
[2023-06-09T01:43:27.791+0000] {logging_mixin.py:149} INFO - [2023-06-09T01:43:27.791+0000] {dag.py:3490} INFO - Setting next_dagrun for example_local_kubernetes_executor to None, run_after=None
[2023-06-09T01:43:27.804+0000] {processor.py:179} INFO - Processing /home/airflow/.local/lib/python3.7/site-packages/airflow/example_dags/example_local_kubernetes_executor.py took 0.252 seconds
[2023-06-09T01:43:58.811+0000] {processor.py:157} INFO - Started process (PID=2104) to work on /home/airflow/.local/lib/python3.7/site-packages/airflow/example_dags/example_local_kubernetes_executor.py
[2023-06-09T01:43:58.814+0000] {processor.py:826} INFO - Processing file /home/airflow/.local/lib/python3.7/site-packages/airflow/example_dags/example_local_kubernetes_executor.py for tasks to queue
[2023-06-09T01:43:58.815+0000] {logging_mixin.py:149} INFO - [2023-06-09T01:43:58.815+0000] {dagbag.py:541} INFO - Filling up the DagBag from /home/airflow/.local/lib/python3.7/site-packages/airflow/example_dags/example_local_kubernetes_executor.py
[2023-06-09T01:43:58.953+0000] {processor.py:836} INFO - DAG(s) dict_keys(['example_local_kubernetes_executor']) retrieved from /home/airflow/.local/lib/python3.7/site-packages/airflow/example_dags/example_local_kubernetes_executor.py
[2023-06-09T01:43:58.978+0000] {logging_mixin.py:149} INFO - [2023-06-09T01:43:58.978+0000] {dag.py:2726} INFO - Sync 1 DAGs
[2023-06-09T01:43:58.996+0000] {logging_mixin.py:149} INFO - [2023-06-09T01:43:58.995+0000] {dag.py:3490} INFO - Setting next_dagrun for example_local_kubernetes_executor to None, run_after=None
[2023-06-09T01:43:59.012+0000] {processor.py:179} INFO - Processing /home/airflow/.local/lib/python3.7/site-packages/airflow/example_dags/example_local_kubernetes_executor.py took 0.206 seconds
[2023-06-09T01:44:29.232+0000] {processor.py:157} INFO - Started process (PID=2161) to work on /home/airflow/.local/lib/python3.7/site-packages/airflow/example_dags/example_local_kubernetes_executor.py
[2023-06-09T01:44:29.236+0000] {processor.py:826} INFO - Processing file /home/airflow/.local/lib/python3.7/site-packages/airflow/example_dags/example_local_kubernetes_executor.py for tasks to queue
[2023-06-09T01:44:29.239+0000] {logging_mixin.py:149} INFO - [2023-06-09T01:44:29.239+0000] {dagbag.py:541} INFO - Filling up the DagBag from /home/airflow/.local/lib/python3.7/site-packages/airflow/example_dags/example_local_kubernetes_executor.py
[2023-06-09T01:44:29.425+0000] {processor.py:836} INFO - DAG(s) dict_keys(['example_local_kubernetes_executor']) retrieved from /home/airflow/.local/lib/python3.7/site-packages/airflow/example_dags/example_local_kubernetes_executor.py
[2023-06-09T01:44:29.456+0000] {logging_mixin.py:149} INFO - [2023-06-09T01:44:29.456+0000] {dag.py:2726} INFO - Sync 1 DAGs
[2023-06-09T01:44:29.472+0000] {logging_mixin.py:149} INFO - [2023-06-09T01:44:29.472+0000] {dag.py:3490} INFO - Setting next_dagrun for example_local_kubernetes_executor to None, run_after=None
[2023-06-09T01:44:29.483+0000] {processor.py:179} INFO - Processing /home/airflow/.local/lib/python3.7/site-packages/airflow/example_dags/example_local_kubernetes_executor.py took 0.257 seconds
[2023-06-09T01:45:00.566+0000] {processor.py:157} INFO - Started process (PID=2219) to work on /home/airflow/.local/lib/python3.7/site-packages/airflow/example_dags/example_local_kubernetes_executor.py
[2023-06-09T01:45:00.567+0000] {processor.py:826} INFO - Processing file /home/airflow/.local/lib/python3.7/site-packages/airflow/example_dags/example_local_kubernetes_executor.py for tasks to queue
[2023-06-09T01:45:00.568+0000] {logging_mixin.py:149} INFO - [2023-06-09T01:45:00.568+0000] {dagbag.py:541} INFO - Filling up the DagBag from /home/airflow/.local/lib/python3.7/site-packages/airflow/example_dags/example_local_kubernetes_executor.py
[2023-06-09T01:45:00.728+0000] {processor.py:836} INFO - DAG(s) dict_keys(['example_local_kubernetes_executor']) retrieved from /home/airflow/.local/lib/python3.7/site-packages/airflow/example_dags/example_local_kubernetes_executor.py
[2023-06-09T01:45:00.755+0000] {logging_mixin.py:149} INFO - [2023-06-09T01:45:00.755+0000] {dag.py:2726} INFO - Sync 1 DAGs
[2023-06-09T01:45:00.773+0000] {logging_mixin.py:149} INFO - [2023-06-09T01:45:00.773+0000] {dag.py:3490} INFO - Setting next_dagrun for example_local_kubernetes_executor to None, run_after=None
[2023-06-09T01:45:00.785+0000] {processor.py:179} INFO - Processing /home/airflow/.local/lib/python3.7/site-packages/airflow/example_dags/example_local_kubernetes_executor.py took 0.222 seconds
[2023-06-09T01:45:31.807+0000] {processor.py:157} INFO - Started process (PID=2277) to work on /home/airflow/.local/lib/python3.7/site-packages/airflow/example_dags/example_local_kubernetes_executor.py
[2023-06-09T01:45:31.809+0000] {processor.py:826} INFO - Processing file /home/airflow/.local/lib/python3.7/site-packages/airflow/example_dags/example_local_kubernetes_executor.py for tasks to queue
[2023-06-09T01:45:31.810+0000] {logging_mixin.py:149} INFO - [2023-06-09T01:45:31.810+0000] {dagbag.py:541} INFO - Filling up the DagBag from /home/airflow/.local/lib/python3.7/site-packages/airflow/example_dags/example_local_kubernetes_executor.py
[2023-06-09T01:45:31.942+0000] {processor.py:836} INFO - DAG(s) dict_keys(['example_local_kubernetes_executor']) retrieved from /home/airflow/.local/lib/python3.7/site-packages/airflow/example_dags/example_local_kubernetes_executor.py
[2023-06-09T01:45:31.968+0000] {logging_mixin.py:149} INFO - [2023-06-09T01:45:31.968+0000] {dag.py:2726} INFO - Sync 1 DAGs
[2023-06-09T01:45:31.988+0000] {logging_mixin.py:149} INFO - [2023-06-09T01:45:31.988+0000] {dag.py:3490} INFO - Setting next_dagrun for example_local_kubernetes_executor to None, run_after=None
[2023-06-09T01:45:32.000+0000] {processor.py:179} INFO - Processing /home/airflow/.local/lib/python3.7/site-packages/airflow/example_dags/example_local_kubernetes_executor.py took 0.198 seconds
[2023-06-09T01:46:02.514+0000] {processor.py:157} INFO - Started process (PID=2333) to work on /home/airflow/.local/lib/python3.7/site-packages/airflow/example_dags/example_local_kubernetes_executor.py
[2023-06-09T01:46:02.516+0000] {processor.py:826} INFO - Processing file /home/airflow/.local/lib/python3.7/site-packages/airflow/example_dags/example_local_kubernetes_executor.py for tasks to queue
[2023-06-09T01:46:02.517+0000] {logging_mixin.py:149} INFO - [2023-06-09T01:46:02.517+0000] {dagbag.py:541} INFO - Filling up the DagBag from /home/airflow/.local/lib/python3.7/site-packages/airflow/example_dags/example_local_kubernetes_executor.py
[2023-06-09T01:46:02.656+0000] {processor.py:836} INFO - DAG(s) dict_keys(['example_local_kubernetes_executor']) retrieved from /home/airflow/.local/lib/python3.7/site-packages/airflow/example_dags/example_local_kubernetes_executor.py
[2023-06-09T01:46:02.689+0000] {logging_mixin.py:149} INFO - [2023-06-09T01:46:02.689+0000] {dag.py:2726} INFO - Sync 1 DAGs
[2023-06-09T01:46:02.706+0000] {logging_mixin.py:149} INFO - [2023-06-09T01:46:02.706+0000] {dag.py:3490} INFO - Setting next_dagrun for example_local_kubernetes_executor to None, run_after=None
[2023-06-09T01:46:02.718+0000] {processor.py:179} INFO - Processing /home/airflow/.local/lib/python3.7/site-packages/airflow/example_dags/example_local_kubernetes_executor.py took 0.211 seconds
[2023-06-09T01:46:32.933+0000] {processor.py:157} INFO - Started process (PID=2390) to work on /home/airflow/.local/lib/python3.7/site-packages/airflow/example_dags/example_local_kubernetes_executor.py
[2023-06-09T01:46:32.934+0000] {processor.py:826} INFO - Processing file /home/airflow/.local/lib/python3.7/site-packages/airflow/example_dags/example_local_kubernetes_executor.py for tasks to queue
[2023-06-09T01:46:32.936+0000] {logging_mixin.py:149} INFO - [2023-06-09T01:46:32.935+0000] {dagbag.py:541} INFO - Filling up the DagBag from /home/airflow/.local/lib/python3.7/site-packages/airflow/example_dags/example_local_kubernetes_executor.py
[2023-06-09T01:46:33.070+0000] {processor.py:836} INFO - DAG(s) dict_keys(['example_local_kubernetes_executor']) retrieved from /home/airflow/.local/lib/python3.7/site-packages/airflow/example_dags/example_local_kubernetes_executor.py
[2023-06-09T01:46:33.095+0000] {logging_mixin.py:149} INFO - [2023-06-09T01:46:33.094+0000] {dag.py:2726} INFO - Sync 1 DAGs
[2023-06-09T01:46:33.114+0000] {logging_mixin.py:149} INFO - [2023-06-09T01:46:33.114+0000] {dag.py:3490} INFO - Setting next_dagrun for example_local_kubernetes_executor to None, run_after=None
[2023-06-09T01:46:33.126+0000] {processor.py:179} INFO - Processing /home/airflow/.local/lib/python3.7/site-packages/airflow/example_dags/example_local_kubernetes_executor.py took 0.197 seconds
[2023-06-09T01:47:03.608+0000] {processor.py:157} INFO - Started process (PID=2445) to work on /home/airflow/.local/lib/python3.7/site-packages/airflow/example_dags/example_local_kubernetes_executor.py
[2023-06-09T01:47:03.610+0000] {processor.py:826} INFO - Processing file /home/airflow/.local/lib/python3.7/site-packages/airflow/example_dags/example_local_kubernetes_executor.py for tasks to queue
[2023-06-09T01:47:03.611+0000] {logging_mixin.py:149} INFO - [2023-06-09T01:47:03.611+0000] {dagbag.py:541} INFO - Filling up the DagBag from /home/airflow/.local/lib/python3.7/site-packages/airflow/example_dags/example_local_kubernetes_executor.py
[2023-06-09T01:47:03.797+0000] {processor.py:836} INFO - DAG(s) dict_keys(['example_local_kubernetes_executor']) retrieved from /home/airflow/.local/lib/python3.7/site-packages/airflow/example_dags/example_local_kubernetes_executor.py
[2023-06-09T01:47:03.826+0000] {logging_mixin.py:149} INFO - [2023-06-09T01:47:03.825+0000] {dag.py:2726} INFO - Sync 1 DAGs
[2023-06-09T01:47:03.844+0000] {logging_mixin.py:149} INFO - [2023-06-09T01:47:03.844+0000] {dag.py:3490} INFO - Setting next_dagrun for example_local_kubernetes_executor to None, run_after=None
[2023-06-09T01:47:03.859+0000] {processor.py:179} INFO - Processing /home/airflow/.local/lib/python3.7/site-packages/airflow/example_dags/example_local_kubernetes_executor.py took 0.256 seconds
[2023-06-09T01:47:34.232+0000] {processor.py:157} INFO - Started process (PID=2501) to work on /home/airflow/.local/lib/python3.7/site-packages/airflow/example_dags/example_local_kubernetes_executor.py
[2023-06-09T01:47:34.234+0000] {processor.py:826} INFO - Processing file /home/airflow/.local/lib/python3.7/site-packages/airflow/example_dags/example_local_kubernetes_executor.py for tasks to queue
[2023-06-09T01:47:34.236+0000] {logging_mixin.py:149} INFO - [2023-06-09T01:47:34.235+0000] {dagbag.py:541} INFO - Filling up the DagBag from /home/airflow/.local/lib/python3.7/site-packages/airflow/example_dags/example_local_kubernetes_executor.py
[2023-06-09T01:47:34.427+0000] {processor.py:836} INFO - DAG(s) dict_keys(['example_local_kubernetes_executor']) retrieved from /home/airflow/.local/lib/python3.7/site-packages/airflow/example_dags/example_local_kubernetes_executor.py
[2023-06-09T01:47:34.465+0000] {logging_mixin.py:149} INFO - [2023-06-09T01:47:34.465+0000] {dag.py:2726} INFO - Sync 1 DAGs
[2023-06-09T01:47:34.499+0000] {logging_mixin.py:149} INFO - [2023-06-09T01:47:34.499+0000] {dag.py:3490} INFO - Setting next_dagrun for example_local_kubernetes_executor to None, run_after=None
[2023-06-09T01:47:34.511+0000] {processor.py:179} INFO - Processing /home/airflow/.local/lib/python3.7/site-packages/airflow/example_dags/example_local_kubernetes_executor.py took 0.284 seconds
[2023-06-09T01:48:05.005+0000] {processor.py:157} INFO - Started process (PID=2558) to work on /home/airflow/.local/lib/python3.7/site-packages/airflow/example_dags/example_local_kubernetes_executor.py
[2023-06-09T01:48:05.007+0000] {processor.py:826} INFO - Processing file /home/airflow/.local/lib/python3.7/site-packages/airflow/example_dags/example_local_kubernetes_executor.py for tasks to queue
[2023-06-09T01:48:05.008+0000] {logging_mixin.py:149} INFO - [2023-06-09T01:48:05.008+0000] {dagbag.py:541} INFO - Filling up the DagBag from /home/airflow/.local/lib/python3.7/site-packages/airflow/example_dags/example_local_kubernetes_executor.py
[2023-06-09T01:48:05.231+0000] {processor.py:836} INFO - DAG(s) dict_keys(['example_local_kubernetes_executor']) retrieved from /home/airflow/.local/lib/python3.7/site-packages/airflow/example_dags/example_local_kubernetes_executor.py
[2023-06-09T01:48:05.283+0000] {logging_mixin.py:149} INFO - [2023-06-09T01:48:05.283+0000] {dag.py:2726} INFO - Sync 1 DAGs
[2023-06-09T01:48:05.309+0000] {logging_mixin.py:149} INFO - [2023-06-09T01:48:05.308+0000] {dag.py:3490} INFO - Setting next_dagrun for example_local_kubernetes_executor to None, run_after=None
[2023-06-09T01:48:05.320+0000] {processor.py:179} INFO - Processing /home/airflow/.local/lib/python3.7/site-packages/airflow/example_dags/example_local_kubernetes_executor.py took 0.321 seconds
[2023-06-09T01:48:35.367+0000] {processor.py:157} INFO - Started process (PID=2614) to work on /home/airflow/.local/lib/python3.7/site-packages/airflow/example_dags/example_local_kubernetes_executor.py
[2023-06-09T01:48:35.369+0000] {processor.py:826} INFO - Processing file /home/airflow/.local/lib/python3.7/site-packages/airflow/example_dags/example_local_kubernetes_executor.py for tasks to queue
[2023-06-09T01:48:35.370+0000] {logging_mixin.py:149} INFO - [2023-06-09T01:48:35.370+0000] {dagbag.py:541} INFO - Filling up the DagBag from /home/airflow/.local/lib/python3.7/site-packages/airflow/example_dags/example_local_kubernetes_executor.py
[2023-06-09T01:48:35.603+0000] {processor.py:836} INFO - DAG(s) dict_keys(['example_local_kubernetes_executor']) retrieved from /home/airflow/.local/lib/python3.7/site-packages/airflow/example_dags/example_local_kubernetes_executor.py
[2023-06-09T01:48:35.640+0000] {logging_mixin.py:149} INFO - [2023-06-09T01:48:35.640+0000] {dag.py:2726} INFO - Sync 1 DAGs
[2023-06-09T01:48:35.660+0000] {logging_mixin.py:149} INFO - [2023-06-09T01:48:35.660+0000] {dag.py:3490} INFO - Setting next_dagrun for example_local_kubernetes_executor to None, run_after=None
[2023-06-09T01:48:35.674+0000] {processor.py:179} INFO - Processing /home/airflow/.local/lib/python3.7/site-packages/airflow/example_dags/example_local_kubernetes_executor.py took 0.310 seconds
[2023-06-09T01:49:06.554+0000] {processor.py:157} INFO - Started process (PID=2670) to work on /home/airflow/.local/lib/python3.7/site-packages/airflow/example_dags/example_local_kubernetes_executor.py
[2023-06-09T01:49:06.557+0000] {processor.py:826} INFO - Processing file /home/airflow/.local/lib/python3.7/site-packages/airflow/example_dags/example_local_kubernetes_executor.py for tasks to queue
[2023-06-09T01:49:06.558+0000] {logging_mixin.py:149} INFO - [2023-06-09T01:49:06.558+0000] {dagbag.py:541} INFO - Filling up the DagBag from /home/airflow/.local/lib/python3.7/site-packages/airflow/example_dags/example_local_kubernetes_executor.py
[2023-06-09T01:49:06.750+0000] {processor.py:836} INFO - DAG(s) dict_keys(['example_local_kubernetes_executor']) retrieved from /home/airflow/.local/lib/python3.7/site-packages/airflow/example_dags/example_local_kubernetes_executor.py
[2023-06-09T01:49:06.781+0000] {logging_mixin.py:149} INFO - [2023-06-09T01:49:06.780+0000] {dag.py:2726} INFO - Sync 1 DAGs
[2023-06-09T01:49:06.799+0000] {logging_mixin.py:149} INFO - [2023-06-09T01:49:06.799+0000] {dag.py:3490} INFO - Setting next_dagrun for example_local_kubernetes_executor to None, run_after=None
[2023-06-09T01:49:06.812+0000] {processor.py:179} INFO - Processing /home/airflow/.local/lib/python3.7/site-packages/airflow/example_dags/example_local_kubernetes_executor.py took 0.266 seconds
[2023-06-09T01:49:36.875+0000] {processor.py:157} INFO - Started process (PID=2725) to work on /home/airflow/.local/lib/python3.7/site-packages/airflow/example_dags/example_local_kubernetes_executor.py
[2023-06-09T01:49:36.877+0000] {processor.py:826} INFO - Processing file /home/airflow/.local/lib/python3.7/site-packages/airflow/example_dags/example_local_kubernetes_executor.py for tasks to queue
[2023-06-09T01:49:36.878+0000] {logging_mixin.py:149} INFO - [2023-06-09T01:49:36.878+0000] {dagbag.py:541} INFO - Filling up the DagBag from /home/airflow/.local/lib/python3.7/site-packages/airflow/example_dags/example_local_kubernetes_executor.py
[2023-06-09T01:49:37.008+0000] {processor.py:836} INFO - DAG(s) dict_keys(['example_local_kubernetes_executor']) retrieved from /home/airflow/.local/lib/python3.7/site-packages/airflow/example_dags/example_local_kubernetes_executor.py
[2023-06-09T01:49:37.036+0000] {logging_mixin.py:149} INFO - [2023-06-09T01:49:37.036+0000] {dag.py:2726} INFO - Sync 1 DAGs
[2023-06-09T01:49:37.053+0000] {logging_mixin.py:149} INFO - [2023-06-09T01:49:37.053+0000] {dag.py:3490} INFO - Setting next_dagrun for example_local_kubernetes_executor to None, run_after=None
[2023-06-09T01:49:37.065+0000] {processor.py:179} INFO - Processing /home/airflow/.local/lib/python3.7/site-packages/airflow/example_dags/example_local_kubernetes_executor.py took 0.196 seconds
[2023-06-09T01:50:07.431+0000] {processor.py:157} INFO - Started process (PID=2781) to work on /home/airflow/.local/lib/python3.7/site-packages/airflow/example_dags/example_local_kubernetes_executor.py
[2023-06-09T01:50:07.434+0000] {processor.py:826} INFO - Processing file /home/airflow/.local/lib/python3.7/site-packages/airflow/example_dags/example_local_kubernetes_executor.py for tasks to queue
[2023-06-09T01:50:07.436+0000] {logging_mixin.py:149} INFO - [2023-06-09T01:50:07.435+0000] {dagbag.py:541} INFO - Filling up the DagBag from /home/airflow/.local/lib/python3.7/site-packages/airflow/example_dags/example_local_kubernetes_executor.py
[2023-06-09T01:50:07.640+0000] {processor.py:836} INFO - DAG(s) dict_keys(['example_local_kubernetes_executor']) retrieved from /home/airflow/.local/lib/python3.7/site-packages/airflow/example_dags/example_local_kubernetes_executor.py
[2023-06-09T01:50:07.680+0000] {logging_mixin.py:149} INFO - [2023-06-09T01:50:07.679+0000] {dag.py:2726} INFO - Sync 1 DAGs
[2023-06-09T01:50:07.698+0000] {logging_mixin.py:149} INFO - [2023-06-09T01:50:07.698+0000] {dag.py:3490} INFO - Setting next_dagrun for example_local_kubernetes_executor to None, run_after=None
[2023-06-09T01:50:07.710+0000] {processor.py:179} INFO - Processing /home/airflow/.local/lib/python3.7/site-packages/airflow/example_dags/example_local_kubernetes_executor.py took 0.285 seconds
[2023-06-09T01:50:38.618+0000] {processor.py:157} INFO - Started process (PID=2837) to work on /home/airflow/.local/lib/python3.7/site-packages/airflow/example_dags/example_local_kubernetes_executor.py
[2023-06-09T01:50:38.621+0000] {processor.py:826} INFO - Processing file /home/airflow/.local/lib/python3.7/site-packages/airflow/example_dags/example_local_kubernetes_executor.py for tasks to queue
[2023-06-09T01:50:38.624+0000] {logging_mixin.py:149} INFO - [2023-06-09T01:50:38.624+0000] {dagbag.py:541} INFO - Filling up the DagBag from /home/airflow/.local/lib/python3.7/site-packages/airflow/example_dags/example_local_kubernetes_executor.py
[2023-06-09T01:50:38.849+0000] {processor.py:836} INFO - DAG(s) dict_keys(['example_local_kubernetes_executor']) retrieved from /home/airflow/.local/lib/python3.7/site-packages/airflow/example_dags/example_local_kubernetes_executor.py
[2023-06-09T01:50:38.885+0000] {logging_mixin.py:149} INFO - [2023-06-09T01:50:38.885+0000] {dag.py:2726} INFO - Sync 1 DAGs
[2023-06-09T01:50:38.910+0000] {logging_mixin.py:149} INFO - [2023-06-09T01:50:38.909+0000] {dag.py:3490} INFO - Setting next_dagrun for example_local_kubernetes_executor to None, run_after=None
[2023-06-09T01:50:38.932+0000] {processor.py:179} INFO - Processing /home/airflow/.local/lib/python3.7/site-packages/airflow/example_dags/example_local_kubernetes_executor.py took 0.320 seconds
[2023-06-09T01:51:09.159+0000] {processor.py:157} INFO - Started process (PID=2895) to work on /home/airflow/.local/lib/python3.7/site-packages/airflow/example_dags/example_local_kubernetes_executor.py
[2023-06-09T01:51:09.160+0000] {processor.py:826} INFO - Processing file /home/airflow/.local/lib/python3.7/site-packages/airflow/example_dags/example_local_kubernetes_executor.py for tasks to queue
[2023-06-09T01:51:09.161+0000] {logging_mixin.py:149} INFO - [2023-06-09T01:51:09.161+0000] {dagbag.py:541} INFO - Filling up the DagBag from /home/airflow/.local/lib/python3.7/site-packages/airflow/example_dags/example_local_kubernetes_executor.py
[2023-06-09T01:51:09.323+0000] {processor.py:836} INFO - DAG(s) dict_keys(['example_local_kubernetes_executor']) retrieved from /home/airflow/.local/lib/python3.7/site-packages/airflow/example_dags/example_local_kubernetes_executor.py
[2023-06-09T01:51:09.352+0000] {logging_mixin.py:149} INFO - [2023-06-09T01:51:09.352+0000] {dag.py:2726} INFO - Sync 1 DAGs
[2023-06-09T01:51:09.369+0000] {logging_mixin.py:149} INFO - [2023-06-09T01:51:09.369+0000] {dag.py:3490} INFO - Setting next_dagrun for example_local_kubernetes_executor to None, run_after=None
[2023-06-09T01:51:09.381+0000] {processor.py:179} INFO - Processing /home/airflow/.local/lib/python3.7/site-packages/airflow/example_dags/example_local_kubernetes_executor.py took 0.224 seconds
[2023-06-09T01:51:39.499+0000] {processor.py:157} INFO - Started process (PID=2951) to work on /home/airflow/.local/lib/python3.7/site-packages/airflow/example_dags/example_local_kubernetes_executor.py
[2023-06-09T01:51:39.501+0000] {processor.py:826} INFO - Processing file /home/airflow/.local/lib/python3.7/site-packages/airflow/example_dags/example_local_kubernetes_executor.py for tasks to queue
[2023-06-09T01:51:39.501+0000] {logging_mixin.py:149} INFO - [2023-06-09T01:51:39.501+0000] {dagbag.py:541} INFO - Filling up the DagBag from /home/airflow/.local/lib/python3.7/site-packages/airflow/example_dags/example_local_kubernetes_executor.py
[2023-06-09T01:51:39.663+0000] {processor.py:836} INFO - DAG(s) dict_keys(['example_local_kubernetes_executor']) retrieved from /home/airflow/.local/lib/python3.7/site-packages/airflow/example_dags/example_local_kubernetes_executor.py
[2023-06-09T01:51:39.693+0000] {logging_mixin.py:149} INFO - [2023-06-09T01:51:39.693+0000] {dag.py:2726} INFO - Sync 1 DAGs
[2023-06-09T01:51:39.711+0000] {logging_mixin.py:149} INFO - [2023-06-09T01:51:39.711+0000] {dag.py:3490} INFO - Setting next_dagrun for example_local_kubernetes_executor to None, run_after=None
[2023-06-09T01:51:39.724+0000] {processor.py:179} INFO - Processing /home/airflow/.local/lib/python3.7/site-packages/airflow/example_dags/example_local_kubernetes_executor.py took 0.227 seconds
[2023-06-09T01:52:10.842+0000] {processor.py:157} INFO - Started process (PID=3009) to work on /home/airflow/.local/lib/python3.7/site-packages/airflow/example_dags/example_local_kubernetes_executor.py
[2023-06-09T01:52:10.843+0000] {processor.py:826} INFO - Processing file /home/airflow/.local/lib/python3.7/site-packages/airflow/example_dags/example_local_kubernetes_executor.py for tasks to queue
[2023-06-09T01:52:10.844+0000] {logging_mixin.py:149} INFO - [2023-06-09T01:52:10.844+0000] {dagbag.py:541} INFO - Filling up the DagBag from /home/airflow/.local/lib/python3.7/site-packages/airflow/example_dags/example_local_kubernetes_executor.py
[2023-06-09T01:52:11.010+0000] {processor.py:836} INFO - DAG(s) dict_keys(['example_local_kubernetes_executor']) retrieved from /home/airflow/.local/lib/python3.7/site-packages/airflow/example_dags/example_local_kubernetes_executor.py
[2023-06-09T01:52:11.038+0000] {logging_mixin.py:149} INFO - [2023-06-09T01:52:11.038+0000] {dag.py:2726} INFO - Sync 1 DAGs
[2023-06-09T01:52:11.056+0000] {logging_mixin.py:149} INFO - [2023-06-09T01:52:11.056+0000] {dag.py:3490} INFO - Setting next_dagrun for example_local_kubernetes_executor to None, run_after=None
[2023-06-09T01:52:11.082+0000] {processor.py:179} INFO - Processing /home/airflow/.local/lib/python3.7/site-packages/airflow/example_dags/example_local_kubernetes_executor.py took 0.243 seconds
[2023-06-09T01:52:41.566+0000] {processor.py:157} INFO - Started process (PID=3068) to work on /home/airflow/.local/lib/python3.7/site-packages/airflow/example_dags/example_local_kubernetes_executor.py
[2023-06-09T01:52:41.567+0000] {processor.py:826} INFO - Processing file /home/airflow/.local/lib/python3.7/site-packages/airflow/example_dags/example_local_kubernetes_executor.py for tasks to queue
[2023-06-09T01:52:41.568+0000] {logging_mixin.py:149} INFO - [2023-06-09T01:52:41.568+0000] {dagbag.py:541} INFO - Filling up the DagBag from /home/airflow/.local/lib/python3.7/site-packages/airflow/example_dags/example_local_kubernetes_executor.py
[2023-06-09T01:52:41.727+0000] {processor.py:836} INFO - DAG(s) dict_keys(['example_local_kubernetes_executor']) retrieved from /home/airflow/.local/lib/python3.7/site-packages/airflow/example_dags/example_local_kubernetes_executor.py
[2023-06-09T01:52:41.758+0000] {logging_mixin.py:149} INFO - [2023-06-09T01:52:41.758+0000] {dag.py:2726} INFO - Sync 1 DAGs
[2023-06-09T01:52:41.775+0000] {logging_mixin.py:149} INFO - [2023-06-09T01:52:41.775+0000] {dag.py:3490} INFO - Setting next_dagrun for example_local_kubernetes_executor to None, run_after=None
[2023-06-09T01:52:41.786+0000] {processor.py:179} INFO - Processing /home/airflow/.local/lib/python3.7/site-packages/airflow/example_dags/example_local_kubernetes_executor.py took 0.223 seconds
[2023-06-09T01:53:52.374+0000] {processor.py:157} INFO - Started process (PID=65) to work on /home/airflow/.local/lib/python3.7/site-packages/airflow/example_dags/example_local_kubernetes_executor.py
[2023-06-09T01:53:52.377+0000] {processor.py:826} INFO - Processing file /home/airflow/.local/lib/python3.7/site-packages/airflow/example_dags/example_local_kubernetes_executor.py for tasks to queue
[2023-06-09T01:53:52.379+0000] {logging_mixin.py:149} INFO - [2023-06-09T01:53:52.379+0000] {dagbag.py:541} INFO - Filling up the DagBag from /home/airflow/.local/lib/python3.7/site-packages/airflow/example_dags/example_local_kubernetes_executor.py
[2023-06-09T01:53:52.715+0000] {processor.py:836} INFO - DAG(s) dict_keys(['example_local_kubernetes_executor']) retrieved from /home/airflow/.local/lib/python3.7/site-packages/airflow/example_dags/example_local_kubernetes_executor.py
[2023-06-09T01:53:52.755+0000] {logging_mixin.py:149} INFO - [2023-06-09T01:53:52.754+0000] {dag.py:2726} INFO - Sync 1 DAGs
[2023-06-09T01:53:52.816+0000] {logging_mixin.py:149} INFO - [2023-06-09T01:53:52.815+0000] {dag.py:3490} INFO - Setting next_dagrun for example_local_kubernetes_executor to None, run_after=None
[2023-06-09T01:53:52.862+0000] {processor.py:179} INFO - Processing /home/airflow/.local/lib/python3.7/site-packages/airflow/example_dags/example_local_kubernetes_executor.py took 0.494 seconds
