[2023-06-09T01:25:33.726+0000] {processor.py:157} INFO - Started process (PID=70) to work on /home/airflow/.local/lib/python3.7/site-packages/airflow/example_dags/example_branch_operator.py
[2023-06-09T01:25:33.731+0000] {processor.py:826} INFO - Processing file /home/airflow/.local/lib/python3.7/site-packages/airflow/example_dags/example_branch_operator.py for tasks to queue
[2023-06-09T01:25:33.734+0000] {logging_mixin.py:149} INFO - [2023-06-09T01:25:33.734+0000] {dagbag.py:541} INFO - Filling up the DagBag from /home/airflow/.local/lib/python3.7/site-packages/airflow/example_dags/example_branch_operator.py
[2023-06-09T01:25:33.753+0000] {processor.py:836} INFO - DAG(s) dict_keys(['example_branch_operator']) retrieved from /home/airflow/.local/lib/python3.7/site-packages/airflow/example_dags/example_branch_operator.py
[2023-06-09T01:25:34.248+0000] {logging_mixin.py:149} INFO - [2023-06-09T01:25:34.248+0000] {manager.py:504} INFO - Created Permission View: can delete on DAG:example_branch_operator
[2023-06-09T01:25:34.271+0000] {logging_mixin.py:149} INFO - [2023-06-09T01:25:34.270+0000] {manager.py:504} INFO - Created Permission View: can edit on DAG:example_branch_operator
[2023-06-09T01:25:34.290+0000] {logging_mixin.py:149} INFO - [2023-06-09T01:25:34.289+0000] {manager.py:504} INFO - Created Permission View: can read on DAG:example_branch_operator
[2023-06-09T01:25:34.294+0000] {logging_mixin.py:149} INFO - [2023-06-09T01:25:34.294+0000] {dag.py:2726} INFO - Sync 1 DAGs
[2023-06-09T01:25:34.339+0000] {logging_mixin.py:149} INFO - [2023-06-09T01:25:34.339+0000] {dag.py:2747} INFO - Creating ORM DAG for example_branch_operator
[2023-06-09T01:25:34.410+0000] {logging_mixin.py:149} INFO - [2023-06-09T01:25:34.410+0000] {dag.py:3490} INFO - Setting next_dagrun for example_branch_operator to 2023-06-08T00:00:00+00:00, run_after=2023-06-09T00:00:00+00:00
[2023-06-09T01:25:34.493+0000] {processor.py:179} INFO - Processing /home/airflow/.local/lib/python3.7/site-packages/airflow/example_dags/example_branch_operator.py took 0.778 seconds
[2023-06-09T01:26:05.009+0000] {processor.py:157} INFO - Started process (PID=126) to work on /home/airflow/.local/lib/python3.7/site-packages/airflow/example_dags/example_branch_operator.py
[2023-06-09T01:26:05.019+0000] {processor.py:826} INFO - Processing file /home/airflow/.local/lib/python3.7/site-packages/airflow/example_dags/example_branch_operator.py for tasks to queue
[2023-06-09T01:26:05.022+0000] {logging_mixin.py:149} INFO - [2023-06-09T01:26:05.022+0000] {dagbag.py:541} INFO - Filling up the DagBag from /home/airflow/.local/lib/python3.7/site-packages/airflow/example_dags/example_branch_operator.py
[2023-06-09T01:26:05.040+0000] {processor.py:836} INFO - DAG(s) dict_keys(['example_branch_operator']) retrieved from /home/airflow/.local/lib/python3.7/site-packages/airflow/example_dags/example_branch_operator.py
[2023-06-09T01:26:05.118+0000] {logging_mixin.py:149} INFO - [2023-06-09T01:26:05.118+0000] {dag.py:2726} INFO - Sync 1 DAGs
[2023-06-09T01:26:05.161+0000] {logging_mixin.py:149} INFO - [2023-06-09T01:26:05.161+0000] {dag.py:3490} INFO - Setting next_dagrun for example_branch_operator to 2023-06-08T00:00:00+00:00, run_after=2023-06-09T00:00:00+00:00
[2023-06-09T01:26:05.206+0000] {processor.py:179} INFO - Processing /home/airflow/.local/lib/python3.7/site-packages/airflow/example_dags/example_branch_operator.py took 0.204 seconds
[2023-06-09T01:26:35.802+0000] {processor.py:157} INFO - Started process (PID=182) to work on /home/airflow/.local/lib/python3.7/site-packages/airflow/example_dags/example_branch_operator.py
[2023-06-09T01:26:35.804+0000] {processor.py:826} INFO - Processing file /home/airflow/.local/lib/python3.7/site-packages/airflow/example_dags/example_branch_operator.py for tasks to queue
[2023-06-09T01:26:35.806+0000] {logging_mixin.py:149} INFO - [2023-06-09T01:26:35.806+0000] {dagbag.py:541} INFO - Filling up the DagBag from /home/airflow/.local/lib/python3.7/site-packages/airflow/example_dags/example_branch_operator.py
[2023-06-09T01:26:35.818+0000] {processor.py:836} INFO - DAG(s) dict_keys(['example_branch_operator']) retrieved from /home/airflow/.local/lib/python3.7/site-packages/airflow/example_dags/example_branch_operator.py
[2023-06-09T01:26:35.846+0000] {logging_mixin.py:149} INFO - [2023-06-09T01:26:35.846+0000] {dag.py:2726} INFO - Sync 1 DAGs
[2023-06-09T01:26:35.871+0000] {logging_mixin.py:149} INFO - [2023-06-09T01:26:35.870+0000] {dag.py:3490} INFO - Setting next_dagrun for example_branch_operator to 2023-06-08T00:00:00+00:00, run_after=2023-06-09T00:00:00+00:00
[2023-06-09T01:26:35.882+0000] {processor.py:179} INFO - Processing /home/airflow/.local/lib/python3.7/site-packages/airflow/example_dags/example_branch_operator.py took 0.086 seconds
[2023-06-09T01:27:06.114+0000] {processor.py:157} INFO - Started process (PID=238) to work on /home/airflow/.local/lib/python3.7/site-packages/airflow/example_dags/example_branch_operator.py
[2023-06-09T01:27:06.116+0000] {processor.py:826} INFO - Processing file /home/airflow/.local/lib/python3.7/site-packages/airflow/example_dags/example_branch_operator.py for tasks to queue
[2023-06-09T01:27:06.117+0000] {logging_mixin.py:149} INFO - [2023-06-09T01:27:06.117+0000] {dagbag.py:541} INFO - Filling up the DagBag from /home/airflow/.local/lib/python3.7/site-packages/airflow/example_dags/example_branch_operator.py
[2023-06-09T01:27:06.126+0000] {processor.py:836} INFO - DAG(s) dict_keys(['example_branch_operator']) retrieved from /home/airflow/.local/lib/python3.7/site-packages/airflow/example_dags/example_branch_operator.py
[2023-06-09T01:27:06.157+0000] {logging_mixin.py:149} INFO - [2023-06-09T01:27:06.157+0000] {dag.py:2726} INFO - Sync 1 DAGs
[2023-06-09T01:27:06.183+0000] {logging_mixin.py:149} INFO - [2023-06-09T01:27:06.182+0000] {dag.py:3490} INFO - Setting next_dagrun for example_branch_operator to 2023-06-08T00:00:00+00:00, run_after=2023-06-09T00:00:00+00:00
[2023-06-09T01:27:06.203+0000] {processor.py:179} INFO - Processing /home/airflow/.local/lib/python3.7/site-packages/airflow/example_dags/example_branch_operator.py took 0.093 seconds
[2023-06-09T01:27:36.616+0000] {processor.py:157} INFO - Started process (PID=294) to work on /home/airflow/.local/lib/python3.7/site-packages/airflow/example_dags/example_branch_operator.py
[2023-06-09T01:27:36.617+0000] {processor.py:826} INFO - Processing file /home/airflow/.local/lib/python3.7/site-packages/airflow/example_dags/example_branch_operator.py for tasks to queue
[2023-06-09T01:27:36.618+0000] {logging_mixin.py:149} INFO - [2023-06-09T01:27:36.618+0000] {dagbag.py:541} INFO - Filling up the DagBag from /home/airflow/.local/lib/python3.7/site-packages/airflow/example_dags/example_branch_operator.py
[2023-06-09T01:27:36.631+0000] {processor.py:836} INFO - DAG(s) dict_keys(['example_branch_operator']) retrieved from /home/airflow/.local/lib/python3.7/site-packages/airflow/example_dags/example_branch_operator.py
[2023-06-09T01:27:36.657+0000] {logging_mixin.py:149} INFO - [2023-06-09T01:27:36.657+0000] {dag.py:2726} INFO - Sync 1 DAGs
[2023-06-09T01:27:36.675+0000] {logging_mixin.py:149} INFO - [2023-06-09T01:27:36.675+0000] {dag.py:3490} INFO - Setting next_dagrun for example_branch_operator to 2023-06-08T00:00:00+00:00, run_after=2023-06-09T00:00:00+00:00
[2023-06-09T01:27:36.688+0000] {processor.py:179} INFO - Processing /home/airflow/.local/lib/python3.7/site-packages/airflow/example_dags/example_branch_operator.py took 0.077 seconds
[2023-06-09T01:28:07.149+0000] {processor.py:157} INFO - Started process (PID=350) to work on /home/airflow/.local/lib/python3.7/site-packages/airflow/example_dags/example_branch_operator.py
[2023-06-09T01:28:07.151+0000] {processor.py:826} INFO - Processing file /home/airflow/.local/lib/python3.7/site-packages/airflow/example_dags/example_branch_operator.py for tasks to queue
[2023-06-09T01:28:07.152+0000] {logging_mixin.py:149} INFO - [2023-06-09T01:28:07.152+0000] {dagbag.py:541} INFO - Filling up the DagBag from /home/airflow/.local/lib/python3.7/site-packages/airflow/example_dags/example_branch_operator.py
[2023-06-09T01:28:07.162+0000] {processor.py:836} INFO - DAG(s) dict_keys(['example_branch_operator']) retrieved from /home/airflow/.local/lib/python3.7/site-packages/airflow/example_dags/example_branch_operator.py
[2023-06-09T01:28:07.185+0000] {logging_mixin.py:149} INFO - [2023-06-09T01:28:07.184+0000] {dag.py:2726} INFO - Sync 1 DAGs
[2023-06-09T01:28:07.201+0000] {logging_mixin.py:149} INFO - [2023-06-09T01:28:07.201+0000] {dag.py:3490} INFO - Setting next_dagrun for example_branch_operator to 2023-06-08T00:00:00+00:00, run_after=2023-06-09T00:00:00+00:00
[2023-06-09T01:28:07.213+0000] {processor.py:179} INFO - Processing /home/airflow/.local/lib/python3.7/site-packages/airflow/example_dags/example_branch_operator.py took 0.068 seconds
[2023-06-09T01:28:37.850+0000] {processor.py:157} INFO - Started process (PID=406) to work on /home/airflow/.local/lib/python3.7/site-packages/airflow/example_dags/example_branch_operator.py
[2023-06-09T01:28:37.852+0000] {processor.py:826} INFO - Processing file /home/airflow/.local/lib/python3.7/site-packages/airflow/example_dags/example_branch_operator.py for tasks to queue
[2023-06-09T01:28:37.854+0000] {logging_mixin.py:149} INFO - [2023-06-09T01:28:37.854+0000] {dagbag.py:541} INFO - Filling up the DagBag from /home/airflow/.local/lib/python3.7/site-packages/airflow/example_dags/example_branch_operator.py
[2023-06-09T01:28:37.876+0000] {processor.py:836} INFO - DAG(s) dict_keys(['example_branch_operator']) retrieved from /home/airflow/.local/lib/python3.7/site-packages/airflow/example_dags/example_branch_operator.py
[2023-06-09T01:28:37.947+0000] {logging_mixin.py:149} INFO - [2023-06-09T01:28:37.947+0000] {dag.py:2726} INFO - Sync 1 DAGs
[2023-06-09T01:28:37.978+0000] {logging_mixin.py:149} INFO - [2023-06-09T01:28:37.978+0000] {dag.py:3490} INFO - Setting next_dagrun for example_branch_operator to 2023-06-08T00:00:00+00:00, run_after=2023-06-09T00:00:00+00:00
[2023-06-09T01:28:38.001+0000] {processor.py:179} INFO - Processing /home/airflow/.local/lib/python3.7/site-packages/airflow/example_dags/example_branch_operator.py took 0.161 seconds
[2023-06-09T01:29:08.113+0000] {processor.py:157} INFO - Started process (PID=462) to work on /home/airflow/.local/lib/python3.7/site-packages/airflow/example_dags/example_branch_operator.py
[2023-06-09T01:29:08.115+0000] {processor.py:826} INFO - Processing file /home/airflow/.local/lib/python3.7/site-packages/airflow/example_dags/example_branch_operator.py for tasks to queue
[2023-06-09T01:29:08.116+0000] {logging_mixin.py:149} INFO - [2023-06-09T01:29:08.116+0000] {dagbag.py:541} INFO - Filling up the DagBag from /home/airflow/.local/lib/python3.7/site-packages/airflow/example_dags/example_branch_operator.py
[2023-06-09T01:29:08.128+0000] {processor.py:836} INFO - DAG(s) dict_keys(['example_branch_operator']) retrieved from /home/airflow/.local/lib/python3.7/site-packages/airflow/example_dags/example_branch_operator.py
[2023-06-09T01:29:08.152+0000] {logging_mixin.py:149} INFO - [2023-06-09T01:29:08.152+0000] {dag.py:2726} INFO - Sync 1 DAGs
[2023-06-09T01:29:08.168+0000] {logging_mixin.py:149} INFO - [2023-06-09T01:29:08.168+0000] {dag.py:3490} INFO - Setting next_dagrun for example_branch_operator to 2023-06-08T00:00:00+00:00, run_after=2023-06-09T00:00:00+00:00
[2023-06-09T01:29:08.182+0000] {processor.py:179} INFO - Processing /home/airflow/.local/lib/python3.7/site-packages/airflow/example_dags/example_branch_operator.py took 0.074 seconds
[2023-06-09T01:29:38.343+0000] {processor.py:157} INFO - Started process (PID=518) to work on /home/airflow/.local/lib/python3.7/site-packages/airflow/example_dags/example_branch_operator.py
[2023-06-09T01:29:38.344+0000] {processor.py:826} INFO - Processing file /home/airflow/.local/lib/python3.7/site-packages/airflow/example_dags/example_branch_operator.py for tasks to queue
[2023-06-09T01:29:38.345+0000] {logging_mixin.py:149} INFO - [2023-06-09T01:29:38.345+0000] {dagbag.py:541} INFO - Filling up the DagBag from /home/airflow/.local/lib/python3.7/site-packages/airflow/example_dags/example_branch_operator.py
[2023-06-09T01:29:38.354+0000] {processor.py:836} INFO - DAG(s) dict_keys(['example_branch_operator']) retrieved from /home/airflow/.local/lib/python3.7/site-packages/airflow/example_dags/example_branch_operator.py
[2023-06-09T01:29:38.381+0000] {logging_mixin.py:149} INFO - [2023-06-09T01:29:38.381+0000] {dag.py:2726} INFO - Sync 1 DAGs
[2023-06-09T01:29:38.399+0000] {logging_mixin.py:149} INFO - [2023-06-09T01:29:38.399+0000] {dag.py:3490} INFO - Setting next_dagrun for example_branch_operator to 2023-06-08T00:00:00+00:00, run_after=2023-06-09T00:00:00+00:00
[2023-06-09T01:29:38.411+0000] {processor.py:179} INFO - Processing /home/airflow/.local/lib/python3.7/site-packages/airflow/example_dags/example_branch_operator.py took 0.072 seconds
[2023-06-09T01:30:09.342+0000] {processor.py:157} INFO - Started process (PID=574) to work on /home/airflow/.local/lib/python3.7/site-packages/airflow/example_dags/example_branch_operator.py
[2023-06-09T01:30:09.344+0000] {processor.py:826} INFO - Processing file /home/airflow/.local/lib/python3.7/site-packages/airflow/example_dags/example_branch_operator.py for tasks to queue
[2023-06-09T01:30:09.346+0000] {logging_mixin.py:149} INFO - [2023-06-09T01:30:09.346+0000] {dagbag.py:541} INFO - Filling up the DagBag from /home/airflow/.local/lib/python3.7/site-packages/airflow/example_dags/example_branch_operator.py
[2023-06-09T01:30:09.357+0000] {processor.py:836} INFO - DAG(s) dict_keys(['example_branch_operator']) retrieved from /home/airflow/.local/lib/python3.7/site-packages/airflow/example_dags/example_branch_operator.py
[2023-06-09T01:30:09.383+0000] {logging_mixin.py:149} INFO - [2023-06-09T01:30:09.383+0000] {dag.py:2726} INFO - Sync 1 DAGs
[2023-06-09T01:30:09.401+0000] {logging_mixin.py:149} INFO - [2023-06-09T01:30:09.400+0000] {dag.py:3490} INFO - Setting next_dagrun for example_branch_operator to 2023-06-08T00:00:00+00:00, run_after=2023-06-09T00:00:00+00:00
[2023-06-09T01:30:09.414+0000] {processor.py:179} INFO - Processing /home/airflow/.local/lib/python3.7/site-packages/airflow/example_dags/example_branch_operator.py took 0.076 seconds
[2023-06-09T01:30:39.517+0000] {processor.py:157} INFO - Started process (PID=630) to work on /home/airflow/.local/lib/python3.7/site-packages/airflow/example_dags/example_branch_operator.py
[2023-06-09T01:30:39.519+0000] {processor.py:826} INFO - Processing file /home/airflow/.local/lib/python3.7/site-packages/airflow/example_dags/example_branch_operator.py for tasks to queue
[2023-06-09T01:30:39.521+0000] {logging_mixin.py:149} INFO - [2023-06-09T01:30:39.521+0000] {dagbag.py:541} INFO - Filling up the DagBag from /home/airflow/.local/lib/python3.7/site-packages/airflow/example_dags/example_branch_operator.py
[2023-06-09T01:30:39.531+0000] {processor.py:836} INFO - DAG(s) dict_keys(['example_branch_operator']) retrieved from /home/airflow/.local/lib/python3.7/site-packages/airflow/example_dags/example_branch_operator.py
[2023-06-09T01:30:39.559+0000] {logging_mixin.py:149} INFO - [2023-06-09T01:30:39.559+0000] {dag.py:2726} INFO - Sync 1 DAGs
[2023-06-09T01:30:39.575+0000] {logging_mixin.py:149} INFO - [2023-06-09T01:30:39.575+0000] {dag.py:3490} INFO - Setting next_dagrun for example_branch_operator to 2023-06-08T00:00:00+00:00, run_after=2023-06-09T00:00:00+00:00
[2023-06-09T01:30:39.588+0000] {processor.py:179} INFO - Processing /home/airflow/.local/lib/python3.7/site-packages/airflow/example_dags/example_branch_operator.py took 0.075 seconds
[2023-06-09T01:31:10.088+0000] {processor.py:157} INFO - Started process (PID=686) to work on /home/airflow/.local/lib/python3.7/site-packages/airflow/example_dags/example_branch_operator.py
[2023-06-09T01:31:10.090+0000] {processor.py:826} INFO - Processing file /home/airflow/.local/lib/python3.7/site-packages/airflow/example_dags/example_branch_operator.py for tasks to queue
[2023-06-09T01:31:10.091+0000] {logging_mixin.py:149} INFO - [2023-06-09T01:31:10.091+0000] {dagbag.py:541} INFO - Filling up the DagBag from /home/airflow/.local/lib/python3.7/site-packages/airflow/example_dags/example_branch_operator.py
[2023-06-09T01:31:10.124+0000] {processor.py:836} INFO - DAG(s) dict_keys(['example_branch_operator']) retrieved from /home/airflow/.local/lib/python3.7/site-packages/airflow/example_dags/example_branch_operator.py
[2023-06-09T01:31:10.169+0000] {logging_mixin.py:149} INFO - [2023-06-09T01:31:10.168+0000] {dag.py:2726} INFO - Sync 1 DAGs
[2023-06-09T01:31:10.208+0000] {logging_mixin.py:149} INFO - [2023-06-09T01:31:10.208+0000] {dag.py:3490} INFO - Setting next_dagrun for example_branch_operator to 2023-06-08T00:00:00+00:00, run_after=2023-06-09T00:00:00+00:00
[2023-06-09T01:31:10.268+0000] {processor.py:179} INFO - Processing /home/airflow/.local/lib/python3.7/site-packages/airflow/example_dags/example_branch_operator.py took 0.199 seconds
[2023-06-09T01:31:41.039+0000] {processor.py:157} INFO - Started process (PID=742) to work on /home/airflow/.local/lib/python3.7/site-packages/airflow/example_dags/example_branch_operator.py
[2023-06-09T01:31:41.041+0000] {processor.py:826} INFO - Processing file /home/airflow/.local/lib/python3.7/site-packages/airflow/example_dags/example_branch_operator.py for tasks to queue
[2023-06-09T01:31:41.044+0000] {logging_mixin.py:149} INFO - [2023-06-09T01:31:41.043+0000] {dagbag.py:541} INFO - Filling up the DagBag from /home/airflow/.local/lib/python3.7/site-packages/airflow/example_dags/example_branch_operator.py
[2023-06-09T01:31:41.067+0000] {processor.py:836} INFO - DAG(s) dict_keys(['example_branch_operator']) retrieved from /home/airflow/.local/lib/python3.7/site-packages/airflow/example_dags/example_branch_operator.py
[2023-06-09T01:31:41.106+0000] {logging_mixin.py:149} INFO - [2023-06-09T01:31:41.106+0000] {dag.py:2726} INFO - Sync 1 DAGs
[2023-06-09T01:31:41.134+0000] {logging_mixin.py:149} INFO - [2023-06-09T01:31:41.134+0000] {dag.py:3490} INFO - Setting next_dagrun for example_branch_operator to 2023-06-08T00:00:00+00:00, run_after=2023-06-09T00:00:00+00:00
[2023-06-09T01:31:41.153+0000] {processor.py:179} INFO - Processing /home/airflow/.local/lib/python3.7/site-packages/airflow/example_dags/example_branch_operator.py took 0.122 seconds
[2023-06-09T01:32:11.265+0000] {processor.py:157} INFO - Started process (PID=798) to work on /home/airflow/.local/lib/python3.7/site-packages/airflow/example_dags/example_branch_operator.py
[2023-06-09T01:32:11.267+0000] {processor.py:826} INFO - Processing file /home/airflow/.local/lib/python3.7/site-packages/airflow/example_dags/example_branch_operator.py for tasks to queue
[2023-06-09T01:32:11.268+0000] {logging_mixin.py:149} INFO - [2023-06-09T01:32:11.268+0000] {dagbag.py:541} INFO - Filling up the DagBag from /home/airflow/.local/lib/python3.7/site-packages/airflow/example_dags/example_branch_operator.py
[2023-06-09T01:32:11.279+0000] {processor.py:836} INFO - DAG(s) dict_keys(['example_branch_operator']) retrieved from /home/airflow/.local/lib/python3.7/site-packages/airflow/example_dags/example_branch_operator.py
[2023-06-09T01:32:11.321+0000] {logging_mixin.py:149} INFO - [2023-06-09T01:32:11.321+0000] {dag.py:2726} INFO - Sync 1 DAGs
[2023-06-09T01:32:11.357+0000] {logging_mixin.py:149} INFO - [2023-06-09T01:32:11.357+0000] {dag.py:3490} INFO - Setting next_dagrun for example_branch_operator to 2023-06-08T00:00:00+00:00, run_after=2023-06-09T00:00:00+00:00
[2023-06-09T01:32:11.375+0000] {processor.py:179} INFO - Processing /home/airflow/.local/lib/python3.7/site-packages/airflow/example_dags/example_branch_operator.py took 0.115 seconds
[2023-06-09T01:32:41.617+0000] {processor.py:157} INFO - Started process (PID=854) to work on /home/airflow/.local/lib/python3.7/site-packages/airflow/example_dags/example_branch_operator.py
[2023-06-09T01:32:41.618+0000] {processor.py:826} INFO - Processing file /home/airflow/.local/lib/python3.7/site-packages/airflow/example_dags/example_branch_operator.py for tasks to queue
[2023-06-09T01:32:41.619+0000] {logging_mixin.py:149} INFO - [2023-06-09T01:32:41.619+0000] {dagbag.py:541} INFO - Filling up the DagBag from /home/airflow/.local/lib/python3.7/site-packages/airflow/example_dags/example_branch_operator.py
[2023-06-09T01:32:41.628+0000] {processor.py:836} INFO - DAG(s) dict_keys(['example_branch_operator']) retrieved from /home/airflow/.local/lib/python3.7/site-packages/airflow/example_dags/example_branch_operator.py
[2023-06-09T01:32:41.654+0000] {logging_mixin.py:149} INFO - [2023-06-09T01:32:41.653+0000] {dag.py:2726} INFO - Sync 1 DAGs
[2023-06-09T01:32:41.672+0000] {logging_mixin.py:149} INFO - [2023-06-09T01:32:41.672+0000] {dag.py:3490} INFO - Setting next_dagrun for example_branch_operator to 2023-06-08T00:00:00+00:00, run_after=2023-06-09T00:00:00+00:00
[2023-06-09T01:32:41.686+0000] {processor.py:179} INFO - Processing /home/airflow/.local/lib/python3.7/site-packages/airflow/example_dags/example_branch_operator.py took 0.072 seconds
[2023-06-09T01:33:11.776+0000] {processor.py:157} INFO - Started process (PID=910) to work on /home/airflow/.local/lib/python3.7/site-packages/airflow/example_dags/example_branch_operator.py
[2023-06-09T01:33:11.778+0000] {processor.py:826} INFO - Processing file /home/airflow/.local/lib/python3.7/site-packages/airflow/example_dags/example_branch_operator.py for tasks to queue
[2023-06-09T01:33:11.779+0000] {logging_mixin.py:149} INFO - [2023-06-09T01:33:11.779+0000] {dagbag.py:541} INFO - Filling up the DagBag from /home/airflow/.local/lib/python3.7/site-packages/airflow/example_dags/example_branch_operator.py
[2023-06-09T01:33:11.785+0000] {processor.py:836} INFO - DAG(s) dict_keys(['example_branch_operator']) retrieved from /home/airflow/.local/lib/python3.7/site-packages/airflow/example_dags/example_branch_operator.py
[2023-06-09T01:33:11.806+0000] {logging_mixin.py:149} INFO - [2023-06-09T01:33:11.806+0000] {dag.py:2726} INFO - Sync 1 DAGs
[2023-06-09T01:33:11.823+0000] {logging_mixin.py:149} INFO - [2023-06-09T01:33:11.823+0000] {dag.py:3490} INFO - Setting next_dagrun for example_branch_operator to 2023-06-08T00:00:00+00:00, run_after=2023-06-09T00:00:00+00:00
[2023-06-09T01:33:11.833+0000] {processor.py:179} INFO - Processing /home/airflow/.local/lib/python3.7/site-packages/airflow/example_dags/example_branch_operator.py took 0.059 seconds
[2023-06-09T01:33:41.884+0000] {processor.py:157} INFO - Started process (PID=966) to work on /home/airflow/.local/lib/python3.7/site-packages/airflow/example_dags/example_branch_operator.py
[2023-06-09T01:33:41.885+0000] {processor.py:826} INFO - Processing file /home/airflow/.local/lib/python3.7/site-packages/airflow/example_dags/example_branch_operator.py for tasks to queue
[2023-06-09T01:33:41.886+0000] {logging_mixin.py:149} INFO - [2023-06-09T01:33:41.886+0000] {dagbag.py:541} INFO - Filling up the DagBag from /home/airflow/.local/lib/python3.7/site-packages/airflow/example_dags/example_branch_operator.py
[2023-06-09T01:33:41.893+0000] {processor.py:836} INFO - DAG(s) dict_keys(['example_branch_operator']) retrieved from /home/airflow/.local/lib/python3.7/site-packages/airflow/example_dags/example_branch_operator.py
[2023-06-09T01:33:41.915+0000] {logging_mixin.py:149} INFO - [2023-06-09T01:33:41.915+0000] {dag.py:2726} INFO - Sync 1 DAGs
[2023-06-09T01:33:41.930+0000] {logging_mixin.py:149} INFO - [2023-06-09T01:33:41.930+0000] {dag.py:3490} INFO - Setting next_dagrun for example_branch_operator to 2023-06-08T00:00:00+00:00, run_after=2023-06-09T00:00:00+00:00
[2023-06-09T01:33:41.941+0000] {processor.py:179} INFO - Processing /home/airflow/.local/lib/python3.7/site-packages/airflow/example_dags/example_branch_operator.py took 0.060 seconds
[2023-06-09T01:34:12.311+0000] {processor.py:157} INFO - Started process (PID=1022) to work on /home/airflow/.local/lib/python3.7/site-packages/airflow/example_dags/example_branch_operator.py
[2023-06-09T01:34:12.312+0000] {processor.py:826} INFO - Processing file /home/airflow/.local/lib/python3.7/site-packages/airflow/example_dags/example_branch_operator.py for tasks to queue
[2023-06-09T01:34:12.313+0000] {logging_mixin.py:149} INFO - [2023-06-09T01:34:12.313+0000] {dagbag.py:541} INFO - Filling up the DagBag from /home/airflow/.local/lib/python3.7/site-packages/airflow/example_dags/example_branch_operator.py
[2023-06-09T01:34:12.320+0000] {processor.py:836} INFO - DAG(s) dict_keys(['example_branch_operator']) retrieved from /home/airflow/.local/lib/python3.7/site-packages/airflow/example_dags/example_branch_operator.py
[2023-06-09T01:34:12.344+0000] {logging_mixin.py:149} INFO - [2023-06-09T01:34:12.344+0000] {dag.py:2726} INFO - Sync 1 DAGs
[2023-06-09T01:34:12.362+0000] {logging_mixin.py:149} INFO - [2023-06-09T01:34:12.362+0000] {dag.py:3490} INFO - Setting next_dagrun for example_branch_operator to 2023-06-08T00:00:00+00:00, run_after=2023-06-09T00:00:00+00:00
[2023-06-09T01:34:12.374+0000] {processor.py:179} INFO - Processing /home/airflow/.local/lib/python3.7/site-packages/airflow/example_dags/example_branch_operator.py took 0.066 seconds
[2023-06-09T01:34:42.824+0000] {processor.py:157} INFO - Started process (PID=1078) to work on /home/airflow/.local/lib/python3.7/site-packages/airflow/example_dags/example_branch_operator.py
[2023-06-09T01:34:42.825+0000] {processor.py:826} INFO - Processing file /home/airflow/.local/lib/python3.7/site-packages/airflow/example_dags/example_branch_operator.py for tasks to queue
[2023-06-09T01:34:42.826+0000] {logging_mixin.py:149} INFO - [2023-06-09T01:34:42.826+0000] {dagbag.py:541} INFO - Filling up the DagBag from /home/airflow/.local/lib/python3.7/site-packages/airflow/example_dags/example_branch_operator.py
[2023-06-09T01:34:42.833+0000] {processor.py:836} INFO - DAG(s) dict_keys(['example_branch_operator']) retrieved from /home/airflow/.local/lib/python3.7/site-packages/airflow/example_dags/example_branch_operator.py
[2023-06-09T01:34:42.854+0000] {logging_mixin.py:149} INFO - [2023-06-09T01:34:42.854+0000] {dag.py:2726} INFO - Sync 1 DAGs
[2023-06-09T01:34:42.870+0000] {logging_mixin.py:149} INFO - [2023-06-09T01:34:42.870+0000] {dag.py:3490} INFO - Setting next_dagrun for example_branch_operator to 2023-06-08T00:00:00+00:00, run_after=2023-06-09T00:00:00+00:00
[2023-06-09T01:34:42.881+0000] {processor.py:179} INFO - Processing /home/airflow/.local/lib/python3.7/site-packages/airflow/example_dags/example_branch_operator.py took 0.060 seconds
[2023-06-09T01:35:13.251+0000] {processor.py:157} INFO - Started process (PID=1134) to work on /home/airflow/.local/lib/python3.7/site-packages/airflow/example_dags/example_branch_operator.py
[2023-06-09T01:35:13.252+0000] {processor.py:826} INFO - Processing file /home/airflow/.local/lib/python3.7/site-packages/airflow/example_dags/example_branch_operator.py for tasks to queue
[2023-06-09T01:35:13.253+0000] {logging_mixin.py:149} INFO - [2023-06-09T01:35:13.253+0000] {dagbag.py:541} INFO - Filling up the DagBag from /home/airflow/.local/lib/python3.7/site-packages/airflow/example_dags/example_branch_operator.py
[2023-06-09T01:35:13.260+0000] {processor.py:836} INFO - DAG(s) dict_keys(['example_branch_operator']) retrieved from /home/airflow/.local/lib/python3.7/site-packages/airflow/example_dags/example_branch_operator.py
[2023-06-09T01:35:13.282+0000] {logging_mixin.py:149} INFO - [2023-06-09T01:35:13.282+0000] {dag.py:2726} INFO - Sync 1 DAGs
[2023-06-09T01:35:13.299+0000] {logging_mixin.py:149} INFO - [2023-06-09T01:35:13.299+0000] {dag.py:3490} INFO - Setting next_dagrun for example_branch_operator to 2023-06-08T00:00:00+00:00, run_after=2023-06-09T00:00:00+00:00
[2023-06-09T01:35:13.310+0000] {processor.py:179} INFO - Processing /home/airflow/.local/lib/python3.7/site-packages/airflow/example_dags/example_branch_operator.py took 0.062 seconds
[2023-06-09T01:35:44.362+0000] {processor.py:157} INFO - Started process (PID=1190) to work on /home/airflow/.local/lib/python3.7/site-packages/airflow/example_dags/example_branch_operator.py
[2023-06-09T01:35:44.363+0000] {processor.py:826} INFO - Processing file /home/airflow/.local/lib/python3.7/site-packages/airflow/example_dags/example_branch_operator.py for tasks to queue
[2023-06-09T01:35:44.364+0000] {logging_mixin.py:149} INFO - [2023-06-09T01:35:44.364+0000] {dagbag.py:541} INFO - Filling up the DagBag from /home/airflow/.local/lib/python3.7/site-packages/airflow/example_dags/example_branch_operator.py
[2023-06-09T01:35:44.371+0000] {processor.py:836} INFO - DAG(s) dict_keys(['example_branch_operator']) retrieved from /home/airflow/.local/lib/python3.7/site-packages/airflow/example_dags/example_branch_operator.py
[2023-06-09T01:35:44.395+0000] {logging_mixin.py:149} INFO - [2023-06-09T01:35:44.395+0000] {dag.py:2726} INFO - Sync 1 DAGs
[2023-06-09T01:35:44.411+0000] {logging_mixin.py:149} INFO - [2023-06-09T01:35:44.411+0000] {dag.py:3490} INFO - Setting next_dagrun for example_branch_operator to 2023-06-08T00:00:00+00:00, run_after=2023-06-09T00:00:00+00:00
[2023-06-09T01:35:44.422+0000] {processor.py:179} INFO - Processing /home/airflow/.local/lib/python3.7/site-packages/airflow/example_dags/example_branch_operator.py took 0.063 seconds
[2023-06-09T01:36:14.584+0000] {processor.py:157} INFO - Started process (PID=1246) to work on /home/airflow/.local/lib/python3.7/site-packages/airflow/example_dags/example_branch_operator.py
[2023-06-09T01:36:14.585+0000] {processor.py:826} INFO - Processing file /home/airflow/.local/lib/python3.7/site-packages/airflow/example_dags/example_branch_operator.py for tasks to queue
[2023-06-09T01:36:14.586+0000] {logging_mixin.py:149} INFO - [2023-06-09T01:36:14.586+0000] {dagbag.py:541} INFO - Filling up the DagBag from /home/airflow/.local/lib/python3.7/site-packages/airflow/example_dags/example_branch_operator.py
[2023-06-09T01:36:14.593+0000] {processor.py:836} INFO - DAG(s) dict_keys(['example_branch_operator']) retrieved from /home/airflow/.local/lib/python3.7/site-packages/airflow/example_dags/example_branch_operator.py
[2023-06-09T01:36:14.615+0000] {logging_mixin.py:149} INFO - [2023-06-09T01:36:14.615+0000] {dag.py:2726} INFO - Sync 1 DAGs
[2023-06-09T01:36:14.634+0000] {logging_mixin.py:149} INFO - [2023-06-09T01:36:14.633+0000] {dag.py:3490} INFO - Setting next_dagrun for example_branch_operator to 2023-06-08T00:00:00+00:00, run_after=2023-06-09T00:00:00+00:00
[2023-06-09T01:36:14.646+0000] {processor.py:179} INFO - Processing /home/airflow/.local/lib/python3.7/site-packages/airflow/example_dags/example_branch_operator.py took 0.064 seconds
[2023-06-09T01:36:45.064+0000] {processor.py:157} INFO - Started process (PID=1302) to work on /home/airflow/.local/lib/python3.7/site-packages/airflow/example_dags/example_branch_operator.py
[2023-06-09T01:36:45.066+0000] {processor.py:826} INFO - Processing file /home/airflow/.local/lib/python3.7/site-packages/airflow/example_dags/example_branch_operator.py for tasks to queue
[2023-06-09T01:36:45.067+0000] {logging_mixin.py:149} INFO - [2023-06-09T01:36:45.067+0000] {dagbag.py:541} INFO - Filling up the DagBag from /home/airflow/.local/lib/python3.7/site-packages/airflow/example_dags/example_branch_operator.py
[2023-06-09T01:36:45.074+0000] {processor.py:836} INFO - DAG(s) dict_keys(['example_branch_operator']) retrieved from /home/airflow/.local/lib/python3.7/site-packages/airflow/example_dags/example_branch_operator.py
[2023-06-09T01:36:45.097+0000] {logging_mixin.py:149} INFO - [2023-06-09T01:36:45.096+0000] {dag.py:2726} INFO - Sync 1 DAGs
[2023-06-09T01:36:45.115+0000] {logging_mixin.py:149} INFO - [2023-06-09T01:36:45.115+0000] {dag.py:3490} INFO - Setting next_dagrun for example_branch_operator to 2023-06-08T00:00:00+00:00, run_after=2023-06-09T00:00:00+00:00
[2023-06-09T01:36:45.125+0000] {processor.py:179} INFO - Processing /home/airflow/.local/lib/python3.7/site-packages/airflow/example_dags/example_branch_operator.py took 0.064 seconds
[2023-06-09T01:37:15.901+0000] {processor.py:157} INFO - Started process (PID=1358) to work on /home/airflow/.local/lib/python3.7/site-packages/airflow/example_dags/example_branch_operator.py
[2023-06-09T01:37:15.903+0000] {processor.py:826} INFO - Processing file /home/airflow/.local/lib/python3.7/site-packages/airflow/example_dags/example_branch_operator.py for tasks to queue
[2023-06-09T01:37:15.911+0000] {logging_mixin.py:149} INFO - [2023-06-09T01:37:15.911+0000] {dagbag.py:541} INFO - Filling up the DagBag from /home/airflow/.local/lib/python3.7/site-packages/airflow/example_dags/example_branch_operator.py
[2023-06-09T01:37:15.922+0000] {processor.py:836} INFO - DAG(s) dict_keys(['example_branch_operator']) retrieved from /home/airflow/.local/lib/python3.7/site-packages/airflow/example_dags/example_branch_operator.py
[2023-06-09T01:37:15.953+0000] {logging_mixin.py:149} INFO - [2023-06-09T01:37:15.952+0000] {dag.py:2726} INFO - Sync 1 DAGs
[2023-06-09T01:37:15.977+0000] {logging_mixin.py:149} INFO - [2023-06-09T01:37:15.977+0000] {dag.py:3490} INFO - Setting next_dagrun for example_branch_operator to 2023-06-08T00:00:00+00:00, run_after=2023-06-09T00:00:00+00:00
[2023-06-09T01:37:15.990+0000] {processor.py:179} INFO - Processing /home/airflow/.local/lib/python3.7/site-packages/airflow/example_dags/example_branch_operator.py took 0.092 seconds
[2023-06-09T01:37:46.280+0000] {processor.py:157} INFO - Started process (PID=1414) to work on /home/airflow/.local/lib/python3.7/site-packages/airflow/example_dags/example_branch_operator.py
[2023-06-09T01:37:46.281+0000] {processor.py:826} INFO - Processing file /home/airflow/.local/lib/python3.7/site-packages/airflow/example_dags/example_branch_operator.py for tasks to queue
[2023-06-09T01:37:46.282+0000] {logging_mixin.py:149} INFO - [2023-06-09T01:37:46.282+0000] {dagbag.py:541} INFO - Filling up the DagBag from /home/airflow/.local/lib/python3.7/site-packages/airflow/example_dags/example_branch_operator.py
[2023-06-09T01:37:46.289+0000] {processor.py:836} INFO - DAG(s) dict_keys(['example_branch_operator']) retrieved from /home/airflow/.local/lib/python3.7/site-packages/airflow/example_dags/example_branch_operator.py
[2023-06-09T01:37:46.312+0000] {logging_mixin.py:149} INFO - [2023-06-09T01:37:46.312+0000] {dag.py:2726} INFO - Sync 1 DAGs
[2023-06-09T01:37:46.331+0000] {logging_mixin.py:149} INFO - [2023-06-09T01:37:46.331+0000] {dag.py:3490} INFO - Setting next_dagrun for example_branch_operator to 2023-06-08T00:00:00+00:00, run_after=2023-06-09T00:00:00+00:00
[2023-06-09T01:37:46.341+0000] {processor.py:179} INFO - Processing /home/airflow/.local/lib/python3.7/site-packages/airflow/example_dags/example_branch_operator.py took 0.064 seconds
[2023-06-09T01:38:16.799+0000] {processor.py:157} INFO - Started process (PID=1469) to work on /home/airflow/.local/lib/python3.7/site-packages/airflow/example_dags/example_branch_operator.py
[2023-06-09T01:38:16.802+0000] {processor.py:826} INFO - Processing file /home/airflow/.local/lib/python3.7/site-packages/airflow/example_dags/example_branch_operator.py for tasks to queue
[2023-06-09T01:38:16.803+0000] {logging_mixin.py:149} INFO - [2023-06-09T01:38:16.803+0000] {dagbag.py:541} INFO - Filling up the DagBag from /home/airflow/.local/lib/python3.7/site-packages/airflow/example_dags/example_branch_operator.py
[2023-06-09T01:38:16.812+0000] {processor.py:836} INFO - DAG(s) dict_keys(['example_branch_operator']) retrieved from /home/airflow/.local/lib/python3.7/site-packages/airflow/example_dags/example_branch_operator.py
[2023-06-09T01:38:16.839+0000] {logging_mixin.py:149} INFO - [2023-06-09T01:38:16.839+0000] {dag.py:2726} INFO - Sync 1 DAGs
[2023-06-09T01:38:16.867+0000] {logging_mixin.py:149} INFO - [2023-06-09T01:38:16.867+0000] {dag.py:3490} INFO - Setting next_dagrun for example_branch_operator to 2023-06-08T00:00:00+00:00, run_after=2023-06-09T00:00:00+00:00
[2023-06-09T01:38:16.883+0000] {processor.py:179} INFO - Processing /home/airflow/.local/lib/python3.7/site-packages/airflow/example_dags/example_branch_operator.py took 0.089 seconds
[2023-06-09T01:38:47.051+0000] {processor.py:157} INFO - Started process (PID=1525) to work on /home/airflow/.local/lib/python3.7/site-packages/airflow/example_dags/example_branch_operator.py
[2023-06-09T01:38:47.052+0000] {processor.py:826} INFO - Processing file /home/airflow/.local/lib/python3.7/site-packages/airflow/example_dags/example_branch_operator.py for tasks to queue
[2023-06-09T01:38:47.053+0000] {logging_mixin.py:149} INFO - [2023-06-09T01:38:47.053+0000] {dagbag.py:541} INFO - Filling up the DagBag from /home/airflow/.local/lib/python3.7/site-packages/airflow/example_dags/example_branch_operator.py
[2023-06-09T01:38:47.061+0000] {processor.py:836} INFO - DAG(s) dict_keys(['example_branch_operator']) retrieved from /home/airflow/.local/lib/python3.7/site-packages/airflow/example_dags/example_branch_operator.py
[2023-06-09T01:38:47.083+0000] {logging_mixin.py:149} INFO - [2023-06-09T01:38:47.083+0000] {dag.py:2726} INFO - Sync 1 DAGs
[2023-06-09T01:38:47.102+0000] {logging_mixin.py:149} INFO - [2023-06-09T01:38:47.102+0000] {dag.py:3490} INFO - Setting next_dagrun for example_branch_operator to 2023-06-08T00:00:00+00:00, run_after=2023-06-09T00:00:00+00:00
[2023-06-09T01:38:47.113+0000] {processor.py:179} INFO - Processing /home/airflow/.local/lib/python3.7/site-packages/airflow/example_dags/example_branch_operator.py took 0.066 seconds
[2023-06-09T01:39:18.108+0000] {processor.py:157} INFO - Started process (PID=1581) to work on /home/airflow/.local/lib/python3.7/site-packages/airflow/example_dags/example_branch_operator.py
[2023-06-09T01:39:18.109+0000] {processor.py:826} INFO - Processing file /home/airflow/.local/lib/python3.7/site-packages/airflow/example_dags/example_branch_operator.py for tasks to queue
[2023-06-09T01:39:18.110+0000] {logging_mixin.py:149} INFO - [2023-06-09T01:39:18.110+0000] {dagbag.py:541} INFO - Filling up the DagBag from /home/airflow/.local/lib/python3.7/site-packages/airflow/example_dags/example_branch_operator.py
[2023-06-09T01:39:18.116+0000] {processor.py:836} INFO - DAG(s) dict_keys(['example_branch_operator']) retrieved from /home/airflow/.local/lib/python3.7/site-packages/airflow/example_dags/example_branch_operator.py
[2023-06-09T01:39:18.142+0000] {logging_mixin.py:149} INFO - [2023-06-09T01:39:18.142+0000] {dag.py:2726} INFO - Sync 1 DAGs
[2023-06-09T01:39:18.160+0000] {logging_mixin.py:149} INFO - [2023-06-09T01:39:18.160+0000] {dag.py:3490} INFO - Setting next_dagrun for example_branch_operator to 2023-06-08T00:00:00+00:00, run_after=2023-06-09T00:00:00+00:00
[2023-06-09T01:39:18.177+0000] {processor.py:179} INFO - Processing /home/airflow/.local/lib/python3.7/site-packages/airflow/example_dags/example_branch_operator.py took 0.072 seconds
[2023-06-09T01:39:48.502+0000] {processor.py:157} INFO - Started process (PID=1637) to work on /home/airflow/.local/lib/python3.7/site-packages/airflow/example_dags/example_branch_operator.py
[2023-06-09T01:39:48.503+0000] {processor.py:826} INFO - Processing file /home/airflow/.local/lib/python3.7/site-packages/airflow/example_dags/example_branch_operator.py for tasks to queue
[2023-06-09T01:39:48.504+0000] {logging_mixin.py:149} INFO - [2023-06-09T01:39:48.504+0000] {dagbag.py:541} INFO - Filling up the DagBag from /home/airflow/.local/lib/python3.7/site-packages/airflow/example_dags/example_branch_operator.py
[2023-06-09T01:39:48.510+0000] {processor.py:836} INFO - DAG(s) dict_keys(['example_branch_operator']) retrieved from /home/airflow/.local/lib/python3.7/site-packages/airflow/example_dags/example_branch_operator.py
[2023-06-09T01:39:48.531+0000] {logging_mixin.py:149} INFO - [2023-06-09T01:39:48.530+0000] {dag.py:2726} INFO - Sync 1 DAGs
[2023-06-09T01:39:48.546+0000] {logging_mixin.py:149} INFO - [2023-06-09T01:39:48.546+0000] {dag.py:3490} INFO - Setting next_dagrun for example_branch_operator to 2023-06-08T00:00:00+00:00, run_after=2023-06-09T00:00:00+00:00
[2023-06-09T01:39:48.558+0000] {processor.py:179} INFO - Processing /home/airflow/.local/lib/python3.7/site-packages/airflow/example_dags/example_branch_operator.py took 0.059 seconds
[2023-06-09T01:40:18.818+0000] {processor.py:157} INFO - Started process (PID=1694) to work on /home/airflow/.local/lib/python3.7/site-packages/airflow/example_dags/example_branch_operator.py
[2023-06-09T01:40:18.820+0000] {processor.py:826} INFO - Processing file /home/airflow/.local/lib/python3.7/site-packages/airflow/example_dags/example_branch_operator.py for tasks to queue
[2023-06-09T01:40:18.820+0000] {logging_mixin.py:149} INFO - [2023-06-09T01:40:18.820+0000] {dagbag.py:541} INFO - Filling up the DagBag from /home/airflow/.local/lib/python3.7/site-packages/airflow/example_dags/example_branch_operator.py
[2023-06-09T01:40:18.827+0000] {processor.py:836} INFO - DAG(s) dict_keys(['example_branch_operator']) retrieved from /home/airflow/.local/lib/python3.7/site-packages/airflow/example_dags/example_branch_operator.py
[2023-06-09T01:40:18.853+0000] {logging_mixin.py:149} INFO - [2023-06-09T01:40:18.852+0000] {dag.py:2726} INFO - Sync 1 DAGs
[2023-06-09T01:40:18.871+0000] {logging_mixin.py:149} INFO - [2023-06-09T01:40:18.871+0000] {dag.py:3490} INFO - Setting next_dagrun for example_branch_operator to 2023-06-08T00:00:00+00:00, run_after=2023-06-09T00:00:00+00:00
[2023-06-09T01:40:18.881+0000] {processor.py:179} INFO - Processing /home/airflow/.local/lib/python3.7/site-packages/airflow/example_dags/example_branch_operator.py took 0.066 seconds
[2023-06-09T01:40:49.597+0000] {processor.py:157} INFO - Started process (PID=1750) to work on /home/airflow/.local/lib/python3.7/site-packages/airflow/example_dags/example_branch_operator.py
[2023-06-09T01:40:49.599+0000] {processor.py:826} INFO - Processing file /home/airflow/.local/lib/python3.7/site-packages/airflow/example_dags/example_branch_operator.py for tasks to queue
[2023-06-09T01:40:49.599+0000] {logging_mixin.py:149} INFO - [2023-06-09T01:40:49.599+0000] {dagbag.py:541} INFO - Filling up the DagBag from /home/airflow/.local/lib/python3.7/site-packages/airflow/example_dags/example_branch_operator.py
[2023-06-09T01:40:49.606+0000] {processor.py:836} INFO - DAG(s) dict_keys(['example_branch_operator']) retrieved from /home/airflow/.local/lib/python3.7/site-packages/airflow/example_dags/example_branch_operator.py
[2023-06-09T01:40:49.647+0000] {logging_mixin.py:149} INFO - [2023-06-09T01:40:49.647+0000] {dag.py:2726} INFO - Sync 1 DAGs
[2023-06-09T01:40:49.670+0000] {logging_mixin.py:149} INFO - [2023-06-09T01:40:49.670+0000] {dag.py:3490} INFO - Setting next_dagrun for example_branch_operator to 2023-06-08T00:00:00+00:00, run_after=2023-06-09T00:00:00+00:00
[2023-06-09T01:40:49.681+0000] {processor.py:179} INFO - Processing /home/airflow/.local/lib/python3.7/site-packages/airflow/example_dags/example_branch_operator.py took 0.088 seconds
[2023-06-09T01:41:20.671+0000] {processor.py:157} INFO - Started process (PID=1814) to work on /home/airflow/.local/lib/python3.7/site-packages/airflow/example_dags/example_branch_operator.py
[2023-06-09T01:41:20.673+0000] {processor.py:826} INFO - Processing file /home/airflow/.local/lib/python3.7/site-packages/airflow/example_dags/example_branch_operator.py for tasks to queue
[2023-06-09T01:41:20.675+0000] {logging_mixin.py:149} INFO - [2023-06-09T01:41:20.675+0000] {dagbag.py:541} INFO - Filling up the DagBag from /home/airflow/.local/lib/python3.7/site-packages/airflow/example_dags/example_branch_operator.py
[2023-06-09T01:41:20.685+0000] {processor.py:836} INFO - DAG(s) dict_keys(['example_branch_operator']) retrieved from /home/airflow/.local/lib/python3.7/site-packages/airflow/example_dags/example_branch_operator.py
[2023-06-09T01:41:20.739+0000] {logging_mixin.py:149} INFO - [2023-06-09T01:41:20.739+0000] {dag.py:2726} INFO - Sync 1 DAGs
[2023-06-09T01:41:20.764+0000] {logging_mixin.py:149} INFO - [2023-06-09T01:41:20.764+0000] {dag.py:3490} INFO - Setting next_dagrun for example_branch_operator to 2023-06-08T00:00:00+00:00, run_after=2023-06-09T00:00:00+00:00
[2023-06-09T01:41:20.776+0000] {processor.py:179} INFO - Processing /home/airflow/.local/lib/python3.7/site-packages/airflow/example_dags/example_branch_operator.py took 0.108 seconds
[2023-06-09T01:41:51.294+0000] {processor.py:157} INFO - Started process (PID=1870) to work on /home/airflow/.local/lib/python3.7/site-packages/airflow/example_dags/example_branch_operator.py
[2023-06-09T01:41:51.296+0000] {processor.py:826} INFO - Processing file /home/airflow/.local/lib/python3.7/site-packages/airflow/example_dags/example_branch_operator.py for tasks to queue
[2023-06-09T01:41:51.297+0000] {logging_mixin.py:149} INFO - [2023-06-09T01:41:51.297+0000] {dagbag.py:541} INFO - Filling up the DagBag from /home/airflow/.local/lib/python3.7/site-packages/airflow/example_dags/example_branch_operator.py
[2023-06-09T01:41:51.307+0000] {processor.py:836} INFO - DAG(s) dict_keys(['example_branch_operator']) retrieved from /home/airflow/.local/lib/python3.7/site-packages/airflow/example_dags/example_branch_operator.py
[2023-06-09T01:41:51.331+0000] {logging_mixin.py:149} INFO - [2023-06-09T01:41:51.331+0000] {dag.py:2726} INFO - Sync 1 DAGs
[2023-06-09T01:41:51.350+0000] {logging_mixin.py:149} INFO - [2023-06-09T01:41:51.349+0000] {dag.py:3490} INFO - Setting next_dagrun for example_branch_operator to 2023-06-08T00:00:00+00:00, run_after=2023-06-09T00:00:00+00:00
[2023-06-09T01:41:51.361+0000] {processor.py:179} INFO - Processing /home/airflow/.local/lib/python3.7/site-packages/airflow/example_dags/example_branch_operator.py took 0.070 seconds
[2023-06-09T01:42:21.822+0000] {processor.py:157} INFO - Started process (PID=1925) to work on /home/airflow/.local/lib/python3.7/site-packages/airflow/example_dags/example_branch_operator.py
[2023-06-09T01:42:21.823+0000] {processor.py:826} INFO - Processing file /home/airflow/.local/lib/python3.7/site-packages/airflow/example_dags/example_branch_operator.py for tasks to queue
[2023-06-09T01:42:21.824+0000] {logging_mixin.py:149} INFO - [2023-06-09T01:42:21.824+0000] {dagbag.py:541} INFO - Filling up the DagBag from /home/airflow/.local/lib/python3.7/site-packages/airflow/example_dags/example_branch_operator.py
[2023-06-09T01:42:21.831+0000] {processor.py:836} INFO - DAG(s) dict_keys(['example_branch_operator']) retrieved from /home/airflow/.local/lib/python3.7/site-packages/airflow/example_dags/example_branch_operator.py
[2023-06-09T01:42:21.854+0000] {logging_mixin.py:149} INFO - [2023-06-09T01:42:21.854+0000] {dag.py:2726} INFO - Sync 1 DAGs
[2023-06-09T01:42:21.878+0000] {logging_mixin.py:149} INFO - [2023-06-09T01:42:21.878+0000] {dag.py:3490} INFO - Setting next_dagrun for example_branch_operator to 2023-06-08T00:00:00+00:00, run_after=2023-06-09T00:00:00+00:00
[2023-06-09T01:42:21.898+0000] {processor.py:179} INFO - Processing /home/airflow/.local/lib/python3.7/site-packages/airflow/example_dags/example_branch_operator.py took 0.079 seconds
[2023-06-09T01:42:52.523+0000] {processor.py:157} INFO - Started process (PID=1981) to work on /home/airflow/.local/lib/python3.7/site-packages/airflow/example_dags/example_branch_operator.py
[2023-06-09T01:42:52.525+0000] {processor.py:826} INFO - Processing file /home/airflow/.local/lib/python3.7/site-packages/airflow/example_dags/example_branch_operator.py for tasks to queue
[2023-06-09T01:42:52.526+0000] {logging_mixin.py:149} INFO - [2023-06-09T01:42:52.526+0000] {dagbag.py:541} INFO - Filling up the DagBag from /home/airflow/.local/lib/python3.7/site-packages/airflow/example_dags/example_branch_operator.py
[2023-06-09T01:42:52.534+0000] {processor.py:836} INFO - DAG(s) dict_keys(['example_branch_operator']) retrieved from /home/airflow/.local/lib/python3.7/site-packages/airflow/example_dags/example_branch_operator.py
[2023-06-09T01:42:52.559+0000] {logging_mixin.py:149} INFO - [2023-06-09T01:42:52.559+0000] {dag.py:2726} INFO - Sync 1 DAGs
[2023-06-09T01:42:52.580+0000] {logging_mixin.py:149} INFO - [2023-06-09T01:42:52.580+0000] {dag.py:3490} INFO - Setting next_dagrun for example_branch_operator to 2023-06-08T00:00:00+00:00, run_after=2023-06-09T00:00:00+00:00
[2023-06-09T01:42:52.592+0000] {processor.py:179} INFO - Processing /home/airflow/.local/lib/python3.7/site-packages/airflow/example_dags/example_branch_operator.py took 0.073 seconds
[2023-06-09T01:43:22.929+0000] {processor.py:157} INFO - Started process (PID=2037) to work on /home/airflow/.local/lib/python3.7/site-packages/airflow/example_dags/example_branch_operator.py
[2023-06-09T01:43:22.930+0000] {processor.py:826} INFO - Processing file /home/airflow/.local/lib/python3.7/site-packages/airflow/example_dags/example_branch_operator.py for tasks to queue
[2023-06-09T01:43:22.932+0000] {logging_mixin.py:149} INFO - [2023-06-09T01:43:22.932+0000] {dagbag.py:541} INFO - Filling up the DagBag from /home/airflow/.local/lib/python3.7/site-packages/airflow/example_dags/example_branch_operator.py
[2023-06-09T01:43:22.940+0000] {processor.py:836} INFO - DAG(s) dict_keys(['example_branch_operator']) retrieved from /home/airflow/.local/lib/python3.7/site-packages/airflow/example_dags/example_branch_operator.py
[2023-06-09T01:43:22.962+0000] {logging_mixin.py:149} INFO - [2023-06-09T01:43:22.962+0000] {dag.py:2726} INFO - Sync 1 DAGs
[2023-06-09T01:43:22.979+0000] {logging_mixin.py:149} INFO - [2023-06-09T01:43:22.979+0000] {dag.py:3490} INFO - Setting next_dagrun for example_branch_operator to 2023-06-08T00:00:00+00:00, run_after=2023-06-09T00:00:00+00:00
[2023-06-09T01:43:22.992+0000] {processor.py:179} INFO - Processing /home/airflow/.local/lib/python3.7/site-packages/airflow/example_dags/example_branch_operator.py took 0.066 seconds
[2023-06-09T01:43:53.283+0000] {processor.py:157} INFO - Started process (PID=2093) to work on /home/airflow/.local/lib/python3.7/site-packages/airflow/example_dags/example_branch_operator.py
[2023-06-09T01:43:53.284+0000] {processor.py:826} INFO - Processing file /home/airflow/.local/lib/python3.7/site-packages/airflow/example_dags/example_branch_operator.py for tasks to queue
[2023-06-09T01:43:53.286+0000] {logging_mixin.py:149} INFO - [2023-06-09T01:43:53.286+0000] {dagbag.py:541} INFO - Filling up the DagBag from /home/airflow/.local/lib/python3.7/site-packages/airflow/example_dags/example_branch_operator.py
[2023-06-09T01:43:53.294+0000] {processor.py:836} INFO - DAG(s) dict_keys(['example_branch_operator']) retrieved from /home/airflow/.local/lib/python3.7/site-packages/airflow/example_dags/example_branch_operator.py
[2023-06-09T01:43:53.318+0000] {logging_mixin.py:149} INFO - [2023-06-09T01:43:53.318+0000] {dag.py:2726} INFO - Sync 1 DAGs
[2023-06-09T01:43:53.337+0000] {logging_mixin.py:149} INFO - [2023-06-09T01:43:53.337+0000] {dag.py:3490} INFO - Setting next_dagrun for example_branch_operator to 2023-06-08T00:00:00+00:00, run_after=2023-06-09T00:00:00+00:00
[2023-06-09T01:43:53.349+0000] {processor.py:179} INFO - Processing /home/airflow/.local/lib/python3.7/site-packages/airflow/example_dags/example_branch_operator.py took 0.070 seconds
[2023-06-09T01:44:23.588+0000] {processor.py:157} INFO - Started process (PID=2150) to work on /home/airflow/.local/lib/python3.7/site-packages/airflow/example_dags/example_branch_operator.py
[2023-06-09T01:44:23.590+0000] {processor.py:826} INFO - Processing file /home/airflow/.local/lib/python3.7/site-packages/airflow/example_dags/example_branch_operator.py for tasks to queue
[2023-06-09T01:44:23.592+0000] {logging_mixin.py:149} INFO - [2023-06-09T01:44:23.591+0000] {dagbag.py:541} INFO - Filling up the DagBag from /home/airflow/.local/lib/python3.7/site-packages/airflow/example_dags/example_branch_operator.py
[2023-06-09T01:44:23.601+0000] {processor.py:836} INFO - DAG(s) dict_keys(['example_branch_operator']) retrieved from /home/airflow/.local/lib/python3.7/site-packages/airflow/example_dags/example_branch_operator.py
[2023-06-09T01:44:23.625+0000] {logging_mixin.py:149} INFO - [2023-06-09T01:44:23.625+0000] {dag.py:2726} INFO - Sync 1 DAGs
[2023-06-09T01:44:23.644+0000] {logging_mixin.py:149} INFO - [2023-06-09T01:44:23.643+0000] {dag.py:3490} INFO - Setting next_dagrun for example_branch_operator to 2023-06-08T00:00:00+00:00, run_after=2023-06-09T00:00:00+00:00
[2023-06-09T01:44:23.658+0000] {processor.py:179} INFO - Processing /home/airflow/.local/lib/python3.7/site-packages/airflow/example_dags/example_branch_operator.py took 0.074 seconds
[2023-06-09T01:44:54.464+0000] {processor.py:157} INFO - Started process (PID=2206) to work on /home/airflow/.local/lib/python3.7/site-packages/airflow/example_dags/example_branch_operator.py
[2023-06-09T01:44:54.466+0000] {processor.py:826} INFO - Processing file /home/airflow/.local/lib/python3.7/site-packages/airflow/example_dags/example_branch_operator.py for tasks to queue
[2023-06-09T01:44:54.467+0000] {logging_mixin.py:149} INFO - [2023-06-09T01:44:54.467+0000] {dagbag.py:541} INFO - Filling up the DagBag from /home/airflow/.local/lib/python3.7/site-packages/airflow/example_dags/example_branch_operator.py
[2023-06-09T01:44:54.480+0000] {processor.py:836} INFO - DAG(s) dict_keys(['example_branch_operator']) retrieved from /home/airflow/.local/lib/python3.7/site-packages/airflow/example_dags/example_branch_operator.py
[2023-06-09T01:44:54.510+0000] {logging_mixin.py:149} INFO - [2023-06-09T01:44:54.510+0000] {dag.py:2726} INFO - Sync 1 DAGs
[2023-06-09T01:44:54.536+0000] {logging_mixin.py:149} INFO - [2023-06-09T01:44:54.536+0000] {dag.py:3490} INFO - Setting next_dagrun for example_branch_operator to 2023-06-08T00:00:00+00:00, run_after=2023-06-09T00:00:00+00:00
[2023-06-09T01:44:54.554+0000] {processor.py:179} INFO - Processing /home/airflow/.local/lib/python3.7/site-packages/airflow/example_dags/example_branch_operator.py took 0.095 seconds
[2023-06-09T01:45:24.859+0000] {processor.py:157} INFO - Started process (PID=2263) to work on /home/airflow/.local/lib/python3.7/site-packages/airflow/example_dags/example_branch_operator.py
[2023-06-09T01:45:24.861+0000] {processor.py:826} INFO - Processing file /home/airflow/.local/lib/python3.7/site-packages/airflow/example_dags/example_branch_operator.py for tasks to queue
[2023-06-09T01:45:24.862+0000] {logging_mixin.py:149} INFO - [2023-06-09T01:45:24.862+0000] {dagbag.py:541} INFO - Filling up the DagBag from /home/airflow/.local/lib/python3.7/site-packages/airflow/example_dags/example_branch_operator.py
[2023-06-09T01:45:24.870+0000] {processor.py:836} INFO - DAG(s) dict_keys(['example_branch_operator']) retrieved from /home/airflow/.local/lib/python3.7/site-packages/airflow/example_dags/example_branch_operator.py
[2023-06-09T01:45:24.894+0000] {logging_mixin.py:149} INFO - [2023-06-09T01:45:24.894+0000] {dag.py:2726} INFO - Sync 1 DAGs
[2023-06-09T01:45:24.913+0000] {logging_mixin.py:149} INFO - [2023-06-09T01:45:24.913+0000] {dag.py:3490} INFO - Setting next_dagrun for example_branch_operator to 2023-06-08T00:00:00+00:00, run_after=2023-06-09T00:00:00+00:00
[2023-06-09T01:45:24.926+0000] {processor.py:179} INFO - Processing /home/airflow/.local/lib/python3.7/site-packages/airflow/example_dags/example_branch_operator.py took 0.072 seconds
[2023-06-09T01:45:55.699+0000] {processor.py:157} INFO - Started process (PID=2319) to work on /home/airflow/.local/lib/python3.7/site-packages/airflow/example_dags/example_branch_operator.py
[2023-06-09T01:45:55.701+0000] {processor.py:826} INFO - Processing file /home/airflow/.local/lib/python3.7/site-packages/airflow/example_dags/example_branch_operator.py for tasks to queue
[2023-06-09T01:45:55.702+0000] {logging_mixin.py:149} INFO - [2023-06-09T01:45:55.702+0000] {dagbag.py:541} INFO - Filling up the DagBag from /home/airflow/.local/lib/python3.7/site-packages/airflow/example_dags/example_branch_operator.py
[2023-06-09T01:45:55.711+0000] {processor.py:836} INFO - DAG(s) dict_keys(['example_branch_operator']) retrieved from /home/airflow/.local/lib/python3.7/site-packages/airflow/example_dags/example_branch_operator.py
[2023-06-09T01:45:55.737+0000] {logging_mixin.py:149} INFO - [2023-06-09T01:45:55.737+0000] {dag.py:2726} INFO - Sync 1 DAGs
[2023-06-09T01:45:55.758+0000] {logging_mixin.py:149} INFO - [2023-06-09T01:45:55.758+0000] {dag.py:3490} INFO - Setting next_dagrun for example_branch_operator to 2023-06-08T00:00:00+00:00, run_after=2023-06-09T00:00:00+00:00
[2023-06-09T01:45:55.772+0000] {processor.py:179} INFO - Processing /home/airflow/.local/lib/python3.7/site-packages/airflow/example_dags/example_branch_operator.py took 0.078 seconds
[2023-06-09T01:46:25.937+0000] {processor.py:157} INFO - Started process (PID=2375) to work on /home/airflow/.local/lib/python3.7/site-packages/airflow/example_dags/example_branch_operator.py
[2023-06-09T01:46:25.941+0000] {processor.py:826} INFO - Processing file /home/airflow/.local/lib/python3.7/site-packages/airflow/example_dags/example_branch_operator.py for tasks to queue
[2023-06-09T01:46:25.943+0000] {logging_mixin.py:149} INFO - [2023-06-09T01:46:25.943+0000] {dagbag.py:541} INFO - Filling up the DagBag from /home/airflow/.local/lib/python3.7/site-packages/airflow/example_dags/example_branch_operator.py
[2023-06-09T01:46:25.954+0000] {processor.py:836} INFO - DAG(s) dict_keys(['example_branch_operator']) retrieved from /home/airflow/.local/lib/python3.7/site-packages/airflow/example_dags/example_branch_operator.py
[2023-06-09T01:46:25.980+0000] {logging_mixin.py:149} INFO - [2023-06-09T01:46:25.980+0000] {dag.py:2726} INFO - Sync 1 DAGs
[2023-06-09T01:46:25.998+0000] {logging_mixin.py:149} INFO - [2023-06-09T01:46:25.998+0000] {dag.py:3490} INFO - Setting next_dagrun for example_branch_operator to 2023-06-08T00:00:00+00:00, run_after=2023-06-09T00:00:00+00:00
[2023-06-09T01:46:26.010+0000] {processor.py:179} INFO - Processing /home/airflow/.local/lib/python3.7/site-packages/airflow/example_dags/example_branch_operator.py took 0.088 seconds
[2023-06-09T01:46:56.588+0000] {processor.py:157} INFO - Started process (PID=2431) to work on /home/airflow/.local/lib/python3.7/site-packages/airflow/example_dags/example_branch_operator.py
[2023-06-09T01:46:56.590+0000] {processor.py:826} INFO - Processing file /home/airflow/.local/lib/python3.7/site-packages/airflow/example_dags/example_branch_operator.py for tasks to queue
[2023-06-09T01:46:56.591+0000] {logging_mixin.py:149} INFO - [2023-06-09T01:46:56.591+0000] {dagbag.py:541} INFO - Filling up the DagBag from /home/airflow/.local/lib/python3.7/site-packages/airflow/example_dags/example_branch_operator.py
[2023-06-09T01:46:56.602+0000] {processor.py:836} INFO - DAG(s) dict_keys(['example_branch_operator']) retrieved from /home/airflow/.local/lib/python3.7/site-packages/airflow/example_dags/example_branch_operator.py
[2023-06-09T01:46:56.648+0000] {logging_mixin.py:149} INFO - [2023-06-09T01:46:56.647+0000] {dag.py:2726} INFO - Sync 1 DAGs
[2023-06-09T01:46:56.672+0000] {logging_mixin.py:149} INFO - [2023-06-09T01:46:56.672+0000] {dag.py:3490} INFO - Setting next_dagrun for example_branch_operator to 2023-06-08T00:00:00+00:00, run_after=2023-06-09T00:00:00+00:00
[2023-06-09T01:46:56.706+0000] {processor.py:179} INFO - Processing /home/airflow/.local/lib/python3.7/site-packages/airflow/example_dags/example_branch_operator.py took 0.124 seconds
[2023-06-09T01:47:27.314+0000] {processor.py:157} INFO - Started process (PID=2487) to work on /home/airflow/.local/lib/python3.7/site-packages/airflow/example_dags/example_branch_operator.py
[2023-06-09T01:47:27.316+0000] {processor.py:826} INFO - Processing file /home/airflow/.local/lib/python3.7/site-packages/airflow/example_dags/example_branch_operator.py for tasks to queue
[2023-06-09T01:47:27.317+0000] {logging_mixin.py:149} INFO - [2023-06-09T01:47:27.317+0000] {dagbag.py:541} INFO - Filling up the DagBag from /home/airflow/.local/lib/python3.7/site-packages/airflow/example_dags/example_branch_operator.py
[2023-06-09T01:47:27.329+0000] {processor.py:836} INFO - DAG(s) dict_keys(['example_branch_operator']) retrieved from /home/airflow/.local/lib/python3.7/site-packages/airflow/example_dags/example_branch_operator.py
[2023-06-09T01:47:27.358+0000] {logging_mixin.py:149} INFO - [2023-06-09T01:47:27.358+0000] {dag.py:2726} INFO - Sync 1 DAGs
[2023-06-09T01:47:27.378+0000] {logging_mixin.py:149} INFO - [2023-06-09T01:47:27.378+0000] {dag.py:3490} INFO - Setting next_dagrun for example_branch_operator to 2023-06-08T00:00:00+00:00, run_after=2023-06-09T00:00:00+00:00
[2023-06-09T01:47:27.393+0000] {processor.py:179} INFO - Processing /home/airflow/.local/lib/python3.7/site-packages/airflow/example_dags/example_branch_operator.py took 0.085 seconds
[2023-06-09T01:47:57.940+0000] {processor.py:157} INFO - Started process (PID=2544) to work on /home/airflow/.local/lib/python3.7/site-packages/airflow/example_dags/example_branch_operator.py
[2023-06-09T01:47:57.942+0000] {processor.py:826} INFO - Processing file /home/airflow/.local/lib/python3.7/site-packages/airflow/example_dags/example_branch_operator.py for tasks to queue
[2023-06-09T01:47:57.944+0000] {logging_mixin.py:149} INFO - [2023-06-09T01:47:57.944+0000] {dagbag.py:541} INFO - Filling up the DagBag from /home/airflow/.local/lib/python3.7/site-packages/airflow/example_dags/example_branch_operator.py
[2023-06-09T01:47:57.958+0000] {processor.py:836} INFO - DAG(s) dict_keys(['example_branch_operator']) retrieved from /home/airflow/.local/lib/python3.7/site-packages/airflow/example_dags/example_branch_operator.py
[2023-06-09T01:47:57.994+0000] {logging_mixin.py:149} INFO - [2023-06-09T01:47:57.993+0000] {dag.py:2726} INFO - Sync 1 DAGs
[2023-06-09T01:47:58.026+0000] {logging_mixin.py:149} INFO - [2023-06-09T01:47:58.026+0000] {dag.py:3490} INFO - Setting next_dagrun for example_branch_operator to 2023-06-08T00:00:00+00:00, run_after=2023-06-09T00:00:00+00:00
[2023-06-09T01:47:58.043+0000] {processor.py:179} INFO - Processing /home/airflow/.local/lib/python3.7/site-packages/airflow/example_dags/example_branch_operator.py took 0.109 seconds
[2023-06-09T01:48:28.475+0000] {processor.py:157} INFO - Started process (PID=2600) to work on /home/airflow/.local/lib/python3.7/site-packages/airflow/example_dags/example_branch_operator.py
[2023-06-09T01:48:28.477+0000] {processor.py:826} INFO - Processing file /home/airflow/.local/lib/python3.7/site-packages/airflow/example_dags/example_branch_operator.py for tasks to queue
[2023-06-09T01:48:28.480+0000] {logging_mixin.py:149} INFO - [2023-06-09T01:48:28.480+0000] {dagbag.py:541} INFO - Filling up the DagBag from /home/airflow/.local/lib/python3.7/site-packages/airflow/example_dags/example_branch_operator.py
[2023-06-09T01:48:28.492+0000] {processor.py:836} INFO - DAG(s) dict_keys(['example_branch_operator']) retrieved from /home/airflow/.local/lib/python3.7/site-packages/airflow/example_dags/example_branch_operator.py
[2023-06-09T01:48:28.521+0000] {logging_mixin.py:149} INFO - [2023-06-09T01:48:28.520+0000] {dag.py:2726} INFO - Sync 1 DAGs
[2023-06-09T01:48:28.540+0000] {logging_mixin.py:149} INFO - [2023-06-09T01:48:28.540+0000] {dag.py:3490} INFO - Setting next_dagrun for example_branch_operator to 2023-06-08T00:00:00+00:00, run_after=2023-06-09T00:00:00+00:00
[2023-06-09T01:48:28.554+0000] {processor.py:179} INFO - Processing /home/airflow/.local/lib/python3.7/site-packages/airflow/example_dags/example_branch_operator.py took 0.085 seconds
[2023-06-09T01:48:58.625+0000] {processor.py:157} INFO - Started process (PID=2655) to work on /home/airflow/.local/lib/python3.7/site-packages/airflow/example_dags/example_branch_operator.py
[2023-06-09T01:48:58.628+0000] {processor.py:826} INFO - Processing file /home/airflow/.local/lib/python3.7/site-packages/airflow/example_dags/example_branch_operator.py for tasks to queue
[2023-06-09T01:48:58.630+0000] {logging_mixin.py:149} INFO - [2023-06-09T01:48:58.630+0000] {dagbag.py:541} INFO - Filling up the DagBag from /home/airflow/.local/lib/python3.7/site-packages/airflow/example_dags/example_branch_operator.py
[2023-06-09T01:48:58.642+0000] {processor.py:836} INFO - DAG(s) dict_keys(['example_branch_operator']) retrieved from /home/airflow/.local/lib/python3.7/site-packages/airflow/example_dags/example_branch_operator.py
[2023-06-09T01:48:58.667+0000] {logging_mixin.py:149} INFO - [2023-06-09T01:48:58.667+0000] {dag.py:2726} INFO - Sync 1 DAGs
[2023-06-09T01:48:58.684+0000] {logging_mixin.py:149} INFO - [2023-06-09T01:48:58.684+0000] {dag.py:3490} INFO - Setting next_dagrun for example_branch_operator to 2023-06-08T00:00:00+00:00, run_after=2023-06-09T00:00:00+00:00
[2023-06-09T01:48:58.695+0000] {processor.py:179} INFO - Processing /home/airflow/.local/lib/python3.7/site-packages/airflow/example_dags/example_branch_operator.py took 0.077 seconds
[2023-06-09T01:49:28.801+0000] {processor.py:157} INFO - Started process (PID=2710) to work on /home/airflow/.local/lib/python3.7/site-packages/airflow/example_dags/example_branch_operator.py
[2023-06-09T01:49:28.804+0000] {processor.py:826} INFO - Processing file /home/airflow/.local/lib/python3.7/site-packages/airflow/example_dags/example_branch_operator.py for tasks to queue
[2023-06-09T01:49:28.805+0000] {logging_mixin.py:149} INFO - [2023-06-09T01:49:28.805+0000] {dagbag.py:541} INFO - Filling up the DagBag from /home/airflow/.local/lib/python3.7/site-packages/airflow/example_dags/example_branch_operator.py
[2023-06-09T01:49:28.819+0000] {processor.py:836} INFO - DAG(s) dict_keys(['example_branch_operator']) retrieved from /home/airflow/.local/lib/python3.7/site-packages/airflow/example_dags/example_branch_operator.py
[2023-06-09T01:49:28.849+0000] {logging_mixin.py:149} INFO - [2023-06-09T01:49:28.849+0000] {dag.py:2726} INFO - Sync 1 DAGs
[2023-06-09T01:49:28.866+0000] {logging_mixin.py:149} INFO - [2023-06-09T01:49:28.866+0000] {dag.py:3490} INFO - Setting next_dagrun for example_branch_operator to 2023-06-08T00:00:00+00:00, run_after=2023-06-09T00:00:00+00:00
[2023-06-09T01:49:28.878+0000] {processor.py:179} INFO - Processing /home/airflow/.local/lib/python3.7/site-packages/airflow/example_dags/example_branch_operator.py took 0.083 seconds
[2023-06-09T01:49:59.213+0000] {processor.py:157} INFO - Started process (PID=2766) to work on /home/airflow/.local/lib/python3.7/site-packages/airflow/example_dags/example_branch_operator.py
[2023-06-09T01:49:59.216+0000] {processor.py:826} INFO - Processing file /home/airflow/.local/lib/python3.7/site-packages/airflow/example_dags/example_branch_operator.py for tasks to queue
[2023-06-09T01:49:59.218+0000] {logging_mixin.py:149} INFO - [2023-06-09T01:49:59.218+0000] {dagbag.py:541} INFO - Filling up the DagBag from /home/airflow/.local/lib/python3.7/site-packages/airflow/example_dags/example_branch_operator.py
[2023-06-09T01:49:59.239+0000] {processor.py:836} INFO - DAG(s) dict_keys(['example_branch_operator']) retrieved from /home/airflow/.local/lib/python3.7/site-packages/airflow/example_dags/example_branch_operator.py
[2023-06-09T01:49:59.289+0000] {logging_mixin.py:149} INFO - [2023-06-09T01:49:59.289+0000] {dag.py:2726} INFO - Sync 1 DAGs
[2023-06-09T01:49:59.312+0000] {logging_mixin.py:149} INFO - [2023-06-09T01:49:59.311+0000] {dag.py:3490} INFO - Setting next_dagrun for example_branch_operator to 2023-06-08T00:00:00+00:00, run_after=2023-06-09T00:00:00+00:00
[2023-06-09T01:49:59.327+0000] {processor.py:179} INFO - Processing /home/airflow/.local/lib/python3.7/site-packages/airflow/example_dags/example_branch_operator.py took 0.122 seconds
[2023-06-09T01:50:29.735+0000] {processor.py:157} INFO - Started process (PID=2822) to work on /home/airflow/.local/lib/python3.7/site-packages/airflow/example_dags/example_branch_operator.py
[2023-06-09T01:50:29.737+0000] {processor.py:826} INFO - Processing file /home/airflow/.local/lib/python3.7/site-packages/airflow/example_dags/example_branch_operator.py for tasks to queue
[2023-06-09T01:50:29.740+0000] {logging_mixin.py:149} INFO - [2023-06-09T01:50:29.740+0000] {dagbag.py:541} INFO - Filling up the DagBag from /home/airflow/.local/lib/python3.7/site-packages/airflow/example_dags/example_branch_operator.py
[2023-06-09T01:50:29.750+0000] {processor.py:836} INFO - DAG(s) dict_keys(['example_branch_operator']) retrieved from /home/airflow/.local/lib/python3.7/site-packages/airflow/example_dags/example_branch_operator.py
[2023-06-09T01:50:29.778+0000] {logging_mixin.py:149} INFO - [2023-06-09T01:50:29.777+0000] {dag.py:2726} INFO - Sync 1 DAGs
[2023-06-09T01:50:29.798+0000] {logging_mixin.py:149} INFO - [2023-06-09T01:50:29.798+0000] {dag.py:3490} INFO - Setting next_dagrun for example_branch_operator to 2023-06-08T00:00:00+00:00, run_after=2023-06-09T00:00:00+00:00
[2023-06-09T01:50:29.810+0000] {processor.py:179} INFO - Processing /home/airflow/.local/lib/python3.7/site-packages/airflow/example_dags/example_branch_operator.py took 0.080 seconds
[2023-06-09T01:51:00.185+0000] {processor.py:157} INFO - Started process (PID=2878) to work on /home/airflow/.local/lib/python3.7/site-packages/airflow/example_dags/example_branch_operator.py
[2023-06-09T01:51:00.186+0000] {processor.py:826} INFO - Processing file /home/airflow/.local/lib/python3.7/site-packages/airflow/example_dags/example_branch_operator.py for tasks to queue
[2023-06-09T01:51:00.187+0000] {logging_mixin.py:149} INFO - [2023-06-09T01:51:00.187+0000] {dagbag.py:541} INFO - Filling up the DagBag from /home/airflow/.local/lib/python3.7/site-packages/airflow/example_dags/example_branch_operator.py
[2023-06-09T01:51:00.195+0000] {processor.py:836} INFO - DAG(s) dict_keys(['example_branch_operator']) retrieved from /home/airflow/.local/lib/python3.7/site-packages/airflow/example_dags/example_branch_operator.py
[2023-06-09T01:51:00.224+0000] {logging_mixin.py:149} INFO - [2023-06-09T01:51:00.224+0000] {dag.py:2726} INFO - Sync 1 DAGs
[2023-06-09T01:51:00.241+0000] {logging_mixin.py:149} INFO - [2023-06-09T01:51:00.241+0000] {dag.py:3490} INFO - Setting next_dagrun for example_branch_operator to 2023-06-08T00:00:00+00:00, run_after=2023-06-09T00:00:00+00:00
[2023-06-09T01:51:00.253+0000] {processor.py:179} INFO - Processing /home/airflow/.local/lib/python3.7/site-packages/airflow/example_dags/example_branch_operator.py took 0.071 seconds
[2023-06-09T01:51:30.955+0000] {processor.py:157} INFO - Started process (PID=2930) to work on /home/airflow/.local/lib/python3.7/site-packages/airflow/example_dags/example_branch_operator.py
[2023-06-09T01:51:30.956+0000] {processor.py:826} INFO - Processing file /home/airflow/.local/lib/python3.7/site-packages/airflow/example_dags/example_branch_operator.py for tasks to queue
[2023-06-09T01:51:30.957+0000] {logging_mixin.py:149} INFO - [2023-06-09T01:51:30.957+0000] {dagbag.py:541} INFO - Filling up the DagBag from /home/airflow/.local/lib/python3.7/site-packages/airflow/example_dags/example_branch_operator.py
[2023-06-09T01:51:30.966+0000] {processor.py:836} INFO - DAG(s) dict_keys(['example_branch_operator']) retrieved from /home/airflow/.local/lib/python3.7/site-packages/airflow/example_dags/example_branch_operator.py
[2023-06-09T01:51:30.989+0000] {logging_mixin.py:149} INFO - [2023-06-09T01:51:30.989+0000] {dag.py:2726} INFO - Sync 1 DAGs
[2023-06-09T01:51:31.007+0000] {logging_mixin.py:149} INFO - [2023-06-09T01:51:31.007+0000] {dag.py:3490} INFO - Setting next_dagrun for example_branch_operator to 2023-06-08T00:00:00+00:00, run_after=2023-06-09T00:00:00+00:00
[2023-06-09T01:51:31.020+0000] {processor.py:179} INFO - Processing /home/airflow/.local/lib/python3.7/site-packages/airflow/example_dags/example_branch_operator.py took 0.068 seconds
[2023-06-09T01:52:01.342+0000] {processor.py:157} INFO - Started process (PID=2986) to work on /home/airflow/.local/lib/python3.7/site-packages/airflow/example_dags/example_branch_operator.py
[2023-06-09T01:52:01.344+0000] {processor.py:826} INFO - Processing file /home/airflow/.local/lib/python3.7/site-packages/airflow/example_dags/example_branch_operator.py for tasks to queue
[2023-06-09T01:52:01.345+0000] {logging_mixin.py:149} INFO - [2023-06-09T01:52:01.345+0000] {dagbag.py:541} INFO - Filling up the DagBag from /home/airflow/.local/lib/python3.7/site-packages/airflow/example_dags/example_branch_operator.py
[2023-06-09T01:52:01.354+0000] {processor.py:836} INFO - DAG(s) dict_keys(['example_branch_operator']) retrieved from /home/airflow/.local/lib/python3.7/site-packages/airflow/example_dags/example_branch_operator.py
[2023-06-09T01:52:01.379+0000] {logging_mixin.py:149} INFO - [2023-06-09T01:52:01.379+0000] {dag.py:2726} INFO - Sync 1 DAGs
[2023-06-09T01:52:01.398+0000] {logging_mixin.py:149} INFO - [2023-06-09T01:52:01.398+0000] {dag.py:3490} INFO - Setting next_dagrun for example_branch_operator to 2023-06-08T00:00:00+00:00, run_after=2023-06-09T00:00:00+00:00
[2023-06-09T01:52:01.411+0000] {processor.py:179} INFO - Processing /home/airflow/.local/lib/python3.7/site-packages/airflow/example_dags/example_branch_operator.py took 0.074 seconds
[2023-06-09T01:52:32.014+0000] {processor.py:157} INFO - Started process (PID=3042) to work on /home/airflow/.local/lib/python3.7/site-packages/airflow/example_dags/example_branch_operator.py
[2023-06-09T01:52:32.016+0000] {processor.py:826} INFO - Processing file /home/airflow/.local/lib/python3.7/site-packages/airflow/example_dags/example_branch_operator.py for tasks to queue
[2023-06-09T01:52:32.018+0000] {logging_mixin.py:149} INFO - [2023-06-09T01:52:32.018+0000] {dagbag.py:541} INFO - Filling up the DagBag from /home/airflow/.local/lib/python3.7/site-packages/airflow/example_dags/example_branch_operator.py
[2023-06-09T01:52:32.029+0000] {processor.py:836} INFO - DAG(s) dict_keys(['example_branch_operator']) retrieved from /home/airflow/.local/lib/python3.7/site-packages/airflow/example_dags/example_branch_operator.py
[2023-06-09T01:52:32.056+0000] {logging_mixin.py:149} INFO - [2023-06-09T01:52:32.056+0000] {dag.py:2726} INFO - Sync 1 DAGs
[2023-06-09T01:52:32.076+0000] {logging_mixin.py:149} INFO - [2023-06-09T01:52:32.076+0000] {dag.py:3490} INFO - Setting next_dagrun for example_branch_operator to 2023-06-08T00:00:00+00:00, run_after=2023-06-09T00:00:00+00:00
[2023-06-09T01:52:32.090+0000] {processor.py:179} INFO - Processing /home/airflow/.local/lib/python3.7/site-packages/airflow/example_dags/example_branch_operator.py took 0.081 seconds
[2023-06-09T01:53:02.131+0000] {processor.py:157} INFO - Started process (PID=3097) to work on /home/airflow/.local/lib/python3.7/site-packages/airflow/example_dags/example_branch_operator.py
[2023-06-09T01:53:02.133+0000] {processor.py:826} INFO - Processing file /home/airflow/.local/lib/python3.7/site-packages/airflow/example_dags/example_branch_operator.py for tasks to queue
[2023-06-09T01:53:02.134+0000] {logging_mixin.py:149} INFO - [2023-06-09T01:53:02.134+0000] {dagbag.py:541} INFO - Filling up the DagBag from /home/airflow/.local/lib/python3.7/site-packages/airflow/example_dags/example_branch_operator.py
[2023-06-09T01:53:02.140+0000] {processor.py:836} INFO - DAG(s) dict_keys(['example_branch_operator']) retrieved from /home/airflow/.local/lib/python3.7/site-packages/airflow/example_dags/example_branch_operator.py
[2023-06-09T01:53:02.160+0000] {logging_mixin.py:149} INFO - [2023-06-09T01:53:02.160+0000] {dag.py:2726} INFO - Sync 1 DAGs
[2023-06-09T01:53:02.175+0000] {logging_mixin.py:149} INFO - [2023-06-09T01:53:02.175+0000] {dag.py:3490} INFO - Setting next_dagrun for example_branch_operator to 2023-06-08T00:00:00+00:00, run_after=2023-06-09T00:00:00+00:00
[2023-06-09T01:53:02.186+0000] {processor.py:179} INFO - Processing /home/airflow/.local/lib/python3.7/site-packages/airflow/example_dags/example_branch_operator.py took 0.058 seconds
[2023-06-09T01:53:52.369+0000] {processor.py:157} INFO - Started process (PID=64) to work on /home/airflow/.local/lib/python3.7/site-packages/airflow/example_dags/example_branch_operator.py
[2023-06-09T01:53:52.371+0000] {processor.py:826} INFO - Processing file /home/airflow/.local/lib/python3.7/site-packages/airflow/example_dags/example_branch_operator.py for tasks to queue
[2023-06-09T01:53:52.372+0000] {logging_mixin.py:149} INFO - [2023-06-09T01:53:52.372+0000] {dagbag.py:541} INFO - Filling up the DagBag from /home/airflow/.local/lib/python3.7/site-packages/airflow/example_dags/example_branch_operator.py
[2023-06-09T01:53:52.397+0000] {processor.py:836} INFO - DAG(s) dict_keys(['example_branch_operator']) retrieved from /home/airflow/.local/lib/python3.7/site-packages/airflow/example_dags/example_branch_operator.py
[2023-06-09T01:53:52.423+0000] {logging_mixin.py:149} INFO - [2023-06-09T01:53:52.423+0000] {dag.py:2726} INFO - Sync 1 DAGs
[2023-06-09T01:53:52.457+0000] {logging_mixin.py:149} INFO - [2023-06-09T01:53:52.456+0000] {dag.py:3490} INFO - Setting next_dagrun for example_branch_operator to 2023-06-08T00:00:00+00:00, run_after=2023-06-09T00:00:00+00:00
[2023-06-09T01:53:52.516+0000] {processor.py:179} INFO - Processing /home/airflow/.local/lib/python3.7/site-packages/airflow/example_dags/example_branch_operator.py took 0.154 seconds
