[2023-06-09T01:25:15.166+0000] {processor.py:157} INFO - Started process (PID=49) to work on /home/airflow/.local/lib/python3.7/site-packages/airflow/example_dags/example_params_trigger_ui.py
[2023-06-09T01:25:15.176+0000] {processor.py:826} INFO - Processing file /home/airflow/.local/lib/python3.7/site-packages/airflow/example_dags/example_params_trigger_ui.py for tasks to queue
[2023-06-09T01:25:15.198+0000] {logging_mixin.py:149} INFO - [2023-06-09T01:25:15.198+0000] {dagbag.py:541} INFO - Filling up the DagBag from /home/airflow/.local/lib/python3.7/site-packages/airflow/example_dags/example_params_trigger_ui.py
[2023-06-09T01:25:15.429+0000] {processor.py:836} INFO - DAG(s) dict_keys(['example_params_trigger_ui']) retrieved from /home/airflow/.local/lib/python3.7/site-packages/airflow/example_dags/example_params_trigger_ui.py
[2023-06-09T01:25:17.750+0000] {logging_mixin.py:149} INFO - [2023-06-09T01:25:17.749+0000] {manager.py:504} INFO - Created Permission View: can delete on DAG:example_params_trigger_ui
[2023-06-09T01:25:17.822+0000] {logging_mixin.py:149} INFO - [2023-06-09T01:25:17.822+0000] {manager.py:504} INFO - Created Permission View: can edit on DAG:example_params_trigger_ui
[2023-06-09T01:25:18.082+0000] {logging_mixin.py:149} INFO - [2023-06-09T01:25:18.078+0000] {manager.py:504} INFO - Created Permission View: can read on DAG:example_params_trigger_ui
[2023-06-09T01:25:18.087+0000] {logging_mixin.py:149} INFO - [2023-06-09T01:25:18.087+0000] {dag.py:2726} INFO - Sync 1 DAGs
[2023-06-09T01:25:18.179+0000] {logging_mixin.py:149} INFO - [2023-06-09T01:25:18.177+0000] {dag.py:2747} INFO - Creating ORM DAG for example_params_trigger_ui
[2023-06-09T01:25:18.497+0000] {logging_mixin.py:149} INFO - [2023-06-09T01:25:18.497+0000] {dag.py:3490} INFO - Setting next_dagrun for example_params_trigger_ui to None, run_after=None
[2023-06-09T01:25:18.556+0000] {processor.py:179} INFO - Processing /home/airflow/.local/lib/python3.7/site-packages/airflow/example_dags/example_params_trigger_ui.py took 3.506 seconds
[2023-06-09T01:25:49.555+0000] {processor.py:157} INFO - Started process (PID=105) to work on /home/airflow/.local/lib/python3.7/site-packages/airflow/example_dags/example_params_trigger_ui.py
[2023-06-09T01:25:49.558+0000] {processor.py:826} INFO - Processing file /home/airflow/.local/lib/python3.7/site-packages/airflow/example_dags/example_params_trigger_ui.py for tasks to queue
[2023-06-09T01:25:49.559+0000] {logging_mixin.py:149} INFO - [2023-06-09T01:25:49.559+0000] {dagbag.py:541} INFO - Filling up the DagBag from /home/airflow/.local/lib/python3.7/site-packages/airflow/example_dags/example_params_trigger_ui.py
[2023-06-09T01:25:49.771+0000] {processor.py:836} INFO - DAG(s) dict_keys(['example_params_trigger_ui']) retrieved from /home/airflow/.local/lib/python3.7/site-packages/airflow/example_dags/example_params_trigger_ui.py
[2023-06-09T01:25:50.044+0000] {logging_mixin.py:149} INFO - [2023-06-09T01:25:50.043+0000] {dag.py:2726} INFO - Sync 1 DAGs
[2023-06-09T01:25:50.104+0000] {logging_mixin.py:149} INFO - [2023-06-09T01:25:50.104+0000] {dag.py:3490} INFO - Setting next_dagrun for example_params_trigger_ui to None, run_after=None
[2023-06-09T01:25:50.172+0000] {processor.py:179} INFO - Processing /home/airflow/.local/lib/python3.7/site-packages/airflow/example_dags/example_params_trigger_ui.py took 0.624 seconds
[2023-06-09T01:26:20.255+0000] {processor.py:157} INFO - Started process (PID=161) to work on /home/airflow/.local/lib/python3.7/site-packages/airflow/example_dags/example_params_trigger_ui.py
[2023-06-09T01:26:20.257+0000] {processor.py:826} INFO - Processing file /home/airflow/.local/lib/python3.7/site-packages/airflow/example_dags/example_params_trigger_ui.py for tasks to queue
[2023-06-09T01:26:20.259+0000] {logging_mixin.py:149} INFO - [2023-06-09T01:26:20.258+0000] {dagbag.py:541} INFO - Filling up the DagBag from /home/airflow/.local/lib/python3.7/site-packages/airflow/example_dags/example_params_trigger_ui.py
[2023-06-09T01:26:20.290+0000] {processor.py:836} INFO - DAG(s) dict_keys(['example_params_trigger_ui']) retrieved from /home/airflow/.local/lib/python3.7/site-packages/airflow/example_dags/example_params_trigger_ui.py
[2023-06-09T01:26:20.370+0000] {logging_mixin.py:149} INFO - [2023-06-09T01:26:20.370+0000] {dag.py:2726} INFO - Sync 1 DAGs
[2023-06-09T01:26:20.386+0000] {logging_mixin.py:149} INFO - [2023-06-09T01:26:20.386+0000] {dag.py:3490} INFO - Setting next_dagrun for example_params_trigger_ui to None, run_after=None
[2023-06-09T01:26:20.433+0000] {processor.py:179} INFO - Processing /home/airflow/.local/lib/python3.7/site-packages/airflow/example_dags/example_params_trigger_ui.py took 0.182 seconds
[2023-06-09T01:26:51.466+0000] {processor.py:157} INFO - Started process (PID=217) to work on /home/airflow/.local/lib/python3.7/site-packages/airflow/example_dags/example_params_trigger_ui.py
[2023-06-09T01:26:51.468+0000] {processor.py:826} INFO - Processing file /home/airflow/.local/lib/python3.7/site-packages/airflow/example_dags/example_params_trigger_ui.py for tasks to queue
[2023-06-09T01:26:51.469+0000] {logging_mixin.py:149} INFO - [2023-06-09T01:26:51.469+0000] {dagbag.py:541} INFO - Filling up the DagBag from /home/airflow/.local/lib/python3.7/site-packages/airflow/example_dags/example_params_trigger_ui.py
[2023-06-09T01:26:51.498+0000] {processor.py:836} INFO - DAG(s) dict_keys(['example_params_trigger_ui']) retrieved from /home/airflow/.local/lib/python3.7/site-packages/airflow/example_dags/example_params_trigger_ui.py
[2023-06-09T01:26:51.576+0000] {logging_mixin.py:149} INFO - [2023-06-09T01:26:51.576+0000] {dag.py:2726} INFO - Sync 1 DAGs
[2023-06-09T01:26:51.599+0000] {logging_mixin.py:149} INFO - [2023-06-09T01:26:51.599+0000] {dag.py:3490} INFO - Setting next_dagrun for example_params_trigger_ui to None, run_after=None
[2023-06-09T01:26:51.618+0000] {processor.py:179} INFO - Processing /home/airflow/.local/lib/python3.7/site-packages/airflow/example_dags/example_params_trigger_ui.py took 0.159 seconds
[2023-06-09T01:27:22.018+0000] {processor.py:157} INFO - Started process (PID=273) to work on /home/airflow/.local/lib/python3.7/site-packages/airflow/example_dags/example_params_trigger_ui.py
[2023-06-09T01:27:22.021+0000] {processor.py:826} INFO - Processing file /home/airflow/.local/lib/python3.7/site-packages/airflow/example_dags/example_params_trigger_ui.py for tasks to queue
[2023-06-09T01:27:22.022+0000] {logging_mixin.py:149} INFO - [2023-06-09T01:27:22.022+0000] {dagbag.py:541} INFO - Filling up the DagBag from /home/airflow/.local/lib/python3.7/site-packages/airflow/example_dags/example_params_trigger_ui.py
[2023-06-09T01:27:22.068+0000] {processor.py:836} INFO - DAG(s) dict_keys(['example_params_trigger_ui']) retrieved from /home/airflow/.local/lib/python3.7/site-packages/airflow/example_dags/example_params_trigger_ui.py
[2023-06-09T01:27:22.159+0000] {logging_mixin.py:149} INFO - [2023-06-09T01:27:22.159+0000] {dag.py:2726} INFO - Sync 1 DAGs
[2023-06-09T01:27:22.186+0000] {logging_mixin.py:149} INFO - [2023-06-09T01:27:22.186+0000] {dag.py:3490} INFO - Setting next_dagrun for example_params_trigger_ui to None, run_after=None
[2023-06-09T01:27:22.201+0000] {processor.py:179} INFO - Processing /home/airflow/.local/lib/python3.7/site-packages/airflow/example_dags/example_params_trigger_ui.py took 0.187 seconds
[2023-06-09T01:27:52.548+0000] {processor.py:157} INFO - Started process (PID=329) to work on /home/airflow/.local/lib/python3.7/site-packages/airflow/example_dags/example_params_trigger_ui.py
[2023-06-09T01:27:52.551+0000] {processor.py:826} INFO - Processing file /home/airflow/.local/lib/python3.7/site-packages/airflow/example_dags/example_params_trigger_ui.py for tasks to queue
[2023-06-09T01:27:52.553+0000] {logging_mixin.py:149} INFO - [2023-06-09T01:27:52.553+0000] {dagbag.py:541} INFO - Filling up the DagBag from /home/airflow/.local/lib/python3.7/site-packages/airflow/example_dags/example_params_trigger_ui.py
[2023-06-09T01:27:52.591+0000] {processor.py:836} INFO - DAG(s) dict_keys(['example_params_trigger_ui']) retrieved from /home/airflow/.local/lib/python3.7/site-packages/airflow/example_dags/example_params_trigger_ui.py
[2023-06-09T01:27:52.745+0000] {logging_mixin.py:149} INFO - [2023-06-09T01:27:52.745+0000] {dag.py:2726} INFO - Sync 1 DAGs
[2023-06-09T01:27:52.783+0000] {logging_mixin.py:149} INFO - [2023-06-09T01:27:52.783+0000] {dag.py:3490} INFO - Setting next_dagrun for example_params_trigger_ui to None, run_after=None
[2023-06-09T01:27:52.840+0000] {processor.py:179} INFO - Processing /home/airflow/.local/lib/python3.7/site-packages/airflow/example_dags/example_params_trigger_ui.py took 0.313 seconds
[2023-06-09T01:28:23.338+0000] {processor.py:157} INFO - Started process (PID=385) to work on /home/airflow/.local/lib/python3.7/site-packages/airflow/example_dags/example_params_trigger_ui.py
[2023-06-09T01:28:23.340+0000] {processor.py:826} INFO - Processing file /home/airflow/.local/lib/python3.7/site-packages/airflow/example_dags/example_params_trigger_ui.py for tasks to queue
[2023-06-09T01:28:23.341+0000] {logging_mixin.py:149} INFO - [2023-06-09T01:28:23.341+0000] {dagbag.py:541} INFO - Filling up the DagBag from /home/airflow/.local/lib/python3.7/site-packages/airflow/example_dags/example_params_trigger_ui.py
[2023-06-09T01:28:23.396+0000] {processor.py:836} INFO - DAG(s) dict_keys(['example_params_trigger_ui']) retrieved from /home/airflow/.local/lib/python3.7/site-packages/airflow/example_dags/example_params_trigger_ui.py
[2023-06-09T01:28:23.497+0000] {logging_mixin.py:149} INFO - [2023-06-09T01:28:23.497+0000] {dag.py:2726} INFO - Sync 1 DAGs
[2023-06-09T01:28:23.521+0000] {logging_mixin.py:149} INFO - [2023-06-09T01:28:23.521+0000] {dag.py:3490} INFO - Setting next_dagrun for example_params_trigger_ui to None, run_after=None
[2023-06-09T01:28:23.537+0000] {processor.py:179} INFO - Processing /home/airflow/.local/lib/python3.7/site-packages/airflow/example_dags/example_params_trigger_ui.py took 0.209 seconds
[2023-06-09T01:28:53.775+0000] {processor.py:157} INFO - Started process (PID=441) to work on /home/airflow/.local/lib/python3.7/site-packages/airflow/example_dags/example_params_trigger_ui.py
[2023-06-09T01:28:53.777+0000] {processor.py:826} INFO - Processing file /home/airflow/.local/lib/python3.7/site-packages/airflow/example_dags/example_params_trigger_ui.py for tasks to queue
[2023-06-09T01:28:53.777+0000] {logging_mixin.py:149} INFO - [2023-06-09T01:28:53.777+0000] {dagbag.py:541} INFO - Filling up the DagBag from /home/airflow/.local/lib/python3.7/site-packages/airflow/example_dags/example_params_trigger_ui.py
[2023-06-09T01:28:53.794+0000] {processor.py:836} INFO - DAG(s) dict_keys(['example_params_trigger_ui']) retrieved from /home/airflow/.local/lib/python3.7/site-packages/airflow/example_dags/example_params_trigger_ui.py
[2023-06-09T01:28:53.846+0000] {logging_mixin.py:149} INFO - [2023-06-09T01:28:53.846+0000] {dag.py:2726} INFO - Sync 1 DAGs
[2023-06-09T01:28:53.868+0000] {logging_mixin.py:149} INFO - [2023-06-09T01:28:53.868+0000] {dag.py:3490} INFO - Setting next_dagrun for example_params_trigger_ui to None, run_after=None
[2023-06-09T01:28:53.882+0000] {processor.py:179} INFO - Processing /home/airflow/.local/lib/python3.7/site-packages/airflow/example_dags/example_params_trigger_ui.py took 0.109 seconds
[2023-06-09T01:29:24.183+0000] {processor.py:157} INFO - Started process (PID=497) to work on /home/airflow/.local/lib/python3.7/site-packages/airflow/example_dags/example_params_trigger_ui.py
[2023-06-09T01:29:24.185+0000] {processor.py:826} INFO - Processing file /home/airflow/.local/lib/python3.7/site-packages/airflow/example_dags/example_params_trigger_ui.py for tasks to queue
[2023-06-09T01:29:24.187+0000] {logging_mixin.py:149} INFO - [2023-06-09T01:29:24.187+0000] {dagbag.py:541} INFO - Filling up the DagBag from /home/airflow/.local/lib/python3.7/site-packages/airflow/example_dags/example_params_trigger_ui.py
[2023-06-09T01:29:24.215+0000] {processor.py:836} INFO - DAG(s) dict_keys(['example_params_trigger_ui']) retrieved from /home/airflow/.local/lib/python3.7/site-packages/airflow/example_dags/example_params_trigger_ui.py
[2023-06-09T01:29:24.273+0000] {logging_mixin.py:149} INFO - [2023-06-09T01:29:24.273+0000] {dag.py:2726} INFO - Sync 1 DAGs
[2023-06-09T01:29:24.291+0000] {logging_mixin.py:149} INFO - [2023-06-09T01:29:24.291+0000] {dag.py:3490} INFO - Setting next_dagrun for example_params_trigger_ui to None, run_after=None
[2023-06-09T01:29:24.302+0000] {processor.py:179} INFO - Processing /home/airflow/.local/lib/python3.7/site-packages/airflow/example_dags/example_params_trigger_ui.py took 0.125 seconds
[2023-06-09T01:29:54.698+0000] {processor.py:157} INFO - Started process (PID=553) to work on /home/airflow/.local/lib/python3.7/site-packages/airflow/example_dags/example_params_trigger_ui.py
[2023-06-09T01:29:54.699+0000] {processor.py:826} INFO - Processing file /home/airflow/.local/lib/python3.7/site-packages/airflow/example_dags/example_params_trigger_ui.py for tasks to queue
[2023-06-09T01:29:54.700+0000] {logging_mixin.py:149} INFO - [2023-06-09T01:29:54.700+0000] {dagbag.py:541} INFO - Filling up the DagBag from /home/airflow/.local/lib/python3.7/site-packages/airflow/example_dags/example_params_trigger_ui.py
[2023-06-09T01:29:54.730+0000] {processor.py:836} INFO - DAG(s) dict_keys(['example_params_trigger_ui']) retrieved from /home/airflow/.local/lib/python3.7/site-packages/airflow/example_dags/example_params_trigger_ui.py
[2023-06-09T01:29:54.802+0000] {logging_mixin.py:149} INFO - [2023-06-09T01:29:54.802+0000] {dag.py:2726} INFO - Sync 1 DAGs
[2023-06-09T01:29:54.825+0000] {logging_mixin.py:149} INFO - [2023-06-09T01:29:54.825+0000] {dag.py:3490} INFO - Setting next_dagrun for example_params_trigger_ui to None, run_after=None
[2023-06-09T01:29:54.845+0000] {processor.py:179} INFO - Processing /home/airflow/.local/lib/python3.7/site-packages/airflow/example_dags/example_params_trigger_ui.py took 0.154 seconds
[2023-06-09T01:30:24.977+0000] {processor.py:157} INFO - Started process (PID=609) to work on /home/airflow/.local/lib/python3.7/site-packages/airflow/example_dags/example_params_trigger_ui.py
[2023-06-09T01:30:24.978+0000] {processor.py:826} INFO - Processing file /home/airflow/.local/lib/python3.7/site-packages/airflow/example_dags/example_params_trigger_ui.py for tasks to queue
[2023-06-09T01:30:24.982+0000] {logging_mixin.py:149} INFO - [2023-06-09T01:30:24.982+0000] {dagbag.py:541} INFO - Filling up the DagBag from /home/airflow/.local/lib/python3.7/site-packages/airflow/example_dags/example_params_trigger_ui.py
[2023-06-09T01:30:25.022+0000] {processor.py:836} INFO - DAG(s) dict_keys(['example_params_trigger_ui']) retrieved from /home/airflow/.local/lib/python3.7/site-packages/airflow/example_dags/example_params_trigger_ui.py
[2023-06-09T01:30:25.097+0000] {logging_mixin.py:149} INFO - [2023-06-09T01:30:25.097+0000] {dag.py:2726} INFO - Sync 1 DAGs
[2023-06-09T01:30:25.123+0000] {logging_mixin.py:149} INFO - [2023-06-09T01:30:25.123+0000] {dag.py:3490} INFO - Setting next_dagrun for example_params_trigger_ui to None, run_after=None
[2023-06-09T01:30:25.141+0000] {processor.py:179} INFO - Processing /home/airflow/.local/lib/python3.7/site-packages/airflow/example_dags/example_params_trigger_ui.py took 0.168 seconds
[2023-06-09T01:30:55.546+0000] {processor.py:157} INFO - Started process (PID=665) to work on /home/airflow/.local/lib/python3.7/site-packages/airflow/example_dags/example_params_trigger_ui.py
[2023-06-09T01:30:55.548+0000] {processor.py:826} INFO - Processing file /home/airflow/.local/lib/python3.7/site-packages/airflow/example_dags/example_params_trigger_ui.py for tasks to queue
[2023-06-09T01:30:55.550+0000] {logging_mixin.py:149} INFO - [2023-06-09T01:30:55.550+0000] {dagbag.py:541} INFO - Filling up the DagBag from /home/airflow/.local/lib/python3.7/site-packages/airflow/example_dags/example_params_trigger_ui.py
[2023-06-09T01:30:55.577+0000] {processor.py:836} INFO - DAG(s) dict_keys(['example_params_trigger_ui']) retrieved from /home/airflow/.local/lib/python3.7/site-packages/airflow/example_dags/example_params_trigger_ui.py
[2023-06-09T01:30:55.643+0000] {logging_mixin.py:149} INFO - [2023-06-09T01:30:55.643+0000] {dag.py:2726} INFO - Sync 1 DAGs
[2023-06-09T01:30:55.663+0000] {logging_mixin.py:149} INFO - [2023-06-09T01:30:55.663+0000] {dag.py:3490} INFO - Setting next_dagrun for example_params_trigger_ui to None, run_after=None
[2023-06-09T01:30:55.676+0000] {processor.py:179} INFO - Processing /home/airflow/.local/lib/python3.7/site-packages/airflow/example_dags/example_params_trigger_ui.py took 0.136 seconds
[2023-06-09T01:31:26.247+0000] {processor.py:157} INFO - Started process (PID=721) to work on /home/airflow/.local/lib/python3.7/site-packages/airflow/example_dags/example_params_trigger_ui.py
[2023-06-09T01:31:26.248+0000] {processor.py:826} INFO - Processing file /home/airflow/.local/lib/python3.7/site-packages/airflow/example_dags/example_params_trigger_ui.py for tasks to queue
[2023-06-09T01:31:26.249+0000] {logging_mixin.py:149} INFO - [2023-06-09T01:31:26.249+0000] {dagbag.py:541} INFO - Filling up the DagBag from /home/airflow/.local/lib/python3.7/site-packages/airflow/example_dags/example_params_trigger_ui.py
[2023-06-09T01:31:26.292+0000] {processor.py:836} INFO - DAG(s) dict_keys(['example_params_trigger_ui']) retrieved from /home/airflow/.local/lib/python3.7/site-packages/airflow/example_dags/example_params_trigger_ui.py
[2023-06-09T01:31:26.374+0000] {logging_mixin.py:149} INFO - [2023-06-09T01:31:26.374+0000] {dag.py:2726} INFO - Sync 1 DAGs
[2023-06-09T01:31:26.403+0000] {logging_mixin.py:149} INFO - [2023-06-09T01:31:26.403+0000] {dag.py:3490} INFO - Setting next_dagrun for example_params_trigger_ui to None, run_after=None
[2023-06-09T01:31:26.421+0000] {processor.py:179} INFO - Processing /home/airflow/.local/lib/python3.7/site-packages/airflow/example_dags/example_params_trigger_ui.py took 0.177 seconds
[2023-06-09T01:31:56.540+0000] {processor.py:157} INFO - Started process (PID=777) to work on /home/airflow/.local/lib/python3.7/site-packages/airflow/example_dags/example_params_trigger_ui.py
[2023-06-09T01:31:56.542+0000] {processor.py:826} INFO - Processing file /home/airflow/.local/lib/python3.7/site-packages/airflow/example_dags/example_params_trigger_ui.py for tasks to queue
[2023-06-09T01:31:56.545+0000] {logging_mixin.py:149} INFO - [2023-06-09T01:31:56.545+0000] {dagbag.py:541} INFO - Filling up the DagBag from /home/airflow/.local/lib/python3.7/site-packages/airflow/example_dags/example_params_trigger_ui.py
[2023-06-09T01:31:56.586+0000] {processor.py:836} INFO - DAG(s) dict_keys(['example_params_trigger_ui']) retrieved from /home/airflow/.local/lib/python3.7/site-packages/airflow/example_dags/example_params_trigger_ui.py
[2023-06-09T01:31:56.727+0000] {logging_mixin.py:149} INFO - [2023-06-09T01:31:56.727+0000] {dag.py:2726} INFO - Sync 1 DAGs
[2023-06-09T01:31:56.767+0000] {logging_mixin.py:149} INFO - [2023-06-09T01:31:56.767+0000] {dag.py:3490} INFO - Setting next_dagrun for example_params_trigger_ui to None, run_after=None
[2023-06-09T01:31:56.780+0000] {processor.py:179} INFO - Processing /home/airflow/.local/lib/python3.7/site-packages/airflow/example_dags/example_params_trigger_ui.py took 0.247 seconds
[2023-06-09T01:32:26.852+0000] {processor.py:157} INFO - Started process (PID=833) to work on /home/airflow/.local/lib/python3.7/site-packages/airflow/example_dags/example_params_trigger_ui.py
[2023-06-09T01:32:26.854+0000] {processor.py:826} INFO - Processing file /home/airflow/.local/lib/python3.7/site-packages/airflow/example_dags/example_params_trigger_ui.py for tasks to queue
[2023-06-09T01:32:26.855+0000] {logging_mixin.py:149} INFO - [2023-06-09T01:32:26.854+0000] {dagbag.py:541} INFO - Filling up the DagBag from /home/airflow/.local/lib/python3.7/site-packages/airflow/example_dags/example_params_trigger_ui.py
[2023-06-09T01:32:26.875+0000] {processor.py:836} INFO - DAG(s) dict_keys(['example_params_trigger_ui']) retrieved from /home/airflow/.local/lib/python3.7/site-packages/airflow/example_dags/example_params_trigger_ui.py
[2023-06-09T01:32:26.926+0000] {logging_mixin.py:149} INFO - [2023-06-09T01:32:26.926+0000] {dag.py:2726} INFO - Sync 1 DAGs
[2023-06-09T01:32:26.948+0000] {logging_mixin.py:149} INFO - [2023-06-09T01:32:26.948+0000] {dag.py:3490} INFO - Setting next_dagrun for example_params_trigger_ui to None, run_after=None
[2023-06-09T01:32:26.960+0000] {processor.py:179} INFO - Processing /home/airflow/.local/lib/python3.7/site-packages/airflow/example_dags/example_params_trigger_ui.py took 0.111 seconds
[2023-06-09T01:32:57.241+0000] {processor.py:157} INFO - Started process (PID=889) to work on /home/airflow/.local/lib/python3.7/site-packages/airflow/example_dags/example_params_trigger_ui.py
[2023-06-09T01:32:57.243+0000] {processor.py:826} INFO - Processing file /home/airflow/.local/lib/python3.7/site-packages/airflow/example_dags/example_params_trigger_ui.py for tasks to queue
[2023-06-09T01:32:57.243+0000] {logging_mixin.py:149} INFO - [2023-06-09T01:32:57.243+0000] {dagbag.py:541} INFO - Filling up the DagBag from /home/airflow/.local/lib/python3.7/site-packages/airflow/example_dags/example_params_trigger_ui.py
[2023-06-09T01:32:57.266+0000] {processor.py:836} INFO - DAG(s) dict_keys(['example_params_trigger_ui']) retrieved from /home/airflow/.local/lib/python3.7/site-packages/airflow/example_dags/example_params_trigger_ui.py
[2023-06-09T01:32:57.323+0000] {logging_mixin.py:149} INFO - [2023-06-09T01:32:57.323+0000] {dag.py:2726} INFO - Sync 1 DAGs
[2023-06-09T01:32:57.340+0000] {logging_mixin.py:149} INFO - [2023-06-09T01:32:57.340+0000] {dag.py:3490} INFO - Setting next_dagrun for example_params_trigger_ui to None, run_after=None
[2023-06-09T01:32:57.350+0000] {processor.py:179} INFO - Processing /home/airflow/.local/lib/python3.7/site-packages/airflow/example_dags/example_params_trigger_ui.py took 0.114 seconds
[2023-06-09T01:33:28.153+0000] {processor.py:157} INFO - Started process (PID=940) to work on /home/airflow/.local/lib/python3.7/site-packages/airflow/example_dags/example_params_trigger_ui.py
[2023-06-09T01:33:28.155+0000] {processor.py:826} INFO - Processing file /home/airflow/.local/lib/python3.7/site-packages/airflow/example_dags/example_params_trigger_ui.py for tasks to queue
[2023-06-09T01:33:28.156+0000] {logging_mixin.py:149} INFO - [2023-06-09T01:33:28.156+0000] {dagbag.py:541} INFO - Filling up the DagBag from /home/airflow/.local/lib/python3.7/site-packages/airflow/example_dags/example_params_trigger_ui.py
[2023-06-09T01:33:28.180+0000] {processor.py:836} INFO - DAG(s) dict_keys(['example_params_trigger_ui']) retrieved from /home/airflow/.local/lib/python3.7/site-packages/airflow/example_dags/example_params_trigger_ui.py
[2023-06-09T01:33:28.229+0000] {logging_mixin.py:149} INFO - [2023-06-09T01:33:28.229+0000] {dag.py:2726} INFO - Sync 1 DAGs
[2023-06-09T01:33:28.246+0000] {logging_mixin.py:149} INFO - [2023-06-09T01:33:28.246+0000] {dag.py:3490} INFO - Setting next_dagrun for example_params_trigger_ui to None, run_after=None
[2023-06-09T01:33:28.258+0000] {processor.py:179} INFO - Processing /home/airflow/.local/lib/python3.7/site-packages/airflow/example_dags/example_params_trigger_ui.py took 0.110 seconds
[2023-06-09T01:33:58.392+0000] {processor.py:157} INFO - Started process (PID=996) to work on /home/airflow/.local/lib/python3.7/site-packages/airflow/example_dags/example_params_trigger_ui.py
[2023-06-09T01:33:58.395+0000] {processor.py:826} INFO - Processing file /home/airflow/.local/lib/python3.7/site-packages/airflow/example_dags/example_params_trigger_ui.py for tasks to queue
[2023-06-09T01:33:58.397+0000] {logging_mixin.py:149} INFO - [2023-06-09T01:33:58.397+0000] {dagbag.py:541} INFO - Filling up the DagBag from /home/airflow/.local/lib/python3.7/site-packages/airflow/example_dags/example_params_trigger_ui.py
[2023-06-09T01:33:58.450+0000] {processor.py:836} INFO - DAG(s) dict_keys(['example_params_trigger_ui']) retrieved from /home/airflow/.local/lib/python3.7/site-packages/airflow/example_dags/example_params_trigger_ui.py
[2023-06-09T01:33:58.521+0000] {logging_mixin.py:149} INFO - [2023-06-09T01:33:58.521+0000] {dag.py:2726} INFO - Sync 1 DAGs
[2023-06-09T01:33:58.543+0000] {logging_mixin.py:149} INFO - [2023-06-09T01:33:58.543+0000] {dag.py:3490} INFO - Setting next_dagrun for example_params_trigger_ui to None, run_after=None
[2023-06-09T01:33:58.558+0000] {processor.py:179} INFO - Processing /home/airflow/.local/lib/python3.7/site-packages/airflow/example_dags/example_params_trigger_ui.py took 0.172 seconds
[2023-06-09T01:34:28.629+0000] {processor.py:157} INFO - Started process (PID=1052) to work on /home/airflow/.local/lib/python3.7/site-packages/airflow/example_dags/example_params_trigger_ui.py
[2023-06-09T01:34:28.632+0000] {processor.py:826} INFO - Processing file /home/airflow/.local/lib/python3.7/site-packages/airflow/example_dags/example_params_trigger_ui.py for tasks to queue
[2023-06-09T01:34:28.633+0000] {logging_mixin.py:149} INFO - [2023-06-09T01:34:28.633+0000] {dagbag.py:541} INFO - Filling up the DagBag from /home/airflow/.local/lib/python3.7/site-packages/airflow/example_dags/example_params_trigger_ui.py
[2023-06-09T01:34:28.660+0000] {processor.py:836} INFO - DAG(s) dict_keys(['example_params_trigger_ui']) retrieved from /home/airflow/.local/lib/python3.7/site-packages/airflow/example_dags/example_params_trigger_ui.py
[2023-06-09T01:34:28.713+0000] {logging_mixin.py:149} INFO - [2023-06-09T01:34:28.713+0000] {dag.py:2726} INFO - Sync 1 DAGs
[2023-06-09T01:34:28.729+0000] {logging_mixin.py:149} INFO - [2023-06-09T01:34:28.729+0000] {dag.py:3490} INFO - Setting next_dagrun for example_params_trigger_ui to None, run_after=None
[2023-06-09T01:34:28.739+0000] {processor.py:179} INFO - Processing /home/airflow/.local/lib/python3.7/site-packages/airflow/example_dags/example_params_trigger_ui.py took 0.116 seconds
[2023-06-09T01:34:59.274+0000] {processor.py:157} INFO - Started process (PID=1108) to work on /home/airflow/.local/lib/python3.7/site-packages/airflow/example_dags/example_params_trigger_ui.py
[2023-06-09T01:34:59.278+0000] {processor.py:826} INFO - Processing file /home/airflow/.local/lib/python3.7/site-packages/airflow/example_dags/example_params_trigger_ui.py for tasks to queue
[2023-06-09T01:34:59.280+0000] {logging_mixin.py:149} INFO - [2023-06-09T01:34:59.280+0000] {dagbag.py:541} INFO - Filling up the DagBag from /home/airflow/.local/lib/python3.7/site-packages/airflow/example_dags/example_params_trigger_ui.py
[2023-06-09T01:34:59.333+0000] {processor.py:836} INFO - DAG(s) dict_keys(['example_params_trigger_ui']) retrieved from /home/airflow/.local/lib/python3.7/site-packages/airflow/example_dags/example_params_trigger_ui.py
[2023-06-09T01:34:59.395+0000] {logging_mixin.py:149} INFO - [2023-06-09T01:34:59.395+0000] {dag.py:2726} INFO - Sync 1 DAGs
[2023-06-09T01:34:59.416+0000] {logging_mixin.py:149} INFO - [2023-06-09T01:34:59.416+0000] {dag.py:3490} INFO - Setting next_dagrun for example_params_trigger_ui to None, run_after=None
[2023-06-09T01:34:59.429+0000] {processor.py:179} INFO - Processing /home/airflow/.local/lib/python3.7/site-packages/airflow/example_dags/example_params_trigger_ui.py took 0.166 seconds
[2023-06-09T01:35:29.835+0000] {processor.py:157} INFO - Started process (PID=1164) to work on /home/airflow/.local/lib/python3.7/site-packages/airflow/example_dags/example_params_trigger_ui.py
[2023-06-09T01:35:29.837+0000] {processor.py:826} INFO - Processing file /home/airflow/.local/lib/python3.7/site-packages/airflow/example_dags/example_params_trigger_ui.py for tasks to queue
[2023-06-09T01:35:29.838+0000] {logging_mixin.py:149} INFO - [2023-06-09T01:35:29.838+0000] {dagbag.py:541} INFO - Filling up the DagBag from /home/airflow/.local/lib/python3.7/site-packages/airflow/example_dags/example_params_trigger_ui.py
[2023-06-09T01:35:29.876+0000] {processor.py:836} INFO - DAG(s) dict_keys(['example_params_trigger_ui']) retrieved from /home/airflow/.local/lib/python3.7/site-packages/airflow/example_dags/example_params_trigger_ui.py
[2023-06-09T01:35:29.936+0000] {logging_mixin.py:149} INFO - [2023-06-09T01:35:29.936+0000] {dag.py:2726} INFO - Sync 1 DAGs
[2023-06-09T01:35:29.953+0000] {logging_mixin.py:149} INFO - [2023-06-09T01:35:29.953+0000] {dag.py:3490} INFO - Setting next_dagrun for example_params_trigger_ui to None, run_after=None
[2023-06-09T01:35:29.964+0000] {processor.py:179} INFO - Processing /home/airflow/.local/lib/python3.7/site-packages/airflow/example_dags/example_params_trigger_ui.py took 0.137 seconds
[2023-06-09T01:36:00.107+0000] {processor.py:157} INFO - Started process (PID=1220) to work on /home/airflow/.local/lib/python3.7/site-packages/airflow/example_dags/example_params_trigger_ui.py
[2023-06-09T01:36:00.110+0000] {processor.py:826} INFO - Processing file /home/airflow/.local/lib/python3.7/site-packages/airflow/example_dags/example_params_trigger_ui.py for tasks to queue
[2023-06-09T01:36:00.112+0000] {logging_mixin.py:149} INFO - [2023-06-09T01:36:00.112+0000] {dagbag.py:541} INFO - Filling up the DagBag from /home/airflow/.local/lib/python3.7/site-packages/airflow/example_dags/example_params_trigger_ui.py
[2023-06-09T01:36:00.145+0000] {processor.py:836} INFO - DAG(s) dict_keys(['example_params_trigger_ui']) retrieved from /home/airflow/.local/lib/python3.7/site-packages/airflow/example_dags/example_params_trigger_ui.py
[2023-06-09T01:36:00.214+0000] {logging_mixin.py:149} INFO - [2023-06-09T01:36:00.214+0000] {dag.py:2726} INFO - Sync 1 DAGs
[2023-06-09T01:36:00.237+0000] {logging_mixin.py:149} INFO - [2023-06-09T01:36:00.237+0000] {dag.py:3490} INFO - Setting next_dagrun for example_params_trigger_ui to None, run_after=None
[2023-06-09T01:36:00.261+0000] {processor.py:179} INFO - Processing /home/airflow/.local/lib/python3.7/site-packages/airflow/example_dags/example_params_trigger_ui.py took 0.162 seconds
[2023-06-09T01:36:30.974+0000] {processor.py:157} INFO - Started process (PID=1276) to work on /home/airflow/.local/lib/python3.7/site-packages/airflow/example_dags/example_params_trigger_ui.py
[2023-06-09T01:36:30.977+0000] {processor.py:826} INFO - Processing file /home/airflow/.local/lib/python3.7/site-packages/airflow/example_dags/example_params_trigger_ui.py for tasks to queue
[2023-06-09T01:36:30.979+0000] {logging_mixin.py:149} INFO - [2023-06-09T01:36:30.978+0000] {dagbag.py:541} INFO - Filling up the DagBag from /home/airflow/.local/lib/python3.7/site-packages/airflow/example_dags/example_params_trigger_ui.py
[2023-06-09T01:36:31.004+0000] {processor.py:836} INFO - DAG(s) dict_keys(['example_params_trigger_ui']) retrieved from /home/airflow/.local/lib/python3.7/site-packages/airflow/example_dags/example_params_trigger_ui.py
[2023-06-09T01:36:31.058+0000] {logging_mixin.py:149} INFO - [2023-06-09T01:36:31.058+0000] {dag.py:2726} INFO - Sync 1 DAGs
[2023-06-09T01:36:31.077+0000] {logging_mixin.py:149} INFO - [2023-06-09T01:36:31.076+0000] {dag.py:3490} INFO - Setting next_dagrun for example_params_trigger_ui to None, run_after=None
[2023-06-09T01:36:31.091+0000] {processor.py:179} INFO - Processing /home/airflow/.local/lib/python3.7/site-packages/airflow/example_dags/example_params_trigger_ui.py took 0.123 seconds
[2023-06-09T01:37:01.436+0000] {processor.py:157} INFO - Started process (PID=1332) to work on /home/airflow/.local/lib/python3.7/site-packages/airflow/example_dags/example_params_trigger_ui.py
[2023-06-09T01:37:01.438+0000] {processor.py:826} INFO - Processing file /home/airflow/.local/lib/python3.7/site-packages/airflow/example_dags/example_params_trigger_ui.py for tasks to queue
[2023-06-09T01:37:01.440+0000] {logging_mixin.py:149} INFO - [2023-06-09T01:37:01.440+0000] {dagbag.py:541} INFO - Filling up the DagBag from /home/airflow/.local/lib/python3.7/site-packages/airflow/example_dags/example_params_trigger_ui.py
[2023-06-09T01:37:01.466+0000] {processor.py:836} INFO - DAG(s) dict_keys(['example_params_trigger_ui']) retrieved from /home/airflow/.local/lib/python3.7/site-packages/airflow/example_dags/example_params_trigger_ui.py
[2023-06-09T01:37:01.515+0000] {logging_mixin.py:149} INFO - [2023-06-09T01:37:01.515+0000] {dag.py:2726} INFO - Sync 1 DAGs
[2023-06-09T01:37:01.531+0000] {logging_mixin.py:149} INFO - [2023-06-09T01:37:01.531+0000] {dag.py:3490} INFO - Setting next_dagrun for example_params_trigger_ui to None, run_after=None
[2023-06-09T01:37:01.542+0000] {processor.py:179} INFO - Processing /home/airflow/.local/lib/python3.7/site-packages/airflow/example_dags/example_params_trigger_ui.py took 0.112 seconds
[2023-06-09T01:37:32.229+0000] {processor.py:157} INFO - Started process (PID=1388) to work on /home/airflow/.local/lib/python3.7/site-packages/airflow/example_dags/example_params_trigger_ui.py
[2023-06-09T01:37:32.232+0000] {processor.py:826} INFO - Processing file /home/airflow/.local/lib/python3.7/site-packages/airflow/example_dags/example_params_trigger_ui.py for tasks to queue
[2023-06-09T01:37:32.234+0000] {logging_mixin.py:149} INFO - [2023-06-09T01:37:32.233+0000] {dagbag.py:541} INFO - Filling up the DagBag from /home/airflow/.local/lib/python3.7/site-packages/airflow/example_dags/example_params_trigger_ui.py
[2023-06-09T01:37:32.259+0000] {processor.py:836} INFO - DAG(s) dict_keys(['example_params_trigger_ui']) retrieved from /home/airflow/.local/lib/python3.7/site-packages/airflow/example_dags/example_params_trigger_ui.py
[2023-06-09T01:37:32.311+0000] {logging_mixin.py:149} INFO - [2023-06-09T01:37:32.311+0000] {dag.py:2726} INFO - Sync 1 DAGs
[2023-06-09T01:37:32.330+0000] {logging_mixin.py:149} INFO - [2023-06-09T01:37:32.330+0000] {dag.py:3490} INFO - Setting next_dagrun for example_params_trigger_ui to None, run_after=None
[2023-06-09T01:37:32.350+0000] {processor.py:179} INFO - Processing /home/airflow/.local/lib/python3.7/site-packages/airflow/example_dags/example_params_trigger_ui.py took 0.126 seconds
[2023-06-09T01:38:02.732+0000] {processor.py:157} INFO - Started process (PID=1443) to work on /home/airflow/.local/lib/python3.7/site-packages/airflow/example_dags/example_params_trigger_ui.py
[2023-06-09T01:38:02.735+0000] {processor.py:826} INFO - Processing file /home/airflow/.local/lib/python3.7/site-packages/airflow/example_dags/example_params_trigger_ui.py for tasks to queue
[2023-06-09T01:38:02.736+0000] {logging_mixin.py:149} INFO - [2023-06-09T01:38:02.736+0000] {dagbag.py:541} INFO - Filling up the DagBag from /home/airflow/.local/lib/python3.7/site-packages/airflow/example_dags/example_params_trigger_ui.py
[2023-06-09T01:38:02.780+0000] {processor.py:836} INFO - DAG(s) dict_keys(['example_params_trigger_ui']) retrieved from /home/airflow/.local/lib/python3.7/site-packages/airflow/example_dags/example_params_trigger_ui.py
[2023-06-09T01:38:02.836+0000] {logging_mixin.py:149} INFO - [2023-06-09T01:38:02.836+0000] {dag.py:2726} INFO - Sync 1 DAGs
[2023-06-09T01:38:02.856+0000] {logging_mixin.py:149} INFO - [2023-06-09T01:38:02.855+0000] {dag.py:3490} INFO - Setting next_dagrun for example_params_trigger_ui to None, run_after=None
[2023-06-09T01:38:02.870+0000] {processor.py:179} INFO - Processing /home/airflow/.local/lib/python3.7/site-packages/airflow/example_dags/example_params_trigger_ui.py took 0.144 seconds
[2023-06-09T01:38:33.373+0000] {processor.py:157} INFO - Started process (PID=1499) to work on /home/airflow/.local/lib/python3.7/site-packages/airflow/example_dags/example_params_trigger_ui.py
[2023-06-09T01:38:33.379+0000] {processor.py:826} INFO - Processing file /home/airflow/.local/lib/python3.7/site-packages/airflow/example_dags/example_params_trigger_ui.py for tasks to queue
[2023-06-09T01:38:33.382+0000] {logging_mixin.py:149} INFO - [2023-06-09T01:38:33.381+0000] {dagbag.py:541} INFO - Filling up the DagBag from /home/airflow/.local/lib/python3.7/site-packages/airflow/example_dags/example_params_trigger_ui.py
[2023-06-09T01:38:33.421+0000] {processor.py:836} INFO - DAG(s) dict_keys(['example_params_trigger_ui']) retrieved from /home/airflow/.local/lib/python3.7/site-packages/airflow/example_dags/example_params_trigger_ui.py
[2023-06-09T01:38:33.499+0000] {logging_mixin.py:149} INFO - [2023-06-09T01:38:33.499+0000] {dag.py:2726} INFO - Sync 1 DAGs
[2023-06-09T01:38:33.520+0000] {logging_mixin.py:149} INFO - [2023-06-09T01:38:33.520+0000] {dag.py:3490} INFO - Setting next_dagrun for example_params_trigger_ui to None, run_after=None
[2023-06-09T01:38:33.536+0000] {processor.py:179} INFO - Processing /home/airflow/.local/lib/python3.7/site-packages/airflow/example_dags/example_params_trigger_ui.py took 0.183 seconds
[2023-06-09T01:39:04.490+0000] {processor.py:157} INFO - Started process (PID=1555) to work on /home/airflow/.local/lib/python3.7/site-packages/airflow/example_dags/example_params_trigger_ui.py
[2023-06-09T01:39:04.492+0000] {processor.py:826} INFO - Processing file /home/airflow/.local/lib/python3.7/site-packages/airflow/example_dags/example_params_trigger_ui.py for tasks to queue
[2023-06-09T01:39:04.494+0000] {logging_mixin.py:149} INFO - [2023-06-09T01:39:04.493+0000] {dagbag.py:541} INFO - Filling up the DagBag from /home/airflow/.local/lib/python3.7/site-packages/airflow/example_dags/example_params_trigger_ui.py
[2023-06-09T01:39:04.522+0000] {processor.py:836} INFO - DAG(s) dict_keys(['example_params_trigger_ui']) retrieved from /home/airflow/.local/lib/python3.7/site-packages/airflow/example_dags/example_params_trigger_ui.py
[2023-06-09T01:39:04.570+0000] {logging_mixin.py:149} INFO - [2023-06-09T01:39:04.570+0000] {dag.py:2726} INFO - Sync 1 DAGs
[2023-06-09T01:39:04.587+0000] {logging_mixin.py:149} INFO - [2023-06-09T01:39:04.586+0000] {dag.py:3490} INFO - Setting next_dagrun for example_params_trigger_ui to None, run_after=None
[2023-06-09T01:39:04.599+0000] {processor.py:179} INFO - Processing /home/airflow/.local/lib/python3.7/site-packages/airflow/example_dags/example_params_trigger_ui.py took 0.117 seconds
[2023-06-09T01:39:34.807+0000] {processor.py:157} INFO - Started process (PID=1611) to work on /home/airflow/.local/lib/python3.7/site-packages/airflow/example_dags/example_params_trigger_ui.py
[2023-06-09T01:39:34.810+0000] {processor.py:826} INFO - Processing file /home/airflow/.local/lib/python3.7/site-packages/airflow/example_dags/example_params_trigger_ui.py for tasks to queue
[2023-06-09T01:39:34.811+0000] {logging_mixin.py:149} INFO - [2023-06-09T01:39:34.811+0000] {dagbag.py:541} INFO - Filling up the DagBag from /home/airflow/.local/lib/python3.7/site-packages/airflow/example_dags/example_params_trigger_ui.py
[2023-06-09T01:39:34.835+0000] {processor.py:836} INFO - DAG(s) dict_keys(['example_params_trigger_ui']) retrieved from /home/airflow/.local/lib/python3.7/site-packages/airflow/example_dags/example_params_trigger_ui.py
[2023-06-09T01:39:34.883+0000] {logging_mixin.py:149} INFO - [2023-06-09T01:39:34.883+0000] {dag.py:2726} INFO - Sync 1 DAGs
[2023-06-09T01:39:34.901+0000] {logging_mixin.py:149} INFO - [2023-06-09T01:39:34.900+0000] {dag.py:3490} INFO - Setting next_dagrun for example_params_trigger_ui to None, run_after=None
[2023-06-09T01:39:34.912+0000] {processor.py:179} INFO - Processing /home/airflow/.local/lib/python3.7/site-packages/airflow/example_dags/example_params_trigger_ui.py took 0.111 seconds
[2023-06-09T01:40:05.036+0000] {processor.py:157} INFO - Started process (PID=1668) to work on /home/airflow/.local/lib/python3.7/site-packages/airflow/example_dags/example_params_trigger_ui.py
[2023-06-09T01:40:05.038+0000] {processor.py:826} INFO - Processing file /home/airflow/.local/lib/python3.7/site-packages/airflow/example_dags/example_params_trigger_ui.py for tasks to queue
[2023-06-09T01:40:05.039+0000] {logging_mixin.py:149} INFO - [2023-06-09T01:40:05.039+0000] {dagbag.py:541} INFO - Filling up the DagBag from /home/airflow/.local/lib/python3.7/site-packages/airflow/example_dags/example_params_trigger_ui.py
[2023-06-09T01:40:05.069+0000] {processor.py:836} INFO - DAG(s) dict_keys(['example_params_trigger_ui']) retrieved from /home/airflow/.local/lib/python3.7/site-packages/airflow/example_dags/example_params_trigger_ui.py
[2023-06-09T01:40:05.147+0000] {logging_mixin.py:149} INFO - [2023-06-09T01:40:05.147+0000] {dag.py:2726} INFO - Sync 1 DAGs
[2023-06-09T01:40:05.170+0000] {logging_mixin.py:149} INFO - [2023-06-09T01:40:05.170+0000] {dag.py:3490} INFO - Setting next_dagrun for example_params_trigger_ui to None, run_after=None
[2023-06-09T01:40:05.185+0000] {processor.py:179} INFO - Processing /home/airflow/.local/lib/python3.7/site-packages/airflow/example_dags/example_params_trigger_ui.py took 0.153 seconds
[2023-06-09T01:40:35.437+0000] {processor.py:157} INFO - Started process (PID=1724) to work on /home/airflow/.local/lib/python3.7/site-packages/airflow/example_dags/example_params_trigger_ui.py
[2023-06-09T01:40:35.440+0000] {processor.py:826} INFO - Processing file /home/airflow/.local/lib/python3.7/site-packages/airflow/example_dags/example_params_trigger_ui.py for tasks to queue
[2023-06-09T01:40:35.442+0000] {logging_mixin.py:149} INFO - [2023-06-09T01:40:35.442+0000] {dagbag.py:541} INFO - Filling up the DagBag from /home/airflow/.local/lib/python3.7/site-packages/airflow/example_dags/example_params_trigger_ui.py
[2023-06-09T01:40:35.494+0000] {processor.py:836} INFO - DAG(s) dict_keys(['example_params_trigger_ui']) retrieved from /home/airflow/.local/lib/python3.7/site-packages/airflow/example_dags/example_params_trigger_ui.py
[2023-06-09T01:40:35.570+0000] {logging_mixin.py:149} INFO - [2023-06-09T01:40:35.570+0000] {dag.py:2726} INFO - Sync 1 DAGs
[2023-06-09T01:40:35.599+0000] {logging_mixin.py:149} INFO - [2023-06-09T01:40:35.599+0000] {dag.py:3490} INFO - Setting next_dagrun for example_params_trigger_ui to None, run_after=None
[2023-06-09T01:40:35.617+0000] {processor.py:179} INFO - Processing /home/airflow/.local/lib/python3.7/site-packages/airflow/example_dags/example_params_trigger_ui.py took 0.189 seconds
[2023-06-09T01:41:06.238+0000] {processor.py:157} INFO - Started process (PID=1780) to work on /home/airflow/.local/lib/python3.7/site-packages/airflow/example_dags/example_params_trigger_ui.py
[2023-06-09T01:41:06.240+0000] {processor.py:826} INFO - Processing file /home/airflow/.local/lib/python3.7/site-packages/airflow/example_dags/example_params_trigger_ui.py for tasks to queue
[2023-06-09T01:41:06.242+0000] {logging_mixin.py:149} INFO - [2023-06-09T01:41:06.241+0000] {dagbag.py:541} INFO - Filling up the DagBag from /home/airflow/.local/lib/python3.7/site-packages/airflow/example_dags/example_params_trigger_ui.py
[2023-06-09T01:41:06.266+0000] {processor.py:836} INFO - DAG(s) dict_keys(['example_params_trigger_ui']) retrieved from /home/airflow/.local/lib/python3.7/site-packages/airflow/example_dags/example_params_trigger_ui.py
[2023-06-09T01:41:06.318+0000] {logging_mixin.py:149} INFO - [2023-06-09T01:41:06.318+0000] {dag.py:2726} INFO - Sync 1 DAGs
[2023-06-09T01:41:06.336+0000] {logging_mixin.py:149} INFO - [2023-06-09T01:41:06.336+0000] {dag.py:3490} INFO - Setting next_dagrun for example_params_trigger_ui to None, run_after=None
[2023-06-09T01:41:06.350+0000] {processor.py:179} INFO - Processing /home/airflow/.local/lib/python3.7/site-packages/airflow/example_dags/example_params_trigger_ui.py took 0.117 seconds
[2023-06-09T01:41:36.985+0000] {processor.py:157} INFO - Started process (PID=1837) to work on /home/airflow/.local/lib/python3.7/site-packages/airflow/example_dags/example_params_trigger_ui.py
[2023-06-09T01:41:36.987+0000] {processor.py:826} INFO - Processing file /home/airflow/.local/lib/python3.7/site-packages/airflow/example_dags/example_params_trigger_ui.py for tasks to queue
[2023-06-09T01:41:36.988+0000] {logging_mixin.py:149} INFO - [2023-06-09T01:41:36.988+0000] {dagbag.py:541} INFO - Filling up the DagBag from /home/airflow/.local/lib/python3.7/site-packages/airflow/example_dags/example_params_trigger_ui.py
[2023-06-09T01:41:37.013+0000] {processor.py:836} INFO - DAG(s) dict_keys(['example_params_trigger_ui']) retrieved from /home/airflow/.local/lib/python3.7/site-packages/airflow/example_dags/example_params_trigger_ui.py
[2023-06-09T01:41:37.065+0000] {logging_mixin.py:149} INFO - [2023-06-09T01:41:37.065+0000] {dag.py:2726} INFO - Sync 1 DAGs
[2023-06-09T01:41:37.086+0000] {logging_mixin.py:149} INFO - [2023-06-09T01:41:37.086+0000] {dag.py:3490} INFO - Setting next_dagrun for example_params_trigger_ui to None, run_after=None
[2023-06-09T01:41:37.099+0000] {processor.py:179} INFO - Processing /home/airflow/.local/lib/python3.7/site-packages/airflow/example_dags/example_params_trigger_ui.py took 0.120 seconds
[2023-06-09T01:42:07.504+0000] {processor.py:157} INFO - Started process (PID=1893) to work on /home/airflow/.local/lib/python3.7/site-packages/airflow/example_dags/example_params_trigger_ui.py
[2023-06-09T01:42:07.508+0000] {processor.py:826} INFO - Processing file /home/airflow/.local/lib/python3.7/site-packages/airflow/example_dags/example_params_trigger_ui.py for tasks to queue
[2023-06-09T01:42:07.509+0000] {logging_mixin.py:149} INFO - [2023-06-09T01:42:07.509+0000] {dagbag.py:541} INFO - Filling up the DagBag from /home/airflow/.local/lib/python3.7/site-packages/airflow/example_dags/example_params_trigger_ui.py
[2023-06-09T01:42:07.532+0000] {processor.py:836} INFO - DAG(s) dict_keys(['example_params_trigger_ui']) retrieved from /home/airflow/.local/lib/python3.7/site-packages/airflow/example_dags/example_params_trigger_ui.py
[2023-06-09T01:42:07.583+0000] {logging_mixin.py:149} INFO - [2023-06-09T01:42:07.582+0000] {dag.py:2726} INFO - Sync 1 DAGs
[2023-06-09T01:42:07.599+0000] {logging_mixin.py:149} INFO - [2023-06-09T01:42:07.599+0000] {dag.py:3490} INFO - Setting next_dagrun for example_params_trigger_ui to None, run_after=None
[2023-06-09T01:42:07.609+0000] {processor.py:179} INFO - Processing /home/airflow/.local/lib/python3.7/site-packages/airflow/example_dags/example_params_trigger_ui.py took 0.111 seconds
[2023-06-09T01:42:38.168+0000] {processor.py:157} INFO - Started process (PID=1948) to work on /home/airflow/.local/lib/python3.7/site-packages/airflow/example_dags/example_params_trigger_ui.py
[2023-06-09T01:42:38.172+0000] {processor.py:826} INFO - Processing file /home/airflow/.local/lib/python3.7/site-packages/airflow/example_dags/example_params_trigger_ui.py for tasks to queue
[2023-06-09T01:42:38.175+0000] {logging_mixin.py:149} INFO - [2023-06-09T01:42:38.175+0000] {dagbag.py:541} INFO - Filling up the DagBag from /home/airflow/.local/lib/python3.7/site-packages/airflow/example_dags/example_params_trigger_ui.py
[2023-06-09T01:42:38.206+0000] {processor.py:836} INFO - DAG(s) dict_keys(['example_params_trigger_ui']) retrieved from /home/airflow/.local/lib/python3.7/site-packages/airflow/example_dags/example_params_trigger_ui.py
[2023-06-09T01:42:38.267+0000] {logging_mixin.py:149} INFO - [2023-06-09T01:42:38.267+0000] {dag.py:2726} INFO - Sync 1 DAGs
[2023-06-09T01:42:38.288+0000] {logging_mixin.py:149} INFO - [2023-06-09T01:42:38.287+0000] {dag.py:3490} INFO - Setting next_dagrun for example_params_trigger_ui to None, run_after=None
[2023-06-09T01:42:38.306+0000] {processor.py:179} INFO - Processing /home/airflow/.local/lib/python3.7/site-packages/airflow/example_dags/example_params_trigger_ui.py took 0.145 seconds
[2023-06-09T01:43:09.168+0000] {processor.py:157} INFO - Started process (PID=2004) to work on /home/airflow/.local/lib/python3.7/site-packages/airflow/example_dags/example_params_trigger_ui.py
[2023-06-09T01:43:09.171+0000] {processor.py:826} INFO - Processing file /home/airflow/.local/lib/python3.7/site-packages/airflow/example_dags/example_params_trigger_ui.py for tasks to queue
[2023-06-09T01:43:09.172+0000] {logging_mixin.py:149} INFO - [2023-06-09T01:43:09.172+0000] {dagbag.py:541} INFO - Filling up the DagBag from /home/airflow/.local/lib/python3.7/site-packages/airflow/example_dags/example_params_trigger_ui.py
[2023-06-09T01:43:09.223+0000] {processor.py:836} INFO - DAG(s) dict_keys(['example_params_trigger_ui']) retrieved from /home/airflow/.local/lib/python3.7/site-packages/airflow/example_dags/example_params_trigger_ui.py
[2023-06-09T01:43:09.320+0000] {logging_mixin.py:149} INFO - [2023-06-09T01:43:09.320+0000] {dag.py:2726} INFO - Sync 1 DAGs
[2023-06-09T01:43:09.355+0000] {logging_mixin.py:149} INFO - [2023-06-09T01:43:09.355+0000] {dag.py:3490} INFO - Setting next_dagrun for example_params_trigger_ui to None, run_after=None
[2023-06-09T01:43:09.370+0000] {processor.py:179} INFO - Processing /home/airflow/.local/lib/python3.7/site-packages/airflow/example_dags/example_params_trigger_ui.py took 0.209 seconds
[2023-06-09T01:43:39.443+0000] {processor.py:157} INFO - Started process (PID=2060) to work on /home/airflow/.local/lib/python3.7/site-packages/airflow/example_dags/example_params_trigger_ui.py
[2023-06-09T01:43:39.446+0000] {processor.py:826} INFO - Processing file /home/airflow/.local/lib/python3.7/site-packages/airflow/example_dags/example_params_trigger_ui.py for tasks to queue
[2023-06-09T01:43:39.447+0000] {logging_mixin.py:149} INFO - [2023-06-09T01:43:39.447+0000] {dagbag.py:541} INFO - Filling up the DagBag from /home/airflow/.local/lib/python3.7/site-packages/airflow/example_dags/example_params_trigger_ui.py
[2023-06-09T01:43:39.476+0000] {processor.py:836} INFO - DAG(s) dict_keys(['example_params_trigger_ui']) retrieved from /home/airflow/.local/lib/python3.7/site-packages/airflow/example_dags/example_params_trigger_ui.py
[2023-06-09T01:43:39.531+0000] {logging_mixin.py:149} INFO - [2023-06-09T01:43:39.531+0000] {dag.py:2726} INFO - Sync 1 DAGs
[2023-06-09T01:43:39.547+0000] {logging_mixin.py:149} INFO - [2023-06-09T01:43:39.547+0000] {dag.py:3490} INFO - Setting next_dagrun for example_params_trigger_ui to None, run_after=None
[2023-06-09T01:43:39.561+0000] {processor.py:179} INFO - Processing /home/airflow/.local/lib/python3.7/site-packages/airflow/example_dags/example_params_trigger_ui.py took 0.125 seconds
[2023-06-09T01:44:09.675+0000] {processor.py:157} INFO - Started process (PID=2116) to work on /home/airflow/.local/lib/python3.7/site-packages/airflow/example_dags/example_params_trigger_ui.py
[2023-06-09T01:44:09.678+0000] {processor.py:826} INFO - Processing file /home/airflow/.local/lib/python3.7/site-packages/airflow/example_dags/example_params_trigger_ui.py for tasks to queue
[2023-06-09T01:44:09.680+0000] {logging_mixin.py:149} INFO - [2023-06-09T01:44:09.679+0000] {dagbag.py:541} INFO - Filling up the DagBag from /home/airflow/.local/lib/python3.7/site-packages/airflow/example_dags/example_params_trigger_ui.py
[2023-06-09T01:44:09.721+0000] {processor.py:836} INFO - DAG(s) dict_keys(['example_params_trigger_ui']) retrieved from /home/airflow/.local/lib/python3.7/site-packages/airflow/example_dags/example_params_trigger_ui.py
[2023-06-09T01:44:09.784+0000] {logging_mixin.py:149} INFO - [2023-06-09T01:44:09.784+0000] {dag.py:2726} INFO - Sync 1 DAGs
[2023-06-09T01:44:09.800+0000] {logging_mixin.py:149} INFO - [2023-06-09T01:44:09.800+0000] {dag.py:3490} INFO - Setting next_dagrun for example_params_trigger_ui to None, run_after=None
[2023-06-09T01:44:09.812+0000] {processor.py:179} INFO - Processing /home/airflow/.local/lib/python3.7/site-packages/airflow/example_dags/example_params_trigger_ui.py took 0.145 seconds
[2023-06-09T01:44:39.944+0000] {processor.py:157} INFO - Started process (PID=2173) to work on /home/airflow/.local/lib/python3.7/site-packages/airflow/example_dags/example_params_trigger_ui.py
[2023-06-09T01:44:39.947+0000] {processor.py:826} INFO - Processing file /home/airflow/.local/lib/python3.7/site-packages/airflow/example_dags/example_params_trigger_ui.py for tasks to queue
[2023-06-09T01:44:39.949+0000] {logging_mixin.py:149} INFO - [2023-06-09T01:44:39.949+0000] {dagbag.py:541} INFO - Filling up the DagBag from /home/airflow/.local/lib/python3.7/site-packages/airflow/example_dags/example_params_trigger_ui.py
[2023-06-09T01:44:39.980+0000] {processor.py:836} INFO - DAG(s) dict_keys(['example_params_trigger_ui']) retrieved from /home/airflow/.local/lib/python3.7/site-packages/airflow/example_dags/example_params_trigger_ui.py
[2023-06-09T01:44:40.040+0000] {logging_mixin.py:149} INFO - [2023-06-09T01:44:40.040+0000] {dag.py:2726} INFO - Sync 1 DAGs
[2023-06-09T01:44:40.063+0000] {logging_mixin.py:149} INFO - [2023-06-09T01:44:40.063+0000] {dag.py:3490} INFO - Setting next_dagrun for example_params_trigger_ui to None, run_after=None
[2023-06-09T01:44:40.074+0000] {processor.py:179} INFO - Processing /home/airflow/.local/lib/python3.7/site-packages/airflow/example_dags/example_params_trigger_ui.py took 0.135 seconds
[2023-06-09T01:45:10.359+0000] {processor.py:157} INFO - Started process (PID=2229) to work on /home/airflow/.local/lib/python3.7/site-packages/airflow/example_dags/example_params_trigger_ui.py
[2023-06-09T01:45:10.362+0000] {processor.py:826} INFO - Processing file /home/airflow/.local/lib/python3.7/site-packages/airflow/example_dags/example_params_trigger_ui.py for tasks to queue
[2023-06-09T01:45:10.363+0000] {logging_mixin.py:149} INFO - [2023-06-09T01:45:10.363+0000] {dagbag.py:541} INFO - Filling up the DagBag from /home/airflow/.local/lib/python3.7/site-packages/airflow/example_dags/example_params_trigger_ui.py
[2023-06-09T01:45:10.399+0000] {processor.py:836} INFO - DAG(s) dict_keys(['example_params_trigger_ui']) retrieved from /home/airflow/.local/lib/python3.7/site-packages/airflow/example_dags/example_params_trigger_ui.py
[2023-06-09T01:45:10.474+0000] {logging_mixin.py:149} INFO - [2023-06-09T01:45:10.474+0000] {dag.py:2726} INFO - Sync 1 DAGs
[2023-06-09T01:45:10.499+0000] {logging_mixin.py:149} INFO - [2023-06-09T01:45:10.499+0000] {dag.py:3490} INFO - Setting next_dagrun for example_params_trigger_ui to None, run_after=None
[2023-06-09T01:45:10.510+0000] {processor.py:179} INFO - Processing /home/airflow/.local/lib/python3.7/site-packages/airflow/example_dags/example_params_trigger_ui.py took 0.164 seconds
[2023-06-09T01:45:41.511+0000] {processor.py:157} INFO - Started process (PID=2286) to work on /home/airflow/.local/lib/python3.7/site-packages/airflow/example_dags/example_params_trigger_ui.py
[2023-06-09T01:45:41.513+0000] {processor.py:826} INFO - Processing file /home/airflow/.local/lib/python3.7/site-packages/airflow/example_dags/example_params_trigger_ui.py for tasks to queue
[2023-06-09T01:45:41.514+0000] {logging_mixin.py:149} INFO - [2023-06-09T01:45:41.514+0000] {dagbag.py:541} INFO - Filling up the DagBag from /home/airflow/.local/lib/python3.7/site-packages/airflow/example_dags/example_params_trigger_ui.py
[2023-06-09T01:45:41.546+0000] {processor.py:836} INFO - DAG(s) dict_keys(['example_params_trigger_ui']) retrieved from /home/airflow/.local/lib/python3.7/site-packages/airflow/example_dags/example_params_trigger_ui.py
[2023-06-09T01:45:41.602+0000] {logging_mixin.py:149} INFO - [2023-06-09T01:45:41.602+0000] {dag.py:2726} INFO - Sync 1 DAGs
[2023-06-09T01:45:41.621+0000] {logging_mixin.py:149} INFO - [2023-06-09T01:45:41.621+0000] {dag.py:3490} INFO - Setting next_dagrun for example_params_trigger_ui to None, run_after=None
[2023-06-09T01:45:41.631+0000] {processor.py:179} INFO - Processing /home/airflow/.local/lib/python3.7/site-packages/airflow/example_dags/example_params_trigger_ui.py took 0.125 seconds
[2023-06-09T01:46:12.023+0000] {processor.py:157} INFO - Started process (PID=2342) to work on /home/airflow/.local/lib/python3.7/site-packages/airflow/example_dags/example_params_trigger_ui.py
[2023-06-09T01:46:12.024+0000] {processor.py:826} INFO - Processing file /home/airflow/.local/lib/python3.7/site-packages/airflow/example_dags/example_params_trigger_ui.py for tasks to queue
[2023-06-09T01:46:12.025+0000] {logging_mixin.py:149} INFO - [2023-06-09T01:46:12.025+0000] {dagbag.py:541} INFO - Filling up the DagBag from /home/airflow/.local/lib/python3.7/site-packages/airflow/example_dags/example_params_trigger_ui.py
[2023-06-09T01:46:12.068+0000] {processor.py:836} INFO - DAG(s) dict_keys(['example_params_trigger_ui']) retrieved from /home/airflow/.local/lib/python3.7/site-packages/airflow/example_dags/example_params_trigger_ui.py
[2023-06-09T01:46:12.119+0000] {logging_mixin.py:149} INFO - [2023-06-09T01:46:12.119+0000] {dag.py:2726} INFO - Sync 1 DAGs
[2023-06-09T01:46:12.139+0000] {logging_mixin.py:149} INFO - [2023-06-09T01:46:12.139+0000] {dag.py:3490} INFO - Setting next_dagrun for example_params_trigger_ui to None, run_after=None
[2023-06-09T01:46:12.154+0000] {processor.py:179} INFO - Processing /home/airflow/.local/lib/python3.7/site-packages/airflow/example_dags/example_params_trigger_ui.py took 0.135 seconds
[2023-06-09T01:46:42.437+0000] {processor.py:157} INFO - Started process (PID=2399) to work on /home/airflow/.local/lib/python3.7/site-packages/airflow/example_dags/example_params_trigger_ui.py
[2023-06-09T01:46:42.439+0000] {processor.py:826} INFO - Processing file /home/airflow/.local/lib/python3.7/site-packages/airflow/example_dags/example_params_trigger_ui.py for tasks to queue
[2023-06-09T01:46:42.441+0000] {logging_mixin.py:149} INFO - [2023-06-09T01:46:42.441+0000] {dagbag.py:541} INFO - Filling up the DagBag from /home/airflow/.local/lib/python3.7/site-packages/airflow/example_dags/example_params_trigger_ui.py
[2023-06-09T01:46:42.464+0000] {processor.py:836} INFO - DAG(s) dict_keys(['example_params_trigger_ui']) retrieved from /home/airflow/.local/lib/python3.7/site-packages/airflow/example_dags/example_params_trigger_ui.py
[2023-06-09T01:46:42.513+0000] {logging_mixin.py:149} INFO - [2023-06-09T01:46:42.513+0000] {dag.py:2726} INFO - Sync 1 DAGs
[2023-06-09T01:46:42.534+0000] {logging_mixin.py:149} INFO - [2023-06-09T01:46:42.534+0000] {dag.py:3490} INFO - Setting next_dagrun for example_params_trigger_ui to None, run_after=None
[2023-06-09T01:46:42.547+0000] {processor.py:179} INFO - Processing /home/airflow/.local/lib/python3.7/site-packages/airflow/example_dags/example_params_trigger_ui.py took 0.115 seconds
[2023-06-09T01:47:13.259+0000] {processor.py:157} INFO - Started process (PID=2454) to work on /home/airflow/.local/lib/python3.7/site-packages/airflow/example_dags/example_params_trigger_ui.py
[2023-06-09T01:47:13.262+0000] {processor.py:826} INFO - Processing file /home/airflow/.local/lib/python3.7/site-packages/airflow/example_dags/example_params_trigger_ui.py for tasks to queue
[2023-06-09T01:47:13.263+0000] {logging_mixin.py:149} INFO - [2023-06-09T01:47:13.263+0000] {dagbag.py:541} INFO - Filling up the DagBag from /home/airflow/.local/lib/python3.7/site-packages/airflow/example_dags/example_params_trigger_ui.py
[2023-06-09T01:47:13.291+0000] {processor.py:836} INFO - DAG(s) dict_keys(['example_params_trigger_ui']) retrieved from /home/airflow/.local/lib/python3.7/site-packages/airflow/example_dags/example_params_trigger_ui.py
[2023-06-09T01:47:13.345+0000] {logging_mixin.py:149} INFO - [2023-06-09T01:47:13.345+0000] {dag.py:2726} INFO - Sync 1 DAGs
[2023-06-09T01:47:13.363+0000] {logging_mixin.py:149} INFO - [2023-06-09T01:47:13.363+0000] {dag.py:3490} INFO - Setting next_dagrun for example_params_trigger_ui to None, run_after=None
[2023-06-09T01:47:13.378+0000] {processor.py:179} INFO - Processing /home/airflow/.local/lib/python3.7/site-packages/airflow/example_dags/example_params_trigger_ui.py took 0.123 seconds
[2023-06-09T01:47:43.808+0000] {processor.py:157} INFO - Started process (PID=2510) to work on /home/airflow/.local/lib/python3.7/site-packages/airflow/example_dags/example_params_trigger_ui.py
[2023-06-09T01:47:43.811+0000] {processor.py:826} INFO - Processing file /home/airflow/.local/lib/python3.7/site-packages/airflow/example_dags/example_params_trigger_ui.py for tasks to queue
[2023-06-09T01:47:43.812+0000] {logging_mixin.py:149} INFO - [2023-06-09T01:47:43.812+0000] {dagbag.py:541} INFO - Filling up the DagBag from /home/airflow/.local/lib/python3.7/site-packages/airflow/example_dags/example_params_trigger_ui.py
[2023-06-09T01:47:43.864+0000] {processor.py:836} INFO - DAG(s) dict_keys(['example_params_trigger_ui']) retrieved from /home/airflow/.local/lib/python3.7/site-packages/airflow/example_dags/example_params_trigger_ui.py
[2023-06-09T01:47:43.926+0000] {logging_mixin.py:149} INFO - [2023-06-09T01:47:43.926+0000] {dag.py:2726} INFO - Sync 1 DAGs
[2023-06-09T01:47:43.945+0000] {logging_mixin.py:149} INFO - [2023-06-09T01:47:43.945+0000] {dag.py:3490} INFO - Setting next_dagrun for example_params_trigger_ui to None, run_after=None
[2023-06-09T01:47:43.965+0000] {processor.py:179} INFO - Processing /home/airflow/.local/lib/python3.7/site-packages/airflow/example_dags/example_params_trigger_ui.py took 0.163 seconds
[2023-06-09T01:48:14.532+0000] {processor.py:157} INFO - Started process (PID=2567) to work on /home/airflow/.local/lib/python3.7/site-packages/airflow/example_dags/example_params_trigger_ui.py
[2023-06-09T01:48:14.535+0000] {processor.py:826} INFO - Processing file /home/airflow/.local/lib/python3.7/site-packages/airflow/example_dags/example_params_trigger_ui.py for tasks to queue
[2023-06-09T01:48:14.538+0000] {logging_mixin.py:149} INFO - [2023-06-09T01:48:14.538+0000] {dagbag.py:541} INFO - Filling up the DagBag from /home/airflow/.local/lib/python3.7/site-packages/airflow/example_dags/example_params_trigger_ui.py
[2023-06-09T01:48:14.583+0000] {processor.py:836} INFO - DAG(s) dict_keys(['example_params_trigger_ui']) retrieved from /home/airflow/.local/lib/python3.7/site-packages/airflow/example_dags/example_params_trigger_ui.py
[2023-06-09T01:48:14.652+0000] {logging_mixin.py:149} INFO - [2023-06-09T01:48:14.651+0000] {dag.py:2726} INFO - Sync 1 DAGs
[2023-06-09T01:48:14.697+0000] {logging_mixin.py:149} INFO - [2023-06-09T01:48:14.697+0000] {dag.py:3490} INFO - Setting next_dagrun for example_params_trigger_ui to None, run_after=None
[2023-06-09T01:48:14.714+0000] {processor.py:179} INFO - Processing /home/airflow/.local/lib/python3.7/site-packages/airflow/example_dags/example_params_trigger_ui.py took 0.188 seconds
[2023-06-09T01:48:44.810+0000] {processor.py:157} INFO - Started process (PID=2623) to work on /home/airflow/.local/lib/python3.7/site-packages/airflow/example_dags/example_params_trigger_ui.py
[2023-06-09T01:48:44.812+0000] {processor.py:826} INFO - Processing file /home/airflow/.local/lib/python3.7/site-packages/airflow/example_dags/example_params_trigger_ui.py for tasks to queue
[2023-06-09T01:48:44.814+0000] {logging_mixin.py:149} INFO - [2023-06-09T01:48:44.813+0000] {dagbag.py:541} INFO - Filling up the DagBag from /home/airflow/.local/lib/python3.7/site-packages/airflow/example_dags/example_params_trigger_ui.py
[2023-06-09T01:48:44.854+0000] {processor.py:836} INFO - DAG(s) dict_keys(['example_params_trigger_ui']) retrieved from /home/airflow/.local/lib/python3.7/site-packages/airflow/example_dags/example_params_trigger_ui.py
[2023-06-09T01:48:44.910+0000] {logging_mixin.py:149} INFO - [2023-06-09T01:48:44.910+0000] {dag.py:2726} INFO - Sync 1 DAGs
[2023-06-09T01:48:44.932+0000] {logging_mixin.py:149} INFO - [2023-06-09T01:48:44.932+0000] {dag.py:3490} INFO - Setting next_dagrun for example_params_trigger_ui to None, run_after=None
[2023-06-09T01:48:44.946+0000] {processor.py:179} INFO - Processing /home/airflow/.local/lib/python3.7/site-packages/airflow/example_dags/example_params_trigger_ui.py took 0.141 seconds
[2023-06-09T01:49:15.115+0000] {processor.py:157} INFO - Started process (PID=2679) to work on /home/airflow/.local/lib/python3.7/site-packages/airflow/example_dags/example_params_trigger_ui.py
[2023-06-09T01:49:15.117+0000] {processor.py:826} INFO - Processing file /home/airflow/.local/lib/python3.7/site-packages/airflow/example_dags/example_params_trigger_ui.py for tasks to queue
[2023-06-09T01:49:15.118+0000] {logging_mixin.py:149} INFO - [2023-06-09T01:49:15.118+0000] {dagbag.py:541} INFO - Filling up the DagBag from /home/airflow/.local/lib/python3.7/site-packages/airflow/example_dags/example_params_trigger_ui.py
[2023-06-09T01:49:15.144+0000] {processor.py:836} INFO - DAG(s) dict_keys(['example_params_trigger_ui']) retrieved from /home/airflow/.local/lib/python3.7/site-packages/airflow/example_dags/example_params_trigger_ui.py
[2023-06-09T01:49:15.210+0000] {logging_mixin.py:149} INFO - [2023-06-09T01:49:15.209+0000] {dag.py:2726} INFO - Sync 1 DAGs
[2023-06-09T01:49:15.238+0000] {logging_mixin.py:149} INFO - [2023-06-09T01:49:15.238+0000] {dag.py:3490} INFO - Setting next_dagrun for example_params_trigger_ui to None, run_after=None
[2023-06-09T01:49:15.252+0000] {processor.py:179} INFO - Processing /home/airflow/.local/lib/python3.7/site-packages/airflow/example_dags/example_params_trigger_ui.py took 0.142 seconds
[2023-06-09T01:49:45.324+0000] {processor.py:157} INFO - Started process (PID=2734) to work on /home/airflow/.local/lib/python3.7/site-packages/airflow/example_dags/example_params_trigger_ui.py
[2023-06-09T01:49:45.325+0000] {processor.py:826} INFO - Processing file /home/airflow/.local/lib/python3.7/site-packages/airflow/example_dags/example_params_trigger_ui.py for tasks to queue
[2023-06-09T01:49:45.327+0000] {logging_mixin.py:149} INFO - [2023-06-09T01:49:45.327+0000] {dagbag.py:541} INFO - Filling up the DagBag from /home/airflow/.local/lib/python3.7/site-packages/airflow/example_dags/example_params_trigger_ui.py
[2023-06-09T01:49:45.353+0000] {processor.py:836} INFO - DAG(s) dict_keys(['example_params_trigger_ui']) retrieved from /home/airflow/.local/lib/python3.7/site-packages/airflow/example_dags/example_params_trigger_ui.py
[2023-06-09T01:49:45.415+0000] {logging_mixin.py:149} INFO - [2023-06-09T01:49:45.415+0000] {dag.py:2726} INFO - Sync 1 DAGs
[2023-06-09T01:49:45.435+0000] {logging_mixin.py:149} INFO - [2023-06-09T01:49:45.435+0000] {dag.py:3490} INFO - Setting next_dagrun for example_params_trigger_ui to None, run_after=None
[2023-06-09T01:49:45.446+0000] {processor.py:179} INFO - Processing /home/airflow/.local/lib/python3.7/site-packages/airflow/example_dags/example_params_trigger_ui.py took 0.127 seconds
[2023-06-09T01:50:16.041+0000] {processor.py:157} INFO - Started process (PID=2790) to work on /home/airflow/.local/lib/python3.7/site-packages/airflow/example_dags/example_params_trigger_ui.py
[2023-06-09T01:50:16.043+0000] {processor.py:826} INFO - Processing file /home/airflow/.local/lib/python3.7/site-packages/airflow/example_dags/example_params_trigger_ui.py for tasks to queue
[2023-06-09T01:50:16.045+0000] {logging_mixin.py:149} INFO - [2023-06-09T01:50:16.045+0000] {dagbag.py:541} INFO - Filling up the DagBag from /home/airflow/.local/lib/python3.7/site-packages/airflow/example_dags/example_params_trigger_ui.py
[2023-06-09T01:50:16.090+0000] {processor.py:836} INFO - DAG(s) dict_keys(['example_params_trigger_ui']) retrieved from /home/airflow/.local/lib/python3.7/site-packages/airflow/example_dags/example_params_trigger_ui.py
[2023-06-09T01:50:16.149+0000] {logging_mixin.py:149} INFO - [2023-06-09T01:50:16.149+0000] {dag.py:2726} INFO - Sync 1 DAGs
[2023-06-09T01:50:16.170+0000] {logging_mixin.py:149} INFO - [2023-06-09T01:50:16.170+0000] {dag.py:3490} INFO - Setting next_dagrun for example_params_trigger_ui to None, run_after=None
[2023-06-09T01:50:16.184+0000] {processor.py:179} INFO - Processing /home/airflow/.local/lib/python3.7/site-packages/airflow/example_dags/example_params_trigger_ui.py took 0.148 seconds
[2023-06-09T01:50:46.351+0000] {processor.py:157} INFO - Started process (PID=2846) to work on /home/airflow/.local/lib/python3.7/site-packages/airflow/example_dags/example_params_trigger_ui.py
[2023-06-09T01:50:46.352+0000] {processor.py:826} INFO - Processing file /home/airflow/.local/lib/python3.7/site-packages/airflow/example_dags/example_params_trigger_ui.py for tasks to queue
[2023-06-09T01:50:46.353+0000] {logging_mixin.py:149} INFO - [2023-06-09T01:50:46.353+0000] {dagbag.py:541} INFO - Filling up the DagBag from /home/airflow/.local/lib/python3.7/site-packages/airflow/example_dags/example_params_trigger_ui.py
[2023-06-09T01:50:46.380+0000] {processor.py:836} INFO - DAG(s) dict_keys(['example_params_trigger_ui']) retrieved from /home/airflow/.local/lib/python3.7/site-packages/airflow/example_dags/example_params_trigger_ui.py
[2023-06-09T01:50:46.461+0000] {logging_mixin.py:149} INFO - [2023-06-09T01:50:46.461+0000] {dag.py:2726} INFO - Sync 1 DAGs
[2023-06-09T01:50:46.481+0000] {logging_mixin.py:149} INFO - [2023-06-09T01:50:46.481+0000] {dag.py:3490} INFO - Setting next_dagrun for example_params_trigger_ui to None, run_after=None
[2023-06-09T01:50:46.493+0000] {processor.py:179} INFO - Processing /home/airflow/.local/lib/python3.7/site-packages/airflow/example_dags/example_params_trigger_ui.py took 0.148 seconds
[2023-06-09T01:51:16.750+0000] {processor.py:157} INFO - Started process (PID=2902) to work on /home/airflow/.local/lib/python3.7/site-packages/airflow/example_dags/example_params_trigger_ui.py
[2023-06-09T01:51:16.752+0000] {processor.py:826} INFO - Processing file /home/airflow/.local/lib/python3.7/site-packages/airflow/example_dags/example_params_trigger_ui.py for tasks to queue
[2023-06-09T01:51:16.754+0000] {logging_mixin.py:149} INFO - [2023-06-09T01:51:16.753+0000] {dagbag.py:541} INFO - Filling up the DagBag from /home/airflow/.local/lib/python3.7/site-packages/airflow/example_dags/example_params_trigger_ui.py
[2023-06-09T01:51:16.775+0000] {processor.py:836} INFO - DAG(s) dict_keys(['example_params_trigger_ui']) retrieved from /home/airflow/.local/lib/python3.7/site-packages/airflow/example_dags/example_params_trigger_ui.py
[2023-06-09T01:51:16.822+0000] {logging_mixin.py:149} INFO - [2023-06-09T01:51:16.822+0000] {dag.py:2726} INFO - Sync 1 DAGs
[2023-06-09T01:51:16.838+0000] {logging_mixin.py:149} INFO - [2023-06-09T01:51:16.838+0000] {dag.py:3490} INFO - Setting next_dagrun for example_params_trigger_ui to None, run_after=None
[2023-06-09T01:51:16.848+0000] {processor.py:179} INFO - Processing /home/airflow/.local/lib/python3.7/site-packages/airflow/example_dags/example_params_trigger_ui.py took 0.104 seconds
[2023-06-09T01:51:47.116+0000] {processor.py:157} INFO - Started process (PID=2958) to work on /home/airflow/.local/lib/python3.7/site-packages/airflow/example_dags/example_params_trigger_ui.py
[2023-06-09T01:51:47.118+0000] {processor.py:826} INFO - Processing file /home/airflow/.local/lib/python3.7/site-packages/airflow/example_dags/example_params_trigger_ui.py for tasks to queue
[2023-06-09T01:51:47.119+0000] {logging_mixin.py:149} INFO - [2023-06-09T01:51:47.119+0000] {dagbag.py:541} INFO - Filling up the DagBag from /home/airflow/.local/lib/python3.7/site-packages/airflow/example_dags/example_params_trigger_ui.py
[2023-06-09T01:51:47.141+0000] {processor.py:836} INFO - DAG(s) dict_keys(['example_params_trigger_ui']) retrieved from /home/airflow/.local/lib/python3.7/site-packages/airflow/example_dags/example_params_trigger_ui.py
[2023-06-09T01:51:47.192+0000] {logging_mixin.py:149} INFO - [2023-06-09T01:51:47.192+0000] {dag.py:2726} INFO - Sync 1 DAGs
[2023-06-09T01:51:47.208+0000] {logging_mixin.py:149} INFO - [2023-06-09T01:51:47.208+0000] {dag.py:3490} INFO - Setting next_dagrun for example_params_trigger_ui to None, run_after=None
[2023-06-09T01:51:47.219+0000] {processor.py:179} INFO - Processing /home/airflow/.local/lib/python3.7/site-packages/airflow/example_dags/example_params_trigger_ui.py took 0.108 seconds
[2023-06-09T01:52:17.322+0000] {processor.py:157} INFO - Started process (PID=3014) to work on /home/airflow/.local/lib/python3.7/site-packages/airflow/example_dags/example_params_trigger_ui.py
[2023-06-09T01:52:17.324+0000] {processor.py:826} INFO - Processing file /home/airflow/.local/lib/python3.7/site-packages/airflow/example_dags/example_params_trigger_ui.py for tasks to queue
[2023-06-09T01:52:17.326+0000] {logging_mixin.py:149} INFO - [2023-06-09T01:52:17.326+0000] {dagbag.py:541} INFO - Filling up the DagBag from /home/airflow/.local/lib/python3.7/site-packages/airflow/example_dags/example_params_trigger_ui.py
[2023-06-09T01:52:17.363+0000] {processor.py:836} INFO - DAG(s) dict_keys(['example_params_trigger_ui']) retrieved from /home/airflow/.local/lib/python3.7/site-packages/airflow/example_dags/example_params_trigger_ui.py
[2023-06-09T01:52:17.439+0000] {logging_mixin.py:149} INFO - [2023-06-09T01:52:17.439+0000] {dag.py:2726} INFO - Sync 1 DAGs
[2023-06-09T01:52:17.461+0000] {logging_mixin.py:149} INFO - [2023-06-09T01:52:17.461+0000] {dag.py:3490} INFO - Setting next_dagrun for example_params_trigger_ui to None, run_after=None
[2023-06-09T01:52:17.473+0000] {processor.py:179} INFO - Processing /home/airflow/.local/lib/python3.7/site-packages/airflow/example_dags/example_params_trigger_ui.py took 0.159 seconds
[2023-06-09T01:52:47.753+0000] {processor.py:157} INFO - Started process (PID=3070) to work on /home/airflow/.local/lib/python3.7/site-packages/airflow/example_dags/example_params_trigger_ui.py
[2023-06-09T01:52:47.756+0000] {processor.py:826} INFO - Processing file /home/airflow/.local/lib/python3.7/site-packages/airflow/example_dags/example_params_trigger_ui.py for tasks to queue
[2023-06-09T01:52:47.757+0000] {logging_mixin.py:149} INFO - [2023-06-09T01:52:47.757+0000] {dagbag.py:541} INFO - Filling up the DagBag from /home/airflow/.local/lib/python3.7/site-packages/airflow/example_dags/example_params_trigger_ui.py
[2023-06-09T01:52:47.781+0000] {processor.py:836} INFO - DAG(s) dict_keys(['example_params_trigger_ui']) retrieved from /home/airflow/.local/lib/python3.7/site-packages/airflow/example_dags/example_params_trigger_ui.py
[2023-06-09T01:52:47.828+0000] {logging_mixin.py:149} INFO - [2023-06-09T01:52:47.828+0000] {dag.py:2726} INFO - Sync 1 DAGs
[2023-06-09T01:52:47.845+0000] {logging_mixin.py:149} INFO - [2023-06-09T01:52:47.845+0000] {dag.py:3490} INFO - Setting next_dagrun for example_params_trigger_ui to None, run_after=None
[2023-06-09T01:52:47.855+0000] {processor.py:179} INFO - Processing /home/airflow/.local/lib/python3.7/site-packages/airflow/example_dags/example_params_trigger_ui.py took 0.109 seconds
[2023-06-09T01:53:50.042+0000] {processor.py:157} INFO - Started process (PID=43) to work on /home/airflow/.local/lib/python3.7/site-packages/airflow/example_dags/example_params_trigger_ui.py
[2023-06-09T01:53:50.044+0000] {processor.py:826} INFO - Processing file /home/airflow/.local/lib/python3.7/site-packages/airflow/example_dags/example_params_trigger_ui.py for tasks to queue
[2023-06-09T01:53:50.045+0000] {logging_mixin.py:149} INFO - [2023-06-09T01:53:50.045+0000] {dagbag.py:541} INFO - Filling up the DagBag from /home/airflow/.local/lib/python3.7/site-packages/airflow/example_dags/example_params_trigger_ui.py
[2023-06-09T01:53:50.073+0000] {processor.py:836} INFO - DAG(s) dict_keys(['example_params_trigger_ui']) retrieved from /home/airflow/.local/lib/python3.7/site-packages/airflow/example_dags/example_params_trigger_ui.py
[2023-06-09T01:53:50.090+0000] {logging_mixin.py:149} INFO - [2023-06-09T01:53:50.090+0000] {dag.py:2726} INFO - Sync 1 DAGs
[2023-06-09T01:53:50.111+0000] {logging_mixin.py:149} INFO - [2023-06-09T01:53:50.110+0000] {dag.py:3490} INFO - Setting next_dagrun for example_params_trigger_ui to None, run_after=None
[2023-06-09T01:53:50.125+0000] {processor.py:179} INFO - Processing /home/airflow/.local/lib/python3.7/site-packages/airflow/example_dags/example_params_trigger_ui.py took 0.087 seconds
