[2023-06-09T01:25:27.392+0000] {processor.py:157} INFO - Started process (PID=57) to work on /home/airflow/.local/lib/python3.7/site-packages/airflow/example_dags/example_xcom.py
[2023-06-09T01:25:27.404+0000] {processor.py:826} INFO - Processing file /home/airflow/.local/lib/python3.7/site-packages/airflow/example_dags/example_xcom.py for tasks to queue
[2023-06-09T01:25:27.447+0000] {logging_mixin.py:149} INFO - [2023-06-09T01:25:27.447+0000] {dagbag.py:541} INFO - Filling up the DagBag from /home/airflow/.local/lib/python3.7/site-packages/airflow/example_dags/example_xcom.py
[2023-06-09T01:25:27.551+0000] {processor.py:836} INFO - DAG(s) dict_keys(['example_xcom']) retrieved from /home/airflow/.local/lib/python3.7/site-packages/airflow/example_dags/example_xcom.py
[2023-06-09T01:25:28.409+0000] {logging_mixin.py:149} INFO - [2023-06-09T01:25:28.408+0000] {manager.py:504} INFO - Created Permission View: can delete on DAG:example_xcom
[2023-06-09T01:25:28.453+0000] {logging_mixin.py:149} INFO - [2023-06-09T01:25:28.453+0000] {manager.py:504} INFO - Created Permission View: can edit on DAG:example_xcom
[2023-06-09T01:25:28.491+0000] {logging_mixin.py:149} INFO - [2023-06-09T01:25:28.491+0000] {manager.py:504} INFO - Created Permission View: can read on DAG:example_xcom
[2023-06-09T01:25:28.494+0000] {logging_mixin.py:149} INFO - [2023-06-09T01:25:28.493+0000] {dag.py:2726} INFO - Sync 1 DAGs
[2023-06-09T01:25:28.528+0000] {logging_mixin.py:149} INFO - [2023-06-09T01:25:28.528+0000] {dag.py:2747} INFO - Creating ORM DAG for example_xcom
[2023-06-09T01:25:28.585+0000] {logging_mixin.py:149} INFO - [2023-06-09T01:25:28.585+0000] {dag.py:3490} INFO - Setting next_dagrun for example_xcom to 2021-01-01T00:00:00+00:00, run_after=2021-01-01T00:00:00+00:00
[2023-06-09T01:25:28.652+0000] {processor.py:179} INFO - Processing /home/airflow/.local/lib/python3.7/site-packages/airflow/example_dags/example_xcom.py took 1.269 seconds
[2023-06-09T01:25:59.539+0000] {processor.py:157} INFO - Started process (PID=113) to work on /home/airflow/.local/lib/python3.7/site-packages/airflow/example_dags/example_xcom.py
[2023-06-09T01:25:59.561+0000] {processor.py:826} INFO - Processing file /home/airflow/.local/lib/python3.7/site-packages/airflow/example_dags/example_xcom.py for tasks to queue
[2023-06-09T01:25:59.564+0000] {logging_mixin.py:149} INFO - [2023-06-09T01:25:59.564+0000] {dagbag.py:541} INFO - Filling up the DagBag from /home/airflow/.local/lib/python3.7/site-packages/airflow/example_dags/example_xcom.py
[2023-06-09T01:25:59.588+0000] {processor.py:836} INFO - DAG(s) dict_keys(['example_xcom']) retrieved from /home/airflow/.local/lib/python3.7/site-packages/airflow/example_dags/example_xcom.py
[2023-06-09T01:25:59.669+0000] {logging_mixin.py:149} INFO - [2023-06-09T01:25:59.669+0000] {dag.py:2726} INFO - Sync 1 DAGs
[2023-06-09T01:25:59.715+0000] {logging_mixin.py:149} INFO - [2023-06-09T01:25:59.715+0000] {dag.py:3490} INFO - Setting next_dagrun for example_xcom to 2021-01-01T00:00:00+00:00, run_after=2021-01-01T00:00:00+00:00
[2023-06-09T01:25:59.762+0000] {processor.py:179} INFO - Processing /home/airflow/.local/lib/python3.7/site-packages/airflow/example_dags/example_xcom.py took 0.233 seconds
[2023-06-09T01:26:29.862+0000] {processor.py:157} INFO - Started process (PID=168) to work on /home/airflow/.local/lib/python3.7/site-packages/airflow/example_dags/example_xcom.py
[2023-06-09T01:26:29.865+0000] {processor.py:826} INFO - Processing file /home/airflow/.local/lib/python3.7/site-packages/airflow/example_dags/example_xcom.py for tasks to queue
[2023-06-09T01:26:29.867+0000] {logging_mixin.py:149} INFO - [2023-06-09T01:26:29.866+0000] {dagbag.py:541} INFO - Filling up the DagBag from /home/airflow/.local/lib/python3.7/site-packages/airflow/example_dags/example_xcom.py
[2023-06-09T01:26:29.880+0000] {processor.py:836} INFO - DAG(s) dict_keys(['example_xcom']) retrieved from /home/airflow/.local/lib/python3.7/site-packages/airflow/example_dags/example_xcom.py
[2023-06-09T01:26:29.922+0000] {logging_mixin.py:149} INFO - [2023-06-09T01:26:29.922+0000] {dag.py:2726} INFO - Sync 1 DAGs
[2023-06-09T01:26:29.976+0000] {logging_mixin.py:149} INFO - [2023-06-09T01:26:29.976+0000] {dag.py:3490} INFO - Setting next_dagrun for example_xcom to 2021-01-01T00:00:00+00:00, run_after=2021-01-01T00:00:00+00:00
[2023-06-09T01:26:29.993+0000] {processor.py:179} INFO - Processing /home/airflow/.local/lib/python3.7/site-packages/airflow/example_dags/example_xcom.py took 0.138 seconds
[2023-06-09T01:27:00.288+0000] {processor.py:157} INFO - Started process (PID=224) to work on /home/airflow/.local/lib/python3.7/site-packages/airflow/example_dags/example_xcom.py
[2023-06-09T01:27:00.295+0000] {processor.py:826} INFO - Processing file /home/airflow/.local/lib/python3.7/site-packages/airflow/example_dags/example_xcom.py for tasks to queue
[2023-06-09T01:27:00.300+0000] {logging_mixin.py:149} INFO - [2023-06-09T01:27:00.300+0000] {dagbag.py:541} INFO - Filling up the DagBag from /home/airflow/.local/lib/python3.7/site-packages/airflow/example_dags/example_xcom.py
[2023-06-09T01:27:00.314+0000] {processor.py:836} INFO - DAG(s) dict_keys(['example_xcom']) retrieved from /home/airflow/.local/lib/python3.7/site-packages/airflow/example_dags/example_xcom.py
[2023-06-09T01:27:00.368+0000] {logging_mixin.py:149} INFO - [2023-06-09T01:27:00.368+0000] {dag.py:2726} INFO - Sync 1 DAGs
[2023-06-09T01:27:00.396+0000] {logging_mixin.py:149} INFO - [2023-06-09T01:27:00.396+0000] {dag.py:3490} INFO - Setting next_dagrun for example_xcom to 2021-01-01T00:00:00+00:00, run_after=2021-01-01T00:00:00+00:00
[2023-06-09T01:27:00.420+0000] {processor.py:179} INFO - Processing /home/airflow/.local/lib/python3.7/site-packages/airflow/example_dags/example_xcom.py took 0.147 seconds
[2023-06-09T01:27:30.821+0000] {processor.py:157} INFO - Started process (PID=280) to work on /home/airflow/.local/lib/python3.7/site-packages/airflow/example_dags/example_xcom.py
[2023-06-09T01:27:30.825+0000] {processor.py:826} INFO - Processing file /home/airflow/.local/lib/python3.7/site-packages/airflow/example_dags/example_xcom.py for tasks to queue
[2023-06-09T01:27:30.826+0000] {logging_mixin.py:149} INFO - [2023-06-09T01:27:30.826+0000] {dagbag.py:541} INFO - Filling up the DagBag from /home/airflow/.local/lib/python3.7/site-packages/airflow/example_dags/example_xcom.py
[2023-06-09T01:27:30.839+0000] {processor.py:836} INFO - DAG(s) dict_keys(['example_xcom']) retrieved from /home/airflow/.local/lib/python3.7/site-packages/airflow/example_dags/example_xcom.py
[2023-06-09T01:27:30.897+0000] {logging_mixin.py:149} INFO - [2023-06-09T01:27:30.897+0000] {dag.py:2726} INFO - Sync 1 DAGs
[2023-06-09T01:27:30.925+0000] {logging_mixin.py:149} INFO - [2023-06-09T01:27:30.925+0000] {dag.py:3490} INFO - Setting next_dagrun for example_xcom to 2021-01-01T00:00:00+00:00, run_after=2021-01-01T00:00:00+00:00
[2023-06-09T01:27:30.940+0000] {processor.py:179} INFO - Processing /home/airflow/.local/lib/python3.7/site-packages/airflow/example_dags/example_xcom.py took 0.126 seconds
[2023-06-09T01:28:01.408+0000] {processor.py:157} INFO - Started process (PID=336) to work on /home/airflow/.local/lib/python3.7/site-packages/airflow/example_dags/example_xcom.py
[2023-06-09T01:28:01.411+0000] {processor.py:826} INFO - Processing file /home/airflow/.local/lib/python3.7/site-packages/airflow/example_dags/example_xcom.py for tasks to queue
[2023-06-09T01:28:01.413+0000] {logging_mixin.py:149} INFO - [2023-06-09T01:28:01.413+0000] {dagbag.py:541} INFO - Filling up the DagBag from /home/airflow/.local/lib/python3.7/site-packages/airflow/example_dags/example_xcom.py
[2023-06-09T01:28:01.424+0000] {processor.py:836} INFO - DAG(s) dict_keys(['example_xcom']) retrieved from /home/airflow/.local/lib/python3.7/site-packages/airflow/example_dags/example_xcom.py
[2023-06-09T01:28:01.454+0000] {logging_mixin.py:149} INFO - [2023-06-09T01:28:01.454+0000] {dag.py:2726} INFO - Sync 1 DAGs
[2023-06-09T01:28:01.471+0000] {logging_mixin.py:149} INFO - [2023-06-09T01:28:01.470+0000] {dag.py:3490} INFO - Setting next_dagrun for example_xcom to 2021-01-01T00:00:00+00:00, run_after=2021-01-01T00:00:00+00:00
[2023-06-09T01:28:01.482+0000] {processor.py:179} INFO - Processing /home/airflow/.local/lib/python3.7/site-packages/airflow/example_dags/example_xcom.py took 0.080 seconds
[2023-06-09T01:28:32.103+0000] {processor.py:157} INFO - Started process (PID=392) to work on /home/airflow/.local/lib/python3.7/site-packages/airflow/example_dags/example_xcom.py
[2023-06-09T01:28:32.105+0000] {processor.py:826} INFO - Processing file /home/airflow/.local/lib/python3.7/site-packages/airflow/example_dags/example_xcom.py for tasks to queue
[2023-06-09T01:28:32.106+0000] {logging_mixin.py:149} INFO - [2023-06-09T01:28:32.106+0000] {dagbag.py:541} INFO - Filling up the DagBag from /home/airflow/.local/lib/python3.7/site-packages/airflow/example_dags/example_xcom.py
[2023-06-09T01:28:32.117+0000] {processor.py:836} INFO - DAG(s) dict_keys(['example_xcom']) retrieved from /home/airflow/.local/lib/python3.7/site-packages/airflow/example_dags/example_xcom.py
[2023-06-09T01:28:32.149+0000] {logging_mixin.py:149} INFO - [2023-06-09T01:28:32.149+0000] {dag.py:2726} INFO - Sync 1 DAGs
[2023-06-09T01:28:32.167+0000] {logging_mixin.py:149} INFO - [2023-06-09T01:28:32.167+0000] {dag.py:3490} INFO - Setting next_dagrun for example_xcom to 2021-01-01T00:00:00+00:00, run_after=2021-01-01T00:00:00+00:00
[2023-06-09T01:28:32.182+0000] {processor.py:179} INFO - Processing /home/airflow/.local/lib/python3.7/site-packages/airflow/example_dags/example_xcom.py took 0.085 seconds
[2023-06-09T01:29:02.240+0000] {processor.py:157} INFO - Started process (PID=448) to work on /home/airflow/.local/lib/python3.7/site-packages/airflow/example_dags/example_xcom.py
[2023-06-09T01:29:02.243+0000] {processor.py:826} INFO - Processing file /home/airflow/.local/lib/python3.7/site-packages/airflow/example_dags/example_xcom.py for tasks to queue
[2023-06-09T01:29:02.245+0000] {logging_mixin.py:149} INFO - [2023-06-09T01:29:02.245+0000] {dagbag.py:541} INFO - Filling up the DagBag from /home/airflow/.local/lib/python3.7/site-packages/airflow/example_dags/example_xcom.py
[2023-06-09T01:29:02.257+0000] {processor.py:836} INFO - DAG(s) dict_keys(['example_xcom']) retrieved from /home/airflow/.local/lib/python3.7/site-packages/airflow/example_dags/example_xcom.py
[2023-06-09T01:29:02.288+0000] {logging_mixin.py:149} INFO - [2023-06-09T01:29:02.288+0000] {dag.py:2726} INFO - Sync 1 DAGs
[2023-06-09T01:29:02.304+0000] {logging_mixin.py:149} INFO - [2023-06-09T01:29:02.304+0000] {dag.py:3490} INFO - Setting next_dagrun for example_xcom to 2021-01-01T00:00:00+00:00, run_after=2021-01-01T00:00:00+00:00
[2023-06-09T01:29:02.315+0000] {processor.py:179} INFO - Processing /home/airflow/.local/lib/python3.7/site-packages/airflow/example_dags/example_xcom.py took 0.080 seconds
[2023-06-09T01:29:32.658+0000] {processor.py:157} INFO - Started process (PID=504) to work on /home/airflow/.local/lib/python3.7/site-packages/airflow/example_dags/example_xcom.py
[2023-06-09T01:29:32.659+0000] {processor.py:826} INFO - Processing file /home/airflow/.local/lib/python3.7/site-packages/airflow/example_dags/example_xcom.py for tasks to queue
[2023-06-09T01:29:32.660+0000] {logging_mixin.py:149} INFO - [2023-06-09T01:29:32.660+0000] {dagbag.py:541} INFO - Filling up the DagBag from /home/airflow/.local/lib/python3.7/site-packages/airflow/example_dags/example_xcom.py
[2023-06-09T01:29:32.666+0000] {processor.py:836} INFO - DAG(s) dict_keys(['example_xcom']) retrieved from /home/airflow/.local/lib/python3.7/site-packages/airflow/example_dags/example_xcom.py
[2023-06-09T01:29:32.692+0000] {logging_mixin.py:149} INFO - [2023-06-09T01:29:32.692+0000] {dag.py:2726} INFO - Sync 1 DAGs
[2023-06-09T01:29:32.710+0000] {logging_mixin.py:149} INFO - [2023-06-09T01:29:32.710+0000] {dag.py:3490} INFO - Setting next_dagrun for example_xcom to 2021-01-01T00:00:00+00:00, run_after=2021-01-01T00:00:00+00:00
[2023-06-09T01:29:32.722+0000] {processor.py:179} INFO - Processing /home/airflow/.local/lib/python3.7/site-packages/airflow/example_dags/example_xcom.py took 0.068 seconds
[2023-06-09T01:30:03.340+0000] {processor.py:157} INFO - Started process (PID=560) to work on /home/airflow/.local/lib/python3.7/site-packages/airflow/example_dags/example_xcom.py
[2023-06-09T01:30:03.342+0000] {processor.py:826} INFO - Processing file /home/airflow/.local/lib/python3.7/site-packages/airflow/example_dags/example_xcom.py for tasks to queue
[2023-06-09T01:30:03.343+0000] {logging_mixin.py:149} INFO - [2023-06-09T01:30:03.343+0000] {dagbag.py:541} INFO - Filling up the DagBag from /home/airflow/.local/lib/python3.7/site-packages/airflow/example_dags/example_xcom.py
[2023-06-09T01:30:03.353+0000] {processor.py:836} INFO - DAG(s) dict_keys(['example_xcom']) retrieved from /home/airflow/.local/lib/python3.7/site-packages/airflow/example_dags/example_xcom.py
[2023-06-09T01:30:03.382+0000] {logging_mixin.py:149} INFO - [2023-06-09T01:30:03.382+0000] {dag.py:2726} INFO - Sync 1 DAGs
[2023-06-09T01:30:03.403+0000] {logging_mixin.py:149} INFO - [2023-06-09T01:30:03.403+0000] {dag.py:3490} INFO - Setting next_dagrun for example_xcom to 2021-01-01T00:00:00+00:00, run_after=2021-01-01T00:00:00+00:00
[2023-06-09T01:30:03.418+0000] {processor.py:179} INFO - Processing /home/airflow/.local/lib/python3.7/site-packages/airflow/example_dags/example_xcom.py took 0.085 seconds
[2023-06-09T01:30:33.539+0000] {processor.py:157} INFO - Started process (PID=616) to work on /home/airflow/.local/lib/python3.7/site-packages/airflow/example_dags/example_xcom.py
[2023-06-09T01:30:33.542+0000] {processor.py:826} INFO - Processing file /home/airflow/.local/lib/python3.7/site-packages/airflow/example_dags/example_xcom.py for tasks to queue
[2023-06-09T01:30:33.544+0000] {logging_mixin.py:149} INFO - [2023-06-09T01:30:33.544+0000] {dagbag.py:541} INFO - Filling up the DagBag from /home/airflow/.local/lib/python3.7/site-packages/airflow/example_dags/example_xcom.py
[2023-06-09T01:30:33.554+0000] {processor.py:836} INFO - DAG(s) dict_keys(['example_xcom']) retrieved from /home/airflow/.local/lib/python3.7/site-packages/airflow/example_dags/example_xcom.py
[2023-06-09T01:30:33.584+0000] {logging_mixin.py:149} INFO - [2023-06-09T01:30:33.583+0000] {dag.py:2726} INFO - Sync 1 DAGs
[2023-06-09T01:30:33.599+0000] {logging_mixin.py:149} INFO - [2023-06-09T01:30:33.599+0000] {dag.py:3490} INFO - Setting next_dagrun for example_xcom to 2021-01-01T00:00:00+00:00, run_after=2021-01-01T00:00:00+00:00
[2023-06-09T01:30:33.610+0000] {processor.py:179} INFO - Processing /home/airflow/.local/lib/python3.7/site-packages/airflow/example_dags/example_xcom.py took 0.078 seconds
[2023-06-09T01:31:04.123+0000] {processor.py:157} INFO - Started process (PID=672) to work on /home/airflow/.local/lib/python3.7/site-packages/airflow/example_dags/example_xcom.py
[2023-06-09T01:31:04.126+0000] {processor.py:826} INFO - Processing file /home/airflow/.local/lib/python3.7/site-packages/airflow/example_dags/example_xcom.py for tasks to queue
[2023-06-09T01:31:04.127+0000] {logging_mixin.py:149} INFO - [2023-06-09T01:31:04.127+0000] {dagbag.py:541} INFO - Filling up the DagBag from /home/airflow/.local/lib/python3.7/site-packages/airflow/example_dags/example_xcom.py
[2023-06-09T01:31:04.140+0000] {processor.py:836} INFO - DAG(s) dict_keys(['example_xcom']) retrieved from /home/airflow/.local/lib/python3.7/site-packages/airflow/example_dags/example_xcom.py
[2023-06-09T01:31:04.167+0000] {logging_mixin.py:149} INFO - [2023-06-09T01:31:04.167+0000] {dag.py:2726} INFO - Sync 1 DAGs
[2023-06-09T01:31:04.187+0000] {logging_mixin.py:149} INFO - [2023-06-09T01:31:04.186+0000] {dag.py:3490} INFO - Setting next_dagrun for example_xcom to 2021-01-01T00:00:00+00:00, run_after=2021-01-01T00:00:00+00:00
[2023-06-09T01:31:04.199+0000] {processor.py:179} INFO - Processing /home/airflow/.local/lib/python3.7/site-packages/airflow/example_dags/example_xcom.py took 0.085 seconds
[2023-06-09T01:31:35.108+0000] {processor.py:157} INFO - Started process (PID=728) to work on /home/airflow/.local/lib/python3.7/site-packages/airflow/example_dags/example_xcom.py
[2023-06-09T01:31:35.111+0000] {processor.py:826} INFO - Processing file /home/airflow/.local/lib/python3.7/site-packages/airflow/example_dags/example_xcom.py for tasks to queue
[2023-06-09T01:31:35.113+0000] {logging_mixin.py:149} INFO - [2023-06-09T01:31:35.113+0000] {dagbag.py:541} INFO - Filling up the DagBag from /home/airflow/.local/lib/python3.7/site-packages/airflow/example_dags/example_xcom.py
[2023-06-09T01:31:35.123+0000] {processor.py:836} INFO - DAG(s) dict_keys(['example_xcom']) retrieved from /home/airflow/.local/lib/python3.7/site-packages/airflow/example_dags/example_xcom.py
[2023-06-09T01:31:35.148+0000] {logging_mixin.py:149} INFO - [2023-06-09T01:31:35.148+0000] {dag.py:2726} INFO - Sync 1 DAGs
[2023-06-09T01:31:35.164+0000] {logging_mixin.py:149} INFO - [2023-06-09T01:31:35.164+0000] {dag.py:3490} INFO - Setting next_dagrun for example_xcom to 2021-01-01T00:00:00+00:00, run_after=2021-01-01T00:00:00+00:00
[2023-06-09T01:31:35.186+0000] {processor.py:179} INFO - Processing /home/airflow/.local/lib/python3.7/site-packages/airflow/example_dags/example_xcom.py took 0.088 seconds
[2023-06-09T01:32:05.315+0000] {processor.py:157} INFO - Started process (PID=784) to work on /home/airflow/.local/lib/python3.7/site-packages/airflow/example_dags/example_xcom.py
[2023-06-09T01:32:05.318+0000] {processor.py:826} INFO - Processing file /home/airflow/.local/lib/python3.7/site-packages/airflow/example_dags/example_xcom.py for tasks to queue
[2023-06-09T01:32:05.320+0000] {logging_mixin.py:149} INFO - [2023-06-09T01:32:05.319+0000] {dagbag.py:541} INFO - Filling up the DagBag from /home/airflow/.local/lib/python3.7/site-packages/airflow/example_dags/example_xcom.py
[2023-06-09T01:32:05.331+0000] {processor.py:836} INFO - DAG(s) dict_keys(['example_xcom']) retrieved from /home/airflow/.local/lib/python3.7/site-packages/airflow/example_dags/example_xcom.py
[2023-06-09T01:32:05.360+0000] {logging_mixin.py:149} INFO - [2023-06-09T01:32:05.360+0000] {dag.py:2726} INFO - Sync 1 DAGs
[2023-06-09T01:32:05.376+0000] {logging_mixin.py:149} INFO - [2023-06-09T01:32:05.376+0000] {dag.py:3490} INFO - Setting next_dagrun for example_xcom to 2021-01-01T00:00:00+00:00, run_after=2021-01-01T00:00:00+00:00
[2023-06-09T01:32:05.387+0000] {processor.py:179} INFO - Processing /home/airflow/.local/lib/python3.7/site-packages/airflow/example_dags/example_xcom.py took 0.079 seconds
[2023-06-09T01:32:35.533+0000] {processor.py:157} INFO - Started process (PID=840) to work on /home/airflow/.local/lib/python3.7/site-packages/airflow/example_dags/example_xcom.py
[2023-06-09T01:32:35.535+0000] {processor.py:826} INFO - Processing file /home/airflow/.local/lib/python3.7/site-packages/airflow/example_dags/example_xcom.py for tasks to queue
[2023-06-09T01:32:35.536+0000] {logging_mixin.py:149} INFO - [2023-06-09T01:32:35.536+0000] {dagbag.py:541} INFO - Filling up the DagBag from /home/airflow/.local/lib/python3.7/site-packages/airflow/example_dags/example_xcom.py
[2023-06-09T01:32:35.546+0000] {processor.py:836} INFO - DAG(s) dict_keys(['example_xcom']) retrieved from /home/airflow/.local/lib/python3.7/site-packages/airflow/example_dags/example_xcom.py
[2023-06-09T01:32:35.579+0000] {logging_mixin.py:149} INFO - [2023-06-09T01:32:35.579+0000] {dag.py:2726} INFO - Sync 1 DAGs
[2023-06-09T01:32:35.597+0000] {logging_mixin.py:149} INFO - [2023-06-09T01:32:35.597+0000] {dag.py:3490} INFO - Setting next_dagrun for example_xcom to 2021-01-01T00:00:00+00:00, run_after=2021-01-01T00:00:00+00:00
[2023-06-09T01:32:35.610+0000] {processor.py:179} INFO - Processing /home/airflow/.local/lib/python3.7/site-packages/airflow/example_dags/example_xcom.py took 0.082 seconds
[2023-06-09T01:33:05.753+0000] {processor.py:157} INFO - Started process (PID=896) to work on /home/airflow/.local/lib/python3.7/site-packages/airflow/example_dags/example_xcom.py
[2023-06-09T01:33:05.756+0000] {processor.py:826} INFO - Processing file /home/airflow/.local/lib/python3.7/site-packages/airflow/example_dags/example_xcom.py for tasks to queue
[2023-06-09T01:33:05.757+0000] {logging_mixin.py:149} INFO - [2023-06-09T01:33:05.757+0000] {dagbag.py:541} INFO - Filling up the DagBag from /home/airflow/.local/lib/python3.7/site-packages/airflow/example_dags/example_xcom.py
[2023-06-09T01:33:05.768+0000] {processor.py:836} INFO - DAG(s) dict_keys(['example_xcom']) retrieved from /home/airflow/.local/lib/python3.7/site-packages/airflow/example_dags/example_xcom.py
[2023-06-09T01:33:05.792+0000] {logging_mixin.py:149} INFO - [2023-06-09T01:33:05.792+0000] {dag.py:2726} INFO - Sync 1 DAGs
[2023-06-09T01:33:05.808+0000] {logging_mixin.py:149} INFO - [2023-06-09T01:33:05.807+0000] {dag.py:3490} INFO - Setting next_dagrun for example_xcom to 2021-01-01T00:00:00+00:00, run_after=2021-01-01T00:00:00+00:00
[2023-06-09T01:33:05.819+0000] {processor.py:179} INFO - Processing /home/airflow/.local/lib/python3.7/site-packages/airflow/example_dags/example_xcom.py took 0.071 seconds
[2023-06-09T01:33:35.910+0000] {processor.py:157} INFO - Started process (PID=952) to work on /home/airflow/.local/lib/python3.7/site-packages/airflow/example_dags/example_xcom.py
[2023-06-09T01:33:35.913+0000] {processor.py:826} INFO - Processing file /home/airflow/.local/lib/python3.7/site-packages/airflow/example_dags/example_xcom.py for tasks to queue
[2023-06-09T01:33:35.914+0000] {logging_mixin.py:149} INFO - [2023-06-09T01:33:35.914+0000] {dagbag.py:541} INFO - Filling up the DagBag from /home/airflow/.local/lib/python3.7/site-packages/airflow/example_dags/example_xcom.py
[2023-06-09T01:33:35.925+0000] {processor.py:836} INFO - DAG(s) dict_keys(['example_xcom']) retrieved from /home/airflow/.local/lib/python3.7/site-packages/airflow/example_dags/example_xcom.py
[2023-06-09T01:33:35.953+0000] {logging_mixin.py:149} INFO - [2023-06-09T01:33:35.953+0000] {dag.py:2726} INFO - Sync 1 DAGs
[2023-06-09T01:33:35.968+0000] {logging_mixin.py:149} INFO - [2023-06-09T01:33:35.968+0000] {dag.py:3490} INFO - Setting next_dagrun for example_xcom to 2021-01-01T00:00:00+00:00, run_after=2021-01-01T00:00:00+00:00
[2023-06-09T01:33:35.979+0000] {processor.py:179} INFO - Processing /home/airflow/.local/lib/python3.7/site-packages/airflow/example_dags/example_xcom.py took 0.075 seconds
[2023-06-09T01:34:06.459+0000] {processor.py:157} INFO - Started process (PID=1008) to work on /home/airflow/.local/lib/python3.7/site-packages/airflow/example_dags/example_xcom.py
[2023-06-09T01:34:06.483+0000] {processor.py:826} INFO - Processing file /home/airflow/.local/lib/python3.7/site-packages/airflow/example_dags/example_xcom.py for tasks to queue
[2023-06-09T01:34:06.491+0000] {logging_mixin.py:149} INFO - [2023-06-09T01:34:06.490+0000] {dagbag.py:541} INFO - Filling up the DagBag from /home/airflow/.local/lib/python3.7/site-packages/airflow/example_dags/example_xcom.py
[2023-06-09T01:34:06.506+0000] {processor.py:836} INFO - DAG(s) dict_keys(['example_xcom']) retrieved from /home/airflow/.local/lib/python3.7/site-packages/airflow/example_dags/example_xcom.py
[2023-06-09T01:34:06.575+0000] {logging_mixin.py:149} INFO - [2023-06-09T01:34:06.575+0000] {dag.py:2726} INFO - Sync 1 DAGs
[2023-06-09T01:34:06.602+0000] {logging_mixin.py:149} INFO - [2023-06-09T01:34:06.602+0000] {dag.py:3490} INFO - Setting next_dagrun for example_xcom to 2021-01-01T00:00:00+00:00, run_after=2021-01-01T00:00:00+00:00
[2023-06-09T01:34:06.615+0000] {processor.py:179} INFO - Processing /home/airflow/.local/lib/python3.7/site-packages/airflow/example_dags/example_xcom.py took 0.218 seconds
[2023-06-09T01:34:37.097+0000] {processor.py:157} INFO - Started process (PID=1064) to work on /home/airflow/.local/lib/python3.7/site-packages/airflow/example_dags/example_xcom.py
[2023-06-09T01:34:37.099+0000] {processor.py:826} INFO - Processing file /home/airflow/.local/lib/python3.7/site-packages/airflow/example_dags/example_xcom.py for tasks to queue
[2023-06-09T01:34:37.100+0000] {logging_mixin.py:149} INFO - [2023-06-09T01:34:37.100+0000] {dagbag.py:541} INFO - Filling up the DagBag from /home/airflow/.local/lib/python3.7/site-packages/airflow/example_dags/example_xcom.py
[2023-06-09T01:34:37.111+0000] {processor.py:836} INFO - DAG(s) dict_keys(['example_xcom']) retrieved from /home/airflow/.local/lib/python3.7/site-packages/airflow/example_dags/example_xcom.py
[2023-06-09T01:34:37.140+0000] {logging_mixin.py:149} INFO - [2023-06-09T01:34:37.140+0000] {dag.py:2726} INFO - Sync 1 DAGs
[2023-06-09T01:34:37.159+0000] {logging_mixin.py:149} INFO - [2023-06-09T01:34:37.159+0000] {dag.py:3490} INFO - Setting next_dagrun for example_xcom to 2021-01-01T00:00:00+00:00, run_after=2021-01-01T00:00:00+00:00
[2023-06-09T01:34:37.170+0000] {processor.py:179} INFO - Processing /home/airflow/.local/lib/python3.7/site-packages/airflow/example_dags/example_xcom.py took 0.078 seconds
[2023-06-09T01:35:07.993+0000] {processor.py:157} INFO - Started process (PID=1120) to work on /home/airflow/.local/lib/python3.7/site-packages/airflow/example_dags/example_xcom.py
[2023-06-09T01:35:07.995+0000] {processor.py:826} INFO - Processing file /home/airflow/.local/lib/python3.7/site-packages/airflow/example_dags/example_xcom.py for tasks to queue
[2023-06-09T01:35:07.997+0000] {logging_mixin.py:149} INFO - [2023-06-09T01:35:07.997+0000] {dagbag.py:541} INFO - Filling up the DagBag from /home/airflow/.local/lib/python3.7/site-packages/airflow/example_dags/example_xcom.py
[2023-06-09T01:35:08.031+0000] {processor.py:836} INFO - DAG(s) dict_keys(['example_xcom']) retrieved from /home/airflow/.local/lib/python3.7/site-packages/airflow/example_dags/example_xcom.py
[2023-06-09T01:35:08.067+0000] {logging_mixin.py:149} INFO - [2023-06-09T01:35:08.066+0000] {dag.py:2726} INFO - Sync 1 DAGs
[2023-06-09T01:35:08.087+0000] {logging_mixin.py:149} INFO - [2023-06-09T01:35:08.087+0000] {dag.py:3490} INFO - Setting next_dagrun for example_xcom to 2021-01-01T00:00:00+00:00, run_after=2021-01-01T00:00:00+00:00
[2023-06-09T01:35:08.101+0000] {processor.py:179} INFO - Processing /home/airflow/.local/lib/python3.7/site-packages/airflow/example_dags/example_xcom.py took 0.115 seconds
[2023-06-09T01:35:38.510+0000] {processor.py:157} INFO - Started process (PID=1176) to work on /home/airflow/.local/lib/python3.7/site-packages/airflow/example_dags/example_xcom.py
[2023-06-09T01:35:38.512+0000] {processor.py:826} INFO - Processing file /home/airflow/.local/lib/python3.7/site-packages/airflow/example_dags/example_xcom.py for tasks to queue
[2023-06-09T01:35:38.514+0000] {logging_mixin.py:149} INFO - [2023-06-09T01:35:38.513+0000] {dagbag.py:541} INFO - Filling up the DagBag from /home/airflow/.local/lib/python3.7/site-packages/airflow/example_dags/example_xcom.py
[2023-06-09T01:35:38.521+0000] {processor.py:836} INFO - DAG(s) dict_keys(['example_xcom']) retrieved from /home/airflow/.local/lib/python3.7/site-packages/airflow/example_dags/example_xcom.py
[2023-06-09T01:35:38.548+0000] {logging_mixin.py:149} INFO - [2023-06-09T01:35:38.548+0000] {dag.py:2726} INFO - Sync 1 DAGs
[2023-06-09T01:35:38.570+0000] {logging_mixin.py:149} INFO - [2023-06-09T01:35:38.570+0000] {dag.py:3490} INFO - Setting next_dagrun for example_xcom to 2021-01-01T00:00:00+00:00, run_after=2021-01-01T00:00:00+00:00
[2023-06-09T01:35:38.586+0000] {processor.py:179} INFO - Processing /home/airflow/.local/lib/python3.7/site-packages/airflow/example_dags/example_xcom.py took 0.080 seconds
[2023-06-09T01:36:08.694+0000] {processor.py:157} INFO - Started process (PID=1232) to work on /home/airflow/.local/lib/python3.7/site-packages/airflow/example_dags/example_xcom.py
[2023-06-09T01:36:08.698+0000] {processor.py:826} INFO - Processing file /home/airflow/.local/lib/python3.7/site-packages/airflow/example_dags/example_xcom.py for tasks to queue
[2023-06-09T01:36:08.700+0000] {logging_mixin.py:149} INFO - [2023-06-09T01:36:08.700+0000] {dagbag.py:541} INFO - Filling up the DagBag from /home/airflow/.local/lib/python3.7/site-packages/airflow/example_dags/example_xcom.py
[2023-06-09T01:36:08.711+0000] {processor.py:836} INFO - DAG(s) dict_keys(['example_xcom']) retrieved from /home/airflow/.local/lib/python3.7/site-packages/airflow/example_dags/example_xcom.py
[2023-06-09T01:36:08.744+0000] {logging_mixin.py:149} INFO - [2023-06-09T01:36:08.744+0000] {dag.py:2726} INFO - Sync 1 DAGs
[2023-06-09T01:36:08.760+0000] {logging_mixin.py:149} INFO - [2023-06-09T01:36:08.760+0000] {dag.py:3490} INFO - Setting next_dagrun for example_xcom to 2021-01-01T00:00:00+00:00, run_after=2021-01-01T00:00:00+00:00
[2023-06-09T01:36:08.774+0000] {processor.py:179} INFO - Processing /home/airflow/.local/lib/python3.7/site-packages/airflow/example_dags/example_xcom.py took 0.087 seconds
[2023-06-09T01:36:38.893+0000] {processor.py:157} INFO - Started process (PID=1288) to work on /home/airflow/.local/lib/python3.7/site-packages/airflow/example_dags/example_xcom.py
[2023-06-09T01:36:38.898+0000] {processor.py:826} INFO - Processing file /home/airflow/.local/lib/python3.7/site-packages/airflow/example_dags/example_xcom.py for tasks to queue
[2023-06-09T01:36:38.899+0000] {logging_mixin.py:149} INFO - [2023-06-09T01:36:38.899+0000] {dagbag.py:541} INFO - Filling up the DagBag from /home/airflow/.local/lib/python3.7/site-packages/airflow/example_dags/example_xcom.py
[2023-06-09T01:36:38.915+0000] {processor.py:836} INFO - DAG(s) dict_keys(['example_xcom']) retrieved from /home/airflow/.local/lib/python3.7/site-packages/airflow/example_dags/example_xcom.py
[2023-06-09T01:36:38.952+0000] {logging_mixin.py:149} INFO - [2023-06-09T01:36:38.952+0000] {dag.py:2726} INFO - Sync 1 DAGs
[2023-06-09T01:36:38.972+0000] {logging_mixin.py:149} INFO - [2023-06-09T01:36:38.972+0000] {dag.py:3490} INFO - Setting next_dagrun for example_xcom to 2021-01-01T00:00:00+00:00, run_after=2021-01-01T00:00:00+00:00
[2023-06-09T01:36:38.985+0000] {processor.py:179} INFO - Processing /home/airflow/.local/lib/python3.7/site-packages/airflow/example_dags/example_xcom.py took 0.099 seconds
[2023-06-09T01:37:09.048+0000] {processor.py:157} INFO - Started process (PID=1344) to work on /home/airflow/.local/lib/python3.7/site-packages/airflow/example_dags/example_xcom.py
[2023-06-09T01:37:09.051+0000] {processor.py:826} INFO - Processing file /home/airflow/.local/lib/python3.7/site-packages/airflow/example_dags/example_xcom.py for tasks to queue
[2023-06-09T01:37:09.053+0000] {logging_mixin.py:149} INFO - [2023-06-09T01:37:09.053+0000] {dagbag.py:541} INFO - Filling up the DagBag from /home/airflow/.local/lib/python3.7/site-packages/airflow/example_dags/example_xcom.py
[2023-06-09T01:37:09.065+0000] {processor.py:836} INFO - DAG(s) dict_keys(['example_xcom']) retrieved from /home/airflow/.local/lib/python3.7/site-packages/airflow/example_dags/example_xcom.py
[2023-06-09T01:37:09.092+0000] {logging_mixin.py:149} INFO - [2023-06-09T01:37:09.092+0000] {dag.py:2726} INFO - Sync 1 DAGs
[2023-06-09T01:37:09.109+0000] {logging_mixin.py:149} INFO - [2023-06-09T01:37:09.109+0000] {dag.py:3490} INFO - Setting next_dagrun for example_xcom to 2021-01-01T00:00:00+00:00, run_after=2021-01-01T00:00:00+00:00
[2023-06-09T01:37:09.121+0000] {processor.py:179} INFO - Processing /home/airflow/.local/lib/python3.7/site-packages/airflow/example_dags/example_xcom.py took 0.081 seconds
[2023-06-09T01:37:39.488+0000] {processor.py:157} INFO - Started process (PID=1400) to work on /home/airflow/.local/lib/python3.7/site-packages/airflow/example_dags/example_xcom.py
[2023-06-09T01:37:39.491+0000] {processor.py:826} INFO - Processing file /home/airflow/.local/lib/python3.7/site-packages/airflow/example_dags/example_xcom.py for tasks to queue
[2023-06-09T01:37:39.493+0000] {logging_mixin.py:149} INFO - [2023-06-09T01:37:39.493+0000] {dagbag.py:541} INFO - Filling up the DagBag from /home/airflow/.local/lib/python3.7/site-packages/airflow/example_dags/example_xcom.py
[2023-06-09T01:37:39.510+0000] {processor.py:836} INFO - DAG(s) dict_keys(['example_xcom']) retrieved from /home/airflow/.local/lib/python3.7/site-packages/airflow/example_dags/example_xcom.py
[2023-06-09T01:37:39.540+0000] {logging_mixin.py:149} INFO - [2023-06-09T01:37:39.540+0000] {dag.py:2726} INFO - Sync 1 DAGs
[2023-06-09T01:37:39.561+0000] {logging_mixin.py:149} INFO - [2023-06-09T01:37:39.561+0000] {dag.py:3490} INFO - Setting next_dagrun for example_xcom to 2021-01-01T00:00:00+00:00, run_after=2021-01-01T00:00:00+00:00
[2023-06-09T01:37:39.576+0000] {processor.py:179} INFO - Processing /home/airflow/.local/lib/python3.7/site-packages/airflow/example_dags/example_xcom.py took 0.098 seconds
[2023-06-09T01:38:09.796+0000] {processor.py:157} INFO - Started process (PID=1455) to work on /home/airflow/.local/lib/python3.7/site-packages/airflow/example_dags/example_xcom.py
[2023-06-09T01:38:09.799+0000] {processor.py:826} INFO - Processing file /home/airflow/.local/lib/python3.7/site-packages/airflow/example_dags/example_xcom.py for tasks to queue
[2023-06-09T01:38:09.801+0000] {logging_mixin.py:149} INFO - [2023-06-09T01:38:09.800+0000] {dagbag.py:541} INFO - Filling up the DagBag from /home/airflow/.local/lib/python3.7/site-packages/airflow/example_dags/example_xcom.py
[2023-06-09T01:38:09.813+0000] {processor.py:836} INFO - DAG(s) dict_keys(['example_xcom']) retrieved from /home/airflow/.local/lib/python3.7/site-packages/airflow/example_dags/example_xcom.py
[2023-06-09T01:38:09.842+0000] {logging_mixin.py:149} INFO - [2023-06-09T01:38:09.842+0000] {dag.py:2726} INFO - Sync 1 DAGs
[2023-06-09T01:38:09.861+0000] {logging_mixin.py:149} INFO - [2023-06-09T01:38:09.861+0000] {dag.py:3490} INFO - Setting next_dagrun for example_xcom to 2021-01-01T00:00:00+00:00, run_after=2021-01-01T00:00:00+00:00
[2023-06-09T01:38:09.876+0000] {processor.py:179} INFO - Processing /home/airflow/.local/lib/python3.7/site-packages/airflow/example_dags/example_xcom.py took 0.086 seconds
[2023-06-09T01:38:40.039+0000] {processor.py:157} INFO - Started process (PID=1511) to work on /home/airflow/.local/lib/python3.7/site-packages/airflow/example_dags/example_xcom.py
[2023-06-09T01:38:40.041+0000] {processor.py:826} INFO - Processing file /home/airflow/.local/lib/python3.7/site-packages/airflow/example_dags/example_xcom.py for tasks to queue
[2023-06-09T01:38:40.043+0000] {logging_mixin.py:149} INFO - [2023-06-09T01:38:40.043+0000] {dagbag.py:541} INFO - Filling up the DagBag from /home/airflow/.local/lib/python3.7/site-packages/airflow/example_dags/example_xcom.py
[2023-06-09T01:38:40.055+0000] {processor.py:836} INFO - DAG(s) dict_keys(['example_xcom']) retrieved from /home/airflow/.local/lib/python3.7/site-packages/airflow/example_dags/example_xcom.py
[2023-06-09T01:38:40.080+0000] {logging_mixin.py:149} INFO - [2023-06-09T01:38:40.079+0000] {dag.py:2726} INFO - Sync 1 DAGs
[2023-06-09T01:38:40.098+0000] {logging_mixin.py:149} INFO - [2023-06-09T01:38:40.097+0000] {dag.py:3490} INFO - Setting next_dagrun for example_xcom to 2021-01-01T00:00:00+00:00, run_after=2021-01-01T00:00:00+00:00
[2023-06-09T01:38:40.109+0000] {processor.py:179} INFO - Processing /home/airflow/.local/lib/python3.7/site-packages/airflow/example_dags/example_xcom.py took 0.077 seconds
[2023-06-09T01:39:10.291+0000] {processor.py:157} INFO - Started process (PID=1567) to work on /home/airflow/.local/lib/python3.7/site-packages/airflow/example_dags/example_xcom.py
[2023-06-09T01:39:10.294+0000] {processor.py:826} INFO - Processing file /home/airflow/.local/lib/python3.7/site-packages/airflow/example_dags/example_xcom.py for tasks to queue
[2023-06-09T01:39:10.296+0000] {logging_mixin.py:149} INFO - [2023-06-09T01:39:10.295+0000] {dagbag.py:541} INFO - Filling up the DagBag from /home/airflow/.local/lib/python3.7/site-packages/airflow/example_dags/example_xcom.py
[2023-06-09T01:39:10.309+0000] {processor.py:836} INFO - DAG(s) dict_keys(['example_xcom']) retrieved from /home/airflow/.local/lib/python3.7/site-packages/airflow/example_dags/example_xcom.py
[2023-06-09T01:39:10.338+0000] {logging_mixin.py:149} INFO - [2023-06-09T01:39:10.338+0000] {dag.py:2726} INFO - Sync 1 DAGs
[2023-06-09T01:39:10.355+0000] {logging_mixin.py:149} INFO - [2023-06-09T01:39:10.354+0000] {dag.py:3490} INFO - Setting next_dagrun for example_xcom to 2021-01-01T00:00:00+00:00, run_after=2021-01-01T00:00:00+00:00
[2023-06-09T01:39:10.366+0000] {processor.py:179} INFO - Processing /home/airflow/.local/lib/python3.7/site-packages/airflow/example_dags/example_xcom.py took 0.082 seconds
[2023-06-09T01:39:40.660+0000] {processor.py:157} INFO - Started process (PID=1623) to work on /home/airflow/.local/lib/python3.7/site-packages/airflow/example_dags/example_xcom.py
[2023-06-09T01:39:40.663+0000] {processor.py:826} INFO - Processing file /home/airflow/.local/lib/python3.7/site-packages/airflow/example_dags/example_xcom.py for tasks to queue
[2023-06-09T01:39:40.665+0000] {logging_mixin.py:149} INFO - [2023-06-09T01:39:40.664+0000] {dagbag.py:541} INFO - Filling up the DagBag from /home/airflow/.local/lib/python3.7/site-packages/airflow/example_dags/example_xcom.py
[2023-06-09T01:39:40.674+0000] {processor.py:836} INFO - DAG(s) dict_keys(['example_xcom']) retrieved from /home/airflow/.local/lib/python3.7/site-packages/airflow/example_dags/example_xcom.py
[2023-06-09T01:39:40.700+0000] {logging_mixin.py:149} INFO - [2023-06-09T01:39:40.700+0000] {dag.py:2726} INFO - Sync 1 DAGs
[2023-06-09T01:39:40.716+0000] {logging_mixin.py:149} INFO - [2023-06-09T01:39:40.716+0000] {dag.py:3490} INFO - Setting next_dagrun for example_xcom to 2021-01-01T00:00:00+00:00, run_after=2021-01-01T00:00:00+00:00
[2023-06-09T01:39:40.727+0000] {processor.py:179} INFO - Processing /home/airflow/.local/lib/python3.7/site-packages/airflow/example_dags/example_xcom.py took 0.073 seconds
[2023-06-09T01:40:10.839+0000] {processor.py:157} INFO - Started process (PID=1680) to work on /home/airflow/.local/lib/python3.7/site-packages/airflow/example_dags/example_xcom.py
[2023-06-09T01:40:10.842+0000] {processor.py:826} INFO - Processing file /home/airflow/.local/lib/python3.7/site-packages/airflow/example_dags/example_xcom.py for tasks to queue
[2023-06-09T01:40:10.843+0000] {logging_mixin.py:149} INFO - [2023-06-09T01:40:10.843+0000] {dagbag.py:541} INFO - Filling up the DagBag from /home/airflow/.local/lib/python3.7/site-packages/airflow/example_dags/example_xcom.py
[2023-06-09T01:40:10.854+0000] {processor.py:836} INFO - DAG(s) dict_keys(['example_xcom']) retrieved from /home/airflow/.local/lib/python3.7/site-packages/airflow/example_dags/example_xcom.py
[2023-06-09T01:40:10.880+0000] {logging_mixin.py:149} INFO - [2023-06-09T01:40:10.880+0000] {dag.py:2726} INFO - Sync 1 DAGs
[2023-06-09T01:40:10.895+0000] {logging_mixin.py:149} INFO - [2023-06-09T01:40:10.895+0000] {dag.py:3490} INFO - Setting next_dagrun for example_xcom to 2021-01-01T00:00:00+00:00, run_after=2021-01-01T00:00:00+00:00
[2023-06-09T01:40:10.906+0000] {processor.py:179} INFO - Processing /home/airflow/.local/lib/python3.7/site-packages/airflow/example_dags/example_xcom.py took 0.075 seconds
[2023-06-09T01:40:41.105+0000] {processor.py:157} INFO - Started process (PID=1736) to work on /home/airflow/.local/lib/python3.7/site-packages/airflow/example_dags/example_xcom.py
[2023-06-09T01:40:41.108+0000] {processor.py:826} INFO - Processing file /home/airflow/.local/lib/python3.7/site-packages/airflow/example_dags/example_xcom.py for tasks to queue
[2023-06-09T01:40:41.109+0000] {logging_mixin.py:149} INFO - [2023-06-09T01:40:41.109+0000] {dagbag.py:541} INFO - Filling up the DagBag from /home/airflow/.local/lib/python3.7/site-packages/airflow/example_dags/example_xcom.py
[2023-06-09T01:40:41.127+0000] {processor.py:836} INFO - DAG(s) dict_keys(['example_xcom']) retrieved from /home/airflow/.local/lib/python3.7/site-packages/airflow/example_dags/example_xcom.py
[2023-06-09T01:40:41.167+0000] {logging_mixin.py:149} INFO - [2023-06-09T01:40:41.167+0000] {dag.py:2726} INFO - Sync 1 DAGs
[2023-06-09T01:40:41.305+0000] {logging_mixin.py:149} INFO - [2023-06-09T01:40:41.304+0000] {dag.py:3490} INFO - Setting next_dagrun for example_xcom to 2021-01-01T00:00:00+00:00, run_after=2021-01-01T00:00:00+00:00
[2023-06-09T01:40:41.327+0000] {processor.py:179} INFO - Processing /home/airflow/.local/lib/python3.7/site-packages/airflow/example_dags/example_xcom.py took 0.232 seconds
[2023-06-09T01:41:11.711+0000] {processor.py:157} INFO - Started process (PID=1792) to work on /home/airflow/.local/lib/python3.7/site-packages/airflow/example_dags/example_xcom.py
[2023-06-09T01:41:11.713+0000] {processor.py:826} INFO - Processing file /home/airflow/.local/lib/python3.7/site-packages/airflow/example_dags/example_xcom.py for tasks to queue
[2023-06-09T01:41:11.714+0000] {logging_mixin.py:149} INFO - [2023-06-09T01:41:11.714+0000] {dagbag.py:541} INFO - Filling up the DagBag from /home/airflow/.local/lib/python3.7/site-packages/airflow/example_dags/example_xcom.py
[2023-06-09T01:41:11.721+0000] {processor.py:836} INFO - DAG(s) dict_keys(['example_xcom']) retrieved from /home/airflow/.local/lib/python3.7/site-packages/airflow/example_dags/example_xcom.py
[2023-06-09T01:41:11.755+0000] {logging_mixin.py:149} INFO - [2023-06-09T01:41:11.755+0000] {dag.py:2726} INFO - Sync 1 DAGs
[2023-06-09T01:41:11.777+0000] {logging_mixin.py:149} INFO - [2023-06-09T01:41:11.777+0000] {dag.py:3490} INFO - Setting next_dagrun for example_xcom to 2021-01-01T00:00:00+00:00, run_after=2021-01-01T00:00:00+00:00
[2023-06-09T01:41:11.789+0000] {processor.py:179} INFO - Processing /home/airflow/.local/lib/python3.7/site-packages/airflow/example_dags/example_xcom.py took 0.083 seconds
[2023-06-09T01:41:42.453+0000] {processor.py:157} INFO - Started process (PID=1849) to work on /home/airflow/.local/lib/python3.7/site-packages/airflow/example_dags/example_xcom.py
[2023-06-09T01:41:42.457+0000] {processor.py:826} INFO - Processing file /home/airflow/.local/lib/python3.7/site-packages/airflow/example_dags/example_xcom.py for tasks to queue
[2023-06-09T01:41:42.458+0000] {logging_mixin.py:149} INFO - [2023-06-09T01:41:42.458+0000] {dagbag.py:541} INFO - Filling up the DagBag from /home/airflow/.local/lib/python3.7/site-packages/airflow/example_dags/example_xcom.py
[2023-06-09T01:41:42.471+0000] {processor.py:836} INFO - DAG(s) dict_keys(['example_xcom']) retrieved from /home/airflow/.local/lib/python3.7/site-packages/airflow/example_dags/example_xcom.py
[2023-06-09T01:41:42.498+0000] {logging_mixin.py:149} INFO - [2023-06-09T01:41:42.497+0000] {dag.py:2726} INFO - Sync 1 DAGs
[2023-06-09T01:41:42.515+0000] {logging_mixin.py:149} INFO - [2023-06-09T01:41:42.515+0000] {dag.py:3490} INFO - Setting next_dagrun for example_xcom to 2021-01-01T00:00:00+00:00, run_after=2021-01-01T00:00:00+00:00
[2023-06-09T01:41:42.528+0000] {processor.py:179} INFO - Processing /home/airflow/.local/lib/python3.7/site-packages/airflow/example_dags/example_xcom.py took 0.082 seconds
[2023-06-09T01:42:13.015+0000] {processor.py:157} INFO - Started process (PID=1905) to work on /home/airflow/.local/lib/python3.7/site-packages/airflow/example_dags/example_xcom.py
[2023-06-09T01:42:13.017+0000] {processor.py:826} INFO - Processing file /home/airflow/.local/lib/python3.7/site-packages/airflow/example_dags/example_xcom.py for tasks to queue
[2023-06-09T01:42:13.018+0000] {logging_mixin.py:149} INFO - [2023-06-09T01:42:13.018+0000] {dagbag.py:541} INFO - Filling up the DagBag from /home/airflow/.local/lib/python3.7/site-packages/airflow/example_dags/example_xcom.py
[2023-06-09T01:42:13.030+0000] {processor.py:836} INFO - DAG(s) dict_keys(['example_xcom']) retrieved from /home/airflow/.local/lib/python3.7/site-packages/airflow/example_dags/example_xcom.py
[2023-06-09T01:42:13.063+0000] {logging_mixin.py:149} INFO - [2023-06-09T01:42:13.063+0000] {dag.py:2726} INFO - Sync 1 DAGs
[2023-06-09T01:42:13.082+0000] {logging_mixin.py:149} INFO - [2023-06-09T01:42:13.082+0000] {dag.py:3490} INFO - Setting next_dagrun for example_xcom to 2021-01-01T00:00:00+00:00, run_after=2021-01-01T00:00:00+00:00
[2023-06-09T01:42:13.095+0000] {processor.py:179} INFO - Processing /home/airflow/.local/lib/python3.7/site-packages/airflow/example_dags/example_xcom.py took 0.083 seconds
[2023-06-09T01:42:43.650+0000] {processor.py:157} INFO - Started process (PID=1960) to work on /home/airflow/.local/lib/python3.7/site-packages/airflow/example_dags/example_xcom.py
[2023-06-09T01:42:43.653+0000] {processor.py:826} INFO - Processing file /home/airflow/.local/lib/python3.7/site-packages/airflow/example_dags/example_xcom.py for tasks to queue
[2023-06-09T01:42:43.655+0000] {logging_mixin.py:149} INFO - [2023-06-09T01:42:43.655+0000] {dagbag.py:541} INFO - Filling up the DagBag from /home/airflow/.local/lib/python3.7/site-packages/airflow/example_dags/example_xcom.py
[2023-06-09T01:42:43.668+0000] {processor.py:836} INFO - DAG(s) dict_keys(['example_xcom']) retrieved from /home/airflow/.local/lib/python3.7/site-packages/airflow/example_dags/example_xcom.py
[2023-06-09T01:42:43.699+0000] {logging_mixin.py:149} INFO - [2023-06-09T01:42:43.699+0000] {dag.py:2726} INFO - Sync 1 DAGs
[2023-06-09T01:42:43.717+0000] {logging_mixin.py:149} INFO - [2023-06-09T01:42:43.717+0000] {dag.py:3490} INFO - Setting next_dagrun for example_xcom to 2021-01-01T00:00:00+00:00, run_after=2021-01-01T00:00:00+00:00
[2023-06-09T01:42:43.732+0000] {processor.py:179} INFO - Processing /home/airflow/.local/lib/python3.7/site-packages/airflow/example_dags/example_xcom.py took 0.090 seconds
[2023-06-09T01:43:13.862+0000] {processor.py:157} INFO - Started process (PID=2011) to work on /home/airflow/.local/lib/python3.7/site-packages/airflow/example_dags/example_xcom.py
[2023-06-09T01:43:13.865+0000] {processor.py:826} INFO - Processing file /home/airflow/.local/lib/python3.7/site-packages/airflow/example_dags/example_xcom.py for tasks to queue
[2023-06-09T01:43:13.866+0000] {logging_mixin.py:149} INFO - [2023-06-09T01:43:13.866+0000] {dagbag.py:541} INFO - Filling up the DagBag from /home/airflow/.local/lib/python3.7/site-packages/airflow/example_dags/example_xcom.py
[2023-06-09T01:43:13.878+0000] {processor.py:836} INFO - DAG(s) dict_keys(['example_xcom']) retrieved from /home/airflow/.local/lib/python3.7/site-packages/airflow/example_dags/example_xcom.py
[2023-06-09T01:43:13.914+0000] {logging_mixin.py:149} INFO - [2023-06-09T01:43:13.914+0000] {dag.py:2726} INFO - Sync 1 DAGs
[2023-06-09T01:43:13.932+0000] {logging_mixin.py:149} INFO - [2023-06-09T01:43:13.932+0000] {dag.py:3490} INFO - Setting next_dagrun for example_xcom to 2021-01-01T00:00:00+00:00, run_after=2021-01-01T00:00:00+00:00
[2023-06-09T01:43:13.952+0000] {processor.py:179} INFO - Processing /home/airflow/.local/lib/python3.7/site-packages/airflow/example_dags/example_xcom.py took 0.096 seconds
[2023-06-09T01:43:44.054+0000] {processor.py:157} INFO - Started process (PID=2067) to work on /home/airflow/.local/lib/python3.7/site-packages/airflow/example_dags/example_xcom.py
[2023-06-09T01:43:44.057+0000] {processor.py:826} INFO - Processing file /home/airflow/.local/lib/python3.7/site-packages/airflow/example_dags/example_xcom.py for tasks to queue
[2023-06-09T01:43:44.058+0000] {logging_mixin.py:149} INFO - [2023-06-09T01:43:44.058+0000] {dagbag.py:541} INFO - Filling up the DagBag from /home/airflow/.local/lib/python3.7/site-packages/airflow/example_dags/example_xcom.py
[2023-06-09T01:43:44.074+0000] {processor.py:836} INFO - DAG(s) dict_keys(['example_xcom']) retrieved from /home/airflow/.local/lib/python3.7/site-packages/airflow/example_dags/example_xcom.py
[2023-06-09T01:43:44.098+0000] {logging_mixin.py:149} INFO - [2023-06-09T01:43:44.098+0000] {dag.py:2726} INFO - Sync 1 DAGs
[2023-06-09T01:43:44.113+0000] {logging_mixin.py:149} INFO - [2023-06-09T01:43:44.113+0000] {dag.py:3490} INFO - Setting next_dagrun for example_xcom to 2021-01-01T00:00:00+00:00, run_after=2021-01-01T00:00:00+00:00
[2023-06-09T01:43:44.124+0000] {processor.py:179} INFO - Processing /home/airflow/.local/lib/python3.7/site-packages/airflow/example_dags/example_xcom.py took 0.078 seconds
[2023-06-09T01:44:14.223+0000] {processor.py:157} INFO - Started process (PID=2123) to work on /home/airflow/.local/lib/python3.7/site-packages/airflow/example_dags/example_xcom.py
[2023-06-09T01:44:14.227+0000] {processor.py:826} INFO - Processing file /home/airflow/.local/lib/python3.7/site-packages/airflow/example_dags/example_xcom.py for tasks to queue
[2023-06-09T01:44:14.229+0000] {logging_mixin.py:149} INFO - [2023-06-09T01:44:14.229+0000] {dagbag.py:541} INFO - Filling up the DagBag from /home/airflow/.local/lib/python3.7/site-packages/airflow/example_dags/example_xcom.py
[2023-06-09T01:44:14.243+0000] {processor.py:836} INFO - DAG(s) dict_keys(['example_xcom']) retrieved from /home/airflow/.local/lib/python3.7/site-packages/airflow/example_dags/example_xcom.py
[2023-06-09T01:44:14.271+0000] {logging_mixin.py:149} INFO - [2023-06-09T01:44:14.271+0000] {dag.py:2726} INFO - Sync 1 DAGs
[2023-06-09T01:44:14.288+0000] {logging_mixin.py:149} INFO - [2023-06-09T01:44:14.287+0000] {dag.py:3490} INFO - Setting next_dagrun for example_xcom to 2021-01-01T00:00:00+00:00, run_after=2021-01-01T00:00:00+00:00
[2023-06-09T01:44:14.298+0000] {processor.py:179} INFO - Processing /home/airflow/.local/lib/python3.7/site-packages/airflow/example_dags/example_xcom.py took 0.083 seconds
[2023-06-09T01:44:44.569+0000] {processor.py:157} INFO - Started process (PID=2180) to work on /home/airflow/.local/lib/python3.7/site-packages/airflow/example_dags/example_xcom.py
[2023-06-09T01:44:44.571+0000] {processor.py:826} INFO - Processing file /home/airflow/.local/lib/python3.7/site-packages/airflow/example_dags/example_xcom.py for tasks to queue
[2023-06-09T01:44:44.572+0000] {logging_mixin.py:149} INFO - [2023-06-09T01:44:44.572+0000] {dagbag.py:541} INFO - Filling up the DagBag from /home/airflow/.local/lib/python3.7/site-packages/airflow/example_dags/example_xcom.py
[2023-06-09T01:44:44.581+0000] {processor.py:836} INFO - DAG(s) dict_keys(['example_xcom']) retrieved from /home/airflow/.local/lib/python3.7/site-packages/airflow/example_dags/example_xcom.py
[2023-06-09T01:44:44.614+0000] {logging_mixin.py:149} INFO - [2023-06-09T01:44:44.614+0000] {dag.py:2726} INFO - Sync 1 DAGs
[2023-06-09T01:44:44.636+0000] {logging_mixin.py:149} INFO - [2023-06-09T01:44:44.636+0000] {dag.py:3490} INFO - Setting next_dagrun for example_xcom to 2021-01-01T00:00:00+00:00, run_after=2021-01-01T00:00:00+00:00
[2023-06-09T01:44:44.651+0000] {processor.py:179} INFO - Processing /home/airflow/.local/lib/python3.7/site-packages/airflow/example_dags/example_xcom.py took 0.087 seconds
[2023-06-09T01:45:14.807+0000] {processor.py:157} INFO - Started process (PID=2236) to work on /home/airflow/.local/lib/python3.7/site-packages/airflow/example_dags/example_xcom.py
[2023-06-09T01:45:14.810+0000] {processor.py:826} INFO - Processing file /home/airflow/.local/lib/python3.7/site-packages/airflow/example_dags/example_xcom.py for tasks to queue
[2023-06-09T01:45:14.812+0000] {logging_mixin.py:149} INFO - [2023-06-09T01:45:14.811+0000] {dagbag.py:541} INFO - Filling up the DagBag from /home/airflow/.local/lib/python3.7/site-packages/airflow/example_dags/example_xcom.py
[2023-06-09T01:45:14.822+0000] {processor.py:836} INFO - DAG(s) dict_keys(['example_xcom']) retrieved from /home/airflow/.local/lib/python3.7/site-packages/airflow/example_dags/example_xcom.py
[2023-06-09T01:45:14.850+0000] {logging_mixin.py:149} INFO - [2023-06-09T01:45:14.850+0000] {dag.py:2726} INFO - Sync 1 DAGs
[2023-06-09T01:45:14.868+0000] {logging_mixin.py:149} INFO - [2023-06-09T01:45:14.868+0000] {dag.py:3490} INFO - Setting next_dagrun for example_xcom to 2021-01-01T00:00:00+00:00, run_after=2021-01-01T00:00:00+00:00
[2023-06-09T01:45:14.880+0000] {processor.py:179} INFO - Processing /home/airflow/.local/lib/python3.7/site-packages/airflow/example_dags/example_xcom.py took 0.079 seconds
[2023-06-09T01:45:45.015+0000] {processor.py:157} INFO - Started process (PID=2293) to work on /home/airflow/.local/lib/python3.7/site-packages/airflow/example_dags/example_xcom.py
[2023-06-09T01:45:45.019+0000] {processor.py:826} INFO - Processing file /home/airflow/.local/lib/python3.7/site-packages/airflow/example_dags/example_xcom.py for tasks to queue
[2023-06-09T01:45:45.021+0000] {logging_mixin.py:149} INFO - [2023-06-09T01:45:45.021+0000] {dagbag.py:541} INFO - Filling up the DagBag from /home/airflow/.local/lib/python3.7/site-packages/airflow/example_dags/example_xcom.py
[2023-06-09T01:45:45.034+0000] {processor.py:836} INFO - DAG(s) dict_keys(['example_xcom']) retrieved from /home/airflow/.local/lib/python3.7/site-packages/airflow/example_dags/example_xcom.py
[2023-06-09T01:45:45.063+0000] {logging_mixin.py:149} INFO - [2023-06-09T01:45:45.063+0000] {dag.py:2726} INFO - Sync 1 DAGs
[2023-06-09T01:45:45.079+0000] {logging_mixin.py:149} INFO - [2023-06-09T01:45:45.079+0000] {dag.py:3490} INFO - Setting next_dagrun for example_xcom to 2021-01-01T00:00:00+00:00, run_after=2021-01-01T00:00:00+00:00
[2023-06-09T01:45:45.092+0000] {processor.py:179} INFO - Processing /home/airflow/.local/lib/python3.7/site-packages/airflow/example_dags/example_xcom.py took 0.084 seconds
[2023-06-09T01:46:15.774+0000] {processor.py:157} INFO - Started process (PID=2349) to work on /home/airflow/.local/lib/python3.7/site-packages/airflow/example_dags/example_xcom.py
[2023-06-09T01:46:15.777+0000] {processor.py:826} INFO - Processing file /home/airflow/.local/lib/python3.7/site-packages/airflow/example_dags/example_xcom.py for tasks to queue
[2023-06-09T01:46:15.778+0000] {logging_mixin.py:149} INFO - [2023-06-09T01:46:15.778+0000] {dagbag.py:541} INFO - Filling up the DagBag from /home/airflow/.local/lib/python3.7/site-packages/airflow/example_dags/example_xcom.py
[2023-06-09T01:46:15.788+0000] {processor.py:836} INFO - DAG(s) dict_keys(['example_xcom']) retrieved from /home/airflow/.local/lib/python3.7/site-packages/airflow/example_dags/example_xcom.py
[2023-06-09T01:46:15.822+0000] {logging_mixin.py:149} INFO - [2023-06-09T01:46:15.822+0000] {dag.py:2726} INFO - Sync 1 DAGs
[2023-06-09T01:46:15.839+0000] {logging_mixin.py:149} INFO - [2023-06-09T01:46:15.839+0000] {dag.py:3490} INFO - Setting next_dagrun for example_xcom to 2021-01-01T00:00:00+00:00, run_after=2021-01-01T00:00:00+00:00
[2023-06-09T01:46:15.852+0000] {processor.py:179} INFO - Processing /home/airflow/.local/lib/python3.7/site-packages/airflow/example_dags/example_xcom.py took 0.084 seconds
[2023-06-09T01:46:45.924+0000] {processor.py:157} INFO - Started process (PID=2406) to work on /home/airflow/.local/lib/python3.7/site-packages/airflow/example_dags/example_xcom.py
[2023-06-09T01:46:45.928+0000] {processor.py:826} INFO - Processing file /home/airflow/.local/lib/python3.7/site-packages/airflow/example_dags/example_xcom.py for tasks to queue
[2023-06-09T01:46:45.929+0000] {logging_mixin.py:149} INFO - [2023-06-09T01:46:45.929+0000] {dagbag.py:541} INFO - Filling up the DagBag from /home/airflow/.local/lib/python3.7/site-packages/airflow/example_dags/example_xcom.py
[2023-06-09T01:46:45.940+0000] {processor.py:836} INFO - DAG(s) dict_keys(['example_xcom']) retrieved from /home/airflow/.local/lib/python3.7/site-packages/airflow/example_dags/example_xcom.py
[2023-06-09T01:46:45.972+0000] {logging_mixin.py:149} INFO - [2023-06-09T01:46:45.972+0000] {dag.py:2726} INFO - Sync 1 DAGs
[2023-06-09T01:46:45.989+0000] {logging_mixin.py:149} INFO - [2023-06-09T01:46:45.989+0000] {dag.py:3490} INFO - Setting next_dagrun for example_xcom to 2021-01-01T00:00:00+00:00, run_after=2021-01-01T00:00:00+00:00
[2023-06-09T01:46:46.001+0000] {processor.py:179} INFO - Processing /home/airflow/.local/lib/python3.7/site-packages/airflow/example_dags/example_xcom.py took 0.084 seconds
[2023-06-09T01:47:16.803+0000] {processor.py:157} INFO - Started process (PID=2461) to work on /home/airflow/.local/lib/python3.7/site-packages/airflow/example_dags/example_xcom.py
[2023-06-09T01:47:16.805+0000] {processor.py:826} INFO - Processing file /home/airflow/.local/lib/python3.7/site-packages/airflow/example_dags/example_xcom.py for tasks to queue
[2023-06-09T01:47:16.807+0000] {logging_mixin.py:149} INFO - [2023-06-09T01:47:16.807+0000] {dagbag.py:541} INFO - Filling up the DagBag from /home/airflow/.local/lib/python3.7/site-packages/airflow/example_dags/example_xcom.py
[2023-06-09T01:47:16.819+0000] {processor.py:836} INFO - DAG(s) dict_keys(['example_xcom']) retrieved from /home/airflow/.local/lib/python3.7/site-packages/airflow/example_dags/example_xcom.py
[2023-06-09T01:47:16.848+0000] {logging_mixin.py:149} INFO - [2023-06-09T01:47:16.848+0000] {dag.py:2726} INFO - Sync 1 DAGs
[2023-06-09T01:47:16.866+0000] {logging_mixin.py:149} INFO - [2023-06-09T01:47:16.865+0000] {dag.py:3490} INFO - Setting next_dagrun for example_xcom to 2021-01-01T00:00:00+00:00, run_after=2021-01-01T00:00:00+00:00
[2023-06-09T01:47:16.878+0000] {processor.py:179} INFO - Processing /home/airflow/.local/lib/python3.7/site-packages/airflow/example_dags/example_xcom.py took 0.081 seconds
[2023-06-09T01:47:47.405+0000] {processor.py:157} INFO - Started process (PID=2517) to work on /home/airflow/.local/lib/python3.7/site-packages/airflow/example_dags/example_xcom.py
[2023-06-09T01:47:47.408+0000] {processor.py:826} INFO - Processing file /home/airflow/.local/lib/python3.7/site-packages/airflow/example_dags/example_xcom.py for tasks to queue
[2023-06-09T01:47:47.409+0000] {logging_mixin.py:149} INFO - [2023-06-09T01:47:47.409+0000] {dagbag.py:541} INFO - Filling up the DagBag from /home/airflow/.local/lib/python3.7/site-packages/airflow/example_dags/example_xcom.py
[2023-06-09T01:47:47.421+0000] {processor.py:836} INFO - DAG(s) dict_keys(['example_xcom']) retrieved from /home/airflow/.local/lib/python3.7/site-packages/airflow/example_dags/example_xcom.py
[2023-06-09T01:47:47.449+0000] {logging_mixin.py:149} INFO - [2023-06-09T01:47:47.449+0000] {dag.py:2726} INFO - Sync 1 DAGs
[2023-06-09T01:47:47.464+0000] {logging_mixin.py:149} INFO - [2023-06-09T01:47:47.464+0000] {dag.py:3490} INFO - Setting next_dagrun for example_xcom to 2021-01-01T00:00:00+00:00, run_after=2021-01-01T00:00:00+00:00
[2023-06-09T01:47:47.475+0000] {processor.py:179} INFO - Processing /home/airflow/.local/lib/python3.7/site-packages/airflow/example_dags/example_xcom.py took 0.076 seconds
[2023-06-09T01:48:18.078+0000] {processor.py:157} INFO - Started process (PID=2574) to work on /home/airflow/.local/lib/python3.7/site-packages/airflow/example_dags/example_xcom.py
[2023-06-09T01:48:18.083+0000] {processor.py:826} INFO - Processing file /home/airflow/.local/lib/python3.7/site-packages/airflow/example_dags/example_xcom.py for tasks to queue
[2023-06-09T01:48:18.085+0000] {logging_mixin.py:149} INFO - [2023-06-09T01:48:18.085+0000] {dagbag.py:541} INFO - Filling up the DagBag from /home/airflow/.local/lib/python3.7/site-packages/airflow/example_dags/example_xcom.py
[2023-06-09T01:48:18.100+0000] {processor.py:836} INFO - DAG(s) dict_keys(['example_xcom']) retrieved from /home/airflow/.local/lib/python3.7/site-packages/airflow/example_dags/example_xcom.py
[2023-06-09T01:48:18.127+0000] {logging_mixin.py:149} INFO - [2023-06-09T01:48:18.127+0000] {dag.py:2726} INFO - Sync 1 DAGs
[2023-06-09T01:48:18.144+0000] {logging_mixin.py:149} INFO - [2023-06-09T01:48:18.144+0000] {dag.py:3490} INFO - Setting next_dagrun for example_xcom to 2021-01-01T00:00:00+00:00, run_after=2021-01-01T00:00:00+00:00
[2023-06-09T01:48:18.156+0000] {processor.py:179} INFO - Processing /home/airflow/.local/lib/python3.7/site-packages/airflow/example_dags/example_xcom.py took 0.087 seconds
[2023-06-09T01:48:48.320+0000] {processor.py:157} INFO - Started process (PID=2630) to work on /home/airflow/.local/lib/python3.7/site-packages/airflow/example_dags/example_xcom.py
[2023-06-09T01:48:48.323+0000] {processor.py:826} INFO - Processing file /home/airflow/.local/lib/python3.7/site-packages/airflow/example_dags/example_xcom.py for tasks to queue
[2023-06-09T01:48:48.325+0000] {logging_mixin.py:149} INFO - [2023-06-09T01:48:48.325+0000] {dagbag.py:541} INFO - Filling up the DagBag from /home/airflow/.local/lib/python3.7/site-packages/airflow/example_dags/example_xcom.py
[2023-06-09T01:48:48.340+0000] {processor.py:836} INFO - DAG(s) dict_keys(['example_xcom']) retrieved from /home/airflow/.local/lib/python3.7/site-packages/airflow/example_dags/example_xcom.py
[2023-06-09T01:48:48.375+0000] {logging_mixin.py:149} INFO - [2023-06-09T01:48:48.374+0000] {dag.py:2726} INFO - Sync 1 DAGs
[2023-06-09T01:48:48.393+0000] {logging_mixin.py:149} INFO - [2023-06-09T01:48:48.393+0000] {dag.py:3490} INFO - Setting next_dagrun for example_xcom to 2021-01-01T00:00:00+00:00, run_after=2021-01-01T00:00:00+00:00
[2023-06-09T01:48:48.407+0000] {processor.py:179} INFO - Processing /home/airflow/.local/lib/python3.7/site-packages/airflow/example_dags/example_xcom.py took 0.095 seconds
[2023-06-09T01:49:18.491+0000] {processor.py:157} INFO - Started process (PID=2686) to work on /home/airflow/.local/lib/python3.7/site-packages/airflow/example_dags/example_xcom.py
[2023-06-09T01:49:18.493+0000] {processor.py:826} INFO - Processing file /home/airflow/.local/lib/python3.7/site-packages/airflow/example_dags/example_xcom.py for tasks to queue
[2023-06-09T01:49:18.494+0000] {logging_mixin.py:149} INFO - [2023-06-09T01:49:18.494+0000] {dagbag.py:541} INFO - Filling up the DagBag from /home/airflow/.local/lib/python3.7/site-packages/airflow/example_dags/example_xcom.py
[2023-06-09T01:49:18.502+0000] {processor.py:836} INFO - DAG(s) dict_keys(['example_xcom']) retrieved from /home/airflow/.local/lib/python3.7/site-packages/airflow/example_dags/example_xcom.py
[2023-06-09T01:49:18.532+0000] {logging_mixin.py:149} INFO - [2023-06-09T01:49:18.531+0000] {dag.py:2726} INFO - Sync 1 DAGs
[2023-06-09T01:49:18.555+0000] {logging_mixin.py:149} INFO - [2023-06-09T01:49:18.555+0000] {dag.py:3490} INFO - Setting next_dagrun for example_xcom to 2021-01-01T00:00:00+00:00, run_after=2021-01-01T00:00:00+00:00
[2023-06-09T01:49:18.572+0000] {processor.py:179} INFO - Processing /home/airflow/.local/lib/python3.7/site-packages/airflow/example_dags/example_xcom.py took 0.086 seconds
[2023-06-09T01:49:48.802+0000] {processor.py:157} INFO - Started process (PID=2741) to work on /home/airflow/.local/lib/python3.7/site-packages/airflow/example_dags/example_xcom.py
[2023-06-09T01:49:48.804+0000] {processor.py:826} INFO - Processing file /home/airflow/.local/lib/python3.7/site-packages/airflow/example_dags/example_xcom.py for tasks to queue
[2023-06-09T01:49:48.805+0000] {logging_mixin.py:149} INFO - [2023-06-09T01:49:48.805+0000] {dagbag.py:541} INFO - Filling up the DagBag from /home/airflow/.local/lib/python3.7/site-packages/airflow/example_dags/example_xcom.py
[2023-06-09T01:49:48.812+0000] {processor.py:836} INFO - DAG(s) dict_keys(['example_xcom']) retrieved from /home/airflow/.local/lib/python3.7/site-packages/airflow/example_dags/example_xcom.py
[2023-06-09T01:49:48.836+0000] {logging_mixin.py:149} INFO - [2023-06-09T01:49:48.836+0000] {dag.py:2726} INFO - Sync 1 DAGs
[2023-06-09T01:49:48.854+0000] {logging_mixin.py:149} INFO - [2023-06-09T01:49:48.853+0000] {dag.py:3490} INFO - Setting next_dagrun for example_xcom to 2021-01-01T00:00:00+00:00, run_after=2021-01-01T00:00:00+00:00
[2023-06-09T01:49:48.866+0000] {processor.py:179} INFO - Processing /home/airflow/.local/lib/python3.7/site-packages/airflow/example_dags/example_xcom.py took 0.067 seconds
[2023-06-09T01:50:19.596+0000] {processor.py:157} INFO - Started process (PID=2797) to work on /home/airflow/.local/lib/python3.7/site-packages/airflow/example_dags/example_xcom.py
[2023-06-09T01:50:19.600+0000] {processor.py:826} INFO - Processing file /home/airflow/.local/lib/python3.7/site-packages/airflow/example_dags/example_xcom.py for tasks to queue
[2023-06-09T01:50:19.602+0000] {logging_mixin.py:149} INFO - [2023-06-09T01:50:19.602+0000] {dagbag.py:541} INFO - Filling up the DagBag from /home/airflow/.local/lib/python3.7/site-packages/airflow/example_dags/example_xcom.py
[2023-06-09T01:50:19.619+0000] {processor.py:836} INFO - DAG(s) dict_keys(['example_xcom']) retrieved from /home/airflow/.local/lib/python3.7/site-packages/airflow/example_dags/example_xcom.py
[2023-06-09T01:50:19.654+0000] {logging_mixin.py:149} INFO - [2023-06-09T01:50:19.654+0000] {dag.py:2726} INFO - Sync 1 DAGs
[2023-06-09T01:50:19.674+0000] {logging_mixin.py:149} INFO - [2023-06-09T01:50:19.674+0000] {dag.py:3490} INFO - Setting next_dagrun for example_xcom to 2021-01-01T00:00:00+00:00, run_after=2021-01-01T00:00:00+00:00
[2023-06-09T01:50:19.687+0000] {processor.py:179} INFO - Processing /home/airflow/.local/lib/python3.7/site-packages/airflow/example_dags/example_xcom.py took 0.097 seconds
[2023-06-09T01:50:49.820+0000] {processor.py:157} INFO - Started process (PID=2853) to work on /home/airflow/.local/lib/python3.7/site-packages/airflow/example_dags/example_xcom.py
[2023-06-09T01:50:49.824+0000] {processor.py:826} INFO - Processing file /home/airflow/.local/lib/python3.7/site-packages/airflow/example_dags/example_xcom.py for tasks to queue
[2023-06-09T01:50:49.827+0000] {logging_mixin.py:149} INFO - [2023-06-09T01:50:49.827+0000] {dagbag.py:541} INFO - Filling up the DagBag from /home/airflow/.local/lib/python3.7/site-packages/airflow/example_dags/example_xcom.py
[2023-06-09T01:50:49.838+0000] {processor.py:836} INFO - DAG(s) dict_keys(['example_xcom']) retrieved from /home/airflow/.local/lib/python3.7/site-packages/airflow/example_dags/example_xcom.py
[2023-06-09T01:50:49.867+0000] {logging_mixin.py:149} INFO - [2023-06-09T01:50:49.867+0000] {dag.py:2726} INFO - Sync 1 DAGs
[2023-06-09T01:50:49.884+0000] {logging_mixin.py:149} INFO - [2023-06-09T01:50:49.884+0000] {dag.py:3490} INFO - Setting next_dagrun for example_xcom to 2021-01-01T00:00:00+00:00, run_after=2021-01-01T00:00:00+00:00
[2023-06-09T01:50:49.896+0000] {processor.py:179} INFO - Processing /home/airflow/.local/lib/python3.7/site-packages/airflow/example_dags/example_xcom.py took 0.083 seconds
[2023-06-09T01:51:20.166+0000] {processor.py:157} INFO - Started process (PID=2909) to work on /home/airflow/.local/lib/python3.7/site-packages/airflow/example_dags/example_xcom.py
[2023-06-09T01:51:20.168+0000] {processor.py:826} INFO - Processing file /home/airflow/.local/lib/python3.7/site-packages/airflow/example_dags/example_xcom.py for tasks to queue
[2023-06-09T01:51:20.170+0000] {logging_mixin.py:149} INFO - [2023-06-09T01:51:20.170+0000] {dagbag.py:541} INFO - Filling up the DagBag from /home/airflow/.local/lib/python3.7/site-packages/airflow/example_dags/example_xcom.py
[2023-06-09T01:51:20.181+0000] {processor.py:836} INFO - DAG(s) dict_keys(['example_xcom']) retrieved from /home/airflow/.local/lib/python3.7/site-packages/airflow/example_dags/example_xcom.py
[2023-06-09T01:51:20.207+0000] {logging_mixin.py:149} INFO - [2023-06-09T01:51:20.207+0000] {dag.py:2726} INFO - Sync 1 DAGs
[2023-06-09T01:51:20.222+0000] {logging_mixin.py:149} INFO - [2023-06-09T01:51:20.222+0000] {dag.py:3490} INFO - Setting next_dagrun for example_xcom to 2021-01-01T00:00:00+00:00, run_after=2021-01-01T00:00:00+00:00
[2023-06-09T01:51:20.232+0000] {processor.py:179} INFO - Processing /home/airflow/.local/lib/python3.7/site-packages/airflow/example_dags/example_xcom.py took 0.072 seconds
[2023-06-09T01:51:50.572+0000] {processor.py:157} INFO - Started process (PID=2965) to work on /home/airflow/.local/lib/python3.7/site-packages/airflow/example_dags/example_xcom.py
[2023-06-09T01:51:50.575+0000] {processor.py:826} INFO - Processing file /home/airflow/.local/lib/python3.7/site-packages/airflow/example_dags/example_xcom.py for tasks to queue
[2023-06-09T01:51:50.577+0000] {logging_mixin.py:149} INFO - [2023-06-09T01:51:50.577+0000] {dagbag.py:541} INFO - Filling up the DagBag from /home/airflow/.local/lib/python3.7/site-packages/airflow/example_dags/example_xcom.py
[2023-06-09T01:51:50.590+0000] {processor.py:836} INFO - DAG(s) dict_keys(['example_xcom']) retrieved from /home/airflow/.local/lib/python3.7/site-packages/airflow/example_dags/example_xcom.py
[2023-06-09T01:51:50.621+0000] {logging_mixin.py:149} INFO - [2023-06-09T01:51:50.620+0000] {dag.py:2726} INFO - Sync 1 DAGs
[2023-06-09T01:51:50.638+0000] {logging_mixin.py:149} INFO - [2023-06-09T01:51:50.638+0000] {dag.py:3490} INFO - Setting next_dagrun for example_xcom to 2021-01-01T00:00:00+00:00, run_after=2021-01-01T00:00:00+00:00
[2023-06-09T01:51:50.650+0000] {processor.py:179} INFO - Processing /home/airflow/.local/lib/python3.7/site-packages/airflow/example_dags/example_xcom.py took 0.086 seconds
[2023-06-09T01:52:21.170+0000] {processor.py:157} INFO - Started process (PID=3021) to work on /home/airflow/.local/lib/python3.7/site-packages/airflow/example_dags/example_xcom.py
[2023-06-09T01:52:21.172+0000] {processor.py:826} INFO - Processing file /home/airflow/.local/lib/python3.7/site-packages/airflow/example_dags/example_xcom.py for tasks to queue
[2023-06-09T01:52:21.174+0000] {logging_mixin.py:149} INFO - [2023-06-09T01:52:21.174+0000] {dagbag.py:541} INFO - Filling up the DagBag from /home/airflow/.local/lib/python3.7/site-packages/airflow/example_dags/example_xcom.py
[2023-06-09T01:52:21.188+0000] {processor.py:836} INFO - DAG(s) dict_keys(['example_xcom']) retrieved from /home/airflow/.local/lib/python3.7/site-packages/airflow/example_dags/example_xcom.py
[2023-06-09T01:52:21.218+0000] {logging_mixin.py:149} INFO - [2023-06-09T01:52:21.218+0000] {dag.py:2726} INFO - Sync 1 DAGs
[2023-06-09T01:52:21.237+0000] {logging_mixin.py:149} INFO - [2023-06-09T01:52:21.237+0000] {dag.py:3490} INFO - Setting next_dagrun for example_xcom to 2021-01-01T00:00:00+00:00, run_after=2021-01-01T00:00:00+00:00
[2023-06-09T01:52:21.249+0000] {processor.py:179} INFO - Processing /home/airflow/.local/lib/python3.7/site-packages/airflow/example_dags/example_xcom.py took 0.088 seconds
[2023-06-09T01:52:51.308+0000] {processor.py:157} INFO - Started process (PID=3077) to work on /home/airflow/.local/lib/python3.7/site-packages/airflow/example_dags/example_xcom.py
[2023-06-09T01:52:51.311+0000] {processor.py:826} INFO - Processing file /home/airflow/.local/lib/python3.7/site-packages/airflow/example_dags/example_xcom.py for tasks to queue
[2023-06-09T01:52:51.313+0000] {logging_mixin.py:149} INFO - [2023-06-09T01:52:51.313+0000] {dagbag.py:541} INFO - Filling up the DagBag from /home/airflow/.local/lib/python3.7/site-packages/airflow/example_dags/example_xcom.py
[2023-06-09T01:52:51.325+0000] {processor.py:836} INFO - DAG(s) dict_keys(['example_xcom']) retrieved from /home/airflow/.local/lib/python3.7/site-packages/airflow/example_dags/example_xcom.py
[2023-06-09T01:52:51.353+0000] {logging_mixin.py:149} INFO - [2023-06-09T01:52:51.353+0000] {dag.py:2726} INFO - Sync 1 DAGs
[2023-06-09T01:52:51.369+0000] {logging_mixin.py:149} INFO - [2023-06-09T01:52:51.369+0000] {dag.py:3490} INFO - Setting next_dagrun for example_xcom to 2021-01-01T00:00:00+00:00, run_after=2021-01-01T00:00:00+00:00
[2023-06-09T01:52:51.382+0000] {processor.py:179} INFO - Processing /home/airflow/.local/lib/python3.7/site-packages/airflow/example_dags/example_xcom.py took 0.080 seconds
[2023-06-09T01:53:50.542+0000] {processor.py:157} INFO - Started process (PID=51) to work on /home/airflow/.local/lib/python3.7/site-packages/airflow/example_dags/example_xcom.py
[2023-06-09T01:53:50.544+0000] {processor.py:826} INFO - Processing file /home/airflow/.local/lib/python3.7/site-packages/airflow/example_dags/example_xcom.py for tasks to queue
[2023-06-09T01:53:50.548+0000] {logging_mixin.py:149} INFO - [2023-06-09T01:53:50.548+0000] {dagbag.py:541} INFO - Filling up the DagBag from /home/airflow/.local/lib/python3.7/site-packages/airflow/example_dags/example_xcom.py
[2023-06-09T01:53:50.555+0000] {processor.py:836} INFO - DAG(s) dict_keys(['example_xcom']) retrieved from /home/airflow/.local/lib/python3.7/site-packages/airflow/example_dags/example_xcom.py
[2023-06-09T01:53:50.577+0000] {logging_mixin.py:149} INFO - [2023-06-09T01:53:50.577+0000] {dag.py:2726} INFO - Sync 1 DAGs
[2023-06-09T01:53:50.610+0000] {logging_mixin.py:149} INFO - [2023-06-09T01:53:50.610+0000] {dag.py:3490} INFO - Setting next_dagrun for example_xcom to 2021-01-01T00:00:00+00:00, run_after=2021-01-01T00:00:00+00:00
[2023-06-09T01:53:50.628+0000] {processor.py:179} INFO - Processing /home/airflow/.local/lib/python3.7/site-packages/airflow/example_dags/example_xcom.py took 0.088 seconds
