[2023-06-09T01:25:32.046+0000] {processor.py:157} INFO - Started process (PID=65) to work on /home/airflow/.local/lib/python3.7/site-packages/airflow/example_dags/example_external_task_marker_dag.py
[2023-06-09T01:25:32.052+0000] {processor.py:826} INFO - Processing file /home/airflow/.local/lib/python3.7/site-packages/airflow/example_dags/example_external_task_marker_dag.py for tasks to queue
[2023-06-09T01:25:32.054+0000] {logging_mixin.py:149} INFO - [2023-06-09T01:25:32.054+0000] {dagbag.py:541} INFO - Filling up the DagBag from /home/airflow/.local/lib/python3.7/site-packages/airflow/example_dags/example_external_task_marker_dag.py
[2023-06-09T01:25:32.067+0000] {processor.py:836} INFO - DAG(s) dict_keys(['example_external_task_marker_parent', 'example_external_task_marker_child']) retrieved from /home/airflow/.local/lib/python3.7/site-packages/airflow/example_dags/example_external_task_marker_dag.py
[2023-06-09T01:25:32.379+0000] {logging_mixin.py:149} INFO - [2023-06-09T01:25:32.379+0000] {manager.py:504} INFO - Created Permission View: can delete on DAG:example_external_task_marker_parent
[2023-06-09T01:25:32.406+0000] {logging_mixin.py:149} INFO - [2023-06-09T01:25:32.405+0000] {manager.py:504} INFO - Created Permission View: can edit on DAG:example_external_task_marker_parent
[2023-06-09T01:25:32.426+0000] {logging_mixin.py:149} INFO - [2023-06-09T01:25:32.425+0000] {manager.py:504} INFO - Created Permission View: can read on DAG:example_external_task_marker_parent
[2023-06-09T01:25:32.479+0000] {logging_mixin.py:149} INFO - [2023-06-09T01:25:32.479+0000] {manager.py:504} INFO - Created Permission View: can delete on DAG:example_external_task_marker_child
[2023-06-09T01:25:32.551+0000] {logging_mixin.py:149} INFO - [2023-06-09T01:25:32.551+0000] {manager.py:504} INFO - Created Permission View: can edit on DAG:example_external_task_marker_child
[2023-06-09T01:25:32.592+0000] {logging_mixin.py:149} INFO - [2023-06-09T01:25:32.591+0000] {manager.py:504} INFO - Created Permission View: can read on DAG:example_external_task_marker_child
[2023-06-09T01:25:32.599+0000] {logging_mixin.py:149} INFO - [2023-06-09T01:25:32.597+0000] {dag.py:2726} INFO - Sync 2 DAGs
[2023-06-09T01:25:32.650+0000] {logging_mixin.py:149} INFO - [2023-06-09T01:25:32.650+0000] {dag.py:2747} INFO - Creating ORM DAG for example_external_task_marker_parent
[2023-06-09T01:25:32.659+0000] {logging_mixin.py:149} INFO - [2023-06-09T01:25:32.659+0000] {dag.py:2747} INFO - Creating ORM DAG for example_external_task_marker_child
[2023-06-09T01:25:32.682+0000] {logging_mixin.py:149} INFO - [2023-06-09T01:25:32.681+0000] {dag.py:3490} INFO - Setting next_dagrun for example_external_task_marker_child to None, run_after=None
[2023-06-09T01:25:32.689+0000] {logging_mixin.py:149} INFO - [2023-06-09T01:25:32.688+0000] {dag.py:3490} INFO - Setting next_dagrun for example_external_task_marker_parent to None, run_after=None
[2023-06-09T01:25:32.743+0000] {processor.py:179} INFO - Processing /home/airflow/.local/lib/python3.7/site-packages/airflow/example_dags/example_external_task_marker_dag.py took 0.701 seconds
[2023-06-09T01:26:03.036+0000] {processor.py:157} INFO - Started process (PID=121) to work on /home/airflow/.local/lib/python3.7/site-packages/airflow/example_dags/example_external_task_marker_dag.py
[2023-06-09T01:26:03.041+0000] {processor.py:826} INFO - Processing file /home/airflow/.local/lib/python3.7/site-packages/airflow/example_dags/example_external_task_marker_dag.py for tasks to queue
[2023-06-09T01:26:03.049+0000] {logging_mixin.py:149} INFO - [2023-06-09T01:26:03.048+0000] {dagbag.py:541} INFO - Filling up the DagBag from /home/airflow/.local/lib/python3.7/site-packages/airflow/example_dags/example_external_task_marker_dag.py
[2023-06-09T01:26:03.062+0000] {processor.py:836} INFO - DAG(s) dict_keys(['example_external_task_marker_child', 'example_external_task_marker_parent']) retrieved from /home/airflow/.local/lib/python3.7/site-packages/airflow/example_dags/example_external_task_marker_dag.py
[2023-06-09T01:26:03.142+0000] {logging_mixin.py:149} INFO - [2023-06-09T01:26:03.142+0000] {dag.py:2726} INFO - Sync 2 DAGs
[2023-06-09T01:26:03.221+0000] {logging_mixin.py:149} INFO - [2023-06-09T01:26:03.221+0000] {dag.py:3490} INFO - Setting next_dagrun for example_external_task_marker_child to None, run_after=None
[2023-06-09T01:26:03.273+0000] {logging_mixin.py:149} INFO - [2023-06-09T01:26:03.269+0000] {dag.py:3490} INFO - Setting next_dagrun for example_external_task_marker_parent to None, run_after=None
[2023-06-09T01:26:03.406+0000] {processor.py:179} INFO - Processing /home/airflow/.local/lib/python3.7/site-packages/airflow/example_dags/example_external_task_marker_dag.py took 0.379 seconds
[2023-06-09T01:26:33.610+0000] {processor.py:157} INFO - Started process (PID=177) to work on /home/airflow/.local/lib/python3.7/site-packages/airflow/example_dags/example_external_task_marker_dag.py
[2023-06-09T01:26:33.612+0000] {processor.py:826} INFO - Processing file /home/airflow/.local/lib/python3.7/site-packages/airflow/example_dags/example_external_task_marker_dag.py for tasks to queue
[2023-06-09T01:26:33.613+0000] {logging_mixin.py:149} INFO - [2023-06-09T01:26:33.613+0000] {dagbag.py:541} INFO - Filling up the DagBag from /home/airflow/.local/lib/python3.7/site-packages/airflow/example_dags/example_external_task_marker_dag.py
[2023-06-09T01:26:33.619+0000] {processor.py:836} INFO - DAG(s) dict_keys(['example_external_task_marker_parent', 'example_external_task_marker_child']) retrieved from /home/airflow/.local/lib/python3.7/site-packages/airflow/example_dags/example_external_task_marker_dag.py
[2023-06-09T01:26:33.648+0000] {logging_mixin.py:149} INFO - [2023-06-09T01:26:33.648+0000] {dag.py:2726} INFO - Sync 2 DAGs
[2023-06-09T01:26:33.668+0000] {logging_mixin.py:149} INFO - [2023-06-09T01:26:33.668+0000] {dag.py:3490} INFO - Setting next_dagrun for example_external_task_marker_child to None, run_after=None
[2023-06-09T01:26:33.671+0000] {logging_mixin.py:149} INFO - [2023-06-09T01:26:33.671+0000] {dag.py:3490} INFO - Setting next_dagrun for example_external_task_marker_parent to None, run_after=None
[2023-06-09T01:26:33.683+0000] {processor.py:179} INFO - Processing /home/airflow/.local/lib/python3.7/site-packages/airflow/example_dags/example_external_task_marker_dag.py took 0.076 seconds
[2023-06-09T01:27:03.893+0000] {processor.py:157} INFO - Started process (PID=233) to work on /home/airflow/.local/lib/python3.7/site-packages/airflow/example_dags/example_external_task_marker_dag.py
[2023-06-09T01:27:03.895+0000] {processor.py:826} INFO - Processing file /home/airflow/.local/lib/python3.7/site-packages/airflow/example_dags/example_external_task_marker_dag.py for tasks to queue
[2023-06-09T01:27:03.896+0000] {logging_mixin.py:149} INFO - [2023-06-09T01:27:03.896+0000] {dagbag.py:541} INFO - Filling up the DagBag from /home/airflow/.local/lib/python3.7/site-packages/airflow/example_dags/example_external_task_marker_dag.py
[2023-06-09T01:27:03.904+0000] {processor.py:836} INFO - DAG(s) dict_keys(['example_external_task_marker_parent', 'example_external_task_marker_child']) retrieved from /home/airflow/.local/lib/python3.7/site-packages/airflow/example_dags/example_external_task_marker_dag.py
[2023-06-09T01:27:03.938+0000] {logging_mixin.py:149} INFO - [2023-06-09T01:27:03.938+0000] {dag.py:2726} INFO - Sync 2 DAGs
[2023-06-09T01:27:03.961+0000] {logging_mixin.py:149} INFO - [2023-06-09T01:27:03.961+0000] {dag.py:3490} INFO - Setting next_dagrun for example_external_task_marker_child to None, run_after=None
[2023-06-09T01:27:03.964+0000] {logging_mixin.py:149} INFO - [2023-06-09T01:27:03.964+0000] {dag.py:3490} INFO - Setting next_dagrun for example_external_task_marker_parent to None, run_after=None
[2023-06-09T01:27:03.983+0000] {processor.py:179} INFO - Processing /home/airflow/.local/lib/python3.7/site-packages/airflow/example_dags/example_external_task_marker_dag.py took 0.093 seconds
[2023-06-09T01:27:34.404+0000] {processor.py:157} INFO - Started process (PID=289) to work on /home/airflow/.local/lib/python3.7/site-packages/airflow/example_dags/example_external_task_marker_dag.py
[2023-06-09T01:27:34.408+0000] {processor.py:826} INFO - Processing file /home/airflow/.local/lib/python3.7/site-packages/airflow/example_dags/example_external_task_marker_dag.py for tasks to queue
[2023-06-09T01:27:34.409+0000] {logging_mixin.py:149} INFO - [2023-06-09T01:27:34.409+0000] {dagbag.py:541} INFO - Filling up the DagBag from /home/airflow/.local/lib/python3.7/site-packages/airflow/example_dags/example_external_task_marker_dag.py
[2023-06-09T01:27:34.417+0000] {processor.py:836} INFO - DAG(s) dict_keys(['example_external_task_marker_child', 'example_external_task_marker_parent']) retrieved from /home/airflow/.local/lib/python3.7/site-packages/airflow/example_dags/example_external_task_marker_dag.py
[2023-06-09T01:27:34.449+0000] {logging_mixin.py:149} INFO - [2023-06-09T01:27:34.449+0000] {dag.py:2726} INFO - Sync 2 DAGs
[2023-06-09T01:27:34.469+0000] {logging_mixin.py:149} INFO - [2023-06-09T01:27:34.469+0000] {dag.py:3490} INFO - Setting next_dagrun for example_external_task_marker_child to None, run_after=None
[2023-06-09T01:27:34.473+0000] {logging_mixin.py:149} INFO - [2023-06-09T01:27:34.472+0000] {dag.py:3490} INFO - Setting next_dagrun for example_external_task_marker_parent to None, run_after=None
[2023-06-09T01:27:34.488+0000] {processor.py:179} INFO - Processing /home/airflow/.local/lib/python3.7/site-packages/airflow/example_dags/example_external_task_marker_dag.py took 0.090 seconds
[2023-06-09T01:28:04.966+0000] {processor.py:157} INFO - Started process (PID=345) to work on /home/airflow/.local/lib/python3.7/site-packages/airflow/example_dags/example_external_task_marker_dag.py
[2023-06-09T01:28:04.968+0000] {processor.py:826} INFO - Processing file /home/airflow/.local/lib/python3.7/site-packages/airflow/example_dags/example_external_task_marker_dag.py for tasks to queue
[2023-06-09T01:28:04.969+0000] {logging_mixin.py:149} INFO - [2023-06-09T01:28:04.969+0000] {dagbag.py:541} INFO - Filling up the DagBag from /home/airflow/.local/lib/python3.7/site-packages/airflow/example_dags/example_external_task_marker_dag.py
[2023-06-09T01:28:04.978+0000] {processor.py:836} INFO - DAG(s) dict_keys(['example_external_task_marker_parent', 'example_external_task_marker_child']) retrieved from /home/airflow/.local/lib/python3.7/site-packages/airflow/example_dags/example_external_task_marker_dag.py
[2023-06-09T01:28:05.007+0000] {logging_mixin.py:149} INFO - [2023-06-09T01:28:05.007+0000] {dag.py:2726} INFO - Sync 2 DAGs
[2023-06-09T01:28:05.025+0000] {logging_mixin.py:149} INFO - [2023-06-09T01:28:05.024+0000] {dag.py:3490} INFO - Setting next_dagrun for example_external_task_marker_child to None, run_after=None
[2023-06-09T01:28:05.027+0000] {logging_mixin.py:149} INFO - [2023-06-09T01:28:05.027+0000] {dag.py:3490} INFO - Setting next_dagrun for example_external_task_marker_parent to None, run_after=None
[2023-06-09T01:28:05.038+0000] {processor.py:179} INFO - Processing /home/airflow/.local/lib/python3.7/site-packages/airflow/example_dags/example_external_task_marker_dag.py took 0.076 seconds
[2023-06-09T01:28:35.868+0000] {processor.py:157} INFO - Started process (PID=401) to work on /home/airflow/.local/lib/python3.7/site-packages/airflow/example_dags/example_external_task_marker_dag.py
[2023-06-09T01:28:35.872+0000] {processor.py:826} INFO - Processing file /home/airflow/.local/lib/python3.7/site-packages/airflow/example_dags/example_external_task_marker_dag.py for tasks to queue
[2023-06-09T01:28:35.876+0000] {logging_mixin.py:149} INFO - [2023-06-09T01:28:35.876+0000] {dagbag.py:541} INFO - Filling up the DagBag from /home/airflow/.local/lib/python3.7/site-packages/airflow/example_dags/example_external_task_marker_dag.py
[2023-06-09T01:28:35.896+0000] {processor.py:836} INFO - DAG(s) dict_keys(['example_external_task_marker_parent', 'example_external_task_marker_child']) retrieved from /home/airflow/.local/lib/python3.7/site-packages/airflow/example_dags/example_external_task_marker_dag.py
[2023-06-09T01:28:36.034+0000] {logging_mixin.py:149} INFO - [2023-06-09T01:28:36.034+0000] {dag.py:2726} INFO - Sync 2 DAGs
[2023-06-09T01:28:36.092+0000] {logging_mixin.py:149} INFO - [2023-06-09T01:28:36.092+0000] {dag.py:3490} INFO - Setting next_dagrun for example_external_task_marker_child to None, run_after=None
[2023-06-09T01:28:36.112+0000] {logging_mixin.py:149} INFO - [2023-06-09T01:28:36.112+0000] {dag.py:3490} INFO - Setting next_dagrun for example_external_task_marker_parent to None, run_after=None
[2023-06-09T01:28:36.204+0000] {processor.py:179} INFO - Processing /home/airflow/.local/lib/python3.7/site-packages/airflow/example_dags/example_external_task_marker_dag.py took 0.346 seconds
[2023-06-09T01:29:06.881+0000] {processor.py:157} INFO - Started process (PID=457) to work on /home/airflow/.local/lib/python3.7/site-packages/airflow/example_dags/example_external_task_marker_dag.py
[2023-06-09T01:29:06.884+0000] {processor.py:826} INFO - Processing file /home/airflow/.local/lib/python3.7/site-packages/airflow/example_dags/example_external_task_marker_dag.py for tasks to queue
[2023-06-09T01:29:06.886+0000] {logging_mixin.py:149} INFO - [2023-06-09T01:29:06.885+0000] {dagbag.py:541} INFO - Filling up the DagBag from /home/airflow/.local/lib/python3.7/site-packages/airflow/example_dags/example_external_task_marker_dag.py
[2023-06-09T01:29:06.894+0000] {processor.py:836} INFO - DAG(s) dict_keys(['example_external_task_marker_child', 'example_external_task_marker_parent']) retrieved from /home/airflow/.local/lib/python3.7/site-packages/airflow/example_dags/example_external_task_marker_dag.py
[2023-06-09T01:29:06.923+0000] {logging_mixin.py:149} INFO - [2023-06-09T01:29:06.923+0000] {dag.py:2726} INFO - Sync 2 DAGs
[2023-06-09T01:29:06.940+0000] {logging_mixin.py:149} INFO - [2023-06-09T01:29:06.940+0000] {dag.py:3490} INFO - Setting next_dagrun for example_external_task_marker_child to None, run_after=None
[2023-06-09T01:29:06.942+0000] {logging_mixin.py:149} INFO - [2023-06-09T01:29:06.942+0000] {dag.py:3490} INFO - Setting next_dagrun for example_external_task_marker_parent to None, run_after=None
[2023-06-09T01:29:06.952+0000] {processor.py:179} INFO - Processing /home/airflow/.local/lib/python3.7/site-packages/airflow/example_dags/example_external_task_marker_dag.py took 0.076 seconds
[2023-06-09T01:29:37.088+0000] {processor.py:157} INFO - Started process (PID=513) to work on /home/airflow/.local/lib/python3.7/site-packages/airflow/example_dags/example_external_task_marker_dag.py
[2023-06-09T01:29:37.090+0000] {processor.py:826} INFO - Processing file /home/airflow/.local/lib/python3.7/site-packages/airflow/example_dags/example_external_task_marker_dag.py for tasks to queue
[2023-06-09T01:29:37.092+0000] {logging_mixin.py:149} INFO - [2023-06-09T01:29:37.092+0000] {dagbag.py:541} INFO - Filling up the DagBag from /home/airflow/.local/lib/python3.7/site-packages/airflow/example_dags/example_external_task_marker_dag.py
[2023-06-09T01:29:37.098+0000] {processor.py:836} INFO - DAG(s) dict_keys(['example_external_task_marker_child', 'example_external_task_marker_parent']) retrieved from /home/airflow/.local/lib/python3.7/site-packages/airflow/example_dags/example_external_task_marker_dag.py
[2023-06-09T01:29:37.130+0000] {logging_mixin.py:149} INFO - [2023-06-09T01:29:37.129+0000] {dag.py:2726} INFO - Sync 2 DAGs
[2023-06-09T01:29:37.148+0000] {logging_mixin.py:149} INFO - [2023-06-09T01:29:37.148+0000] {dag.py:3490} INFO - Setting next_dagrun for example_external_task_marker_child to None, run_after=None
[2023-06-09T01:29:37.152+0000] {logging_mixin.py:149} INFO - [2023-06-09T01:29:37.152+0000] {dag.py:3490} INFO - Setting next_dagrun for example_external_task_marker_parent to None, run_after=None
[2023-06-09T01:29:37.163+0000] {processor.py:179} INFO - Processing /home/airflow/.local/lib/python3.7/site-packages/airflow/example_dags/example_external_task_marker_dag.py took 0.079 seconds
[2023-06-09T01:30:08.019+0000] {processor.py:157} INFO - Started process (PID=569) to work on /home/airflow/.local/lib/python3.7/site-packages/airflow/example_dags/example_external_task_marker_dag.py
[2023-06-09T01:30:08.021+0000] {processor.py:826} INFO - Processing file /home/airflow/.local/lib/python3.7/site-packages/airflow/example_dags/example_external_task_marker_dag.py for tasks to queue
[2023-06-09T01:30:08.023+0000] {logging_mixin.py:149} INFO - [2023-06-09T01:30:08.023+0000] {dagbag.py:541} INFO - Filling up the DagBag from /home/airflow/.local/lib/python3.7/site-packages/airflow/example_dags/example_external_task_marker_dag.py
[2023-06-09T01:30:08.034+0000] {processor.py:836} INFO - DAG(s) dict_keys(['example_external_task_marker_parent', 'example_external_task_marker_child']) retrieved from /home/airflow/.local/lib/python3.7/site-packages/airflow/example_dags/example_external_task_marker_dag.py
[2023-06-09T01:30:08.089+0000] {logging_mixin.py:149} INFO - [2023-06-09T01:30:08.089+0000] {dag.py:2726} INFO - Sync 2 DAGs
[2023-06-09T01:30:08.113+0000] {logging_mixin.py:149} INFO - [2023-06-09T01:30:08.113+0000] {dag.py:3490} INFO - Setting next_dagrun for example_external_task_marker_child to None, run_after=None
[2023-06-09T01:30:08.117+0000] {logging_mixin.py:149} INFO - [2023-06-09T01:30:08.117+0000] {dag.py:3490} INFO - Setting next_dagrun for example_external_task_marker_parent to None, run_after=None
[2023-06-09T01:30:08.129+0000] {processor.py:179} INFO - Processing /home/airflow/.local/lib/python3.7/site-packages/airflow/example_dags/example_external_task_marker_dag.py took 0.122 seconds
[2023-06-09T01:30:38.248+0000] {processor.py:157} INFO - Started process (PID=625) to work on /home/airflow/.local/lib/python3.7/site-packages/airflow/example_dags/example_external_task_marker_dag.py
[2023-06-09T01:30:38.251+0000] {processor.py:826} INFO - Processing file /home/airflow/.local/lib/python3.7/site-packages/airflow/example_dags/example_external_task_marker_dag.py for tasks to queue
[2023-06-09T01:30:38.252+0000] {logging_mixin.py:149} INFO - [2023-06-09T01:30:38.252+0000] {dagbag.py:541} INFO - Filling up the DagBag from /home/airflow/.local/lib/python3.7/site-packages/airflow/example_dags/example_external_task_marker_dag.py
[2023-06-09T01:30:38.260+0000] {processor.py:836} INFO - DAG(s) dict_keys(['example_external_task_marker_parent', 'example_external_task_marker_child']) retrieved from /home/airflow/.local/lib/python3.7/site-packages/airflow/example_dags/example_external_task_marker_dag.py
[2023-06-09T01:30:38.287+0000] {logging_mixin.py:149} INFO - [2023-06-09T01:30:38.287+0000] {dag.py:2726} INFO - Sync 2 DAGs
[2023-06-09T01:30:38.303+0000] {logging_mixin.py:149} INFO - [2023-06-09T01:30:38.303+0000] {dag.py:3490} INFO - Setting next_dagrun for example_external_task_marker_child to None, run_after=None
[2023-06-09T01:30:38.305+0000] {logging_mixin.py:149} INFO - [2023-06-09T01:30:38.305+0000] {dag.py:3490} INFO - Setting next_dagrun for example_external_task_marker_parent to None, run_after=None
[2023-06-09T01:30:38.315+0000] {processor.py:179} INFO - Processing /home/airflow/.local/lib/python3.7/site-packages/airflow/example_dags/example_external_task_marker_dag.py took 0.072 seconds
[2023-06-09T01:31:08.714+0000] {processor.py:157} INFO - Started process (PID=681) to work on /home/airflow/.local/lib/python3.7/site-packages/airflow/example_dags/example_external_task_marker_dag.py
[2023-06-09T01:31:08.716+0000] {processor.py:826} INFO - Processing file /home/airflow/.local/lib/python3.7/site-packages/airflow/example_dags/example_external_task_marker_dag.py for tasks to queue
[2023-06-09T01:31:08.718+0000] {logging_mixin.py:149} INFO - [2023-06-09T01:31:08.718+0000] {dagbag.py:541} INFO - Filling up the DagBag from /home/airflow/.local/lib/python3.7/site-packages/airflow/example_dags/example_external_task_marker_dag.py
[2023-06-09T01:31:08.730+0000] {processor.py:836} INFO - DAG(s) dict_keys(['example_external_task_marker_parent', 'example_external_task_marker_child']) retrieved from /home/airflow/.local/lib/python3.7/site-packages/airflow/example_dags/example_external_task_marker_dag.py
[2023-06-09T01:31:08.772+0000] {logging_mixin.py:149} INFO - [2023-06-09T01:31:08.772+0000] {dag.py:2726} INFO - Sync 2 DAGs
[2023-06-09T01:31:08.793+0000] {logging_mixin.py:149} INFO - [2023-06-09T01:31:08.793+0000] {dag.py:3490} INFO - Setting next_dagrun for example_external_task_marker_child to None, run_after=None
[2023-06-09T01:31:08.799+0000] {logging_mixin.py:149} INFO - [2023-06-09T01:31:08.799+0000] {dag.py:3490} INFO - Setting next_dagrun for example_external_task_marker_parent to None, run_after=None
[2023-06-09T01:31:08.814+0000] {processor.py:179} INFO - Processing /home/airflow/.local/lib/python3.7/site-packages/airflow/example_dags/example_external_task_marker_dag.py took 0.108 seconds
[2023-06-09T01:31:39.737+0000] {processor.py:157} INFO - Started process (PID=737) to work on /home/airflow/.local/lib/python3.7/site-packages/airflow/example_dags/example_external_task_marker_dag.py
[2023-06-09T01:31:39.741+0000] {processor.py:826} INFO - Processing file /home/airflow/.local/lib/python3.7/site-packages/airflow/example_dags/example_external_task_marker_dag.py for tasks to queue
[2023-06-09T01:31:39.744+0000] {logging_mixin.py:149} INFO - [2023-06-09T01:31:39.744+0000] {dagbag.py:541} INFO - Filling up the DagBag from /home/airflow/.local/lib/python3.7/site-packages/airflow/example_dags/example_external_task_marker_dag.py
[2023-06-09T01:31:39.756+0000] {processor.py:836} INFO - DAG(s) dict_keys(['example_external_task_marker_child', 'example_external_task_marker_parent']) retrieved from /home/airflow/.local/lib/python3.7/site-packages/airflow/example_dags/example_external_task_marker_dag.py
[2023-06-09T01:31:39.791+0000] {logging_mixin.py:149} INFO - [2023-06-09T01:31:39.790+0000] {dag.py:2726} INFO - Sync 2 DAGs
[2023-06-09T01:31:39.826+0000] {logging_mixin.py:149} INFO - [2023-06-09T01:31:39.826+0000] {dag.py:3490} INFO - Setting next_dagrun for example_external_task_marker_child to None, run_after=None
[2023-06-09T01:31:39.830+0000] {logging_mixin.py:149} INFO - [2023-06-09T01:31:39.830+0000] {dag.py:3490} INFO - Setting next_dagrun for example_external_task_marker_parent to None, run_after=None
[2023-06-09T01:31:39.844+0000] {processor.py:179} INFO - Processing /home/airflow/.local/lib/python3.7/site-packages/airflow/example_dags/example_external_task_marker_dag.py took 0.122 seconds
[2023-06-09T01:32:09.986+0000] {processor.py:157} INFO - Started process (PID=793) to work on /home/airflow/.local/lib/python3.7/site-packages/airflow/example_dags/example_external_task_marker_dag.py
[2023-06-09T01:32:09.988+0000] {processor.py:826} INFO - Processing file /home/airflow/.local/lib/python3.7/site-packages/airflow/example_dags/example_external_task_marker_dag.py for tasks to queue
[2023-06-09T01:32:09.990+0000] {logging_mixin.py:149} INFO - [2023-06-09T01:32:09.990+0000] {dagbag.py:541} INFO - Filling up the DagBag from /home/airflow/.local/lib/python3.7/site-packages/airflow/example_dags/example_external_task_marker_dag.py
[2023-06-09T01:32:10.000+0000] {processor.py:836} INFO - DAG(s) dict_keys(['example_external_task_marker_parent', 'example_external_task_marker_child']) retrieved from /home/airflow/.local/lib/python3.7/site-packages/airflow/example_dags/example_external_task_marker_dag.py
[2023-06-09T01:32:10.044+0000] {logging_mixin.py:149} INFO - [2023-06-09T01:32:10.044+0000] {dag.py:2726} INFO - Sync 2 DAGs
[2023-06-09T01:32:10.065+0000] {logging_mixin.py:149} INFO - [2023-06-09T01:32:10.065+0000] {dag.py:3490} INFO - Setting next_dagrun for example_external_task_marker_child to None, run_after=None
[2023-06-09T01:32:10.069+0000] {logging_mixin.py:149} INFO - [2023-06-09T01:32:10.069+0000] {dag.py:3490} INFO - Setting next_dagrun for example_external_task_marker_parent to None, run_after=None
[2023-06-09T01:32:10.081+0000] {processor.py:179} INFO - Processing /home/airflow/.local/lib/python3.7/site-packages/airflow/example_dags/example_external_task_marker_dag.py took 0.102 seconds
[2023-06-09T01:32:40.917+0000] {processor.py:157} INFO - Started process (PID=849) to work on /home/airflow/.local/lib/python3.7/site-packages/airflow/example_dags/example_external_task_marker_dag.py
[2023-06-09T01:32:40.928+0000] {processor.py:826} INFO - Processing file /home/airflow/.local/lib/python3.7/site-packages/airflow/example_dags/example_external_task_marker_dag.py for tasks to queue
[2023-06-09T01:32:40.952+0000] {logging_mixin.py:149} INFO - [2023-06-09T01:32:40.952+0000] {dagbag.py:541} INFO - Filling up the DagBag from /home/airflow/.local/lib/python3.7/site-packages/airflow/example_dags/example_external_task_marker_dag.py
[2023-06-09T01:32:40.991+0000] {processor.py:836} INFO - DAG(s) dict_keys(['example_external_task_marker_parent', 'example_external_task_marker_child']) retrieved from /home/airflow/.local/lib/python3.7/site-packages/airflow/example_dags/example_external_task_marker_dag.py
[2023-06-09T01:32:41.136+0000] {logging_mixin.py:149} INFO - [2023-06-09T01:32:41.136+0000] {dag.py:2726} INFO - Sync 2 DAGs
[2023-06-09T01:32:41.251+0000] {logging_mixin.py:149} INFO - [2023-06-09T01:32:41.251+0000] {dag.py:3490} INFO - Setting next_dagrun for example_external_task_marker_child to None, run_after=None
[2023-06-09T01:32:41.291+0000] {logging_mixin.py:149} INFO - [2023-06-09T01:32:41.291+0000] {dag.py:3490} INFO - Setting next_dagrun for example_external_task_marker_parent to None, run_after=None
[2023-06-09T01:32:41.316+0000] {processor.py:179} INFO - Processing /home/airflow/.local/lib/python3.7/site-packages/airflow/example_dags/example_external_task_marker_dag.py took 0.440 seconds
[2023-06-09T01:33:11.490+0000] {processor.py:157} INFO - Started process (PID=905) to work on /home/airflow/.local/lib/python3.7/site-packages/airflow/example_dags/example_external_task_marker_dag.py
[2023-06-09T01:33:11.492+0000] {processor.py:826} INFO - Processing file /home/airflow/.local/lib/python3.7/site-packages/airflow/example_dags/example_external_task_marker_dag.py for tasks to queue
[2023-06-09T01:33:11.494+0000] {logging_mixin.py:149} INFO - [2023-06-09T01:33:11.493+0000] {dagbag.py:541} INFO - Filling up the DagBag from /home/airflow/.local/lib/python3.7/site-packages/airflow/example_dags/example_external_task_marker_dag.py
[2023-06-09T01:33:11.503+0000] {processor.py:836} INFO - DAG(s) dict_keys(['example_external_task_marker_parent', 'example_external_task_marker_child']) retrieved from /home/airflow/.local/lib/python3.7/site-packages/airflow/example_dags/example_external_task_marker_dag.py
[2023-06-09T01:33:11.533+0000] {logging_mixin.py:149} INFO - [2023-06-09T01:33:11.533+0000] {dag.py:2726} INFO - Sync 2 DAGs
[2023-06-09T01:33:11.551+0000] {logging_mixin.py:149} INFO - [2023-06-09T01:33:11.551+0000] {dag.py:3490} INFO - Setting next_dagrun for example_external_task_marker_child to None, run_after=None
[2023-06-09T01:33:11.554+0000] {logging_mixin.py:149} INFO - [2023-06-09T01:33:11.553+0000] {dag.py:3490} INFO - Setting next_dagrun for example_external_task_marker_parent to None, run_after=None
[2023-06-09T01:33:11.564+0000] {processor.py:179} INFO - Processing /home/airflow/.local/lib/python3.7/site-packages/airflow/example_dags/example_external_task_marker_dag.py took 0.081 seconds
[2023-06-09T01:33:41.637+0000] {processor.py:157} INFO - Started process (PID=961) to work on /home/airflow/.local/lib/python3.7/site-packages/airflow/example_dags/example_external_task_marker_dag.py
[2023-06-09T01:33:41.639+0000] {processor.py:826} INFO - Processing file /home/airflow/.local/lib/python3.7/site-packages/airflow/example_dags/example_external_task_marker_dag.py for tasks to queue
[2023-06-09T01:33:41.640+0000] {logging_mixin.py:149} INFO - [2023-06-09T01:33:41.640+0000] {dagbag.py:541} INFO - Filling up the DagBag from /home/airflow/.local/lib/python3.7/site-packages/airflow/example_dags/example_external_task_marker_dag.py
[2023-06-09T01:33:41.647+0000] {processor.py:836} INFO - DAG(s) dict_keys(['example_external_task_marker_child', 'example_external_task_marker_parent']) retrieved from /home/airflow/.local/lib/python3.7/site-packages/airflow/example_dags/example_external_task_marker_dag.py
[2023-06-09T01:33:41.674+0000] {logging_mixin.py:149} INFO - [2023-06-09T01:33:41.674+0000] {dag.py:2726} INFO - Sync 2 DAGs
[2023-06-09T01:33:41.690+0000] {logging_mixin.py:149} INFO - [2023-06-09T01:33:41.690+0000] {dag.py:3490} INFO - Setting next_dagrun for example_external_task_marker_child to None, run_after=None
[2023-06-09T01:33:41.693+0000] {logging_mixin.py:149} INFO - [2023-06-09T01:33:41.692+0000] {dag.py:3490} INFO - Setting next_dagrun for example_external_task_marker_parent to None, run_after=None
[2023-06-09T01:33:41.703+0000] {processor.py:179} INFO - Processing /home/airflow/.local/lib/python3.7/site-packages/airflow/example_dags/example_external_task_marker_dag.py took 0.071 seconds
[2023-06-09T01:34:12.026+0000] {processor.py:157} INFO - Started process (PID=1017) to work on /home/airflow/.local/lib/python3.7/site-packages/airflow/example_dags/example_external_task_marker_dag.py
[2023-06-09T01:34:12.028+0000] {processor.py:826} INFO - Processing file /home/airflow/.local/lib/python3.7/site-packages/airflow/example_dags/example_external_task_marker_dag.py for tasks to queue
[2023-06-09T01:34:12.030+0000] {logging_mixin.py:149} INFO - [2023-06-09T01:34:12.030+0000] {dagbag.py:541} INFO - Filling up the DagBag from /home/airflow/.local/lib/python3.7/site-packages/airflow/example_dags/example_external_task_marker_dag.py
[2023-06-09T01:34:12.037+0000] {processor.py:836} INFO - DAG(s) dict_keys(['example_external_task_marker_parent', 'example_external_task_marker_child']) retrieved from /home/airflow/.local/lib/python3.7/site-packages/airflow/example_dags/example_external_task_marker_dag.py
[2023-06-09T01:34:12.071+0000] {logging_mixin.py:149} INFO - [2023-06-09T01:34:12.071+0000] {dag.py:2726} INFO - Sync 2 DAGs
[2023-06-09T01:34:12.090+0000] {logging_mixin.py:149} INFO - [2023-06-09T01:34:12.090+0000] {dag.py:3490} INFO - Setting next_dagrun for example_external_task_marker_child to None, run_after=None
[2023-06-09T01:34:12.093+0000] {logging_mixin.py:149} INFO - [2023-06-09T01:34:12.093+0000] {dag.py:3490} INFO - Setting next_dagrun for example_external_task_marker_parent to None, run_after=None
[2023-06-09T01:34:12.107+0000] {processor.py:179} INFO - Processing /home/airflow/.local/lib/python3.7/site-packages/airflow/example_dags/example_external_task_marker_dag.py took 0.086 seconds
[2023-06-09T01:34:42.560+0000] {processor.py:157} INFO - Started process (PID=1073) to work on /home/airflow/.local/lib/python3.7/site-packages/airflow/example_dags/example_external_task_marker_dag.py
[2023-06-09T01:34:42.563+0000] {processor.py:826} INFO - Processing file /home/airflow/.local/lib/python3.7/site-packages/airflow/example_dags/example_external_task_marker_dag.py for tasks to queue
[2023-06-09T01:34:42.565+0000] {logging_mixin.py:149} INFO - [2023-06-09T01:34:42.565+0000] {dagbag.py:541} INFO - Filling up the DagBag from /home/airflow/.local/lib/python3.7/site-packages/airflow/example_dags/example_external_task_marker_dag.py
[2023-06-09T01:34:42.573+0000] {processor.py:836} INFO - DAG(s) dict_keys(['example_external_task_marker_parent', 'example_external_task_marker_child']) retrieved from /home/airflow/.local/lib/python3.7/site-packages/airflow/example_dags/example_external_task_marker_dag.py
[2023-06-09T01:34:42.604+0000] {logging_mixin.py:149} INFO - [2023-06-09T01:34:42.604+0000] {dag.py:2726} INFO - Sync 2 DAGs
[2023-06-09T01:34:42.620+0000] {logging_mixin.py:149} INFO - [2023-06-09T01:34:42.620+0000] {dag.py:3490} INFO - Setting next_dagrun for example_external_task_marker_child to None, run_after=None
[2023-06-09T01:34:42.623+0000] {logging_mixin.py:149} INFO - [2023-06-09T01:34:42.623+0000] {dag.py:3490} INFO - Setting next_dagrun for example_external_task_marker_parent to None, run_after=None
[2023-06-09T01:34:42.635+0000] {processor.py:179} INFO - Processing /home/airflow/.local/lib/python3.7/site-packages/airflow/example_dags/example_external_task_marker_dag.py took 0.082 seconds
[2023-06-09T01:35:13.023+0000] {processor.py:157} INFO - Started process (PID=1129) to work on /home/airflow/.local/lib/python3.7/site-packages/airflow/example_dags/example_external_task_marker_dag.py
[2023-06-09T01:35:13.024+0000] {processor.py:826} INFO - Processing file /home/airflow/.local/lib/python3.7/site-packages/airflow/example_dags/example_external_task_marker_dag.py for tasks to queue
[2023-06-09T01:35:13.026+0000] {logging_mixin.py:149} INFO - [2023-06-09T01:35:13.026+0000] {dagbag.py:541} INFO - Filling up the DagBag from /home/airflow/.local/lib/python3.7/site-packages/airflow/example_dags/example_external_task_marker_dag.py
[2023-06-09T01:35:13.032+0000] {processor.py:836} INFO - DAG(s) dict_keys(['example_external_task_marker_parent', 'example_external_task_marker_child']) retrieved from /home/airflow/.local/lib/python3.7/site-packages/airflow/example_dags/example_external_task_marker_dag.py
[2023-06-09T01:35:13.058+0000] {logging_mixin.py:149} INFO - [2023-06-09T01:35:13.058+0000] {dag.py:2726} INFO - Sync 2 DAGs
[2023-06-09T01:35:13.075+0000] {logging_mixin.py:149} INFO - [2023-06-09T01:35:13.075+0000] {dag.py:3490} INFO - Setting next_dagrun for example_external_task_marker_child to None, run_after=None
[2023-06-09T01:35:13.078+0000] {logging_mixin.py:149} INFO - [2023-06-09T01:35:13.078+0000] {dag.py:3490} INFO - Setting next_dagrun for example_external_task_marker_parent to None, run_after=None
[2023-06-09T01:35:13.089+0000] {processor.py:179} INFO - Processing /home/airflow/.local/lib/python3.7/site-packages/airflow/example_dags/example_external_task_marker_dag.py took 0.069 seconds
[2023-06-09T01:35:44.089+0000] {processor.py:157} INFO - Started process (PID=1185) to work on /home/airflow/.local/lib/python3.7/site-packages/airflow/example_dags/example_external_task_marker_dag.py
[2023-06-09T01:35:44.091+0000] {processor.py:826} INFO - Processing file /home/airflow/.local/lib/python3.7/site-packages/airflow/example_dags/example_external_task_marker_dag.py for tasks to queue
[2023-06-09T01:35:44.092+0000] {logging_mixin.py:149} INFO - [2023-06-09T01:35:44.092+0000] {dagbag.py:541} INFO - Filling up the DagBag from /home/airflow/.local/lib/python3.7/site-packages/airflow/example_dags/example_external_task_marker_dag.py
[2023-06-09T01:35:44.097+0000] {processor.py:836} INFO - DAG(s) dict_keys(['example_external_task_marker_child', 'example_external_task_marker_parent']) retrieved from /home/airflow/.local/lib/python3.7/site-packages/airflow/example_dags/example_external_task_marker_dag.py
[2023-06-09T01:35:44.123+0000] {logging_mixin.py:149} INFO - [2023-06-09T01:35:44.122+0000] {dag.py:2726} INFO - Sync 2 DAGs
[2023-06-09T01:35:44.146+0000] {logging_mixin.py:149} INFO - [2023-06-09T01:35:44.146+0000] {dag.py:3490} INFO - Setting next_dagrun for example_external_task_marker_child to None, run_after=None
[2023-06-09T01:35:44.150+0000] {logging_mixin.py:149} INFO - [2023-06-09T01:35:44.150+0000] {dag.py:3490} INFO - Setting next_dagrun for example_external_task_marker_parent to None, run_after=None
[2023-06-09T01:35:44.163+0000] {processor.py:179} INFO - Processing /home/airflow/.local/lib/python3.7/site-packages/airflow/example_dags/example_external_task_marker_dag.py took 0.076 seconds
[2023-06-09T01:36:14.209+0000] {processor.py:157} INFO - Started process (PID=1240) to work on /home/airflow/.local/lib/python3.7/site-packages/airflow/example_dags/example_external_task_marker_dag.py
[2023-06-09T01:36:14.212+0000] {processor.py:826} INFO - Processing file /home/airflow/.local/lib/python3.7/site-packages/airflow/example_dags/example_external_task_marker_dag.py for tasks to queue
[2023-06-09T01:36:14.213+0000] {logging_mixin.py:149} INFO - [2023-06-09T01:36:14.213+0000] {dagbag.py:541} INFO - Filling up the DagBag from /home/airflow/.local/lib/python3.7/site-packages/airflow/example_dags/example_external_task_marker_dag.py
[2023-06-09T01:36:14.223+0000] {processor.py:836} INFO - DAG(s) dict_keys(['example_external_task_marker_child', 'example_external_task_marker_parent']) retrieved from /home/airflow/.local/lib/python3.7/site-packages/airflow/example_dags/example_external_task_marker_dag.py
[2023-06-09T01:36:14.254+0000] {logging_mixin.py:149} INFO - [2023-06-09T01:36:14.254+0000] {dag.py:2726} INFO - Sync 2 DAGs
[2023-06-09T01:36:14.272+0000] {logging_mixin.py:149} INFO - [2023-06-09T01:36:14.272+0000] {dag.py:3490} INFO - Setting next_dagrun for example_external_task_marker_child to None, run_after=None
[2023-06-09T01:36:14.278+0000] {logging_mixin.py:149} INFO - [2023-06-09T01:36:14.278+0000] {dag.py:3490} INFO - Setting next_dagrun for example_external_task_marker_parent to None, run_after=None
[2023-06-09T01:36:14.291+0000] {processor.py:179} INFO - Processing /home/airflow/.local/lib/python3.7/site-packages/airflow/example_dags/example_external_task_marker_dag.py took 0.089 seconds
[2023-06-09T01:36:44.552+0000] {processor.py:157} INFO - Started process (PID=1296) to work on /home/airflow/.local/lib/python3.7/site-packages/airflow/example_dags/example_external_task_marker_dag.py
[2023-06-09T01:36:44.554+0000] {processor.py:826} INFO - Processing file /home/airflow/.local/lib/python3.7/site-packages/airflow/example_dags/example_external_task_marker_dag.py for tasks to queue
[2023-06-09T01:36:44.556+0000] {logging_mixin.py:149} INFO - [2023-06-09T01:36:44.556+0000] {dagbag.py:541} INFO - Filling up the DagBag from /home/airflow/.local/lib/python3.7/site-packages/airflow/example_dags/example_external_task_marker_dag.py
[2023-06-09T01:36:44.567+0000] {processor.py:836} INFO - DAG(s) dict_keys(['example_external_task_marker_parent', 'example_external_task_marker_child']) retrieved from /home/airflow/.local/lib/python3.7/site-packages/airflow/example_dags/example_external_task_marker_dag.py
[2023-06-09T01:36:44.603+0000] {logging_mixin.py:149} INFO - [2023-06-09T01:36:44.603+0000] {dag.py:2726} INFO - Sync 2 DAGs
[2023-06-09T01:36:44.621+0000] {logging_mixin.py:149} INFO - [2023-06-09T01:36:44.621+0000] {dag.py:3490} INFO - Setting next_dagrun for example_external_task_marker_child to None, run_after=None
[2023-06-09T01:36:44.624+0000] {logging_mixin.py:149} INFO - [2023-06-09T01:36:44.624+0000] {dag.py:3490} INFO - Setting next_dagrun for example_external_task_marker_parent to None, run_after=None
[2023-06-09T01:36:44.641+0000] {processor.py:179} INFO - Processing /home/airflow/.local/lib/python3.7/site-packages/airflow/example_dags/example_external_task_marker_dag.py took 0.095 seconds
[2023-06-09T01:37:15.649+0000] {processor.py:157} INFO - Started process (PID=1353) to work on /home/airflow/.local/lib/python3.7/site-packages/airflow/example_dags/example_external_task_marker_dag.py
[2023-06-09T01:37:15.651+0000] {processor.py:826} INFO - Processing file /home/airflow/.local/lib/python3.7/site-packages/airflow/example_dags/example_external_task_marker_dag.py for tasks to queue
[2023-06-09T01:37:15.652+0000] {logging_mixin.py:149} INFO - [2023-06-09T01:37:15.652+0000] {dagbag.py:541} INFO - Filling up the DagBag from /home/airflow/.local/lib/python3.7/site-packages/airflow/example_dags/example_external_task_marker_dag.py
[2023-06-09T01:37:15.657+0000] {processor.py:836} INFO - DAG(s) dict_keys(['example_external_task_marker_child', 'example_external_task_marker_parent']) retrieved from /home/airflow/.local/lib/python3.7/site-packages/airflow/example_dags/example_external_task_marker_dag.py
[2023-06-09T01:37:15.683+0000] {logging_mixin.py:149} INFO - [2023-06-09T01:37:15.683+0000] {dag.py:2726} INFO - Sync 2 DAGs
[2023-06-09T01:37:15.701+0000] {logging_mixin.py:149} INFO - [2023-06-09T01:37:15.701+0000] {dag.py:3490} INFO - Setting next_dagrun for example_external_task_marker_child to None, run_after=None
[2023-06-09T01:37:15.704+0000] {logging_mixin.py:149} INFO - [2023-06-09T01:37:15.704+0000] {dag.py:3490} INFO - Setting next_dagrun for example_external_task_marker_parent to None, run_after=None
[2023-06-09T01:37:15.715+0000] {processor.py:179} INFO - Processing /home/airflow/.local/lib/python3.7/site-packages/airflow/example_dags/example_external_task_marker_dag.py took 0.070 seconds
[2023-06-09T01:37:46.008+0000] {processor.py:157} INFO - Started process (PID=1409) to work on /home/airflow/.local/lib/python3.7/site-packages/airflow/example_dags/example_external_task_marker_dag.py
[2023-06-09T01:37:46.011+0000] {processor.py:826} INFO - Processing file /home/airflow/.local/lib/python3.7/site-packages/airflow/example_dags/example_external_task_marker_dag.py for tasks to queue
[2023-06-09T01:37:46.013+0000] {logging_mixin.py:149} INFO - [2023-06-09T01:37:46.013+0000] {dagbag.py:541} INFO - Filling up the DagBag from /home/airflow/.local/lib/python3.7/site-packages/airflow/example_dags/example_external_task_marker_dag.py
[2023-06-09T01:37:46.019+0000] {processor.py:836} INFO - DAG(s) dict_keys(['example_external_task_marker_parent', 'example_external_task_marker_child']) retrieved from /home/airflow/.local/lib/python3.7/site-packages/airflow/example_dags/example_external_task_marker_dag.py
[2023-06-09T01:37:46.047+0000] {logging_mixin.py:149} INFO - [2023-06-09T01:37:46.047+0000] {dag.py:2726} INFO - Sync 2 DAGs
[2023-06-09T01:37:46.070+0000] {logging_mixin.py:149} INFO - [2023-06-09T01:37:46.070+0000] {dag.py:3490} INFO - Setting next_dagrun for example_external_task_marker_child to None, run_after=None
[2023-06-09T01:37:46.073+0000] {logging_mixin.py:149} INFO - [2023-06-09T01:37:46.073+0000] {dag.py:3490} INFO - Setting next_dagrun for example_external_task_marker_parent to None, run_after=None
[2023-06-09T01:37:46.085+0000] {processor.py:179} INFO - Processing /home/airflow/.local/lib/python3.7/site-packages/airflow/example_dags/example_external_task_marker_dag.py took 0.080 seconds
[2023-06-09T01:38:16.470+0000] {processor.py:157} INFO - Started process (PID=1464) to work on /home/airflow/.local/lib/python3.7/site-packages/airflow/example_dags/example_external_task_marker_dag.py
[2023-06-09T01:38:16.471+0000] {processor.py:826} INFO - Processing file /home/airflow/.local/lib/python3.7/site-packages/airflow/example_dags/example_external_task_marker_dag.py for tasks to queue
[2023-06-09T01:38:16.472+0000] {logging_mixin.py:149} INFO - [2023-06-09T01:38:16.472+0000] {dagbag.py:541} INFO - Filling up the DagBag from /home/airflow/.local/lib/python3.7/site-packages/airflow/example_dags/example_external_task_marker_dag.py
[2023-06-09T01:38:16.478+0000] {processor.py:836} INFO - DAG(s) dict_keys(['example_external_task_marker_child', 'example_external_task_marker_parent']) retrieved from /home/airflow/.local/lib/python3.7/site-packages/airflow/example_dags/example_external_task_marker_dag.py
[2023-06-09T01:38:16.511+0000] {logging_mixin.py:149} INFO - [2023-06-09T01:38:16.511+0000] {dag.py:2726} INFO - Sync 2 DAGs
[2023-06-09T01:38:16.533+0000] {logging_mixin.py:149} INFO - [2023-06-09T01:38:16.533+0000] {dag.py:3490} INFO - Setting next_dagrun for example_external_task_marker_child to None, run_after=None
[2023-06-09T01:38:16.537+0000] {logging_mixin.py:149} INFO - [2023-06-09T01:38:16.537+0000] {dag.py:3490} INFO - Setting next_dagrun for example_external_task_marker_parent to None, run_after=None
[2023-06-09T01:38:16.566+0000] {processor.py:179} INFO - Processing /home/airflow/.local/lib/python3.7/site-packages/airflow/example_dags/example_external_task_marker_dag.py took 0.099 seconds
[2023-06-09T01:38:46.649+0000] {processor.py:157} INFO - Started process (PID=1519) to work on /home/airflow/.local/lib/python3.7/site-packages/airflow/example_dags/example_external_task_marker_dag.py
[2023-06-09T01:38:46.650+0000] {processor.py:826} INFO - Processing file /home/airflow/.local/lib/python3.7/site-packages/airflow/example_dags/example_external_task_marker_dag.py for tasks to queue
[2023-06-09T01:38:46.651+0000] {logging_mixin.py:149} INFO - [2023-06-09T01:38:46.651+0000] {dagbag.py:541} INFO - Filling up the DagBag from /home/airflow/.local/lib/python3.7/site-packages/airflow/example_dags/example_external_task_marker_dag.py
[2023-06-09T01:38:46.655+0000] {processor.py:836} INFO - DAG(s) dict_keys(['example_external_task_marker_parent', 'example_external_task_marker_child']) retrieved from /home/airflow/.local/lib/python3.7/site-packages/airflow/example_dags/example_external_task_marker_dag.py
[2023-06-09T01:38:46.676+0000] {logging_mixin.py:149} INFO - [2023-06-09T01:38:46.676+0000] {dag.py:2726} INFO - Sync 2 DAGs
[2023-06-09T01:38:46.692+0000] {logging_mixin.py:149} INFO - [2023-06-09T01:38:46.692+0000] {dag.py:3490} INFO - Setting next_dagrun for example_external_task_marker_child to None, run_after=None
[2023-06-09T01:38:46.695+0000] {logging_mixin.py:149} INFO - [2023-06-09T01:38:46.695+0000] {dag.py:3490} INFO - Setting next_dagrun for example_external_task_marker_parent to None, run_after=None
[2023-06-09T01:38:46.705+0000] {processor.py:179} INFO - Processing /home/airflow/.local/lib/python3.7/site-packages/airflow/example_dags/example_external_task_marker_dag.py took 0.059 seconds
[2023-06-09T01:39:16.743+0000] {processor.py:157} INFO - Started process (PID=1575) to work on /home/airflow/.local/lib/python3.7/site-packages/airflow/example_dags/example_external_task_marker_dag.py
[2023-06-09T01:39:16.745+0000] {processor.py:826} INFO - Processing file /home/airflow/.local/lib/python3.7/site-packages/airflow/example_dags/example_external_task_marker_dag.py for tasks to queue
[2023-06-09T01:39:16.746+0000] {logging_mixin.py:149} INFO - [2023-06-09T01:39:16.746+0000] {dagbag.py:541} INFO - Filling up the DagBag from /home/airflow/.local/lib/python3.7/site-packages/airflow/example_dags/example_external_task_marker_dag.py
[2023-06-09T01:39:16.753+0000] {processor.py:836} INFO - DAG(s) dict_keys(['example_external_task_marker_parent', 'example_external_task_marker_child']) retrieved from /home/airflow/.local/lib/python3.7/site-packages/airflow/example_dags/example_external_task_marker_dag.py
[2023-06-09T01:39:16.779+0000] {logging_mixin.py:149} INFO - [2023-06-09T01:39:16.779+0000] {dag.py:2726} INFO - Sync 2 DAGs
[2023-06-09T01:39:16.797+0000] {logging_mixin.py:149} INFO - [2023-06-09T01:39:16.797+0000] {dag.py:3490} INFO - Setting next_dagrun for example_external_task_marker_child to None, run_after=None
[2023-06-09T01:39:16.803+0000] {logging_mixin.py:149} INFO - [2023-06-09T01:39:16.803+0000] {dag.py:3490} INFO - Setting next_dagrun for example_external_task_marker_parent to None, run_after=None
[2023-06-09T01:39:16.813+0000] {processor.py:179} INFO - Processing /home/airflow/.local/lib/python3.7/site-packages/airflow/example_dags/example_external_task_marker_dag.py took 0.075 seconds
[2023-06-09T01:39:47.042+0000] {processor.py:157} INFO - Started process (PID=1631) to work on /home/airflow/.local/lib/python3.7/site-packages/airflow/example_dags/example_external_task_marker_dag.py
[2023-06-09T01:39:47.044+0000] {processor.py:826} INFO - Processing file /home/airflow/.local/lib/python3.7/site-packages/airflow/example_dags/example_external_task_marker_dag.py for tasks to queue
[2023-06-09T01:39:47.045+0000] {logging_mixin.py:149} INFO - [2023-06-09T01:39:47.045+0000] {dagbag.py:541} INFO - Filling up the DagBag from /home/airflow/.local/lib/python3.7/site-packages/airflow/example_dags/example_external_task_marker_dag.py
[2023-06-09T01:39:47.052+0000] {processor.py:836} INFO - DAG(s) dict_keys(['example_external_task_marker_parent', 'example_external_task_marker_child']) retrieved from /home/airflow/.local/lib/python3.7/site-packages/airflow/example_dags/example_external_task_marker_dag.py
[2023-06-09T01:39:47.079+0000] {logging_mixin.py:149} INFO - [2023-06-09T01:39:47.079+0000] {dag.py:2726} INFO - Sync 2 DAGs
[2023-06-09T01:39:47.095+0000] {logging_mixin.py:149} INFO - [2023-06-09T01:39:47.095+0000] {dag.py:3490} INFO - Setting next_dagrun for example_external_task_marker_child to None, run_after=None
[2023-06-09T01:39:47.097+0000] {logging_mixin.py:149} INFO - [2023-06-09T01:39:47.097+0000] {dag.py:3490} INFO - Setting next_dagrun for example_external_task_marker_parent to None, run_after=None
[2023-06-09T01:39:47.107+0000] {processor.py:179} INFO - Processing /home/airflow/.local/lib/python3.7/site-packages/airflow/example_dags/example_external_task_marker_dag.py took 0.070 seconds
[2023-06-09T01:40:17.376+0000] {processor.py:157} INFO - Started process (PID=1688) to work on /home/airflow/.local/lib/python3.7/site-packages/airflow/example_dags/example_external_task_marker_dag.py
[2023-06-09T01:40:17.378+0000] {processor.py:826} INFO - Processing file /home/airflow/.local/lib/python3.7/site-packages/airflow/example_dags/example_external_task_marker_dag.py for tasks to queue
[2023-06-09T01:40:17.380+0000] {logging_mixin.py:149} INFO - [2023-06-09T01:40:17.380+0000] {dagbag.py:541} INFO - Filling up the DagBag from /home/airflow/.local/lib/python3.7/site-packages/airflow/example_dags/example_external_task_marker_dag.py
[2023-06-09T01:40:17.393+0000] {processor.py:836} INFO - DAG(s) dict_keys(['example_external_task_marker_child', 'example_external_task_marker_parent']) retrieved from /home/airflow/.local/lib/python3.7/site-packages/airflow/example_dags/example_external_task_marker_dag.py
[2023-06-09T01:40:17.455+0000] {logging_mixin.py:149} INFO - [2023-06-09T01:40:17.455+0000] {dag.py:2726} INFO - Sync 2 DAGs
[2023-06-09T01:40:17.479+0000] {logging_mixin.py:149} INFO - [2023-06-09T01:40:17.479+0000] {dag.py:3490} INFO - Setting next_dagrun for example_external_task_marker_child to None, run_after=None
[2023-06-09T01:40:17.483+0000] {logging_mixin.py:149} INFO - [2023-06-09T01:40:17.482+0000] {dag.py:3490} INFO - Setting next_dagrun for example_external_task_marker_parent to None, run_after=None
[2023-06-09T01:40:17.495+0000] {processor.py:179} INFO - Processing /home/airflow/.local/lib/python3.7/site-packages/airflow/example_dags/example_external_task_marker_dag.py took 0.139 seconds
[2023-06-09T01:40:48.006+0000] {processor.py:157} INFO - Started process (PID=1744) to work on /home/airflow/.local/lib/python3.7/site-packages/airflow/example_dags/example_external_task_marker_dag.py
[2023-06-09T01:40:48.008+0000] {processor.py:826} INFO - Processing file /home/airflow/.local/lib/python3.7/site-packages/airflow/example_dags/example_external_task_marker_dag.py for tasks to queue
[2023-06-09T01:40:48.011+0000] {logging_mixin.py:149} INFO - [2023-06-09T01:40:48.011+0000] {dagbag.py:541} INFO - Filling up the DagBag from /home/airflow/.local/lib/python3.7/site-packages/airflow/example_dags/example_external_task_marker_dag.py
[2023-06-09T01:40:48.023+0000] {processor.py:836} INFO - DAG(s) dict_keys(['example_external_task_marker_parent', 'example_external_task_marker_child']) retrieved from /home/airflow/.local/lib/python3.7/site-packages/airflow/example_dags/example_external_task_marker_dag.py
[2023-06-09T01:40:48.088+0000] {logging_mixin.py:149} INFO - [2023-06-09T01:40:48.088+0000] {dag.py:2726} INFO - Sync 2 DAGs
[2023-06-09T01:40:48.114+0000] {logging_mixin.py:149} INFO - [2023-06-09T01:40:48.114+0000] {dag.py:3490} INFO - Setting next_dagrun for example_external_task_marker_child to None, run_after=None
[2023-06-09T01:40:48.120+0000] {logging_mixin.py:149} INFO - [2023-06-09T01:40:48.120+0000] {dag.py:3490} INFO - Setting next_dagrun for example_external_task_marker_parent to None, run_after=None
[2023-06-09T01:40:48.136+0000] {processor.py:179} INFO - Processing /home/airflow/.local/lib/python3.7/site-packages/airflow/example_dags/example_external_task_marker_dag.py took 0.137 seconds
[2023-06-09T01:41:19.175+0000] {processor.py:157} INFO - Started process (PID=1800) to work on /home/airflow/.local/lib/python3.7/site-packages/airflow/example_dags/example_external_task_marker_dag.py
[2023-06-09T01:41:19.178+0000] {processor.py:826} INFO - Processing file /home/airflow/.local/lib/python3.7/site-packages/airflow/example_dags/example_external_task_marker_dag.py for tasks to queue
[2023-06-09T01:41:19.179+0000] {logging_mixin.py:149} INFO - [2023-06-09T01:41:19.179+0000] {dagbag.py:541} INFO - Filling up the DagBag from /home/airflow/.local/lib/python3.7/site-packages/airflow/example_dags/example_external_task_marker_dag.py
[2023-06-09T01:41:19.189+0000] {processor.py:836} INFO - DAG(s) dict_keys(['example_external_task_marker_child', 'example_external_task_marker_parent']) retrieved from /home/airflow/.local/lib/python3.7/site-packages/airflow/example_dags/example_external_task_marker_dag.py
[2023-06-09T01:41:19.218+0000] {logging_mixin.py:149} INFO - [2023-06-09T01:41:19.218+0000] {dag.py:2726} INFO - Sync 2 DAGs
[2023-06-09T01:41:19.234+0000] {logging_mixin.py:149} INFO - [2023-06-09T01:41:19.234+0000] {dag.py:3490} INFO - Setting next_dagrun for example_external_task_marker_child to None, run_after=None
[2023-06-09T01:41:19.237+0000] {logging_mixin.py:149} INFO - [2023-06-09T01:41:19.237+0000] {dag.py:3490} INFO - Setting next_dagrun for example_external_task_marker_parent to None, run_after=None
[2023-06-09T01:41:19.265+0000] {processor.py:179} INFO - Processing /home/airflow/.local/lib/python3.7/site-packages/airflow/example_dags/example_external_task_marker_dag.py took 0.095 seconds
[2023-06-09T01:41:49.907+0000] {processor.py:157} INFO - Started process (PID=1857) to work on /home/airflow/.local/lib/python3.7/site-packages/airflow/example_dags/example_external_task_marker_dag.py
[2023-06-09T01:41:49.909+0000] {processor.py:826} INFO - Processing file /home/airflow/.local/lib/python3.7/site-packages/airflow/example_dags/example_external_task_marker_dag.py for tasks to queue
[2023-06-09T01:41:49.911+0000] {logging_mixin.py:149} INFO - [2023-06-09T01:41:49.910+0000] {dagbag.py:541} INFO - Filling up the DagBag from /home/airflow/.local/lib/python3.7/site-packages/airflow/example_dags/example_external_task_marker_dag.py
[2023-06-09T01:41:49.918+0000] {processor.py:836} INFO - DAG(s) dict_keys(['example_external_task_marker_child', 'example_external_task_marker_parent']) retrieved from /home/airflow/.local/lib/python3.7/site-packages/airflow/example_dags/example_external_task_marker_dag.py
[2023-06-09T01:41:49.945+0000] {logging_mixin.py:149} INFO - [2023-06-09T01:41:49.945+0000] {dag.py:2726} INFO - Sync 2 DAGs
[2023-06-09T01:41:49.963+0000] {logging_mixin.py:149} INFO - [2023-06-09T01:41:49.963+0000] {dag.py:3490} INFO - Setting next_dagrun for example_external_task_marker_child to None, run_after=None
[2023-06-09T01:41:49.966+0000] {logging_mixin.py:149} INFO - [2023-06-09T01:41:49.966+0000] {dag.py:3490} INFO - Setting next_dagrun for example_external_task_marker_parent to None, run_after=None
[2023-06-09T01:41:49.977+0000] {processor.py:179} INFO - Processing /home/airflow/.local/lib/python3.7/site-packages/airflow/example_dags/example_external_task_marker_dag.py took 0.075 seconds
[2023-06-09T01:42:20.429+0000] {processor.py:157} INFO - Started process (PID=1913) to work on /home/airflow/.local/lib/python3.7/site-packages/airflow/example_dags/example_external_task_marker_dag.py
[2023-06-09T01:42:20.432+0000] {processor.py:826} INFO - Processing file /home/airflow/.local/lib/python3.7/site-packages/airflow/example_dags/example_external_task_marker_dag.py for tasks to queue
[2023-06-09T01:42:20.433+0000] {logging_mixin.py:149} INFO - [2023-06-09T01:42:20.433+0000] {dagbag.py:541} INFO - Filling up the DagBag from /home/airflow/.local/lib/python3.7/site-packages/airflow/example_dags/example_external_task_marker_dag.py
[2023-06-09T01:42:20.441+0000] {processor.py:836} INFO - DAG(s) dict_keys(['example_external_task_marker_child', 'example_external_task_marker_parent']) retrieved from /home/airflow/.local/lib/python3.7/site-packages/airflow/example_dags/example_external_task_marker_dag.py
[2023-06-09T01:42:20.470+0000] {logging_mixin.py:149} INFO - [2023-06-09T01:42:20.470+0000] {dag.py:2726} INFO - Sync 2 DAGs
[2023-06-09T01:42:20.486+0000] {logging_mixin.py:149} INFO - [2023-06-09T01:42:20.486+0000] {dag.py:3490} INFO - Setting next_dagrun for example_external_task_marker_child to None, run_after=None
[2023-06-09T01:42:20.489+0000] {logging_mixin.py:149} INFO - [2023-06-09T01:42:20.489+0000] {dag.py:3490} INFO - Setting next_dagrun for example_external_task_marker_parent to None, run_after=None
[2023-06-09T01:42:20.504+0000] {processor.py:179} INFO - Processing /home/airflow/.local/lib/python3.7/site-packages/airflow/example_dags/example_external_task_marker_dag.py took 0.080 seconds
[2023-06-09T01:42:51.097+0000] {processor.py:157} INFO - Started process (PID=1975) to work on /home/airflow/.local/lib/python3.7/site-packages/airflow/example_dags/example_external_task_marker_dag.py
[2023-06-09T01:42:51.099+0000] {processor.py:826} INFO - Processing file /home/airflow/.local/lib/python3.7/site-packages/airflow/example_dags/example_external_task_marker_dag.py for tasks to queue
[2023-06-09T01:42:51.100+0000] {logging_mixin.py:149} INFO - [2023-06-09T01:42:51.100+0000] {dagbag.py:541} INFO - Filling up the DagBag from /home/airflow/.local/lib/python3.7/site-packages/airflow/example_dags/example_external_task_marker_dag.py
[2023-06-09T01:42:51.108+0000] {processor.py:836} INFO - DAG(s) dict_keys(['example_external_task_marker_parent', 'example_external_task_marker_child']) retrieved from /home/airflow/.local/lib/python3.7/site-packages/airflow/example_dags/example_external_task_marker_dag.py
[2023-06-09T01:42:51.148+0000] {logging_mixin.py:149} INFO - [2023-06-09T01:42:51.147+0000] {dag.py:2726} INFO - Sync 2 DAGs
[2023-06-09T01:42:51.167+0000] {logging_mixin.py:149} INFO - [2023-06-09T01:42:51.167+0000] {dag.py:3490} INFO - Setting next_dagrun for example_external_task_marker_child to None, run_after=None
[2023-06-09T01:42:51.171+0000] {logging_mixin.py:149} INFO - [2023-06-09T01:42:51.170+0000] {dag.py:3490} INFO - Setting next_dagrun for example_external_task_marker_parent to None, run_after=None
[2023-06-09T01:42:51.182+0000] {processor.py:179} INFO - Processing /home/airflow/.local/lib/python3.7/site-packages/airflow/example_dags/example_external_task_marker_dag.py took 0.088 seconds
[2023-06-09T01:43:21.465+0000] {processor.py:157} INFO - Started process (PID=2031) to work on /home/airflow/.local/lib/python3.7/site-packages/airflow/example_dags/example_external_task_marker_dag.py
[2023-06-09T01:43:21.467+0000] {processor.py:826} INFO - Processing file /home/airflow/.local/lib/python3.7/site-packages/airflow/example_dags/example_external_task_marker_dag.py for tasks to queue
[2023-06-09T01:43:21.468+0000] {logging_mixin.py:149} INFO - [2023-06-09T01:43:21.468+0000] {dagbag.py:541} INFO - Filling up the DagBag from /home/airflow/.local/lib/python3.7/site-packages/airflow/example_dags/example_external_task_marker_dag.py
[2023-06-09T01:43:21.478+0000] {processor.py:836} INFO - DAG(s) dict_keys(['example_external_task_marker_parent', 'example_external_task_marker_child']) retrieved from /home/airflow/.local/lib/python3.7/site-packages/airflow/example_dags/example_external_task_marker_dag.py
[2023-06-09T01:43:21.533+0000] {logging_mixin.py:149} INFO - [2023-06-09T01:43:21.533+0000] {dag.py:2726} INFO - Sync 2 DAGs
[2023-06-09T01:43:21.550+0000] {logging_mixin.py:149} INFO - [2023-06-09T01:43:21.550+0000] {dag.py:3490} INFO - Setting next_dagrun for example_external_task_marker_child to None, run_after=None
[2023-06-09T01:43:21.554+0000] {logging_mixin.py:149} INFO - [2023-06-09T01:43:21.554+0000] {dag.py:3490} INFO - Setting next_dagrun for example_external_task_marker_parent to None, run_after=None
[2023-06-09T01:43:21.565+0000] {processor.py:179} INFO - Processing /home/airflow/.local/lib/python3.7/site-packages/airflow/example_dags/example_external_task_marker_dag.py took 0.104 seconds
[2023-06-09T01:43:51.672+0000] {processor.py:157} INFO - Started process (PID=2087) to work on /home/airflow/.local/lib/python3.7/site-packages/airflow/example_dags/example_external_task_marker_dag.py
[2023-06-09T01:43:51.674+0000] {processor.py:826} INFO - Processing file /home/airflow/.local/lib/python3.7/site-packages/airflow/example_dags/example_external_task_marker_dag.py for tasks to queue
[2023-06-09T01:43:51.675+0000] {logging_mixin.py:149} INFO - [2023-06-09T01:43:51.675+0000] {dagbag.py:541} INFO - Filling up the DagBag from /home/airflow/.local/lib/python3.7/site-packages/airflow/example_dags/example_external_task_marker_dag.py
[2023-06-09T01:43:51.683+0000] {processor.py:836} INFO - DAG(s) dict_keys(['example_external_task_marker_parent', 'example_external_task_marker_child']) retrieved from /home/airflow/.local/lib/python3.7/site-packages/airflow/example_dags/example_external_task_marker_dag.py
[2023-06-09T01:43:51.712+0000] {logging_mixin.py:149} INFO - [2023-06-09T01:43:51.712+0000] {dag.py:2726} INFO - Sync 2 DAGs
[2023-06-09T01:43:51.729+0000] {logging_mixin.py:149} INFO - [2023-06-09T01:43:51.729+0000] {dag.py:3490} INFO - Setting next_dagrun for example_external_task_marker_child to None, run_after=None
[2023-06-09T01:43:51.732+0000] {logging_mixin.py:149} INFO - [2023-06-09T01:43:51.732+0000] {dag.py:3490} INFO - Setting next_dagrun for example_external_task_marker_parent to None, run_after=None
[2023-06-09T01:43:51.743+0000] {processor.py:179} INFO - Processing /home/airflow/.local/lib/python3.7/site-packages/airflow/example_dags/example_external_task_marker_dag.py took 0.077 seconds
[2023-06-09T01:44:21.926+0000] {processor.py:157} INFO - Started process (PID=2144) to work on /home/airflow/.local/lib/python3.7/site-packages/airflow/example_dags/example_external_task_marker_dag.py
[2023-06-09T01:44:21.928+0000] {processor.py:826} INFO - Processing file /home/airflow/.local/lib/python3.7/site-packages/airflow/example_dags/example_external_task_marker_dag.py for tasks to queue
[2023-06-09T01:44:21.929+0000] {logging_mixin.py:149} INFO - [2023-06-09T01:44:21.929+0000] {dagbag.py:541} INFO - Filling up the DagBag from /home/airflow/.local/lib/python3.7/site-packages/airflow/example_dags/example_external_task_marker_dag.py
[2023-06-09T01:44:21.949+0000] {processor.py:836} INFO - DAG(s) dict_keys(['example_external_task_marker_parent', 'example_external_task_marker_child']) retrieved from /home/airflow/.local/lib/python3.7/site-packages/airflow/example_dags/example_external_task_marker_dag.py
[2023-06-09T01:44:22.001+0000] {logging_mixin.py:149} INFO - [2023-06-09T01:44:22.001+0000] {dag.py:2726} INFO - Sync 2 DAGs
[2023-06-09T01:44:22.022+0000] {logging_mixin.py:149} INFO - [2023-06-09T01:44:22.022+0000] {dag.py:3490} INFO - Setting next_dagrun for example_external_task_marker_child to None, run_after=None
[2023-06-09T01:44:22.026+0000] {logging_mixin.py:149} INFO - [2023-06-09T01:44:22.026+0000] {dag.py:3490} INFO - Setting next_dagrun for example_external_task_marker_parent to None, run_after=None
[2023-06-09T01:44:22.047+0000] {processor.py:179} INFO - Processing /home/airflow/.local/lib/python3.7/site-packages/airflow/example_dags/example_external_task_marker_dag.py took 0.126 seconds
[2023-06-09T01:44:52.131+0000] {processor.py:157} INFO - Started process (PID=2200) to work on /home/airflow/.local/lib/python3.7/site-packages/airflow/example_dags/example_external_task_marker_dag.py
[2023-06-09T01:44:52.134+0000] {processor.py:826} INFO - Processing file /home/airflow/.local/lib/python3.7/site-packages/airflow/example_dags/example_external_task_marker_dag.py for tasks to queue
[2023-06-09T01:44:52.135+0000] {logging_mixin.py:149} INFO - [2023-06-09T01:44:52.135+0000] {dagbag.py:541} INFO - Filling up the DagBag from /home/airflow/.local/lib/python3.7/site-packages/airflow/example_dags/example_external_task_marker_dag.py
[2023-06-09T01:44:52.147+0000] {processor.py:836} INFO - DAG(s) dict_keys(['example_external_task_marker_child', 'example_external_task_marker_parent']) retrieved from /home/airflow/.local/lib/python3.7/site-packages/airflow/example_dags/example_external_task_marker_dag.py
[2023-06-09T01:44:52.200+0000] {logging_mixin.py:149} INFO - [2023-06-09T01:44:52.200+0000] {dag.py:2726} INFO - Sync 2 DAGs
[2023-06-09T01:44:52.225+0000] {logging_mixin.py:149} INFO - [2023-06-09T01:44:52.224+0000] {dag.py:3490} INFO - Setting next_dagrun for example_external_task_marker_child to None, run_after=None
[2023-06-09T01:44:52.228+0000] {logging_mixin.py:149} INFO - [2023-06-09T01:44:52.228+0000] {dag.py:3490} INFO - Setting next_dagrun for example_external_task_marker_parent to None, run_after=None
[2023-06-09T01:44:52.240+0000] {processor.py:179} INFO - Processing /home/airflow/.local/lib/python3.7/site-packages/airflow/example_dags/example_external_task_marker_dag.py took 0.116 seconds
[2023-06-09T01:45:22.617+0000] {processor.py:157} INFO - Started process (PID=2257) to work on /home/airflow/.local/lib/python3.7/site-packages/airflow/example_dags/example_external_task_marker_dag.py
[2023-06-09T01:45:22.618+0000] {processor.py:826} INFO - Processing file /home/airflow/.local/lib/python3.7/site-packages/airflow/example_dags/example_external_task_marker_dag.py for tasks to queue
[2023-06-09T01:45:22.620+0000] {logging_mixin.py:149} INFO - [2023-06-09T01:45:22.619+0000] {dagbag.py:541} INFO - Filling up the DagBag from /home/airflow/.local/lib/python3.7/site-packages/airflow/example_dags/example_external_task_marker_dag.py
[2023-06-09T01:45:22.627+0000] {processor.py:836} INFO - DAG(s) dict_keys(['example_external_task_marker_child', 'example_external_task_marker_parent']) retrieved from /home/airflow/.local/lib/python3.7/site-packages/airflow/example_dags/example_external_task_marker_dag.py
[2023-06-09T01:45:22.654+0000] {logging_mixin.py:149} INFO - [2023-06-09T01:45:22.654+0000] {dag.py:2726} INFO - Sync 2 DAGs
[2023-06-09T01:45:22.671+0000] {logging_mixin.py:149} INFO - [2023-06-09T01:45:22.671+0000] {dag.py:3490} INFO - Setting next_dagrun for example_external_task_marker_child to None, run_after=None
[2023-06-09T01:45:22.674+0000] {logging_mixin.py:149} INFO - [2023-06-09T01:45:22.674+0000] {dag.py:3490} INFO - Setting next_dagrun for example_external_task_marker_parent to None, run_after=None
[2023-06-09T01:45:22.687+0000] {processor.py:179} INFO - Processing /home/airflow/.local/lib/python3.7/site-packages/airflow/example_dags/example_external_task_marker_dag.py took 0.074 seconds
[2023-06-09T01:45:53.328+0000] {processor.py:157} INFO - Started process (PID=2313) to work on /home/airflow/.local/lib/python3.7/site-packages/airflow/example_dags/example_external_task_marker_dag.py
[2023-06-09T01:45:53.333+0000] {processor.py:826} INFO - Processing file /home/airflow/.local/lib/python3.7/site-packages/airflow/example_dags/example_external_task_marker_dag.py for tasks to queue
[2023-06-09T01:45:53.335+0000] {logging_mixin.py:149} INFO - [2023-06-09T01:45:53.335+0000] {dagbag.py:541} INFO - Filling up the DagBag from /home/airflow/.local/lib/python3.7/site-packages/airflow/example_dags/example_external_task_marker_dag.py
[2023-06-09T01:45:53.358+0000] {processor.py:836} INFO - DAG(s) dict_keys(['example_external_task_marker_child', 'example_external_task_marker_parent']) retrieved from /home/airflow/.local/lib/python3.7/site-packages/airflow/example_dags/example_external_task_marker_dag.py
[2023-06-09T01:45:53.404+0000] {logging_mixin.py:149} INFO - [2023-06-09T01:45:53.404+0000] {dag.py:2726} INFO - Sync 2 DAGs
[2023-06-09T01:45:53.428+0000] {logging_mixin.py:149} INFO - [2023-06-09T01:45:53.428+0000] {dag.py:3490} INFO - Setting next_dagrun for example_external_task_marker_child to None, run_after=None
[2023-06-09T01:45:53.439+0000] {logging_mixin.py:149} INFO - [2023-06-09T01:45:53.439+0000] {dag.py:3490} INFO - Setting next_dagrun for example_external_task_marker_parent to None, run_after=None
[2023-06-09T01:45:53.458+0000] {processor.py:179} INFO - Processing /home/airflow/.local/lib/python3.7/site-packages/airflow/example_dags/example_external_task_marker_dag.py took 0.141 seconds
[2023-06-09T01:46:23.630+0000] {processor.py:157} INFO - Started process (PID=2370) to work on /home/airflow/.local/lib/python3.7/site-packages/airflow/example_dags/example_external_task_marker_dag.py
[2023-06-09T01:46:23.632+0000] {processor.py:826} INFO - Processing file /home/airflow/.local/lib/python3.7/site-packages/airflow/example_dags/example_external_task_marker_dag.py for tasks to queue
[2023-06-09T01:46:23.633+0000] {logging_mixin.py:149} INFO - [2023-06-09T01:46:23.633+0000] {dagbag.py:541} INFO - Filling up the DagBag from /home/airflow/.local/lib/python3.7/site-packages/airflow/example_dags/example_external_task_marker_dag.py
[2023-06-09T01:46:23.642+0000] {processor.py:836} INFO - DAG(s) dict_keys(['example_external_task_marker_child', 'example_external_task_marker_parent']) retrieved from /home/airflow/.local/lib/python3.7/site-packages/airflow/example_dags/example_external_task_marker_dag.py
[2023-06-09T01:46:23.672+0000] {logging_mixin.py:149} INFO - [2023-06-09T01:46:23.672+0000] {dag.py:2726} INFO - Sync 2 DAGs
[2023-06-09T01:46:23.691+0000] {logging_mixin.py:149} INFO - [2023-06-09T01:46:23.691+0000] {dag.py:3490} INFO - Setting next_dagrun for example_external_task_marker_child to None, run_after=None
[2023-06-09T01:46:23.694+0000] {logging_mixin.py:149} INFO - [2023-06-09T01:46:23.694+0000] {dag.py:3490} INFO - Setting next_dagrun for example_external_task_marker_parent to None, run_after=None
[2023-06-09T01:46:23.705+0000] {processor.py:179} INFO - Processing /home/airflow/.local/lib/python3.7/site-packages/airflow/example_dags/example_external_task_marker_dag.py took 0.082 seconds
[2023-06-09T01:46:54.257+0000] {processor.py:157} INFO - Started process (PID=2425) to work on /home/airflow/.local/lib/python3.7/site-packages/airflow/example_dags/example_external_task_marker_dag.py
[2023-06-09T01:46:54.261+0000] {processor.py:826} INFO - Processing file /home/airflow/.local/lib/python3.7/site-packages/airflow/example_dags/example_external_task_marker_dag.py for tasks to queue
[2023-06-09T01:46:54.262+0000] {logging_mixin.py:149} INFO - [2023-06-09T01:46:54.262+0000] {dagbag.py:541} INFO - Filling up the DagBag from /home/airflow/.local/lib/python3.7/site-packages/airflow/example_dags/example_external_task_marker_dag.py
[2023-06-09T01:46:54.274+0000] {processor.py:836} INFO - DAG(s) dict_keys(['example_external_task_marker_child', 'example_external_task_marker_parent']) retrieved from /home/airflow/.local/lib/python3.7/site-packages/airflow/example_dags/example_external_task_marker_dag.py
[2023-06-09T01:46:54.323+0000] {logging_mixin.py:149} INFO - [2023-06-09T01:46:54.322+0000] {dag.py:2726} INFO - Sync 2 DAGs
[2023-06-09T01:46:54.359+0000] {logging_mixin.py:149} INFO - [2023-06-09T01:46:54.359+0000] {dag.py:3490} INFO - Setting next_dagrun for example_external_task_marker_child to None, run_after=None
[2023-06-09T01:46:54.365+0000] {logging_mixin.py:149} INFO - [2023-06-09T01:46:54.365+0000] {dag.py:3490} INFO - Setting next_dagrun for example_external_task_marker_parent to None, run_after=None
[2023-06-09T01:46:54.381+0000] {processor.py:179} INFO - Processing /home/airflow/.local/lib/python3.7/site-packages/airflow/example_dags/example_external_task_marker_dag.py took 0.131 seconds
[2023-06-09T01:47:24.984+0000] {processor.py:157} INFO - Started process (PID=2481) to work on /home/airflow/.local/lib/python3.7/site-packages/airflow/example_dags/example_external_task_marker_dag.py
[2023-06-09T01:47:24.986+0000] {processor.py:826} INFO - Processing file /home/airflow/.local/lib/python3.7/site-packages/airflow/example_dags/example_external_task_marker_dag.py for tasks to queue
[2023-06-09T01:47:24.987+0000] {logging_mixin.py:149} INFO - [2023-06-09T01:47:24.987+0000] {dagbag.py:541} INFO - Filling up the DagBag from /home/airflow/.local/lib/python3.7/site-packages/airflow/example_dags/example_external_task_marker_dag.py
[2023-06-09T01:47:24.994+0000] {processor.py:836} INFO - DAG(s) dict_keys(['example_external_task_marker_child', 'example_external_task_marker_parent']) retrieved from /home/airflow/.local/lib/python3.7/site-packages/airflow/example_dags/example_external_task_marker_dag.py
[2023-06-09T01:47:25.024+0000] {logging_mixin.py:149} INFO - [2023-06-09T01:47:25.024+0000] {dag.py:2726} INFO - Sync 2 DAGs
[2023-06-09T01:47:25.042+0000] {logging_mixin.py:149} INFO - [2023-06-09T01:47:25.042+0000] {dag.py:3490} INFO - Setting next_dagrun for example_external_task_marker_child to None, run_after=None
[2023-06-09T01:47:25.049+0000] {logging_mixin.py:149} INFO - [2023-06-09T01:47:25.048+0000] {dag.py:3490} INFO - Setting next_dagrun for example_external_task_marker_parent to None, run_after=None
[2023-06-09T01:47:25.067+0000] {processor.py:179} INFO - Processing /home/airflow/.local/lib/python3.7/site-packages/airflow/example_dags/example_external_task_marker_dag.py took 0.086 seconds
[2023-06-09T01:47:55.598+0000] {processor.py:157} INFO - Started process (PID=2538) to work on /home/airflow/.local/lib/python3.7/site-packages/airflow/example_dags/example_external_task_marker_dag.py
[2023-06-09T01:47:55.600+0000] {processor.py:826} INFO - Processing file /home/airflow/.local/lib/python3.7/site-packages/airflow/example_dags/example_external_task_marker_dag.py for tasks to queue
[2023-06-09T01:47:55.602+0000] {logging_mixin.py:149} INFO - [2023-06-09T01:47:55.601+0000] {dagbag.py:541} INFO - Filling up the DagBag from /home/airflow/.local/lib/python3.7/site-packages/airflow/example_dags/example_external_task_marker_dag.py
[2023-06-09T01:47:55.609+0000] {processor.py:836} INFO - DAG(s) dict_keys(['example_external_task_marker_parent', 'example_external_task_marker_child']) retrieved from /home/airflow/.local/lib/python3.7/site-packages/airflow/example_dags/example_external_task_marker_dag.py
[2023-06-09T01:47:55.638+0000] {logging_mixin.py:149} INFO - [2023-06-09T01:47:55.637+0000] {dag.py:2726} INFO - Sync 2 DAGs
[2023-06-09T01:47:55.654+0000] {logging_mixin.py:149} INFO - [2023-06-09T01:47:55.654+0000] {dag.py:3490} INFO - Setting next_dagrun for example_external_task_marker_child to None, run_after=None
[2023-06-09T01:47:55.657+0000] {logging_mixin.py:149} INFO - [2023-06-09T01:47:55.657+0000] {dag.py:3490} INFO - Setting next_dagrun for example_external_task_marker_parent to None, run_after=None
[2023-06-09T01:47:55.667+0000] {processor.py:179} INFO - Processing /home/airflow/.local/lib/python3.7/site-packages/airflow/example_dags/example_external_task_marker_dag.py took 0.075 seconds
[2023-06-09T01:48:26.166+0000] {processor.py:157} INFO - Started process (PID=2594) to work on /home/airflow/.local/lib/python3.7/site-packages/airflow/example_dags/example_external_task_marker_dag.py
[2023-06-09T01:48:26.168+0000] {processor.py:826} INFO - Processing file /home/airflow/.local/lib/python3.7/site-packages/airflow/example_dags/example_external_task_marker_dag.py for tasks to queue
[2023-06-09T01:48:26.170+0000] {logging_mixin.py:149} INFO - [2023-06-09T01:48:26.170+0000] {dagbag.py:541} INFO - Filling up the DagBag from /home/airflow/.local/lib/python3.7/site-packages/airflow/example_dags/example_external_task_marker_dag.py
[2023-06-09T01:48:26.177+0000] {processor.py:836} INFO - DAG(s) dict_keys(['example_external_task_marker_child', 'example_external_task_marker_parent']) retrieved from /home/airflow/.local/lib/python3.7/site-packages/airflow/example_dags/example_external_task_marker_dag.py
[2023-06-09T01:48:26.220+0000] {logging_mixin.py:149} INFO - [2023-06-09T01:48:26.220+0000] {dag.py:2726} INFO - Sync 2 DAGs
[2023-06-09T01:48:26.249+0000] {logging_mixin.py:149} INFO - [2023-06-09T01:48:26.249+0000] {dag.py:3490} INFO - Setting next_dagrun for example_external_task_marker_child to None, run_after=None
[2023-06-09T01:48:26.252+0000] {logging_mixin.py:149} INFO - [2023-06-09T01:48:26.252+0000] {dag.py:3490} INFO - Setting next_dagrun for example_external_task_marker_parent to None, run_after=None
[2023-06-09T01:48:26.265+0000] {processor.py:179} INFO - Processing /home/airflow/.local/lib/python3.7/site-packages/airflow/example_dags/example_external_task_marker_dag.py took 0.108 seconds
[2023-06-09T01:48:56.333+0000] {processor.py:157} INFO - Started process (PID=2650) to work on /home/airflow/.local/lib/python3.7/site-packages/airflow/example_dags/example_external_task_marker_dag.py
[2023-06-09T01:48:56.335+0000] {processor.py:826} INFO - Processing file /home/airflow/.local/lib/python3.7/site-packages/airflow/example_dags/example_external_task_marker_dag.py for tasks to queue
[2023-06-09T01:48:56.335+0000] {logging_mixin.py:149} INFO - [2023-06-09T01:48:56.335+0000] {dagbag.py:541} INFO - Filling up the DagBag from /home/airflow/.local/lib/python3.7/site-packages/airflow/example_dags/example_external_task_marker_dag.py
[2023-06-09T01:48:56.340+0000] {processor.py:836} INFO - DAG(s) dict_keys(['example_external_task_marker_child', 'example_external_task_marker_parent']) retrieved from /home/airflow/.local/lib/python3.7/site-packages/airflow/example_dags/example_external_task_marker_dag.py
[2023-06-09T01:48:56.376+0000] {logging_mixin.py:149} INFO - [2023-06-09T01:48:56.376+0000] {dag.py:2726} INFO - Sync 2 DAGs
[2023-06-09T01:48:56.394+0000] {logging_mixin.py:149} INFO - [2023-06-09T01:48:56.394+0000] {dag.py:3490} INFO - Setting next_dagrun for example_external_task_marker_child to None, run_after=None
[2023-06-09T01:48:56.398+0000] {logging_mixin.py:149} INFO - [2023-06-09T01:48:56.398+0000] {dag.py:3490} INFO - Setting next_dagrun for example_external_task_marker_parent to None, run_after=None
[2023-06-09T01:48:56.409+0000] {processor.py:179} INFO - Processing /home/airflow/.local/lib/python3.7/site-packages/airflow/example_dags/example_external_task_marker_dag.py took 0.080 seconds
[2023-06-09T01:49:26.890+0000] {processor.py:157} INFO - Started process (PID=2700) to work on /home/airflow/.local/lib/python3.7/site-packages/airflow/example_dags/example_external_task_marker_dag.py
[2023-06-09T01:49:26.892+0000] {processor.py:826} INFO - Processing file /home/airflow/.local/lib/python3.7/site-packages/airflow/example_dags/example_external_task_marker_dag.py for tasks to queue
[2023-06-09T01:49:26.893+0000] {logging_mixin.py:149} INFO - [2023-06-09T01:49:26.893+0000] {dagbag.py:541} INFO - Filling up the DagBag from /home/airflow/.local/lib/python3.7/site-packages/airflow/example_dags/example_external_task_marker_dag.py
[2023-06-09T01:49:26.903+0000] {processor.py:836} INFO - DAG(s) dict_keys(['example_external_task_marker_child', 'example_external_task_marker_parent']) retrieved from /home/airflow/.local/lib/python3.7/site-packages/airflow/example_dags/example_external_task_marker_dag.py
[2023-06-09T01:49:26.938+0000] {logging_mixin.py:149} INFO - [2023-06-09T01:49:26.938+0000] {dag.py:2726} INFO - Sync 2 DAGs
[2023-06-09T01:49:26.959+0000] {logging_mixin.py:149} INFO - [2023-06-09T01:49:26.959+0000] {dag.py:3490} INFO - Setting next_dagrun for example_external_task_marker_child to None, run_after=None
[2023-06-09T01:49:26.970+0000] {logging_mixin.py:149} INFO - [2023-06-09T01:49:26.969+0000] {dag.py:3490} INFO - Setting next_dagrun for example_external_task_marker_parent to None, run_after=None
[2023-06-09T01:49:26.983+0000] {processor.py:179} INFO - Processing /home/airflow/.local/lib/python3.7/site-packages/airflow/example_dags/example_external_task_marker_dag.py took 0.099 seconds
[2023-06-09T01:49:57.200+0000] {processor.py:157} INFO - Started process (PID=2756) to work on /home/airflow/.local/lib/python3.7/site-packages/airflow/example_dags/example_external_task_marker_dag.py
[2023-06-09T01:49:57.202+0000] {processor.py:826} INFO - Processing file /home/airflow/.local/lib/python3.7/site-packages/airflow/example_dags/example_external_task_marker_dag.py for tasks to queue
[2023-06-09T01:49:57.203+0000] {logging_mixin.py:149} INFO - [2023-06-09T01:49:57.203+0000] {dagbag.py:541} INFO - Filling up the DagBag from /home/airflow/.local/lib/python3.7/site-packages/airflow/example_dags/example_external_task_marker_dag.py
[2023-06-09T01:49:57.211+0000] {processor.py:836} INFO - DAG(s) dict_keys(['example_external_task_marker_child', 'example_external_task_marker_parent']) retrieved from /home/airflow/.local/lib/python3.7/site-packages/airflow/example_dags/example_external_task_marker_dag.py
[2023-06-09T01:49:57.259+0000] {logging_mixin.py:149} INFO - [2023-06-09T01:49:57.259+0000] {dag.py:2726} INFO - Sync 2 DAGs
[2023-06-09T01:49:57.279+0000] {logging_mixin.py:149} INFO - [2023-06-09T01:49:57.279+0000] {dag.py:3490} INFO - Setting next_dagrun for example_external_task_marker_child to None, run_after=None
[2023-06-09T01:49:57.285+0000] {logging_mixin.py:149} INFO - [2023-06-09T01:49:57.285+0000] {dag.py:3490} INFO - Setting next_dagrun for example_external_task_marker_parent to None, run_after=None
[2023-06-09T01:49:57.301+0000] {processor.py:179} INFO - Processing /home/airflow/.local/lib/python3.7/site-packages/airflow/example_dags/example_external_task_marker_dag.py took 0.105 seconds
[2023-06-09T01:50:28.031+0000] {processor.py:157} INFO - Started process (PID=2812) to work on /home/airflow/.local/lib/python3.7/site-packages/airflow/example_dags/example_external_task_marker_dag.py
[2023-06-09T01:50:28.033+0000] {processor.py:826} INFO - Processing file /home/airflow/.local/lib/python3.7/site-packages/airflow/example_dags/example_external_task_marker_dag.py for tasks to queue
[2023-06-09T01:50:28.035+0000] {logging_mixin.py:149} INFO - [2023-06-09T01:50:28.034+0000] {dagbag.py:541} INFO - Filling up the DagBag from /home/airflow/.local/lib/python3.7/site-packages/airflow/example_dags/example_external_task_marker_dag.py
[2023-06-09T01:50:28.044+0000] {processor.py:836} INFO - DAG(s) dict_keys(['example_external_task_marker_parent', 'example_external_task_marker_child']) retrieved from /home/airflow/.local/lib/python3.7/site-packages/airflow/example_dags/example_external_task_marker_dag.py
[2023-06-09T01:50:28.075+0000] {logging_mixin.py:149} INFO - [2023-06-09T01:50:28.075+0000] {dag.py:2726} INFO - Sync 2 DAGs
[2023-06-09T01:50:28.094+0000] {logging_mixin.py:149} INFO - [2023-06-09T01:50:28.094+0000] {dag.py:3490} INFO - Setting next_dagrun for example_external_task_marker_child to None, run_after=None
[2023-06-09T01:50:28.097+0000] {logging_mixin.py:149} INFO - [2023-06-09T01:50:28.097+0000] {dag.py:3490} INFO - Setting next_dagrun for example_external_task_marker_parent to None, run_after=None
[2023-06-09T01:50:28.108+0000] {processor.py:179} INFO - Processing /home/airflow/.local/lib/python3.7/site-packages/airflow/example_dags/example_external_task_marker_dag.py took 0.082 seconds
[2023-06-09T01:50:58.498+0000] {processor.py:157} INFO - Started process (PID=2868) to work on /home/airflow/.local/lib/python3.7/site-packages/airflow/example_dags/example_external_task_marker_dag.py
[2023-06-09T01:50:58.500+0000] {processor.py:826} INFO - Processing file /home/airflow/.local/lib/python3.7/site-packages/airflow/example_dags/example_external_task_marker_dag.py for tasks to queue
[2023-06-09T01:50:58.501+0000] {logging_mixin.py:149} INFO - [2023-06-09T01:50:58.501+0000] {dagbag.py:541} INFO - Filling up the DagBag from /home/airflow/.local/lib/python3.7/site-packages/airflow/example_dags/example_external_task_marker_dag.py
[2023-06-09T01:50:58.508+0000] {processor.py:836} INFO - DAG(s) dict_keys(['example_external_task_marker_parent', 'example_external_task_marker_child']) retrieved from /home/airflow/.local/lib/python3.7/site-packages/airflow/example_dags/example_external_task_marker_dag.py
[2023-06-09T01:50:58.539+0000] {logging_mixin.py:149} INFO - [2023-06-09T01:50:58.539+0000] {dag.py:2726} INFO - Sync 2 DAGs
[2023-06-09T01:50:58.556+0000] {logging_mixin.py:149} INFO - [2023-06-09T01:50:58.556+0000] {dag.py:3490} INFO - Setting next_dagrun for example_external_task_marker_child to None, run_after=None
[2023-06-09T01:50:58.558+0000] {logging_mixin.py:149} INFO - [2023-06-09T01:50:58.558+0000] {dag.py:3490} INFO - Setting next_dagrun for example_external_task_marker_parent to None, run_after=None
[2023-06-09T01:50:58.575+0000] {processor.py:179} INFO - Processing /home/airflow/.local/lib/python3.7/site-packages/airflow/example_dags/example_external_task_marker_dag.py took 0.082 seconds
[2023-06-09T01:51:29.634+0000] {processor.py:157} INFO - Started process (PID=2924) to work on /home/airflow/.local/lib/python3.7/site-packages/airflow/example_dags/example_external_task_marker_dag.py
[2023-06-09T01:51:29.636+0000] {processor.py:826} INFO - Processing file /home/airflow/.local/lib/python3.7/site-packages/airflow/example_dags/example_external_task_marker_dag.py for tasks to queue
[2023-06-09T01:51:29.638+0000] {logging_mixin.py:149} INFO - [2023-06-09T01:51:29.637+0000] {dagbag.py:541} INFO - Filling up the DagBag from /home/airflow/.local/lib/python3.7/site-packages/airflow/example_dags/example_external_task_marker_dag.py
[2023-06-09T01:51:29.646+0000] {processor.py:836} INFO - DAG(s) dict_keys(['example_external_task_marker_child', 'example_external_task_marker_parent']) retrieved from /home/airflow/.local/lib/python3.7/site-packages/airflow/example_dags/example_external_task_marker_dag.py
[2023-06-09T01:51:29.679+0000] {logging_mixin.py:149} INFO - [2023-06-09T01:51:29.679+0000] {dag.py:2726} INFO - Sync 2 DAGs
[2023-06-09T01:51:29.708+0000] {logging_mixin.py:149} INFO - [2023-06-09T01:51:29.707+0000] {dag.py:3490} INFO - Setting next_dagrun for example_external_task_marker_child to None, run_after=None
[2023-06-09T01:51:29.711+0000] {logging_mixin.py:149} INFO - [2023-06-09T01:51:29.711+0000] {dag.py:3490} INFO - Setting next_dagrun for example_external_task_marker_parent to None, run_after=None
[2023-06-09T01:51:29.723+0000] {processor.py:179} INFO - Processing /home/airflow/.local/lib/python3.7/site-packages/airflow/example_dags/example_external_task_marker_dag.py took 0.095 seconds
[2023-06-09T01:52:00.055+0000] {processor.py:157} INFO - Started process (PID=2980) to work on /home/airflow/.local/lib/python3.7/site-packages/airflow/example_dags/example_external_task_marker_dag.py
[2023-06-09T01:52:00.058+0000] {processor.py:826} INFO - Processing file /home/airflow/.local/lib/python3.7/site-packages/airflow/example_dags/example_external_task_marker_dag.py for tasks to queue
[2023-06-09T01:52:00.059+0000] {logging_mixin.py:149} INFO - [2023-06-09T01:52:00.059+0000] {dagbag.py:541} INFO - Filling up the DagBag from /home/airflow/.local/lib/python3.7/site-packages/airflow/example_dags/example_external_task_marker_dag.py
[2023-06-09T01:52:00.069+0000] {processor.py:836} INFO - DAG(s) dict_keys(['example_external_task_marker_parent', 'example_external_task_marker_child']) retrieved from /home/airflow/.local/lib/python3.7/site-packages/airflow/example_dags/example_external_task_marker_dag.py
[2023-06-09T01:52:00.118+0000] {logging_mixin.py:149} INFO - [2023-06-09T01:52:00.118+0000] {dag.py:2726} INFO - Sync 2 DAGs
[2023-06-09T01:52:00.137+0000] {logging_mixin.py:149} INFO - [2023-06-09T01:52:00.137+0000] {dag.py:3490} INFO - Setting next_dagrun for example_external_task_marker_child to None, run_after=None
[2023-06-09T01:52:00.140+0000] {logging_mixin.py:149} INFO - [2023-06-09T01:52:00.140+0000] {dag.py:3490} INFO - Setting next_dagrun for example_external_task_marker_parent to None, run_after=None
[2023-06-09T01:52:00.152+0000] {processor.py:179} INFO - Processing /home/airflow/.local/lib/python3.7/site-packages/airflow/example_dags/example_external_task_marker_dag.py took 0.101 seconds
[2023-06-09T01:52:30.642+0000] {processor.py:157} INFO - Started process (PID=3036) to work on /home/airflow/.local/lib/python3.7/site-packages/airflow/example_dags/example_external_task_marker_dag.py
[2023-06-09T01:52:30.645+0000] {processor.py:826} INFO - Processing file /home/airflow/.local/lib/python3.7/site-packages/airflow/example_dags/example_external_task_marker_dag.py for tasks to queue
[2023-06-09T01:52:30.647+0000] {logging_mixin.py:149} INFO - [2023-06-09T01:52:30.647+0000] {dagbag.py:541} INFO - Filling up the DagBag from /home/airflow/.local/lib/python3.7/site-packages/airflow/example_dags/example_external_task_marker_dag.py
[2023-06-09T01:52:30.656+0000] {processor.py:836} INFO - DAG(s) dict_keys(['example_external_task_marker_parent', 'example_external_task_marker_child']) retrieved from /home/airflow/.local/lib/python3.7/site-packages/airflow/example_dags/example_external_task_marker_dag.py
[2023-06-09T01:52:30.687+0000] {logging_mixin.py:149} INFO - [2023-06-09T01:52:30.687+0000] {dag.py:2726} INFO - Sync 2 DAGs
[2023-06-09T01:52:30.714+0000] {logging_mixin.py:149} INFO - [2023-06-09T01:52:30.714+0000] {dag.py:3490} INFO - Setting next_dagrun for example_external_task_marker_child to None, run_after=None
[2023-06-09T01:52:30.719+0000] {logging_mixin.py:149} INFO - [2023-06-09T01:52:30.719+0000] {dag.py:3490} INFO - Setting next_dagrun for example_external_task_marker_parent to None, run_after=None
[2023-06-09T01:52:30.731+0000] {processor.py:179} INFO - Processing /home/airflow/.local/lib/python3.7/site-packages/airflow/example_dags/example_external_task_marker_dag.py took 0.093 seconds
[2023-06-09T01:53:00.828+0000] {processor.py:157} INFO - Started process (PID=3092) to work on /home/airflow/.local/lib/python3.7/site-packages/airflow/example_dags/example_external_task_marker_dag.py
[2023-06-09T01:53:00.830+0000] {processor.py:826} INFO - Processing file /home/airflow/.local/lib/python3.7/site-packages/airflow/example_dags/example_external_task_marker_dag.py for tasks to queue
[2023-06-09T01:53:00.831+0000] {logging_mixin.py:149} INFO - [2023-06-09T01:53:00.831+0000] {dagbag.py:541} INFO - Filling up the DagBag from /home/airflow/.local/lib/python3.7/site-packages/airflow/example_dags/example_external_task_marker_dag.py
[2023-06-09T01:53:00.842+0000] {processor.py:836} INFO - DAG(s) dict_keys(['example_external_task_marker_parent', 'example_external_task_marker_child']) retrieved from /home/airflow/.local/lib/python3.7/site-packages/airflow/example_dags/example_external_task_marker_dag.py
[2023-06-09T01:53:00.873+0000] {logging_mixin.py:149} INFO - [2023-06-09T01:53:00.873+0000] {dag.py:2726} INFO - Sync 2 DAGs
[2023-06-09T01:53:00.889+0000] {logging_mixin.py:149} INFO - [2023-06-09T01:53:00.889+0000] {dag.py:3490} INFO - Setting next_dagrun for example_external_task_marker_child to None, run_after=None
[2023-06-09T01:53:00.892+0000] {logging_mixin.py:149} INFO - [2023-06-09T01:53:00.892+0000] {dag.py:3490} INFO - Setting next_dagrun for example_external_task_marker_parent to None, run_after=None
[2023-06-09T01:53:00.902+0000] {processor.py:179} INFO - Processing /home/airflow/.local/lib/python3.7/site-packages/airflow/example_dags/example_external_task_marker_dag.py took 0.079 seconds
[2023-06-09T01:53:51.839+0000] {processor.py:157} INFO - Started process (PID=59) to work on /home/airflow/.local/lib/python3.7/site-packages/airflow/example_dags/example_external_task_marker_dag.py
[2023-06-09T01:53:51.841+0000] {processor.py:826} INFO - Processing file /home/airflow/.local/lib/python3.7/site-packages/airflow/example_dags/example_external_task_marker_dag.py for tasks to queue
[2023-06-09T01:53:51.842+0000] {logging_mixin.py:149} INFO - [2023-06-09T01:53:51.842+0000] {dagbag.py:541} INFO - Filling up the DagBag from /home/airflow/.local/lib/python3.7/site-packages/airflow/example_dags/example_external_task_marker_dag.py
[2023-06-09T01:53:51.849+0000] {processor.py:836} INFO - DAG(s) dict_keys(['example_external_task_marker_parent', 'example_external_task_marker_child']) retrieved from /home/airflow/.local/lib/python3.7/site-packages/airflow/example_dags/example_external_task_marker_dag.py
[2023-06-09T01:53:51.879+0000] {logging_mixin.py:149} INFO - [2023-06-09T01:53:51.878+0000] {dag.py:2726} INFO - Sync 2 DAGs
[2023-06-09T01:53:51.920+0000] {logging_mixin.py:149} INFO - [2023-06-09T01:53:51.919+0000] {dag.py:3490} INFO - Setting next_dagrun for example_external_task_marker_child to None, run_after=None
[2023-06-09T01:53:51.926+0000] {logging_mixin.py:149} INFO - [2023-06-09T01:53:51.926+0000] {dag.py:3490} INFO - Setting next_dagrun for example_external_task_marker_parent to None, run_after=None
[2023-06-09T01:53:51.949+0000] {processor.py:179} INFO - Processing /home/airflow/.local/lib/python3.7/site-packages/airflow/example_dags/example_external_task_marker_dag.py took 0.115 seconds
