[2023-06-09T01:25:15.026+0000] {processor.py:157} INFO - Started process (PID=48) to work on /home/airflow/.local/lib/python3.7/site-packages/airflow/example_dags/example_bash_operator.py
[2023-06-09T01:25:15.069+0000] {processor.py:826} INFO - Processing file /home/airflow/.local/lib/python3.7/site-packages/airflow/example_dags/example_bash_operator.py for tasks to queue
[2023-06-09T01:25:15.135+0000] {logging_mixin.py:149} INFO - [2023-06-09T01:25:15.126+0000] {dagbag.py:541} INFO - Filling up the DagBag from /home/airflow/.local/lib/python3.7/site-packages/airflow/example_dags/example_bash_operator.py
[2023-06-09T01:25:15.508+0000] {processor.py:836} INFO - DAG(s) dict_keys(['example_bash_operator']) retrieved from /home/airflow/.local/lib/python3.7/site-packages/airflow/example_dags/example_bash_operator.py
[2023-06-09T01:25:17.398+0000] {logging_mixin.py:149} INFO - [2023-06-09T01:25:17.356+0000] {manager.py:504} INFO - Created Permission View: can delete on DAG:example_bash_operator
[2023-06-09T01:25:17.498+0000] {logging_mixin.py:149} INFO - [2023-06-09T01:25:17.498+0000] {manager.py:504} INFO - Created Permission View: can edit on DAG:example_bash_operator
[2023-06-09T01:25:17.555+0000] {logging_mixin.py:149} INFO - [2023-06-09T01:25:17.555+0000] {manager.py:504} INFO - Created Permission View: can read on DAG:example_bash_operator
[2023-06-09T01:25:17.567+0000] {logging_mixin.py:149} INFO - [2023-06-09T01:25:17.566+0000] {dag.py:2726} INFO - Sync 1 DAGs
[2023-06-09T01:25:17.658+0000] {logging_mixin.py:149} INFO - [2023-06-09T01:25:17.657+0000] {dag.py:2747} INFO - Creating ORM DAG for example_bash_operator
[2023-06-09T01:25:17.821+0000] {logging_mixin.py:149} INFO - [2023-06-09T01:25:17.812+0000] {dag.py:3490} INFO - Setting next_dagrun for example_bash_operator to 2023-06-08T00:00:00+00:00, run_after=2023-06-09T00:00:00+00:00
[2023-06-09T01:25:18.182+0000] {processor.py:179} INFO - Processing /home/airflow/.local/lib/python3.7/site-packages/airflow/example_dags/example_bash_operator.py took 3.217 seconds
[2023-06-09T01:25:49.567+0000] {processor.py:157} INFO - Started process (PID=104) to work on /home/airflow/.local/lib/python3.7/site-packages/airflow/example_dags/example_bash_operator.py
[2023-06-09T01:25:49.639+0000] {processor.py:826} INFO - Processing file /home/airflow/.local/lib/python3.7/site-packages/airflow/example_dags/example_bash_operator.py for tasks to queue
[2023-06-09T01:25:49.658+0000] {logging_mixin.py:149} INFO - [2023-06-09T01:25:49.657+0000] {dagbag.py:541} INFO - Filling up the DagBag from /home/airflow/.local/lib/python3.7/site-packages/airflow/example_dags/example_bash_operator.py
[2023-06-09T01:25:49.773+0000] {processor.py:836} INFO - DAG(s) dict_keys(['example_bash_operator']) retrieved from /home/airflow/.local/lib/python3.7/site-packages/airflow/example_dags/example_bash_operator.py
[2023-06-09T01:25:49.969+0000] {logging_mixin.py:149} INFO - [2023-06-09T01:25:49.968+0000] {dag.py:2726} INFO - Sync 1 DAGs
[2023-06-09T01:25:50.020+0000] {logging_mixin.py:149} INFO - [2023-06-09T01:25:50.019+0000] {dag.py:3490} INFO - Setting next_dagrun for example_bash_operator to 2023-06-08T00:00:00+00:00, run_after=2023-06-09T00:00:00+00:00
[2023-06-09T01:25:50.126+0000] {processor.py:179} INFO - Processing /home/airflow/.local/lib/python3.7/site-packages/airflow/example_dags/example_bash_operator.py took 0.578 seconds
[2023-06-09T01:26:20.255+0000] {processor.py:157} INFO - Started process (PID=160) to work on /home/airflow/.local/lib/python3.7/site-packages/airflow/example_dags/example_bash_operator.py
[2023-06-09T01:26:20.257+0000] {processor.py:826} INFO - Processing file /home/airflow/.local/lib/python3.7/site-packages/airflow/example_dags/example_bash_operator.py for tasks to queue
[2023-06-09T01:26:20.259+0000] {logging_mixin.py:149} INFO - [2023-06-09T01:26:20.258+0000] {dagbag.py:541} INFO - Filling up the DagBag from /home/airflow/.local/lib/python3.7/site-packages/airflow/example_dags/example_bash_operator.py
[2023-06-09T01:26:20.274+0000] {processor.py:836} INFO - DAG(s) dict_keys(['example_bash_operator']) retrieved from /home/airflow/.local/lib/python3.7/site-packages/airflow/example_dags/example_bash_operator.py
[2023-06-09T01:26:20.332+0000] {logging_mixin.py:149} INFO - [2023-06-09T01:26:20.332+0000] {dag.py:2726} INFO - Sync 1 DAGs
[2023-06-09T01:26:20.362+0000] {logging_mixin.py:149} INFO - [2023-06-09T01:26:20.362+0000] {dag.py:3490} INFO - Setting next_dagrun for example_bash_operator to 2023-06-08T00:00:00+00:00, run_after=2023-06-09T00:00:00+00:00
[2023-06-09T01:26:20.433+0000] {processor.py:179} INFO - Processing /home/airflow/.local/lib/python3.7/site-packages/airflow/example_dags/example_bash_operator.py took 0.183 seconds
[2023-06-09T01:26:51.466+0000] {processor.py:157} INFO - Started process (PID=216) to work on /home/airflow/.local/lib/python3.7/site-packages/airflow/example_dags/example_bash_operator.py
[2023-06-09T01:26:51.468+0000] {processor.py:826} INFO - Processing file /home/airflow/.local/lib/python3.7/site-packages/airflow/example_dags/example_bash_operator.py for tasks to queue
[2023-06-09T01:26:51.469+0000] {logging_mixin.py:149} INFO - [2023-06-09T01:26:51.469+0000] {dagbag.py:541} INFO - Filling up the DagBag from /home/airflow/.local/lib/python3.7/site-packages/airflow/example_dags/example_bash_operator.py
[2023-06-09T01:26:51.496+0000] {processor.py:836} INFO - DAG(s) dict_keys(['example_bash_operator']) retrieved from /home/airflow/.local/lib/python3.7/site-packages/airflow/example_dags/example_bash_operator.py
[2023-06-09T01:26:51.541+0000] {logging_mixin.py:149} INFO - [2023-06-09T01:26:51.541+0000] {dag.py:2726} INFO - Sync 1 DAGs
[2023-06-09T01:26:51.576+0000] {logging_mixin.py:149} INFO - [2023-06-09T01:26:51.576+0000] {dag.py:3490} INFO - Setting next_dagrun for example_bash_operator to 2023-06-08T00:00:00+00:00, run_after=2023-06-09T00:00:00+00:00
[2023-06-09T01:26:51.593+0000] {processor.py:179} INFO - Processing /home/airflow/.local/lib/python3.7/site-packages/airflow/example_dags/example_bash_operator.py took 0.133 seconds
[2023-06-09T01:27:22.018+0000] {processor.py:157} INFO - Started process (PID=272) to work on /home/airflow/.local/lib/python3.7/site-packages/airflow/example_dags/example_bash_operator.py
[2023-06-09T01:27:22.021+0000] {processor.py:826} INFO - Processing file /home/airflow/.local/lib/python3.7/site-packages/airflow/example_dags/example_bash_operator.py for tasks to queue
[2023-06-09T01:27:22.022+0000] {logging_mixin.py:149} INFO - [2023-06-09T01:27:22.022+0000] {dagbag.py:541} INFO - Filling up the DagBag from /home/airflow/.local/lib/python3.7/site-packages/airflow/example_dags/example_bash_operator.py
[2023-06-09T01:27:22.063+0000] {processor.py:836} INFO - DAG(s) dict_keys(['example_bash_operator']) retrieved from /home/airflow/.local/lib/python3.7/site-packages/airflow/example_dags/example_bash_operator.py
[2023-06-09T01:27:22.127+0000] {logging_mixin.py:149} INFO - [2023-06-09T01:27:22.127+0000] {dag.py:2726} INFO - Sync 1 DAGs
[2023-06-09T01:27:22.158+0000] {logging_mixin.py:149} INFO - [2023-06-09T01:27:22.158+0000] {dag.py:3490} INFO - Setting next_dagrun for example_bash_operator to 2023-06-08T00:00:00+00:00, run_after=2023-06-09T00:00:00+00:00
[2023-06-09T01:27:22.180+0000] {processor.py:179} INFO - Processing /home/airflow/.local/lib/python3.7/site-packages/airflow/example_dags/example_bash_operator.py took 0.169 seconds
[2023-06-09T01:27:52.534+0000] {processor.py:157} INFO - Started process (PID=328) to work on /home/airflow/.local/lib/python3.7/site-packages/airflow/example_dags/example_bash_operator.py
[2023-06-09T01:27:52.547+0000] {processor.py:826} INFO - Processing file /home/airflow/.local/lib/python3.7/site-packages/airflow/example_dags/example_bash_operator.py for tasks to queue
[2023-06-09T01:27:52.551+0000] {logging_mixin.py:149} INFO - [2023-06-09T01:27:52.550+0000] {dagbag.py:541} INFO - Filling up the DagBag from /home/airflow/.local/lib/python3.7/site-packages/airflow/example_dags/example_bash_operator.py
[2023-06-09T01:27:52.585+0000] {processor.py:836} INFO - DAG(s) dict_keys(['example_bash_operator']) retrieved from /home/airflow/.local/lib/python3.7/site-packages/airflow/example_dags/example_bash_operator.py
[2023-06-09T01:27:52.688+0000] {logging_mixin.py:149} INFO - [2023-06-09T01:27:52.688+0000] {dag.py:2726} INFO - Sync 1 DAGs
[2023-06-09T01:27:52.724+0000] {logging_mixin.py:149} INFO - [2023-06-09T01:27:52.724+0000] {dag.py:3490} INFO - Setting next_dagrun for example_bash_operator to 2023-06-08T00:00:00+00:00, run_after=2023-06-09T00:00:00+00:00
[2023-06-09T01:27:52.820+0000] {processor.py:179} INFO - Processing /home/airflow/.local/lib/python3.7/site-packages/airflow/example_dags/example_bash_operator.py took 0.302 seconds
[2023-06-09T01:28:23.335+0000] {processor.py:157} INFO - Started process (PID=384) to work on /home/airflow/.local/lib/python3.7/site-packages/airflow/example_dags/example_bash_operator.py
[2023-06-09T01:28:23.339+0000] {processor.py:826} INFO - Processing file /home/airflow/.local/lib/python3.7/site-packages/airflow/example_dags/example_bash_operator.py for tasks to queue
[2023-06-09T01:28:23.341+0000] {logging_mixin.py:149} INFO - [2023-06-09T01:28:23.341+0000] {dagbag.py:541} INFO - Filling up the DagBag from /home/airflow/.local/lib/python3.7/site-packages/airflow/example_dags/example_bash_operator.py
[2023-06-09T01:28:23.391+0000] {processor.py:836} INFO - DAG(s) dict_keys(['example_bash_operator']) retrieved from /home/airflow/.local/lib/python3.7/site-packages/airflow/example_dags/example_bash_operator.py
[2023-06-09T01:28:23.465+0000] {logging_mixin.py:149} INFO - [2023-06-09T01:28:23.465+0000] {dag.py:2726} INFO - Sync 1 DAGs
[2023-06-09T01:28:23.502+0000] {logging_mixin.py:149} INFO - [2023-06-09T01:28:23.502+0000] {dag.py:3490} INFO - Setting next_dagrun for example_bash_operator to 2023-06-08T00:00:00+00:00, run_after=2023-06-09T00:00:00+00:00
[2023-06-09T01:28:23.520+0000] {processor.py:179} INFO - Processing /home/airflow/.local/lib/python3.7/site-packages/airflow/example_dags/example_bash_operator.py took 0.212 seconds
[2023-06-09T01:28:53.620+0000] {processor.py:157} INFO - Started process (PID=440) to work on /home/airflow/.local/lib/python3.7/site-packages/airflow/example_dags/example_bash_operator.py
[2023-06-09T01:28:53.624+0000] {processor.py:826} INFO - Processing file /home/airflow/.local/lib/python3.7/site-packages/airflow/example_dags/example_bash_operator.py for tasks to queue
[2023-06-09T01:28:53.626+0000] {logging_mixin.py:149} INFO - [2023-06-09T01:28:53.626+0000] {dagbag.py:541} INFO - Filling up the DagBag from /home/airflow/.local/lib/python3.7/site-packages/airflow/example_dags/example_bash_operator.py
[2023-06-09T01:28:53.649+0000] {processor.py:836} INFO - DAG(s) dict_keys(['example_bash_operator']) retrieved from /home/airflow/.local/lib/python3.7/site-packages/airflow/example_dags/example_bash_operator.py
[2023-06-09T01:28:53.706+0000] {logging_mixin.py:149} INFO - [2023-06-09T01:28:53.706+0000] {dag.py:2726} INFO - Sync 1 DAGs
[2023-06-09T01:28:53.734+0000] {logging_mixin.py:149} INFO - [2023-06-09T01:28:53.733+0000] {dag.py:3490} INFO - Setting next_dagrun for example_bash_operator to 2023-06-08T00:00:00+00:00, run_after=2023-06-09T00:00:00+00:00
[2023-06-09T01:28:53.748+0000] {processor.py:179} INFO - Processing /home/airflow/.local/lib/python3.7/site-packages/airflow/example_dags/example_bash_operator.py took 0.139 seconds
[2023-06-09T01:29:24.177+0000] {processor.py:157} INFO - Started process (PID=496) to work on /home/airflow/.local/lib/python3.7/site-packages/airflow/example_dags/example_bash_operator.py
[2023-06-09T01:29:24.182+0000] {processor.py:826} INFO - Processing file /home/airflow/.local/lib/python3.7/site-packages/airflow/example_dags/example_bash_operator.py for tasks to queue
[2023-06-09T01:29:24.184+0000] {logging_mixin.py:149} INFO - [2023-06-09T01:29:24.184+0000] {dagbag.py:541} INFO - Filling up the DagBag from /home/airflow/.local/lib/python3.7/site-packages/airflow/example_dags/example_bash_operator.py
[2023-06-09T01:29:24.205+0000] {processor.py:836} INFO - DAG(s) dict_keys(['example_bash_operator']) retrieved from /home/airflow/.local/lib/python3.7/site-packages/airflow/example_dags/example_bash_operator.py
[2023-06-09T01:29:24.249+0000] {logging_mixin.py:149} INFO - [2023-06-09T01:29:24.249+0000] {dag.py:2726} INFO - Sync 1 DAGs
[2023-06-09T01:29:24.269+0000] {logging_mixin.py:149} INFO - [2023-06-09T01:29:24.269+0000] {dag.py:3490} INFO - Setting next_dagrun for example_bash_operator to 2023-06-08T00:00:00+00:00, run_after=2023-06-09T00:00:00+00:00
[2023-06-09T01:29:24.283+0000] {processor.py:179} INFO - Processing /home/airflow/.local/lib/python3.7/site-packages/airflow/example_dags/example_bash_operator.py took 0.113 seconds
[2023-06-09T01:29:54.696+0000] {processor.py:157} INFO - Started process (PID=552) to work on /home/airflow/.local/lib/python3.7/site-packages/airflow/example_dags/example_bash_operator.py
[2023-06-09T01:29:54.699+0000] {processor.py:826} INFO - Processing file /home/airflow/.local/lib/python3.7/site-packages/airflow/example_dags/example_bash_operator.py for tasks to queue
[2023-06-09T01:29:54.700+0000] {logging_mixin.py:149} INFO - [2023-06-09T01:29:54.700+0000] {dagbag.py:541} INFO - Filling up the DagBag from /home/airflow/.local/lib/python3.7/site-packages/airflow/example_dags/example_bash_operator.py
[2023-06-09T01:29:54.723+0000] {processor.py:836} INFO - DAG(s) dict_keys(['example_bash_operator']) retrieved from /home/airflow/.local/lib/python3.7/site-packages/airflow/example_dags/example_bash_operator.py
[2023-06-09T01:29:54.771+0000] {logging_mixin.py:149} INFO - [2023-06-09T01:29:54.771+0000] {dag.py:2726} INFO - Sync 1 DAGs
[2023-06-09T01:29:54.796+0000] {logging_mixin.py:149} INFO - [2023-06-09T01:29:54.795+0000] {dag.py:3490} INFO - Setting next_dagrun for example_bash_operator to 2023-06-08T00:00:00+00:00, run_after=2023-06-09T00:00:00+00:00
[2023-06-09T01:29:54.814+0000] {processor.py:179} INFO - Processing /home/airflow/.local/lib/python3.7/site-packages/airflow/example_dags/example_bash_operator.py took 0.131 seconds
[2023-06-09T01:30:24.974+0000] {processor.py:157} INFO - Started process (PID=608) to work on /home/airflow/.local/lib/python3.7/site-packages/airflow/example_dags/example_bash_operator.py
[2023-06-09T01:30:24.976+0000] {processor.py:826} INFO - Processing file /home/airflow/.local/lib/python3.7/site-packages/airflow/example_dags/example_bash_operator.py for tasks to queue
[2023-06-09T01:30:24.978+0000] {logging_mixin.py:149} INFO - [2023-06-09T01:30:24.977+0000] {dagbag.py:541} INFO - Filling up the DagBag from /home/airflow/.local/lib/python3.7/site-packages/airflow/example_dags/example_bash_operator.py
[2023-06-09T01:30:25.014+0000] {processor.py:836} INFO - DAG(s) dict_keys(['example_bash_operator']) retrieved from /home/airflow/.local/lib/python3.7/site-packages/airflow/example_dags/example_bash_operator.py
[2023-06-09T01:30:25.068+0000] {logging_mixin.py:149} INFO - [2023-06-09T01:30:25.068+0000] {dag.py:2726} INFO - Sync 1 DAGs
[2023-06-09T01:30:25.097+0000] {logging_mixin.py:149} INFO - [2023-06-09T01:30:25.097+0000] {dag.py:3490} INFO - Setting next_dagrun for example_bash_operator to 2023-06-08T00:00:00+00:00, run_after=2023-06-09T00:00:00+00:00
[2023-06-09T01:30:25.115+0000] {processor.py:179} INFO - Processing /home/airflow/.local/lib/python3.7/site-packages/airflow/example_dags/example_bash_operator.py took 0.147 seconds
[2023-06-09T01:30:55.536+0000] {processor.py:157} INFO - Started process (PID=664) to work on /home/airflow/.local/lib/python3.7/site-packages/airflow/example_dags/example_bash_operator.py
[2023-06-09T01:30:55.538+0000] {processor.py:826} INFO - Processing file /home/airflow/.local/lib/python3.7/site-packages/airflow/example_dags/example_bash_operator.py for tasks to queue
[2023-06-09T01:30:55.540+0000] {logging_mixin.py:149} INFO - [2023-06-09T01:30:55.539+0000] {dagbag.py:541} INFO - Filling up the DagBag from /home/airflow/.local/lib/python3.7/site-packages/airflow/example_dags/example_bash_operator.py
[2023-06-09T01:30:55.563+0000] {processor.py:836} INFO - DAG(s) dict_keys(['example_bash_operator']) retrieved from /home/airflow/.local/lib/python3.7/site-packages/airflow/example_dags/example_bash_operator.py
[2023-06-09T01:30:55.604+0000] {logging_mixin.py:149} INFO - [2023-06-09T01:30:55.603+0000] {dag.py:2726} INFO - Sync 1 DAGs
[2023-06-09T01:30:55.640+0000] {logging_mixin.py:149} INFO - [2023-06-09T01:30:55.640+0000] {dag.py:3490} INFO - Setting next_dagrun for example_bash_operator to 2023-06-08T00:00:00+00:00, run_after=2023-06-09T00:00:00+00:00
[2023-06-09T01:30:55.655+0000] {processor.py:179} INFO - Processing /home/airflow/.local/lib/python3.7/site-packages/airflow/example_dags/example_bash_operator.py took 0.127 seconds
[2023-06-09T01:31:26.242+0000] {processor.py:157} INFO - Started process (PID=720) to work on /home/airflow/.local/lib/python3.7/site-packages/airflow/example_dags/example_bash_operator.py
[2023-06-09T01:31:26.244+0000] {processor.py:826} INFO - Processing file /home/airflow/.local/lib/python3.7/site-packages/airflow/example_dags/example_bash_operator.py for tasks to queue
[2023-06-09T01:31:26.245+0000] {logging_mixin.py:149} INFO - [2023-06-09T01:31:26.245+0000] {dagbag.py:541} INFO - Filling up the DagBag from /home/airflow/.local/lib/python3.7/site-packages/airflow/example_dags/example_bash_operator.py
[2023-06-09T01:31:26.279+0000] {processor.py:836} INFO - DAG(s) dict_keys(['example_bash_operator']) retrieved from /home/airflow/.local/lib/python3.7/site-packages/airflow/example_dags/example_bash_operator.py
[2023-06-09T01:31:26.325+0000] {logging_mixin.py:149} INFO - [2023-06-09T01:31:26.325+0000] {dag.py:2726} INFO - Sync 1 DAGs
[2023-06-09T01:31:26.367+0000] {logging_mixin.py:149} INFO - [2023-06-09T01:31:26.367+0000] {dag.py:3490} INFO - Setting next_dagrun for example_bash_operator to 2023-06-08T00:00:00+00:00, run_after=2023-06-09T00:00:00+00:00
[2023-06-09T01:31:26.391+0000] {processor.py:179} INFO - Processing /home/airflow/.local/lib/python3.7/site-packages/airflow/example_dags/example_bash_operator.py took 0.159 seconds
[2023-06-09T01:31:56.525+0000] {processor.py:157} INFO - Started process (PID=776) to work on /home/airflow/.local/lib/python3.7/site-packages/airflow/example_dags/example_bash_operator.py
[2023-06-09T01:31:56.528+0000] {processor.py:826} INFO - Processing file /home/airflow/.local/lib/python3.7/site-packages/airflow/example_dags/example_bash_operator.py for tasks to queue
[2023-06-09T01:31:56.530+0000] {logging_mixin.py:149} INFO - [2023-06-09T01:31:56.529+0000] {dagbag.py:541} INFO - Filling up the DagBag from /home/airflow/.local/lib/python3.7/site-packages/airflow/example_dags/example_bash_operator.py
[2023-06-09T01:31:56.555+0000] {processor.py:836} INFO - DAG(s) dict_keys(['example_bash_operator']) retrieved from /home/airflow/.local/lib/python3.7/site-packages/airflow/example_dags/example_bash_operator.py
[2023-06-09T01:31:56.655+0000] {logging_mixin.py:149} INFO - [2023-06-09T01:31:56.655+0000] {dag.py:2726} INFO - Sync 1 DAGs
[2023-06-09T01:31:56.710+0000] {logging_mixin.py:149} INFO - [2023-06-09T01:31:56.710+0000] {dag.py:3490} INFO - Setting next_dagrun for example_bash_operator to 2023-06-08T00:00:00+00:00, run_after=2023-06-09T00:00:00+00:00
[2023-06-09T01:31:56.731+0000] {processor.py:179} INFO - Processing /home/airflow/.local/lib/python3.7/site-packages/airflow/example_dags/example_bash_operator.py took 0.214 seconds
[2023-06-09T01:32:26.850+0000] {processor.py:157} INFO - Started process (PID=832) to work on /home/airflow/.local/lib/python3.7/site-packages/airflow/example_dags/example_bash_operator.py
[2023-06-09T01:32:26.852+0000] {processor.py:826} INFO - Processing file /home/airflow/.local/lib/python3.7/site-packages/airflow/example_dags/example_bash_operator.py for tasks to queue
[2023-06-09T01:32:26.853+0000] {logging_mixin.py:149} INFO - [2023-06-09T01:32:26.853+0000] {dagbag.py:541} INFO - Filling up the DagBag from /home/airflow/.local/lib/python3.7/site-packages/airflow/example_dags/example_bash_operator.py
[2023-06-09T01:32:26.867+0000] {processor.py:836} INFO - DAG(s) dict_keys(['example_bash_operator']) retrieved from /home/airflow/.local/lib/python3.7/site-packages/airflow/example_dags/example_bash_operator.py
[2023-06-09T01:32:26.897+0000] {logging_mixin.py:149} INFO - [2023-06-09T01:32:26.897+0000] {dag.py:2726} INFO - Sync 1 DAGs
[2023-06-09T01:32:26.915+0000] {logging_mixin.py:149} INFO - [2023-06-09T01:32:26.915+0000] {dag.py:3490} INFO - Setting next_dagrun for example_bash_operator to 2023-06-08T00:00:00+00:00, run_after=2023-06-09T00:00:00+00:00
[2023-06-09T01:32:26.929+0000] {processor.py:179} INFO - Processing /home/airflow/.local/lib/python3.7/site-packages/airflow/example_dags/example_bash_operator.py took 0.082 seconds
[2023-06-09T01:32:57.234+0000] {processor.py:157} INFO - Started process (PID=888) to work on /home/airflow/.local/lib/python3.7/site-packages/airflow/example_dags/example_bash_operator.py
[2023-06-09T01:32:57.235+0000] {processor.py:826} INFO - Processing file /home/airflow/.local/lib/python3.7/site-packages/airflow/example_dags/example_bash_operator.py for tasks to queue
[2023-06-09T01:32:57.236+0000] {logging_mixin.py:149} INFO - [2023-06-09T01:32:57.236+0000] {dagbag.py:541} INFO - Filling up the DagBag from /home/airflow/.local/lib/python3.7/site-packages/airflow/example_dags/example_bash_operator.py
[2023-06-09T01:32:57.252+0000] {processor.py:836} INFO - DAG(s) dict_keys(['example_bash_operator']) retrieved from /home/airflow/.local/lib/python3.7/site-packages/airflow/example_dags/example_bash_operator.py
[2023-06-09T01:32:57.286+0000] {logging_mixin.py:149} INFO - [2023-06-09T01:32:57.286+0000] {dag.py:2726} INFO - Sync 1 DAGs
[2023-06-09T01:32:57.308+0000] {logging_mixin.py:149} INFO - [2023-06-09T01:32:57.308+0000] {dag.py:3490} INFO - Setting next_dagrun for example_bash_operator to 2023-06-08T00:00:00+00:00, run_after=2023-06-09T00:00:00+00:00
[2023-06-09T01:32:57.320+0000] {processor.py:179} INFO - Processing /home/airflow/.local/lib/python3.7/site-packages/airflow/example_dags/example_bash_operator.py took 0.090 seconds
[2023-06-09T01:33:28.141+0000] {processor.py:157} INFO - Started process (PID=939) to work on /home/airflow/.local/lib/python3.7/site-packages/airflow/example_dags/example_bash_operator.py
[2023-06-09T01:33:28.144+0000] {processor.py:826} INFO - Processing file /home/airflow/.local/lib/python3.7/site-packages/airflow/example_dags/example_bash_operator.py for tasks to queue
[2023-06-09T01:33:28.146+0000] {logging_mixin.py:149} INFO - [2023-06-09T01:33:28.145+0000] {dagbag.py:541} INFO - Filling up the DagBag from /home/airflow/.local/lib/python3.7/site-packages/airflow/example_dags/example_bash_operator.py
[2023-06-09T01:33:28.167+0000] {processor.py:836} INFO - DAG(s) dict_keys(['example_bash_operator']) retrieved from /home/airflow/.local/lib/python3.7/site-packages/airflow/example_dags/example_bash_operator.py
[2023-06-09T01:33:28.197+0000] {logging_mixin.py:149} INFO - [2023-06-09T01:33:28.197+0000] {dag.py:2726} INFO - Sync 1 DAGs
[2023-06-09T01:33:28.215+0000] {logging_mixin.py:149} INFO - [2023-06-09T01:33:28.214+0000] {dag.py:3490} INFO - Setting next_dagrun for example_bash_operator to 2023-06-08T00:00:00+00:00, run_after=2023-06-09T00:00:00+00:00
[2023-06-09T01:33:28.226+0000] {processor.py:179} INFO - Processing /home/airflow/.local/lib/python3.7/site-packages/airflow/example_dags/example_bash_operator.py took 0.092 seconds
[2023-06-09T01:33:58.391+0000] {processor.py:157} INFO - Started process (PID=995) to work on /home/airflow/.local/lib/python3.7/site-packages/airflow/example_dags/example_bash_operator.py
[2023-06-09T01:33:58.395+0000] {processor.py:826} INFO - Processing file /home/airflow/.local/lib/python3.7/site-packages/airflow/example_dags/example_bash_operator.py for tasks to queue
[2023-06-09T01:33:58.397+0000] {logging_mixin.py:149} INFO - [2023-06-09T01:33:58.397+0000] {dagbag.py:541} INFO - Filling up the DagBag from /home/airflow/.local/lib/python3.7/site-packages/airflow/example_dags/example_bash_operator.py
[2023-06-09T01:33:58.441+0000] {processor.py:836} INFO - DAG(s) dict_keys(['example_bash_operator']) retrieved from /home/airflow/.local/lib/python3.7/site-packages/airflow/example_dags/example_bash_operator.py
[2023-06-09T01:33:58.492+0000] {logging_mixin.py:149} INFO - [2023-06-09T01:33:58.492+0000] {dag.py:2726} INFO - Sync 1 DAGs
[2023-06-09T01:33:58.522+0000] {logging_mixin.py:149} INFO - [2023-06-09T01:33:58.522+0000] {dag.py:3490} INFO - Setting next_dagrun for example_bash_operator to 2023-06-08T00:00:00+00:00, run_after=2023-06-09T00:00:00+00:00
[2023-06-09T01:33:58.538+0000] {processor.py:179} INFO - Processing /home/airflow/.local/lib/python3.7/site-packages/airflow/example_dags/example_bash_operator.py took 0.159 seconds
[2023-06-09T01:34:28.618+0000] {processor.py:157} INFO - Started process (PID=1051) to work on /home/airflow/.local/lib/python3.7/site-packages/airflow/example_dags/example_bash_operator.py
[2023-06-09T01:34:28.621+0000] {processor.py:826} INFO - Processing file /home/airflow/.local/lib/python3.7/site-packages/airflow/example_dags/example_bash_operator.py for tasks to queue
[2023-06-09T01:34:28.623+0000] {logging_mixin.py:149} INFO - [2023-06-09T01:34:28.622+0000] {dagbag.py:541} INFO - Filling up the DagBag from /home/airflow/.local/lib/python3.7/site-packages/airflow/example_dags/example_bash_operator.py
[2023-06-09T01:34:28.643+0000] {processor.py:836} INFO - DAG(s) dict_keys(['example_bash_operator']) retrieved from /home/airflow/.local/lib/python3.7/site-packages/airflow/example_dags/example_bash_operator.py
[2023-06-09T01:34:28.678+0000] {logging_mixin.py:149} INFO - [2023-06-09T01:34:28.678+0000] {dag.py:2726} INFO - Sync 1 DAGs
[2023-06-09T01:34:28.696+0000] {logging_mixin.py:149} INFO - [2023-06-09T01:34:28.696+0000] {dag.py:3490} INFO - Setting next_dagrun for example_bash_operator to 2023-06-08T00:00:00+00:00, run_after=2023-06-09T00:00:00+00:00
[2023-06-09T01:34:28.709+0000] {processor.py:179} INFO - Processing /home/airflow/.local/lib/python3.7/site-packages/airflow/example_dags/example_bash_operator.py took 0.099 seconds
[2023-06-09T01:34:59.263+0000] {processor.py:157} INFO - Started process (PID=1107) to work on /home/airflow/.local/lib/python3.7/site-packages/airflow/example_dags/example_bash_operator.py
[2023-06-09T01:34:59.267+0000] {processor.py:826} INFO - Processing file /home/airflow/.local/lib/python3.7/site-packages/airflow/example_dags/example_bash_operator.py for tasks to queue
[2023-06-09T01:34:59.269+0000] {logging_mixin.py:149} INFO - [2023-06-09T01:34:59.269+0000] {dagbag.py:541} INFO - Filling up the DagBag from /home/airflow/.local/lib/python3.7/site-packages/airflow/example_dags/example_bash_operator.py
[2023-06-09T01:34:59.316+0000] {processor.py:836} INFO - DAG(s) dict_keys(['example_bash_operator']) retrieved from /home/airflow/.local/lib/python3.7/site-packages/airflow/example_dags/example_bash_operator.py
[2023-06-09T01:34:59.359+0000] {logging_mixin.py:149} INFO - [2023-06-09T01:34:59.358+0000] {dag.py:2726} INFO - Sync 1 DAGs
[2023-06-09T01:34:59.384+0000] {logging_mixin.py:149} INFO - [2023-06-09T01:34:59.383+0000] {dag.py:3490} INFO - Setting next_dagrun for example_bash_operator to 2023-06-08T00:00:00+00:00, run_after=2023-06-09T00:00:00+00:00
[2023-06-09T01:34:59.401+0000] {processor.py:179} INFO - Processing /home/airflow/.local/lib/python3.7/site-packages/airflow/example_dags/example_bash_operator.py took 0.147 seconds
[2023-06-09T01:35:29.829+0000] {processor.py:157} INFO - Started process (PID=1163) to work on /home/airflow/.local/lib/python3.7/site-packages/airflow/example_dags/example_bash_operator.py
[2023-06-09T01:35:29.833+0000] {processor.py:826} INFO - Processing file /home/airflow/.local/lib/python3.7/site-packages/airflow/example_dags/example_bash_operator.py for tasks to queue
[2023-06-09T01:35:29.835+0000] {logging_mixin.py:149} INFO - [2023-06-09T01:35:29.835+0000] {dagbag.py:541} INFO - Filling up the DagBag from /home/airflow/.local/lib/python3.7/site-packages/airflow/example_dags/example_bash_operator.py
[2023-06-09T01:35:29.856+0000] {processor.py:836} INFO - DAG(s) dict_keys(['example_bash_operator']) retrieved from /home/airflow/.local/lib/python3.7/site-packages/airflow/example_dags/example_bash_operator.py
[2023-06-09T01:35:29.895+0000] {logging_mixin.py:149} INFO - [2023-06-09T01:35:29.895+0000] {dag.py:2726} INFO - Sync 1 DAGs
[2023-06-09T01:35:29.917+0000] {logging_mixin.py:149} INFO - [2023-06-09T01:35:29.917+0000] {dag.py:3490} INFO - Setting next_dagrun for example_bash_operator to 2023-06-08T00:00:00+00:00, run_after=2023-06-09T00:00:00+00:00
[2023-06-09T01:35:29.930+0000] {processor.py:179} INFO - Processing /home/airflow/.local/lib/python3.7/site-packages/airflow/example_dags/example_bash_operator.py took 0.111 seconds
[2023-06-09T01:36:00.094+0000] {processor.py:157} INFO - Started process (PID=1219) to work on /home/airflow/.local/lib/python3.7/site-packages/airflow/example_dags/example_bash_operator.py
[2023-06-09T01:36:00.098+0000] {processor.py:826} INFO - Processing file /home/airflow/.local/lib/python3.7/site-packages/airflow/example_dags/example_bash_operator.py for tasks to queue
[2023-06-09T01:36:00.100+0000] {logging_mixin.py:149} INFO - [2023-06-09T01:36:00.100+0000] {dagbag.py:541} INFO - Filling up the DagBag from /home/airflow/.local/lib/python3.7/site-packages/airflow/example_dags/example_bash_operator.py
[2023-06-09T01:36:00.129+0000] {processor.py:836} INFO - DAG(s) dict_keys(['example_bash_operator']) retrieved from /home/airflow/.local/lib/python3.7/site-packages/airflow/example_dags/example_bash_operator.py
[2023-06-09T01:36:00.176+0000] {logging_mixin.py:149} INFO - [2023-06-09T01:36:00.176+0000] {dag.py:2726} INFO - Sync 1 DAGs
[2023-06-09T01:36:00.202+0000] {logging_mixin.py:149} INFO - [2023-06-09T01:36:00.202+0000] {dag.py:3490} INFO - Setting next_dagrun for example_bash_operator to 2023-06-08T00:00:00+00:00, run_after=2023-06-09T00:00:00+00:00
[2023-06-09T01:36:00.221+0000] {processor.py:179} INFO - Processing /home/airflow/.local/lib/python3.7/site-packages/airflow/example_dags/example_bash_operator.py took 0.137 seconds
[2023-06-09T01:36:30.962+0000] {processor.py:157} INFO - Started process (PID=1275) to work on /home/airflow/.local/lib/python3.7/site-packages/airflow/example_dags/example_bash_operator.py
[2023-06-09T01:36:30.966+0000] {processor.py:826} INFO - Processing file /home/airflow/.local/lib/python3.7/site-packages/airflow/example_dags/example_bash_operator.py for tasks to queue
[2023-06-09T01:36:30.968+0000] {logging_mixin.py:149} INFO - [2023-06-09T01:36:30.968+0000] {dagbag.py:541} INFO - Filling up the DagBag from /home/airflow/.local/lib/python3.7/site-packages/airflow/example_dags/example_bash_operator.py
[2023-06-09T01:36:30.990+0000] {processor.py:836} INFO - DAG(s) dict_keys(['example_bash_operator']) retrieved from /home/airflow/.local/lib/python3.7/site-packages/airflow/example_dags/example_bash_operator.py
[2023-06-09T01:36:31.022+0000] {logging_mixin.py:149} INFO - [2023-06-09T01:36:31.022+0000] {dag.py:2726} INFO - Sync 1 DAGs
[2023-06-09T01:36:31.042+0000] {logging_mixin.py:149} INFO - [2023-06-09T01:36:31.042+0000] {dag.py:3490} INFO - Setting next_dagrun for example_bash_operator to 2023-06-08T00:00:00+00:00, run_after=2023-06-09T00:00:00+00:00
[2023-06-09T01:36:31.056+0000] {processor.py:179} INFO - Processing /home/airflow/.local/lib/python3.7/site-packages/airflow/example_dags/example_bash_operator.py took 0.104 seconds
[2023-06-09T01:37:01.423+0000] {processor.py:157} INFO - Started process (PID=1331) to work on /home/airflow/.local/lib/python3.7/site-packages/airflow/example_dags/example_bash_operator.py
[2023-06-09T01:37:01.427+0000] {processor.py:826} INFO - Processing file /home/airflow/.local/lib/python3.7/site-packages/airflow/example_dags/example_bash_operator.py for tasks to queue
[2023-06-09T01:37:01.429+0000] {logging_mixin.py:149} INFO - [2023-06-09T01:37:01.428+0000] {dagbag.py:541} INFO - Filling up the DagBag from /home/airflow/.local/lib/python3.7/site-packages/airflow/example_dags/example_bash_operator.py
[2023-06-09T01:37:01.449+0000] {processor.py:836} INFO - DAG(s) dict_keys(['example_bash_operator']) retrieved from /home/airflow/.local/lib/python3.7/site-packages/airflow/example_dags/example_bash_operator.py
[2023-06-09T01:37:01.484+0000] {logging_mixin.py:149} INFO - [2023-06-09T01:37:01.484+0000] {dag.py:2726} INFO - Sync 1 DAGs
[2023-06-09T01:37:01.500+0000] {logging_mixin.py:149} INFO - [2023-06-09T01:37:01.500+0000] {dag.py:3490} INFO - Setting next_dagrun for example_bash_operator to 2023-06-08T00:00:00+00:00, run_after=2023-06-09T00:00:00+00:00
[2023-06-09T01:37:01.511+0000] {processor.py:179} INFO - Processing /home/airflow/.local/lib/python3.7/site-packages/airflow/example_dags/example_bash_operator.py took 0.095 seconds
[2023-06-09T01:37:32.222+0000] {processor.py:157} INFO - Started process (PID=1387) to work on /home/airflow/.local/lib/python3.7/site-packages/airflow/example_dags/example_bash_operator.py
[2023-06-09T01:37:32.225+0000] {processor.py:826} INFO - Processing file /home/airflow/.local/lib/python3.7/site-packages/airflow/example_dags/example_bash_operator.py for tasks to queue
[2023-06-09T01:37:32.227+0000] {logging_mixin.py:149} INFO - [2023-06-09T01:37:32.227+0000] {dagbag.py:541} INFO - Filling up the DagBag from /home/airflow/.local/lib/python3.7/site-packages/airflow/example_dags/example_bash_operator.py
[2023-06-09T01:37:32.248+0000] {processor.py:836} INFO - DAG(s) dict_keys(['example_bash_operator']) retrieved from /home/airflow/.local/lib/python3.7/site-packages/airflow/example_dags/example_bash_operator.py
[2023-06-09T01:37:32.281+0000] {logging_mixin.py:149} INFO - [2023-06-09T01:37:32.281+0000] {dag.py:2726} INFO - Sync 1 DAGs
[2023-06-09T01:37:32.298+0000] {logging_mixin.py:149} INFO - [2023-06-09T01:37:32.298+0000] {dag.py:3490} INFO - Setting next_dagrun for example_bash_operator to 2023-06-08T00:00:00+00:00, run_after=2023-06-09T00:00:00+00:00
[2023-06-09T01:37:32.310+0000] {processor.py:179} INFO - Processing /home/airflow/.local/lib/python3.7/site-packages/airflow/example_dags/example_bash_operator.py took 0.097 seconds
[2023-06-09T01:38:02.722+0000] {processor.py:157} INFO - Started process (PID=1442) to work on /home/airflow/.local/lib/python3.7/site-packages/airflow/example_dags/example_bash_operator.py
[2023-06-09T01:38:02.724+0000] {processor.py:826} INFO - Processing file /home/airflow/.local/lib/python3.7/site-packages/airflow/example_dags/example_bash_operator.py for tasks to queue
[2023-06-09T01:38:02.725+0000] {logging_mixin.py:149} INFO - [2023-06-09T01:38:02.725+0000] {dagbag.py:541} INFO - Filling up the DagBag from /home/airflow/.local/lib/python3.7/site-packages/airflow/example_dags/example_bash_operator.py
[2023-06-09T01:38:02.759+0000] {processor.py:836} INFO - DAG(s) dict_keys(['example_bash_operator']) retrieved from /home/airflow/.local/lib/python3.7/site-packages/airflow/example_dags/example_bash_operator.py
[2023-06-09T01:38:02.808+0000] {logging_mixin.py:149} INFO - [2023-06-09T01:38:02.808+0000] {dag.py:2726} INFO - Sync 1 DAGs
[2023-06-09T01:38:02.830+0000] {logging_mixin.py:149} INFO - [2023-06-09T01:38:02.830+0000] {dag.py:3490} INFO - Setting next_dagrun for example_bash_operator to 2023-06-08T00:00:00+00:00, run_after=2023-06-09T00:00:00+00:00
[2023-06-09T01:38:02.847+0000] {processor.py:179} INFO - Processing /home/airflow/.local/lib/python3.7/site-packages/airflow/example_dags/example_bash_operator.py took 0.132 seconds
[2023-06-09T01:38:33.355+0000] {processor.py:157} INFO - Started process (PID=1498) to work on /home/airflow/.local/lib/python3.7/site-packages/airflow/example_dags/example_bash_operator.py
[2023-06-09T01:38:33.369+0000] {processor.py:826} INFO - Processing file /home/airflow/.local/lib/python3.7/site-packages/airflow/example_dags/example_bash_operator.py for tasks to queue
[2023-06-09T01:38:33.373+0000] {logging_mixin.py:149} INFO - [2023-06-09T01:38:33.373+0000] {dagbag.py:541} INFO - Filling up the DagBag from /home/airflow/.local/lib/python3.7/site-packages/airflow/example_dags/example_bash_operator.py
[2023-06-09T01:38:33.408+0000] {processor.py:836} INFO - DAG(s) dict_keys(['example_bash_operator']) retrieved from /home/airflow/.local/lib/python3.7/site-packages/airflow/example_dags/example_bash_operator.py
[2023-06-09T01:38:33.474+0000] {logging_mixin.py:149} INFO - [2023-06-09T01:38:33.474+0000] {dag.py:2726} INFO - Sync 1 DAGs
[2023-06-09T01:38:33.500+0000] {logging_mixin.py:149} INFO - [2023-06-09T01:38:33.500+0000] {dag.py:3490} INFO - Setting next_dagrun for example_bash_operator to 2023-06-08T00:00:00+00:00, run_after=2023-06-09T00:00:00+00:00
[2023-06-09T01:38:33.515+0000] {processor.py:179} INFO - Processing /home/airflow/.local/lib/python3.7/site-packages/airflow/example_dags/example_bash_operator.py took 0.173 seconds
[2023-06-09T01:39:04.479+0000] {processor.py:157} INFO - Started process (PID=1554) to work on /home/airflow/.local/lib/python3.7/site-packages/airflow/example_dags/example_bash_operator.py
[2023-06-09T01:39:04.482+0000] {processor.py:826} INFO - Processing file /home/airflow/.local/lib/python3.7/site-packages/airflow/example_dags/example_bash_operator.py for tasks to queue
[2023-06-09T01:39:04.483+0000] {logging_mixin.py:149} INFO - [2023-06-09T01:39:04.483+0000] {dagbag.py:541} INFO - Filling up the DagBag from /home/airflow/.local/lib/python3.7/site-packages/airflow/example_dags/example_bash_operator.py
[2023-06-09T01:39:04.507+0000] {processor.py:836} INFO - DAG(s) dict_keys(['example_bash_operator']) retrieved from /home/airflow/.local/lib/python3.7/site-packages/airflow/example_dags/example_bash_operator.py
[2023-06-09T01:39:04.539+0000] {logging_mixin.py:149} INFO - [2023-06-09T01:39:04.539+0000] {dag.py:2726} INFO - Sync 1 DAGs
[2023-06-09T01:39:04.557+0000] {logging_mixin.py:149} INFO - [2023-06-09T01:39:04.557+0000] {dag.py:3490} INFO - Setting next_dagrun for example_bash_operator to 2023-06-08T00:00:00+00:00, run_after=2023-06-09T00:00:00+00:00
[2023-06-09T01:39:04.569+0000] {processor.py:179} INFO - Processing /home/airflow/.local/lib/python3.7/site-packages/airflow/example_dags/example_bash_operator.py took 0.098 seconds
[2023-06-09T01:39:34.799+0000] {processor.py:157} INFO - Started process (PID=1610) to work on /home/airflow/.local/lib/python3.7/site-packages/airflow/example_dags/example_bash_operator.py
[2023-06-09T01:39:34.802+0000] {processor.py:826} INFO - Processing file /home/airflow/.local/lib/python3.7/site-packages/airflow/example_dags/example_bash_operator.py for tasks to queue
[2023-06-09T01:39:34.805+0000] {logging_mixin.py:149} INFO - [2023-06-09T01:39:34.805+0000] {dagbag.py:541} INFO - Filling up the DagBag from /home/airflow/.local/lib/python3.7/site-packages/airflow/example_dags/example_bash_operator.py
[2023-06-09T01:39:34.827+0000] {processor.py:836} INFO - DAG(s) dict_keys(['example_bash_operator']) retrieved from /home/airflow/.local/lib/python3.7/site-packages/airflow/example_dags/example_bash_operator.py
[2023-06-09T01:39:34.860+0000] {logging_mixin.py:149} INFO - [2023-06-09T01:39:34.860+0000] {dag.py:2726} INFO - Sync 1 DAGs
[2023-06-09T01:39:34.880+0000] {logging_mixin.py:149} INFO - [2023-06-09T01:39:34.880+0000] {dag.py:3490} INFO - Setting next_dagrun for example_bash_operator to 2023-06-08T00:00:00+00:00, run_after=2023-06-09T00:00:00+00:00
[2023-06-09T01:39:34.894+0000] {processor.py:179} INFO - Processing /home/airflow/.local/lib/python3.7/site-packages/airflow/example_dags/example_bash_operator.py took 0.104 seconds
[2023-06-09T01:40:05.027+0000] {processor.py:157} INFO - Started process (PID=1667) to work on /home/airflow/.local/lib/python3.7/site-packages/airflow/example_dags/example_bash_operator.py
[2023-06-09T01:40:05.030+0000] {processor.py:826} INFO - Processing file /home/airflow/.local/lib/python3.7/site-packages/airflow/example_dags/example_bash_operator.py for tasks to queue
[2023-06-09T01:40:05.032+0000] {logging_mixin.py:149} INFO - [2023-06-09T01:40:05.031+0000] {dagbag.py:541} INFO - Filling up the DagBag from /home/airflow/.local/lib/python3.7/site-packages/airflow/example_dags/example_bash_operator.py
[2023-06-09T01:40:05.056+0000] {processor.py:836} INFO - DAG(s) dict_keys(['example_bash_operator']) retrieved from /home/airflow/.local/lib/python3.7/site-packages/airflow/example_dags/example_bash_operator.py
[2023-06-09T01:40:05.115+0000] {logging_mixin.py:149} INFO - [2023-06-09T01:40:05.115+0000] {dag.py:2726} INFO - Sync 1 DAGs
[2023-06-09T01:40:05.154+0000] {logging_mixin.py:149} INFO - [2023-06-09T01:40:05.154+0000] {dag.py:3490} INFO - Setting next_dagrun for example_bash_operator to 2023-06-08T00:00:00+00:00, run_after=2023-06-09T00:00:00+00:00
[2023-06-09T01:40:05.170+0000] {processor.py:179} INFO - Processing /home/airflow/.local/lib/python3.7/site-packages/airflow/example_dags/example_bash_operator.py took 0.154 seconds
[2023-06-09T01:40:35.431+0000] {processor.py:157} INFO - Started process (PID=1723) to work on /home/airflow/.local/lib/python3.7/site-packages/airflow/example_dags/example_bash_operator.py
[2023-06-09T01:40:35.437+0000] {processor.py:826} INFO - Processing file /home/airflow/.local/lib/python3.7/site-packages/airflow/example_dags/example_bash_operator.py for tasks to queue
[2023-06-09T01:40:35.440+0000] {logging_mixin.py:149} INFO - [2023-06-09T01:40:35.440+0000] {dagbag.py:541} INFO - Filling up the DagBag from /home/airflow/.local/lib/python3.7/site-packages/airflow/example_dags/example_bash_operator.py
[2023-06-09T01:40:35.481+0000] {processor.py:836} INFO - DAG(s) dict_keys(['example_bash_operator']) retrieved from /home/airflow/.local/lib/python3.7/site-packages/airflow/example_dags/example_bash_operator.py
[2023-06-09T01:40:35.542+0000] {logging_mixin.py:149} INFO - [2023-06-09T01:40:35.542+0000] {dag.py:2726} INFO - Sync 1 DAGs
[2023-06-09T01:40:35.569+0000] {logging_mixin.py:149} INFO - [2023-06-09T01:40:35.569+0000] {dag.py:3490} INFO - Setting next_dagrun for example_bash_operator to 2023-06-08T00:00:00+00:00, run_after=2023-06-09T00:00:00+00:00
[2023-06-09T01:40:35.597+0000] {processor.py:179} INFO - Processing /home/airflow/.local/lib/python3.7/site-packages/airflow/example_dags/example_bash_operator.py took 0.179 seconds
[2023-06-09T01:41:06.228+0000] {processor.py:157} INFO - Started process (PID=1779) to work on /home/airflow/.local/lib/python3.7/site-packages/airflow/example_dags/example_bash_operator.py
[2023-06-09T01:41:06.230+0000] {processor.py:826} INFO - Processing file /home/airflow/.local/lib/python3.7/site-packages/airflow/example_dags/example_bash_operator.py for tasks to queue
[2023-06-09T01:41:06.232+0000] {logging_mixin.py:149} INFO - [2023-06-09T01:41:06.232+0000] {dagbag.py:541} INFO - Filling up the DagBag from /home/airflow/.local/lib/python3.7/site-packages/airflow/example_dags/example_bash_operator.py
[2023-06-09T01:41:06.250+0000] {processor.py:836} INFO - DAG(s) dict_keys(['example_bash_operator']) retrieved from /home/airflow/.local/lib/python3.7/site-packages/airflow/example_dags/example_bash_operator.py
[2023-06-09T01:41:06.283+0000] {logging_mixin.py:149} INFO - [2023-06-09T01:41:06.282+0000] {dag.py:2726} INFO - Sync 1 DAGs
[2023-06-09T01:41:06.301+0000] {logging_mixin.py:149} INFO - [2023-06-09T01:41:06.301+0000] {dag.py:3490} INFO - Setting next_dagrun for example_bash_operator to 2023-06-08T00:00:00+00:00, run_after=2023-06-09T00:00:00+00:00
[2023-06-09T01:41:06.317+0000] {processor.py:179} INFO - Processing /home/airflow/.local/lib/python3.7/site-packages/airflow/example_dags/example_bash_operator.py took 0.097 seconds
[2023-06-09T01:41:36.978+0000] {processor.py:157} INFO - Started process (PID=1836) to work on /home/airflow/.local/lib/python3.7/site-packages/airflow/example_dags/example_bash_operator.py
[2023-06-09T01:41:36.981+0000] {processor.py:826} INFO - Processing file /home/airflow/.local/lib/python3.7/site-packages/airflow/example_dags/example_bash_operator.py for tasks to queue
[2023-06-09T01:41:36.982+0000] {logging_mixin.py:149} INFO - [2023-06-09T01:41:36.982+0000] {dagbag.py:541} INFO - Filling up the DagBag from /home/airflow/.local/lib/python3.7/site-packages/airflow/example_dags/example_bash_operator.py
[2023-06-09T01:41:37.002+0000] {processor.py:836} INFO - DAG(s) dict_keys(['example_bash_operator']) retrieved from /home/airflow/.local/lib/python3.7/site-packages/airflow/example_dags/example_bash_operator.py
[2023-06-09T01:41:37.035+0000] {logging_mixin.py:149} INFO - [2023-06-09T01:41:37.035+0000] {dag.py:2726} INFO - Sync 1 DAGs
[2023-06-09T01:41:37.053+0000] {logging_mixin.py:149} INFO - [2023-06-09T01:41:37.053+0000] {dag.py:3490} INFO - Setting next_dagrun for example_bash_operator to 2023-06-08T00:00:00+00:00, run_after=2023-06-09T00:00:00+00:00
[2023-06-09T01:41:37.066+0000] {processor.py:179} INFO - Processing /home/airflow/.local/lib/python3.7/site-packages/airflow/example_dags/example_bash_operator.py took 0.096 seconds
[2023-06-09T01:42:07.494+0000] {processor.py:157} INFO - Started process (PID=1892) to work on /home/airflow/.local/lib/python3.7/site-packages/airflow/example_dags/example_bash_operator.py
[2023-06-09T01:42:07.497+0000] {processor.py:826} INFO - Processing file /home/airflow/.local/lib/python3.7/site-packages/airflow/example_dags/example_bash_operator.py for tasks to queue
[2023-06-09T01:42:07.498+0000] {logging_mixin.py:149} INFO - [2023-06-09T01:42:07.498+0000] {dagbag.py:541} INFO - Filling up the DagBag from /home/airflow/.local/lib/python3.7/site-packages/airflow/example_dags/example_bash_operator.py
[2023-06-09T01:42:07.518+0000] {processor.py:836} INFO - DAG(s) dict_keys(['example_bash_operator']) retrieved from /home/airflow/.local/lib/python3.7/site-packages/airflow/example_dags/example_bash_operator.py
[2023-06-09T01:42:07.548+0000] {logging_mixin.py:149} INFO - [2023-06-09T01:42:07.548+0000] {dag.py:2726} INFO - Sync 1 DAGs
[2023-06-09T01:42:07.565+0000] {logging_mixin.py:149} INFO - [2023-06-09T01:42:07.565+0000] {dag.py:3490} INFO - Setting next_dagrun for example_bash_operator to 2023-06-08T00:00:00+00:00, run_after=2023-06-09T00:00:00+00:00
[2023-06-09T01:42:07.579+0000] {processor.py:179} INFO - Processing /home/airflow/.local/lib/python3.7/site-packages/airflow/example_dags/example_bash_operator.py took 0.092 seconds
[2023-06-09T01:42:38.156+0000] {processor.py:157} INFO - Started process (PID=1947) to work on /home/airflow/.local/lib/python3.7/site-packages/airflow/example_dags/example_bash_operator.py
[2023-06-09T01:42:38.160+0000] {processor.py:826} INFO - Processing file /home/airflow/.local/lib/python3.7/site-packages/airflow/example_dags/example_bash_operator.py for tasks to queue
[2023-06-09T01:42:38.162+0000] {logging_mixin.py:149} INFO - [2023-06-09T01:42:38.162+0000] {dagbag.py:541} INFO - Filling up the DagBag from /home/airflow/.local/lib/python3.7/site-packages/airflow/example_dags/example_bash_operator.py
[2023-06-09T01:42:38.189+0000] {processor.py:836} INFO - DAG(s) dict_keys(['example_bash_operator']) retrieved from /home/airflow/.local/lib/python3.7/site-packages/airflow/example_dags/example_bash_operator.py
[2023-06-09T01:42:38.227+0000] {logging_mixin.py:149} INFO - [2023-06-09T01:42:38.226+0000] {dag.py:2726} INFO - Sync 1 DAGs
[2023-06-09T01:42:38.249+0000] {logging_mixin.py:149} INFO - [2023-06-09T01:42:38.249+0000] {dag.py:3490} INFO - Setting next_dagrun for example_bash_operator to 2023-06-08T00:00:00+00:00, run_after=2023-06-09T00:00:00+00:00
[2023-06-09T01:42:38.267+0000] {processor.py:179} INFO - Processing /home/airflow/.local/lib/python3.7/site-packages/airflow/example_dags/example_bash_operator.py took 0.119 seconds
[2023-06-09T01:43:09.159+0000] {processor.py:157} INFO - Started process (PID=2003) to work on /home/airflow/.local/lib/python3.7/site-packages/airflow/example_dags/example_bash_operator.py
[2023-06-09T01:43:09.163+0000] {processor.py:826} INFO - Processing file /home/airflow/.local/lib/python3.7/site-packages/airflow/example_dags/example_bash_operator.py for tasks to queue
[2023-06-09T01:43:09.166+0000] {logging_mixin.py:149} INFO - [2023-06-09T01:43:09.166+0000] {dagbag.py:541} INFO - Filling up the DagBag from /home/airflow/.local/lib/python3.7/site-packages/airflow/example_dags/example_bash_operator.py
[2023-06-09T01:43:09.211+0000] {processor.py:836} INFO - DAG(s) dict_keys(['example_bash_operator']) retrieved from /home/airflow/.local/lib/python3.7/site-packages/airflow/example_dags/example_bash_operator.py
[2023-06-09T01:43:09.294+0000] {logging_mixin.py:149} INFO - [2023-06-09T01:43:09.293+0000] {dag.py:2726} INFO - Sync 1 DAGs
[2023-06-09T01:43:09.319+0000] {logging_mixin.py:149} INFO - [2023-06-09T01:43:09.319+0000] {dag.py:3490} INFO - Setting next_dagrun for example_bash_operator to 2023-06-08T00:00:00+00:00, run_after=2023-06-09T00:00:00+00:00
[2023-06-09T01:43:09.349+0000] {processor.py:179} INFO - Processing /home/airflow/.local/lib/python3.7/site-packages/airflow/example_dags/example_bash_operator.py took 0.214 seconds
[2023-06-09T01:43:39.433+0000] {processor.py:157} INFO - Started process (PID=2059) to work on /home/airflow/.local/lib/python3.7/site-packages/airflow/example_dags/example_bash_operator.py
[2023-06-09T01:43:39.436+0000] {processor.py:826} INFO - Processing file /home/airflow/.local/lib/python3.7/site-packages/airflow/example_dags/example_bash_operator.py for tasks to queue
[2023-06-09T01:43:39.439+0000] {logging_mixin.py:149} INFO - [2023-06-09T01:43:39.438+0000] {dagbag.py:541} INFO - Filling up the DagBag from /home/airflow/.local/lib/python3.7/site-packages/airflow/example_dags/example_bash_operator.py
[2023-06-09T01:43:39.459+0000] {processor.py:836} INFO - DAG(s) dict_keys(['example_bash_operator']) retrieved from /home/airflow/.local/lib/python3.7/site-packages/airflow/example_dags/example_bash_operator.py
[2023-06-09T01:43:39.490+0000] {logging_mixin.py:149} INFO - [2023-06-09T01:43:39.490+0000] {dag.py:2726} INFO - Sync 1 DAGs
[2023-06-09T01:43:39.507+0000] {logging_mixin.py:149} INFO - [2023-06-09T01:43:39.506+0000] {dag.py:3490} INFO - Setting next_dagrun for example_bash_operator to 2023-06-08T00:00:00+00:00, run_after=2023-06-09T00:00:00+00:00
[2023-06-09T01:43:39.526+0000] {processor.py:179} INFO - Processing /home/airflow/.local/lib/python3.7/site-packages/airflow/example_dags/example_bash_operator.py took 0.103 seconds
[2023-06-09T01:44:09.616+0000] {processor.py:157} INFO - Started process (PID=2115) to work on /home/airflow/.local/lib/python3.7/site-packages/airflow/example_dags/example_bash_operator.py
[2023-06-09T01:44:09.619+0000] {processor.py:826} INFO - Processing file /home/airflow/.local/lib/python3.7/site-packages/airflow/example_dags/example_bash_operator.py for tasks to queue
[2023-06-09T01:44:09.621+0000] {logging_mixin.py:149} INFO - [2023-06-09T01:44:09.621+0000] {dagbag.py:541} INFO - Filling up the DagBag from /home/airflow/.local/lib/python3.7/site-packages/airflow/example_dags/example_bash_operator.py
[2023-06-09T01:44:09.669+0000] {processor.py:836} INFO - DAG(s) dict_keys(['example_bash_operator']) retrieved from /home/airflow/.local/lib/python3.7/site-packages/airflow/example_dags/example_bash_operator.py
[2023-06-09T01:44:09.723+0000] {logging_mixin.py:149} INFO - [2023-06-09T01:44:09.723+0000] {dag.py:2726} INFO - Sync 1 DAGs
[2023-06-09T01:44:09.751+0000] {logging_mixin.py:149} INFO - [2023-06-09T01:44:09.751+0000] {dag.py:3490} INFO - Setting next_dagrun for example_bash_operator to 2023-06-08T00:00:00+00:00, run_after=2023-06-09T00:00:00+00:00
[2023-06-09T01:44:09.767+0000] {processor.py:179} INFO - Processing /home/airflow/.local/lib/python3.7/site-packages/airflow/example_dags/example_bash_operator.py took 0.162 seconds
[2023-06-09T01:44:39.931+0000] {processor.py:157} INFO - Started process (PID=2172) to work on /home/airflow/.local/lib/python3.7/site-packages/airflow/example_dags/example_bash_operator.py
[2023-06-09T01:44:39.934+0000] {processor.py:826} INFO - Processing file /home/airflow/.local/lib/python3.7/site-packages/airflow/example_dags/example_bash_operator.py for tasks to queue
[2023-06-09T01:44:39.936+0000] {logging_mixin.py:149} INFO - [2023-06-09T01:44:39.936+0000] {dagbag.py:541} INFO - Filling up the DagBag from /home/airflow/.local/lib/python3.7/site-packages/airflow/example_dags/example_bash_operator.py
[2023-06-09T01:44:39.963+0000] {processor.py:836} INFO - DAG(s) dict_keys(['example_bash_operator']) retrieved from /home/airflow/.local/lib/python3.7/site-packages/airflow/example_dags/example_bash_operator.py
[2023-06-09T01:44:40.002+0000] {logging_mixin.py:149} INFO - [2023-06-09T01:44:40.002+0000] {dag.py:2726} INFO - Sync 1 DAGs
[2023-06-09T01:44:40.024+0000] {logging_mixin.py:149} INFO - [2023-06-09T01:44:40.024+0000] {dag.py:3490} INFO - Setting next_dagrun for example_bash_operator to 2023-06-08T00:00:00+00:00, run_after=2023-06-09T00:00:00+00:00
[2023-06-09T01:44:40.039+0000] {processor.py:179} INFO - Processing /home/airflow/.local/lib/python3.7/site-packages/airflow/example_dags/example_bash_operator.py took 0.117 seconds
[2023-06-09T01:45:10.352+0000] {processor.py:157} INFO - Started process (PID=2228) to work on /home/airflow/.local/lib/python3.7/site-packages/airflow/example_dags/example_bash_operator.py
[2023-06-09T01:45:10.359+0000] {processor.py:826} INFO - Processing file /home/airflow/.local/lib/python3.7/site-packages/airflow/example_dags/example_bash_operator.py for tasks to queue
[2023-06-09T01:45:10.361+0000] {logging_mixin.py:149} INFO - [2023-06-09T01:45:10.361+0000] {dagbag.py:541} INFO - Filling up the DagBag from /home/airflow/.local/lib/python3.7/site-packages/airflow/example_dags/example_bash_operator.py
[2023-06-09T01:45:10.391+0000] {processor.py:836} INFO - DAG(s) dict_keys(['example_bash_operator']) retrieved from /home/airflow/.local/lib/python3.7/site-packages/airflow/example_dags/example_bash_operator.py
[2023-06-09T01:45:10.448+0000] {logging_mixin.py:149} INFO - [2023-06-09T01:45:10.448+0000] {dag.py:2726} INFO - Sync 1 DAGs
[2023-06-09T01:45:10.473+0000] {logging_mixin.py:149} INFO - [2023-06-09T01:45:10.473+0000] {dag.py:3490} INFO - Setting next_dagrun for example_bash_operator to 2023-06-08T00:00:00+00:00, run_after=2023-06-09T00:00:00+00:00
[2023-06-09T01:45:10.490+0000] {processor.py:179} INFO - Processing /home/airflow/.local/lib/python3.7/site-packages/airflow/example_dags/example_bash_operator.py took 0.153 seconds
[2023-06-09T01:45:41.507+0000] {processor.py:157} INFO - Started process (PID=2285) to work on /home/airflow/.local/lib/python3.7/site-packages/airflow/example_dags/example_bash_operator.py
[2023-06-09T01:45:41.511+0000] {processor.py:826} INFO - Processing file /home/airflow/.local/lib/python3.7/site-packages/airflow/example_dags/example_bash_operator.py for tasks to queue
[2023-06-09T01:45:41.512+0000] {logging_mixin.py:149} INFO - [2023-06-09T01:45:41.512+0000] {dagbag.py:541} INFO - Filling up the DagBag from /home/airflow/.local/lib/python3.7/site-packages/airflow/example_dags/example_bash_operator.py
[2023-06-09T01:45:41.536+0000] {processor.py:836} INFO - DAG(s) dict_keys(['example_bash_operator']) retrieved from /home/airflow/.local/lib/python3.7/site-packages/airflow/example_dags/example_bash_operator.py
[2023-06-09T01:45:41.573+0000] {logging_mixin.py:149} INFO - [2023-06-09T01:45:41.573+0000] {dag.py:2726} INFO - Sync 1 DAGs
[2023-06-09T01:45:41.594+0000] {logging_mixin.py:149} INFO - [2023-06-09T01:45:41.594+0000] {dag.py:3490} INFO - Setting next_dagrun for example_bash_operator to 2023-06-08T00:00:00+00:00, run_after=2023-06-09T00:00:00+00:00
[2023-06-09T01:45:41.609+0000] {processor.py:179} INFO - Processing /home/airflow/.local/lib/python3.7/site-packages/airflow/example_dags/example_bash_operator.py took 0.112 seconds
[2023-06-09T01:46:12.016+0000] {processor.py:157} INFO - Started process (PID=2341) to work on /home/airflow/.local/lib/python3.7/site-packages/airflow/example_dags/example_bash_operator.py
[2023-06-09T01:46:12.020+0000] {processor.py:826} INFO - Processing file /home/airflow/.local/lib/python3.7/site-packages/airflow/example_dags/example_bash_operator.py for tasks to queue
[2023-06-09T01:46:12.022+0000] {logging_mixin.py:149} INFO - [2023-06-09T01:46:12.022+0000] {dagbag.py:541} INFO - Filling up the DagBag from /home/airflow/.local/lib/python3.7/site-packages/airflow/example_dags/example_bash_operator.py
[2023-06-09T01:46:12.063+0000] {processor.py:836} INFO - DAG(s) dict_keys(['example_bash_operator']) retrieved from /home/airflow/.local/lib/python3.7/site-packages/airflow/example_dags/example_bash_operator.py
[2023-06-09T01:46:12.095+0000] {logging_mixin.py:149} INFO - [2023-06-09T01:46:12.094+0000] {dag.py:2726} INFO - Sync 1 DAGs
[2023-06-09T01:46:12.115+0000] {logging_mixin.py:149} INFO - [2023-06-09T01:46:12.115+0000] {dag.py:3490} INFO - Setting next_dagrun for example_bash_operator to 2023-06-08T00:00:00+00:00, run_after=2023-06-09T00:00:00+00:00
[2023-06-09T01:46:12.130+0000] {processor.py:179} INFO - Processing /home/airflow/.local/lib/python3.7/site-packages/airflow/example_dags/example_bash_operator.py took 0.121 seconds
[2023-06-09T01:46:42.430+0000] {processor.py:157} INFO - Started process (PID=2398) to work on /home/airflow/.local/lib/python3.7/site-packages/airflow/example_dags/example_bash_operator.py
[2023-06-09T01:46:42.432+0000] {processor.py:826} INFO - Processing file /home/airflow/.local/lib/python3.7/site-packages/airflow/example_dags/example_bash_operator.py for tasks to queue
[2023-06-09T01:46:42.434+0000] {logging_mixin.py:149} INFO - [2023-06-09T01:46:42.434+0000] {dagbag.py:541} INFO - Filling up the DagBag from /home/airflow/.local/lib/python3.7/site-packages/airflow/example_dags/example_bash_operator.py
[2023-06-09T01:46:42.454+0000] {processor.py:836} INFO - DAG(s) dict_keys(['example_bash_operator']) retrieved from /home/airflow/.local/lib/python3.7/site-packages/airflow/example_dags/example_bash_operator.py
[2023-06-09T01:46:42.486+0000] {logging_mixin.py:149} INFO - [2023-06-09T01:46:42.486+0000] {dag.py:2726} INFO - Sync 1 DAGs
[2023-06-09T01:46:42.503+0000] {logging_mixin.py:149} INFO - [2023-06-09T01:46:42.503+0000] {dag.py:3490} INFO - Setting next_dagrun for example_bash_operator to 2023-06-08T00:00:00+00:00, run_after=2023-06-09T00:00:00+00:00
[2023-06-09T01:46:42.514+0000] {processor.py:179} INFO - Processing /home/airflow/.local/lib/python3.7/site-packages/airflow/example_dags/example_bash_operator.py took 0.093 seconds
[2023-06-09T01:47:13.255+0000] {processor.py:157} INFO - Started process (PID=2453) to work on /home/airflow/.local/lib/python3.7/site-packages/airflow/example_dags/example_bash_operator.py
[2023-06-09T01:47:13.258+0000] {processor.py:826} INFO - Processing file /home/airflow/.local/lib/python3.7/site-packages/airflow/example_dags/example_bash_operator.py for tasks to queue
[2023-06-09T01:47:13.260+0000] {logging_mixin.py:149} INFO - [2023-06-09T01:47:13.260+0000] {dagbag.py:541} INFO - Filling up the DagBag from /home/airflow/.local/lib/python3.7/site-packages/airflow/example_dags/example_bash_operator.py
[2023-06-09T01:47:13.283+0000] {processor.py:836} INFO - DAG(s) dict_keys(['example_bash_operator']) retrieved from /home/airflow/.local/lib/python3.7/site-packages/airflow/example_dags/example_bash_operator.py
[2023-06-09T01:47:13.317+0000] {logging_mixin.py:149} INFO - [2023-06-09T01:47:13.317+0000] {dag.py:2726} INFO - Sync 1 DAGs
[2023-06-09T01:47:13.353+0000] {logging_mixin.py:149} INFO - [2023-06-09T01:47:13.352+0000] {dag.py:3490} INFO - Setting next_dagrun for example_bash_operator to 2023-06-08T00:00:00+00:00, run_after=2023-06-09T00:00:00+00:00
[2023-06-09T01:47:13.367+0000] {processor.py:179} INFO - Processing /home/airflow/.local/lib/python3.7/site-packages/airflow/example_dags/example_bash_operator.py took 0.121 seconds
[2023-06-09T01:47:43.800+0000] {processor.py:157} INFO - Started process (PID=2509) to work on /home/airflow/.local/lib/python3.7/site-packages/airflow/example_dags/example_bash_operator.py
[2023-06-09T01:47:43.803+0000] {processor.py:826} INFO - Processing file /home/airflow/.local/lib/python3.7/site-packages/airflow/example_dags/example_bash_operator.py for tasks to queue
[2023-06-09T01:47:43.804+0000] {logging_mixin.py:149} INFO - [2023-06-09T01:47:43.804+0000] {dagbag.py:541} INFO - Filling up the DagBag from /home/airflow/.local/lib/python3.7/site-packages/airflow/example_dags/example_bash_operator.py
[2023-06-09T01:47:43.841+0000] {processor.py:836} INFO - DAG(s) dict_keys(['example_bash_operator']) retrieved from /home/airflow/.local/lib/python3.7/site-packages/airflow/example_dags/example_bash_operator.py
[2023-06-09T01:47:43.892+0000] {logging_mixin.py:149} INFO - [2023-06-09T01:47:43.892+0000] {dag.py:2726} INFO - Sync 1 DAGs
[2023-06-09T01:47:43.921+0000] {logging_mixin.py:149} INFO - [2023-06-09T01:47:43.921+0000] {dag.py:3490} INFO - Setting next_dagrun for example_bash_operator to 2023-06-08T00:00:00+00:00, run_after=2023-06-09T00:00:00+00:00
[2023-06-09T01:47:43.941+0000] {processor.py:179} INFO - Processing /home/airflow/.local/lib/python3.7/site-packages/airflow/example_dags/example_bash_operator.py took 0.147 seconds
[2023-06-09T01:48:14.532+0000] {processor.py:157} INFO - Started process (PID=2566) to work on /home/airflow/.local/lib/python3.7/site-packages/airflow/example_dags/example_bash_operator.py
[2023-06-09T01:48:14.535+0000] {processor.py:826} INFO - Processing file /home/airflow/.local/lib/python3.7/site-packages/airflow/example_dags/example_bash_operator.py for tasks to queue
[2023-06-09T01:48:14.537+0000] {logging_mixin.py:149} INFO - [2023-06-09T01:48:14.537+0000] {dagbag.py:541} INFO - Filling up the DagBag from /home/airflow/.local/lib/python3.7/site-packages/airflow/example_dags/example_bash_operator.py
[2023-06-09T01:48:14.578+0000] {processor.py:836} INFO - DAG(s) dict_keys(['example_bash_operator']) retrieved from /home/airflow/.local/lib/python3.7/site-packages/airflow/example_dags/example_bash_operator.py
[2023-06-09T01:48:14.624+0000] {logging_mixin.py:149} INFO - [2023-06-09T01:48:14.624+0000] {dag.py:2726} INFO - Sync 1 DAGs
[2023-06-09T01:48:14.649+0000] {logging_mixin.py:149} INFO - [2023-06-09T01:48:14.649+0000] {dag.py:3490} INFO - Setting next_dagrun for example_bash_operator to 2023-06-08T00:00:00+00:00, run_after=2023-06-09T00:00:00+00:00
[2023-06-09T01:48:14.692+0000] {processor.py:179} INFO - Processing /home/airflow/.local/lib/python3.7/site-packages/airflow/example_dags/example_bash_operator.py took 0.168 seconds
[2023-06-09T01:48:44.804+0000] {processor.py:157} INFO - Started process (PID=2622) to work on /home/airflow/.local/lib/python3.7/site-packages/airflow/example_dags/example_bash_operator.py
[2023-06-09T01:48:44.807+0000] {processor.py:826} INFO - Processing file /home/airflow/.local/lib/python3.7/site-packages/airflow/example_dags/example_bash_operator.py for tasks to queue
[2023-06-09T01:48:44.809+0000] {logging_mixin.py:149} INFO - [2023-06-09T01:48:44.809+0000] {dagbag.py:541} INFO - Filling up the DagBag from /home/airflow/.local/lib/python3.7/site-packages/airflow/example_dags/example_bash_operator.py
[2023-06-09T01:48:44.844+0000] {processor.py:836} INFO - DAG(s) dict_keys(['example_bash_operator']) retrieved from /home/airflow/.local/lib/python3.7/site-packages/airflow/example_dags/example_bash_operator.py
[2023-06-09T01:48:44.886+0000] {logging_mixin.py:149} INFO - [2023-06-09T01:48:44.886+0000] {dag.py:2726} INFO - Sync 1 DAGs
[2023-06-09T01:48:44.907+0000] {logging_mixin.py:149} INFO - [2023-06-09T01:48:44.907+0000] {dag.py:3490} INFO - Setting next_dagrun for example_bash_operator to 2023-06-08T00:00:00+00:00, run_after=2023-06-09T00:00:00+00:00
[2023-06-09T01:48:44.924+0000] {processor.py:179} INFO - Processing /home/airflow/.local/lib/python3.7/site-packages/airflow/example_dags/example_bash_operator.py took 0.128 seconds
[2023-06-09T01:49:15.109+0000] {processor.py:157} INFO - Started process (PID=2678) to work on /home/airflow/.local/lib/python3.7/site-packages/airflow/example_dags/example_bash_operator.py
[2023-06-09T01:49:15.112+0000] {processor.py:826} INFO - Processing file /home/airflow/.local/lib/python3.7/site-packages/airflow/example_dags/example_bash_operator.py for tasks to queue
[2023-06-09T01:49:15.114+0000] {logging_mixin.py:149} INFO - [2023-06-09T01:49:15.113+0000] {dagbag.py:541} INFO - Filling up the DagBag from /home/airflow/.local/lib/python3.7/site-packages/airflow/example_dags/example_bash_operator.py
[2023-06-09T01:49:15.131+0000] {processor.py:836} INFO - DAG(s) dict_keys(['example_bash_operator']) retrieved from /home/airflow/.local/lib/python3.7/site-packages/airflow/example_dags/example_bash_operator.py
[2023-06-09T01:49:15.181+0000] {logging_mixin.py:149} INFO - [2023-06-09T01:49:15.181+0000] {dag.py:2726} INFO - Sync 1 DAGs
[2023-06-09T01:49:15.203+0000] {logging_mixin.py:149} INFO - [2023-06-09T01:49:15.203+0000] {dag.py:3490} INFO - Setting next_dagrun for example_bash_operator to 2023-06-08T00:00:00+00:00, run_after=2023-06-09T00:00:00+00:00
[2023-06-09T01:49:15.218+0000] {processor.py:179} INFO - Processing /home/airflow/.local/lib/python3.7/site-packages/airflow/example_dags/example_bash_operator.py took 0.118 seconds
[2023-06-09T01:49:45.293+0000] {processor.py:157} INFO - Started process (PID=2733) to work on /home/airflow/.local/lib/python3.7/site-packages/airflow/example_dags/example_bash_operator.py
[2023-06-09T01:49:45.297+0000] {processor.py:826} INFO - Processing file /home/airflow/.local/lib/python3.7/site-packages/airflow/example_dags/example_bash_operator.py for tasks to queue
[2023-06-09T01:49:45.299+0000] {logging_mixin.py:149} INFO - [2023-06-09T01:49:45.299+0000] {dagbag.py:541} INFO - Filling up the DagBag from /home/airflow/.local/lib/python3.7/site-packages/airflow/example_dags/example_bash_operator.py
[2023-06-09T01:49:45.323+0000] {processor.py:836} INFO - DAG(s) dict_keys(['example_bash_operator']) retrieved from /home/airflow/.local/lib/python3.7/site-packages/airflow/example_dags/example_bash_operator.py
[2023-06-09T01:49:45.363+0000] {logging_mixin.py:149} INFO - [2023-06-09T01:49:45.363+0000] {dag.py:2726} INFO - Sync 1 DAGs
[2023-06-09T01:49:45.387+0000] {logging_mixin.py:149} INFO - [2023-06-09T01:49:45.387+0000] {dag.py:3490} INFO - Setting next_dagrun for example_bash_operator to 2023-06-08T00:00:00+00:00, run_after=2023-06-09T00:00:00+00:00
[2023-06-09T01:49:45.413+0000] {processor.py:179} INFO - Processing /home/airflow/.local/lib/python3.7/site-packages/airflow/example_dags/example_bash_operator.py took 0.129 seconds
[2023-06-09T01:50:16.035+0000] {processor.py:157} INFO - Started process (PID=2789) to work on /home/airflow/.local/lib/python3.7/site-packages/airflow/example_dags/example_bash_operator.py
[2023-06-09T01:50:16.038+0000] {processor.py:826} INFO - Processing file /home/airflow/.local/lib/python3.7/site-packages/airflow/example_dags/example_bash_operator.py for tasks to queue
[2023-06-09T01:50:16.040+0000] {logging_mixin.py:149} INFO - [2023-06-09T01:50:16.040+0000] {dagbag.py:541} INFO - Filling up the DagBag from /home/airflow/.local/lib/python3.7/site-packages/airflow/example_dags/example_bash_operator.py
[2023-06-09T01:50:16.069+0000] {processor.py:836} INFO - DAG(s) dict_keys(['example_bash_operator']) retrieved from /home/airflow/.local/lib/python3.7/site-packages/airflow/example_dags/example_bash_operator.py
[2023-06-09T01:50:16.124+0000] {logging_mixin.py:149} INFO - [2023-06-09T01:50:16.123+0000] {dag.py:2726} INFO - Sync 1 DAGs
[2023-06-09T01:50:16.147+0000] {logging_mixin.py:149} INFO - [2023-06-09T01:50:16.147+0000] {dag.py:3490} INFO - Setting next_dagrun for example_bash_operator to 2023-06-08T00:00:00+00:00, run_after=2023-06-09T00:00:00+00:00
[2023-06-09T01:50:16.163+0000] {processor.py:179} INFO - Processing /home/airflow/.local/lib/python3.7/site-packages/airflow/example_dags/example_bash_operator.py took 0.139 seconds
[2023-06-09T01:50:46.347+0000] {processor.py:157} INFO - Started process (PID=2845) to work on /home/airflow/.local/lib/python3.7/site-packages/airflow/example_dags/example_bash_operator.py
[2023-06-09T01:50:46.350+0000] {processor.py:826} INFO - Processing file /home/airflow/.local/lib/python3.7/site-packages/airflow/example_dags/example_bash_operator.py for tasks to queue
[2023-06-09T01:50:46.352+0000] {logging_mixin.py:149} INFO - [2023-06-09T01:50:46.352+0000] {dagbag.py:541} INFO - Filling up the DagBag from /home/airflow/.local/lib/python3.7/site-packages/airflow/example_dags/example_bash_operator.py
[2023-06-09T01:50:46.375+0000] {processor.py:836} INFO - DAG(s) dict_keys(['example_bash_operator']) retrieved from /home/airflow/.local/lib/python3.7/site-packages/airflow/example_dags/example_bash_operator.py
[2023-06-09T01:50:46.435+0000] {logging_mixin.py:149} INFO - [2023-06-09T01:50:46.435+0000] {dag.py:2726} INFO - Sync 1 DAGs
[2023-06-09T01:50:46.459+0000] {logging_mixin.py:149} INFO - [2023-06-09T01:50:46.459+0000] {dag.py:3490} INFO - Setting next_dagrun for example_bash_operator to 2023-06-08T00:00:00+00:00, run_after=2023-06-09T00:00:00+00:00
[2023-06-09T01:50:46.475+0000] {processor.py:179} INFO - Processing /home/airflow/.local/lib/python3.7/site-packages/airflow/example_dags/example_bash_operator.py took 0.138 seconds
[2023-06-09T01:51:16.742+0000] {processor.py:157} INFO - Started process (PID=2901) to work on /home/airflow/.local/lib/python3.7/site-packages/airflow/example_dags/example_bash_operator.py
[2023-06-09T01:51:16.745+0000] {processor.py:826} INFO - Processing file /home/airflow/.local/lib/python3.7/site-packages/airflow/example_dags/example_bash_operator.py for tasks to queue
[2023-06-09T01:51:16.746+0000] {logging_mixin.py:149} INFO - [2023-06-09T01:51:16.746+0000] {dagbag.py:541} INFO - Filling up the DagBag from /home/airflow/.local/lib/python3.7/site-packages/airflow/example_dags/example_bash_operator.py
[2023-06-09T01:51:16.763+0000] {processor.py:836} INFO - DAG(s) dict_keys(['example_bash_operator']) retrieved from /home/airflow/.local/lib/python3.7/site-packages/airflow/example_dags/example_bash_operator.py
[2023-06-09T01:51:16.792+0000] {logging_mixin.py:149} INFO - [2023-06-09T01:51:16.792+0000] {dag.py:2726} INFO - Sync 1 DAGs
[2023-06-09T01:51:16.808+0000] {logging_mixin.py:149} INFO - [2023-06-09T01:51:16.808+0000] {dag.py:3490} INFO - Setting next_dagrun for example_bash_operator to 2023-06-08T00:00:00+00:00, run_after=2023-06-09T00:00:00+00:00
[2023-06-09T01:51:16.820+0000] {processor.py:179} INFO - Processing /home/airflow/.local/lib/python3.7/site-packages/airflow/example_dags/example_bash_operator.py took 0.085 seconds
[2023-06-09T01:51:47.107+0000] {processor.py:157} INFO - Started process (PID=2957) to work on /home/airflow/.local/lib/python3.7/site-packages/airflow/example_dags/example_bash_operator.py
[2023-06-09T01:51:47.109+0000] {processor.py:826} INFO - Processing file /home/airflow/.local/lib/python3.7/site-packages/airflow/example_dags/example_bash_operator.py for tasks to queue
[2023-06-09T01:51:47.110+0000] {logging_mixin.py:149} INFO - [2023-06-09T01:51:47.110+0000] {dagbag.py:541} INFO - Filling up the DagBag from /home/airflow/.local/lib/python3.7/site-packages/airflow/example_dags/example_bash_operator.py
[2023-06-09T01:51:47.128+0000] {processor.py:836} INFO - DAG(s) dict_keys(['example_bash_operator']) retrieved from /home/airflow/.local/lib/python3.7/site-packages/airflow/example_dags/example_bash_operator.py
[2023-06-09T01:51:47.159+0000] {logging_mixin.py:149} INFO - [2023-06-09T01:51:47.158+0000] {dag.py:2726} INFO - Sync 1 DAGs
[2023-06-09T01:51:47.176+0000] {logging_mixin.py:149} INFO - [2023-06-09T01:51:47.176+0000] {dag.py:3490} INFO - Setting next_dagrun for example_bash_operator to 2023-06-08T00:00:00+00:00, run_after=2023-06-09T00:00:00+00:00
[2023-06-09T01:51:47.189+0000] {processor.py:179} INFO - Processing /home/airflow/.local/lib/python3.7/site-packages/airflow/example_dags/example_bash_operator.py took 0.089 seconds
[2023-06-09T01:52:17.314+0000] {processor.py:157} INFO - Started process (PID=3013) to work on /home/airflow/.local/lib/python3.7/site-packages/airflow/example_dags/example_bash_operator.py
[2023-06-09T01:52:17.318+0000] {processor.py:826} INFO - Processing file /home/airflow/.local/lib/python3.7/site-packages/airflow/example_dags/example_bash_operator.py for tasks to queue
[2023-06-09T01:52:17.321+0000] {logging_mixin.py:149} INFO - [2023-06-09T01:52:17.320+0000] {dagbag.py:541} INFO - Filling up the DagBag from /home/airflow/.local/lib/python3.7/site-packages/airflow/example_dags/example_bash_operator.py
[2023-06-09T01:52:17.359+0000] {processor.py:836} INFO - DAG(s) dict_keys(['example_bash_operator']) retrieved from /home/airflow/.local/lib/python3.7/site-packages/airflow/example_dags/example_bash_operator.py
[2023-06-09T01:52:17.407+0000] {logging_mixin.py:149} INFO - [2023-06-09T01:52:17.406+0000] {dag.py:2726} INFO - Sync 1 DAGs
[2023-06-09T01:52:17.439+0000] {logging_mixin.py:149} INFO - [2023-06-09T01:52:17.439+0000] {dag.py:3490} INFO - Setting next_dagrun for example_bash_operator to 2023-06-08T00:00:00+00:00, run_after=2023-06-09T00:00:00+00:00
[2023-06-09T01:52:17.456+0000] {processor.py:179} INFO - Processing /home/airflow/.local/lib/python3.7/site-packages/airflow/example_dags/example_bash_operator.py took 0.152 seconds
[2023-06-09T01:52:47.744+0000] {processor.py:157} INFO - Started process (PID=3069) to work on /home/airflow/.local/lib/python3.7/site-packages/airflow/example_dags/example_bash_operator.py
[2023-06-09T01:52:47.746+0000] {processor.py:826} INFO - Processing file /home/airflow/.local/lib/python3.7/site-packages/airflow/example_dags/example_bash_operator.py for tasks to queue
[2023-06-09T01:52:47.748+0000] {logging_mixin.py:149} INFO - [2023-06-09T01:52:47.748+0000] {dagbag.py:541} INFO - Filling up the DagBag from /home/airflow/.local/lib/python3.7/site-packages/airflow/example_dags/example_bash_operator.py
[2023-06-09T01:52:47.770+0000] {processor.py:836} INFO - DAG(s) dict_keys(['example_bash_operator']) retrieved from /home/airflow/.local/lib/python3.7/site-packages/airflow/example_dags/example_bash_operator.py
[2023-06-09T01:52:47.799+0000] {logging_mixin.py:149} INFO - [2023-06-09T01:52:47.799+0000] {dag.py:2726} INFO - Sync 1 DAGs
[2023-06-09T01:52:47.815+0000] {logging_mixin.py:149} INFO - [2023-06-09T01:52:47.815+0000] {dag.py:3490} INFO - Setting next_dagrun for example_bash_operator to 2023-06-08T00:00:00+00:00, run_after=2023-06-09T00:00:00+00:00
[2023-06-09T01:52:47.826+0000] {processor.py:179} INFO - Processing /home/airflow/.local/lib/python3.7/site-packages/airflow/example_dags/example_bash_operator.py took 0.091 seconds
[2023-06-09T01:53:49.965+0000] {processor.py:157} INFO - Started process (PID=42) to work on /home/airflow/.local/lib/python3.7/site-packages/airflow/example_dags/example_bash_operator.py
[2023-06-09T01:53:49.966+0000] {processor.py:826} INFO - Processing file /home/airflow/.local/lib/python3.7/site-packages/airflow/example_dags/example_bash_operator.py for tasks to queue
[2023-06-09T01:53:49.967+0000] {logging_mixin.py:149} INFO - [2023-06-09T01:53:49.967+0000] {dagbag.py:541} INFO - Filling up the DagBag from /home/airflow/.local/lib/python3.7/site-packages/airflow/example_dags/example_bash_operator.py
[2023-06-09T01:53:49.981+0000] {processor.py:836} INFO - DAG(s) dict_keys(['example_bash_operator']) retrieved from /home/airflow/.local/lib/python3.7/site-packages/airflow/example_dags/example_bash_operator.py
[2023-06-09T01:53:49.994+0000] {logging_mixin.py:149} INFO - [2023-06-09T01:53:49.994+0000] {dag.py:2726} INFO - Sync 1 DAGs
[2023-06-09T01:53:50.018+0000] {logging_mixin.py:149} INFO - [2023-06-09T01:53:50.018+0000] {dag.py:3490} INFO - Setting next_dagrun for example_bash_operator to 2023-06-08T00:00:00+00:00, run_after=2023-06-09T00:00:00+00:00
[2023-06-09T01:53:50.032+0000] {processor.py:179} INFO - Processing /home/airflow/.local/lib/python3.7/site-packages/airflow/example_dags/example_bash_operator.py took 0.070 seconds
