[2023-06-09T01:25:34.815+0000] {processor.py:157} INFO - Started process (PID=72) to work on /home/airflow/.local/lib/python3.7/site-packages/airflow/example_dags/example_sensors.py
[2023-06-09T01:25:34.835+0000] {processor.py:826} INFO - Processing file /home/airflow/.local/lib/python3.7/site-packages/airflow/example_dags/example_sensors.py for tasks to queue
[2023-06-09T01:25:34.860+0000] {logging_mixin.py:149} INFO - [2023-06-09T01:25:34.860+0000] {dagbag.py:541} INFO - Filling up the DagBag from /home/airflow/.local/lib/python3.7/site-packages/airflow/example_dags/example_sensors.py
[2023-06-09T01:25:34.894+0000] {processor.py:836} INFO - DAG(s) dict_keys(['example_sensors']) retrieved from /home/airflow/.local/lib/python3.7/site-packages/airflow/example_dags/example_sensors.py
[2023-06-09T01:25:35.202+0000] {logging_mixin.py:149} INFO - [2023-06-09T01:25:35.201+0000] {manager.py:504} INFO - Created Permission View: can delete on DAG:example_sensors
[2023-06-09T01:25:35.225+0000] {logging_mixin.py:149} INFO - [2023-06-09T01:25:35.224+0000] {manager.py:504} INFO - Created Permission View: can edit on DAG:example_sensors
[2023-06-09T01:25:35.281+0000] {logging_mixin.py:149} INFO - [2023-06-09T01:25:35.281+0000] {manager.py:504} INFO - Created Permission View: can read on DAG:example_sensors
[2023-06-09T01:25:35.284+0000] {logging_mixin.py:149} INFO - [2023-06-09T01:25:35.284+0000] {dag.py:2726} INFO - Sync 1 DAGs
[2023-06-09T01:25:35.313+0000] {logging_mixin.py:149} INFO - [2023-06-09T01:25:35.312+0000] {dag.py:2747} INFO - Creating ORM DAG for example_sensors
[2023-06-09T01:25:35.347+0000] {logging_mixin.py:149} INFO - [2023-06-09T01:25:35.347+0000] {dag.py:3490} INFO - Setting next_dagrun for example_sensors to None, run_after=None
[2023-06-09T01:25:35.384+0000] {processor.py:179} INFO - Processing /home/airflow/.local/lib/python3.7/site-packages/airflow/example_dags/example_sensors.py took 0.579 seconds
[2023-06-09T01:26:06.194+0000] {processor.py:157} INFO - Started process (PID=128) to work on /home/airflow/.local/lib/python3.7/site-packages/airflow/example_dags/example_sensors.py
[2023-06-09T01:26:06.201+0000] {processor.py:826} INFO - Processing file /home/airflow/.local/lib/python3.7/site-packages/airflow/example_dags/example_sensors.py for tasks to queue
[2023-06-09T01:26:06.203+0000] {logging_mixin.py:149} INFO - [2023-06-09T01:26:06.203+0000] {dagbag.py:541} INFO - Filling up the DagBag from /home/airflow/.local/lib/python3.7/site-packages/airflow/example_dags/example_sensors.py
[2023-06-09T01:26:06.231+0000] {processor.py:836} INFO - DAG(s) dict_keys(['example_sensors']) retrieved from /home/airflow/.local/lib/python3.7/site-packages/airflow/example_dags/example_sensors.py
[2023-06-09T01:26:06.336+0000] {logging_mixin.py:149} INFO - [2023-06-09T01:26:06.336+0000] {dag.py:2726} INFO - Sync 1 DAGs
[2023-06-09T01:26:06.404+0000] {logging_mixin.py:149} INFO - [2023-06-09T01:26:06.403+0000] {dag.py:3490} INFO - Setting next_dagrun for example_sensors to None, run_after=None
[2023-06-09T01:26:06.461+0000] {processor.py:179} INFO - Processing /home/airflow/.local/lib/python3.7/site-packages/airflow/example_dags/example_sensors.py took 0.300 seconds
[2023-06-09T01:26:36.859+0000] {processor.py:157} INFO - Started process (PID=183) to work on /home/airflow/.local/lib/python3.7/site-packages/airflow/example_dags/example_sensors.py
[2023-06-09T01:26:36.862+0000] {processor.py:826} INFO - Processing file /home/airflow/.local/lib/python3.7/site-packages/airflow/example_dags/example_sensors.py for tasks to queue
[2023-06-09T01:26:36.864+0000] {logging_mixin.py:149} INFO - [2023-06-09T01:26:36.863+0000] {dagbag.py:541} INFO - Filling up the DagBag from /home/airflow/.local/lib/python3.7/site-packages/airflow/example_dags/example_sensors.py
[2023-06-09T01:26:36.877+0000] {processor.py:836} INFO - DAG(s) dict_keys(['example_sensors']) retrieved from /home/airflow/.local/lib/python3.7/site-packages/airflow/example_dags/example_sensors.py
[2023-06-09T01:26:36.907+0000] {logging_mixin.py:149} INFO - [2023-06-09T01:26:36.907+0000] {dag.py:2726} INFO - Sync 1 DAGs
[2023-06-09T01:26:36.923+0000] {logging_mixin.py:149} INFO - [2023-06-09T01:26:36.923+0000] {dag.py:3490} INFO - Setting next_dagrun for example_sensors to None, run_after=None
[2023-06-09T01:26:36.934+0000] {processor.py:179} INFO - Processing /home/airflow/.local/lib/python3.7/site-packages/airflow/example_dags/example_sensors.py took 0.082 seconds
[2023-06-09T01:27:07.254+0000] {processor.py:157} INFO - Started process (PID=240) to work on /home/airflow/.local/lib/python3.7/site-packages/airflow/example_dags/example_sensors.py
[2023-06-09T01:27:07.256+0000] {processor.py:826} INFO - Processing file /home/airflow/.local/lib/python3.7/site-packages/airflow/example_dags/example_sensors.py for tasks to queue
[2023-06-09T01:27:07.258+0000] {logging_mixin.py:149} INFO - [2023-06-09T01:27:07.257+0000] {dagbag.py:541} INFO - Filling up the DagBag from /home/airflow/.local/lib/python3.7/site-packages/airflow/example_dags/example_sensors.py
[2023-06-09T01:27:07.270+0000] {processor.py:836} INFO - DAG(s) dict_keys(['example_sensors']) retrieved from /home/airflow/.local/lib/python3.7/site-packages/airflow/example_dags/example_sensors.py
[2023-06-09T01:27:07.299+0000] {logging_mixin.py:149} INFO - [2023-06-09T01:27:07.299+0000] {dag.py:2726} INFO - Sync 1 DAGs
[2023-06-09T01:27:07.318+0000] {logging_mixin.py:149} INFO - [2023-06-09T01:27:07.318+0000] {dag.py:3490} INFO - Setting next_dagrun for example_sensors to None, run_after=None
[2023-06-09T01:27:07.331+0000] {processor.py:179} INFO - Processing /home/airflow/.local/lib/python3.7/site-packages/airflow/example_dags/example_sensors.py took 0.083 seconds
[2023-06-09T01:27:37.727+0000] {processor.py:157} INFO - Started process (PID=296) to work on /home/airflow/.local/lib/python3.7/site-packages/airflow/example_dags/example_sensors.py
[2023-06-09T01:27:37.728+0000] {processor.py:826} INFO - Processing file /home/airflow/.local/lib/python3.7/site-packages/airflow/example_dags/example_sensors.py for tasks to queue
[2023-06-09T01:27:37.729+0000] {logging_mixin.py:149} INFO - [2023-06-09T01:27:37.729+0000] {dagbag.py:541} INFO - Filling up the DagBag from /home/airflow/.local/lib/python3.7/site-packages/airflow/example_dags/example_sensors.py
[2023-06-09T01:27:37.741+0000] {processor.py:836} INFO - DAG(s) dict_keys(['example_sensors']) retrieved from /home/airflow/.local/lib/python3.7/site-packages/airflow/example_dags/example_sensors.py
[2023-06-09T01:27:37.772+0000] {logging_mixin.py:149} INFO - [2023-06-09T01:27:37.771+0000] {dag.py:2726} INFO - Sync 1 DAGs
[2023-06-09T01:27:37.793+0000] {logging_mixin.py:149} INFO - [2023-06-09T01:27:37.793+0000] {dag.py:3490} INFO - Setting next_dagrun for example_sensors to None, run_after=None
[2023-06-09T01:27:37.809+0000] {processor.py:179} INFO - Processing /home/airflow/.local/lib/python3.7/site-packages/airflow/example_dags/example_sensors.py took 0.087 seconds
[2023-06-09T01:28:08.242+0000] {processor.py:157} INFO - Started process (PID=352) to work on /home/airflow/.local/lib/python3.7/site-packages/airflow/example_dags/example_sensors.py
[2023-06-09T01:28:08.243+0000] {processor.py:826} INFO - Processing file /home/airflow/.local/lib/python3.7/site-packages/airflow/example_dags/example_sensors.py for tasks to queue
[2023-06-09T01:28:08.244+0000] {logging_mixin.py:149} INFO - [2023-06-09T01:28:08.244+0000] {dagbag.py:541} INFO - Filling up the DagBag from /home/airflow/.local/lib/python3.7/site-packages/airflow/example_dags/example_sensors.py
[2023-06-09T01:28:08.255+0000] {processor.py:836} INFO - DAG(s) dict_keys(['example_sensors']) retrieved from /home/airflow/.local/lib/python3.7/site-packages/airflow/example_dags/example_sensors.py
[2023-06-09T01:28:08.283+0000] {logging_mixin.py:149} INFO - [2023-06-09T01:28:08.283+0000] {dag.py:2726} INFO - Sync 1 DAGs
[2023-06-09T01:28:08.302+0000] {logging_mixin.py:149} INFO - [2023-06-09T01:28:08.302+0000] {dag.py:3490} INFO - Setting next_dagrun for example_sensors to None, run_after=None
[2023-06-09T01:28:08.315+0000] {processor.py:179} INFO - Processing /home/airflow/.local/lib/python3.7/site-packages/airflow/example_dags/example_sensors.py took 0.077 seconds
[2023-06-09T01:28:38.970+0000] {processor.py:157} INFO - Started process (PID=408) to work on /home/airflow/.local/lib/python3.7/site-packages/airflow/example_dags/example_sensors.py
[2023-06-09T01:28:38.972+0000] {processor.py:826} INFO - Processing file /home/airflow/.local/lib/python3.7/site-packages/airflow/example_dags/example_sensors.py for tasks to queue
[2023-06-09T01:28:38.973+0000] {logging_mixin.py:149} INFO - [2023-06-09T01:28:38.973+0000] {dagbag.py:541} INFO - Filling up the DagBag from /home/airflow/.local/lib/python3.7/site-packages/airflow/example_dags/example_sensors.py
[2023-06-09T01:28:38.984+0000] {processor.py:836} INFO - DAG(s) dict_keys(['example_sensors']) retrieved from /home/airflow/.local/lib/python3.7/site-packages/airflow/example_dags/example_sensors.py
[2023-06-09T01:28:39.011+0000] {logging_mixin.py:149} INFO - [2023-06-09T01:28:39.011+0000] {dag.py:2726} INFO - Sync 1 DAGs
[2023-06-09T01:28:39.032+0000] {logging_mixin.py:149} INFO - [2023-06-09T01:28:39.032+0000] {dag.py:3490} INFO - Setting next_dagrun for example_sensors to None, run_after=None
[2023-06-09T01:28:39.048+0000] {processor.py:179} INFO - Processing /home/airflow/.local/lib/python3.7/site-packages/airflow/example_dags/example_sensors.py took 0.083 seconds
[2023-06-09T01:29:09.293+0000] {processor.py:157} INFO - Started process (PID=463) to work on /home/airflow/.local/lib/python3.7/site-packages/airflow/example_dags/example_sensors.py
[2023-06-09T01:29:09.295+0000] {processor.py:826} INFO - Processing file /home/airflow/.local/lib/python3.7/site-packages/airflow/example_dags/example_sensors.py for tasks to queue
[2023-06-09T01:29:09.297+0000] {logging_mixin.py:149} INFO - [2023-06-09T01:29:09.297+0000] {dagbag.py:541} INFO - Filling up the DagBag from /home/airflow/.local/lib/python3.7/site-packages/airflow/example_dags/example_sensors.py
[2023-06-09T01:29:09.316+0000] {processor.py:836} INFO - DAG(s) dict_keys(['example_sensors']) retrieved from /home/airflow/.local/lib/python3.7/site-packages/airflow/example_dags/example_sensors.py
[2023-06-09T01:29:09.358+0000] {logging_mixin.py:149} INFO - [2023-06-09T01:29:09.358+0000] {dag.py:2726} INFO - Sync 1 DAGs
[2023-06-09T01:29:09.383+0000] {logging_mixin.py:149} INFO - [2023-06-09T01:29:09.382+0000] {dag.py:3490} INFO - Setting next_dagrun for example_sensors to None, run_after=None
[2023-06-09T01:29:09.411+0000] {processor.py:179} INFO - Processing /home/airflow/.local/lib/python3.7/site-packages/airflow/example_dags/example_sensors.py took 0.129 seconds
[2023-06-09T01:29:39.457+0000] {processor.py:157} INFO - Started process (PID=519) to work on /home/airflow/.local/lib/python3.7/site-packages/airflow/example_dags/example_sensors.py
[2023-06-09T01:29:39.459+0000] {processor.py:826} INFO - Processing file /home/airflow/.local/lib/python3.7/site-packages/airflow/example_dags/example_sensors.py for tasks to queue
[2023-06-09T01:29:39.461+0000] {logging_mixin.py:149} INFO - [2023-06-09T01:29:39.461+0000] {dagbag.py:541} INFO - Filling up the DagBag from /home/airflow/.local/lib/python3.7/site-packages/airflow/example_dags/example_sensors.py
[2023-06-09T01:29:39.475+0000] {processor.py:836} INFO - DAG(s) dict_keys(['example_sensors']) retrieved from /home/airflow/.local/lib/python3.7/site-packages/airflow/example_dags/example_sensors.py
[2023-06-09T01:29:39.503+0000] {logging_mixin.py:149} INFO - [2023-06-09T01:29:39.503+0000] {dag.py:2726} INFO - Sync 1 DAGs
[2023-06-09T01:29:39.520+0000] {logging_mixin.py:149} INFO - [2023-06-09T01:29:39.520+0000] {dag.py:3490} INFO - Setting next_dagrun for example_sensors to None, run_after=None
[2023-06-09T01:29:39.531+0000] {processor.py:179} INFO - Processing /home/airflow/.local/lib/python3.7/site-packages/airflow/example_dags/example_sensors.py took 0.081 seconds
[2023-06-09T01:30:10.461+0000] {processor.py:157} INFO - Started process (PID=575) to work on /home/airflow/.local/lib/python3.7/site-packages/airflow/example_dags/example_sensors.py
[2023-06-09T01:30:10.465+0000] {processor.py:826} INFO - Processing file /home/airflow/.local/lib/python3.7/site-packages/airflow/example_dags/example_sensors.py for tasks to queue
[2023-06-09T01:30:10.468+0000] {logging_mixin.py:149} INFO - [2023-06-09T01:30:10.467+0000] {dagbag.py:541} INFO - Filling up the DagBag from /home/airflow/.local/lib/python3.7/site-packages/airflow/example_dags/example_sensors.py
[2023-06-09T01:30:10.487+0000] {processor.py:836} INFO - DAG(s) dict_keys(['example_sensors']) retrieved from /home/airflow/.local/lib/python3.7/site-packages/airflow/example_dags/example_sensors.py
[2023-06-09T01:30:10.544+0000] {logging_mixin.py:149} INFO - [2023-06-09T01:30:10.544+0000] {dag.py:2726} INFO - Sync 1 DAGs
[2023-06-09T01:30:10.580+0000] {logging_mixin.py:149} INFO - [2023-06-09T01:30:10.580+0000] {dag.py:3490} INFO - Setting next_dagrun for example_sensors to None, run_after=None
[2023-06-09T01:30:10.598+0000] {processor.py:179} INFO - Processing /home/airflow/.local/lib/python3.7/site-packages/airflow/example_dags/example_sensors.py took 0.142 seconds
[2023-06-09T01:30:40.657+0000] {processor.py:157} INFO - Started process (PID=631) to work on /home/airflow/.local/lib/python3.7/site-packages/airflow/example_dags/example_sensors.py
[2023-06-09T01:30:40.658+0000] {processor.py:826} INFO - Processing file /home/airflow/.local/lib/python3.7/site-packages/airflow/example_dags/example_sensors.py for tasks to queue
[2023-06-09T01:30:40.660+0000] {logging_mixin.py:149} INFO - [2023-06-09T01:30:40.660+0000] {dagbag.py:541} INFO - Filling up the DagBag from /home/airflow/.local/lib/python3.7/site-packages/airflow/example_dags/example_sensors.py
[2023-06-09T01:30:40.676+0000] {processor.py:836} INFO - DAG(s) dict_keys(['example_sensors']) retrieved from /home/airflow/.local/lib/python3.7/site-packages/airflow/example_dags/example_sensors.py
[2023-06-09T01:30:40.708+0000] {logging_mixin.py:149} INFO - [2023-06-09T01:30:40.708+0000] {dag.py:2726} INFO - Sync 1 DAGs
[2023-06-09T01:30:40.726+0000] {logging_mixin.py:149} INFO - [2023-06-09T01:30:40.726+0000] {dag.py:3490} INFO - Setting next_dagrun for example_sensors to None, run_after=None
[2023-06-09T01:30:40.738+0000] {processor.py:179} INFO - Processing /home/airflow/.local/lib/python3.7/site-packages/airflow/example_dags/example_sensors.py took 0.088 seconds
[2023-06-09T01:31:11.150+0000] {processor.py:157} INFO - Started process (PID=687) to work on /home/airflow/.local/lib/python3.7/site-packages/airflow/example_dags/example_sensors.py
[2023-06-09T01:31:11.153+0000] {processor.py:826} INFO - Processing file /home/airflow/.local/lib/python3.7/site-packages/airflow/example_dags/example_sensors.py for tasks to queue
[2023-06-09T01:31:11.155+0000] {logging_mixin.py:149} INFO - [2023-06-09T01:31:11.155+0000] {dagbag.py:541} INFO - Filling up the DagBag from /home/airflow/.local/lib/python3.7/site-packages/airflow/example_dags/example_sensors.py
[2023-06-09T01:31:11.166+0000] {processor.py:836} INFO - DAG(s) dict_keys(['example_sensors']) retrieved from /home/airflow/.local/lib/python3.7/site-packages/airflow/example_dags/example_sensors.py
[2023-06-09T01:31:11.193+0000] {logging_mixin.py:149} INFO - [2023-06-09T01:31:11.193+0000] {dag.py:2726} INFO - Sync 1 DAGs
[2023-06-09T01:31:11.218+0000] {logging_mixin.py:149} INFO - [2023-06-09T01:31:11.218+0000] {dag.py:3490} INFO - Setting next_dagrun for example_sensors to None, run_after=None
[2023-06-09T01:31:11.232+0000] {processor.py:179} INFO - Processing /home/airflow/.local/lib/python3.7/site-packages/airflow/example_dags/example_sensors.py took 0.088 seconds
[2023-06-09T01:31:42.100+0000] {processor.py:157} INFO - Started process (PID=743) to work on /home/airflow/.local/lib/python3.7/site-packages/airflow/example_dags/example_sensors.py
[2023-06-09T01:31:42.103+0000] {processor.py:826} INFO - Processing file /home/airflow/.local/lib/python3.7/site-packages/airflow/example_dags/example_sensors.py for tasks to queue
[2023-06-09T01:31:42.105+0000] {logging_mixin.py:149} INFO - [2023-06-09T01:31:42.105+0000] {dagbag.py:541} INFO - Filling up the DagBag from /home/airflow/.local/lib/python3.7/site-packages/airflow/example_dags/example_sensors.py
[2023-06-09T01:31:42.119+0000] {processor.py:836} INFO - DAG(s) dict_keys(['example_sensors']) retrieved from /home/airflow/.local/lib/python3.7/site-packages/airflow/example_dags/example_sensors.py
[2023-06-09T01:31:42.147+0000] {logging_mixin.py:149} INFO - [2023-06-09T01:31:42.147+0000] {dag.py:2726} INFO - Sync 1 DAGs
[2023-06-09T01:31:42.167+0000] {logging_mixin.py:149} INFO - [2023-06-09T01:31:42.167+0000] {dag.py:3490} INFO - Setting next_dagrun for example_sensors to None, run_after=None
[2023-06-09T01:31:42.180+0000] {processor.py:179} INFO - Processing /home/airflow/.local/lib/python3.7/site-packages/airflow/example_dags/example_sensors.py took 0.089 seconds
[2023-06-09T01:32:12.418+0000] {processor.py:157} INFO - Started process (PID=799) to work on /home/airflow/.local/lib/python3.7/site-packages/airflow/example_dags/example_sensors.py
[2023-06-09T01:32:12.421+0000] {processor.py:826} INFO - Processing file /home/airflow/.local/lib/python3.7/site-packages/airflow/example_dags/example_sensors.py for tasks to queue
[2023-06-09T01:32:12.422+0000] {logging_mixin.py:149} INFO - [2023-06-09T01:32:12.422+0000] {dagbag.py:541} INFO - Filling up the DagBag from /home/airflow/.local/lib/python3.7/site-packages/airflow/example_dags/example_sensors.py
[2023-06-09T01:32:12.447+0000] {processor.py:836} INFO - DAG(s) dict_keys(['example_sensors']) retrieved from /home/airflow/.local/lib/python3.7/site-packages/airflow/example_dags/example_sensors.py
[2023-06-09T01:32:12.476+0000] {logging_mixin.py:149} INFO - [2023-06-09T01:32:12.476+0000] {dag.py:2726} INFO - Sync 1 DAGs
[2023-06-09T01:32:12.493+0000] {logging_mixin.py:149} INFO - [2023-06-09T01:32:12.493+0000] {dag.py:3490} INFO - Setting next_dagrun for example_sensors to None, run_after=None
[2023-06-09T01:32:12.508+0000] {processor.py:179} INFO - Processing /home/airflow/.local/lib/python3.7/site-packages/airflow/example_dags/example_sensors.py took 0.098 seconds
[2023-06-09T01:32:42.747+0000] {processor.py:157} INFO - Started process (PID=855) to work on /home/airflow/.local/lib/python3.7/site-packages/airflow/example_dags/example_sensors.py
[2023-06-09T01:32:42.750+0000] {processor.py:826} INFO - Processing file /home/airflow/.local/lib/python3.7/site-packages/airflow/example_dags/example_sensors.py for tasks to queue
[2023-06-09T01:32:42.752+0000] {logging_mixin.py:149} INFO - [2023-06-09T01:32:42.752+0000] {dagbag.py:541} INFO - Filling up the DagBag from /home/airflow/.local/lib/python3.7/site-packages/airflow/example_dags/example_sensors.py
[2023-06-09T01:32:42.768+0000] {processor.py:836} INFO - DAG(s) dict_keys(['example_sensors']) retrieved from /home/airflow/.local/lib/python3.7/site-packages/airflow/example_dags/example_sensors.py
[2023-06-09T01:32:42.801+0000] {logging_mixin.py:149} INFO - [2023-06-09T01:32:42.801+0000] {dag.py:2726} INFO - Sync 1 DAGs
[2023-06-09T01:32:42.823+0000] {logging_mixin.py:149} INFO - [2023-06-09T01:32:42.823+0000] {dag.py:3490} INFO - Setting next_dagrun for example_sensors to None, run_after=None
[2023-06-09T01:32:42.836+0000] {processor.py:179} INFO - Processing /home/airflow/.local/lib/python3.7/site-packages/airflow/example_dags/example_sensors.py took 0.097 seconds
[2023-06-09T01:33:12.896+0000] {processor.py:157} INFO - Started process (PID=911) to work on /home/airflow/.local/lib/python3.7/site-packages/airflow/example_dags/example_sensors.py
[2023-06-09T01:33:12.898+0000] {processor.py:826} INFO - Processing file /home/airflow/.local/lib/python3.7/site-packages/airflow/example_dags/example_sensors.py for tasks to queue
[2023-06-09T01:33:12.900+0000] {logging_mixin.py:149} INFO - [2023-06-09T01:33:12.900+0000] {dagbag.py:541} INFO - Filling up the DagBag from /home/airflow/.local/lib/python3.7/site-packages/airflow/example_dags/example_sensors.py
[2023-06-09T01:33:12.913+0000] {processor.py:836} INFO - DAG(s) dict_keys(['example_sensors']) retrieved from /home/airflow/.local/lib/python3.7/site-packages/airflow/example_dags/example_sensors.py
[2023-06-09T01:33:12.944+0000] {logging_mixin.py:149} INFO - [2023-06-09T01:33:12.944+0000] {dag.py:2726} INFO - Sync 1 DAGs
[2023-06-09T01:33:12.960+0000] {logging_mixin.py:149} INFO - [2023-06-09T01:33:12.960+0000] {dag.py:3490} INFO - Setting next_dagrun for example_sensors to None, run_after=None
[2023-06-09T01:33:12.971+0000] {processor.py:179} INFO - Processing /home/airflow/.local/lib/python3.7/site-packages/airflow/example_dags/example_sensors.py took 0.084 seconds
[2023-06-09T01:33:43.973+0000] {processor.py:157} INFO - Started process (PID=967) to work on /home/airflow/.local/lib/python3.7/site-packages/airflow/example_dags/example_sensors.py
[2023-06-09T01:33:43.975+0000] {processor.py:826} INFO - Processing file /home/airflow/.local/lib/python3.7/site-packages/airflow/example_dags/example_sensors.py for tasks to queue
[2023-06-09T01:33:43.977+0000] {logging_mixin.py:149} INFO - [2023-06-09T01:33:43.977+0000] {dagbag.py:541} INFO - Filling up the DagBag from /home/airflow/.local/lib/python3.7/site-packages/airflow/example_dags/example_sensors.py
[2023-06-09T01:33:43.989+0000] {processor.py:836} INFO - DAG(s) dict_keys(['example_sensors']) retrieved from /home/airflow/.local/lib/python3.7/site-packages/airflow/example_dags/example_sensors.py
[2023-06-09T01:33:44.016+0000] {logging_mixin.py:149} INFO - [2023-06-09T01:33:44.016+0000] {dag.py:2726} INFO - Sync 1 DAGs
[2023-06-09T01:33:44.031+0000] {logging_mixin.py:149} INFO - [2023-06-09T01:33:44.030+0000] {dag.py:3490} INFO - Setting next_dagrun for example_sensors to None, run_after=None
[2023-06-09T01:33:44.042+0000] {processor.py:179} INFO - Processing /home/airflow/.local/lib/python3.7/site-packages/airflow/example_dags/example_sensors.py took 0.075 seconds
[2023-06-09T01:34:14.406+0000] {processor.py:157} INFO - Started process (PID=1023) to work on /home/airflow/.local/lib/python3.7/site-packages/airflow/example_dags/example_sensors.py
[2023-06-09T01:34:14.409+0000] {processor.py:826} INFO - Processing file /home/airflow/.local/lib/python3.7/site-packages/airflow/example_dags/example_sensors.py for tasks to queue
[2023-06-09T01:34:14.411+0000] {logging_mixin.py:149} INFO - [2023-06-09T01:34:14.411+0000] {dagbag.py:541} INFO - Filling up the DagBag from /home/airflow/.local/lib/python3.7/site-packages/airflow/example_dags/example_sensors.py
[2023-06-09T01:34:14.425+0000] {processor.py:836} INFO - DAG(s) dict_keys(['example_sensors']) retrieved from /home/airflow/.local/lib/python3.7/site-packages/airflow/example_dags/example_sensors.py
[2023-06-09T01:34:14.460+0000] {logging_mixin.py:149} INFO - [2023-06-09T01:34:14.460+0000] {dag.py:2726} INFO - Sync 1 DAGs
[2023-06-09T01:34:14.478+0000] {logging_mixin.py:149} INFO - [2023-06-09T01:34:14.478+0000] {dag.py:3490} INFO - Setting next_dagrun for example_sensors to None, run_after=None
[2023-06-09T01:34:14.492+0000] {processor.py:179} INFO - Processing /home/airflow/.local/lib/python3.7/site-packages/airflow/example_dags/example_sensors.py took 0.094 seconds
[2023-06-09T01:34:44.919+0000] {processor.py:157} INFO - Started process (PID=1079) to work on /home/airflow/.local/lib/python3.7/site-packages/airflow/example_dags/example_sensors.py
[2023-06-09T01:34:44.922+0000] {processor.py:826} INFO - Processing file /home/airflow/.local/lib/python3.7/site-packages/airflow/example_dags/example_sensors.py for tasks to queue
[2023-06-09T01:34:44.923+0000] {logging_mixin.py:149} INFO - [2023-06-09T01:34:44.923+0000] {dagbag.py:541} INFO - Filling up the DagBag from /home/airflow/.local/lib/python3.7/site-packages/airflow/example_dags/example_sensors.py
[2023-06-09T01:34:44.938+0000] {processor.py:836} INFO - DAG(s) dict_keys(['example_sensors']) retrieved from /home/airflow/.local/lib/python3.7/site-packages/airflow/example_dags/example_sensors.py
[2023-06-09T01:34:44.967+0000] {logging_mixin.py:149} INFO - [2023-06-09T01:34:44.967+0000] {dag.py:2726} INFO - Sync 1 DAGs
[2023-06-09T01:34:44.983+0000] {logging_mixin.py:149} INFO - [2023-06-09T01:34:44.983+0000] {dag.py:3490} INFO - Setting next_dagrun for example_sensors to None, run_after=None
[2023-06-09T01:34:44.996+0000] {processor.py:179} INFO - Processing /home/airflow/.local/lib/python3.7/site-packages/airflow/example_dags/example_sensors.py took 0.085 seconds
[2023-06-09T01:35:15.388+0000] {processor.py:157} INFO - Started process (PID=1135) to work on /home/airflow/.local/lib/python3.7/site-packages/airflow/example_dags/example_sensors.py
[2023-06-09T01:35:15.391+0000] {processor.py:826} INFO - Processing file /home/airflow/.local/lib/python3.7/site-packages/airflow/example_dags/example_sensors.py for tasks to queue
[2023-06-09T01:35:15.392+0000] {logging_mixin.py:149} INFO - [2023-06-09T01:35:15.392+0000] {dagbag.py:541} INFO - Filling up the DagBag from /home/airflow/.local/lib/python3.7/site-packages/airflow/example_dags/example_sensors.py
[2023-06-09T01:35:15.408+0000] {processor.py:836} INFO - DAG(s) dict_keys(['example_sensors']) retrieved from /home/airflow/.local/lib/python3.7/site-packages/airflow/example_dags/example_sensors.py
[2023-06-09T01:35:15.437+0000] {logging_mixin.py:149} INFO - [2023-06-09T01:35:15.437+0000] {dag.py:2726} INFO - Sync 1 DAGs
[2023-06-09T01:35:15.455+0000] {logging_mixin.py:149} INFO - [2023-06-09T01:35:15.455+0000] {dag.py:3490} INFO - Setting next_dagrun for example_sensors to None, run_after=None
[2023-06-09T01:35:15.469+0000] {processor.py:179} INFO - Processing /home/airflow/.local/lib/python3.7/site-packages/airflow/example_dags/example_sensors.py took 0.088 seconds
[2023-06-09T01:35:46.510+0000] {processor.py:157} INFO - Started process (PID=1191) to work on /home/airflow/.local/lib/python3.7/site-packages/airflow/example_dags/example_sensors.py
[2023-06-09T01:35:46.514+0000] {processor.py:826} INFO - Processing file /home/airflow/.local/lib/python3.7/site-packages/airflow/example_dags/example_sensors.py for tasks to queue
[2023-06-09T01:35:46.515+0000] {logging_mixin.py:149} INFO - [2023-06-09T01:35:46.515+0000] {dagbag.py:541} INFO - Filling up the DagBag from /home/airflow/.local/lib/python3.7/site-packages/airflow/example_dags/example_sensors.py
[2023-06-09T01:35:46.530+0000] {processor.py:836} INFO - DAG(s) dict_keys(['example_sensors']) retrieved from /home/airflow/.local/lib/python3.7/site-packages/airflow/example_dags/example_sensors.py
[2023-06-09T01:35:46.563+0000] {logging_mixin.py:149} INFO - [2023-06-09T01:35:46.563+0000] {dag.py:2726} INFO - Sync 1 DAGs
[2023-06-09T01:35:46.589+0000] {logging_mixin.py:149} INFO - [2023-06-09T01:35:46.589+0000] {dag.py:3490} INFO - Setting next_dagrun for example_sensors to None, run_after=None
[2023-06-09T01:35:46.609+0000] {processor.py:179} INFO - Processing /home/airflow/.local/lib/python3.7/site-packages/airflow/example_dags/example_sensors.py took 0.106 seconds
[2023-06-09T01:36:16.692+0000] {processor.py:157} INFO - Started process (PID=1247) to work on /home/airflow/.local/lib/python3.7/site-packages/airflow/example_dags/example_sensors.py
[2023-06-09T01:36:16.696+0000] {processor.py:826} INFO - Processing file /home/airflow/.local/lib/python3.7/site-packages/airflow/example_dags/example_sensors.py for tasks to queue
[2023-06-09T01:36:16.697+0000] {logging_mixin.py:149} INFO - [2023-06-09T01:36:16.697+0000] {dagbag.py:541} INFO - Filling up the DagBag from /home/airflow/.local/lib/python3.7/site-packages/airflow/example_dags/example_sensors.py
[2023-06-09T01:36:16.718+0000] {processor.py:836} INFO - DAG(s) dict_keys(['example_sensors']) retrieved from /home/airflow/.local/lib/python3.7/site-packages/airflow/example_dags/example_sensors.py
[2023-06-09T01:36:16.753+0000] {logging_mixin.py:149} INFO - [2023-06-09T01:36:16.753+0000] {dag.py:2726} INFO - Sync 1 DAGs
[2023-06-09T01:36:16.780+0000] {logging_mixin.py:149} INFO - [2023-06-09T01:36:16.780+0000] {dag.py:3490} INFO - Setting next_dagrun for example_sensors to None, run_after=None
[2023-06-09T01:36:16.794+0000] {processor.py:179} INFO - Processing /home/airflow/.local/lib/python3.7/site-packages/airflow/example_dags/example_sensors.py took 0.112 seconds
[2023-06-09T01:36:47.234+0000] {processor.py:157} INFO - Started process (PID=1303) to work on /home/airflow/.local/lib/python3.7/site-packages/airflow/example_dags/example_sensors.py
[2023-06-09T01:36:47.237+0000] {processor.py:826} INFO - Processing file /home/airflow/.local/lib/python3.7/site-packages/airflow/example_dags/example_sensors.py for tasks to queue
[2023-06-09T01:36:47.239+0000] {logging_mixin.py:149} INFO - [2023-06-09T01:36:47.239+0000] {dagbag.py:541} INFO - Filling up the DagBag from /home/airflow/.local/lib/python3.7/site-packages/airflow/example_dags/example_sensors.py
[2023-06-09T01:36:47.272+0000] {processor.py:836} INFO - DAG(s) dict_keys(['example_sensors']) retrieved from /home/airflow/.local/lib/python3.7/site-packages/airflow/example_dags/example_sensors.py
[2023-06-09T01:36:47.315+0000] {logging_mixin.py:149} INFO - [2023-06-09T01:36:47.315+0000] {dag.py:2726} INFO - Sync 1 DAGs
[2023-06-09T01:36:47.337+0000] {logging_mixin.py:149} INFO - [2023-06-09T01:36:47.337+0000] {dag.py:3490} INFO - Setting next_dagrun for example_sensors to None, run_after=None
[2023-06-09T01:36:47.354+0000] {processor.py:179} INFO - Processing /home/airflow/.local/lib/python3.7/site-packages/airflow/example_dags/example_sensors.py took 0.131 seconds
[2023-06-09T01:37:18.030+0000] {processor.py:157} INFO - Started process (PID=1359) to work on /home/airflow/.local/lib/python3.7/site-packages/airflow/example_dags/example_sensors.py
[2023-06-09T01:37:18.033+0000] {processor.py:826} INFO - Processing file /home/airflow/.local/lib/python3.7/site-packages/airflow/example_dags/example_sensors.py for tasks to queue
[2023-06-09T01:37:18.035+0000] {logging_mixin.py:149} INFO - [2023-06-09T01:37:18.035+0000] {dagbag.py:541} INFO - Filling up the DagBag from /home/airflow/.local/lib/python3.7/site-packages/airflow/example_dags/example_sensors.py
[2023-06-09T01:37:18.051+0000] {processor.py:836} INFO - DAG(s) dict_keys(['example_sensors']) retrieved from /home/airflow/.local/lib/python3.7/site-packages/airflow/example_dags/example_sensors.py
[2023-06-09T01:37:18.084+0000] {logging_mixin.py:149} INFO - [2023-06-09T01:37:18.084+0000] {dag.py:2726} INFO - Sync 1 DAGs
[2023-06-09T01:37:18.100+0000] {logging_mixin.py:149} INFO - [2023-06-09T01:37:18.100+0000] {dag.py:3490} INFO - Setting next_dagrun for example_sensors to None, run_after=None
[2023-06-09T01:37:18.114+0000] {processor.py:179} INFO - Processing /home/airflow/.local/lib/python3.7/site-packages/airflow/example_dags/example_sensors.py took 0.093 seconds
[2023-06-09T01:37:48.394+0000] {processor.py:157} INFO - Started process (PID=1415) to work on /home/airflow/.local/lib/python3.7/site-packages/airflow/example_dags/example_sensors.py
[2023-06-09T01:37:48.397+0000] {processor.py:826} INFO - Processing file /home/airflow/.local/lib/python3.7/site-packages/airflow/example_dags/example_sensors.py for tasks to queue
[2023-06-09T01:37:48.399+0000] {logging_mixin.py:149} INFO - [2023-06-09T01:37:48.398+0000] {dagbag.py:541} INFO - Filling up the DagBag from /home/airflow/.local/lib/python3.7/site-packages/airflow/example_dags/example_sensors.py
[2023-06-09T01:37:48.416+0000] {processor.py:836} INFO - DAG(s) dict_keys(['example_sensors']) retrieved from /home/airflow/.local/lib/python3.7/site-packages/airflow/example_dags/example_sensors.py
[2023-06-09T01:37:48.455+0000] {logging_mixin.py:149} INFO - [2023-06-09T01:37:48.455+0000] {dag.py:2726} INFO - Sync 1 DAGs
[2023-06-09T01:37:48.477+0000] {logging_mixin.py:149} INFO - [2023-06-09T01:37:48.477+0000] {dag.py:3490} INFO - Setting next_dagrun for example_sensors to None, run_after=None
[2023-06-09T01:37:48.491+0000] {processor.py:179} INFO - Processing /home/airflow/.local/lib/python3.7/site-packages/airflow/example_dags/example_sensors.py took 0.104 seconds
[2023-06-09T01:38:18.995+0000] {processor.py:157} INFO - Started process (PID=1470) to work on /home/airflow/.local/lib/python3.7/site-packages/airflow/example_dags/example_sensors.py
[2023-06-09T01:38:18.998+0000] {processor.py:826} INFO - Processing file /home/airflow/.local/lib/python3.7/site-packages/airflow/example_dags/example_sensors.py for tasks to queue
[2023-06-09T01:38:18.999+0000] {logging_mixin.py:149} INFO - [2023-06-09T01:38:18.999+0000] {dagbag.py:541} INFO - Filling up the DagBag from /home/airflow/.local/lib/python3.7/site-packages/airflow/example_dags/example_sensors.py
[2023-06-09T01:38:19.012+0000] {processor.py:836} INFO - DAG(s) dict_keys(['example_sensors']) retrieved from /home/airflow/.local/lib/python3.7/site-packages/airflow/example_dags/example_sensors.py
[2023-06-09T01:38:19.043+0000] {logging_mixin.py:149} INFO - [2023-06-09T01:38:19.043+0000] {dag.py:2726} INFO - Sync 1 DAGs
[2023-06-09T01:38:19.065+0000] {logging_mixin.py:149} INFO - [2023-06-09T01:38:19.065+0000] {dag.py:3490} INFO - Setting next_dagrun for example_sensors to None, run_after=None
[2023-06-09T01:38:19.087+0000] {processor.py:179} INFO - Processing /home/airflow/.local/lib/python3.7/site-packages/airflow/example_dags/example_sensors.py took 0.100 seconds
[2023-06-09T01:38:49.171+0000] {processor.py:157} INFO - Started process (PID=1527) to work on /home/airflow/.local/lib/python3.7/site-packages/airflow/example_dags/example_sensors.py
[2023-06-09T01:38:49.174+0000] {processor.py:826} INFO - Processing file /home/airflow/.local/lib/python3.7/site-packages/airflow/example_dags/example_sensors.py for tasks to queue
[2023-06-09T01:38:49.177+0000] {logging_mixin.py:149} INFO - [2023-06-09T01:38:49.177+0000] {dagbag.py:541} INFO - Filling up the DagBag from /home/airflow/.local/lib/python3.7/site-packages/airflow/example_dags/example_sensors.py
[2023-06-09T01:38:49.190+0000] {processor.py:836} INFO - DAG(s) dict_keys(['example_sensors']) retrieved from /home/airflow/.local/lib/python3.7/site-packages/airflow/example_dags/example_sensors.py
[2023-06-09T01:38:49.225+0000] {logging_mixin.py:149} INFO - [2023-06-09T01:38:49.225+0000] {dag.py:2726} INFO - Sync 1 DAGs
[2023-06-09T01:38:49.243+0000] {logging_mixin.py:149} INFO - [2023-06-09T01:38:49.243+0000] {dag.py:3490} INFO - Setting next_dagrun for example_sensors to None, run_after=None
[2023-06-09T01:38:49.257+0000] {processor.py:179} INFO - Processing /home/airflow/.local/lib/python3.7/site-packages/airflow/example_dags/example_sensors.py took 0.092 seconds
[2023-06-09T01:39:19.340+0000] {processor.py:157} INFO - Started process (PID=1582) to work on /home/airflow/.local/lib/python3.7/site-packages/airflow/example_dags/example_sensors.py
[2023-06-09T01:39:19.344+0000] {processor.py:826} INFO - Processing file /home/airflow/.local/lib/python3.7/site-packages/airflow/example_dags/example_sensors.py for tasks to queue
[2023-06-09T01:39:19.345+0000] {logging_mixin.py:149} INFO - [2023-06-09T01:39:19.345+0000] {dagbag.py:541} INFO - Filling up the DagBag from /home/airflow/.local/lib/python3.7/site-packages/airflow/example_dags/example_sensors.py
[2023-06-09T01:39:19.358+0000] {processor.py:836} INFO - DAG(s) dict_keys(['example_sensors']) retrieved from /home/airflow/.local/lib/python3.7/site-packages/airflow/example_dags/example_sensors.py
[2023-06-09T01:39:19.414+0000] {logging_mixin.py:149} INFO - [2023-06-09T01:39:19.414+0000] {dag.py:2726} INFO - Sync 1 DAGs
[2023-06-09T01:39:19.439+0000] {logging_mixin.py:149} INFO - [2023-06-09T01:39:19.439+0000] {dag.py:3490} INFO - Setting next_dagrun for example_sensors to None, run_after=None
[2023-06-09T01:39:19.466+0000] {processor.py:179} INFO - Processing /home/airflow/.local/lib/python3.7/site-packages/airflow/example_dags/example_sensors.py took 0.132 seconds
[2023-06-09T01:39:49.538+0000] {processor.py:157} INFO - Started process (PID=1638) to work on /home/airflow/.local/lib/python3.7/site-packages/airflow/example_dags/example_sensors.py
[2023-06-09T01:39:49.540+0000] {processor.py:826} INFO - Processing file /home/airflow/.local/lib/python3.7/site-packages/airflow/example_dags/example_sensors.py for tasks to queue
[2023-06-09T01:39:49.542+0000] {logging_mixin.py:149} INFO - [2023-06-09T01:39:49.542+0000] {dagbag.py:541} INFO - Filling up the DagBag from /home/airflow/.local/lib/python3.7/site-packages/airflow/example_dags/example_sensors.py
[2023-06-09T01:39:49.556+0000] {processor.py:836} INFO - DAG(s) dict_keys(['example_sensors']) retrieved from /home/airflow/.local/lib/python3.7/site-packages/airflow/example_dags/example_sensors.py
[2023-06-09T01:39:49.585+0000] {logging_mixin.py:149} INFO - [2023-06-09T01:39:49.585+0000] {dag.py:2726} INFO - Sync 1 DAGs
[2023-06-09T01:39:49.600+0000] {logging_mixin.py:149} INFO - [2023-06-09T01:39:49.600+0000] {dag.py:3490} INFO - Setting next_dagrun for example_sensors to None, run_after=None
[2023-06-09T01:39:49.612+0000] {processor.py:179} INFO - Processing /home/airflow/.local/lib/python3.7/site-packages/airflow/example_dags/example_sensors.py took 0.081 seconds
[2023-06-09T01:40:19.920+0000] {processor.py:157} INFO - Started process (PID=1695) to work on /home/airflow/.local/lib/python3.7/site-packages/airflow/example_dags/example_sensors.py
[2023-06-09T01:40:19.923+0000] {processor.py:826} INFO - Processing file /home/airflow/.local/lib/python3.7/site-packages/airflow/example_dags/example_sensors.py for tasks to queue
[2023-06-09T01:40:19.924+0000] {logging_mixin.py:149} INFO - [2023-06-09T01:40:19.924+0000] {dagbag.py:541} INFO - Filling up the DagBag from /home/airflow/.local/lib/python3.7/site-packages/airflow/example_dags/example_sensors.py
[2023-06-09T01:40:19.938+0000] {processor.py:836} INFO - DAG(s) dict_keys(['example_sensors']) retrieved from /home/airflow/.local/lib/python3.7/site-packages/airflow/example_dags/example_sensors.py
[2023-06-09T01:40:19.966+0000] {logging_mixin.py:149} INFO - [2023-06-09T01:40:19.966+0000] {dag.py:2726} INFO - Sync 1 DAGs
[2023-06-09T01:40:19.980+0000] {logging_mixin.py:149} INFO - [2023-06-09T01:40:19.980+0000] {dag.py:3490} INFO - Setting next_dagrun for example_sensors to None, run_after=None
[2023-06-09T01:40:19.992+0000] {processor.py:179} INFO - Processing /home/airflow/.local/lib/python3.7/site-packages/airflow/example_dags/example_sensors.py took 0.078 seconds
[2023-06-09T01:40:50.660+0000] {processor.py:157} INFO - Started process (PID=1758) to work on /home/airflow/.local/lib/python3.7/site-packages/airflow/example_dags/example_sensors.py
[2023-06-09T01:40:50.661+0000] {processor.py:826} INFO - Processing file /home/airflow/.local/lib/python3.7/site-packages/airflow/example_dags/example_sensors.py for tasks to queue
[2023-06-09T01:40:50.662+0000] {logging_mixin.py:149} INFO - [2023-06-09T01:40:50.662+0000] {dagbag.py:541} INFO - Filling up the DagBag from /home/airflow/.local/lib/python3.7/site-packages/airflow/example_dags/example_sensors.py
[2023-06-09T01:40:50.672+0000] {processor.py:836} INFO - DAG(s) dict_keys(['example_sensors']) retrieved from /home/airflow/.local/lib/python3.7/site-packages/airflow/example_dags/example_sensors.py
[2023-06-09T01:40:50.697+0000] {logging_mixin.py:149} INFO - [2023-06-09T01:40:50.697+0000] {dag.py:2726} INFO - Sync 1 DAGs
[2023-06-09T01:40:50.716+0000] {logging_mixin.py:149} INFO - [2023-06-09T01:40:50.716+0000] {dag.py:3490} INFO - Setting next_dagrun for example_sensors to None, run_after=None
[2023-06-09T01:40:50.728+0000] {processor.py:179} INFO - Processing /home/airflow/.local/lib/python3.7/site-packages/airflow/example_dags/example_sensors.py took 0.075 seconds
[2023-06-09T01:41:20.798+0000] {processor.py:157} INFO - Started process (PID=1815) to work on /home/airflow/.local/lib/python3.7/site-packages/airflow/example_dags/example_sensors.py
[2023-06-09T01:41:20.800+0000] {processor.py:826} INFO - Processing file /home/airflow/.local/lib/python3.7/site-packages/airflow/example_dags/example_sensors.py for tasks to queue
[2023-06-09T01:41:20.801+0000] {logging_mixin.py:149} INFO - [2023-06-09T01:41:20.801+0000] {dagbag.py:541} INFO - Filling up the DagBag from /home/airflow/.local/lib/python3.7/site-packages/airflow/example_dags/example_sensors.py
[2023-06-09T01:41:20.809+0000] {processor.py:836} INFO - DAG(s) dict_keys(['example_sensors']) retrieved from /home/airflow/.local/lib/python3.7/site-packages/airflow/example_dags/example_sensors.py
[2023-06-09T01:41:20.833+0000] {logging_mixin.py:149} INFO - [2023-06-09T01:41:20.832+0000] {dag.py:2726} INFO - Sync 1 DAGs
[2023-06-09T01:41:20.849+0000] {logging_mixin.py:149} INFO - [2023-06-09T01:41:20.849+0000] {dag.py:3490} INFO - Setting next_dagrun for example_sensors to None, run_after=None
[2023-06-09T01:41:20.861+0000] {processor.py:179} INFO - Processing /home/airflow/.local/lib/python3.7/site-packages/airflow/example_dags/example_sensors.py took 0.066 seconds
[2023-06-09T01:41:51.345+0000] {processor.py:157} INFO - Started process (PID=1871) to work on /home/airflow/.local/lib/python3.7/site-packages/airflow/example_dags/example_sensors.py
[2023-06-09T01:41:51.346+0000] {processor.py:826} INFO - Processing file /home/airflow/.local/lib/python3.7/site-packages/airflow/example_dags/example_sensors.py for tasks to queue
[2023-06-09T01:41:51.347+0000] {logging_mixin.py:149} INFO - [2023-06-09T01:41:51.346+0000] {dagbag.py:541} INFO - Filling up the DagBag from /home/airflow/.local/lib/python3.7/site-packages/airflow/example_dags/example_sensors.py
[2023-06-09T01:41:51.354+0000] {processor.py:836} INFO - DAG(s) dict_keys(['example_sensors']) retrieved from /home/airflow/.local/lib/python3.7/site-packages/airflow/example_dags/example_sensors.py
[2023-06-09T01:41:51.381+0000] {logging_mixin.py:149} INFO - [2023-06-09T01:41:51.381+0000] {dag.py:2726} INFO - Sync 1 DAGs
[2023-06-09T01:41:51.397+0000] {logging_mixin.py:149} INFO - [2023-06-09T01:41:51.397+0000] {dag.py:3490} INFO - Setting next_dagrun for example_sensors to None, run_after=None
[2023-06-09T01:41:51.409+0000] {processor.py:179} INFO - Processing /home/airflow/.local/lib/python3.7/site-packages/airflow/example_dags/example_sensors.py took 0.068 seconds
[2023-06-09T01:42:21.878+0000] {processor.py:157} INFO - Started process (PID=1926) to work on /home/airflow/.local/lib/python3.7/site-packages/airflow/example_dags/example_sensors.py
[2023-06-09T01:42:21.880+0000] {processor.py:826} INFO - Processing file /home/airflow/.local/lib/python3.7/site-packages/airflow/example_dags/example_sensors.py for tasks to queue
[2023-06-09T01:42:21.881+0000] {logging_mixin.py:149} INFO - [2023-06-09T01:42:21.881+0000] {dagbag.py:541} INFO - Filling up the DagBag from /home/airflow/.local/lib/python3.7/site-packages/airflow/example_dags/example_sensors.py
[2023-06-09T01:42:21.895+0000] {processor.py:836} INFO - DAG(s) dict_keys(['example_sensors']) retrieved from /home/airflow/.local/lib/python3.7/site-packages/airflow/example_dags/example_sensors.py
[2023-06-09T01:42:21.927+0000] {logging_mixin.py:149} INFO - [2023-06-09T01:42:21.927+0000] {dag.py:2726} INFO - Sync 1 DAGs
[2023-06-09T01:42:21.949+0000] {logging_mixin.py:149} INFO - [2023-06-09T01:42:21.949+0000] {dag.py:3490} INFO - Setting next_dagrun for example_sensors to None, run_after=None
[2023-06-09T01:42:21.963+0000] {processor.py:179} INFO - Processing /home/airflow/.local/lib/python3.7/site-packages/airflow/example_dags/example_sensors.py took 0.088 seconds
[2023-06-09T01:42:52.587+0000] {processor.py:157} INFO - Started process (PID=1982) to work on /home/airflow/.local/lib/python3.7/site-packages/airflow/example_dags/example_sensors.py
[2023-06-09T01:42:52.589+0000] {processor.py:826} INFO - Processing file /home/airflow/.local/lib/python3.7/site-packages/airflow/example_dags/example_sensors.py for tasks to queue
[2023-06-09T01:42:52.589+0000] {logging_mixin.py:149} INFO - [2023-06-09T01:42:52.589+0000] {dagbag.py:541} INFO - Filling up the DagBag from /home/airflow/.local/lib/python3.7/site-packages/airflow/example_dags/example_sensors.py
[2023-06-09T01:42:52.597+0000] {processor.py:836} INFO - DAG(s) dict_keys(['example_sensors']) retrieved from /home/airflow/.local/lib/python3.7/site-packages/airflow/example_dags/example_sensors.py
[2023-06-09T01:42:52.620+0000] {logging_mixin.py:149} INFO - [2023-06-09T01:42:52.620+0000] {dag.py:2726} INFO - Sync 1 DAGs
[2023-06-09T01:42:52.639+0000] {logging_mixin.py:149} INFO - [2023-06-09T01:42:52.639+0000] {dag.py:3490} INFO - Setting next_dagrun for example_sensors to None, run_after=None
[2023-06-09T01:42:52.654+0000] {processor.py:179} INFO - Processing /home/airflow/.local/lib/python3.7/site-packages/airflow/example_dags/example_sensors.py took 0.069 seconds
[2023-06-09T01:43:22.974+0000] {processor.py:157} INFO - Started process (PID=2038) to work on /home/airflow/.local/lib/python3.7/site-packages/airflow/example_dags/example_sensors.py
[2023-06-09T01:43:22.975+0000] {processor.py:826} INFO - Processing file /home/airflow/.local/lib/python3.7/site-packages/airflow/example_dags/example_sensors.py for tasks to queue
[2023-06-09T01:43:22.976+0000] {logging_mixin.py:149} INFO - [2023-06-09T01:43:22.976+0000] {dagbag.py:541} INFO - Filling up the DagBag from /home/airflow/.local/lib/python3.7/site-packages/airflow/example_dags/example_sensors.py
[2023-06-09T01:43:22.984+0000] {processor.py:836} INFO - DAG(s) dict_keys(['example_sensors']) retrieved from /home/airflow/.local/lib/python3.7/site-packages/airflow/example_dags/example_sensors.py
[2023-06-09T01:43:23.011+0000] {logging_mixin.py:149} INFO - [2023-06-09T01:43:23.011+0000] {dag.py:2726} INFO - Sync 1 DAGs
[2023-06-09T01:43:23.028+0000] {logging_mixin.py:149} INFO - [2023-06-09T01:43:23.028+0000] {dag.py:3490} INFO - Setting next_dagrun for example_sensors to None, run_after=None
[2023-06-09T01:43:23.041+0000] {processor.py:179} INFO - Processing /home/airflow/.local/lib/python3.7/site-packages/airflow/example_dags/example_sensors.py took 0.070 seconds
[2023-06-09T01:43:53.288+0000] {processor.py:157} INFO - Started process (PID=2094) to work on /home/airflow/.local/lib/python3.7/site-packages/airflow/example_dags/example_sensors.py
[2023-06-09T01:43:53.290+0000] {processor.py:826} INFO - Processing file /home/airflow/.local/lib/python3.7/site-packages/airflow/example_dags/example_sensors.py for tasks to queue
[2023-06-09T01:43:53.291+0000] {logging_mixin.py:149} INFO - [2023-06-09T01:43:53.291+0000] {dagbag.py:541} INFO - Filling up the DagBag from /home/airflow/.local/lib/python3.7/site-packages/airflow/example_dags/example_sensors.py
[2023-06-09T01:43:53.299+0000] {processor.py:836} INFO - DAG(s) dict_keys(['example_sensors']) retrieved from /home/airflow/.local/lib/python3.7/site-packages/airflow/example_dags/example_sensors.py
[2023-06-09T01:43:53.322+0000] {logging_mixin.py:149} INFO - [2023-06-09T01:43:53.322+0000] {dag.py:2726} INFO - Sync 1 DAGs
[2023-06-09T01:43:53.339+0000] {logging_mixin.py:149} INFO - [2023-06-09T01:43:53.338+0000] {dag.py:3490} INFO - Setting next_dagrun for example_sensors to None, run_after=None
[2023-06-09T01:43:53.349+0000] {processor.py:179} INFO - Processing /home/airflow/.local/lib/python3.7/site-packages/airflow/example_dags/example_sensors.py took 0.064 seconds
[2023-06-09T01:44:23.593+0000] {processor.py:157} INFO - Started process (PID=2151) to work on /home/airflow/.local/lib/python3.7/site-packages/airflow/example_dags/example_sensors.py
[2023-06-09T01:44:23.595+0000] {processor.py:826} INFO - Processing file /home/airflow/.local/lib/python3.7/site-packages/airflow/example_dags/example_sensors.py for tasks to queue
[2023-06-09T01:44:23.596+0000] {logging_mixin.py:149} INFO - [2023-06-09T01:44:23.596+0000] {dagbag.py:541} INFO - Filling up the DagBag from /home/airflow/.local/lib/python3.7/site-packages/airflow/example_dags/example_sensors.py
[2023-06-09T01:44:23.605+0000] {processor.py:836} INFO - DAG(s) dict_keys(['example_sensors']) retrieved from /home/airflow/.local/lib/python3.7/site-packages/airflow/example_dags/example_sensors.py
[2023-06-09T01:44:23.630+0000] {logging_mixin.py:149} INFO - [2023-06-09T01:44:23.630+0000] {dag.py:2726} INFO - Sync 1 DAGs
[2023-06-09T01:44:23.645+0000] {logging_mixin.py:149} INFO - [2023-06-09T01:44:23.645+0000] {dag.py:3490} INFO - Setting next_dagrun for example_sensors to None, run_after=None
[2023-06-09T01:44:23.658+0000] {processor.py:179} INFO - Processing /home/airflow/.local/lib/python3.7/site-packages/airflow/example_dags/example_sensors.py took 0.069 seconds
[2023-06-09T01:44:54.579+0000] {processor.py:157} INFO - Started process (PID=2207) to work on /home/airflow/.local/lib/python3.7/site-packages/airflow/example_dags/example_sensors.py
[2023-06-09T01:44:54.582+0000] {processor.py:826} INFO - Processing file /home/airflow/.local/lib/python3.7/site-packages/airflow/example_dags/example_sensors.py for tasks to queue
[2023-06-09T01:44:54.583+0000] {logging_mixin.py:149} INFO - [2023-06-09T01:44:54.583+0000] {dagbag.py:541} INFO - Filling up the DagBag from /home/airflow/.local/lib/python3.7/site-packages/airflow/example_dags/example_sensors.py
[2023-06-09T01:44:54.593+0000] {processor.py:836} INFO - DAG(s) dict_keys(['example_sensors']) retrieved from /home/airflow/.local/lib/python3.7/site-packages/airflow/example_dags/example_sensors.py
[2023-06-09T01:44:54.629+0000] {logging_mixin.py:149} INFO - [2023-06-09T01:44:54.629+0000] {dag.py:2726} INFO - Sync 1 DAGs
[2023-06-09T01:44:54.651+0000] {logging_mixin.py:149} INFO - [2023-06-09T01:44:54.651+0000] {dag.py:3490} INFO - Setting next_dagrun for example_sensors to None, run_after=None
[2023-06-09T01:44:54.667+0000] {processor.py:179} INFO - Processing /home/airflow/.local/lib/python3.7/site-packages/airflow/example_dags/example_sensors.py took 0.091 seconds
[2023-06-09T01:45:24.949+0000] {processor.py:157} INFO - Started process (PID=2264) to work on /home/airflow/.local/lib/python3.7/site-packages/airflow/example_dags/example_sensors.py
[2023-06-09T01:45:24.951+0000] {processor.py:826} INFO - Processing file /home/airflow/.local/lib/python3.7/site-packages/airflow/example_dags/example_sensors.py for tasks to queue
[2023-06-09T01:45:24.952+0000] {logging_mixin.py:149} INFO - [2023-06-09T01:45:24.952+0000] {dagbag.py:541} INFO - Filling up the DagBag from /home/airflow/.local/lib/python3.7/site-packages/airflow/example_dags/example_sensors.py
[2023-06-09T01:45:24.962+0000] {processor.py:836} INFO - DAG(s) dict_keys(['example_sensors']) retrieved from /home/airflow/.local/lib/python3.7/site-packages/airflow/example_dags/example_sensors.py
[2023-06-09T01:45:24.989+0000] {logging_mixin.py:149} INFO - [2023-06-09T01:45:24.989+0000] {dag.py:2726} INFO - Sync 1 DAGs
[2023-06-09T01:45:25.010+0000] {logging_mixin.py:149} INFO - [2023-06-09T01:45:25.010+0000] {dag.py:3490} INFO - Setting next_dagrun for example_sensors to None, run_after=None
[2023-06-09T01:45:25.023+0000] {processor.py:179} INFO - Processing /home/airflow/.local/lib/python3.7/site-packages/airflow/example_dags/example_sensors.py took 0.077 seconds
[2023-06-09T01:45:55.794+0000] {processor.py:157} INFO - Started process (PID=2320) to work on /home/airflow/.local/lib/python3.7/site-packages/airflow/example_dags/example_sensors.py
[2023-06-09T01:45:55.796+0000] {processor.py:826} INFO - Processing file /home/airflow/.local/lib/python3.7/site-packages/airflow/example_dags/example_sensors.py for tasks to queue
[2023-06-09T01:45:55.797+0000] {logging_mixin.py:149} INFO - [2023-06-09T01:45:55.797+0000] {dagbag.py:541} INFO - Filling up the DagBag from /home/airflow/.local/lib/python3.7/site-packages/airflow/example_dags/example_sensors.py
[2023-06-09T01:45:55.809+0000] {processor.py:836} INFO - DAG(s) dict_keys(['example_sensors']) retrieved from /home/airflow/.local/lib/python3.7/site-packages/airflow/example_dags/example_sensors.py
[2023-06-09T01:45:55.834+0000] {logging_mixin.py:149} INFO - [2023-06-09T01:45:55.834+0000] {dag.py:2726} INFO - Sync 1 DAGs
[2023-06-09T01:45:55.858+0000] {logging_mixin.py:149} INFO - [2023-06-09T01:45:55.858+0000] {dag.py:3490} INFO - Setting next_dagrun for example_sensors to None, run_after=None
[2023-06-09T01:45:55.876+0000] {processor.py:179} INFO - Processing /home/airflow/.local/lib/python3.7/site-packages/airflow/example_dags/example_sensors.py took 0.084 seconds
[2023-06-09T01:46:25.940+0000] {processor.py:157} INFO - Started process (PID=2376) to work on /home/airflow/.local/lib/python3.7/site-packages/airflow/example_dags/example_sensors.py
[2023-06-09T01:46:25.943+0000] {processor.py:826} INFO - Processing file /home/airflow/.local/lib/python3.7/site-packages/airflow/example_dags/example_sensors.py for tasks to queue
[2023-06-09T01:46:25.944+0000] {logging_mixin.py:149} INFO - [2023-06-09T01:46:25.944+0000] {dagbag.py:541} INFO - Filling up the DagBag from /home/airflow/.local/lib/python3.7/site-packages/airflow/example_dags/example_sensors.py
[2023-06-09T01:46:25.956+0000] {processor.py:836} INFO - DAG(s) dict_keys(['example_sensors']) retrieved from /home/airflow/.local/lib/python3.7/site-packages/airflow/example_dags/example_sensors.py
[2023-06-09T01:46:25.981+0000] {logging_mixin.py:149} INFO - [2023-06-09T01:46:25.981+0000] {dag.py:2726} INFO - Sync 1 DAGs
[2023-06-09T01:46:25.997+0000] {logging_mixin.py:149} INFO - [2023-06-09T01:46:25.997+0000] {dag.py:3490} INFO - Setting next_dagrun for example_sensors to None, run_after=None
[2023-06-09T01:46:26.010+0000] {processor.py:179} INFO - Processing /home/airflow/.local/lib/python3.7/site-packages/airflow/example_dags/example_sensors.py took 0.076 seconds
[2023-06-09T01:46:56.739+0000] {processor.py:157} INFO - Started process (PID=2432) to work on /home/airflow/.local/lib/python3.7/site-packages/airflow/example_dags/example_sensors.py
[2023-06-09T01:46:56.742+0000] {processor.py:826} INFO - Processing file /home/airflow/.local/lib/python3.7/site-packages/airflow/example_dags/example_sensors.py for tasks to queue
[2023-06-09T01:46:56.743+0000] {logging_mixin.py:149} INFO - [2023-06-09T01:46:56.743+0000] {dagbag.py:541} INFO - Filling up the DagBag from /home/airflow/.local/lib/python3.7/site-packages/airflow/example_dags/example_sensors.py
[2023-06-09T01:46:56.759+0000] {processor.py:836} INFO - DAG(s) dict_keys(['example_sensors']) retrieved from /home/airflow/.local/lib/python3.7/site-packages/airflow/example_dags/example_sensors.py
[2023-06-09T01:46:56.791+0000] {logging_mixin.py:149} INFO - [2023-06-09T01:46:56.791+0000] {dag.py:2726} INFO - Sync 1 DAGs
[2023-06-09T01:46:56.813+0000] {logging_mixin.py:149} INFO - [2023-06-09T01:46:56.813+0000] {dag.py:3490} INFO - Setting next_dagrun for example_sensors to None, run_after=None
[2023-06-09T01:46:56.835+0000] {processor.py:179} INFO - Processing /home/airflow/.local/lib/python3.7/site-packages/airflow/example_dags/example_sensors.py took 0.099 seconds
[2023-06-09T01:47:27.424+0000] {processor.py:157} INFO - Started process (PID=2488) to work on /home/airflow/.local/lib/python3.7/site-packages/airflow/example_dags/example_sensors.py
[2023-06-09T01:47:27.427+0000] {processor.py:826} INFO - Processing file /home/airflow/.local/lib/python3.7/site-packages/airflow/example_dags/example_sensors.py for tasks to queue
[2023-06-09T01:47:27.428+0000] {logging_mixin.py:149} INFO - [2023-06-09T01:47:27.428+0000] {dagbag.py:541} INFO - Filling up the DagBag from /home/airflow/.local/lib/python3.7/site-packages/airflow/example_dags/example_sensors.py
[2023-06-09T01:47:27.440+0000] {processor.py:836} INFO - DAG(s) dict_keys(['example_sensors']) retrieved from /home/airflow/.local/lib/python3.7/site-packages/airflow/example_dags/example_sensors.py
[2023-06-09T01:47:27.470+0000] {logging_mixin.py:149} INFO - [2023-06-09T01:47:27.470+0000] {dag.py:2726} INFO - Sync 1 DAGs
[2023-06-09T01:47:27.491+0000] {logging_mixin.py:149} INFO - [2023-06-09T01:47:27.491+0000] {dag.py:3490} INFO - Setting next_dagrun for example_sensors to None, run_after=None
[2023-06-09T01:47:27.508+0000] {processor.py:179} INFO - Processing /home/airflow/.local/lib/python3.7/site-packages/airflow/example_dags/example_sensors.py took 0.090 seconds
[2023-06-09T01:47:58.072+0000] {processor.py:157} INFO - Started process (PID=2545) to work on /home/airflow/.local/lib/python3.7/site-packages/airflow/example_dags/example_sensors.py
[2023-06-09T01:47:58.074+0000] {processor.py:826} INFO - Processing file /home/airflow/.local/lib/python3.7/site-packages/airflow/example_dags/example_sensors.py for tasks to queue
[2023-06-09T01:47:58.075+0000] {logging_mixin.py:149} INFO - [2023-06-09T01:47:58.075+0000] {dagbag.py:541} INFO - Filling up the DagBag from /home/airflow/.local/lib/python3.7/site-packages/airflow/example_dags/example_sensors.py
[2023-06-09T01:47:58.088+0000] {processor.py:836} INFO - DAG(s) dict_keys(['example_sensors']) retrieved from /home/airflow/.local/lib/python3.7/site-packages/airflow/example_dags/example_sensors.py
[2023-06-09T01:47:58.122+0000] {logging_mixin.py:149} INFO - [2023-06-09T01:47:58.122+0000] {dag.py:2726} INFO - Sync 1 DAGs
[2023-06-09T01:47:58.144+0000] {logging_mixin.py:149} INFO - [2023-06-09T01:47:58.144+0000] {dag.py:3490} INFO - Setting next_dagrun for example_sensors to None, run_after=None
[2023-06-09T01:47:58.173+0000] {processor.py:179} INFO - Processing /home/airflow/.local/lib/python3.7/site-packages/airflow/example_dags/example_sensors.py took 0.105 seconds
[2023-06-09T01:48:28.585+0000] {processor.py:157} INFO - Started process (PID=2601) to work on /home/airflow/.local/lib/python3.7/site-packages/airflow/example_dags/example_sensors.py
[2023-06-09T01:48:28.586+0000] {processor.py:826} INFO - Processing file /home/airflow/.local/lib/python3.7/site-packages/airflow/example_dags/example_sensors.py for tasks to queue
[2023-06-09T01:48:28.587+0000] {logging_mixin.py:149} INFO - [2023-06-09T01:48:28.587+0000] {dagbag.py:541} INFO - Filling up the DagBag from /home/airflow/.local/lib/python3.7/site-packages/airflow/example_dags/example_sensors.py
[2023-06-09T01:48:28.599+0000] {processor.py:836} INFO - DAG(s) dict_keys(['example_sensors']) retrieved from /home/airflow/.local/lib/python3.7/site-packages/airflow/example_dags/example_sensors.py
[2023-06-09T01:48:28.626+0000] {logging_mixin.py:149} INFO - [2023-06-09T01:48:28.626+0000] {dag.py:2726} INFO - Sync 1 DAGs
[2023-06-09T01:48:28.644+0000] {logging_mixin.py:149} INFO - [2023-06-09T01:48:28.644+0000] {dag.py:3490} INFO - Setting next_dagrun for example_sensors to None, run_after=None
[2023-06-09T01:48:28.658+0000] {processor.py:179} INFO - Processing /home/airflow/.local/lib/python3.7/site-packages/airflow/example_dags/example_sensors.py took 0.080 seconds
[2023-06-09T01:48:58.717+0000] {processor.py:157} INFO - Started process (PID=2656) to work on /home/airflow/.local/lib/python3.7/site-packages/airflow/example_dags/example_sensors.py
[2023-06-09T01:48:58.718+0000] {processor.py:826} INFO - Processing file /home/airflow/.local/lib/python3.7/site-packages/airflow/example_dags/example_sensors.py for tasks to queue
[2023-06-09T01:48:58.719+0000] {logging_mixin.py:149} INFO - [2023-06-09T01:48:58.719+0000] {dagbag.py:541} INFO - Filling up the DagBag from /home/airflow/.local/lib/python3.7/site-packages/airflow/example_dags/example_sensors.py
[2023-06-09T01:48:58.726+0000] {processor.py:836} INFO - DAG(s) dict_keys(['example_sensors']) retrieved from /home/airflow/.local/lib/python3.7/site-packages/airflow/example_dags/example_sensors.py
[2023-06-09T01:48:58.748+0000] {logging_mixin.py:149} INFO - [2023-06-09T01:48:58.748+0000] {dag.py:2726} INFO - Sync 1 DAGs
[2023-06-09T01:48:58.762+0000] {logging_mixin.py:149} INFO - [2023-06-09T01:48:58.762+0000] {dag.py:3490} INFO - Setting next_dagrun for example_sensors to None, run_after=None
[2023-06-09T01:48:58.773+0000] {processor.py:179} INFO - Processing /home/airflow/.local/lib/python3.7/site-packages/airflow/example_dags/example_sensors.py took 0.058 seconds
[2023-06-09T01:49:28.901+0000] {processor.py:157} INFO - Started process (PID=2711) to work on /home/airflow/.local/lib/python3.7/site-packages/airflow/example_dags/example_sensors.py
[2023-06-09T01:49:28.902+0000] {processor.py:826} INFO - Processing file /home/airflow/.local/lib/python3.7/site-packages/airflow/example_dags/example_sensors.py for tasks to queue
[2023-06-09T01:49:28.903+0000] {logging_mixin.py:149} INFO - [2023-06-09T01:49:28.903+0000] {dagbag.py:541} INFO - Filling up the DagBag from /home/airflow/.local/lib/python3.7/site-packages/airflow/example_dags/example_sensors.py
[2023-06-09T01:49:28.911+0000] {processor.py:836} INFO - DAG(s) dict_keys(['example_sensors']) retrieved from /home/airflow/.local/lib/python3.7/site-packages/airflow/example_dags/example_sensors.py
[2023-06-09T01:49:28.938+0000] {logging_mixin.py:149} INFO - [2023-06-09T01:49:28.938+0000] {dag.py:2726} INFO - Sync 1 DAGs
[2023-06-09T01:49:28.955+0000] {logging_mixin.py:149} INFO - [2023-06-09T01:49:28.955+0000] {dag.py:3490} INFO - Setting next_dagrun for example_sensors to None, run_after=None
[2023-06-09T01:49:28.967+0000] {processor.py:179} INFO - Processing /home/airflow/.local/lib/python3.7/site-packages/airflow/example_dags/example_sensors.py took 0.070 seconds
[2023-06-09T01:49:59.238+0000] {processor.py:157} INFO - Started process (PID=2767) to work on /home/airflow/.local/lib/python3.7/site-packages/airflow/example_dags/example_sensors.py
[2023-06-09T01:49:59.247+0000] {processor.py:826} INFO - Processing file /home/airflow/.local/lib/python3.7/site-packages/airflow/example_dags/example_sensors.py for tasks to queue
[2023-06-09T01:49:59.249+0000] {logging_mixin.py:149} INFO - [2023-06-09T01:49:59.249+0000] {dagbag.py:541} INFO - Filling up the DagBag from /home/airflow/.local/lib/python3.7/site-packages/airflow/example_dags/example_sensors.py
[2023-06-09T01:49:59.272+0000] {processor.py:836} INFO - DAG(s) dict_keys(['example_sensors']) retrieved from /home/airflow/.local/lib/python3.7/site-packages/airflow/example_dags/example_sensors.py
[2023-06-09T01:49:59.299+0000] {logging_mixin.py:149} INFO - [2023-06-09T01:49:59.299+0000] {dag.py:2726} INFO - Sync 1 DAGs
[2023-06-09T01:49:59.318+0000] {logging_mixin.py:149} INFO - [2023-06-09T01:49:59.318+0000] {dag.py:3490} INFO - Setting next_dagrun for example_sensors to None, run_after=None
[2023-06-09T01:49:59.331+0000] {processor.py:179} INFO - Processing /home/airflow/.local/lib/python3.7/site-packages/airflow/example_dags/example_sensors.py took 0.099 seconds
[2023-06-09T01:50:29.741+0000] {processor.py:157} INFO - Started process (PID=2823) to work on /home/airflow/.local/lib/python3.7/site-packages/airflow/example_dags/example_sensors.py
[2023-06-09T01:50:29.742+0000] {processor.py:826} INFO - Processing file /home/airflow/.local/lib/python3.7/site-packages/airflow/example_dags/example_sensors.py for tasks to queue
[2023-06-09T01:50:29.743+0000] {logging_mixin.py:149} INFO - [2023-06-09T01:50:29.743+0000] {dagbag.py:541} INFO - Filling up the DagBag from /home/airflow/.local/lib/python3.7/site-packages/airflow/example_dags/example_sensors.py
[2023-06-09T01:50:29.755+0000] {processor.py:836} INFO - DAG(s) dict_keys(['example_sensors']) retrieved from /home/airflow/.local/lib/python3.7/site-packages/airflow/example_dags/example_sensors.py
[2023-06-09T01:50:29.784+0000] {logging_mixin.py:149} INFO - [2023-06-09T01:50:29.783+0000] {dag.py:2726} INFO - Sync 1 DAGs
[2023-06-09T01:50:29.800+0000] {logging_mixin.py:149} INFO - [2023-06-09T01:50:29.800+0000] {dag.py:3490} INFO - Setting next_dagrun for example_sensors to None, run_after=None
[2023-06-09T01:50:29.811+0000] {processor.py:179} INFO - Processing /home/airflow/.local/lib/python3.7/site-packages/airflow/example_dags/example_sensors.py took 0.073 seconds
[2023-06-09T01:51:00.192+0000] {processor.py:157} INFO - Started process (PID=2879) to work on /home/airflow/.local/lib/python3.7/site-packages/airflow/example_dags/example_sensors.py
[2023-06-09T01:51:00.193+0000] {processor.py:826} INFO - Processing file /home/airflow/.local/lib/python3.7/site-packages/airflow/example_dags/example_sensors.py for tasks to queue
[2023-06-09T01:51:00.194+0000] {logging_mixin.py:149} INFO - [2023-06-09T01:51:00.194+0000] {dagbag.py:541} INFO - Filling up the DagBag from /home/airflow/.local/lib/python3.7/site-packages/airflow/example_dags/example_sensors.py
[2023-06-09T01:51:00.203+0000] {processor.py:836} INFO - DAG(s) dict_keys(['example_sensors']) retrieved from /home/airflow/.local/lib/python3.7/site-packages/airflow/example_dags/example_sensors.py
[2023-06-09T01:51:00.230+0000] {logging_mixin.py:149} INFO - [2023-06-09T01:51:00.230+0000] {dag.py:2726} INFO - Sync 1 DAGs
[2023-06-09T01:51:00.246+0000] {logging_mixin.py:149} INFO - [2023-06-09T01:51:00.246+0000] {dag.py:3490} INFO - Setting next_dagrun for example_sensors to None, run_after=None
[2023-06-09T01:51:00.258+0000] {processor.py:179} INFO - Processing /home/airflow/.local/lib/python3.7/site-packages/airflow/example_dags/example_sensors.py took 0.069 seconds
[2023-06-09T01:51:31.041+0000] {processor.py:157} INFO - Started process (PID=2931) to work on /home/airflow/.local/lib/python3.7/site-packages/airflow/example_dags/example_sensors.py
[2023-06-09T01:51:31.043+0000] {processor.py:826} INFO - Processing file /home/airflow/.local/lib/python3.7/site-packages/airflow/example_dags/example_sensors.py for tasks to queue
[2023-06-09T01:51:31.044+0000] {logging_mixin.py:149} INFO - [2023-06-09T01:51:31.044+0000] {dagbag.py:541} INFO - Filling up the DagBag from /home/airflow/.local/lib/python3.7/site-packages/airflow/example_dags/example_sensors.py
[2023-06-09T01:51:31.054+0000] {processor.py:836} INFO - DAG(s) dict_keys(['example_sensors']) retrieved from /home/airflow/.local/lib/python3.7/site-packages/airflow/example_dags/example_sensors.py
[2023-06-09T01:51:31.081+0000] {logging_mixin.py:149} INFO - [2023-06-09T01:51:31.080+0000] {dag.py:2726} INFO - Sync 1 DAGs
[2023-06-09T01:51:31.098+0000] {logging_mixin.py:149} INFO - [2023-06-09T01:51:31.098+0000] {dag.py:3490} INFO - Setting next_dagrun for example_sensors to None, run_after=None
[2023-06-09T01:51:31.110+0000] {processor.py:179} INFO - Processing /home/airflow/.local/lib/python3.7/site-packages/airflow/example_dags/example_sensors.py took 0.072 seconds
[2023-06-09T01:52:01.433+0000] {processor.py:157} INFO - Started process (PID=2987) to work on /home/airflow/.local/lib/python3.7/site-packages/airflow/example_dags/example_sensors.py
[2023-06-09T01:52:01.435+0000] {processor.py:826} INFO - Processing file /home/airflow/.local/lib/python3.7/site-packages/airflow/example_dags/example_sensors.py for tasks to queue
[2023-06-09T01:52:01.436+0000] {logging_mixin.py:149} INFO - [2023-06-09T01:52:01.436+0000] {dagbag.py:541} INFO - Filling up the DagBag from /home/airflow/.local/lib/python3.7/site-packages/airflow/example_dags/example_sensors.py
[2023-06-09T01:52:01.447+0000] {processor.py:836} INFO - DAG(s) dict_keys(['example_sensors']) retrieved from /home/airflow/.local/lib/python3.7/site-packages/airflow/example_dags/example_sensors.py
[2023-06-09T01:52:01.474+0000] {logging_mixin.py:149} INFO - [2023-06-09T01:52:01.474+0000] {dag.py:2726} INFO - Sync 1 DAGs
[2023-06-09T01:52:01.490+0000] {logging_mixin.py:149} INFO - [2023-06-09T01:52:01.490+0000] {dag.py:3490} INFO - Setting next_dagrun for example_sensors to None, run_after=None
[2023-06-09T01:52:01.503+0000] {processor.py:179} INFO - Processing /home/airflow/.local/lib/python3.7/site-packages/airflow/example_dags/example_sensors.py took 0.073 seconds
[2023-06-09T01:52:32.113+0000] {processor.py:157} INFO - Started process (PID=3043) to work on /home/airflow/.local/lib/python3.7/site-packages/airflow/example_dags/example_sensors.py
[2023-06-09T01:52:32.115+0000] {processor.py:826} INFO - Processing file /home/airflow/.local/lib/python3.7/site-packages/airflow/example_dags/example_sensors.py for tasks to queue
[2023-06-09T01:52:32.116+0000] {logging_mixin.py:149} INFO - [2023-06-09T01:52:32.116+0000] {dagbag.py:541} INFO - Filling up the DagBag from /home/airflow/.local/lib/python3.7/site-packages/airflow/example_dags/example_sensors.py
[2023-06-09T01:52:32.127+0000] {processor.py:836} INFO - DAG(s) dict_keys(['example_sensors']) retrieved from /home/airflow/.local/lib/python3.7/site-packages/airflow/example_dags/example_sensors.py
[2023-06-09T01:52:32.151+0000] {logging_mixin.py:149} INFO - [2023-06-09T01:52:32.151+0000] {dag.py:2726} INFO - Sync 1 DAGs
[2023-06-09T01:52:32.168+0000] {logging_mixin.py:149} INFO - [2023-06-09T01:52:32.168+0000] {dag.py:3490} INFO - Setting next_dagrun for example_sensors to None, run_after=None
[2023-06-09T01:52:32.180+0000] {processor.py:179} INFO - Processing /home/airflow/.local/lib/python3.7/site-packages/airflow/example_dags/example_sensors.py took 0.071 seconds
[2023-06-09T01:53:02.206+0000] {processor.py:157} INFO - Started process (PID=3098) to work on /home/airflow/.local/lib/python3.7/site-packages/airflow/example_dags/example_sensors.py
[2023-06-09T01:53:02.208+0000] {processor.py:826} INFO - Processing file /home/airflow/.local/lib/python3.7/site-packages/airflow/example_dags/example_sensors.py for tasks to queue
[2023-06-09T01:53:02.209+0000] {logging_mixin.py:149} INFO - [2023-06-09T01:53:02.209+0000] {dagbag.py:541} INFO - Filling up the DagBag from /home/airflow/.local/lib/python3.7/site-packages/airflow/example_dags/example_sensors.py
[2023-06-09T01:53:02.216+0000] {processor.py:836} INFO - DAG(s) dict_keys(['example_sensors']) retrieved from /home/airflow/.local/lib/python3.7/site-packages/airflow/example_dags/example_sensors.py
[2023-06-09T01:53:02.236+0000] {logging_mixin.py:149} INFO - [2023-06-09T01:53:02.236+0000] {dag.py:2726} INFO - Sync 1 DAGs
[2023-06-09T01:53:02.251+0000] {logging_mixin.py:149} INFO - [2023-06-09T01:53:02.251+0000] {dag.py:3490} INFO - Setting next_dagrun for example_sensors to None, run_after=None
[2023-06-09T01:53:02.262+0000] {processor.py:179} INFO - Processing /home/airflow/.local/lib/python3.7/site-packages/airflow/example_dags/example_sensors.py took 0.058 seconds
[2023-06-09T01:53:52.623+0000] {processor.py:157} INFO - Started process (PID=66) to work on /home/airflow/.local/lib/python3.7/site-packages/airflow/example_dags/example_sensors.py
[2023-06-09T01:53:52.626+0000] {processor.py:826} INFO - Processing file /home/airflow/.local/lib/python3.7/site-packages/airflow/example_dags/example_sensors.py for tasks to queue
[2023-06-09T01:53:52.631+0000] {logging_mixin.py:149} INFO - [2023-06-09T01:53:52.631+0000] {dagbag.py:541} INFO - Filling up the DagBag from /home/airflow/.local/lib/python3.7/site-packages/airflow/example_dags/example_sensors.py
[2023-06-09T01:53:52.651+0000] {processor.py:836} INFO - DAG(s) dict_keys(['example_sensors']) retrieved from /home/airflow/.local/lib/python3.7/site-packages/airflow/example_dags/example_sensors.py
[2023-06-09T01:53:52.677+0000] {logging_mixin.py:149} INFO - [2023-06-09T01:53:52.677+0000] {dag.py:2726} INFO - Sync 1 DAGs
[2023-06-09T01:53:52.785+0000] {logging_mixin.py:149} INFO - [2023-06-09T01:53:52.785+0000] {dag.py:3490} INFO - Setting next_dagrun for example_sensors to None, run_after=None
[2023-06-09T01:53:52.848+0000] {processor.py:179} INFO - Processing /home/airflow/.local/lib/python3.7/site-packages/airflow/example_dags/example_sensors.py took 0.250 seconds
