[2023-06-09T01:25:30.444+0000] {processor.py:157} INFO - Started process (PID=61) to work on /home/airflow/.local/lib/python3.7/site-packages/airflow/example_dags/example_short_circuit_decorator.py
[2023-06-09T01:25:30.449+0000] {processor.py:826} INFO - Processing file /home/airflow/.local/lib/python3.7/site-packages/airflow/example_dags/example_short_circuit_decorator.py for tasks to queue
[2023-06-09T01:25:30.452+0000] {logging_mixin.py:149} INFO - [2023-06-09T01:25:30.452+0000] {dagbag.py:541} INFO - Filling up the DagBag from /home/airflow/.local/lib/python3.7/site-packages/airflow/example_dags/example_short_circuit_decorator.py
[2023-06-09T01:25:30.480+0000] {processor.py:836} INFO - DAG(s) dict_keys(['example_short_circuit_decorator']) retrieved from /home/airflow/.local/lib/python3.7/site-packages/airflow/example_dags/example_short_circuit_decorator.py
[2023-06-09T01:25:30.813+0000] {logging_mixin.py:149} INFO - [2023-06-09T01:25:30.812+0000] {manager.py:504} INFO - Created Permission View: can delete on DAG:example_short_circuit_decorator
[2023-06-09T01:25:30.871+0000] {logging_mixin.py:149} INFO - [2023-06-09T01:25:30.870+0000] {manager.py:504} INFO - Created Permission View: can edit on DAG:example_short_circuit_decorator
[2023-06-09T01:25:30.907+0000] {logging_mixin.py:149} INFO - [2023-06-09T01:25:30.906+0000] {manager.py:504} INFO - Created Permission View: can read on DAG:example_short_circuit_decorator
[2023-06-09T01:25:30.911+0000] {logging_mixin.py:149} INFO - [2023-06-09T01:25:30.911+0000] {dag.py:2726} INFO - Sync 1 DAGs
[2023-06-09T01:25:31.015+0000] {logging_mixin.py:149} INFO - [2023-06-09T01:25:31.014+0000] {dag.py:2747} INFO - Creating ORM DAG for example_short_circuit_decorator
[2023-06-09T01:25:31.081+0000] {logging_mixin.py:149} INFO - [2023-06-09T01:25:31.081+0000] {dag.py:3490} INFO - Setting next_dagrun for example_short_circuit_decorator to 2023-06-08T01:25:31.080106+00:00, run_after=2023-06-09T01:25:31.080106+00:00
[2023-06-09T01:25:31.151+0000] {processor.py:179} INFO - Processing /home/airflow/.local/lib/python3.7/site-packages/airflow/example_dags/example_short_circuit_decorator.py took 0.716 seconds
[2023-06-09T01:26:01.563+0000] {processor.py:157} INFO - Started process (PID=117) to work on /home/airflow/.local/lib/python3.7/site-packages/airflow/example_dags/example_short_circuit_decorator.py
[2023-06-09T01:26:01.603+0000] {processor.py:826} INFO - Processing file /home/airflow/.local/lib/python3.7/site-packages/airflow/example_dags/example_short_circuit_decorator.py for tasks to queue
[2023-06-09T01:26:01.678+0000] {logging_mixin.py:149} INFO - [2023-06-09T01:26:01.678+0000] {dagbag.py:541} INFO - Filling up the DagBag from /home/airflow/.local/lib/python3.7/site-packages/airflow/example_dags/example_short_circuit_decorator.py
[2023-06-09T01:26:01.753+0000] {processor.py:836} INFO - DAG(s) dict_keys(['example_short_circuit_decorator']) retrieved from /home/airflow/.local/lib/python3.7/site-packages/airflow/example_dags/example_short_circuit_decorator.py
[2023-06-09T01:26:01.838+0000] {logging_mixin.py:149} INFO - [2023-06-09T01:26:01.838+0000] {dag.py:2726} INFO - Sync 1 DAGs
[2023-06-09T01:26:01.880+0000] {logging_mixin.py:149} INFO - [2023-06-09T01:26:01.880+0000] {dag.py:3490} INFO - Setting next_dagrun for example_short_circuit_decorator to 2023-06-08T01:26:01.879650+00:00, run_after=2023-06-09T01:26:01.879650+00:00
[2023-06-09T01:26:01.981+0000] {processor.py:179} INFO - Processing /home/airflow/.local/lib/python3.7/site-packages/airflow/example_dags/example_short_circuit_decorator.py took 0.442 seconds
[2023-06-09T01:26:32.261+0000] {processor.py:157} INFO - Started process (PID=173) to work on /home/airflow/.local/lib/python3.7/site-packages/airflow/example_dags/example_short_circuit_decorator.py
[2023-06-09T01:26:32.263+0000] {processor.py:826} INFO - Processing file /home/airflow/.local/lib/python3.7/site-packages/airflow/example_dags/example_short_circuit_decorator.py for tasks to queue
[2023-06-09T01:26:32.263+0000] {logging_mixin.py:149} INFO - [2023-06-09T01:26:32.263+0000] {dagbag.py:541} INFO - Filling up the DagBag from /home/airflow/.local/lib/python3.7/site-packages/airflow/example_dags/example_short_circuit_decorator.py
[2023-06-09T01:26:32.272+0000] {processor.py:836} INFO - DAG(s) dict_keys(['example_short_circuit_decorator']) retrieved from /home/airflow/.local/lib/python3.7/site-packages/airflow/example_dags/example_short_circuit_decorator.py
[2023-06-09T01:26:32.300+0000] {logging_mixin.py:149} INFO - [2023-06-09T01:26:32.300+0000] {dag.py:2726} INFO - Sync 1 DAGs
[2023-06-09T01:26:32.323+0000] {logging_mixin.py:149} INFO - [2023-06-09T01:26:32.323+0000] {dag.py:3490} INFO - Setting next_dagrun for example_short_circuit_decorator to 2023-06-08T01:26:32.323256+00:00, run_after=2023-06-09T01:26:32.323256+00:00
[2023-06-09T01:26:32.337+0000] {processor.py:179} INFO - Processing /home/airflow/.local/lib/python3.7/site-packages/airflow/example_dags/example_short_circuit_decorator.py took 0.080 seconds
[2023-06-09T01:27:02.560+0000] {processor.py:157} INFO - Started process (PID=228) to work on /home/airflow/.local/lib/python3.7/site-packages/airflow/example_dags/example_short_circuit_decorator.py
[2023-06-09T01:27:02.562+0000] {processor.py:826} INFO - Processing file /home/airflow/.local/lib/python3.7/site-packages/airflow/example_dags/example_short_circuit_decorator.py for tasks to queue
[2023-06-09T01:27:02.563+0000] {logging_mixin.py:149} INFO - [2023-06-09T01:27:02.563+0000] {dagbag.py:541} INFO - Filling up the DagBag from /home/airflow/.local/lib/python3.7/site-packages/airflow/example_dags/example_short_circuit_decorator.py
[2023-06-09T01:27:02.575+0000] {processor.py:836} INFO - DAG(s) dict_keys(['example_short_circuit_decorator']) retrieved from /home/airflow/.local/lib/python3.7/site-packages/airflow/example_dags/example_short_circuit_decorator.py
[2023-06-09T01:27:02.599+0000] {logging_mixin.py:149} INFO - [2023-06-09T01:27:02.599+0000] {dag.py:2726} INFO - Sync 1 DAGs
[2023-06-09T01:27:02.635+0000] {logging_mixin.py:149} INFO - [2023-06-09T01:27:02.635+0000] {dag.py:3490} INFO - Setting next_dagrun for example_short_circuit_decorator to 2023-06-08T01:27:02.634975+00:00, run_after=2023-06-09T01:27:02.634975+00:00
[2023-06-09T01:27:02.652+0000] {processor.py:179} INFO - Processing /home/airflow/.local/lib/python3.7/site-packages/airflow/example_dags/example_short_circuit_decorator.py took 0.097 seconds
[2023-06-09T01:27:33.151+0000] {processor.py:157} INFO - Started process (PID=284) to work on /home/airflow/.local/lib/python3.7/site-packages/airflow/example_dags/example_short_circuit_decorator.py
[2023-06-09T01:27:33.153+0000] {processor.py:826} INFO - Processing file /home/airflow/.local/lib/python3.7/site-packages/airflow/example_dags/example_short_circuit_decorator.py for tasks to queue
[2023-06-09T01:27:33.155+0000] {logging_mixin.py:149} INFO - [2023-06-09T01:27:33.155+0000] {dagbag.py:541} INFO - Filling up the DagBag from /home/airflow/.local/lib/python3.7/site-packages/airflow/example_dags/example_short_circuit_decorator.py
[2023-06-09T01:27:33.169+0000] {processor.py:836} INFO - DAG(s) dict_keys(['example_short_circuit_decorator']) retrieved from /home/airflow/.local/lib/python3.7/site-packages/airflow/example_dags/example_short_circuit_decorator.py
[2023-06-09T01:27:33.197+0000] {logging_mixin.py:149} INFO - [2023-06-09T01:27:33.197+0000] {dag.py:2726} INFO - Sync 1 DAGs
[2023-06-09T01:27:33.228+0000] {logging_mixin.py:149} INFO - [2023-06-09T01:27:33.228+0000] {dag.py:3490} INFO - Setting next_dagrun for example_short_circuit_decorator to 2023-06-08T01:27:33.228377+00:00, run_after=2023-06-09T01:27:33.228377+00:00
[2023-06-09T01:27:33.243+0000] {processor.py:179} INFO - Processing /home/airflow/.local/lib/python3.7/site-packages/airflow/example_dags/example_short_circuit_decorator.py took 0.098 seconds
[2023-06-09T01:28:03.716+0000] {processor.py:157} INFO - Started process (PID=341) to work on /home/airflow/.local/lib/python3.7/site-packages/airflow/example_dags/example_short_circuit_decorator.py
[2023-06-09T01:28:03.719+0000] {processor.py:826} INFO - Processing file /home/airflow/.local/lib/python3.7/site-packages/airflow/example_dags/example_short_circuit_decorator.py for tasks to queue
[2023-06-09T01:28:03.720+0000] {logging_mixin.py:149} INFO - [2023-06-09T01:28:03.720+0000] {dagbag.py:541} INFO - Filling up the DagBag from /home/airflow/.local/lib/python3.7/site-packages/airflow/example_dags/example_short_circuit_decorator.py
[2023-06-09T01:28:03.733+0000] {processor.py:836} INFO - DAG(s) dict_keys(['example_short_circuit_decorator']) retrieved from /home/airflow/.local/lib/python3.7/site-packages/airflow/example_dags/example_short_circuit_decorator.py
[2023-06-09T01:28:03.765+0000] {logging_mixin.py:149} INFO - [2023-06-09T01:28:03.765+0000] {dag.py:2726} INFO - Sync 1 DAGs
[2023-06-09T01:28:03.784+0000] {logging_mixin.py:149} INFO - [2023-06-09T01:28:03.784+0000] {dag.py:3490} INFO - Setting next_dagrun for example_short_circuit_decorator to 2023-06-08T01:28:03.783872+00:00, run_after=2023-06-09T01:28:03.783872+00:00
[2023-06-09T01:28:03.798+0000] {processor.py:179} INFO - Processing /home/airflow/.local/lib/python3.7/site-packages/airflow/example_dags/example_short_circuit_decorator.py took 0.089 seconds
[2023-06-09T01:28:34.426+0000] {processor.py:157} INFO - Started process (PID=397) to work on /home/airflow/.local/lib/python3.7/site-packages/airflow/example_dags/example_short_circuit_decorator.py
[2023-06-09T01:28:34.428+0000] {processor.py:826} INFO - Processing file /home/airflow/.local/lib/python3.7/site-packages/airflow/example_dags/example_short_circuit_decorator.py for tasks to queue
[2023-06-09T01:28:34.429+0000] {logging_mixin.py:149} INFO - [2023-06-09T01:28:34.429+0000] {dagbag.py:541} INFO - Filling up the DagBag from /home/airflow/.local/lib/python3.7/site-packages/airflow/example_dags/example_short_circuit_decorator.py
[2023-06-09T01:28:34.439+0000] {processor.py:836} INFO - DAG(s) dict_keys(['example_short_circuit_decorator']) retrieved from /home/airflow/.local/lib/python3.7/site-packages/airflow/example_dags/example_short_circuit_decorator.py
[2023-06-09T01:28:34.463+0000] {logging_mixin.py:149} INFO - [2023-06-09T01:28:34.462+0000] {dag.py:2726} INFO - Sync 1 DAGs
[2023-06-09T01:28:34.486+0000] {logging_mixin.py:149} INFO - [2023-06-09T01:28:34.486+0000] {dag.py:3490} INFO - Setting next_dagrun for example_short_circuit_decorator to 2023-06-08T01:28:34.486225+00:00, run_after=2023-06-09T01:28:34.486225+00:00
[2023-06-09T01:28:34.502+0000] {processor.py:179} INFO - Processing /home/airflow/.local/lib/python3.7/site-packages/airflow/example_dags/example_short_circuit_decorator.py took 0.078 seconds
[2023-06-09T01:29:04.564+0000] {processor.py:157} INFO - Started process (PID=452) to work on /home/airflow/.local/lib/python3.7/site-packages/airflow/example_dags/example_short_circuit_decorator.py
[2023-06-09T01:29:04.565+0000] {processor.py:826} INFO - Processing file /home/airflow/.local/lib/python3.7/site-packages/airflow/example_dags/example_short_circuit_decorator.py for tasks to queue
[2023-06-09T01:29:04.566+0000] {logging_mixin.py:149} INFO - [2023-06-09T01:29:04.566+0000] {dagbag.py:541} INFO - Filling up the DagBag from /home/airflow/.local/lib/python3.7/site-packages/airflow/example_dags/example_short_circuit_decorator.py
[2023-06-09T01:29:04.576+0000] {processor.py:836} INFO - DAG(s) dict_keys(['example_short_circuit_decorator']) retrieved from /home/airflow/.local/lib/python3.7/site-packages/airflow/example_dags/example_short_circuit_decorator.py
[2023-06-09T01:29:04.598+0000] {logging_mixin.py:149} INFO - [2023-06-09T01:29:04.598+0000] {dag.py:2726} INFO - Sync 1 DAGs
[2023-06-09T01:29:04.614+0000] {logging_mixin.py:149} INFO - [2023-06-09T01:29:04.614+0000] {dag.py:3490} INFO - Setting next_dagrun for example_short_circuit_decorator to 2023-06-08T01:29:04.614644+00:00, run_after=2023-06-09T01:29:04.614644+00:00
[2023-06-09T01:29:04.625+0000] {processor.py:179} INFO - Processing /home/airflow/.local/lib/python3.7/site-packages/airflow/example_dags/example_short_circuit_decorator.py took 0.065 seconds
[2023-06-09T01:29:34.855+0000] {processor.py:157} INFO - Started process (PID=508) to work on /home/airflow/.local/lib/python3.7/site-packages/airflow/example_dags/example_short_circuit_decorator.py
[2023-06-09T01:29:34.857+0000] {processor.py:826} INFO - Processing file /home/airflow/.local/lib/python3.7/site-packages/airflow/example_dags/example_short_circuit_decorator.py for tasks to queue
[2023-06-09T01:29:34.858+0000] {logging_mixin.py:149} INFO - [2023-06-09T01:29:34.858+0000] {dagbag.py:541} INFO - Filling up the DagBag from /home/airflow/.local/lib/python3.7/site-packages/airflow/example_dags/example_short_circuit_decorator.py
[2023-06-09T01:29:34.866+0000] {processor.py:836} INFO - DAG(s) dict_keys(['example_short_circuit_decorator']) retrieved from /home/airflow/.local/lib/python3.7/site-packages/airflow/example_dags/example_short_circuit_decorator.py
[2023-06-09T01:29:34.890+0000] {logging_mixin.py:149} INFO - [2023-06-09T01:29:34.889+0000] {dag.py:2726} INFO - Sync 1 DAGs
[2023-06-09T01:29:34.907+0000] {logging_mixin.py:149} INFO - [2023-06-09T01:29:34.907+0000] {dag.py:3490} INFO - Setting next_dagrun for example_short_circuit_decorator to 2023-06-08T01:29:34.907325+00:00, run_after=2023-06-09T01:29:34.907325+00:00
[2023-06-09T01:29:34.920+0000] {processor.py:179} INFO - Processing /home/airflow/.local/lib/python3.7/site-packages/airflow/example_dags/example_short_circuit_decorator.py took 0.069 seconds
[2023-06-09T01:30:05.676+0000] {processor.py:157} INFO - Started process (PID=565) to work on /home/airflow/.local/lib/python3.7/site-packages/airflow/example_dags/example_short_circuit_decorator.py
[2023-06-09T01:30:05.677+0000] {processor.py:826} INFO - Processing file /home/airflow/.local/lib/python3.7/site-packages/airflow/example_dags/example_short_circuit_decorator.py for tasks to queue
[2023-06-09T01:30:05.678+0000] {logging_mixin.py:149} INFO - [2023-06-09T01:30:05.678+0000] {dagbag.py:541} INFO - Filling up the DagBag from /home/airflow/.local/lib/python3.7/site-packages/airflow/example_dags/example_short_circuit_decorator.py
[2023-06-09T01:30:05.686+0000] {processor.py:836} INFO - DAG(s) dict_keys(['example_short_circuit_decorator']) retrieved from /home/airflow/.local/lib/python3.7/site-packages/airflow/example_dags/example_short_circuit_decorator.py
[2023-06-09T01:30:05.722+0000] {logging_mixin.py:149} INFO - [2023-06-09T01:30:05.721+0000] {dag.py:2726} INFO - Sync 1 DAGs
[2023-06-09T01:30:05.751+0000] {logging_mixin.py:149} INFO - [2023-06-09T01:30:05.750+0000] {dag.py:3490} INFO - Setting next_dagrun for example_short_circuit_decorator to 2023-06-08T01:30:05.750520+00:00, run_after=2023-06-09T01:30:05.750520+00:00
[2023-06-09T01:30:05.768+0000] {processor.py:179} INFO - Processing /home/airflow/.local/lib/python3.7/site-packages/airflow/example_dags/example_short_circuit_decorator.py took 0.095 seconds
[2023-06-09T01:30:35.843+0000] {processor.py:157} INFO - Started process (PID=620) to work on /home/airflow/.local/lib/python3.7/site-packages/airflow/example_dags/example_short_circuit_decorator.py
[2023-06-09T01:30:35.844+0000] {processor.py:826} INFO - Processing file /home/airflow/.local/lib/python3.7/site-packages/airflow/example_dags/example_short_circuit_decorator.py for tasks to queue
[2023-06-09T01:30:35.845+0000] {logging_mixin.py:149} INFO - [2023-06-09T01:30:35.845+0000] {dagbag.py:541} INFO - Filling up the DagBag from /home/airflow/.local/lib/python3.7/site-packages/airflow/example_dags/example_short_circuit_decorator.py
[2023-06-09T01:30:35.852+0000] {processor.py:836} INFO - DAG(s) dict_keys(['example_short_circuit_decorator']) retrieved from /home/airflow/.local/lib/python3.7/site-packages/airflow/example_dags/example_short_circuit_decorator.py
[2023-06-09T01:30:35.872+0000] {logging_mixin.py:149} INFO - [2023-06-09T01:30:35.872+0000] {dag.py:2726} INFO - Sync 1 DAGs
[2023-06-09T01:30:35.887+0000] {logging_mixin.py:149} INFO - [2023-06-09T01:30:35.887+0000] {dag.py:3490} INFO - Setting next_dagrun for example_short_circuit_decorator to 2023-06-08T01:30:35.886811+00:00, run_after=2023-06-09T01:30:35.886811+00:00
[2023-06-09T01:30:35.899+0000] {processor.py:179} INFO - Processing /home/airflow/.local/lib/python3.7/site-packages/airflow/example_dags/example_short_circuit_decorator.py took 0.059 seconds
[2023-06-09T01:31:06.427+0000] {processor.py:157} INFO - Started process (PID=677) to work on /home/airflow/.local/lib/python3.7/site-packages/airflow/example_dags/example_short_circuit_decorator.py
[2023-06-09T01:31:06.428+0000] {processor.py:826} INFO - Processing file /home/airflow/.local/lib/python3.7/site-packages/airflow/example_dags/example_short_circuit_decorator.py for tasks to queue
[2023-06-09T01:31:06.429+0000] {logging_mixin.py:149} INFO - [2023-06-09T01:31:06.429+0000] {dagbag.py:541} INFO - Filling up the DagBag from /home/airflow/.local/lib/python3.7/site-packages/airflow/example_dags/example_short_circuit_decorator.py
[2023-06-09T01:31:06.441+0000] {processor.py:836} INFO - DAG(s) dict_keys(['example_short_circuit_decorator']) retrieved from /home/airflow/.local/lib/python3.7/site-packages/airflow/example_dags/example_short_circuit_decorator.py
[2023-06-09T01:31:06.470+0000] {logging_mixin.py:149} INFO - [2023-06-09T01:31:06.470+0000] {dag.py:2726} INFO - Sync 1 DAGs
[2023-06-09T01:31:06.493+0000] {logging_mixin.py:149} INFO - [2023-06-09T01:31:06.493+0000] {dag.py:3490} INFO - Setting next_dagrun for example_short_circuit_decorator to 2023-06-08T01:31:06.493423+00:00, run_after=2023-06-09T01:31:06.493423+00:00
[2023-06-09T01:31:06.509+0000] {processor.py:179} INFO - Processing /home/airflow/.local/lib/python3.7/site-packages/airflow/example_dags/example_short_circuit_decorator.py took 0.086 seconds
[2023-06-09T01:31:37.444+0000] {processor.py:157} INFO - Started process (PID=733) to work on /home/airflow/.local/lib/python3.7/site-packages/airflow/example_dags/example_short_circuit_decorator.py
[2023-06-09T01:31:37.446+0000] {processor.py:826} INFO - Processing file /home/airflow/.local/lib/python3.7/site-packages/airflow/example_dags/example_short_circuit_decorator.py for tasks to queue
[2023-06-09T01:31:37.447+0000] {logging_mixin.py:149} INFO - [2023-06-09T01:31:37.447+0000] {dagbag.py:541} INFO - Filling up the DagBag from /home/airflow/.local/lib/python3.7/site-packages/airflow/example_dags/example_short_circuit_decorator.py
[2023-06-09T01:31:37.457+0000] {processor.py:836} INFO - DAG(s) dict_keys(['example_short_circuit_decorator']) retrieved from /home/airflow/.local/lib/python3.7/site-packages/airflow/example_dags/example_short_circuit_decorator.py
[2023-06-09T01:31:37.484+0000] {logging_mixin.py:149} INFO - [2023-06-09T01:31:37.484+0000] {dag.py:2726} INFO - Sync 1 DAGs
[2023-06-09T01:31:37.503+0000] {logging_mixin.py:149} INFO - [2023-06-09T01:31:37.502+0000] {dag.py:3490} INFO - Setting next_dagrun for example_short_circuit_decorator to 2023-06-08T01:31:37.502589+00:00, run_after=2023-06-09T01:31:37.502589+00:00
[2023-06-09T01:31:37.518+0000] {processor.py:179} INFO - Processing /home/airflow/.local/lib/python3.7/site-packages/airflow/example_dags/example_short_circuit_decorator.py took 0.077 seconds
[2023-06-09T01:32:07.561+0000] {processor.py:157} INFO - Started process (PID=788) to work on /home/airflow/.local/lib/python3.7/site-packages/airflow/example_dags/example_short_circuit_decorator.py
[2023-06-09T01:32:07.563+0000] {processor.py:826} INFO - Processing file /home/airflow/.local/lib/python3.7/site-packages/airflow/example_dags/example_short_circuit_decorator.py for tasks to queue
[2023-06-09T01:32:07.564+0000] {logging_mixin.py:149} INFO - [2023-06-09T01:32:07.564+0000] {dagbag.py:541} INFO - Filling up the DagBag from /home/airflow/.local/lib/python3.7/site-packages/airflow/example_dags/example_short_circuit_decorator.py
[2023-06-09T01:32:07.574+0000] {processor.py:836} INFO - DAG(s) dict_keys(['example_short_circuit_decorator']) retrieved from /home/airflow/.local/lib/python3.7/site-packages/airflow/example_dags/example_short_circuit_decorator.py
[2023-06-09T01:32:07.606+0000] {logging_mixin.py:149} INFO - [2023-06-09T01:32:07.606+0000] {dag.py:2726} INFO - Sync 1 DAGs
[2023-06-09T01:32:07.629+0000] {logging_mixin.py:149} INFO - [2023-06-09T01:32:07.628+0000] {dag.py:3490} INFO - Setting next_dagrun for example_short_circuit_decorator to 2023-06-08T01:32:07.628688+00:00, run_after=2023-06-09T01:32:07.628688+00:00
[2023-06-09T01:32:07.646+0000] {processor.py:179} INFO - Processing /home/airflow/.local/lib/python3.7/site-packages/airflow/example_dags/example_short_circuit_decorator.py took 0.090 seconds
[2023-06-09T01:32:37.777+0000] {processor.py:157} INFO - Started process (PID=844) to work on /home/airflow/.local/lib/python3.7/site-packages/airflow/example_dags/example_short_circuit_decorator.py
[2023-06-09T01:32:37.779+0000] {processor.py:826} INFO - Processing file /home/airflow/.local/lib/python3.7/site-packages/airflow/example_dags/example_short_circuit_decorator.py for tasks to queue
[2023-06-09T01:32:37.781+0000] {logging_mixin.py:149} INFO - [2023-06-09T01:32:37.781+0000] {dagbag.py:541} INFO - Filling up the DagBag from /home/airflow/.local/lib/python3.7/site-packages/airflow/example_dags/example_short_circuit_decorator.py
[2023-06-09T01:32:37.793+0000] {processor.py:836} INFO - DAG(s) dict_keys(['example_short_circuit_decorator']) retrieved from /home/airflow/.local/lib/python3.7/site-packages/airflow/example_dags/example_short_circuit_decorator.py
[2023-06-09T01:32:37.818+0000] {logging_mixin.py:149} INFO - [2023-06-09T01:32:37.818+0000] {dag.py:2726} INFO - Sync 1 DAGs
[2023-06-09T01:32:37.838+0000] {logging_mixin.py:149} INFO - [2023-06-09T01:32:37.838+0000] {dag.py:3490} INFO - Setting next_dagrun for example_short_circuit_decorator to 2023-06-08T01:32:37.838531+00:00, run_after=2023-06-09T01:32:37.838531+00:00
[2023-06-09T01:32:37.851+0000] {processor.py:179} INFO - Processing /home/airflow/.local/lib/python3.7/site-packages/airflow/example_dags/example_short_circuit_decorator.py took 0.078 seconds
[2023-06-09T01:33:07.962+0000] {processor.py:157} INFO - Started process (PID=900) to work on /home/airflow/.local/lib/python3.7/site-packages/airflow/example_dags/example_short_circuit_decorator.py
[2023-06-09T01:33:07.964+0000] {processor.py:826} INFO - Processing file /home/airflow/.local/lib/python3.7/site-packages/airflow/example_dags/example_short_circuit_decorator.py for tasks to queue
[2023-06-09T01:33:07.965+0000] {logging_mixin.py:149} INFO - [2023-06-09T01:33:07.965+0000] {dagbag.py:541} INFO - Filling up the DagBag from /home/airflow/.local/lib/python3.7/site-packages/airflow/example_dags/example_short_circuit_decorator.py
[2023-06-09T01:33:07.976+0000] {processor.py:836} INFO - DAG(s) dict_keys(['example_short_circuit_decorator']) retrieved from /home/airflow/.local/lib/python3.7/site-packages/airflow/example_dags/example_short_circuit_decorator.py
[2023-06-09T01:33:07.999+0000] {logging_mixin.py:149} INFO - [2023-06-09T01:33:07.999+0000] {dag.py:2726} INFO - Sync 1 DAGs
[2023-06-09T01:33:08.015+0000] {logging_mixin.py:149} INFO - [2023-06-09T01:33:08.015+0000] {dag.py:3490} INFO - Setting next_dagrun for example_short_circuit_decorator to 2023-06-08T01:33:08.015089+00:00, run_after=2023-06-09T01:33:08.015089+00:00
[2023-06-09T01:33:08.027+0000] {processor.py:179} INFO - Processing /home/airflow/.local/lib/python3.7/site-packages/airflow/example_dags/example_short_circuit_decorator.py took 0.069 seconds
[2023-06-09T01:33:38.099+0000] {processor.py:157} INFO - Started process (PID=956) to work on /home/airflow/.local/lib/python3.7/site-packages/airflow/example_dags/example_short_circuit_decorator.py
[2023-06-09T01:33:38.101+0000] {processor.py:826} INFO - Processing file /home/airflow/.local/lib/python3.7/site-packages/airflow/example_dags/example_short_circuit_decorator.py for tasks to queue
[2023-06-09T01:33:38.102+0000] {logging_mixin.py:149} INFO - [2023-06-09T01:33:38.102+0000] {dagbag.py:541} INFO - Filling up the DagBag from /home/airflow/.local/lib/python3.7/site-packages/airflow/example_dags/example_short_circuit_decorator.py
[2023-06-09T01:33:38.113+0000] {processor.py:836} INFO - DAG(s) dict_keys(['example_short_circuit_decorator']) retrieved from /home/airflow/.local/lib/python3.7/site-packages/airflow/example_dags/example_short_circuit_decorator.py
[2023-06-09T01:33:38.137+0000] {logging_mixin.py:149} INFO - [2023-06-09T01:33:38.137+0000] {dag.py:2726} INFO - Sync 1 DAGs
[2023-06-09T01:33:38.152+0000] {logging_mixin.py:149} INFO - [2023-06-09T01:33:38.151+0000] {dag.py:3490} INFO - Setting next_dagrun for example_short_circuit_decorator to 2023-06-08T01:33:38.151656+00:00, run_after=2023-06-09T01:33:38.151656+00:00
[2023-06-09T01:33:38.163+0000] {processor.py:179} INFO - Processing /home/airflow/.local/lib/python3.7/site-packages/airflow/example_dags/example_short_circuit_decorator.py took 0.068 seconds
[2023-06-09T01:34:08.709+0000] {processor.py:157} INFO - Started process (PID=1012) to work on /home/airflow/.local/lib/python3.7/site-packages/airflow/example_dags/example_short_circuit_decorator.py
[2023-06-09T01:34:08.712+0000] {processor.py:826} INFO - Processing file /home/airflow/.local/lib/python3.7/site-packages/airflow/example_dags/example_short_circuit_decorator.py for tasks to queue
[2023-06-09T01:34:08.713+0000] {logging_mixin.py:149} INFO - [2023-06-09T01:34:08.713+0000] {dagbag.py:541} INFO - Filling up the DagBag from /home/airflow/.local/lib/python3.7/site-packages/airflow/example_dags/example_short_circuit_decorator.py
[2023-06-09T01:34:08.726+0000] {processor.py:836} INFO - DAG(s) dict_keys(['example_short_circuit_decorator']) retrieved from /home/airflow/.local/lib/python3.7/site-packages/airflow/example_dags/example_short_circuit_decorator.py
[2023-06-09T01:34:08.755+0000] {logging_mixin.py:149} INFO - [2023-06-09T01:34:08.755+0000] {dag.py:2726} INFO - Sync 1 DAGs
[2023-06-09T01:34:08.776+0000] {logging_mixin.py:149} INFO - [2023-06-09T01:34:08.775+0000] {dag.py:3490} INFO - Setting next_dagrun for example_short_circuit_decorator to 2023-06-08T01:34:08.775537+00:00, run_after=2023-06-09T01:34:08.775537+00:00
[2023-06-09T01:34:08.795+0000] {processor.py:179} INFO - Processing /home/airflow/.local/lib/python3.7/site-packages/airflow/example_dags/example_short_circuit_decorator.py took 0.092 seconds
[2023-06-09T01:34:39.245+0000] {processor.py:157} INFO - Started process (PID=1068) to work on /home/airflow/.local/lib/python3.7/site-packages/airflow/example_dags/example_short_circuit_decorator.py
[2023-06-09T01:34:39.247+0000] {processor.py:826} INFO - Processing file /home/airflow/.local/lib/python3.7/site-packages/airflow/example_dags/example_short_circuit_decorator.py for tasks to queue
[2023-06-09T01:34:39.249+0000] {logging_mixin.py:149} INFO - [2023-06-09T01:34:39.249+0000] {dagbag.py:541} INFO - Filling up the DagBag from /home/airflow/.local/lib/python3.7/site-packages/airflow/example_dags/example_short_circuit_decorator.py
[2023-06-09T01:34:39.261+0000] {processor.py:836} INFO - DAG(s) dict_keys(['example_short_circuit_decorator']) retrieved from /home/airflow/.local/lib/python3.7/site-packages/airflow/example_dags/example_short_circuit_decorator.py
[2023-06-09T01:34:39.287+0000] {logging_mixin.py:149} INFO - [2023-06-09T01:34:39.287+0000] {dag.py:2726} INFO - Sync 1 DAGs
[2023-06-09T01:34:39.304+0000] {logging_mixin.py:149} INFO - [2023-06-09T01:34:39.304+0000] {dag.py:3490} INFO - Setting next_dagrun for example_short_circuit_decorator to 2023-06-08T01:34:39.304568+00:00, run_after=2023-06-09T01:34:39.304568+00:00
[2023-06-09T01:34:39.316+0000] {processor.py:179} INFO - Processing /home/airflow/.local/lib/python3.7/site-packages/airflow/example_dags/example_short_circuit_decorator.py took 0.076 seconds
[2023-06-09T01:35:10.213+0000] {processor.py:157} INFO - Started process (PID=1124) to work on /home/airflow/.local/lib/python3.7/site-packages/airflow/example_dags/example_short_circuit_decorator.py
[2023-06-09T01:35:10.215+0000] {processor.py:826} INFO - Processing file /home/airflow/.local/lib/python3.7/site-packages/airflow/example_dags/example_short_circuit_decorator.py for tasks to queue
[2023-06-09T01:35:10.217+0000] {logging_mixin.py:149} INFO - [2023-06-09T01:35:10.216+0000] {dagbag.py:541} INFO - Filling up the DagBag from /home/airflow/.local/lib/python3.7/site-packages/airflow/example_dags/example_short_circuit_decorator.py
[2023-06-09T01:35:10.232+0000] {processor.py:836} INFO - DAG(s) dict_keys(['example_short_circuit_decorator']) retrieved from /home/airflow/.local/lib/python3.7/site-packages/airflow/example_dags/example_short_circuit_decorator.py
[2023-06-09T01:35:10.262+0000] {logging_mixin.py:149} INFO - [2023-06-09T01:35:10.262+0000] {dag.py:2726} INFO - Sync 1 DAGs
[2023-06-09T01:35:10.284+0000] {logging_mixin.py:149} INFO - [2023-06-09T01:35:10.284+0000] {dag.py:3490} INFO - Setting next_dagrun for example_short_circuit_decorator to 2023-06-08T01:35:10.283942+00:00, run_after=2023-06-09T01:35:10.283942+00:00
[2023-06-09T01:35:10.300+0000] {processor.py:179} INFO - Processing /home/airflow/.local/lib/python3.7/site-packages/airflow/example_dags/example_short_circuit_decorator.py took 0.095 seconds
[2023-06-09T01:35:40.702+0000] {processor.py:157} INFO - Started process (PID=1180) to work on /home/airflow/.local/lib/python3.7/site-packages/airflow/example_dags/example_short_circuit_decorator.py
[2023-06-09T01:35:40.704+0000] {processor.py:826} INFO - Processing file /home/airflow/.local/lib/python3.7/site-packages/airflow/example_dags/example_short_circuit_decorator.py for tasks to queue
[2023-06-09T01:35:40.705+0000] {logging_mixin.py:149} INFO - [2023-06-09T01:35:40.705+0000] {dagbag.py:541} INFO - Filling up the DagBag from /home/airflow/.local/lib/python3.7/site-packages/airflow/example_dags/example_short_circuit_decorator.py
[2023-06-09T01:35:40.715+0000] {processor.py:836} INFO - DAG(s) dict_keys(['example_short_circuit_decorator']) retrieved from /home/airflow/.local/lib/python3.7/site-packages/airflow/example_dags/example_short_circuit_decorator.py
[2023-06-09T01:35:40.744+0000] {logging_mixin.py:149} INFO - [2023-06-09T01:35:40.744+0000] {dag.py:2726} INFO - Sync 1 DAGs
[2023-06-09T01:35:40.766+0000] {logging_mixin.py:149} INFO - [2023-06-09T01:35:40.766+0000] {dag.py:3490} INFO - Setting next_dagrun for example_short_circuit_decorator to 2023-06-08T01:35:40.765978+00:00, run_after=2023-06-09T01:35:40.765978+00:00
[2023-06-09T01:35:40.783+0000] {processor.py:179} INFO - Processing /home/airflow/.local/lib/python3.7/site-packages/airflow/example_dags/example_short_circuit_decorator.py took 0.085 seconds
[2023-06-09T01:36:10.911+0000] {processor.py:157} INFO - Started process (PID=1236) to work on /home/airflow/.local/lib/python3.7/site-packages/airflow/example_dags/example_short_circuit_decorator.py
[2023-06-09T01:36:10.913+0000] {processor.py:826} INFO - Processing file /home/airflow/.local/lib/python3.7/site-packages/airflow/example_dags/example_short_circuit_decorator.py for tasks to queue
[2023-06-09T01:36:10.914+0000] {logging_mixin.py:149} INFO - [2023-06-09T01:36:10.914+0000] {dagbag.py:541} INFO - Filling up the DagBag from /home/airflow/.local/lib/python3.7/site-packages/airflow/example_dags/example_short_circuit_decorator.py
[2023-06-09T01:36:10.924+0000] {processor.py:836} INFO - DAG(s) dict_keys(['example_short_circuit_decorator']) retrieved from /home/airflow/.local/lib/python3.7/site-packages/airflow/example_dags/example_short_circuit_decorator.py
[2023-06-09T01:36:10.947+0000] {logging_mixin.py:149} INFO - [2023-06-09T01:36:10.947+0000] {dag.py:2726} INFO - Sync 1 DAGs
[2023-06-09T01:36:10.963+0000] {logging_mixin.py:149} INFO - [2023-06-09T01:36:10.963+0000] {dag.py:3490} INFO - Setting next_dagrun for example_short_circuit_decorator to 2023-06-08T01:36:10.963467+00:00, run_after=2023-06-09T01:36:10.963467+00:00
[2023-06-09T01:36:10.985+0000] {processor.py:179} INFO - Processing /home/airflow/.local/lib/python3.7/site-packages/airflow/example_dags/example_short_circuit_decorator.py took 0.077 seconds
[2023-06-09T01:36:41.180+0000] {processor.py:157} INFO - Started process (PID=1292) to work on /home/airflow/.local/lib/python3.7/site-packages/airflow/example_dags/example_short_circuit_decorator.py
[2023-06-09T01:36:41.183+0000] {processor.py:826} INFO - Processing file /home/airflow/.local/lib/python3.7/site-packages/airflow/example_dags/example_short_circuit_decorator.py for tasks to queue
[2023-06-09T01:36:41.185+0000] {logging_mixin.py:149} INFO - [2023-06-09T01:36:41.185+0000] {dagbag.py:541} INFO - Filling up the DagBag from /home/airflow/.local/lib/python3.7/site-packages/airflow/example_dags/example_short_circuit_decorator.py
[2023-06-09T01:36:41.203+0000] {processor.py:836} INFO - DAG(s) dict_keys(['example_short_circuit_decorator']) retrieved from /home/airflow/.local/lib/python3.7/site-packages/airflow/example_dags/example_short_circuit_decorator.py
[2023-06-09T01:36:41.267+0000] {logging_mixin.py:149} INFO - [2023-06-09T01:36:41.267+0000] {dag.py:2726} INFO - Sync 1 DAGs
[2023-06-09T01:36:41.296+0000] {logging_mixin.py:149} INFO - [2023-06-09T01:36:41.296+0000] {dag.py:3490} INFO - Setting next_dagrun for example_short_circuit_decorator to 2023-06-08T01:36:41.296162+00:00, run_after=2023-06-09T01:36:41.296162+00:00
[2023-06-09T01:36:41.325+0000] {processor.py:179} INFO - Processing /home/airflow/.local/lib/python3.7/site-packages/airflow/example_dags/example_short_circuit_decorator.py took 0.150 seconds
[2023-06-09T01:37:12.248+0000] {processor.py:157} INFO - Started process (PID=1348) to work on /home/airflow/.local/lib/python3.7/site-packages/airflow/example_dags/example_short_circuit_decorator.py
[2023-06-09T01:37:12.250+0000] {processor.py:826} INFO - Processing file /home/airflow/.local/lib/python3.7/site-packages/airflow/example_dags/example_short_circuit_decorator.py for tasks to queue
[2023-06-09T01:37:12.251+0000] {logging_mixin.py:149} INFO - [2023-06-09T01:37:12.251+0000] {dagbag.py:541} INFO - Filling up the DagBag from /home/airflow/.local/lib/python3.7/site-packages/airflow/example_dags/example_short_circuit_decorator.py
[2023-06-09T01:37:12.263+0000] {processor.py:836} INFO - DAG(s) dict_keys(['example_short_circuit_decorator']) retrieved from /home/airflow/.local/lib/python3.7/site-packages/airflow/example_dags/example_short_circuit_decorator.py
[2023-06-09T01:37:12.286+0000] {logging_mixin.py:149} INFO - [2023-06-09T01:37:12.285+0000] {dag.py:2726} INFO - Sync 1 DAGs
[2023-06-09T01:37:12.305+0000] {logging_mixin.py:149} INFO - [2023-06-09T01:37:12.305+0000] {dag.py:3490} INFO - Setting next_dagrun for example_short_circuit_decorator to 2023-06-08T01:37:12.305095+00:00, run_after=2023-06-09T01:37:12.305095+00:00
[2023-06-09T01:37:12.322+0000] {processor.py:179} INFO - Processing /home/airflow/.local/lib/python3.7/site-packages/airflow/example_dags/example_short_circuit_decorator.py took 0.077 seconds
[2023-06-09T01:37:42.667+0000] {processor.py:157} INFO - Started process (PID=1404) to work on /home/airflow/.local/lib/python3.7/site-packages/airflow/example_dags/example_short_circuit_decorator.py
[2023-06-09T01:37:42.669+0000] {processor.py:826} INFO - Processing file /home/airflow/.local/lib/python3.7/site-packages/airflow/example_dags/example_short_circuit_decorator.py for tasks to queue
[2023-06-09T01:37:42.671+0000] {logging_mixin.py:149} INFO - [2023-06-09T01:37:42.670+0000] {dagbag.py:541} INFO - Filling up the DagBag from /home/airflow/.local/lib/python3.7/site-packages/airflow/example_dags/example_short_circuit_decorator.py
[2023-06-09T01:37:42.685+0000] {processor.py:836} INFO - DAG(s) dict_keys(['example_short_circuit_decorator']) retrieved from /home/airflow/.local/lib/python3.7/site-packages/airflow/example_dags/example_short_circuit_decorator.py
[2023-06-09T01:37:42.712+0000] {logging_mixin.py:149} INFO - [2023-06-09T01:37:42.711+0000] {dag.py:2726} INFO - Sync 1 DAGs
[2023-06-09T01:37:42.733+0000] {logging_mixin.py:149} INFO - [2023-06-09T01:37:42.732+0000] {dag.py:3490} INFO - Setting next_dagrun for example_short_circuit_decorator to 2023-06-08T01:37:42.732659+00:00, run_after=2023-06-09T01:37:42.732659+00:00
[2023-06-09T01:37:42.745+0000] {processor.py:179} INFO - Processing /home/airflow/.local/lib/python3.7/site-packages/airflow/example_dags/example_short_circuit_decorator.py took 0.084 seconds
[2023-06-09T01:38:13.066+0000] {processor.py:157} INFO - Started process (PID=1459) to work on /home/airflow/.local/lib/python3.7/site-packages/airflow/example_dags/example_short_circuit_decorator.py
[2023-06-09T01:38:13.069+0000] {processor.py:826} INFO - Processing file /home/airflow/.local/lib/python3.7/site-packages/airflow/example_dags/example_short_circuit_decorator.py for tasks to queue
[2023-06-09T01:38:13.070+0000] {logging_mixin.py:149} INFO - [2023-06-09T01:38:13.070+0000] {dagbag.py:541} INFO - Filling up the DagBag from /home/airflow/.local/lib/python3.7/site-packages/airflow/example_dags/example_short_circuit_decorator.py
[2023-06-09T01:38:13.081+0000] {processor.py:836} INFO - DAG(s) dict_keys(['example_short_circuit_decorator']) retrieved from /home/airflow/.local/lib/python3.7/site-packages/airflow/example_dags/example_short_circuit_decorator.py
[2023-06-09T01:38:13.105+0000] {logging_mixin.py:149} INFO - [2023-06-09T01:38:13.105+0000] {dag.py:2726} INFO - Sync 1 DAGs
[2023-06-09T01:38:13.121+0000] {logging_mixin.py:149} INFO - [2023-06-09T01:38:13.121+0000] {dag.py:3490} INFO - Setting next_dagrun for example_short_circuit_decorator to 2023-06-08T01:38:13.121273+00:00, run_after=2023-06-09T01:38:13.121273+00:00
[2023-06-09T01:38:13.137+0000] {processor.py:179} INFO - Processing /home/airflow/.local/lib/python3.7/site-packages/airflow/example_dags/example_short_circuit_decorator.py took 0.074 seconds
[2023-06-09T01:38:43.245+0000] {processor.py:157} INFO - Started process (PID=1515) to work on /home/airflow/.local/lib/python3.7/site-packages/airflow/example_dags/example_short_circuit_decorator.py
[2023-06-09T01:38:43.247+0000] {processor.py:826} INFO - Processing file /home/airflow/.local/lib/python3.7/site-packages/airflow/example_dags/example_short_circuit_decorator.py for tasks to queue
[2023-06-09T01:38:43.248+0000] {logging_mixin.py:149} INFO - [2023-06-09T01:38:43.248+0000] {dagbag.py:541} INFO - Filling up the DagBag from /home/airflow/.local/lib/python3.7/site-packages/airflow/example_dags/example_short_circuit_decorator.py
[2023-06-09T01:38:43.260+0000] {processor.py:836} INFO - DAG(s) dict_keys(['example_short_circuit_decorator']) retrieved from /home/airflow/.local/lib/python3.7/site-packages/airflow/example_dags/example_short_circuit_decorator.py
[2023-06-09T01:38:43.301+0000] {logging_mixin.py:149} INFO - [2023-06-09T01:38:43.301+0000] {dag.py:2726} INFO - Sync 1 DAGs
[2023-06-09T01:38:43.327+0000] {logging_mixin.py:149} INFO - [2023-06-09T01:38:43.326+0000] {dag.py:3490} INFO - Setting next_dagrun for example_short_circuit_decorator to 2023-06-08T01:38:43.326360+00:00, run_after=2023-06-09T01:38:43.326360+00:00
[2023-06-09T01:38:43.343+0000] {processor.py:179} INFO - Processing /home/airflow/.local/lib/python3.7/site-packages/airflow/example_dags/example_short_circuit_decorator.py took 0.103 seconds
[2023-06-09T01:39:13.458+0000] {processor.py:157} INFO - Started process (PID=1571) to work on /home/airflow/.local/lib/python3.7/site-packages/airflow/example_dags/example_short_circuit_decorator.py
[2023-06-09T01:39:13.460+0000] {processor.py:826} INFO - Processing file /home/airflow/.local/lib/python3.7/site-packages/airflow/example_dags/example_short_circuit_decorator.py for tasks to queue
[2023-06-09T01:39:13.462+0000] {logging_mixin.py:149} INFO - [2023-06-09T01:39:13.462+0000] {dagbag.py:541} INFO - Filling up the DagBag from /home/airflow/.local/lib/python3.7/site-packages/airflow/example_dags/example_short_circuit_decorator.py
[2023-06-09T01:39:13.476+0000] {processor.py:836} INFO - DAG(s) dict_keys(['example_short_circuit_decorator']) retrieved from /home/airflow/.local/lib/python3.7/site-packages/airflow/example_dags/example_short_circuit_decorator.py
[2023-06-09T01:39:13.503+0000] {logging_mixin.py:149} INFO - [2023-06-09T01:39:13.502+0000] {dag.py:2726} INFO - Sync 1 DAGs
[2023-06-09T01:39:13.518+0000] {logging_mixin.py:149} INFO - [2023-06-09T01:39:13.518+0000] {dag.py:3490} INFO - Setting next_dagrun for example_short_circuit_decorator to 2023-06-08T01:39:13.517994+00:00, run_after=2023-06-09T01:39:13.517994+00:00
[2023-06-09T01:39:13.528+0000] {processor.py:179} INFO - Processing /home/airflow/.local/lib/python3.7/site-packages/airflow/example_dags/example_short_circuit_decorator.py took 0.076 seconds
[2023-06-09T01:39:43.825+0000] {processor.py:157} INFO - Started process (PID=1627) to work on /home/airflow/.local/lib/python3.7/site-packages/airflow/example_dags/example_short_circuit_decorator.py
[2023-06-09T01:39:43.828+0000] {processor.py:826} INFO - Processing file /home/airflow/.local/lib/python3.7/site-packages/airflow/example_dags/example_short_circuit_decorator.py for tasks to queue
[2023-06-09T01:39:43.829+0000] {logging_mixin.py:149} INFO - [2023-06-09T01:39:43.829+0000] {dagbag.py:541} INFO - Filling up the DagBag from /home/airflow/.local/lib/python3.7/site-packages/airflow/example_dags/example_short_circuit_decorator.py
[2023-06-09T01:39:43.845+0000] {processor.py:836} INFO - DAG(s) dict_keys(['example_short_circuit_decorator']) retrieved from /home/airflow/.local/lib/python3.7/site-packages/airflow/example_dags/example_short_circuit_decorator.py
[2023-06-09T01:39:43.872+0000] {logging_mixin.py:149} INFO - [2023-06-09T01:39:43.872+0000] {dag.py:2726} INFO - Sync 1 DAGs
[2023-06-09T01:39:43.888+0000] {logging_mixin.py:149} INFO - [2023-06-09T01:39:43.888+0000] {dag.py:3490} INFO - Setting next_dagrun for example_short_circuit_decorator to 2023-06-08T01:39:43.888356+00:00, run_after=2023-06-09T01:39:43.888356+00:00
[2023-06-09T01:39:43.900+0000] {processor.py:179} INFO - Processing /home/airflow/.local/lib/python3.7/site-packages/airflow/example_dags/example_short_circuit_decorator.py took 0.083 seconds
[2023-06-09T01:40:14.077+0000] {processor.py:157} INFO - Started process (PID=1684) to work on /home/airflow/.local/lib/python3.7/site-packages/airflow/example_dags/example_short_circuit_decorator.py
[2023-06-09T01:40:14.079+0000] {processor.py:826} INFO - Processing file /home/airflow/.local/lib/python3.7/site-packages/airflow/example_dags/example_short_circuit_decorator.py for tasks to queue
[2023-06-09T01:40:14.080+0000] {logging_mixin.py:149} INFO - [2023-06-09T01:40:14.080+0000] {dagbag.py:541} INFO - Filling up the DagBag from /home/airflow/.local/lib/python3.7/site-packages/airflow/example_dags/example_short_circuit_decorator.py
[2023-06-09T01:40:14.092+0000] {processor.py:836} INFO - DAG(s) dict_keys(['example_short_circuit_decorator']) retrieved from /home/airflow/.local/lib/python3.7/site-packages/airflow/example_dags/example_short_circuit_decorator.py
[2023-06-09T01:40:14.116+0000] {logging_mixin.py:149} INFO - [2023-06-09T01:40:14.115+0000] {dag.py:2726} INFO - Sync 1 DAGs
[2023-06-09T01:40:14.132+0000] {logging_mixin.py:149} INFO - [2023-06-09T01:40:14.132+0000] {dag.py:3490} INFO - Setting next_dagrun for example_short_circuit_decorator to 2023-06-08T01:40:14.131819+00:00, run_after=2023-06-09T01:40:14.131819+00:00
[2023-06-09T01:40:14.143+0000] {processor.py:179} INFO - Processing /home/airflow/.local/lib/python3.7/site-packages/airflow/example_dags/example_short_circuit_decorator.py took 0.071 seconds
[2023-06-09T01:40:44.617+0000] {processor.py:157} INFO - Started process (PID=1740) to work on /home/airflow/.local/lib/python3.7/site-packages/airflow/example_dags/example_short_circuit_decorator.py
[2023-06-09T01:40:44.618+0000] {processor.py:826} INFO - Processing file /home/airflow/.local/lib/python3.7/site-packages/airflow/example_dags/example_short_circuit_decorator.py for tasks to queue
[2023-06-09T01:40:44.619+0000] {logging_mixin.py:149} INFO - [2023-06-09T01:40:44.619+0000] {dagbag.py:541} INFO - Filling up the DagBag from /home/airflow/.local/lib/python3.7/site-packages/airflow/example_dags/example_short_circuit_decorator.py
[2023-06-09T01:40:44.669+0000] {processor.py:836} INFO - DAG(s) dict_keys(['example_short_circuit_decorator']) retrieved from /home/airflow/.local/lib/python3.7/site-packages/airflow/example_dags/example_short_circuit_decorator.py
[2023-06-09T01:40:44.699+0000] {logging_mixin.py:149} INFO - [2023-06-09T01:40:44.699+0000] {dag.py:2726} INFO - Sync 1 DAGs
[2023-06-09T01:40:44.723+0000] {logging_mixin.py:149} INFO - [2023-06-09T01:40:44.723+0000] {dag.py:3490} INFO - Setting next_dagrun for example_short_circuit_decorator to 2023-06-08T01:40:44.723152+00:00, run_after=2023-06-09T01:40:44.723152+00:00
[2023-06-09T01:40:44.740+0000] {processor.py:179} INFO - Processing /home/airflow/.local/lib/python3.7/site-packages/airflow/example_dags/example_short_circuit_decorator.py took 0.127 seconds
[2023-06-09T01:41:14.907+0000] {processor.py:157} INFO - Started process (PID=1796) to work on /home/airflow/.local/lib/python3.7/site-packages/airflow/example_dags/example_short_circuit_decorator.py
[2023-06-09T01:41:14.908+0000] {processor.py:826} INFO - Processing file /home/airflow/.local/lib/python3.7/site-packages/airflow/example_dags/example_short_circuit_decorator.py for tasks to queue
[2023-06-09T01:41:14.909+0000] {logging_mixin.py:149} INFO - [2023-06-09T01:41:14.909+0000] {dagbag.py:541} INFO - Filling up the DagBag from /home/airflow/.local/lib/python3.7/site-packages/airflow/example_dags/example_short_circuit_decorator.py
[2023-06-09T01:41:14.919+0000] {processor.py:836} INFO - DAG(s) dict_keys(['example_short_circuit_decorator']) retrieved from /home/airflow/.local/lib/python3.7/site-packages/airflow/example_dags/example_short_circuit_decorator.py
[2023-06-09T01:41:14.940+0000] {logging_mixin.py:149} INFO - [2023-06-09T01:41:14.940+0000] {dag.py:2726} INFO - Sync 1 DAGs
[2023-06-09T01:41:14.958+0000] {logging_mixin.py:149} INFO - [2023-06-09T01:41:14.958+0000] {dag.py:3490} INFO - Setting next_dagrun for example_short_circuit_decorator to 2023-06-08T01:41:14.957933+00:00, run_after=2023-06-09T01:41:14.957933+00:00
[2023-06-09T01:41:14.971+0000] {processor.py:179} INFO - Processing /home/airflow/.local/lib/python3.7/site-packages/airflow/example_dags/example_short_circuit_decorator.py took 0.068 seconds
[2023-06-09T01:41:45.618+0000] {processor.py:157} INFO - Started process (PID=1853) to work on /home/airflow/.local/lib/python3.7/site-packages/airflow/example_dags/example_short_circuit_decorator.py
[2023-06-09T01:41:45.621+0000] {processor.py:826} INFO - Processing file /home/airflow/.local/lib/python3.7/site-packages/airflow/example_dags/example_short_circuit_decorator.py for tasks to queue
[2023-06-09T01:41:45.623+0000] {logging_mixin.py:149} INFO - [2023-06-09T01:41:45.623+0000] {dagbag.py:541} INFO - Filling up the DagBag from /home/airflow/.local/lib/python3.7/site-packages/airflow/example_dags/example_short_circuit_decorator.py
[2023-06-09T01:41:45.640+0000] {processor.py:836} INFO - DAG(s) dict_keys(['example_short_circuit_decorator']) retrieved from /home/airflow/.local/lib/python3.7/site-packages/airflow/example_dags/example_short_circuit_decorator.py
[2023-06-09T01:41:45.668+0000] {logging_mixin.py:149} INFO - [2023-06-09T01:41:45.668+0000] {dag.py:2726} INFO - Sync 1 DAGs
[2023-06-09T01:41:45.689+0000] {logging_mixin.py:149} INFO - [2023-06-09T01:41:45.689+0000] {dag.py:3490} INFO - Setting next_dagrun for example_short_circuit_decorator to 2023-06-08T01:41:45.689342+00:00, run_after=2023-06-09T01:41:45.689342+00:00
[2023-06-09T01:41:45.704+0000] {processor.py:179} INFO - Processing /home/airflow/.local/lib/python3.7/site-packages/airflow/example_dags/example_short_circuit_decorator.py took 0.093 seconds
[2023-06-09T01:42:16.198+0000] {processor.py:157} INFO - Started process (PID=1909) to work on /home/airflow/.local/lib/python3.7/site-packages/airflow/example_dags/example_short_circuit_decorator.py
[2023-06-09T01:42:16.200+0000] {processor.py:826} INFO - Processing file /home/airflow/.local/lib/python3.7/site-packages/airflow/example_dags/example_short_circuit_decorator.py for tasks to queue
[2023-06-09T01:42:16.201+0000] {logging_mixin.py:149} INFO - [2023-06-09T01:42:16.201+0000] {dagbag.py:541} INFO - Filling up the DagBag from /home/airflow/.local/lib/python3.7/site-packages/airflow/example_dags/example_short_circuit_decorator.py
[2023-06-09T01:42:16.211+0000] {processor.py:836} INFO - DAG(s) dict_keys(['example_short_circuit_decorator']) retrieved from /home/airflow/.local/lib/python3.7/site-packages/airflow/example_dags/example_short_circuit_decorator.py
[2023-06-09T01:42:16.234+0000] {logging_mixin.py:149} INFO - [2023-06-09T01:42:16.234+0000] {dag.py:2726} INFO - Sync 1 DAGs
[2023-06-09T01:42:16.254+0000] {logging_mixin.py:149} INFO - [2023-06-09T01:42:16.254+0000] {dag.py:3490} INFO - Setting next_dagrun for example_short_circuit_decorator to 2023-06-08T01:42:16.254258+00:00, run_after=2023-06-09T01:42:16.254258+00:00
[2023-06-09T01:42:16.269+0000] {processor.py:179} INFO - Processing /home/airflow/.local/lib/python3.7/site-packages/airflow/example_dags/example_short_circuit_decorator.py took 0.075 seconds
[2023-06-09T01:42:46.851+0000] {processor.py:157} INFO - Started process (PID=1964) to work on /home/airflow/.local/lib/python3.7/site-packages/airflow/example_dags/example_short_circuit_decorator.py
[2023-06-09T01:42:46.855+0000] {processor.py:826} INFO - Processing file /home/airflow/.local/lib/python3.7/site-packages/airflow/example_dags/example_short_circuit_decorator.py for tasks to queue
[2023-06-09T01:42:46.857+0000] {logging_mixin.py:149} INFO - [2023-06-09T01:42:46.857+0000] {dagbag.py:541} INFO - Filling up the DagBag from /home/airflow/.local/lib/python3.7/site-packages/airflow/example_dags/example_short_circuit_decorator.py
[2023-06-09T01:42:46.872+0000] {processor.py:836} INFO - DAG(s) dict_keys(['example_short_circuit_decorator']) retrieved from /home/airflow/.local/lib/python3.7/site-packages/airflow/example_dags/example_short_circuit_decorator.py
[2023-06-09T01:42:46.898+0000] {logging_mixin.py:149} INFO - [2023-06-09T01:42:46.898+0000] {dag.py:2726} INFO - Sync 1 DAGs
[2023-06-09T01:42:46.916+0000] {logging_mixin.py:149} INFO - [2023-06-09T01:42:46.916+0000] {dag.py:3490} INFO - Setting next_dagrun for example_short_circuit_decorator to 2023-06-08T01:42:46.915887+00:00, run_after=2023-06-09T01:42:46.915887+00:00
[2023-06-09T01:42:46.928+0000] {processor.py:179} INFO - Processing /home/airflow/.local/lib/python3.7/site-packages/airflow/example_dags/example_short_circuit_decorator.py took 0.086 seconds
[2023-06-09T01:43:17.177+0000] {processor.py:157} INFO - Started process (PID=2020) to work on /home/airflow/.local/lib/python3.7/site-packages/airflow/example_dags/example_short_circuit_decorator.py
[2023-06-09T01:43:17.179+0000] {processor.py:826} INFO - Processing file /home/airflow/.local/lib/python3.7/site-packages/airflow/example_dags/example_short_circuit_decorator.py for tasks to queue
[2023-06-09T01:43:17.180+0000] {logging_mixin.py:149} INFO - [2023-06-09T01:43:17.180+0000] {dagbag.py:541} INFO - Filling up the DagBag from /home/airflow/.local/lib/python3.7/site-packages/airflow/example_dags/example_short_circuit_decorator.py
[2023-06-09T01:43:17.192+0000] {processor.py:836} INFO - DAG(s) dict_keys(['example_short_circuit_decorator']) retrieved from /home/airflow/.local/lib/python3.7/site-packages/airflow/example_dags/example_short_circuit_decorator.py
[2023-06-09T01:43:17.214+0000] {logging_mixin.py:149} INFO - [2023-06-09T01:43:17.214+0000] {dag.py:2726} INFO - Sync 1 DAGs
[2023-06-09T01:43:17.231+0000] {logging_mixin.py:149} INFO - [2023-06-09T01:43:17.231+0000] {dag.py:3490} INFO - Setting next_dagrun for example_short_circuit_decorator to 2023-06-08T01:43:17.231331+00:00, run_after=2023-06-09T01:43:17.231331+00:00
[2023-06-09T01:43:17.244+0000] {processor.py:179} INFO - Processing /home/airflow/.local/lib/python3.7/site-packages/airflow/example_dags/example_short_circuit_decorator.py took 0.071 seconds
[2023-06-09T01:43:47.410+0000] {processor.py:157} INFO - Started process (PID=2076) to work on /home/airflow/.local/lib/python3.7/site-packages/airflow/example_dags/example_short_circuit_decorator.py
[2023-06-09T01:43:47.412+0000] {processor.py:826} INFO - Processing file /home/airflow/.local/lib/python3.7/site-packages/airflow/example_dags/example_short_circuit_decorator.py for tasks to queue
[2023-06-09T01:43:47.414+0000] {logging_mixin.py:149} INFO - [2023-06-09T01:43:47.413+0000] {dagbag.py:541} INFO - Filling up the DagBag from /home/airflow/.local/lib/python3.7/site-packages/airflow/example_dags/example_short_circuit_decorator.py
[2023-06-09T01:43:47.424+0000] {processor.py:836} INFO - DAG(s) dict_keys(['example_short_circuit_decorator']) retrieved from /home/airflow/.local/lib/python3.7/site-packages/airflow/example_dags/example_short_circuit_decorator.py
[2023-06-09T01:43:47.447+0000] {logging_mixin.py:149} INFO - [2023-06-09T01:43:47.447+0000] {dag.py:2726} INFO - Sync 1 DAGs
[2023-06-09T01:43:47.462+0000] {logging_mixin.py:149} INFO - [2023-06-09T01:43:47.462+0000] {dag.py:3490} INFO - Setting next_dagrun for example_short_circuit_decorator to 2023-06-08T01:43:47.462258+00:00, run_after=2023-06-09T01:43:47.462258+00:00
[2023-06-09T01:43:47.474+0000] {processor.py:179} INFO - Processing /home/airflow/.local/lib/python3.7/site-packages/airflow/example_dags/example_short_circuit_decorator.py took 0.069 seconds
[2023-06-09T01:44:17.680+0000] {processor.py:157} INFO - Started process (PID=2132) to work on /home/airflow/.local/lib/python3.7/site-packages/airflow/example_dags/example_short_circuit_decorator.py
[2023-06-09T01:44:17.683+0000] {processor.py:826} INFO - Processing file /home/airflow/.local/lib/python3.7/site-packages/airflow/example_dags/example_short_circuit_decorator.py for tasks to queue
[2023-06-09T01:44:17.685+0000] {logging_mixin.py:149} INFO - [2023-06-09T01:44:17.685+0000] {dagbag.py:541} INFO - Filling up the DagBag from /home/airflow/.local/lib/python3.7/site-packages/airflow/example_dags/example_short_circuit_decorator.py
[2023-06-09T01:44:17.700+0000] {processor.py:836} INFO - DAG(s) dict_keys(['example_short_circuit_decorator']) retrieved from /home/airflow/.local/lib/python3.7/site-packages/airflow/example_dags/example_short_circuit_decorator.py
[2023-06-09T01:44:17.727+0000] {logging_mixin.py:149} INFO - [2023-06-09T01:44:17.727+0000] {dag.py:2726} INFO - Sync 1 DAGs
[2023-06-09T01:44:17.746+0000] {logging_mixin.py:149} INFO - [2023-06-09T01:44:17.746+0000] {dag.py:3490} INFO - Setting next_dagrun for example_short_circuit_decorator to 2023-06-08T01:44:17.746022+00:00, run_after=2023-06-09T01:44:17.746022+00:00
[2023-06-09T01:44:17.758+0000] {processor.py:179} INFO - Processing /home/airflow/.local/lib/python3.7/site-packages/airflow/example_dags/example_short_circuit_decorator.py took 0.085 seconds
[2023-06-09T01:44:47.818+0000] {processor.py:157} INFO - Started process (PID=2189) to work on /home/airflow/.local/lib/python3.7/site-packages/airflow/example_dags/example_short_circuit_decorator.py
[2023-06-09T01:44:47.821+0000] {processor.py:826} INFO - Processing file /home/airflow/.local/lib/python3.7/site-packages/airflow/example_dags/example_short_circuit_decorator.py for tasks to queue
[2023-06-09T01:44:47.824+0000] {logging_mixin.py:149} INFO - [2023-06-09T01:44:47.824+0000] {dagbag.py:541} INFO - Filling up the DagBag from /home/airflow/.local/lib/python3.7/site-packages/airflow/example_dags/example_short_circuit_decorator.py
[2023-06-09T01:44:47.835+0000] {processor.py:836} INFO - DAG(s) dict_keys(['example_short_circuit_decorator']) retrieved from /home/airflow/.local/lib/python3.7/site-packages/airflow/example_dags/example_short_circuit_decorator.py
[2023-06-09T01:44:47.863+0000] {logging_mixin.py:149} INFO - [2023-06-09T01:44:47.862+0000] {dag.py:2726} INFO - Sync 1 DAGs
[2023-06-09T01:44:47.881+0000] {logging_mixin.py:149} INFO - [2023-06-09T01:44:47.881+0000] {dag.py:3490} INFO - Setting next_dagrun for example_short_circuit_decorator to 2023-06-08T01:44:47.881106+00:00, run_after=2023-06-09T01:44:47.881106+00:00
[2023-06-09T01:44:47.895+0000] {processor.py:179} INFO - Processing /home/airflow/.local/lib/python3.7/site-packages/airflow/example_dags/example_short_circuit_decorator.py took 0.083 seconds
[2023-06-09T01:45:18.084+0000] {processor.py:157} INFO - Started process (PID=2240) to work on /home/airflow/.local/lib/python3.7/site-packages/airflow/example_dags/example_short_circuit_decorator.py
[2023-06-09T01:45:18.085+0000] {processor.py:826} INFO - Processing file /home/airflow/.local/lib/python3.7/site-packages/airflow/example_dags/example_short_circuit_decorator.py for tasks to queue
[2023-06-09T01:45:18.086+0000] {logging_mixin.py:149} INFO - [2023-06-09T01:45:18.086+0000] {dagbag.py:541} INFO - Filling up the DagBag from /home/airflow/.local/lib/python3.7/site-packages/airflow/example_dags/example_short_circuit_decorator.py
[2023-06-09T01:45:18.099+0000] {processor.py:836} INFO - DAG(s) dict_keys(['example_short_circuit_decorator']) retrieved from /home/airflow/.local/lib/python3.7/site-packages/airflow/example_dags/example_short_circuit_decorator.py
[2023-06-09T01:45:18.122+0000] {logging_mixin.py:149} INFO - [2023-06-09T01:45:18.122+0000] {dag.py:2726} INFO - Sync 1 DAGs
[2023-06-09T01:45:18.140+0000] {logging_mixin.py:149} INFO - [2023-06-09T01:45:18.140+0000] {dag.py:3490} INFO - Setting next_dagrun for example_short_circuit_decorator to 2023-06-08T01:45:18.139821+00:00, run_after=2023-06-09T01:45:18.139821+00:00
[2023-06-09T01:45:18.153+0000] {processor.py:179} INFO - Processing /home/airflow/.local/lib/python3.7/site-packages/airflow/example_dags/example_short_circuit_decorator.py took 0.073 seconds
[2023-06-09T01:45:48.243+0000] {processor.py:157} INFO - Started process (PID=2297) to work on /home/airflow/.local/lib/python3.7/site-packages/airflow/example_dags/example_short_circuit_decorator.py
[2023-06-09T01:45:48.245+0000] {processor.py:826} INFO - Processing file /home/airflow/.local/lib/python3.7/site-packages/airflow/example_dags/example_short_circuit_decorator.py for tasks to queue
[2023-06-09T01:45:48.247+0000] {logging_mixin.py:149} INFO - [2023-06-09T01:45:48.246+0000] {dagbag.py:541} INFO - Filling up the DagBag from /home/airflow/.local/lib/python3.7/site-packages/airflow/example_dags/example_short_circuit_decorator.py
[2023-06-09T01:45:48.262+0000] {processor.py:836} INFO - DAG(s) dict_keys(['example_short_circuit_decorator']) retrieved from /home/airflow/.local/lib/python3.7/site-packages/airflow/example_dags/example_short_circuit_decorator.py
[2023-06-09T01:45:48.288+0000] {logging_mixin.py:149} INFO - [2023-06-09T01:45:48.288+0000] {dag.py:2726} INFO - Sync 1 DAGs
[2023-06-09T01:45:48.309+0000] {logging_mixin.py:149} INFO - [2023-06-09T01:45:48.308+0000] {dag.py:3490} INFO - Setting next_dagrun for example_short_circuit_decorator to 2023-06-08T01:45:48.308606+00:00, run_after=2023-06-09T01:45:48.308606+00:00
[2023-06-09T01:45:48.323+0000] {processor.py:179} INFO - Processing /home/airflow/.local/lib/python3.7/site-packages/airflow/example_dags/example_short_circuit_decorator.py took 0.086 seconds
[2023-06-09T01:46:19.076+0000] {processor.py:157} INFO - Started process (PID=2353) to work on /home/airflow/.local/lib/python3.7/site-packages/airflow/example_dags/example_short_circuit_decorator.py
[2023-06-09T01:46:19.079+0000] {processor.py:826} INFO - Processing file /home/airflow/.local/lib/python3.7/site-packages/airflow/example_dags/example_short_circuit_decorator.py for tasks to queue
[2023-06-09T01:46:19.080+0000] {logging_mixin.py:149} INFO - [2023-06-09T01:46:19.080+0000] {dagbag.py:541} INFO - Filling up the DagBag from /home/airflow/.local/lib/python3.7/site-packages/airflow/example_dags/example_short_circuit_decorator.py
[2023-06-09T01:46:19.091+0000] {processor.py:836} INFO - DAG(s) dict_keys(['example_short_circuit_decorator']) retrieved from /home/airflow/.local/lib/python3.7/site-packages/airflow/example_dags/example_short_circuit_decorator.py
[2023-06-09T01:46:19.114+0000] {logging_mixin.py:149} INFO - [2023-06-09T01:46:19.114+0000] {dag.py:2726} INFO - Sync 1 DAGs
[2023-06-09T01:46:19.132+0000] {logging_mixin.py:149} INFO - [2023-06-09T01:46:19.132+0000] {dag.py:3490} INFO - Setting next_dagrun for example_short_circuit_decorator to 2023-06-08T01:46:19.132424+00:00, run_after=2023-06-09T01:46:19.132424+00:00
[2023-06-09T01:46:19.144+0000] {processor.py:179} INFO - Processing /home/airflow/.local/lib/python3.7/site-packages/airflow/example_dags/example_short_circuit_decorator.py took 0.072 seconds
[2023-06-09T01:46:49.204+0000] {processor.py:157} INFO - Started process (PID=2410) to work on /home/airflow/.local/lib/python3.7/site-packages/airflow/example_dags/example_short_circuit_decorator.py
[2023-06-09T01:46:49.206+0000] {processor.py:826} INFO - Processing file /home/airflow/.local/lib/python3.7/site-packages/airflow/example_dags/example_short_circuit_decorator.py for tasks to queue
[2023-06-09T01:46:49.208+0000] {logging_mixin.py:149} INFO - [2023-06-09T01:46:49.208+0000] {dagbag.py:541} INFO - Filling up the DagBag from /home/airflow/.local/lib/python3.7/site-packages/airflow/example_dags/example_short_circuit_decorator.py
[2023-06-09T01:46:49.217+0000] {processor.py:836} INFO - DAG(s) dict_keys(['example_short_circuit_decorator']) retrieved from /home/airflow/.local/lib/python3.7/site-packages/airflow/example_dags/example_short_circuit_decorator.py
[2023-06-09T01:46:49.240+0000] {logging_mixin.py:149} INFO - [2023-06-09T01:46:49.240+0000] {dag.py:2726} INFO - Sync 1 DAGs
[2023-06-09T01:46:49.257+0000] {logging_mixin.py:149} INFO - [2023-06-09T01:46:49.256+0000] {dag.py:3490} INFO - Setting next_dagrun for example_short_circuit_decorator to 2023-06-08T01:46:49.256668+00:00, run_after=2023-06-09T01:46:49.256668+00:00
[2023-06-09T01:46:49.270+0000] {processor.py:179} INFO - Processing /home/airflow/.local/lib/python3.7/site-packages/airflow/example_dags/example_short_circuit_decorator.py took 0.069 seconds
[2023-06-09T01:47:20.074+0000] {processor.py:157} INFO - Started process (PID=2465) to work on /home/airflow/.local/lib/python3.7/site-packages/airflow/example_dags/example_short_circuit_decorator.py
[2023-06-09T01:47:20.077+0000] {processor.py:826} INFO - Processing file /home/airflow/.local/lib/python3.7/site-packages/airflow/example_dags/example_short_circuit_decorator.py for tasks to queue
[2023-06-09T01:47:20.078+0000] {logging_mixin.py:149} INFO - [2023-06-09T01:47:20.078+0000] {dagbag.py:541} INFO - Filling up the DagBag from /home/airflow/.local/lib/python3.7/site-packages/airflow/example_dags/example_short_circuit_decorator.py
[2023-06-09T01:47:20.091+0000] {processor.py:836} INFO - DAG(s) dict_keys(['example_short_circuit_decorator']) retrieved from /home/airflow/.local/lib/python3.7/site-packages/airflow/example_dags/example_short_circuit_decorator.py
[2023-06-09T01:47:20.129+0000] {logging_mixin.py:149} INFO - [2023-06-09T01:47:20.129+0000] {dag.py:2726} INFO - Sync 1 DAGs
[2023-06-09T01:47:20.163+0000] {logging_mixin.py:149} INFO - [2023-06-09T01:47:20.163+0000] {dag.py:3490} INFO - Setting next_dagrun for example_short_circuit_decorator to 2023-06-08T01:47:20.163387+00:00, run_after=2023-06-09T01:47:20.163387+00:00
[2023-06-09T01:47:20.177+0000] {processor.py:179} INFO - Processing /home/airflow/.local/lib/python3.7/site-packages/airflow/example_dags/example_short_circuit_decorator.py took 0.107 seconds
[2023-06-09T01:47:50.617+0000] {processor.py:157} INFO - Started process (PID=2521) to work on /home/airflow/.local/lib/python3.7/site-packages/airflow/example_dags/example_short_circuit_decorator.py
[2023-06-09T01:47:50.618+0000] {processor.py:826} INFO - Processing file /home/airflow/.local/lib/python3.7/site-packages/airflow/example_dags/example_short_circuit_decorator.py for tasks to queue
[2023-06-09T01:47:50.619+0000] {logging_mixin.py:149} INFO - [2023-06-09T01:47:50.619+0000] {dagbag.py:541} INFO - Filling up the DagBag from /home/airflow/.local/lib/python3.7/site-packages/airflow/example_dags/example_short_circuit_decorator.py
[2023-06-09T01:47:50.628+0000] {processor.py:836} INFO - DAG(s) dict_keys(['example_short_circuit_decorator']) retrieved from /home/airflow/.local/lib/python3.7/site-packages/airflow/example_dags/example_short_circuit_decorator.py
[2023-06-09T01:47:50.656+0000] {logging_mixin.py:149} INFO - [2023-06-09T01:47:50.656+0000] {dag.py:2726} INFO - Sync 1 DAGs
[2023-06-09T01:47:50.680+0000] {logging_mixin.py:149} INFO - [2023-06-09T01:47:50.680+0000] {dag.py:3490} INFO - Setting next_dagrun for example_short_circuit_decorator to 2023-06-08T01:47:50.680360+00:00, run_after=2023-06-09T01:47:50.680360+00:00
[2023-06-09T01:47:50.696+0000] {processor.py:179} INFO - Processing /home/airflow/.local/lib/python3.7/site-packages/airflow/example_dags/example_short_circuit_decorator.py took 0.082 seconds
[2023-06-09T01:48:21.363+0000] {processor.py:157} INFO - Started process (PID=2578) to work on /home/airflow/.local/lib/python3.7/site-packages/airflow/example_dags/example_short_circuit_decorator.py
[2023-06-09T01:48:21.366+0000] {processor.py:826} INFO - Processing file /home/airflow/.local/lib/python3.7/site-packages/airflow/example_dags/example_short_circuit_decorator.py for tasks to queue
[2023-06-09T01:48:21.367+0000] {logging_mixin.py:149} INFO - [2023-06-09T01:48:21.367+0000] {dagbag.py:541} INFO - Filling up the DagBag from /home/airflow/.local/lib/python3.7/site-packages/airflow/example_dags/example_short_circuit_decorator.py
[2023-06-09T01:48:21.379+0000] {processor.py:836} INFO - DAG(s) dict_keys(['example_short_circuit_decorator']) retrieved from /home/airflow/.local/lib/python3.7/site-packages/airflow/example_dags/example_short_circuit_decorator.py
[2023-06-09T01:48:21.408+0000] {logging_mixin.py:149} INFO - [2023-06-09T01:48:21.408+0000] {dag.py:2726} INFO - Sync 1 DAGs
[2023-06-09T01:48:21.428+0000] {logging_mixin.py:149} INFO - [2023-06-09T01:48:21.428+0000] {dag.py:3490} INFO - Setting next_dagrun for example_short_circuit_decorator to 2023-06-08T01:48:21.428621+00:00, run_after=2023-06-09T01:48:21.428621+00:00
[2023-06-09T01:48:21.443+0000] {processor.py:179} INFO - Processing /home/airflow/.local/lib/python3.7/site-packages/airflow/example_dags/example_short_circuit_decorator.py took 0.084 seconds
[2023-06-09T01:48:51.510+0000] {processor.py:157} INFO - Started process (PID=2634) to work on /home/airflow/.local/lib/python3.7/site-packages/airflow/example_dags/example_short_circuit_decorator.py
[2023-06-09T01:48:51.513+0000] {processor.py:826} INFO - Processing file /home/airflow/.local/lib/python3.7/site-packages/airflow/example_dags/example_short_circuit_decorator.py for tasks to queue
[2023-06-09T01:48:51.514+0000] {logging_mixin.py:149} INFO - [2023-06-09T01:48:51.514+0000] {dagbag.py:541} INFO - Filling up the DagBag from /home/airflow/.local/lib/python3.7/site-packages/airflow/example_dags/example_short_circuit_decorator.py
[2023-06-09T01:48:51.527+0000] {processor.py:836} INFO - DAG(s) dict_keys(['example_short_circuit_decorator']) retrieved from /home/airflow/.local/lib/python3.7/site-packages/airflow/example_dags/example_short_circuit_decorator.py
[2023-06-09T01:48:51.555+0000] {logging_mixin.py:149} INFO - [2023-06-09T01:48:51.554+0000] {dag.py:2726} INFO - Sync 1 DAGs
[2023-06-09T01:48:51.575+0000] {logging_mixin.py:149} INFO - [2023-06-09T01:48:51.575+0000] {dag.py:3490} INFO - Setting next_dagrun for example_short_circuit_decorator to 2023-06-08T01:48:51.575522+00:00, run_after=2023-06-09T01:48:51.575522+00:00
[2023-06-09T01:48:51.589+0000] {processor.py:179} INFO - Processing /home/airflow/.local/lib/python3.7/site-packages/airflow/example_dags/example_short_circuit_decorator.py took 0.086 seconds
[2023-06-09T01:49:21.687+0000] {processor.py:157} INFO - Started process (PID=2690) to work on /home/airflow/.local/lib/python3.7/site-packages/airflow/example_dags/example_short_circuit_decorator.py
[2023-06-09T01:49:21.689+0000] {processor.py:826} INFO - Processing file /home/airflow/.local/lib/python3.7/site-packages/airflow/example_dags/example_short_circuit_decorator.py for tasks to queue
[2023-06-09T01:49:21.691+0000] {logging_mixin.py:149} INFO - [2023-06-09T01:49:21.691+0000] {dagbag.py:541} INFO - Filling up the DagBag from /home/airflow/.local/lib/python3.7/site-packages/airflow/example_dags/example_short_circuit_decorator.py
[2023-06-09T01:49:21.704+0000] {processor.py:836} INFO - DAG(s) dict_keys(['example_short_circuit_decorator']) retrieved from /home/airflow/.local/lib/python3.7/site-packages/airflow/example_dags/example_short_circuit_decorator.py
[2023-06-09T01:49:21.730+0000] {logging_mixin.py:149} INFO - [2023-06-09T01:49:21.730+0000] {dag.py:2726} INFO - Sync 1 DAGs
[2023-06-09T01:49:21.748+0000] {logging_mixin.py:149} INFO - [2023-06-09T01:49:21.748+0000] {dag.py:3490} INFO - Setting next_dagrun for example_short_circuit_decorator to 2023-06-08T01:49:21.747880+00:00, run_after=2023-06-09T01:49:21.747880+00:00
[2023-06-09T01:49:21.761+0000] {processor.py:179} INFO - Processing /home/airflow/.local/lib/python3.7/site-packages/airflow/example_dags/example_short_circuit_decorator.py took 0.080 seconds
[2023-06-09T01:49:51.949+0000] {processor.py:157} INFO - Started process (PID=2745) to work on /home/airflow/.local/lib/python3.7/site-packages/airflow/example_dags/example_short_circuit_decorator.py
[2023-06-09T01:49:51.951+0000] {processor.py:826} INFO - Processing file /home/airflow/.local/lib/python3.7/site-packages/airflow/example_dags/example_short_circuit_decorator.py for tasks to queue
[2023-06-09T01:49:51.952+0000] {logging_mixin.py:149} INFO - [2023-06-09T01:49:51.952+0000] {dagbag.py:541} INFO - Filling up the DagBag from /home/airflow/.local/lib/python3.7/site-packages/airflow/example_dags/example_short_circuit_decorator.py
[2023-06-09T01:49:51.964+0000] {processor.py:836} INFO - DAG(s) dict_keys(['example_short_circuit_decorator']) retrieved from /home/airflow/.local/lib/python3.7/site-packages/airflow/example_dags/example_short_circuit_decorator.py
[2023-06-09T01:49:51.990+0000] {logging_mixin.py:149} INFO - [2023-06-09T01:49:51.990+0000] {dag.py:2726} INFO - Sync 1 DAGs
[2023-06-09T01:49:52.009+0000] {logging_mixin.py:149} INFO - [2023-06-09T01:49:52.009+0000] {dag.py:3490} INFO - Setting next_dagrun for example_short_circuit_decorator to 2023-06-08T01:49:52.009004+00:00, run_after=2023-06-09T01:49:52.009004+00:00
[2023-06-09T01:49:52.029+0000] {processor.py:179} INFO - Processing /home/airflow/.local/lib/python3.7/site-packages/airflow/example_dags/example_short_circuit_decorator.py took 0.086 seconds
[2023-06-09T01:50:22.786+0000] {processor.py:157} INFO - Started process (PID=2801) to work on /home/airflow/.local/lib/python3.7/site-packages/airflow/example_dags/example_short_circuit_decorator.py
[2023-06-09T01:50:22.789+0000] {processor.py:826} INFO - Processing file /home/airflow/.local/lib/python3.7/site-packages/airflow/example_dags/example_short_circuit_decorator.py for tasks to queue
[2023-06-09T01:50:22.791+0000] {logging_mixin.py:149} INFO - [2023-06-09T01:50:22.790+0000] {dagbag.py:541} INFO - Filling up the DagBag from /home/airflow/.local/lib/python3.7/site-packages/airflow/example_dags/example_short_circuit_decorator.py
[2023-06-09T01:50:22.803+0000] {processor.py:836} INFO - DAG(s) dict_keys(['example_short_circuit_decorator']) retrieved from /home/airflow/.local/lib/python3.7/site-packages/airflow/example_dags/example_short_circuit_decorator.py
[2023-06-09T01:50:22.828+0000] {logging_mixin.py:149} INFO - [2023-06-09T01:50:22.828+0000] {dag.py:2726} INFO - Sync 1 DAGs
[2023-06-09T01:50:22.844+0000] {logging_mixin.py:149} INFO - [2023-06-09T01:50:22.844+0000] {dag.py:3490} INFO - Setting next_dagrun for example_short_circuit_decorator to 2023-06-08T01:50:22.843970+00:00, run_after=2023-06-09T01:50:22.843970+00:00
[2023-06-09T01:50:22.857+0000] {processor.py:179} INFO - Processing /home/airflow/.local/lib/python3.7/site-packages/airflow/example_dags/example_short_circuit_decorator.py took 0.077 seconds
[2023-06-09T01:50:53.090+0000] {processor.py:157} INFO - Started process (PID=2862) to work on /home/airflow/.local/lib/python3.7/site-packages/airflow/example_dags/example_short_circuit_decorator.py
[2023-06-09T01:50:53.104+0000] {processor.py:826} INFO - Processing file /home/airflow/.local/lib/python3.7/site-packages/airflow/example_dags/example_short_circuit_decorator.py for tasks to queue
[2023-06-09T01:50:53.108+0000] {logging_mixin.py:149} INFO - [2023-06-09T01:50:53.108+0000] {dagbag.py:541} INFO - Filling up the DagBag from /home/airflow/.local/lib/python3.7/site-packages/airflow/example_dags/example_short_circuit_decorator.py
[2023-06-09T01:50:53.129+0000] {processor.py:836} INFO - DAG(s) dict_keys(['example_short_circuit_decorator']) retrieved from /home/airflow/.local/lib/python3.7/site-packages/airflow/example_dags/example_short_circuit_decorator.py
[2023-06-09T01:50:53.192+0000] {logging_mixin.py:149} INFO - [2023-06-09T01:50:53.192+0000] {dag.py:2726} INFO - Sync 1 DAGs
[2023-06-09T01:50:53.273+0000] {logging_mixin.py:149} INFO - [2023-06-09T01:50:53.272+0000] {dag.py:3490} INFO - Setting next_dagrun for example_short_circuit_decorator to 2023-06-08T01:50:53.272457+00:00, run_after=2023-06-09T01:50:53.272457+00:00
[2023-06-09T01:50:53.291+0000] {processor.py:179} INFO - Processing /home/airflow/.local/lib/python3.7/site-packages/airflow/example_dags/example_short_circuit_decorator.py took 0.229 seconds
[2023-06-09T01:51:23.381+0000] {processor.py:157} INFO - Started process (PID=2920) to work on /home/airflow/.local/lib/python3.7/site-packages/airflow/example_dags/example_short_circuit_decorator.py
[2023-06-09T01:51:23.382+0000] {processor.py:826} INFO - Processing file /home/airflow/.local/lib/python3.7/site-packages/airflow/example_dags/example_short_circuit_decorator.py for tasks to queue
[2023-06-09T01:51:23.383+0000] {logging_mixin.py:149} INFO - [2023-06-09T01:51:23.383+0000] {dagbag.py:541} INFO - Filling up the DagBag from /home/airflow/.local/lib/python3.7/site-packages/airflow/example_dags/example_short_circuit_decorator.py
[2023-06-09T01:51:23.392+0000] {processor.py:836} INFO - DAG(s) dict_keys(['example_short_circuit_decorator']) retrieved from /home/airflow/.local/lib/python3.7/site-packages/airflow/example_dags/example_short_circuit_decorator.py
[2023-06-09T01:51:23.415+0000] {logging_mixin.py:149} INFO - [2023-06-09T01:51:23.415+0000] {dag.py:2726} INFO - Sync 1 DAGs
[2023-06-09T01:51:23.435+0000] {logging_mixin.py:149} INFO - [2023-06-09T01:51:23.435+0000] {dag.py:3490} INFO - Setting next_dagrun for example_short_circuit_decorator to 2023-06-08T01:51:23.434948+00:00, run_after=2023-06-09T01:51:23.434948+00:00
[2023-06-09T01:51:23.450+0000] {processor.py:179} INFO - Processing /home/airflow/.local/lib/python3.7/site-packages/airflow/example_dags/example_short_circuit_decorator.py took 0.071 seconds
[2023-06-09T01:51:53.766+0000] {processor.py:157} INFO - Started process (PID=2976) to work on /home/airflow/.local/lib/python3.7/site-packages/airflow/example_dags/example_short_circuit_decorator.py
[2023-06-09T01:51:53.768+0000] {processor.py:826} INFO - Processing file /home/airflow/.local/lib/python3.7/site-packages/airflow/example_dags/example_short_circuit_decorator.py for tasks to queue
[2023-06-09T01:51:53.770+0000] {logging_mixin.py:149} INFO - [2023-06-09T01:51:53.770+0000] {dagbag.py:541} INFO - Filling up the DagBag from /home/airflow/.local/lib/python3.7/site-packages/airflow/example_dags/example_short_circuit_decorator.py
[2023-06-09T01:51:53.784+0000] {processor.py:836} INFO - DAG(s) dict_keys(['example_short_circuit_decorator']) retrieved from /home/airflow/.local/lib/python3.7/site-packages/airflow/example_dags/example_short_circuit_decorator.py
[2023-06-09T01:51:53.824+0000] {logging_mixin.py:149} INFO - [2023-06-09T01:51:53.824+0000] {dag.py:2726} INFO - Sync 1 DAGs
[2023-06-09T01:51:53.847+0000] {logging_mixin.py:149} INFO - [2023-06-09T01:51:53.847+0000] {dag.py:3490} INFO - Setting next_dagrun for example_short_circuit_decorator to 2023-06-08T01:51:53.847249+00:00, run_after=2023-06-09T01:51:53.847249+00:00
[2023-06-09T01:51:53.860+0000] {processor.py:179} INFO - Processing /home/airflow/.local/lib/python3.7/site-packages/airflow/example_dags/example_short_circuit_decorator.py took 0.100 seconds
[2023-06-09T01:52:24.411+0000] {processor.py:157} INFO - Started process (PID=3032) to work on /home/airflow/.local/lib/python3.7/site-packages/airflow/example_dags/example_short_circuit_decorator.py
[2023-06-09T01:52:24.413+0000] {processor.py:826} INFO - Processing file /home/airflow/.local/lib/python3.7/site-packages/airflow/example_dags/example_short_circuit_decorator.py for tasks to queue
[2023-06-09T01:52:24.414+0000] {logging_mixin.py:149} INFO - [2023-06-09T01:52:24.414+0000] {dagbag.py:541} INFO - Filling up the DagBag from /home/airflow/.local/lib/python3.7/site-packages/airflow/example_dags/example_short_circuit_decorator.py
[2023-06-09T01:52:24.428+0000] {processor.py:836} INFO - DAG(s) dict_keys(['example_short_circuit_decorator']) retrieved from /home/airflow/.local/lib/python3.7/site-packages/airflow/example_dags/example_short_circuit_decorator.py
[2023-06-09T01:52:24.453+0000] {logging_mixin.py:149} INFO - [2023-06-09T01:52:24.453+0000] {dag.py:2726} INFO - Sync 1 DAGs
[2023-06-09T01:52:24.473+0000] {logging_mixin.py:149} INFO - [2023-06-09T01:52:24.472+0000] {dag.py:3490} INFO - Setting next_dagrun for example_short_circuit_decorator to 2023-06-08T01:52:24.472730+00:00, run_after=2023-06-09T01:52:24.472730+00:00
[2023-06-09T01:52:24.486+0000] {processor.py:179} INFO - Processing /home/airflow/.local/lib/python3.7/site-packages/airflow/example_dags/example_short_circuit_decorator.py took 0.080 seconds
[2023-06-09T01:52:54.603+0000] {processor.py:157} INFO - Started process (PID=3088) to work on /home/airflow/.local/lib/python3.7/site-packages/airflow/example_dags/example_short_circuit_decorator.py
[2023-06-09T01:52:54.604+0000] {processor.py:826} INFO - Processing file /home/airflow/.local/lib/python3.7/site-packages/airflow/example_dags/example_short_circuit_decorator.py for tasks to queue
[2023-06-09T01:52:54.606+0000] {logging_mixin.py:149} INFO - [2023-06-09T01:52:54.605+0000] {dagbag.py:541} INFO - Filling up the DagBag from /home/airflow/.local/lib/python3.7/site-packages/airflow/example_dags/example_short_circuit_decorator.py
[2023-06-09T01:52:54.617+0000] {processor.py:836} INFO - DAG(s) dict_keys(['example_short_circuit_decorator']) retrieved from /home/airflow/.local/lib/python3.7/site-packages/airflow/example_dags/example_short_circuit_decorator.py
[2023-06-09T01:52:54.639+0000] {logging_mixin.py:149} INFO - [2023-06-09T01:52:54.639+0000] {dag.py:2726} INFO - Sync 1 DAGs
[2023-06-09T01:52:54.658+0000] {logging_mixin.py:149} INFO - [2023-06-09T01:52:54.658+0000] {dag.py:3490} INFO - Setting next_dagrun for example_short_circuit_decorator to 2023-06-08T01:52:54.658567+00:00, run_after=2023-06-09T01:52:54.658567+00:00
[2023-06-09T01:52:54.670+0000] {processor.py:179} INFO - Processing /home/airflow/.local/lib/python3.7/site-packages/airflow/example_dags/example_short_circuit_decorator.py took 0.072 seconds
[2023-06-09T01:53:51.095+0000] {processor.py:157} INFO - Started process (PID=55) to work on /home/airflow/.local/lib/python3.7/site-packages/airflow/example_dags/example_short_circuit_decorator.py
[2023-06-09T01:53:51.096+0000] {processor.py:826} INFO - Processing file /home/airflow/.local/lib/python3.7/site-packages/airflow/example_dags/example_short_circuit_decorator.py for tasks to queue
[2023-06-09T01:53:51.098+0000] {logging_mixin.py:149} INFO - [2023-06-09T01:53:51.098+0000] {dagbag.py:541} INFO - Filling up the DagBag from /home/airflow/.local/lib/python3.7/site-packages/airflow/example_dags/example_short_circuit_decorator.py
[2023-06-09T01:53:51.112+0000] {processor.py:836} INFO - DAG(s) dict_keys(['example_short_circuit_decorator']) retrieved from /home/airflow/.local/lib/python3.7/site-packages/airflow/example_dags/example_short_circuit_decorator.py
[2023-06-09T01:53:51.144+0000] {logging_mixin.py:149} INFO - [2023-06-09T01:53:51.143+0000] {dag.py:2726} INFO - Sync 1 DAGs
[2023-06-09T01:53:51.176+0000] {logging_mixin.py:149} INFO - [2023-06-09T01:53:51.176+0000] {dag.py:3490} INFO - Setting next_dagrun for example_short_circuit_decorator to 2023-06-08T01:53:51.176271+00:00, run_after=2023-06-09T01:53:51.176271+00:00
[2023-06-09T01:53:51.195+0000] {processor.py:179} INFO - Processing /home/airflow/.local/lib/python3.7/site-packages/airflow/example_dags/example_short_circuit_decorator.py took 0.104 seconds
