[2023-06-09T01:25:31.503+0000] {processor.py:157} INFO - Started process (PID=64) to work on /home/airflow/.local/lib/python3.7/site-packages/airflow/example_dags/example_branch_labels.py
[2023-06-09T01:25:31.507+0000] {processor.py:826} INFO - Processing file /home/airflow/.local/lib/python3.7/site-packages/airflow/example_dags/example_branch_labels.py for tasks to queue
[2023-06-09T01:25:31.512+0000] {logging_mixin.py:149} INFO - [2023-06-09T01:25:31.512+0000] {dagbag.py:541} INFO - Filling up the DagBag from /home/airflow/.local/lib/python3.7/site-packages/airflow/example_dags/example_branch_labels.py
[2023-06-09T01:25:31.548+0000] {processor.py:836} INFO - DAG(s) dict_keys(['example_branch_labels']) retrieved from /home/airflow/.local/lib/python3.7/site-packages/airflow/example_dags/example_branch_labels.py
[2023-06-09T01:25:31.846+0000] {logging_mixin.py:149} INFO - [2023-06-09T01:25:31.846+0000] {manager.py:504} INFO - Created Permission View: can delete on DAG:example_branch_labels
[2023-06-09T01:25:31.861+0000] {logging_mixin.py:149} INFO - [2023-06-09T01:25:31.861+0000] {manager.py:504} INFO - Created Permission View: can edit on DAG:example_branch_labels
[2023-06-09T01:25:31.880+0000] {logging_mixin.py:149} INFO - [2023-06-09T01:25:31.880+0000] {manager.py:504} INFO - Created Permission View: can read on DAG:example_branch_labels
[2023-06-09T01:25:31.883+0000] {logging_mixin.py:149} INFO - [2023-06-09T01:25:31.882+0000] {dag.py:2726} INFO - Sync 1 DAGs
[2023-06-09T01:25:31.905+0000] {logging_mixin.py:149} INFO - [2023-06-09T01:25:31.905+0000] {dag.py:2747} INFO - Creating ORM DAG for example_branch_labels
[2023-06-09T01:25:31.923+0000] {logging_mixin.py:149} INFO - [2023-06-09T01:25:31.923+0000] {dag.py:3490} INFO - Setting next_dagrun for example_branch_labels to 2023-06-08T00:00:00+00:00, run_after=2023-06-09T00:00:00+00:00
[2023-06-09T01:25:31.967+0000] {processor.py:179} INFO - Processing /home/airflow/.local/lib/python3.7/site-packages/airflow/example_dags/example_branch_labels.py took 0.471 seconds
[2023-06-09T01:26:02.564+0000] {processor.py:157} INFO - Started process (PID=120) to work on /home/airflow/.local/lib/python3.7/site-packages/airflow/example_dags/example_branch_labels.py
[2023-06-09T01:26:02.582+0000] {processor.py:826} INFO - Processing file /home/airflow/.local/lib/python3.7/site-packages/airflow/example_dags/example_branch_labels.py for tasks to queue
[2023-06-09T01:26:02.596+0000] {logging_mixin.py:149} INFO - [2023-06-09T01:26:02.595+0000] {dagbag.py:541} INFO - Filling up the DagBag from /home/airflow/.local/lib/python3.7/site-packages/airflow/example_dags/example_branch_labels.py
[2023-06-09T01:26:02.742+0000] {processor.py:836} INFO - DAG(s) dict_keys(['example_branch_labels']) retrieved from /home/airflow/.local/lib/python3.7/site-packages/airflow/example_dags/example_branch_labels.py
[2023-06-09T01:26:02.859+0000] {logging_mixin.py:149} INFO - [2023-06-09T01:26:02.859+0000] {dag.py:2726} INFO - Sync 1 DAGs
[2023-06-09T01:26:02.912+0000] {logging_mixin.py:149} INFO - [2023-06-09T01:26:02.911+0000] {dag.py:3490} INFO - Setting next_dagrun for example_branch_labels to 2023-06-08T00:00:00+00:00, run_after=2023-06-09T00:00:00+00:00
[2023-06-09T01:26:02.958+0000] {processor.py:179} INFO - Processing /home/airflow/.local/lib/python3.7/site-packages/airflow/example_dags/example_branch_labels.py took 0.411 seconds
[2023-06-09T01:26:33.524+0000] {processor.py:157} INFO - Started process (PID=176) to work on /home/airflow/.local/lib/python3.7/site-packages/airflow/example_dags/example_branch_labels.py
[2023-06-09T01:26:33.526+0000] {processor.py:826} INFO - Processing file /home/airflow/.local/lib/python3.7/site-packages/airflow/example_dags/example_branch_labels.py for tasks to queue
[2023-06-09T01:26:33.527+0000] {logging_mixin.py:149} INFO - [2023-06-09T01:26:33.527+0000] {dagbag.py:541} INFO - Filling up the DagBag from /home/airflow/.local/lib/python3.7/site-packages/airflow/example_dags/example_branch_labels.py
[2023-06-09T01:26:33.535+0000] {processor.py:836} INFO - DAG(s) dict_keys(['example_branch_labels']) retrieved from /home/airflow/.local/lib/python3.7/site-packages/airflow/example_dags/example_branch_labels.py
[2023-06-09T01:26:33.558+0000] {logging_mixin.py:149} INFO - [2023-06-09T01:26:33.558+0000] {dag.py:2726} INFO - Sync 1 DAGs
[2023-06-09T01:26:33.576+0000] {logging_mixin.py:149} INFO - [2023-06-09T01:26:33.576+0000] {dag.py:3490} INFO - Setting next_dagrun for example_branch_labels to 2023-06-08T00:00:00+00:00, run_after=2023-06-09T00:00:00+00:00
[2023-06-09T01:26:33.587+0000] {processor.py:179} INFO - Processing /home/airflow/.local/lib/python3.7/site-packages/airflow/example_dags/example_branch_labels.py took 0.066 seconds
[2023-06-09T01:27:03.888+0000] {processor.py:157} INFO - Started process (PID=232) to work on /home/airflow/.local/lib/python3.7/site-packages/airflow/example_dags/example_branch_labels.py
[2023-06-09T01:27:03.889+0000] {processor.py:826} INFO - Processing file /home/airflow/.local/lib/python3.7/site-packages/airflow/example_dags/example_branch_labels.py for tasks to queue
[2023-06-09T01:27:03.890+0000] {logging_mixin.py:149} INFO - [2023-06-09T01:27:03.890+0000] {dagbag.py:541} INFO - Filling up the DagBag from /home/airflow/.local/lib/python3.7/site-packages/airflow/example_dags/example_branch_labels.py
[2023-06-09T01:27:03.898+0000] {processor.py:836} INFO - DAG(s) dict_keys(['example_branch_labels']) retrieved from /home/airflow/.local/lib/python3.7/site-packages/airflow/example_dags/example_branch_labels.py
[2023-06-09T01:27:03.932+0000] {logging_mixin.py:149} INFO - [2023-06-09T01:27:03.932+0000] {dag.py:2726} INFO - Sync 1 DAGs
[2023-06-09T01:27:03.957+0000] {logging_mixin.py:149} INFO - [2023-06-09T01:27:03.957+0000] {dag.py:3490} INFO - Setting next_dagrun for example_branch_labels to 2023-06-08T00:00:00+00:00, run_after=2023-06-09T00:00:00+00:00
[2023-06-09T01:27:03.973+0000] {processor.py:179} INFO - Processing /home/airflow/.local/lib/python3.7/site-packages/airflow/example_dags/example_branch_labels.py took 0.089 seconds
[2023-06-09T01:27:34.392+0000] {processor.py:157} INFO - Started process (PID=288) to work on /home/airflow/.local/lib/python3.7/site-packages/airflow/example_dags/example_branch_labels.py
[2023-06-09T01:27:34.395+0000] {processor.py:826} INFO - Processing file /home/airflow/.local/lib/python3.7/site-packages/airflow/example_dags/example_branch_labels.py for tasks to queue
[2023-06-09T01:27:34.397+0000] {logging_mixin.py:149} INFO - [2023-06-09T01:27:34.397+0000] {dagbag.py:541} INFO - Filling up the DagBag from /home/airflow/.local/lib/python3.7/site-packages/airflow/example_dags/example_branch_labels.py
[2023-06-09T01:27:34.409+0000] {processor.py:836} INFO - DAG(s) dict_keys(['example_branch_labels']) retrieved from /home/airflow/.local/lib/python3.7/site-packages/airflow/example_dags/example_branch_labels.py
[2023-06-09T01:27:34.443+0000] {logging_mixin.py:149} INFO - [2023-06-09T01:27:34.442+0000] {dag.py:2726} INFO - Sync 1 DAGs
[2023-06-09T01:27:34.464+0000] {logging_mixin.py:149} INFO - [2023-06-09T01:27:34.464+0000] {dag.py:3490} INFO - Setting next_dagrun for example_branch_labels to 2023-06-08T00:00:00+00:00, run_after=2023-06-09T00:00:00+00:00
[2023-06-09T01:27:34.478+0000] {processor.py:179} INFO - Processing /home/airflow/.local/lib/python3.7/site-packages/airflow/example_dags/example_branch_labels.py took 0.096 seconds
[2023-06-09T01:28:04.952+0000] {processor.py:157} INFO - Started process (PID=344) to work on /home/airflow/.local/lib/python3.7/site-packages/airflow/example_dags/example_branch_labels.py
[2023-06-09T01:28:04.956+0000] {processor.py:826} INFO - Processing file /home/airflow/.local/lib/python3.7/site-packages/airflow/example_dags/example_branch_labels.py for tasks to queue
[2023-06-09T01:28:04.957+0000] {logging_mixin.py:149} INFO - [2023-06-09T01:28:04.957+0000] {dagbag.py:541} INFO - Filling up the DagBag from /home/airflow/.local/lib/python3.7/site-packages/airflow/example_dags/example_branch_labels.py
[2023-06-09T01:28:04.969+0000] {processor.py:836} INFO - DAG(s) dict_keys(['example_branch_labels']) retrieved from /home/airflow/.local/lib/python3.7/site-packages/airflow/example_dags/example_branch_labels.py
[2023-06-09T01:28:05.001+0000] {logging_mixin.py:149} INFO - [2023-06-09T01:28:05.001+0000] {dag.py:2726} INFO - Sync 1 DAGs
[2023-06-09T01:28:05.020+0000] {logging_mixin.py:149} INFO - [2023-06-09T01:28:05.020+0000] {dag.py:3490} INFO - Setting next_dagrun for example_branch_labels to 2023-06-08T00:00:00+00:00, run_after=2023-06-09T00:00:00+00:00
[2023-06-09T01:28:05.032+0000] {processor.py:179} INFO - Processing /home/airflow/.local/lib/python3.7/site-packages/airflow/example_dags/example_branch_labels.py took 0.084 seconds
[2023-06-09T01:28:35.865+0000] {processor.py:157} INFO - Started process (PID=400) to work on /home/airflow/.local/lib/python3.7/site-packages/airflow/example_dags/example_branch_labels.py
[2023-06-09T01:28:35.870+0000] {processor.py:826} INFO - Processing file /home/airflow/.local/lib/python3.7/site-packages/airflow/example_dags/example_branch_labels.py for tasks to queue
[2023-06-09T01:28:35.872+0000] {logging_mixin.py:149} INFO - [2023-06-09T01:28:35.872+0000] {dagbag.py:541} INFO - Filling up the DagBag from /home/airflow/.local/lib/python3.7/site-packages/airflow/example_dags/example_branch_labels.py
[2023-06-09T01:28:35.896+0000] {processor.py:836} INFO - DAG(s) dict_keys(['example_branch_labels']) retrieved from /home/airflow/.local/lib/python3.7/site-packages/airflow/example_dags/example_branch_labels.py
[2023-06-09T01:28:36.023+0000] {logging_mixin.py:149} INFO - [2023-06-09T01:28:36.023+0000] {dag.py:2726} INFO - Sync 1 DAGs
[2023-06-09T01:28:36.096+0000] {logging_mixin.py:149} INFO - [2023-06-09T01:28:36.096+0000] {dag.py:3490} INFO - Setting next_dagrun for example_branch_labels to 2023-06-08T00:00:00+00:00, run_after=2023-06-09T00:00:00+00:00
[2023-06-09T01:28:36.168+0000] {processor.py:179} INFO - Processing /home/airflow/.local/lib/python3.7/site-packages/airflow/example_dags/example_branch_labels.py took 0.312 seconds
[2023-06-09T01:29:06.872+0000] {processor.py:157} INFO - Started process (PID=456) to work on /home/airflow/.local/lib/python3.7/site-packages/airflow/example_dags/example_branch_labels.py
[2023-06-09T01:29:06.875+0000] {processor.py:826} INFO - Processing file /home/airflow/.local/lib/python3.7/site-packages/airflow/example_dags/example_branch_labels.py for tasks to queue
[2023-06-09T01:29:06.877+0000] {logging_mixin.py:149} INFO - [2023-06-09T01:29:06.876+0000] {dagbag.py:541} INFO - Filling up the DagBag from /home/airflow/.local/lib/python3.7/site-packages/airflow/example_dags/example_branch_labels.py
[2023-06-09T01:29:06.888+0000] {processor.py:836} INFO - DAG(s) dict_keys(['example_branch_labels']) retrieved from /home/airflow/.local/lib/python3.7/site-packages/airflow/example_dags/example_branch_labels.py
[2023-06-09T01:29:06.917+0000] {logging_mixin.py:149} INFO - [2023-06-09T01:29:06.917+0000] {dag.py:2726} INFO - Sync 1 DAGs
[2023-06-09T01:29:06.938+0000] {logging_mixin.py:149} INFO - [2023-06-09T01:29:06.938+0000] {dag.py:3490} INFO - Setting next_dagrun for example_branch_labels to 2023-06-08T00:00:00+00:00, run_after=2023-06-09T00:00:00+00:00
[2023-06-09T01:29:06.949+0000] {processor.py:179} INFO - Processing /home/airflow/.local/lib/python3.7/site-packages/airflow/example_dags/example_branch_labels.py took 0.084 seconds
[2023-06-09T01:29:37.085+0000] {processor.py:157} INFO - Started process (PID=512) to work on /home/airflow/.local/lib/python3.7/site-packages/airflow/example_dags/example_branch_labels.py
[2023-06-09T01:29:37.087+0000] {processor.py:826} INFO - Processing file /home/airflow/.local/lib/python3.7/site-packages/airflow/example_dags/example_branch_labels.py for tasks to queue
[2023-06-09T01:29:37.088+0000] {logging_mixin.py:149} INFO - [2023-06-09T01:29:37.088+0000] {dagbag.py:541} INFO - Filling up the DagBag from /home/airflow/.local/lib/python3.7/site-packages/airflow/example_dags/example_branch_labels.py
[2023-06-09T01:29:37.098+0000] {processor.py:836} INFO - DAG(s) dict_keys(['example_branch_labels']) retrieved from /home/airflow/.local/lib/python3.7/site-packages/airflow/example_dags/example_branch_labels.py
[2023-06-09T01:29:37.127+0000] {logging_mixin.py:149} INFO - [2023-06-09T01:29:37.127+0000] {dag.py:2726} INFO - Sync 1 DAGs
[2023-06-09T01:29:37.149+0000] {logging_mixin.py:149} INFO - [2023-06-09T01:29:37.149+0000] {dag.py:3490} INFO - Setting next_dagrun for example_branch_labels to 2023-06-08T00:00:00+00:00, run_after=2023-06-09T00:00:00+00:00
[2023-06-09T01:29:37.163+0000] {processor.py:179} INFO - Processing /home/airflow/.local/lib/python3.7/site-packages/airflow/example_dags/example_branch_labels.py took 0.083 seconds
[2023-06-09T01:30:08.016+0000] {processor.py:157} INFO - Started process (PID=568) to work on /home/airflow/.local/lib/python3.7/site-packages/airflow/example_dags/example_branch_labels.py
[2023-06-09T01:30:08.019+0000] {processor.py:826} INFO - Processing file /home/airflow/.local/lib/python3.7/site-packages/airflow/example_dags/example_branch_labels.py for tasks to queue
[2023-06-09T01:30:08.021+0000] {logging_mixin.py:149} INFO - [2023-06-09T01:30:08.021+0000] {dagbag.py:541} INFO - Filling up the DagBag from /home/airflow/.local/lib/python3.7/site-packages/airflow/example_dags/example_branch_labels.py
[2023-06-09T01:30:08.035+0000] {processor.py:836} INFO - DAG(s) dict_keys(['example_branch_labels']) retrieved from /home/airflow/.local/lib/python3.7/site-packages/airflow/example_dags/example_branch_labels.py
[2023-06-09T01:30:08.083+0000] {logging_mixin.py:149} INFO - [2023-06-09T01:30:08.083+0000] {dag.py:2726} INFO - Sync 1 DAGs
[2023-06-09T01:30:08.114+0000] {logging_mixin.py:149} INFO - [2023-06-09T01:30:08.114+0000] {dag.py:3490} INFO - Setting next_dagrun for example_branch_labels to 2023-06-08T00:00:00+00:00, run_after=2023-06-09T00:00:00+00:00
[2023-06-09T01:30:08.129+0000] {processor.py:179} INFO - Processing /home/airflow/.local/lib/python3.7/site-packages/airflow/example_dags/example_branch_labels.py took 0.129 seconds
[2023-06-09T01:30:38.243+0000] {processor.py:157} INFO - Started process (PID=624) to work on /home/airflow/.local/lib/python3.7/site-packages/airflow/example_dags/example_branch_labels.py
[2023-06-09T01:30:38.247+0000] {processor.py:826} INFO - Processing file /home/airflow/.local/lib/python3.7/site-packages/airflow/example_dags/example_branch_labels.py for tasks to queue
[2023-06-09T01:30:38.249+0000] {logging_mixin.py:149} INFO - [2023-06-09T01:30:38.248+0000] {dagbag.py:541} INFO - Filling up the DagBag from /home/airflow/.local/lib/python3.7/site-packages/airflow/example_dags/example_branch_labels.py
[2023-06-09T01:30:38.261+0000] {processor.py:836} INFO - DAG(s) dict_keys(['example_branch_labels']) retrieved from /home/airflow/.local/lib/python3.7/site-packages/airflow/example_dags/example_branch_labels.py
[2023-06-09T01:30:38.285+0000] {logging_mixin.py:149} INFO - [2023-06-09T01:30:38.285+0000] {dag.py:2726} INFO - Sync 1 DAGs
[2023-06-09T01:30:38.302+0000] {logging_mixin.py:149} INFO - [2023-06-09T01:30:38.302+0000] {dag.py:3490} INFO - Setting next_dagrun for example_branch_labels to 2023-06-08T00:00:00+00:00, run_after=2023-06-09T00:00:00+00:00
[2023-06-09T01:30:38.313+0000] {processor.py:179} INFO - Processing /home/airflow/.local/lib/python3.7/site-packages/airflow/example_dags/example_branch_labels.py took 0.077 seconds
[2023-06-09T01:31:08.707+0000] {processor.py:157} INFO - Started process (PID=680) to work on /home/airflow/.local/lib/python3.7/site-packages/airflow/example_dags/example_branch_labels.py
[2023-06-09T01:31:08.709+0000] {processor.py:826} INFO - Processing file /home/airflow/.local/lib/python3.7/site-packages/airflow/example_dags/example_branch_labels.py for tasks to queue
[2023-06-09T01:31:08.711+0000] {logging_mixin.py:149} INFO - [2023-06-09T01:31:08.710+0000] {dagbag.py:541} INFO - Filling up the DagBag from /home/airflow/.local/lib/python3.7/site-packages/airflow/example_dags/example_branch_labels.py
[2023-06-09T01:31:08.722+0000] {processor.py:836} INFO - DAG(s) dict_keys(['example_branch_labels']) retrieved from /home/airflow/.local/lib/python3.7/site-packages/airflow/example_dags/example_branch_labels.py
[2023-06-09T01:31:08.769+0000] {logging_mixin.py:149} INFO - [2023-06-09T01:31:08.769+0000] {dag.py:2726} INFO - Sync 1 DAGs
[2023-06-09T01:31:08.794+0000] {logging_mixin.py:149} INFO - [2023-06-09T01:31:08.793+0000] {dag.py:3490} INFO - Setting next_dagrun for example_branch_labels to 2023-06-08T00:00:00+00:00, run_after=2023-06-09T00:00:00+00:00
[2023-06-09T01:31:08.811+0000] {processor.py:179} INFO - Processing /home/airflow/.local/lib/python3.7/site-packages/airflow/example_dags/example_branch_labels.py took 0.111 seconds
[2023-06-09T01:31:39.715+0000] {processor.py:157} INFO - Started process (PID=736) to work on /home/airflow/.local/lib/python3.7/site-packages/airflow/example_dags/example_branch_labels.py
[2023-06-09T01:31:39.719+0000] {processor.py:826} INFO - Processing file /home/airflow/.local/lib/python3.7/site-packages/airflow/example_dags/example_branch_labels.py for tasks to queue
[2023-06-09T01:31:39.723+0000] {logging_mixin.py:149} INFO - [2023-06-09T01:31:39.723+0000] {dagbag.py:541} INFO - Filling up the DagBag from /home/airflow/.local/lib/python3.7/site-packages/airflow/example_dags/example_branch_labels.py
[2023-06-09T01:31:39.749+0000] {processor.py:836} INFO - DAG(s) dict_keys(['example_branch_labels']) retrieved from /home/airflow/.local/lib/python3.7/site-packages/airflow/example_dags/example_branch_labels.py
[2023-06-09T01:31:39.788+0000] {logging_mixin.py:149} INFO - [2023-06-09T01:31:39.787+0000] {dag.py:2726} INFO - Sync 1 DAGs
[2023-06-09T01:31:39.826+0000] {logging_mixin.py:149} INFO - [2023-06-09T01:31:39.826+0000] {dag.py:3490} INFO - Setting next_dagrun for example_branch_labels to 2023-06-08T00:00:00+00:00, run_after=2023-06-09T00:00:00+00:00
[2023-06-09T01:31:39.843+0000] {processor.py:179} INFO - Processing /home/airflow/.local/lib/python3.7/site-packages/airflow/example_dags/example_branch_labels.py took 0.138 seconds
[2023-06-09T01:32:09.981+0000] {processor.py:157} INFO - Started process (PID=792) to work on /home/airflow/.local/lib/python3.7/site-packages/airflow/example_dags/example_branch_labels.py
[2023-06-09T01:32:09.985+0000] {processor.py:826} INFO - Processing file /home/airflow/.local/lib/python3.7/site-packages/airflow/example_dags/example_branch_labels.py for tasks to queue
[2023-06-09T01:32:09.987+0000] {logging_mixin.py:149} INFO - [2023-06-09T01:32:09.987+0000] {dagbag.py:541} INFO - Filling up the DagBag from /home/airflow/.local/lib/python3.7/site-packages/airflow/example_dags/example_branch_labels.py
[2023-06-09T01:32:10.002+0000] {processor.py:836} INFO - DAG(s) dict_keys(['example_branch_labels']) retrieved from /home/airflow/.local/lib/python3.7/site-packages/airflow/example_dags/example_branch_labels.py
[2023-06-09T01:32:10.041+0000] {logging_mixin.py:149} INFO - [2023-06-09T01:32:10.041+0000] {dag.py:2726} INFO - Sync 1 DAGs
[2023-06-09T01:32:10.065+0000] {logging_mixin.py:149} INFO - [2023-06-09T01:32:10.065+0000] {dag.py:3490} INFO - Setting next_dagrun for example_branch_labels to 2023-06-08T00:00:00+00:00, run_after=2023-06-09T00:00:00+00:00
[2023-06-09T01:32:10.081+0000] {processor.py:179} INFO - Processing /home/airflow/.local/lib/python3.7/site-packages/airflow/example_dags/example_branch_labels.py took 0.108 seconds
[2023-06-09T01:32:40.917+0000] {processor.py:157} INFO - Started process (PID=848) to work on /home/airflow/.local/lib/python3.7/site-packages/airflow/example_dags/example_branch_labels.py
[2023-06-09T01:32:40.927+0000] {processor.py:826} INFO - Processing file /home/airflow/.local/lib/python3.7/site-packages/airflow/example_dags/example_branch_labels.py for tasks to queue
[2023-06-09T01:32:40.951+0000] {logging_mixin.py:149} INFO - [2023-06-09T01:32:40.949+0000] {dagbag.py:541} INFO - Filling up the DagBag from /home/airflow/.local/lib/python3.7/site-packages/airflow/example_dags/example_branch_labels.py
[2023-06-09T01:32:40.993+0000] {processor.py:836} INFO - DAG(s) dict_keys(['example_branch_labels']) retrieved from /home/airflow/.local/lib/python3.7/site-packages/airflow/example_dags/example_branch_labels.py
[2023-06-09T01:32:41.131+0000] {logging_mixin.py:149} INFO - [2023-06-09T01:32:41.130+0000] {dag.py:2726} INFO - Sync 1 DAGs
[2023-06-09T01:32:41.254+0000] {logging_mixin.py:149} INFO - [2023-06-09T01:32:41.254+0000] {dag.py:3490} INFO - Setting next_dagrun for example_branch_labels to 2023-06-08T00:00:00+00:00, run_after=2023-06-09T00:00:00+00:00
[2023-06-09T01:32:41.316+0000] {processor.py:179} INFO - Processing /home/airflow/.local/lib/python3.7/site-packages/airflow/example_dags/example_branch_labels.py took 0.448 seconds
[2023-06-09T01:33:11.481+0000] {processor.py:157} INFO - Started process (PID=904) to work on /home/airflow/.local/lib/python3.7/site-packages/airflow/example_dags/example_branch_labels.py
[2023-06-09T01:33:11.485+0000] {processor.py:826} INFO - Processing file /home/airflow/.local/lib/python3.7/site-packages/airflow/example_dags/example_branch_labels.py for tasks to queue
[2023-06-09T01:33:11.487+0000] {logging_mixin.py:149} INFO - [2023-06-09T01:33:11.487+0000] {dagbag.py:541} INFO - Filling up the DagBag from /home/airflow/.local/lib/python3.7/site-packages/airflow/example_dags/example_branch_labels.py
[2023-06-09T01:33:11.501+0000] {processor.py:836} INFO - DAG(s) dict_keys(['example_branch_labels']) retrieved from /home/airflow/.local/lib/python3.7/site-packages/airflow/example_dags/example_branch_labels.py
[2023-06-09T01:33:11.531+0000] {logging_mixin.py:149} INFO - [2023-06-09T01:33:11.530+0000] {dag.py:2726} INFO - Sync 1 DAGs
[2023-06-09T01:33:11.550+0000] {logging_mixin.py:149} INFO - [2023-06-09T01:33:11.550+0000] {dag.py:3490} INFO - Setting next_dagrun for example_branch_labels to 2023-06-08T00:00:00+00:00, run_after=2023-06-09T00:00:00+00:00
[2023-06-09T01:33:11.563+0000] {processor.py:179} INFO - Processing /home/airflow/.local/lib/python3.7/site-packages/airflow/example_dags/example_branch_labels.py took 0.091 seconds
[2023-06-09T01:33:41.629+0000] {processor.py:157} INFO - Started process (PID=960) to work on /home/airflow/.local/lib/python3.7/site-packages/airflow/example_dags/example_branch_labels.py
[2023-06-09T01:33:41.632+0000] {processor.py:826} INFO - Processing file /home/airflow/.local/lib/python3.7/site-packages/airflow/example_dags/example_branch_labels.py for tasks to queue
[2023-06-09T01:33:41.633+0000] {logging_mixin.py:149} INFO - [2023-06-09T01:33:41.633+0000] {dagbag.py:541} INFO - Filling up the DagBag from /home/airflow/.local/lib/python3.7/site-packages/airflow/example_dags/example_branch_labels.py
[2023-06-09T01:33:41.644+0000] {processor.py:836} INFO - DAG(s) dict_keys(['example_branch_labels']) retrieved from /home/airflow/.local/lib/python3.7/site-packages/airflow/example_dags/example_branch_labels.py
[2023-06-09T01:33:41.671+0000] {logging_mixin.py:149} INFO - [2023-06-09T01:33:41.671+0000] {dag.py:2726} INFO - Sync 1 DAGs
[2023-06-09T01:33:41.689+0000] {logging_mixin.py:149} INFO - [2023-06-09T01:33:41.689+0000] {dag.py:3490} INFO - Setting next_dagrun for example_branch_labels to 2023-06-08T00:00:00+00:00, run_after=2023-06-09T00:00:00+00:00
[2023-06-09T01:33:41.701+0000] {processor.py:179} INFO - Processing /home/airflow/.local/lib/python3.7/site-packages/airflow/example_dags/example_branch_labels.py took 0.079 seconds
[2023-06-09T01:34:12.018+0000] {processor.py:157} INFO - Started process (PID=1016) to work on /home/airflow/.local/lib/python3.7/site-packages/airflow/example_dags/example_branch_labels.py
[2023-06-09T01:34:12.022+0000] {processor.py:826} INFO - Processing file /home/airflow/.local/lib/python3.7/site-packages/airflow/example_dags/example_branch_labels.py for tasks to queue
[2023-06-09T01:34:12.024+0000] {logging_mixin.py:149} INFO - [2023-06-09T01:34:12.024+0000] {dagbag.py:541} INFO - Filling up the DagBag from /home/airflow/.local/lib/python3.7/site-packages/airflow/example_dags/example_branch_labels.py
[2023-06-09T01:34:12.035+0000] {processor.py:836} INFO - DAG(s) dict_keys(['example_branch_labels']) retrieved from /home/airflow/.local/lib/python3.7/site-packages/airflow/example_dags/example_branch_labels.py
[2023-06-09T01:34:12.067+0000] {logging_mixin.py:149} INFO - [2023-06-09T01:34:12.067+0000] {dag.py:2726} INFO - Sync 1 DAGs
[2023-06-09T01:34:12.090+0000] {logging_mixin.py:149} INFO - [2023-06-09T01:34:12.090+0000] {dag.py:3490} INFO - Setting next_dagrun for example_branch_labels to 2023-06-08T00:00:00+00:00, run_after=2023-06-09T00:00:00+00:00
[2023-06-09T01:34:12.105+0000] {processor.py:179} INFO - Processing /home/airflow/.local/lib/python3.7/site-packages/airflow/example_dags/example_branch_labels.py took 0.096 seconds
[2023-06-09T01:34:42.549+0000] {processor.py:157} INFO - Started process (PID=1072) to work on /home/airflow/.local/lib/python3.7/site-packages/airflow/example_dags/example_branch_labels.py
[2023-06-09T01:34:42.552+0000] {processor.py:826} INFO - Processing file /home/airflow/.local/lib/python3.7/site-packages/airflow/example_dags/example_branch_labels.py for tasks to queue
[2023-06-09T01:34:42.554+0000] {logging_mixin.py:149} INFO - [2023-06-09T01:34:42.553+0000] {dagbag.py:541} INFO - Filling up the DagBag from /home/airflow/.local/lib/python3.7/site-packages/airflow/example_dags/example_branch_labels.py
[2023-06-09T01:34:42.569+0000] {processor.py:836} INFO - DAG(s) dict_keys(['example_branch_labels']) retrieved from /home/airflow/.local/lib/python3.7/site-packages/airflow/example_dags/example_branch_labels.py
[2023-06-09T01:34:42.601+0000] {logging_mixin.py:149} INFO - [2023-06-09T01:34:42.601+0000] {dag.py:2726} INFO - Sync 1 DAGs
[2023-06-09T01:34:42.620+0000] {logging_mixin.py:149} INFO - [2023-06-09T01:34:42.620+0000] {dag.py:3490} INFO - Setting next_dagrun for example_branch_labels to 2023-06-08T00:00:00+00:00, run_after=2023-06-09T00:00:00+00:00
[2023-06-09T01:34:42.633+0000] {processor.py:179} INFO - Processing /home/airflow/.local/lib/python3.7/site-packages/airflow/example_dags/example_branch_labels.py took 0.090 seconds
[2023-06-09T01:35:13.018+0000] {processor.py:157} INFO - Started process (PID=1128) to work on /home/airflow/.local/lib/python3.7/site-packages/airflow/example_dags/example_branch_labels.py
[2023-06-09T01:35:13.019+0000] {processor.py:826} INFO - Processing file /home/airflow/.local/lib/python3.7/site-packages/airflow/example_dags/example_branch_labels.py for tasks to queue
[2023-06-09T01:35:13.020+0000] {logging_mixin.py:149} INFO - [2023-06-09T01:35:13.020+0000] {dagbag.py:541} INFO - Filling up the DagBag from /home/airflow/.local/lib/python3.7/site-packages/airflow/example_dags/example_branch_labels.py
[2023-06-09T01:35:13.027+0000] {processor.py:836} INFO - DAG(s) dict_keys(['example_branch_labels']) retrieved from /home/airflow/.local/lib/python3.7/site-packages/airflow/example_dags/example_branch_labels.py
[2023-06-09T01:35:13.053+0000] {logging_mixin.py:149} INFO - [2023-06-09T01:35:13.053+0000] {dag.py:2726} INFO - Sync 1 DAGs
[2023-06-09T01:35:13.071+0000] {logging_mixin.py:149} INFO - [2023-06-09T01:35:13.070+0000] {dag.py:3490} INFO - Setting next_dagrun for example_branch_labels to 2023-06-08T00:00:00+00:00, run_after=2023-06-09T00:00:00+00:00
[2023-06-09T01:35:13.082+0000] {processor.py:179} INFO - Processing /home/airflow/.local/lib/python3.7/site-packages/airflow/example_dags/example_branch_labels.py took 0.068 seconds
[2023-06-09T01:35:43.989+0000] {processor.py:157} INFO - Started process (PID=1184) to work on /home/airflow/.local/lib/python3.7/site-packages/airflow/example_dags/example_branch_labels.py
[2023-06-09T01:35:43.992+0000] {processor.py:826} INFO - Processing file /home/airflow/.local/lib/python3.7/site-packages/airflow/example_dags/example_branch_labels.py for tasks to queue
[2023-06-09T01:35:43.993+0000] {logging_mixin.py:149} INFO - [2023-06-09T01:35:43.993+0000] {dagbag.py:541} INFO - Filling up the DagBag from /home/airflow/.local/lib/python3.7/site-packages/airflow/example_dags/example_branch_labels.py
[2023-06-09T01:35:44.003+0000] {processor.py:836} INFO - DAG(s) dict_keys(['example_branch_labels']) retrieved from /home/airflow/.local/lib/python3.7/site-packages/airflow/example_dags/example_branch_labels.py
[2023-06-09T01:35:44.031+0000] {logging_mixin.py:149} INFO - [2023-06-09T01:35:44.031+0000] {dag.py:2726} INFO - Sync 1 DAGs
[2023-06-09T01:35:44.052+0000] {logging_mixin.py:149} INFO - [2023-06-09T01:35:44.052+0000] {dag.py:3490} INFO - Setting next_dagrun for example_branch_labels to 2023-06-08T00:00:00+00:00, run_after=2023-06-09T00:00:00+00:00
[2023-06-09T01:35:44.067+0000] {processor.py:179} INFO - Processing /home/airflow/.local/lib/python3.7/site-packages/airflow/example_dags/example_branch_labels.py took 0.083 seconds
[2023-06-09T01:36:14.186+0000] {processor.py:157} INFO - Started process (PID=1239) to work on /home/airflow/.local/lib/python3.7/site-packages/airflow/example_dags/example_branch_labels.py
[2023-06-09T01:36:14.189+0000] {processor.py:826} INFO - Processing file /home/airflow/.local/lib/python3.7/site-packages/airflow/example_dags/example_branch_labels.py for tasks to queue
[2023-06-09T01:36:14.191+0000] {logging_mixin.py:149} INFO - [2023-06-09T01:36:14.191+0000] {dagbag.py:541} INFO - Filling up the DagBag from /home/airflow/.local/lib/python3.7/site-packages/airflow/example_dags/example_branch_labels.py
[2023-06-09T01:36:14.210+0000] {processor.py:836} INFO - DAG(s) dict_keys(['example_branch_labels']) retrieved from /home/airflow/.local/lib/python3.7/site-packages/airflow/example_dags/example_branch_labels.py
[2023-06-09T01:36:14.245+0000] {logging_mixin.py:149} INFO - [2023-06-09T01:36:14.245+0000] {dag.py:2726} INFO - Sync 1 DAGs
[2023-06-09T01:36:14.265+0000] {logging_mixin.py:149} INFO - [2023-06-09T01:36:14.265+0000] {dag.py:3490} INFO - Setting next_dagrun for example_branch_labels to 2023-06-08T00:00:00+00:00, run_after=2023-06-09T00:00:00+00:00
[2023-06-09T01:36:14.282+0000] {processor.py:179} INFO - Processing /home/airflow/.local/lib/python3.7/site-packages/airflow/example_dags/example_branch_labels.py took 0.103 seconds
[2023-06-09T01:36:44.542+0000] {processor.py:157} INFO - Started process (PID=1295) to work on /home/airflow/.local/lib/python3.7/site-packages/airflow/example_dags/example_branch_labels.py
[2023-06-09T01:36:44.545+0000] {processor.py:826} INFO - Processing file /home/airflow/.local/lib/python3.7/site-packages/airflow/example_dags/example_branch_labels.py for tasks to queue
[2023-06-09T01:36:44.547+0000] {logging_mixin.py:149} INFO - [2023-06-09T01:36:44.547+0000] {dagbag.py:541} INFO - Filling up the DagBag from /home/airflow/.local/lib/python3.7/site-packages/airflow/example_dags/example_branch_labels.py
[2023-06-09T01:36:44.562+0000] {processor.py:836} INFO - DAG(s) dict_keys(['example_branch_labels']) retrieved from /home/airflow/.local/lib/python3.7/site-packages/airflow/example_dags/example_branch_labels.py
[2023-06-09T01:36:44.600+0000] {logging_mixin.py:149} INFO - [2023-06-09T01:36:44.600+0000] {dag.py:2726} INFO - Sync 1 DAGs
[2023-06-09T01:36:44.622+0000] {logging_mixin.py:149} INFO - [2023-06-09T01:36:44.622+0000] {dag.py:3490} INFO - Setting next_dagrun for example_branch_labels to 2023-06-08T00:00:00+00:00, run_after=2023-06-09T00:00:00+00:00
[2023-06-09T01:36:44.641+0000] {processor.py:179} INFO - Processing /home/airflow/.local/lib/python3.7/site-packages/airflow/example_dags/example_branch_labels.py took 0.107 seconds
[2023-06-09T01:37:15.539+0000] {processor.py:157} INFO - Started process (PID=1352) to work on /home/airflow/.local/lib/python3.7/site-packages/airflow/example_dags/example_branch_labels.py
[2023-06-09T01:37:15.541+0000] {processor.py:826} INFO - Processing file /home/airflow/.local/lib/python3.7/site-packages/airflow/example_dags/example_branch_labels.py for tasks to queue
[2023-06-09T01:37:15.543+0000] {logging_mixin.py:149} INFO - [2023-06-09T01:37:15.542+0000] {dagbag.py:541} INFO - Filling up the DagBag from /home/airflow/.local/lib/python3.7/site-packages/airflow/example_dags/example_branch_labels.py
[2023-06-09T01:37:15.554+0000] {processor.py:836} INFO - DAG(s) dict_keys(['example_branch_labels']) retrieved from /home/airflow/.local/lib/python3.7/site-packages/airflow/example_dags/example_branch_labels.py
[2023-06-09T01:37:15.585+0000] {logging_mixin.py:149} INFO - [2023-06-09T01:37:15.585+0000] {dag.py:2726} INFO - Sync 1 DAGs
[2023-06-09T01:37:15.606+0000] {logging_mixin.py:149} INFO - [2023-06-09T01:37:15.606+0000] {dag.py:3490} INFO - Setting next_dagrun for example_branch_labels to 2023-06-08T00:00:00+00:00, run_after=2023-06-09T00:00:00+00:00
[2023-06-09T01:37:15.619+0000] {processor.py:179} INFO - Processing /home/airflow/.local/lib/python3.7/site-packages/airflow/example_dags/example_branch_labels.py took 0.086 seconds
[2023-06-09T01:37:45.894+0000] {processor.py:157} INFO - Started process (PID=1408) to work on /home/airflow/.local/lib/python3.7/site-packages/airflow/example_dags/example_branch_labels.py
[2023-06-09T01:37:45.896+0000] {processor.py:826} INFO - Processing file /home/airflow/.local/lib/python3.7/site-packages/airflow/example_dags/example_branch_labels.py for tasks to queue
[2023-06-09T01:37:45.898+0000] {logging_mixin.py:149} INFO - [2023-06-09T01:37:45.898+0000] {dagbag.py:541} INFO - Filling up the DagBag from /home/airflow/.local/lib/python3.7/site-packages/airflow/example_dags/example_branch_labels.py
[2023-06-09T01:37:45.912+0000] {processor.py:836} INFO - DAG(s) dict_keys(['example_branch_labels']) retrieved from /home/airflow/.local/lib/python3.7/site-packages/airflow/example_dags/example_branch_labels.py
[2023-06-09T01:37:45.945+0000] {logging_mixin.py:149} INFO - [2023-06-09T01:37:45.945+0000] {dag.py:2726} INFO - Sync 1 DAGs
[2023-06-09T01:37:45.967+0000] {logging_mixin.py:149} INFO - [2023-06-09T01:37:45.967+0000] {dag.py:3490} INFO - Setting next_dagrun for example_branch_labels to 2023-06-08T00:00:00+00:00, run_after=2023-06-09T00:00:00+00:00
[2023-06-09T01:37:45.983+0000] {processor.py:179} INFO - Processing /home/airflow/.local/lib/python3.7/site-packages/airflow/example_dags/example_branch_labels.py took 0.094 seconds
[2023-06-09T01:38:16.305+0000] {processor.py:157} INFO - Started process (PID=1463) to work on /home/airflow/.local/lib/python3.7/site-packages/airflow/example_dags/example_branch_labels.py
[2023-06-09T01:38:16.306+0000] {processor.py:826} INFO - Processing file /home/airflow/.local/lib/python3.7/site-packages/airflow/example_dags/example_branch_labels.py for tasks to queue
[2023-06-09T01:38:16.307+0000] {logging_mixin.py:149} INFO - [2023-06-09T01:38:16.307+0000] {dagbag.py:541} INFO - Filling up the DagBag from /home/airflow/.local/lib/python3.7/site-packages/airflow/example_dags/example_branch_labels.py
[2023-06-09T01:38:16.319+0000] {processor.py:836} INFO - DAG(s) dict_keys(['example_branch_labels']) retrieved from /home/airflow/.local/lib/python3.7/site-packages/airflow/example_dags/example_branch_labels.py
[2023-06-09T01:38:16.384+0000] {logging_mixin.py:149} INFO - [2023-06-09T01:38:16.384+0000] {dag.py:2726} INFO - Sync 1 DAGs
[2023-06-09T01:38:16.412+0000] {logging_mixin.py:149} INFO - [2023-06-09T01:38:16.412+0000] {dag.py:3490} INFO - Setting next_dagrun for example_branch_labels to 2023-06-08T00:00:00+00:00, run_after=2023-06-09T00:00:00+00:00
[2023-06-09T01:38:16.428+0000] {processor.py:179} INFO - Processing /home/airflow/.local/lib/python3.7/site-packages/airflow/example_dags/example_branch_labels.py took 0.131 seconds
[2023-06-09T01:38:46.558+0000] {processor.py:157} INFO - Started process (PID=1518) to work on /home/airflow/.local/lib/python3.7/site-packages/airflow/example_dags/example_branch_labels.py
[2023-06-09T01:38:46.560+0000] {processor.py:826} INFO - Processing file /home/airflow/.local/lib/python3.7/site-packages/airflow/example_dags/example_branch_labels.py for tasks to queue
[2023-06-09T01:38:46.561+0000] {logging_mixin.py:149} INFO - [2023-06-09T01:38:46.561+0000] {dagbag.py:541} INFO - Filling up the DagBag from /home/airflow/.local/lib/python3.7/site-packages/airflow/example_dags/example_branch_labels.py
[2023-06-09T01:38:46.573+0000] {processor.py:836} INFO - DAG(s) dict_keys(['example_branch_labels']) retrieved from /home/airflow/.local/lib/python3.7/site-packages/airflow/example_dags/example_branch_labels.py
[2023-06-09T01:38:46.599+0000] {logging_mixin.py:149} INFO - [2023-06-09T01:38:46.599+0000] {dag.py:2726} INFO - Sync 1 DAGs
[2023-06-09T01:38:46.618+0000] {logging_mixin.py:149} INFO - [2023-06-09T01:38:46.618+0000] {dag.py:3490} INFO - Setting next_dagrun for example_branch_labels to 2023-06-08T00:00:00+00:00, run_after=2023-06-09T00:00:00+00:00
[2023-06-09T01:38:46.629+0000] {processor.py:179} INFO - Processing /home/airflow/.local/lib/python3.7/site-packages/airflow/example_dags/example_branch_labels.py took 0.077 seconds
[2023-06-09T01:39:16.725+0000] {processor.py:157} INFO - Started process (PID=1574) to work on /home/airflow/.local/lib/python3.7/site-packages/airflow/example_dags/example_branch_labels.py
[2023-06-09T01:39:16.728+0000] {processor.py:826} INFO - Processing file /home/airflow/.local/lib/python3.7/site-packages/airflow/example_dags/example_branch_labels.py for tasks to queue
[2023-06-09T01:39:16.729+0000] {logging_mixin.py:149} INFO - [2023-06-09T01:39:16.729+0000] {dagbag.py:541} INFO - Filling up the DagBag from /home/airflow/.local/lib/python3.7/site-packages/airflow/example_dags/example_branch_labels.py
[2023-06-09T01:39:16.740+0000] {processor.py:836} INFO - DAG(s) dict_keys(['example_branch_labels']) retrieved from /home/airflow/.local/lib/python3.7/site-packages/airflow/example_dags/example_branch_labels.py
[2023-06-09T01:39:16.768+0000] {logging_mixin.py:149} INFO - [2023-06-09T01:39:16.768+0000] {dag.py:2726} INFO - Sync 1 DAGs
[2023-06-09T01:39:16.786+0000] {logging_mixin.py:149} INFO - [2023-06-09T01:39:16.786+0000] {dag.py:3490} INFO - Setting next_dagrun for example_branch_labels to 2023-06-08T00:00:00+00:00, run_after=2023-06-09T00:00:00+00:00
[2023-06-09T01:39:16.798+0000] {processor.py:179} INFO - Processing /home/airflow/.local/lib/python3.7/site-packages/airflow/example_dags/example_branch_labels.py took 0.079 seconds
[2023-06-09T01:39:47.037+0000] {processor.py:157} INFO - Started process (PID=1630) to work on /home/airflow/.local/lib/python3.7/site-packages/airflow/example_dags/example_branch_labels.py
[2023-06-09T01:39:47.039+0000] {processor.py:826} INFO - Processing file /home/airflow/.local/lib/python3.7/site-packages/airflow/example_dags/example_branch_labels.py for tasks to queue
[2023-06-09T01:39:47.041+0000] {logging_mixin.py:149} INFO - [2023-06-09T01:39:47.040+0000] {dagbag.py:541} INFO - Filling up the DagBag from /home/airflow/.local/lib/python3.7/site-packages/airflow/example_dags/example_branch_labels.py
[2023-06-09T01:39:47.050+0000] {processor.py:836} INFO - DAG(s) dict_keys(['example_branch_labels']) retrieved from /home/airflow/.local/lib/python3.7/site-packages/airflow/example_dags/example_branch_labels.py
[2023-06-09T01:39:47.076+0000] {logging_mixin.py:149} INFO - [2023-06-09T01:39:47.076+0000] {dag.py:2726} INFO - Sync 1 DAGs
[2023-06-09T01:39:47.093+0000] {logging_mixin.py:149} INFO - [2023-06-09T01:39:47.093+0000] {dag.py:3490} INFO - Setting next_dagrun for example_branch_labels to 2023-06-08T00:00:00+00:00, run_after=2023-06-09T00:00:00+00:00
[2023-06-09T01:39:47.106+0000] {processor.py:179} INFO - Processing /home/airflow/.local/lib/python3.7/site-packages/airflow/example_dags/example_branch_labels.py took 0.074 seconds
[2023-06-09T01:40:17.369+0000] {processor.py:157} INFO - Started process (PID=1687) to work on /home/airflow/.local/lib/python3.7/site-packages/airflow/example_dags/example_branch_labels.py
[2023-06-09T01:40:17.374+0000] {processor.py:826} INFO - Processing file /home/airflow/.local/lib/python3.7/site-packages/airflow/example_dags/example_branch_labels.py for tasks to queue
[2023-06-09T01:40:17.376+0000] {logging_mixin.py:149} INFO - [2023-06-09T01:40:17.376+0000] {dagbag.py:541} INFO - Filling up the DagBag from /home/airflow/.local/lib/python3.7/site-packages/airflow/example_dags/example_branch_labels.py
[2023-06-09T01:40:17.394+0000] {processor.py:836} INFO - DAG(s) dict_keys(['example_branch_labels']) retrieved from /home/airflow/.local/lib/python3.7/site-packages/airflow/example_dags/example_branch_labels.py
[2023-06-09T01:40:17.452+0000] {logging_mixin.py:149} INFO - [2023-06-09T01:40:17.451+0000] {dag.py:2726} INFO - Sync 1 DAGs
[2023-06-09T01:40:17.480+0000] {logging_mixin.py:149} INFO - [2023-06-09T01:40:17.480+0000] {dag.py:3490} INFO - Setting next_dagrun for example_branch_labels to 2023-06-08T00:00:00+00:00, run_after=2023-06-09T00:00:00+00:00
[2023-06-09T01:40:17.495+0000] {processor.py:179} INFO - Processing /home/airflow/.local/lib/python3.7/site-packages/airflow/example_dags/example_branch_labels.py took 0.153 seconds
[2023-06-09T01:40:48.002+0000] {processor.py:157} INFO - Started process (PID=1743) to work on /home/airflow/.local/lib/python3.7/site-packages/airflow/example_dags/example_branch_labels.py
[2023-06-09T01:40:48.005+0000] {processor.py:826} INFO - Processing file /home/airflow/.local/lib/python3.7/site-packages/airflow/example_dags/example_branch_labels.py for tasks to queue
[2023-06-09T01:40:48.006+0000] {logging_mixin.py:149} INFO - [2023-06-09T01:40:48.006+0000] {dagbag.py:541} INFO - Filling up the DagBag from /home/airflow/.local/lib/python3.7/site-packages/airflow/example_dags/example_branch_labels.py
[2023-06-09T01:40:48.023+0000] {processor.py:836} INFO - DAG(s) dict_keys(['example_branch_labels']) retrieved from /home/airflow/.local/lib/python3.7/site-packages/airflow/example_dags/example_branch_labels.py
[2023-06-09T01:40:48.083+0000] {logging_mixin.py:149} INFO - [2023-06-09T01:40:48.083+0000] {dag.py:2726} INFO - Sync 1 DAGs
[2023-06-09T01:40:48.114+0000] {logging_mixin.py:149} INFO - [2023-06-09T01:40:48.114+0000] {dag.py:3490} INFO - Setting next_dagrun for example_branch_labels to 2023-06-08T00:00:00+00:00, run_after=2023-06-09T00:00:00+00:00
[2023-06-09T01:40:48.134+0000] {processor.py:179} INFO - Processing /home/airflow/.local/lib/python3.7/site-packages/airflow/example_dags/example_branch_labels.py took 0.145 seconds
[2023-06-09T01:41:19.166+0000] {processor.py:157} INFO - Started process (PID=1799) to work on /home/airflow/.local/lib/python3.7/site-packages/airflow/example_dags/example_branch_labels.py
[2023-06-09T01:41:19.169+0000] {processor.py:826} INFO - Processing file /home/airflow/.local/lib/python3.7/site-packages/airflow/example_dags/example_branch_labels.py for tasks to queue
[2023-06-09T01:41:19.171+0000] {logging_mixin.py:149} INFO - [2023-06-09T01:41:19.170+0000] {dagbag.py:541} INFO - Filling up the DagBag from /home/airflow/.local/lib/python3.7/site-packages/airflow/example_dags/example_branch_labels.py
[2023-06-09T01:41:19.183+0000] {processor.py:836} INFO - DAG(s) dict_keys(['example_branch_labels']) retrieved from /home/airflow/.local/lib/python3.7/site-packages/airflow/example_dags/example_branch_labels.py
[2023-06-09T01:41:19.214+0000] {logging_mixin.py:149} INFO - [2023-06-09T01:41:19.214+0000] {dag.py:2726} INFO - Sync 1 DAGs
[2023-06-09T01:41:19.232+0000] {logging_mixin.py:149} INFO - [2023-06-09T01:41:19.232+0000] {dag.py:3490} INFO - Setting next_dagrun for example_branch_labels to 2023-06-08T00:00:00+00:00, run_after=2023-06-09T00:00:00+00:00
[2023-06-09T01:41:19.253+0000] {processor.py:179} INFO - Processing /home/airflow/.local/lib/python3.7/site-packages/airflow/example_dags/example_branch_labels.py took 0.094 seconds
[2023-06-09T01:41:49.895+0000] {processor.py:157} INFO - Started process (PID=1856) to work on /home/airflow/.local/lib/python3.7/site-packages/airflow/example_dags/example_branch_labels.py
[2023-06-09T01:41:49.898+0000] {processor.py:826} INFO - Processing file /home/airflow/.local/lib/python3.7/site-packages/airflow/example_dags/example_branch_labels.py for tasks to queue
[2023-06-09T01:41:49.900+0000] {logging_mixin.py:149} INFO - [2023-06-09T01:41:49.900+0000] {dagbag.py:541} INFO - Filling up the DagBag from /home/airflow/.local/lib/python3.7/site-packages/airflow/example_dags/example_branch_labels.py
[2023-06-09T01:41:49.911+0000] {processor.py:836} INFO - DAG(s) dict_keys(['example_branch_labels']) retrieved from /home/airflow/.local/lib/python3.7/site-packages/airflow/example_dags/example_branch_labels.py
[2023-06-09T01:41:49.940+0000] {logging_mixin.py:149} INFO - [2023-06-09T01:41:49.940+0000] {dag.py:2726} INFO - Sync 1 DAGs
[2023-06-09T01:41:49.959+0000] {logging_mixin.py:149} INFO - [2023-06-09T01:41:49.959+0000] {dag.py:3490} INFO - Setting next_dagrun for example_branch_labels to 2023-06-08T00:00:00+00:00, run_after=2023-06-09T00:00:00+00:00
[2023-06-09T01:41:49.972+0000] {processor.py:179} INFO - Processing /home/airflow/.local/lib/python3.7/site-packages/airflow/example_dags/example_branch_labels.py took 0.083 seconds
[2023-06-09T01:42:20.421+0000] {processor.py:157} INFO - Started process (PID=1912) to work on /home/airflow/.local/lib/python3.7/site-packages/airflow/example_dags/example_branch_labels.py
[2023-06-09T01:42:20.424+0000] {processor.py:826} INFO - Processing file /home/airflow/.local/lib/python3.7/site-packages/airflow/example_dags/example_branch_labels.py for tasks to queue
[2023-06-09T01:42:20.426+0000] {logging_mixin.py:149} INFO - [2023-06-09T01:42:20.426+0000] {dagbag.py:541} INFO - Filling up the DagBag from /home/airflow/.local/lib/python3.7/site-packages/airflow/example_dags/example_branch_labels.py
[2023-06-09T01:42:20.437+0000] {processor.py:836} INFO - DAG(s) dict_keys(['example_branch_labels']) retrieved from /home/airflow/.local/lib/python3.7/site-packages/airflow/example_dags/example_branch_labels.py
[2023-06-09T01:42:20.468+0000] {logging_mixin.py:149} INFO - [2023-06-09T01:42:20.468+0000] {dag.py:2726} INFO - Sync 1 DAGs
[2023-06-09T01:42:20.485+0000] {logging_mixin.py:149} INFO - [2023-06-09T01:42:20.485+0000] {dag.py:3490} INFO - Setting next_dagrun for example_branch_labels to 2023-06-08T00:00:00+00:00, run_after=2023-06-09T00:00:00+00:00
[2023-06-09T01:42:20.500+0000] {processor.py:179} INFO - Processing /home/airflow/.local/lib/python3.7/site-packages/airflow/example_dags/example_branch_labels.py took 0.087 seconds
[2023-06-09T01:42:51.095+0000] {processor.py:157} INFO - Started process (PID=1974) to work on /home/airflow/.local/lib/python3.7/site-packages/airflow/example_dags/example_branch_labels.py
[2023-06-09T01:42:51.097+0000] {processor.py:826} INFO - Processing file /home/airflow/.local/lib/python3.7/site-packages/airflow/example_dags/example_branch_labels.py for tasks to queue
[2023-06-09T01:42:51.098+0000] {logging_mixin.py:149} INFO - [2023-06-09T01:42:51.098+0000] {dagbag.py:541} INFO - Filling up the DagBag from /home/airflow/.local/lib/python3.7/site-packages/airflow/example_dags/example_branch_labels.py
[2023-06-09T01:42:51.110+0000] {processor.py:836} INFO - DAG(s) dict_keys(['example_branch_labels']) retrieved from /home/airflow/.local/lib/python3.7/site-packages/airflow/example_dags/example_branch_labels.py
[2023-06-09T01:42:51.144+0000] {logging_mixin.py:149} INFO - [2023-06-09T01:42:51.144+0000] {dag.py:2726} INFO - Sync 1 DAGs
[2023-06-09T01:42:51.168+0000] {logging_mixin.py:149} INFO - [2023-06-09T01:42:51.167+0000] {dag.py:3490} INFO - Setting next_dagrun for example_branch_labels to 2023-06-08T00:00:00+00:00, run_after=2023-06-09T00:00:00+00:00
[2023-06-09T01:42:51.182+0000] {processor.py:179} INFO - Processing /home/airflow/.local/lib/python3.7/site-packages/airflow/example_dags/example_branch_labels.py took 0.093 seconds
[2023-06-09T01:43:21.461+0000] {processor.py:157} INFO - Started process (PID=2030) to work on /home/airflow/.local/lib/python3.7/site-packages/airflow/example_dags/example_branch_labels.py
[2023-06-09T01:43:21.464+0000] {processor.py:826} INFO - Processing file /home/airflow/.local/lib/python3.7/site-packages/airflow/example_dags/example_branch_labels.py for tasks to queue
[2023-06-09T01:43:21.465+0000] {logging_mixin.py:149} INFO - [2023-06-09T01:43:21.465+0000] {dagbag.py:541} INFO - Filling up the DagBag from /home/airflow/.local/lib/python3.7/site-packages/airflow/example_dags/example_branch_labels.py
[2023-06-09T01:43:21.479+0000] {processor.py:836} INFO - DAG(s) dict_keys(['example_branch_labels']) retrieved from /home/airflow/.local/lib/python3.7/site-packages/airflow/example_dags/example_branch_labels.py
[2023-06-09T01:43:21.530+0000] {logging_mixin.py:149} INFO - [2023-06-09T01:43:21.529+0000] {dag.py:2726} INFO - Sync 1 DAGs
[2023-06-09T01:43:21.552+0000] {logging_mixin.py:149} INFO - [2023-06-09T01:43:21.552+0000] {dag.py:3490} INFO - Setting next_dagrun for example_branch_labels to 2023-06-08T00:00:00+00:00, run_after=2023-06-09T00:00:00+00:00
[2023-06-09T01:43:21.565+0000] {processor.py:179} INFO - Processing /home/airflow/.local/lib/python3.7/site-packages/airflow/example_dags/example_branch_labels.py took 0.113 seconds
[2023-06-09T01:43:51.667+0000] {processor.py:157} INFO - Started process (PID=2086) to work on /home/airflow/.local/lib/python3.7/site-packages/airflow/example_dags/example_branch_labels.py
[2023-06-09T01:43:51.670+0000] {processor.py:826} INFO - Processing file /home/airflow/.local/lib/python3.7/site-packages/airflow/example_dags/example_branch_labels.py for tasks to queue
[2023-06-09T01:43:51.671+0000] {logging_mixin.py:149} INFO - [2023-06-09T01:43:51.671+0000] {dagbag.py:541} INFO - Filling up the DagBag from /home/airflow/.local/lib/python3.7/site-packages/airflow/example_dags/example_branch_labels.py
[2023-06-09T01:43:51.683+0000] {processor.py:836} INFO - DAG(s) dict_keys(['example_branch_labels']) retrieved from /home/airflow/.local/lib/python3.7/site-packages/airflow/example_dags/example_branch_labels.py
[2023-06-09T01:43:51.709+0000] {logging_mixin.py:149} INFO - [2023-06-09T01:43:51.709+0000] {dag.py:2726} INFO - Sync 1 DAGs
[2023-06-09T01:43:51.728+0000] {logging_mixin.py:149} INFO - [2023-06-09T01:43:51.728+0000] {dag.py:3490} INFO - Setting next_dagrun for example_branch_labels to 2023-06-08T00:00:00+00:00, run_after=2023-06-09T00:00:00+00:00
[2023-06-09T01:43:51.741+0000] {processor.py:179} INFO - Processing /home/airflow/.local/lib/python3.7/site-packages/airflow/example_dags/example_branch_labels.py took 0.083 seconds
[2023-06-09T01:44:21.922+0000] {processor.py:157} INFO - Started process (PID=2143) to work on /home/airflow/.local/lib/python3.7/site-packages/airflow/example_dags/example_branch_labels.py
[2023-06-09T01:44:21.925+0000] {processor.py:826} INFO - Processing file /home/airflow/.local/lib/python3.7/site-packages/airflow/example_dags/example_branch_labels.py for tasks to queue
[2023-06-09T01:44:21.927+0000] {logging_mixin.py:149} INFO - [2023-06-09T01:44:21.927+0000] {dagbag.py:541} INFO - Filling up the DagBag from /home/airflow/.local/lib/python3.7/site-packages/airflow/example_dags/example_branch_labels.py
[2023-06-09T01:44:21.950+0000] {processor.py:836} INFO - DAG(s) dict_keys(['example_branch_labels']) retrieved from /home/airflow/.local/lib/python3.7/site-packages/airflow/example_dags/example_branch_labels.py
[2023-06-09T01:44:21.998+0000] {logging_mixin.py:149} INFO - [2023-06-09T01:44:21.998+0000] {dag.py:2726} INFO - Sync 1 DAGs
[2023-06-09T01:44:22.022+0000] {logging_mixin.py:149} INFO - [2023-06-09T01:44:22.022+0000] {dag.py:3490} INFO - Setting next_dagrun for example_branch_labels to 2023-06-08T00:00:00+00:00, run_after=2023-06-09T00:00:00+00:00
[2023-06-09T01:44:22.047+0000] {processor.py:179} INFO - Processing /home/airflow/.local/lib/python3.7/site-packages/airflow/example_dags/example_branch_labels.py took 0.132 seconds
[2023-06-09T01:44:52.129+0000] {processor.py:157} INFO - Started process (PID=2199) to work on /home/airflow/.local/lib/python3.7/site-packages/airflow/example_dags/example_branch_labels.py
[2023-06-09T01:44:52.133+0000] {processor.py:826} INFO - Processing file /home/airflow/.local/lib/python3.7/site-packages/airflow/example_dags/example_branch_labels.py for tasks to queue
[2023-06-09T01:44:52.134+0000] {logging_mixin.py:149} INFO - [2023-06-09T01:44:52.134+0000] {dagbag.py:541} INFO - Filling up the DagBag from /home/airflow/.local/lib/python3.7/site-packages/airflow/example_dags/example_branch_labels.py
[2023-06-09T01:44:52.148+0000] {processor.py:836} INFO - DAG(s) dict_keys(['example_branch_labels']) retrieved from /home/airflow/.local/lib/python3.7/site-packages/airflow/example_dags/example_branch_labels.py
[2023-06-09T01:44:52.197+0000] {logging_mixin.py:149} INFO - [2023-06-09T01:44:52.197+0000] {dag.py:2726} INFO - Sync 1 DAGs
[2023-06-09T01:44:52.226+0000] {logging_mixin.py:149} INFO - [2023-06-09T01:44:52.226+0000] {dag.py:3490} INFO - Setting next_dagrun for example_branch_labels to 2023-06-08T00:00:00+00:00, run_after=2023-06-09T00:00:00+00:00
[2023-06-09T01:44:52.240+0000] {processor.py:179} INFO - Processing /home/airflow/.local/lib/python3.7/site-packages/airflow/example_dags/example_branch_labels.py took 0.125 seconds
[2023-06-09T01:45:22.611+0000] {processor.py:157} INFO - Started process (PID=2256) to work on /home/airflow/.local/lib/python3.7/site-packages/airflow/example_dags/example_branch_labels.py
[2023-06-09T01:45:22.614+0000] {processor.py:826} INFO - Processing file /home/airflow/.local/lib/python3.7/site-packages/airflow/example_dags/example_branch_labels.py for tasks to queue
[2023-06-09T01:45:22.615+0000] {logging_mixin.py:149} INFO - [2023-06-09T01:45:22.615+0000] {dagbag.py:541} INFO - Filling up the DagBag from /home/airflow/.local/lib/python3.7/site-packages/airflow/example_dags/example_branch_labels.py
[2023-06-09T01:45:22.625+0000] {processor.py:836} INFO - DAG(s) dict_keys(['example_branch_labels']) retrieved from /home/airflow/.local/lib/python3.7/site-packages/airflow/example_dags/example_branch_labels.py
[2023-06-09T01:45:22.652+0000] {logging_mixin.py:149} INFO - [2023-06-09T01:45:22.652+0000] {dag.py:2726} INFO - Sync 1 DAGs
[2023-06-09T01:45:22.671+0000] {logging_mixin.py:149} INFO - [2023-06-09T01:45:22.671+0000] {dag.py:3490} INFO - Setting next_dagrun for example_branch_labels to 2023-06-08T00:00:00+00:00, run_after=2023-06-09T00:00:00+00:00
[2023-06-09T01:45:22.685+0000] {processor.py:179} INFO - Processing /home/airflow/.local/lib/python3.7/site-packages/airflow/example_dags/example_branch_labels.py took 0.080 seconds
[2023-06-09T01:45:53.321+0000] {processor.py:157} INFO - Started process (PID=2312) to work on /home/airflow/.local/lib/python3.7/site-packages/airflow/example_dags/example_branch_labels.py
[2023-06-09T01:45:53.328+0000] {processor.py:826} INFO - Processing file /home/airflow/.local/lib/python3.7/site-packages/airflow/example_dags/example_branch_labels.py for tasks to queue
[2023-06-09T01:45:53.332+0000] {logging_mixin.py:149} INFO - [2023-06-09T01:45:53.332+0000] {dagbag.py:541} INFO - Filling up the DagBag from /home/airflow/.local/lib/python3.7/site-packages/airflow/example_dags/example_branch_labels.py
[2023-06-09T01:45:53.360+0000] {processor.py:836} INFO - DAG(s) dict_keys(['example_branch_labels']) retrieved from /home/airflow/.local/lib/python3.7/site-packages/airflow/example_dags/example_branch_labels.py
[2023-06-09T01:45:53.402+0000] {logging_mixin.py:149} INFO - [2023-06-09T01:45:53.401+0000] {dag.py:2726} INFO - Sync 1 DAGs
[2023-06-09T01:45:53.432+0000] {logging_mixin.py:149} INFO - [2023-06-09T01:45:53.430+0000] {dag.py:3490} INFO - Setting next_dagrun for example_branch_labels to 2023-06-08T00:00:00+00:00, run_after=2023-06-09T00:00:00+00:00
[2023-06-09T01:45:53.458+0000] {processor.py:179} INFO - Processing /home/airflow/.local/lib/python3.7/site-packages/airflow/example_dags/example_branch_labels.py took 0.148 seconds
[2023-06-09T01:46:23.619+0000] {processor.py:157} INFO - Started process (PID=2369) to work on /home/airflow/.local/lib/python3.7/site-packages/airflow/example_dags/example_branch_labels.py
[2023-06-09T01:46:23.622+0000] {processor.py:826} INFO - Processing file /home/airflow/.local/lib/python3.7/site-packages/airflow/example_dags/example_branch_labels.py for tasks to queue
[2023-06-09T01:46:23.624+0000] {logging_mixin.py:149} INFO - [2023-06-09T01:46:23.624+0000] {dagbag.py:541} INFO - Filling up the DagBag from /home/airflow/.local/lib/python3.7/site-packages/airflow/example_dags/example_branch_labels.py
[2023-06-09T01:46:23.638+0000] {processor.py:836} INFO - DAG(s) dict_keys(['example_branch_labels']) retrieved from /home/airflow/.local/lib/python3.7/site-packages/airflow/example_dags/example_branch_labels.py
[2023-06-09T01:46:23.670+0000] {logging_mixin.py:149} INFO - [2023-06-09T01:46:23.670+0000] {dag.py:2726} INFO - Sync 1 DAGs
[2023-06-09T01:46:23.692+0000] {logging_mixin.py:149} INFO - [2023-06-09T01:46:23.692+0000] {dag.py:3490} INFO - Setting next_dagrun for example_branch_labels to 2023-06-08T00:00:00+00:00, run_after=2023-06-09T00:00:00+00:00
[2023-06-09T01:46:23.705+0000] {processor.py:179} INFO - Processing /home/airflow/.local/lib/python3.7/site-packages/airflow/example_dags/example_branch_labels.py took 0.093 seconds
[2023-06-09T01:46:54.258+0000] {processor.py:157} INFO - Started process (PID=2424) to work on /home/airflow/.local/lib/python3.7/site-packages/airflow/example_dags/example_branch_labels.py
[2023-06-09T01:46:54.261+0000] {processor.py:826} INFO - Processing file /home/airflow/.local/lib/python3.7/site-packages/airflow/example_dags/example_branch_labels.py for tasks to queue
[2023-06-09T01:46:54.262+0000] {logging_mixin.py:149} INFO - [2023-06-09T01:46:54.262+0000] {dagbag.py:541} INFO - Filling up the DagBag from /home/airflow/.local/lib/python3.7/site-packages/airflow/example_dags/example_branch_labels.py
[2023-06-09T01:46:54.275+0000] {processor.py:836} INFO - DAG(s) dict_keys(['example_branch_labels']) retrieved from /home/airflow/.local/lib/python3.7/site-packages/airflow/example_dags/example_branch_labels.py
[2023-06-09T01:46:54.321+0000] {logging_mixin.py:149} INFO - [2023-06-09T01:46:54.320+0000] {dag.py:2726} INFO - Sync 1 DAGs
[2023-06-09T01:46:54.361+0000] {logging_mixin.py:149} INFO - [2023-06-09T01:46:54.361+0000] {dag.py:3490} INFO - Setting next_dagrun for example_branch_labels to 2023-06-08T00:00:00+00:00, run_after=2023-06-09T00:00:00+00:00
[2023-06-09T01:46:54.385+0000] {processor.py:179} INFO - Processing /home/airflow/.local/lib/python3.7/site-packages/airflow/example_dags/example_branch_labels.py took 0.143 seconds
[2023-06-09T01:47:24.984+0000] {processor.py:157} INFO - Started process (PID=2480) to work on /home/airflow/.local/lib/python3.7/site-packages/airflow/example_dags/example_branch_labels.py
[2023-06-09T01:47:24.986+0000] {processor.py:826} INFO - Processing file /home/airflow/.local/lib/python3.7/site-packages/airflow/example_dags/example_branch_labels.py for tasks to queue
[2023-06-09T01:47:24.988+0000] {logging_mixin.py:149} INFO - [2023-06-09T01:47:24.987+0000] {dagbag.py:541} INFO - Filling up the DagBag from /home/airflow/.local/lib/python3.7/site-packages/airflow/example_dags/example_branch_labels.py
[2023-06-09T01:47:24.996+0000] {processor.py:836} INFO - DAG(s) dict_keys(['example_branch_labels']) retrieved from /home/airflow/.local/lib/python3.7/site-packages/airflow/example_dags/example_branch_labels.py
[2023-06-09T01:47:25.022+0000] {logging_mixin.py:149} INFO - [2023-06-09T01:47:25.022+0000] {dag.py:2726} INFO - Sync 1 DAGs
[2023-06-09T01:47:25.042+0000] {logging_mixin.py:149} INFO - [2023-06-09T01:47:25.042+0000] {dag.py:3490} INFO - Setting next_dagrun for example_branch_labels to 2023-06-08T00:00:00+00:00, run_after=2023-06-09T00:00:00+00:00
[2023-06-09T01:47:25.063+0000] {processor.py:179} INFO - Processing /home/airflow/.local/lib/python3.7/site-packages/airflow/example_dags/example_branch_labels.py took 0.084 seconds
[2023-06-09T01:47:55.593+0000] {processor.py:157} INFO - Started process (PID=2537) to work on /home/airflow/.local/lib/python3.7/site-packages/airflow/example_dags/example_branch_labels.py
[2023-06-09T01:47:55.597+0000] {processor.py:826} INFO - Processing file /home/airflow/.local/lib/python3.7/site-packages/airflow/example_dags/example_branch_labels.py for tasks to queue
[2023-06-09T01:47:55.598+0000] {logging_mixin.py:149} INFO - [2023-06-09T01:47:55.598+0000] {dagbag.py:541} INFO - Filling up the DagBag from /home/airflow/.local/lib/python3.7/site-packages/airflow/example_dags/example_branch_labels.py
[2023-06-09T01:47:55.609+0000] {processor.py:836} INFO - DAG(s) dict_keys(['example_branch_labels']) retrieved from /home/airflow/.local/lib/python3.7/site-packages/airflow/example_dags/example_branch_labels.py
[2023-06-09T01:47:55.635+0000] {logging_mixin.py:149} INFO - [2023-06-09T01:47:55.635+0000] {dag.py:2726} INFO - Sync 1 DAGs
[2023-06-09T01:47:55.654+0000] {logging_mixin.py:149} INFO - [2023-06-09T01:47:55.654+0000] {dag.py:3490} INFO - Setting next_dagrun for example_branch_labels to 2023-06-08T00:00:00+00:00, run_after=2023-06-09T00:00:00+00:00
[2023-06-09T01:47:55.666+0000] {processor.py:179} INFO - Processing /home/airflow/.local/lib/python3.7/site-packages/airflow/example_dags/example_branch_labels.py took 0.083 seconds
[2023-06-09T01:48:26.158+0000] {processor.py:157} INFO - Started process (PID=2593) to work on /home/airflow/.local/lib/python3.7/site-packages/airflow/example_dags/example_branch_labels.py
[2023-06-09T01:48:26.160+0000] {processor.py:826} INFO - Processing file /home/airflow/.local/lib/python3.7/site-packages/airflow/example_dags/example_branch_labels.py for tasks to queue
[2023-06-09T01:48:26.162+0000] {logging_mixin.py:149} INFO - [2023-06-09T01:48:26.162+0000] {dagbag.py:541} INFO - Filling up the DagBag from /home/airflow/.local/lib/python3.7/site-packages/airflow/example_dags/example_branch_labels.py
[2023-06-09T01:48:26.173+0000] {processor.py:836} INFO - DAG(s) dict_keys(['example_branch_labels']) retrieved from /home/airflow/.local/lib/python3.7/site-packages/airflow/example_dags/example_branch_labels.py
[2023-06-09T01:48:26.214+0000] {logging_mixin.py:149} INFO - [2023-06-09T01:48:26.214+0000] {dag.py:2726} INFO - Sync 1 DAGs
[2023-06-09T01:48:26.248+0000] {logging_mixin.py:149} INFO - [2023-06-09T01:48:26.248+0000] {dag.py:3490} INFO - Setting next_dagrun for example_branch_labels to 2023-06-08T00:00:00+00:00, run_after=2023-06-09T00:00:00+00:00
[2023-06-09T01:48:26.261+0000] {processor.py:179} INFO - Processing /home/airflow/.local/lib/python3.7/site-packages/airflow/example_dags/example_branch_labels.py took 0.110 seconds
[2023-06-09T01:48:56.328+0000] {processor.py:157} INFO - Started process (PID=2649) to work on /home/airflow/.local/lib/python3.7/site-packages/airflow/example_dags/example_branch_labels.py
[2023-06-09T01:48:56.329+0000] {processor.py:826} INFO - Processing file /home/airflow/.local/lib/python3.7/site-packages/airflow/example_dags/example_branch_labels.py for tasks to queue
[2023-06-09T01:48:56.331+0000] {logging_mixin.py:149} INFO - [2023-06-09T01:48:56.331+0000] {dagbag.py:541} INFO - Filling up the DagBag from /home/airflow/.local/lib/python3.7/site-packages/airflow/example_dags/example_branch_labels.py
[2023-06-09T01:48:56.338+0000] {processor.py:836} INFO - DAG(s) dict_keys(['example_branch_labels']) retrieved from /home/airflow/.local/lib/python3.7/site-packages/airflow/example_dags/example_branch_labels.py
[2023-06-09T01:48:56.374+0000] {logging_mixin.py:149} INFO - [2023-06-09T01:48:56.374+0000] {dag.py:2726} INFO - Sync 1 DAGs
[2023-06-09T01:48:56.395+0000] {logging_mixin.py:149} INFO - [2023-06-09T01:48:56.395+0000] {dag.py:3490} INFO - Setting next_dagrun for example_branch_labels to 2023-06-08T00:00:00+00:00, run_after=2023-06-09T00:00:00+00:00
[2023-06-09T01:48:56.408+0000] {processor.py:179} INFO - Processing /home/airflow/.local/lib/python3.7/site-packages/airflow/example_dags/example_branch_labels.py took 0.083 seconds
[2023-06-09T01:49:26.884+0000] {processor.py:157} INFO - Started process (PID=2699) to work on /home/airflow/.local/lib/python3.7/site-packages/airflow/example_dags/example_branch_labels.py
[2023-06-09T01:49:26.887+0000] {processor.py:826} INFO - Processing file /home/airflow/.local/lib/python3.7/site-packages/airflow/example_dags/example_branch_labels.py for tasks to queue
[2023-06-09T01:49:26.889+0000] {logging_mixin.py:149} INFO - [2023-06-09T01:49:26.889+0000] {dagbag.py:541} INFO - Filling up the DagBag from /home/airflow/.local/lib/python3.7/site-packages/airflow/example_dags/example_branch_labels.py
[2023-06-09T01:49:26.903+0000] {processor.py:836} INFO - DAG(s) dict_keys(['example_branch_labels']) retrieved from /home/airflow/.local/lib/python3.7/site-packages/airflow/example_dags/example_branch_labels.py
[2023-06-09T01:49:26.936+0000] {logging_mixin.py:149} INFO - [2023-06-09T01:49:26.935+0000] {dag.py:2726} INFO - Sync 1 DAGs
[2023-06-09T01:49:26.964+0000] {logging_mixin.py:149} INFO - [2023-06-09T01:49:26.962+0000] {dag.py:3490} INFO - Setting next_dagrun for example_branch_labels to 2023-06-08T00:00:00+00:00, run_after=2023-06-09T00:00:00+00:00
[2023-06-09T01:49:26.983+0000] {processor.py:179} INFO - Processing /home/airflow/.local/lib/python3.7/site-packages/airflow/example_dags/example_branch_labels.py took 0.109 seconds
[2023-06-09T01:49:57.196+0000] {processor.py:157} INFO - Started process (PID=2755) to work on /home/airflow/.local/lib/python3.7/site-packages/airflow/example_dags/example_branch_labels.py
[2023-06-09T01:49:57.198+0000] {processor.py:826} INFO - Processing file /home/airflow/.local/lib/python3.7/site-packages/airflow/example_dags/example_branch_labels.py for tasks to queue
[2023-06-09T01:49:57.200+0000] {logging_mixin.py:149} INFO - [2023-06-09T01:49:57.200+0000] {dagbag.py:541} INFO - Filling up the DagBag from /home/airflow/.local/lib/python3.7/site-packages/airflow/example_dags/example_branch_labels.py
[2023-06-09T01:49:57.212+0000] {processor.py:836} INFO - DAG(s) dict_keys(['example_branch_labels']) retrieved from /home/airflow/.local/lib/python3.7/site-packages/airflow/example_dags/example_branch_labels.py
[2023-06-09T01:49:57.256+0000] {logging_mixin.py:149} INFO - [2023-06-09T01:49:57.256+0000] {dag.py:2726} INFO - Sync 1 DAGs
[2023-06-09T01:49:57.282+0000] {logging_mixin.py:149} INFO - [2023-06-09T01:49:57.281+0000] {dag.py:3490} INFO - Setting next_dagrun for example_branch_labels to 2023-06-08T00:00:00+00:00, run_after=2023-06-09T00:00:00+00:00
[2023-06-09T01:49:57.305+0000] {processor.py:179} INFO - Processing /home/airflow/.local/lib/python3.7/site-packages/airflow/example_dags/example_branch_labels.py took 0.121 seconds
[2023-06-09T01:50:28.028+0000] {processor.py:157} INFO - Started process (PID=2811) to work on /home/airflow/.local/lib/python3.7/site-packages/airflow/example_dags/example_branch_labels.py
[2023-06-09T01:50:28.031+0000] {processor.py:826} INFO - Processing file /home/airflow/.local/lib/python3.7/site-packages/airflow/example_dags/example_branch_labels.py for tasks to queue
[2023-06-09T01:50:28.032+0000] {logging_mixin.py:149} INFO - [2023-06-09T01:50:28.032+0000] {dagbag.py:541} INFO - Filling up the DagBag from /home/airflow/.local/lib/python3.7/site-packages/airflow/example_dags/example_branch_labels.py
[2023-06-09T01:50:28.044+0000] {processor.py:836} INFO - DAG(s) dict_keys(['example_branch_labels']) retrieved from /home/airflow/.local/lib/python3.7/site-packages/airflow/example_dags/example_branch_labels.py
[2023-06-09T01:50:28.072+0000] {logging_mixin.py:149} INFO - [2023-06-09T01:50:28.072+0000] {dag.py:2726} INFO - Sync 1 DAGs
[2023-06-09T01:50:28.095+0000] {logging_mixin.py:149} INFO - [2023-06-09T01:50:28.095+0000] {dag.py:3490} INFO - Setting next_dagrun for example_branch_labels to 2023-06-08T00:00:00+00:00, run_after=2023-06-09T00:00:00+00:00
[2023-06-09T01:50:28.108+0000] {processor.py:179} INFO - Processing /home/airflow/.local/lib/python3.7/site-packages/airflow/example_dags/example_branch_labels.py took 0.088 seconds
[2023-06-09T01:50:58.489+0000] {processor.py:157} INFO - Started process (PID=2867) to work on /home/airflow/.local/lib/python3.7/site-packages/airflow/example_dags/example_branch_labels.py
[2023-06-09T01:50:58.492+0000] {processor.py:826} INFO - Processing file /home/airflow/.local/lib/python3.7/site-packages/airflow/example_dags/example_branch_labels.py for tasks to queue
[2023-06-09T01:50:58.494+0000] {logging_mixin.py:149} INFO - [2023-06-09T01:50:58.494+0000] {dagbag.py:541} INFO - Filling up the DagBag from /home/airflow/.local/lib/python3.7/site-packages/airflow/example_dags/example_branch_labels.py
[2023-06-09T01:50:58.508+0000] {processor.py:836} INFO - DAG(s) dict_keys(['example_branch_labels']) retrieved from /home/airflow/.local/lib/python3.7/site-packages/airflow/example_dags/example_branch_labels.py
[2023-06-09T01:50:58.537+0000] {logging_mixin.py:149} INFO - [2023-06-09T01:50:58.537+0000] {dag.py:2726} INFO - Sync 1 DAGs
[2023-06-09T01:50:58.557+0000] {logging_mixin.py:149} INFO - [2023-06-09T01:50:58.557+0000] {dag.py:3490} INFO - Setting next_dagrun for example_branch_labels to 2023-06-08T00:00:00+00:00, run_after=2023-06-09T00:00:00+00:00
[2023-06-09T01:50:58.575+0000] {processor.py:179} INFO - Processing /home/airflow/.local/lib/python3.7/site-packages/airflow/example_dags/example_branch_labels.py took 0.095 seconds
[2023-06-09T01:51:29.628+0000] {processor.py:157} INFO - Started process (PID=2923) to work on /home/airflow/.local/lib/python3.7/site-packages/airflow/example_dags/example_branch_labels.py
[2023-06-09T01:51:29.631+0000] {processor.py:826} INFO - Processing file /home/airflow/.local/lib/python3.7/site-packages/airflow/example_dags/example_branch_labels.py for tasks to queue
[2023-06-09T01:51:29.633+0000] {logging_mixin.py:149} INFO - [2023-06-09T01:51:29.633+0000] {dagbag.py:541} INFO - Filling up the DagBag from /home/airflow/.local/lib/python3.7/site-packages/airflow/example_dags/example_branch_labels.py
[2023-06-09T01:51:29.646+0000] {processor.py:836} INFO - DAG(s) dict_keys(['example_branch_labels']) retrieved from /home/airflow/.local/lib/python3.7/site-packages/airflow/example_dags/example_branch_labels.py
[2023-06-09T01:51:29.677+0000] {logging_mixin.py:149} INFO - [2023-06-09T01:51:29.677+0000] {dag.py:2726} INFO - Sync 1 DAGs
[2023-06-09T01:51:29.709+0000] {logging_mixin.py:149} INFO - [2023-06-09T01:51:29.709+0000] {dag.py:3490} INFO - Setting next_dagrun for example_branch_labels to 2023-06-08T00:00:00+00:00, run_after=2023-06-09T00:00:00+00:00
[2023-06-09T01:51:29.723+0000] {processor.py:179} INFO - Processing /home/airflow/.local/lib/python3.7/site-packages/airflow/example_dags/example_branch_labels.py took 0.105 seconds
[2023-06-09T01:52:00.055+0000] {processor.py:157} INFO - Started process (PID=2979) to work on /home/airflow/.local/lib/python3.7/site-packages/airflow/example_dags/example_branch_labels.py
[2023-06-09T01:52:00.058+0000] {processor.py:826} INFO - Processing file /home/airflow/.local/lib/python3.7/site-packages/airflow/example_dags/example_branch_labels.py for tasks to queue
[2023-06-09T01:52:00.059+0000] {logging_mixin.py:149} INFO - [2023-06-09T01:52:00.059+0000] {dagbag.py:541} INFO - Filling up the DagBag from /home/airflow/.local/lib/python3.7/site-packages/airflow/example_dags/example_branch_labels.py
[2023-06-09T01:52:00.069+0000] {processor.py:836} INFO - DAG(s) dict_keys(['example_branch_labels']) retrieved from /home/airflow/.local/lib/python3.7/site-packages/airflow/example_dags/example_branch_labels.py
[2023-06-09T01:52:00.116+0000] {logging_mixin.py:149} INFO - [2023-06-09T01:52:00.116+0000] {dag.py:2726} INFO - Sync 1 DAGs
[2023-06-09T01:52:00.138+0000] {logging_mixin.py:149} INFO - [2023-06-09T01:52:00.138+0000] {dag.py:3490} INFO - Setting next_dagrun for example_branch_labels to 2023-06-08T00:00:00+00:00, run_after=2023-06-09T00:00:00+00:00
[2023-06-09T01:52:00.152+0000] {processor.py:179} INFO - Processing /home/airflow/.local/lib/python3.7/site-packages/airflow/example_dags/example_branch_labels.py took 0.101 seconds
[2023-06-09T01:52:30.642+0000] {processor.py:157} INFO - Started process (PID=3035) to work on /home/airflow/.local/lib/python3.7/site-packages/airflow/example_dags/example_branch_labels.py
[2023-06-09T01:52:30.644+0000] {processor.py:826} INFO - Processing file /home/airflow/.local/lib/python3.7/site-packages/airflow/example_dags/example_branch_labels.py for tasks to queue
[2023-06-09T01:52:30.645+0000] {logging_mixin.py:149} INFO - [2023-06-09T01:52:30.645+0000] {dagbag.py:541} INFO - Filling up the DagBag from /home/airflow/.local/lib/python3.7/site-packages/airflow/example_dags/example_branch_labels.py
[2023-06-09T01:52:30.656+0000] {processor.py:836} INFO - DAG(s) dict_keys(['example_branch_labels']) retrieved from /home/airflow/.local/lib/python3.7/site-packages/airflow/example_dags/example_branch_labels.py
[2023-06-09T01:52:30.684+0000] {logging_mixin.py:149} INFO - [2023-06-09T01:52:30.684+0000] {dag.py:2726} INFO - Sync 1 DAGs
[2023-06-09T01:52:30.716+0000] {logging_mixin.py:149} INFO - [2023-06-09T01:52:30.715+0000] {dag.py:3490} INFO - Setting next_dagrun for example_branch_labels to 2023-06-08T00:00:00+00:00, run_after=2023-06-09T00:00:00+00:00
[2023-06-09T01:52:30.731+0000] {processor.py:179} INFO - Processing /home/airflow/.local/lib/python3.7/site-packages/airflow/example_dags/example_branch_labels.py took 0.095 seconds
[2023-06-09T01:53:00.825+0000] {processor.py:157} INFO - Started process (PID=3091) to work on /home/airflow/.local/lib/python3.7/site-packages/airflow/example_dags/example_branch_labels.py
[2023-06-09T01:53:00.829+0000] {processor.py:826} INFO - Processing file /home/airflow/.local/lib/python3.7/site-packages/airflow/example_dags/example_branch_labels.py for tasks to queue
[2023-06-09T01:53:00.830+0000] {logging_mixin.py:149} INFO - [2023-06-09T01:53:00.830+0000] {dagbag.py:541} INFO - Filling up the DagBag from /home/airflow/.local/lib/python3.7/site-packages/airflow/example_dags/example_branch_labels.py
[2023-06-09T01:53:00.843+0000] {processor.py:836} INFO - DAG(s) dict_keys(['example_branch_labels']) retrieved from /home/airflow/.local/lib/python3.7/site-packages/airflow/example_dags/example_branch_labels.py
[2023-06-09T01:53:00.870+0000] {logging_mixin.py:149} INFO - [2023-06-09T01:53:00.870+0000] {dag.py:2726} INFO - Sync 1 DAGs
[2023-06-09T01:53:00.890+0000] {logging_mixin.py:149} INFO - [2023-06-09T01:53:00.890+0000] {dag.py:3490} INFO - Setting next_dagrun for example_branch_labels to 2023-06-08T00:00:00+00:00, run_after=2023-06-09T00:00:00+00:00
[2023-06-09T01:53:00.902+0000] {processor.py:179} INFO - Processing /home/airflow/.local/lib/python3.7/site-packages/airflow/example_dags/example_branch_labels.py took 0.086 seconds
[2023-06-09T01:53:51.734+0000] {processor.py:157} INFO - Started process (PID=58) to work on /home/airflow/.local/lib/python3.7/site-packages/airflow/example_dags/example_branch_labels.py
[2023-06-09T01:53:51.737+0000] {processor.py:826} INFO - Processing file /home/airflow/.local/lib/python3.7/site-packages/airflow/example_dags/example_branch_labels.py for tasks to queue
[2023-06-09T01:53:51.744+0000] {logging_mixin.py:149} INFO - [2023-06-09T01:53:51.743+0000] {dagbag.py:541} INFO - Filling up the DagBag from /home/airflow/.local/lib/python3.7/site-packages/airflow/example_dags/example_branch_labels.py
[2023-06-09T01:53:51.781+0000] {processor.py:836} INFO - DAG(s) dict_keys(['example_branch_labels']) retrieved from /home/airflow/.local/lib/python3.7/site-packages/airflow/example_dags/example_branch_labels.py
[2023-06-09T01:53:51.811+0000] {logging_mixin.py:149} INFO - [2023-06-09T01:53:51.810+0000] {dag.py:2726} INFO - Sync 1 DAGs
[2023-06-09T01:53:51.847+0000] {logging_mixin.py:149} INFO - [2023-06-09T01:53:51.847+0000] {dag.py:3490} INFO - Setting next_dagrun for example_branch_labels to 2023-06-08T00:00:00+00:00, run_after=2023-06-09T00:00:00+00:00
[2023-06-09T01:53:51.861+0000] {processor.py:179} INFO - Processing /home/airflow/.local/lib/python3.7/site-packages/airflow/example_dags/example_branch_labels.py took 0.133 seconds
