[2023-06-09T01:25:25.795+0000] {processor.py:157} INFO - Started process (PID=56) to work on /home/airflow/.local/lib/python3.7/site-packages/airflow/example_dags/example_sensor_decorator.py
[2023-06-09T01:25:25.801+0000] {processor.py:826} INFO - Processing file /home/airflow/.local/lib/python3.7/site-packages/airflow/example_dags/example_sensor_decorator.py for tasks to queue
[2023-06-09T01:25:25.817+0000] {logging_mixin.py:149} INFO - [2023-06-09T01:25:25.816+0000] {dagbag.py:541} INFO - Filling up the DagBag from /home/airflow/.local/lib/python3.7/site-packages/airflow/example_dags/example_sensor_decorator.py
[2023-06-09T01:25:25.849+0000] {processor.py:836} INFO - DAG(s) dict_keys(['example_sensor_decorator']) retrieved from /home/airflow/.local/lib/python3.7/site-packages/airflow/example_dags/example_sensor_decorator.py
[2023-06-09T01:25:26.780+0000] {logging_mixin.py:149} INFO - [2023-06-09T01:25:26.779+0000] {manager.py:504} INFO - Created Permission View: can delete on DAG:example_sensor_decorator
[2023-06-09T01:25:26.899+0000] {logging_mixin.py:149} INFO - [2023-06-09T01:25:26.893+0000] {manager.py:504} INFO - Created Permission View: can edit on DAG:example_sensor_decorator
[2023-06-09T01:25:27.002+0000] {logging_mixin.py:149} INFO - [2023-06-09T01:25:27.002+0000] {manager.py:504} INFO - Created Permission View: can read on DAG:example_sensor_decorator
[2023-06-09T01:25:27.013+0000] {logging_mixin.py:149} INFO - [2023-06-09T01:25:27.011+0000] {dag.py:2726} INFO - Sync 1 DAGs
[2023-06-09T01:25:27.098+0000] {logging_mixin.py:149} INFO - [2023-06-09T01:25:27.098+0000] {dag.py:2747} INFO - Creating ORM DAG for example_sensor_decorator
[2023-06-09T01:25:27.118+0000] {logging_mixin.py:149} INFO - [2023-06-09T01:25:27.118+0000] {dag.py:3490} INFO - Setting next_dagrun for example_sensor_decorator to None, run_after=None
[2023-06-09T01:25:27.230+0000] {processor.py:179} INFO - Processing /home/airflow/.local/lib/python3.7/site-packages/airflow/example_dags/example_sensor_decorator.py took 1.440 seconds
[2023-06-09T01:25:57.543+0000] {processor.py:157} INFO - Started process (PID=111) to work on /home/airflow/.local/lib/python3.7/site-packages/airflow/example_dags/example_sensor_decorator.py
[2023-06-09T01:25:57.549+0000] {processor.py:826} INFO - Processing file /home/airflow/.local/lib/python3.7/site-packages/airflow/example_dags/example_sensor_decorator.py for tasks to queue
[2023-06-09T01:25:57.553+0000] {logging_mixin.py:149} INFO - [2023-06-09T01:25:57.553+0000] {dagbag.py:541} INFO - Filling up the DagBag from /home/airflow/.local/lib/python3.7/site-packages/airflow/example_dags/example_sensor_decorator.py
[2023-06-09T01:25:57.606+0000] {processor.py:836} INFO - DAG(s) dict_keys(['example_sensor_decorator']) retrieved from /home/airflow/.local/lib/python3.7/site-packages/airflow/example_dags/example_sensor_decorator.py
[2023-06-09T01:25:57.694+0000] {logging_mixin.py:149} INFO - [2023-06-09T01:25:57.694+0000] {dag.py:2726} INFO - Sync 1 DAGs
[2023-06-09T01:25:57.820+0000] {logging_mixin.py:149} INFO - [2023-06-09T01:25:57.818+0000] {dag.py:3490} INFO - Setting next_dagrun for example_sensor_decorator to None, run_after=None
[2023-06-09T01:25:58.196+0000] {processor.py:179} INFO - Processing /home/airflow/.local/lib/python3.7/site-packages/airflow/example_dags/example_sensor_decorator.py took 0.663 seconds
[2023-06-09T01:26:28.756+0000] {processor.py:157} INFO - Started process (PID=167) to work on /home/airflow/.local/lib/python3.7/site-packages/airflow/example_dags/example_sensor_decorator.py
[2023-06-09T01:26:28.758+0000] {processor.py:826} INFO - Processing file /home/airflow/.local/lib/python3.7/site-packages/airflow/example_dags/example_sensor_decorator.py for tasks to queue
[2023-06-09T01:26:28.760+0000] {logging_mixin.py:149} INFO - [2023-06-09T01:26:28.760+0000] {dagbag.py:541} INFO - Filling up the DagBag from /home/airflow/.local/lib/python3.7/site-packages/airflow/example_dags/example_sensor_decorator.py
[2023-06-09T01:26:28.772+0000] {processor.py:836} INFO - DAG(s) dict_keys(['example_sensor_decorator']) retrieved from /home/airflow/.local/lib/python3.7/site-packages/airflow/example_dags/example_sensor_decorator.py
[2023-06-09T01:26:28.808+0000] {logging_mixin.py:149} INFO - [2023-06-09T01:26:28.808+0000] {dag.py:2726} INFO - Sync 1 DAGs
[2023-06-09T01:26:28.859+0000] {logging_mixin.py:149} INFO - [2023-06-09T01:26:28.859+0000] {dag.py:3490} INFO - Setting next_dagrun for example_sensor_decorator to None, run_after=None
[2023-06-09T01:26:28.899+0000] {processor.py:179} INFO - Processing /home/airflow/.local/lib/python3.7/site-packages/airflow/example_dags/example_sensor_decorator.py took 0.152 seconds
[2023-06-09T01:26:59.143+0000] {processor.py:157} INFO - Started process (PID=223) to work on /home/airflow/.local/lib/python3.7/site-packages/airflow/example_dags/example_sensor_decorator.py
[2023-06-09T01:26:59.146+0000] {processor.py:826} INFO - Processing file /home/airflow/.local/lib/python3.7/site-packages/airflow/example_dags/example_sensor_decorator.py for tasks to queue
[2023-06-09T01:26:59.148+0000] {logging_mixin.py:149} INFO - [2023-06-09T01:26:59.148+0000] {dagbag.py:541} INFO - Filling up the DagBag from /home/airflow/.local/lib/python3.7/site-packages/airflow/example_dags/example_sensor_decorator.py
[2023-06-09T01:26:59.162+0000] {processor.py:836} INFO - DAG(s) dict_keys(['example_sensor_decorator']) retrieved from /home/airflow/.local/lib/python3.7/site-packages/airflow/example_dags/example_sensor_decorator.py
[2023-06-09T01:26:59.245+0000] {logging_mixin.py:149} INFO - [2023-06-09T01:26:59.245+0000] {dag.py:2726} INFO - Sync 1 DAGs
[2023-06-09T01:26:59.286+0000] {logging_mixin.py:149} INFO - [2023-06-09T01:26:59.286+0000] {dag.py:3490} INFO - Setting next_dagrun for example_sensor_decorator to None, run_after=None
[2023-06-09T01:26:59.307+0000] {processor.py:179} INFO - Processing /home/airflow/.local/lib/python3.7/site-packages/airflow/example_dags/example_sensor_decorator.py took 0.177 seconds
[2023-06-09T01:27:29.744+0000] {processor.py:157} INFO - Started process (PID=279) to work on /home/airflow/.local/lib/python3.7/site-packages/airflow/example_dags/example_sensor_decorator.py
[2023-06-09T01:27:29.747+0000] {processor.py:826} INFO - Processing file /home/airflow/.local/lib/python3.7/site-packages/airflow/example_dags/example_sensor_decorator.py for tasks to queue
[2023-06-09T01:27:29.749+0000] {logging_mixin.py:149} INFO - [2023-06-09T01:27:29.748+0000] {dagbag.py:541} INFO - Filling up the DagBag from /home/airflow/.local/lib/python3.7/site-packages/airflow/example_dags/example_sensor_decorator.py
[2023-06-09T01:27:29.764+0000] {processor.py:836} INFO - DAG(s) dict_keys(['example_sensor_decorator']) retrieved from /home/airflow/.local/lib/python3.7/site-packages/airflow/example_dags/example_sensor_decorator.py
[2023-06-09T01:27:29.823+0000] {logging_mixin.py:149} INFO - [2023-06-09T01:27:29.823+0000] {dag.py:2726} INFO - Sync 1 DAGs
[2023-06-09T01:27:29.855+0000] {logging_mixin.py:149} INFO - [2023-06-09T01:27:29.855+0000] {dag.py:3490} INFO - Setting next_dagrun for example_sensor_decorator to None, run_after=None
[2023-06-09T01:27:29.875+0000] {processor.py:179} INFO - Processing /home/airflow/.local/lib/python3.7/site-packages/airflow/example_dags/example_sensor_decorator.py took 0.139 seconds
[2023-06-09T01:28:00.365+0000] {processor.py:157} INFO - Started process (PID=335) to work on /home/airflow/.local/lib/python3.7/site-packages/airflow/example_dags/example_sensor_decorator.py
[2023-06-09T01:28:00.368+0000] {processor.py:826} INFO - Processing file /home/airflow/.local/lib/python3.7/site-packages/airflow/example_dags/example_sensor_decorator.py for tasks to queue
[2023-06-09T01:28:00.369+0000] {logging_mixin.py:149} INFO - [2023-06-09T01:28:00.369+0000] {dagbag.py:541} INFO - Filling up the DagBag from /home/airflow/.local/lib/python3.7/site-packages/airflow/example_dags/example_sensor_decorator.py
[2023-06-09T01:28:00.379+0000] {processor.py:836} INFO - DAG(s) dict_keys(['example_sensor_decorator']) retrieved from /home/airflow/.local/lib/python3.7/site-packages/airflow/example_dags/example_sensor_decorator.py
[2023-06-09T01:28:00.407+0000] {logging_mixin.py:149} INFO - [2023-06-09T01:28:00.407+0000] {dag.py:2726} INFO - Sync 1 DAGs
[2023-06-09T01:28:00.423+0000] {logging_mixin.py:149} INFO - [2023-06-09T01:28:00.423+0000] {dag.py:3490} INFO - Setting next_dagrun for example_sensor_decorator to None, run_after=None
[2023-06-09T01:28:00.435+0000] {processor.py:179} INFO - Processing /home/airflow/.local/lib/python3.7/site-packages/airflow/example_dags/example_sensor_decorator.py took 0.076 seconds
[2023-06-09T01:28:30.998+0000] {processor.py:157} INFO - Started process (PID=391) to work on /home/airflow/.local/lib/python3.7/site-packages/airflow/example_dags/example_sensor_decorator.py
[2023-06-09T01:28:31.000+0000] {processor.py:826} INFO - Processing file /home/airflow/.local/lib/python3.7/site-packages/airflow/example_dags/example_sensor_decorator.py for tasks to queue
[2023-06-09T01:28:31.001+0000] {logging_mixin.py:149} INFO - [2023-06-09T01:28:31.001+0000] {dagbag.py:541} INFO - Filling up the DagBag from /home/airflow/.local/lib/python3.7/site-packages/airflow/example_dags/example_sensor_decorator.py
[2023-06-09T01:28:31.009+0000] {processor.py:836} INFO - DAG(s) dict_keys(['example_sensor_decorator']) retrieved from /home/airflow/.local/lib/python3.7/site-packages/airflow/example_dags/example_sensor_decorator.py
[2023-06-09T01:28:31.036+0000] {logging_mixin.py:149} INFO - [2023-06-09T01:28:31.036+0000] {dag.py:2726} INFO - Sync 1 DAGs
[2023-06-09T01:28:31.057+0000] {logging_mixin.py:149} INFO - [2023-06-09T01:28:31.057+0000] {dag.py:3490} INFO - Setting next_dagrun for example_sensor_decorator to None, run_after=None
[2023-06-09T01:28:31.071+0000] {processor.py:179} INFO - Processing /home/airflow/.local/lib/python3.7/site-packages/airflow/example_dags/example_sensor_decorator.py took 0.076 seconds
[2023-06-09T01:29:01.141+0000] {processor.py:157} INFO - Started process (PID=447) to work on /home/airflow/.local/lib/python3.7/site-packages/airflow/example_dags/example_sensor_decorator.py
[2023-06-09T01:29:01.143+0000] {processor.py:826} INFO - Processing file /home/airflow/.local/lib/python3.7/site-packages/airflow/example_dags/example_sensor_decorator.py for tasks to queue
[2023-06-09T01:29:01.144+0000] {logging_mixin.py:149} INFO - [2023-06-09T01:29:01.144+0000] {dagbag.py:541} INFO - Filling up the DagBag from /home/airflow/.local/lib/python3.7/site-packages/airflow/example_dags/example_sensor_decorator.py
[2023-06-09T01:29:01.151+0000] {processor.py:836} INFO - DAG(s) dict_keys(['example_sensor_decorator']) retrieved from /home/airflow/.local/lib/python3.7/site-packages/airflow/example_dags/example_sensor_decorator.py
[2023-06-09T01:29:01.173+0000] {logging_mixin.py:149} INFO - [2023-06-09T01:29:01.173+0000] {dag.py:2726} INFO - Sync 1 DAGs
[2023-06-09T01:29:01.190+0000] {logging_mixin.py:149} INFO - [2023-06-09T01:29:01.189+0000] {dag.py:3490} INFO - Setting next_dagrun for example_sensor_decorator to None, run_after=None
[2023-06-09T01:29:01.201+0000] {processor.py:179} INFO - Processing /home/airflow/.local/lib/python3.7/site-packages/airflow/example_dags/example_sensor_decorator.py took 0.065 seconds
[2023-06-09T01:29:31.632+0000] {processor.py:157} INFO - Started process (PID=503) to work on /home/airflow/.local/lib/python3.7/site-packages/airflow/example_dags/example_sensor_decorator.py
[2023-06-09T01:29:31.633+0000] {processor.py:826} INFO - Processing file /home/airflow/.local/lib/python3.7/site-packages/airflow/example_dags/example_sensor_decorator.py for tasks to queue
[2023-06-09T01:29:31.635+0000] {logging_mixin.py:149} INFO - [2023-06-09T01:29:31.634+0000] {dagbag.py:541} INFO - Filling up the DagBag from /home/airflow/.local/lib/python3.7/site-packages/airflow/example_dags/example_sensor_decorator.py
[2023-06-09T01:29:31.642+0000] {processor.py:836} INFO - DAG(s) dict_keys(['example_sensor_decorator']) retrieved from /home/airflow/.local/lib/python3.7/site-packages/airflow/example_dags/example_sensor_decorator.py
[2023-06-09T01:29:31.664+0000] {logging_mixin.py:149} INFO - [2023-06-09T01:29:31.664+0000] {dag.py:2726} INFO - Sync 1 DAGs
[2023-06-09T01:29:31.679+0000] {logging_mixin.py:149} INFO - [2023-06-09T01:29:31.679+0000] {dag.py:3490} INFO - Setting next_dagrun for example_sensor_decorator to None, run_after=None
[2023-06-09T01:29:31.690+0000] {processor.py:179} INFO - Processing /home/airflow/.local/lib/python3.7/site-packages/airflow/example_dags/example_sensor_decorator.py took 0.062 seconds
[2023-06-09T01:30:02.230+0000] {processor.py:157} INFO - Started process (PID=559) to work on /home/airflow/.local/lib/python3.7/site-packages/airflow/example_dags/example_sensor_decorator.py
[2023-06-09T01:30:02.232+0000] {processor.py:826} INFO - Processing file /home/airflow/.local/lib/python3.7/site-packages/airflow/example_dags/example_sensor_decorator.py for tasks to queue
[2023-06-09T01:30:02.234+0000] {logging_mixin.py:149} INFO - [2023-06-09T01:30:02.234+0000] {dagbag.py:541} INFO - Filling up the DagBag from /home/airflow/.local/lib/python3.7/site-packages/airflow/example_dags/example_sensor_decorator.py
[2023-06-09T01:30:02.250+0000] {processor.py:836} INFO - DAG(s) dict_keys(['example_sensor_decorator']) retrieved from /home/airflow/.local/lib/python3.7/site-packages/airflow/example_dags/example_sensor_decorator.py
[2023-06-09T01:30:02.284+0000] {logging_mixin.py:149} INFO - [2023-06-09T01:30:02.284+0000] {dag.py:2726} INFO - Sync 1 DAGs
[2023-06-09T01:30:02.303+0000] {logging_mixin.py:149} INFO - [2023-06-09T01:30:02.303+0000] {dag.py:3490} INFO - Setting next_dagrun for example_sensor_decorator to None, run_after=None
[2023-06-09T01:30:02.316+0000] {processor.py:179} INFO - Processing /home/airflow/.local/lib/python3.7/site-packages/airflow/example_dags/example_sensor_decorator.py took 0.092 seconds
[2023-06-09T01:30:32.497+0000] {processor.py:157} INFO - Started process (PID=615) to work on /home/airflow/.local/lib/python3.7/site-packages/airflow/example_dags/example_sensor_decorator.py
[2023-06-09T01:30:32.499+0000] {processor.py:826} INFO - Processing file /home/airflow/.local/lib/python3.7/site-packages/airflow/example_dags/example_sensor_decorator.py for tasks to queue
[2023-06-09T01:30:32.500+0000] {logging_mixin.py:149} INFO - [2023-06-09T01:30:32.500+0000] {dagbag.py:541} INFO - Filling up the DagBag from /home/airflow/.local/lib/python3.7/site-packages/airflow/example_dags/example_sensor_decorator.py
[2023-06-09T01:30:32.505+0000] {processor.py:836} INFO - DAG(s) dict_keys(['example_sensor_decorator']) retrieved from /home/airflow/.local/lib/python3.7/site-packages/airflow/example_dags/example_sensor_decorator.py
[2023-06-09T01:30:32.526+0000] {logging_mixin.py:149} INFO - [2023-06-09T01:30:32.525+0000] {dag.py:2726} INFO - Sync 1 DAGs
[2023-06-09T01:30:32.546+0000] {logging_mixin.py:149} INFO - [2023-06-09T01:30:32.545+0000] {dag.py:3490} INFO - Setting next_dagrun for example_sensor_decorator to None, run_after=None
[2023-06-09T01:30:32.561+0000] {processor.py:179} INFO - Processing /home/airflow/.local/lib/python3.7/site-packages/airflow/example_dags/example_sensor_decorator.py took 0.067 seconds
[2023-06-09T01:31:03.060+0000] {processor.py:157} INFO - Started process (PID=671) to work on /home/airflow/.local/lib/python3.7/site-packages/airflow/example_dags/example_sensor_decorator.py
[2023-06-09T01:31:03.063+0000] {processor.py:826} INFO - Processing file /home/airflow/.local/lib/python3.7/site-packages/airflow/example_dags/example_sensor_decorator.py for tasks to queue
[2023-06-09T01:31:03.065+0000] {logging_mixin.py:149} INFO - [2023-06-09T01:31:03.065+0000] {dagbag.py:541} INFO - Filling up the DagBag from /home/airflow/.local/lib/python3.7/site-packages/airflow/example_dags/example_sensor_decorator.py
[2023-06-09T01:31:03.074+0000] {processor.py:836} INFO - DAG(s) dict_keys(['example_sensor_decorator']) retrieved from /home/airflow/.local/lib/python3.7/site-packages/airflow/example_dags/example_sensor_decorator.py
[2023-06-09T01:31:03.101+0000] {logging_mixin.py:149} INFO - [2023-06-09T01:31:03.100+0000] {dag.py:2726} INFO - Sync 1 DAGs
[2023-06-09T01:31:03.118+0000] {logging_mixin.py:149} INFO - [2023-06-09T01:31:03.118+0000] {dag.py:3490} INFO - Setting next_dagrun for example_sensor_decorator to None, run_after=None
[2023-06-09T01:31:03.130+0000] {processor.py:179} INFO - Processing /home/airflow/.local/lib/python3.7/site-packages/airflow/example_dags/example_sensor_decorator.py took 0.077 seconds
[2023-06-09T01:31:34.062+0000] {processor.py:157} INFO - Started process (PID=727) to work on /home/airflow/.local/lib/python3.7/site-packages/airflow/example_dags/example_sensor_decorator.py
[2023-06-09T01:31:34.074+0000] {processor.py:826} INFO - Processing file /home/airflow/.local/lib/python3.7/site-packages/airflow/example_dags/example_sensor_decorator.py for tasks to queue
[2023-06-09T01:31:34.076+0000] {logging_mixin.py:149} INFO - [2023-06-09T01:31:34.075+0000] {dagbag.py:541} INFO - Filling up the DagBag from /home/airflow/.local/lib/python3.7/site-packages/airflow/example_dags/example_sensor_decorator.py
[2023-06-09T01:31:34.092+0000] {processor.py:836} INFO - DAG(s) dict_keys(['example_sensor_decorator']) retrieved from /home/airflow/.local/lib/python3.7/site-packages/airflow/example_dags/example_sensor_decorator.py
[2023-06-09T01:31:34.137+0000] {logging_mixin.py:149} INFO - [2023-06-09T01:31:34.137+0000] {dag.py:2726} INFO - Sync 1 DAGs
[2023-06-09T01:31:34.164+0000] {logging_mixin.py:149} INFO - [2023-06-09T01:31:34.164+0000] {dag.py:3490} INFO - Setting next_dagrun for example_sensor_decorator to None, run_after=None
[2023-06-09T01:31:34.192+0000] {processor.py:179} INFO - Processing /home/airflow/.local/lib/python3.7/site-packages/airflow/example_dags/example_sensor_decorator.py took 0.149 seconds
[2023-06-09T01:32:04.286+0000] {processor.py:157} INFO - Started process (PID=783) to work on /home/airflow/.local/lib/python3.7/site-packages/airflow/example_dags/example_sensor_decorator.py
[2023-06-09T01:32:04.289+0000] {processor.py:826} INFO - Processing file /home/airflow/.local/lib/python3.7/site-packages/airflow/example_dags/example_sensor_decorator.py for tasks to queue
[2023-06-09T01:32:04.290+0000] {logging_mixin.py:149} INFO - [2023-06-09T01:32:04.290+0000] {dagbag.py:541} INFO - Filling up the DagBag from /home/airflow/.local/lib/python3.7/site-packages/airflow/example_dags/example_sensor_decorator.py
[2023-06-09T01:32:04.301+0000] {processor.py:836} INFO - DAG(s) dict_keys(['example_sensor_decorator']) retrieved from /home/airflow/.local/lib/python3.7/site-packages/airflow/example_dags/example_sensor_decorator.py
[2023-06-09T01:32:04.335+0000] {logging_mixin.py:149} INFO - [2023-06-09T01:32:04.335+0000] {dag.py:2726} INFO - Sync 1 DAGs
[2023-06-09T01:32:04.351+0000] {logging_mixin.py:149} INFO - [2023-06-09T01:32:04.351+0000] {dag.py:3490} INFO - Setting next_dagrun for example_sensor_decorator to None, run_after=None
[2023-06-09T01:32:04.362+0000] {processor.py:179} INFO - Processing /home/airflow/.local/lib/python3.7/site-packages/airflow/example_dags/example_sensor_decorator.py took 0.082 seconds
[2023-06-09T01:32:34.475+0000] {processor.py:157} INFO - Started process (PID=839) to work on /home/airflow/.local/lib/python3.7/site-packages/airflow/example_dags/example_sensor_decorator.py
[2023-06-09T01:32:34.479+0000] {processor.py:826} INFO - Processing file /home/airflow/.local/lib/python3.7/site-packages/airflow/example_dags/example_sensor_decorator.py for tasks to queue
[2023-06-09T01:32:34.480+0000] {logging_mixin.py:149} INFO - [2023-06-09T01:32:34.480+0000] {dagbag.py:541} INFO - Filling up the DagBag from /home/airflow/.local/lib/python3.7/site-packages/airflow/example_dags/example_sensor_decorator.py
[2023-06-09T01:32:34.496+0000] {processor.py:836} INFO - DAG(s) dict_keys(['example_sensor_decorator']) retrieved from /home/airflow/.local/lib/python3.7/site-packages/airflow/example_dags/example_sensor_decorator.py
[2023-06-09T01:32:34.529+0000] {logging_mixin.py:149} INFO - [2023-06-09T01:32:34.529+0000] {dag.py:2726} INFO - Sync 1 DAGs
[2023-06-09T01:32:34.547+0000] {logging_mixin.py:149} INFO - [2023-06-09T01:32:34.547+0000] {dag.py:3490} INFO - Setting next_dagrun for example_sensor_decorator to None, run_after=None
[2023-06-09T01:32:34.559+0000] {processor.py:179} INFO - Processing /home/airflow/.local/lib/python3.7/site-packages/airflow/example_dags/example_sensor_decorator.py took 0.090 seconds
[2023-06-09T01:33:04.702+0000] {processor.py:157} INFO - Started process (PID=895) to work on /home/airflow/.local/lib/python3.7/site-packages/airflow/example_dags/example_sensor_decorator.py
[2023-06-09T01:33:04.704+0000] {processor.py:826} INFO - Processing file /home/airflow/.local/lib/python3.7/site-packages/airflow/example_dags/example_sensor_decorator.py for tasks to queue
[2023-06-09T01:33:04.707+0000] {logging_mixin.py:149} INFO - [2023-06-09T01:33:04.707+0000] {dagbag.py:541} INFO - Filling up the DagBag from /home/airflow/.local/lib/python3.7/site-packages/airflow/example_dags/example_sensor_decorator.py
[2023-06-09T01:33:04.715+0000] {processor.py:836} INFO - DAG(s) dict_keys(['example_sensor_decorator']) retrieved from /home/airflow/.local/lib/python3.7/site-packages/airflow/example_dags/example_sensor_decorator.py
[2023-06-09T01:33:04.741+0000] {logging_mixin.py:149} INFO - [2023-06-09T01:33:04.741+0000] {dag.py:2726} INFO - Sync 1 DAGs
[2023-06-09T01:33:04.756+0000] {logging_mixin.py:149} INFO - [2023-06-09T01:33:04.756+0000] {dag.py:3490} INFO - Setting next_dagrun for example_sensor_decorator to None, run_after=None
[2023-06-09T01:33:04.767+0000] {processor.py:179} INFO - Processing /home/airflow/.local/lib/python3.7/site-packages/airflow/example_dags/example_sensor_decorator.py took 0.070 seconds
[2023-06-09T01:33:34.867+0000] {processor.py:157} INFO - Started process (PID=951) to work on /home/airflow/.local/lib/python3.7/site-packages/airflow/example_dags/example_sensor_decorator.py
[2023-06-09T01:33:34.870+0000] {processor.py:826} INFO - Processing file /home/airflow/.local/lib/python3.7/site-packages/airflow/example_dags/example_sensor_decorator.py for tasks to queue
[2023-06-09T01:33:34.871+0000] {logging_mixin.py:149} INFO - [2023-06-09T01:33:34.871+0000] {dagbag.py:541} INFO - Filling up the DagBag from /home/airflow/.local/lib/python3.7/site-packages/airflow/example_dags/example_sensor_decorator.py
[2023-06-09T01:33:34.881+0000] {processor.py:836} INFO - DAG(s) dict_keys(['example_sensor_decorator']) retrieved from /home/airflow/.local/lib/python3.7/site-packages/airflow/example_dags/example_sensor_decorator.py
[2023-06-09T01:33:34.909+0000] {logging_mixin.py:149} INFO - [2023-06-09T01:33:34.908+0000] {dag.py:2726} INFO - Sync 1 DAGs
[2023-06-09T01:33:34.924+0000] {logging_mixin.py:149} INFO - [2023-06-09T01:33:34.924+0000] {dag.py:3490} INFO - Setting next_dagrun for example_sensor_decorator to None, run_after=None
[2023-06-09T01:33:34.934+0000] {processor.py:179} INFO - Processing /home/airflow/.local/lib/python3.7/site-packages/airflow/example_dags/example_sensor_decorator.py took 0.073 seconds
[2023-06-09T01:34:05.368+0000] {processor.py:157} INFO - Started process (PID=1007) to work on /home/airflow/.local/lib/python3.7/site-packages/airflow/example_dags/example_sensor_decorator.py
[2023-06-09T01:34:05.371+0000] {processor.py:826} INFO - Processing file /home/airflow/.local/lib/python3.7/site-packages/airflow/example_dags/example_sensor_decorator.py for tasks to queue
[2023-06-09T01:34:05.372+0000] {logging_mixin.py:149} INFO - [2023-06-09T01:34:05.372+0000] {dagbag.py:541} INFO - Filling up the DagBag from /home/airflow/.local/lib/python3.7/site-packages/airflow/example_dags/example_sensor_decorator.py
[2023-06-09T01:34:05.386+0000] {processor.py:836} INFO - DAG(s) dict_keys(['example_sensor_decorator']) retrieved from /home/airflow/.local/lib/python3.7/site-packages/airflow/example_dags/example_sensor_decorator.py
[2023-06-09T01:34:05.426+0000] {logging_mixin.py:149} INFO - [2023-06-09T01:34:05.426+0000] {dag.py:2726} INFO - Sync 1 DAGs
[2023-06-09T01:34:05.450+0000] {logging_mixin.py:149} INFO - [2023-06-09T01:34:05.450+0000] {dag.py:3490} INFO - Setting next_dagrun for example_sensor_decorator to None, run_after=None
[2023-06-09T01:34:05.465+0000] {processor.py:179} INFO - Processing /home/airflow/.local/lib/python3.7/site-packages/airflow/example_dags/example_sensor_decorator.py took 0.109 seconds
[2023-06-09T01:34:35.999+0000] {processor.py:157} INFO - Started process (PID=1063) to work on /home/airflow/.local/lib/python3.7/site-packages/airflow/example_dags/example_sensor_decorator.py
[2023-06-09T01:34:36.001+0000] {processor.py:826} INFO - Processing file /home/airflow/.local/lib/python3.7/site-packages/airflow/example_dags/example_sensor_decorator.py for tasks to queue
[2023-06-09T01:34:36.002+0000] {logging_mixin.py:149} INFO - [2023-06-09T01:34:36.002+0000] {dagbag.py:541} INFO - Filling up the DagBag from /home/airflow/.local/lib/python3.7/site-packages/airflow/example_dags/example_sensor_decorator.py
[2023-06-09T01:34:36.008+0000] {processor.py:836} INFO - DAG(s) dict_keys(['example_sensor_decorator']) retrieved from /home/airflow/.local/lib/python3.7/site-packages/airflow/example_dags/example_sensor_decorator.py
[2023-06-09T01:34:36.031+0000] {logging_mixin.py:149} INFO - [2023-06-09T01:34:36.031+0000] {dag.py:2726} INFO - Sync 1 DAGs
[2023-06-09T01:34:36.052+0000] {logging_mixin.py:149} INFO - [2023-06-09T01:34:36.051+0000] {dag.py:3490} INFO - Setting next_dagrun for example_sensor_decorator to None, run_after=None
[2023-06-09T01:34:36.065+0000] {processor.py:179} INFO - Processing /home/airflow/.local/lib/python3.7/site-packages/airflow/example_dags/example_sensor_decorator.py took 0.070 seconds
[2023-06-09T01:35:06.956+0000] {processor.py:157} INFO - Started process (PID=1119) to work on /home/airflow/.local/lib/python3.7/site-packages/airflow/example_dags/example_sensor_decorator.py
[2023-06-09T01:35:06.958+0000] {processor.py:826} INFO - Processing file /home/airflow/.local/lib/python3.7/site-packages/airflow/example_dags/example_sensor_decorator.py for tasks to queue
[2023-06-09T01:35:06.960+0000] {logging_mixin.py:149} INFO - [2023-06-09T01:35:06.960+0000] {dagbag.py:541} INFO - Filling up the DagBag from /home/airflow/.local/lib/python3.7/site-packages/airflow/example_dags/example_sensor_decorator.py
[2023-06-09T01:35:06.967+0000] {processor.py:836} INFO - DAG(s) dict_keys(['example_sensor_decorator']) retrieved from /home/airflow/.local/lib/python3.7/site-packages/airflow/example_dags/example_sensor_decorator.py
[2023-06-09T01:35:06.991+0000] {logging_mixin.py:149} INFO - [2023-06-09T01:35:06.990+0000] {dag.py:2726} INFO - Sync 1 DAGs
[2023-06-09T01:35:07.035+0000] {logging_mixin.py:149} INFO - [2023-06-09T01:35:07.035+0000] {dag.py:3490} INFO - Setting next_dagrun for example_sensor_decorator to None, run_after=None
[2023-06-09T01:35:07.092+0000] {processor.py:179} INFO - Processing /home/airflow/.local/lib/python3.7/site-packages/airflow/example_dags/example_sensor_decorator.py took 0.140 seconds
[2023-06-09T01:35:37.488+0000] {processor.py:157} INFO - Started process (PID=1175) to work on /home/airflow/.local/lib/python3.7/site-packages/airflow/example_dags/example_sensor_decorator.py
[2023-06-09T01:35:37.491+0000] {processor.py:826} INFO - Processing file /home/airflow/.local/lib/python3.7/site-packages/airflow/example_dags/example_sensor_decorator.py for tasks to queue
[2023-06-09T01:35:37.493+0000] {logging_mixin.py:149} INFO - [2023-06-09T01:35:37.493+0000] {dagbag.py:541} INFO - Filling up the DagBag from /home/airflow/.local/lib/python3.7/site-packages/airflow/example_dags/example_sensor_decorator.py
[2023-06-09T01:35:37.507+0000] {processor.py:836} INFO - DAG(s) dict_keys(['example_sensor_decorator']) retrieved from /home/airflow/.local/lib/python3.7/site-packages/airflow/example_dags/example_sensor_decorator.py
[2023-06-09T01:35:37.545+0000] {logging_mixin.py:149} INFO - [2023-06-09T01:35:37.545+0000] {dag.py:2726} INFO - Sync 1 DAGs
[2023-06-09T01:35:37.564+0000] {logging_mixin.py:149} INFO - [2023-06-09T01:35:37.564+0000] {dag.py:3490} INFO - Setting next_dagrun for example_sensor_decorator to None, run_after=None
[2023-06-09T01:35:37.581+0000] {processor.py:179} INFO - Processing /home/airflow/.local/lib/python3.7/site-packages/airflow/example_dags/example_sensor_decorator.py took 0.099 seconds
[2023-06-09T01:36:07.651+0000] {processor.py:157} INFO - Started process (PID=1231) to work on /home/airflow/.local/lib/python3.7/site-packages/airflow/example_dags/example_sensor_decorator.py
[2023-06-09T01:36:07.654+0000] {processor.py:826} INFO - Processing file /home/airflow/.local/lib/python3.7/site-packages/airflow/example_dags/example_sensor_decorator.py for tasks to queue
[2023-06-09T01:36:07.655+0000] {logging_mixin.py:149} INFO - [2023-06-09T01:36:07.655+0000] {dagbag.py:541} INFO - Filling up the DagBag from /home/airflow/.local/lib/python3.7/site-packages/airflow/example_dags/example_sensor_decorator.py
[2023-06-09T01:36:07.666+0000] {processor.py:836} INFO - DAG(s) dict_keys(['example_sensor_decorator']) retrieved from /home/airflow/.local/lib/python3.7/site-packages/airflow/example_dags/example_sensor_decorator.py
[2023-06-09T01:36:07.698+0000] {logging_mixin.py:149} INFO - [2023-06-09T01:36:07.698+0000] {dag.py:2726} INFO - Sync 1 DAGs
[2023-06-09T01:36:07.719+0000] {logging_mixin.py:149} INFO - [2023-06-09T01:36:07.719+0000] {dag.py:3490} INFO - Setting next_dagrun for example_sensor_decorator to None, run_after=None
[2023-06-09T01:36:07.731+0000] {processor.py:179} INFO - Processing /home/airflow/.local/lib/python3.7/site-packages/airflow/example_dags/example_sensor_decorator.py took 0.087 seconds
[2023-06-09T01:36:37.826+0000] {processor.py:157} INFO - Started process (PID=1287) to work on /home/airflow/.local/lib/python3.7/site-packages/airflow/example_dags/example_sensor_decorator.py
[2023-06-09T01:36:37.829+0000] {processor.py:826} INFO - Processing file /home/airflow/.local/lib/python3.7/site-packages/airflow/example_dags/example_sensor_decorator.py for tasks to queue
[2023-06-09T01:36:37.832+0000] {logging_mixin.py:149} INFO - [2023-06-09T01:36:37.831+0000] {dagbag.py:541} INFO - Filling up the DagBag from /home/airflow/.local/lib/python3.7/site-packages/airflow/example_dags/example_sensor_decorator.py
[2023-06-09T01:36:37.842+0000] {processor.py:836} INFO - DAG(s) dict_keys(['example_sensor_decorator']) retrieved from /home/airflow/.local/lib/python3.7/site-packages/airflow/example_dags/example_sensor_decorator.py
[2023-06-09T01:36:37.869+0000] {logging_mixin.py:149} INFO - [2023-06-09T01:36:37.869+0000] {dag.py:2726} INFO - Sync 1 DAGs
[2023-06-09T01:36:37.886+0000] {logging_mixin.py:149} INFO - [2023-06-09T01:36:37.886+0000] {dag.py:3490} INFO - Setting next_dagrun for example_sensor_decorator to None, run_after=None
[2023-06-09T01:36:37.897+0000] {processor.py:179} INFO - Processing /home/airflow/.local/lib/python3.7/site-packages/airflow/example_dags/example_sensor_decorator.py took 0.076 seconds
[2023-06-09T01:37:07.981+0000] {processor.py:157} INFO - Started process (PID=1343) to work on /home/airflow/.local/lib/python3.7/site-packages/airflow/example_dags/example_sensor_decorator.py
[2023-06-09T01:37:07.984+0000] {processor.py:826} INFO - Processing file /home/airflow/.local/lib/python3.7/site-packages/airflow/example_dags/example_sensor_decorator.py for tasks to queue
[2023-06-09T01:37:07.986+0000] {logging_mixin.py:149} INFO - [2023-06-09T01:37:07.985+0000] {dagbag.py:541} INFO - Filling up the DagBag from /home/airflow/.local/lib/python3.7/site-packages/airflow/example_dags/example_sensor_decorator.py
[2023-06-09T01:37:07.995+0000] {processor.py:836} INFO - DAG(s) dict_keys(['example_sensor_decorator']) retrieved from /home/airflow/.local/lib/python3.7/site-packages/airflow/example_dags/example_sensor_decorator.py
[2023-06-09T01:37:08.022+0000] {logging_mixin.py:149} INFO - [2023-06-09T01:37:08.022+0000] {dag.py:2726} INFO - Sync 1 DAGs
[2023-06-09T01:37:08.039+0000] {logging_mixin.py:149} INFO - [2023-06-09T01:37:08.039+0000] {dag.py:3490} INFO - Setting next_dagrun for example_sensor_decorator to None, run_after=None
[2023-06-09T01:37:08.051+0000] {processor.py:179} INFO - Processing /home/airflow/.local/lib/python3.7/site-packages/airflow/example_dags/example_sensor_decorator.py took 0.077 seconds
[2023-06-09T01:37:38.401+0000] {processor.py:157} INFO - Started process (PID=1399) to work on /home/airflow/.local/lib/python3.7/site-packages/airflow/example_dags/example_sensor_decorator.py
[2023-06-09T01:37:38.406+0000] {processor.py:826} INFO - Processing file /home/airflow/.local/lib/python3.7/site-packages/airflow/example_dags/example_sensor_decorator.py for tasks to queue
[2023-06-09T01:37:38.408+0000] {logging_mixin.py:149} INFO - [2023-06-09T01:37:38.408+0000] {dagbag.py:541} INFO - Filling up the DagBag from /home/airflow/.local/lib/python3.7/site-packages/airflow/example_dags/example_sensor_decorator.py
[2023-06-09T01:37:38.422+0000] {processor.py:836} INFO - DAG(s) dict_keys(['example_sensor_decorator']) retrieved from /home/airflow/.local/lib/python3.7/site-packages/airflow/example_dags/example_sensor_decorator.py
[2023-06-09T01:37:38.463+0000] {logging_mixin.py:149} INFO - [2023-06-09T01:37:38.463+0000] {dag.py:2726} INFO - Sync 1 DAGs
[2023-06-09T01:37:38.484+0000] {logging_mixin.py:149} INFO - [2023-06-09T01:37:38.484+0000] {dag.py:3490} INFO - Setting next_dagrun for example_sensor_decorator to None, run_after=None
[2023-06-09T01:37:38.496+0000] {processor.py:179} INFO - Processing /home/airflow/.local/lib/python3.7/site-packages/airflow/example_dags/example_sensor_decorator.py took 0.101 seconds
[2023-06-09T01:38:08.721+0000] {processor.py:157} INFO - Started process (PID=1454) to work on /home/airflow/.local/lib/python3.7/site-packages/airflow/example_dags/example_sensor_decorator.py
[2023-06-09T01:38:08.724+0000] {processor.py:826} INFO - Processing file /home/airflow/.local/lib/python3.7/site-packages/airflow/example_dags/example_sensor_decorator.py for tasks to queue
[2023-06-09T01:38:08.726+0000] {logging_mixin.py:149} INFO - [2023-06-09T01:38:08.726+0000] {dagbag.py:541} INFO - Filling up the DagBag from /home/airflow/.local/lib/python3.7/site-packages/airflow/example_dags/example_sensor_decorator.py
[2023-06-09T01:38:08.737+0000] {processor.py:836} INFO - DAG(s) dict_keys(['example_sensor_decorator']) retrieved from /home/airflow/.local/lib/python3.7/site-packages/airflow/example_dags/example_sensor_decorator.py
[2023-06-09T01:38:08.766+0000] {logging_mixin.py:149} INFO - [2023-06-09T01:38:08.766+0000] {dag.py:2726} INFO - Sync 1 DAGs
[2023-06-09T01:38:08.785+0000] {logging_mixin.py:149} INFO - [2023-06-09T01:38:08.785+0000] {dag.py:3490} INFO - Setting next_dagrun for example_sensor_decorator to None, run_after=None
[2023-06-09T01:38:08.797+0000] {processor.py:179} INFO - Processing /home/airflow/.local/lib/python3.7/site-packages/airflow/example_dags/example_sensor_decorator.py took 0.087 seconds
[2023-06-09T01:38:38.908+0000] {processor.py:157} INFO - Started process (PID=1510) to work on /home/airflow/.local/lib/python3.7/site-packages/airflow/example_dags/example_sensor_decorator.py
[2023-06-09T01:38:38.911+0000] {processor.py:826} INFO - Processing file /home/airflow/.local/lib/python3.7/site-packages/airflow/example_dags/example_sensor_decorator.py for tasks to queue
[2023-06-09T01:38:38.912+0000] {logging_mixin.py:149} INFO - [2023-06-09T01:38:38.912+0000] {dagbag.py:541} INFO - Filling up the DagBag from /home/airflow/.local/lib/python3.7/site-packages/airflow/example_dags/example_sensor_decorator.py
[2023-06-09T01:38:38.922+0000] {processor.py:836} INFO - DAG(s) dict_keys(['example_sensor_decorator']) retrieved from /home/airflow/.local/lib/python3.7/site-packages/airflow/example_dags/example_sensor_decorator.py
[2023-06-09T01:38:38.949+0000] {logging_mixin.py:149} INFO - [2023-06-09T01:38:38.949+0000] {dag.py:2726} INFO - Sync 1 DAGs
[2023-06-09T01:38:38.965+0000] {logging_mixin.py:149} INFO - [2023-06-09T01:38:38.965+0000] {dag.py:3490} INFO - Setting next_dagrun for example_sensor_decorator to None, run_after=None
[2023-06-09T01:38:38.976+0000] {processor.py:179} INFO - Processing /home/airflow/.local/lib/python3.7/site-packages/airflow/example_dags/example_sensor_decorator.py took 0.074 seconds
[2023-06-09T01:39:09.237+0000] {processor.py:157} INFO - Started process (PID=1566) to work on /home/airflow/.local/lib/python3.7/site-packages/airflow/example_dags/example_sensor_decorator.py
[2023-06-09T01:39:09.241+0000] {processor.py:826} INFO - Processing file /home/airflow/.local/lib/python3.7/site-packages/airflow/example_dags/example_sensor_decorator.py for tasks to queue
[2023-06-09T01:39:09.243+0000] {logging_mixin.py:149} INFO - [2023-06-09T01:39:09.243+0000] {dagbag.py:541} INFO - Filling up the DagBag from /home/airflow/.local/lib/python3.7/site-packages/airflow/example_dags/example_sensor_decorator.py
[2023-06-09T01:39:09.253+0000] {processor.py:836} INFO - DAG(s) dict_keys(['example_sensor_decorator']) retrieved from /home/airflow/.local/lib/python3.7/site-packages/airflow/example_dags/example_sensor_decorator.py
[2023-06-09T01:39:09.277+0000] {logging_mixin.py:149} INFO - [2023-06-09T01:39:09.277+0000] {dag.py:2726} INFO - Sync 1 DAGs
[2023-06-09T01:39:09.294+0000] {logging_mixin.py:149} INFO - [2023-06-09T01:39:09.294+0000] {dag.py:3490} INFO - Setting next_dagrun for example_sensor_decorator to None, run_after=None
[2023-06-09T01:39:09.306+0000] {processor.py:179} INFO - Processing /home/airflow/.local/lib/python3.7/site-packages/airflow/example_dags/example_sensor_decorator.py took 0.077 seconds
[2023-06-09T01:39:39.578+0000] {processor.py:157} INFO - Started process (PID=1622) to work on /home/airflow/.local/lib/python3.7/site-packages/airflow/example_dags/example_sensor_decorator.py
[2023-06-09T01:39:39.580+0000] {processor.py:826} INFO - Processing file /home/airflow/.local/lib/python3.7/site-packages/airflow/example_dags/example_sensor_decorator.py for tasks to queue
[2023-06-09T01:39:39.582+0000] {logging_mixin.py:149} INFO - [2023-06-09T01:39:39.582+0000] {dagbag.py:541} INFO - Filling up the DagBag from /home/airflow/.local/lib/python3.7/site-packages/airflow/example_dags/example_sensor_decorator.py
[2023-06-09T01:39:39.592+0000] {processor.py:836} INFO - DAG(s) dict_keys(['example_sensor_decorator']) retrieved from /home/airflow/.local/lib/python3.7/site-packages/airflow/example_dags/example_sensor_decorator.py
[2023-06-09T01:39:39.623+0000] {logging_mixin.py:149} INFO - [2023-06-09T01:39:39.623+0000] {dag.py:2726} INFO - Sync 1 DAGs
[2023-06-09T01:39:39.640+0000] {logging_mixin.py:149} INFO - [2023-06-09T01:39:39.640+0000] {dag.py:3490} INFO - Setting next_dagrun for example_sensor_decorator to None, run_after=None
[2023-06-09T01:39:39.652+0000] {processor.py:179} INFO - Processing /home/airflow/.local/lib/python3.7/site-packages/airflow/example_dags/example_sensor_decorator.py took 0.081 seconds
[2023-06-09T01:40:09.794+0000] {processor.py:157} INFO - Started process (PID=1679) to work on /home/airflow/.local/lib/python3.7/site-packages/airflow/example_dags/example_sensor_decorator.py
[2023-06-09T01:40:09.796+0000] {processor.py:826} INFO - Processing file /home/airflow/.local/lib/python3.7/site-packages/airflow/example_dags/example_sensor_decorator.py for tasks to queue
[2023-06-09T01:40:09.796+0000] {logging_mixin.py:149} INFO - [2023-06-09T01:40:09.796+0000] {dagbag.py:541} INFO - Filling up the DagBag from /home/airflow/.local/lib/python3.7/site-packages/airflow/example_dags/example_sensor_decorator.py
[2023-06-09T01:40:09.801+0000] {processor.py:836} INFO - DAG(s) dict_keys(['example_sensor_decorator']) retrieved from /home/airflow/.local/lib/python3.7/site-packages/airflow/example_dags/example_sensor_decorator.py
[2023-06-09T01:40:09.820+0000] {logging_mixin.py:149} INFO - [2023-06-09T01:40:09.820+0000] {dag.py:2726} INFO - Sync 1 DAGs
[2023-06-09T01:40:09.836+0000] {logging_mixin.py:149} INFO - [2023-06-09T01:40:09.835+0000] {dag.py:3490} INFO - Setting next_dagrun for example_sensor_decorator to None, run_after=None
[2023-06-09T01:40:09.846+0000] {processor.py:179} INFO - Processing /home/airflow/.local/lib/python3.7/site-packages/airflow/example_dags/example_sensor_decorator.py took 0.054 seconds
[2023-06-09T01:40:39.962+0000] {processor.py:157} INFO - Started process (PID=1734) to work on /home/airflow/.local/lib/python3.7/site-packages/airflow/example_dags/example_sensor_decorator.py
[2023-06-09T01:40:39.964+0000] {processor.py:826} INFO - Processing file /home/airflow/.local/lib/python3.7/site-packages/airflow/example_dags/example_sensor_decorator.py for tasks to queue
[2023-06-09T01:40:39.965+0000] {logging_mixin.py:149} INFO - [2023-06-09T01:40:39.965+0000] {dagbag.py:541} INFO - Filling up the DagBag from /home/airflow/.local/lib/python3.7/site-packages/airflow/example_dags/example_sensor_decorator.py
[2023-06-09T01:40:39.970+0000] {processor.py:836} INFO - DAG(s) dict_keys(['example_sensor_decorator']) retrieved from /home/airflow/.local/lib/python3.7/site-packages/airflow/example_dags/example_sensor_decorator.py
[2023-06-09T01:40:39.991+0000] {logging_mixin.py:149} INFO - [2023-06-09T01:40:39.991+0000] {dag.py:2726} INFO - Sync 1 DAGs
[2023-06-09T01:40:40.008+0000] {logging_mixin.py:149} INFO - [2023-06-09T01:40:40.008+0000] {dag.py:3490} INFO - Setting next_dagrun for example_sensor_decorator to None, run_after=None
[2023-06-09T01:40:40.021+0000] {processor.py:179} INFO - Processing /home/airflow/.local/lib/python3.7/site-packages/airflow/example_dags/example_sensor_decorator.py took 0.062 seconds
[2023-06-09T01:41:10.603+0000] {processor.py:157} INFO - Started process (PID=1786) to work on /home/airflow/.local/lib/python3.7/site-packages/airflow/example_dags/example_sensor_decorator.py
[2023-06-09T01:41:10.606+0000] {processor.py:826} INFO - Processing file /home/airflow/.local/lib/python3.7/site-packages/airflow/example_dags/example_sensor_decorator.py for tasks to queue
[2023-06-09T01:41:10.607+0000] {logging_mixin.py:149} INFO - [2023-06-09T01:41:10.607+0000] {dagbag.py:541} INFO - Filling up the DagBag from /home/airflow/.local/lib/python3.7/site-packages/airflow/example_dags/example_sensor_decorator.py
[2023-06-09T01:41:10.617+0000] {processor.py:836} INFO - DAG(s) dict_keys(['example_sensor_decorator']) retrieved from /home/airflow/.local/lib/python3.7/site-packages/airflow/example_dags/example_sensor_decorator.py
[2023-06-09T01:41:10.643+0000] {logging_mixin.py:149} INFO - [2023-06-09T01:41:10.643+0000] {dag.py:2726} INFO - Sync 1 DAGs
[2023-06-09T01:41:10.660+0000] {logging_mixin.py:149} INFO - [2023-06-09T01:41:10.659+0000] {dag.py:3490} INFO - Setting next_dagrun for example_sensor_decorator to None, run_after=None
[2023-06-09T01:41:10.673+0000] {processor.py:179} INFO - Processing /home/airflow/.local/lib/python3.7/site-packages/airflow/example_dags/example_sensor_decorator.py took 0.076 seconds
[2023-06-09T01:41:41.333+0000] {processor.py:157} INFO - Started process (PID=1843) to work on /home/airflow/.local/lib/python3.7/site-packages/airflow/example_dags/example_sensor_decorator.py
[2023-06-09T01:41:41.335+0000] {processor.py:826} INFO - Processing file /home/airflow/.local/lib/python3.7/site-packages/airflow/example_dags/example_sensor_decorator.py for tasks to queue
[2023-06-09T01:41:41.336+0000] {logging_mixin.py:149} INFO - [2023-06-09T01:41:41.336+0000] {dagbag.py:541} INFO - Filling up the DagBag from /home/airflow/.local/lib/python3.7/site-packages/airflow/example_dags/example_sensor_decorator.py
[2023-06-09T01:41:41.345+0000] {processor.py:836} INFO - DAG(s) dict_keys(['example_sensor_decorator']) retrieved from /home/airflow/.local/lib/python3.7/site-packages/airflow/example_dags/example_sensor_decorator.py
[2023-06-09T01:41:41.371+0000] {logging_mixin.py:149} INFO - [2023-06-09T01:41:41.370+0000] {dag.py:2726} INFO - Sync 1 DAGs
[2023-06-09T01:41:41.387+0000] {logging_mixin.py:149} INFO - [2023-06-09T01:41:41.387+0000] {dag.py:3490} INFO - Setting next_dagrun for example_sensor_decorator to None, run_after=None
[2023-06-09T01:41:41.399+0000] {processor.py:179} INFO - Processing /home/airflow/.local/lib/python3.7/site-packages/airflow/example_dags/example_sensor_decorator.py took 0.071 seconds
[2023-06-09T01:42:11.884+0000] {processor.py:157} INFO - Started process (PID=1899) to work on /home/airflow/.local/lib/python3.7/site-packages/airflow/example_dags/example_sensor_decorator.py
[2023-06-09T01:42:11.886+0000] {processor.py:826} INFO - Processing file /home/airflow/.local/lib/python3.7/site-packages/airflow/example_dags/example_sensor_decorator.py for tasks to queue
[2023-06-09T01:42:11.889+0000] {logging_mixin.py:149} INFO - [2023-06-09T01:42:11.888+0000] {dagbag.py:541} INFO - Filling up the DagBag from /home/airflow/.local/lib/python3.7/site-packages/airflow/example_dags/example_sensor_decorator.py
[2023-06-09T01:42:11.897+0000] {processor.py:836} INFO - DAG(s) dict_keys(['example_sensor_decorator']) retrieved from /home/airflow/.local/lib/python3.7/site-packages/airflow/example_dags/example_sensor_decorator.py
[2023-06-09T01:42:11.925+0000] {logging_mixin.py:149} INFO - [2023-06-09T01:42:11.925+0000] {dag.py:2726} INFO - Sync 1 DAGs
[2023-06-09T01:42:11.942+0000] {logging_mixin.py:149} INFO - [2023-06-09T01:42:11.941+0000] {dag.py:3490} INFO - Setting next_dagrun for example_sensor_decorator to None, run_after=None
[2023-06-09T01:42:11.955+0000] {processor.py:179} INFO - Processing /home/airflow/.local/lib/python3.7/site-packages/airflow/example_dags/example_sensor_decorator.py took 0.077 seconds
[2023-06-09T01:42:42.508+0000] {processor.py:157} INFO - Started process (PID=1954) to work on /home/airflow/.local/lib/python3.7/site-packages/airflow/example_dags/example_sensor_decorator.py
[2023-06-09T01:42:42.509+0000] {processor.py:826} INFO - Processing file /home/airflow/.local/lib/python3.7/site-packages/airflow/example_dags/example_sensor_decorator.py for tasks to queue
[2023-06-09T01:42:42.510+0000] {logging_mixin.py:149} INFO - [2023-06-09T01:42:42.510+0000] {dagbag.py:541} INFO - Filling up the DagBag from /home/airflow/.local/lib/python3.7/site-packages/airflow/example_dags/example_sensor_decorator.py
[2023-06-09T01:42:42.517+0000] {processor.py:836} INFO - DAG(s) dict_keys(['example_sensor_decorator']) retrieved from /home/airflow/.local/lib/python3.7/site-packages/airflow/example_dags/example_sensor_decorator.py
[2023-06-09T01:42:42.543+0000] {logging_mixin.py:149} INFO - [2023-06-09T01:42:42.543+0000] {dag.py:2726} INFO - Sync 1 DAGs
[2023-06-09T01:42:42.562+0000] {logging_mixin.py:149} INFO - [2023-06-09T01:42:42.562+0000] {dag.py:3490} INFO - Setting next_dagrun for example_sensor_decorator to None, run_after=None
[2023-06-09T01:42:42.576+0000] {processor.py:179} INFO - Processing /home/airflow/.local/lib/python3.7/site-packages/airflow/example_dags/example_sensor_decorator.py took 0.071 seconds
[2023-06-09T01:43:12.812+0000] {processor.py:157} INFO - Started process (PID=2010) to work on /home/airflow/.local/lib/python3.7/site-packages/airflow/example_dags/example_sensor_decorator.py
[2023-06-09T01:43:12.813+0000] {processor.py:826} INFO - Processing file /home/airflow/.local/lib/python3.7/site-packages/airflow/example_dags/example_sensor_decorator.py for tasks to queue
[2023-06-09T01:43:12.814+0000] {logging_mixin.py:149} INFO - [2023-06-09T01:43:12.814+0000] {dagbag.py:541} INFO - Filling up the DagBag from /home/airflow/.local/lib/python3.7/site-packages/airflow/example_dags/example_sensor_decorator.py
[2023-06-09T01:43:12.818+0000] {processor.py:836} INFO - DAG(s) dict_keys(['example_sensor_decorator']) retrieved from /home/airflow/.local/lib/python3.7/site-packages/airflow/example_dags/example_sensor_decorator.py
[2023-06-09T01:43:12.837+0000] {logging_mixin.py:149} INFO - [2023-06-09T01:43:12.837+0000] {dag.py:2726} INFO - Sync 1 DAGs
[2023-06-09T01:43:12.852+0000] {logging_mixin.py:149} INFO - [2023-06-09T01:43:12.852+0000] {dag.py:3490} INFO - Setting next_dagrun for example_sensor_decorator to None, run_after=None
[2023-06-09T01:43:12.862+0000] {processor.py:179} INFO - Processing /home/airflow/.local/lib/python3.7/site-packages/airflow/example_dags/example_sensor_decorator.py took 0.052 seconds
[2023-06-09T01:43:42.931+0000] {processor.py:157} INFO - Started process (PID=2066) to work on /home/airflow/.local/lib/python3.7/site-packages/airflow/example_dags/example_sensor_decorator.py
[2023-06-09T01:43:42.932+0000] {processor.py:826} INFO - Processing file /home/airflow/.local/lib/python3.7/site-packages/airflow/example_dags/example_sensor_decorator.py for tasks to queue
[2023-06-09T01:43:42.933+0000] {logging_mixin.py:149} INFO - [2023-06-09T01:43:42.933+0000] {dagbag.py:541} INFO - Filling up the DagBag from /home/airflow/.local/lib/python3.7/site-packages/airflow/example_dags/example_sensor_decorator.py
[2023-06-09T01:43:42.938+0000] {processor.py:836} INFO - DAG(s) dict_keys(['example_sensor_decorator']) retrieved from /home/airflow/.local/lib/python3.7/site-packages/airflow/example_dags/example_sensor_decorator.py
[2023-06-09T01:43:42.956+0000] {logging_mixin.py:149} INFO - [2023-06-09T01:43:42.956+0000] {dag.py:2726} INFO - Sync 1 DAGs
[2023-06-09T01:43:42.975+0000] {logging_mixin.py:149} INFO - [2023-06-09T01:43:42.975+0000] {dag.py:3490} INFO - Setting next_dagrun for example_sensor_decorator to None, run_after=None
[2023-06-09T01:43:42.987+0000] {processor.py:179} INFO - Processing /home/airflow/.local/lib/python3.7/site-packages/airflow/example_dags/example_sensor_decorator.py took 0.059 seconds
[2023-06-09T01:44:13.111+0000] {processor.py:157} INFO - Started process (PID=2122) to work on /home/airflow/.local/lib/python3.7/site-packages/airflow/example_dags/example_sensor_decorator.py
[2023-06-09T01:44:13.112+0000] {processor.py:826} INFO - Processing file /home/airflow/.local/lib/python3.7/site-packages/airflow/example_dags/example_sensor_decorator.py for tasks to queue
[2023-06-09T01:44:13.113+0000] {logging_mixin.py:149} INFO - [2023-06-09T01:44:13.113+0000] {dagbag.py:541} INFO - Filling up the DagBag from /home/airflow/.local/lib/python3.7/site-packages/airflow/example_dags/example_sensor_decorator.py
[2023-06-09T01:44:13.121+0000] {processor.py:836} INFO - DAG(s) dict_keys(['example_sensor_decorator']) retrieved from /home/airflow/.local/lib/python3.7/site-packages/airflow/example_dags/example_sensor_decorator.py
[2023-06-09T01:44:13.143+0000] {logging_mixin.py:149} INFO - [2023-06-09T01:44:13.143+0000] {dag.py:2726} INFO - Sync 1 DAGs
[2023-06-09T01:44:13.161+0000] {logging_mixin.py:149} INFO - [2023-06-09T01:44:13.160+0000] {dag.py:3490} INFO - Setting next_dagrun for example_sensor_decorator to None, run_after=None
[2023-06-09T01:44:13.175+0000] {processor.py:179} INFO - Processing /home/airflow/.local/lib/python3.7/site-packages/airflow/example_dags/example_sensor_decorator.py took 0.067 seconds
[2023-06-09T01:44:43.466+0000] {processor.py:157} INFO - Started process (PID=2179) to work on /home/airflow/.local/lib/python3.7/site-packages/airflow/example_dags/example_sensor_decorator.py
[2023-06-09T01:44:43.467+0000] {processor.py:826} INFO - Processing file /home/airflow/.local/lib/python3.7/site-packages/airflow/example_dags/example_sensor_decorator.py for tasks to queue
[2023-06-09T01:44:43.468+0000] {logging_mixin.py:149} INFO - [2023-06-09T01:44:43.468+0000] {dagbag.py:541} INFO - Filling up the DagBag from /home/airflow/.local/lib/python3.7/site-packages/airflow/example_dags/example_sensor_decorator.py
[2023-06-09T01:44:43.474+0000] {processor.py:836} INFO - DAG(s) dict_keys(['example_sensor_decorator']) retrieved from /home/airflow/.local/lib/python3.7/site-packages/airflow/example_dags/example_sensor_decorator.py
[2023-06-09T01:44:43.500+0000] {logging_mixin.py:149} INFO - [2023-06-09T01:44:43.500+0000] {dag.py:2726} INFO - Sync 1 DAGs
[2023-06-09T01:44:43.522+0000] {logging_mixin.py:149} INFO - [2023-06-09T01:44:43.521+0000] {dag.py:3490} INFO - Setting next_dagrun for example_sensor_decorator to None, run_after=None
[2023-06-09T01:44:43.541+0000] {processor.py:179} INFO - Processing /home/airflow/.local/lib/python3.7/site-packages/airflow/example_dags/example_sensor_decorator.py took 0.078 seconds
[2023-06-09T01:45:13.769+0000] {processor.py:157} INFO - Started process (PID=2235) to work on /home/airflow/.local/lib/python3.7/site-packages/airflow/example_dags/example_sensor_decorator.py
[2023-06-09T01:45:13.771+0000] {processor.py:826} INFO - Processing file /home/airflow/.local/lib/python3.7/site-packages/airflow/example_dags/example_sensor_decorator.py for tasks to queue
[2023-06-09T01:45:13.771+0000] {logging_mixin.py:149} INFO - [2023-06-09T01:45:13.771+0000] {dagbag.py:541} INFO - Filling up the DagBag from /home/airflow/.local/lib/python3.7/site-packages/airflow/example_dags/example_sensor_decorator.py
[2023-06-09T01:45:13.778+0000] {processor.py:836} INFO - DAG(s) dict_keys(['example_sensor_decorator']) retrieved from /home/airflow/.local/lib/python3.7/site-packages/airflow/example_dags/example_sensor_decorator.py
[2023-06-09T01:45:13.801+0000] {logging_mixin.py:149} INFO - [2023-06-09T01:45:13.801+0000] {dag.py:2726} INFO - Sync 1 DAGs
[2023-06-09T01:45:13.822+0000] {logging_mixin.py:149} INFO - [2023-06-09T01:45:13.821+0000] {dag.py:3490} INFO - Setting next_dagrun for example_sensor_decorator to None, run_after=None
[2023-06-09T01:45:13.833+0000] {processor.py:179} INFO - Processing /home/airflow/.local/lib/python3.7/site-packages/airflow/example_dags/example_sensor_decorator.py took 0.066 seconds
[2023-06-09T01:45:43.980+0000] {processor.py:157} INFO - Started process (PID=2292) to work on /home/airflow/.local/lib/python3.7/site-packages/airflow/example_dags/example_sensor_decorator.py
[2023-06-09T01:45:43.981+0000] {processor.py:826} INFO - Processing file /home/airflow/.local/lib/python3.7/site-packages/airflow/example_dags/example_sensor_decorator.py for tasks to queue
[2023-06-09T01:45:43.982+0000] {logging_mixin.py:149} INFO - [2023-06-09T01:45:43.982+0000] {dagbag.py:541} INFO - Filling up the DagBag from /home/airflow/.local/lib/python3.7/site-packages/airflow/example_dags/example_sensor_decorator.py
[2023-06-09T01:45:43.987+0000] {processor.py:836} INFO - DAG(s) dict_keys(['example_sensor_decorator']) retrieved from /home/airflow/.local/lib/python3.7/site-packages/airflow/example_dags/example_sensor_decorator.py
[2023-06-09T01:45:44.009+0000] {logging_mixin.py:149} INFO - [2023-06-09T01:45:44.009+0000] {dag.py:2726} INFO - Sync 1 DAGs
[2023-06-09T01:45:44.027+0000] {logging_mixin.py:149} INFO - [2023-06-09T01:45:44.026+0000] {dag.py:3490} INFO - Setting next_dagrun for example_sensor_decorator to None, run_after=None
[2023-06-09T01:45:44.040+0000] {processor.py:179} INFO - Processing /home/airflow/.local/lib/python3.7/site-packages/airflow/example_dags/example_sensor_decorator.py took 0.063 seconds
[2023-06-09T01:46:14.609+0000] {processor.py:157} INFO - Started process (PID=2348) to work on /home/airflow/.local/lib/python3.7/site-packages/airflow/example_dags/example_sensor_decorator.py
[2023-06-09T01:46:14.612+0000] {processor.py:826} INFO - Processing file /home/airflow/.local/lib/python3.7/site-packages/airflow/example_dags/example_sensor_decorator.py for tasks to queue
[2023-06-09T01:46:14.613+0000] {logging_mixin.py:149} INFO - [2023-06-09T01:46:14.613+0000] {dagbag.py:541} INFO - Filling up the DagBag from /home/airflow/.local/lib/python3.7/site-packages/airflow/example_dags/example_sensor_decorator.py
[2023-06-09T01:46:14.625+0000] {processor.py:836} INFO - DAG(s) dict_keys(['example_sensor_decorator']) retrieved from /home/airflow/.local/lib/python3.7/site-packages/airflow/example_dags/example_sensor_decorator.py
[2023-06-09T01:46:14.664+0000] {logging_mixin.py:149} INFO - [2023-06-09T01:46:14.664+0000] {dag.py:2726} INFO - Sync 1 DAGs
[2023-06-09T01:46:14.687+0000] {logging_mixin.py:149} INFO - [2023-06-09T01:46:14.687+0000] {dag.py:3490} INFO - Setting next_dagrun for example_sensor_decorator to None, run_after=None
[2023-06-09T01:46:14.708+0000] {processor.py:179} INFO - Processing /home/airflow/.local/lib/python3.7/site-packages/airflow/example_dags/example_sensor_decorator.py took 0.105 seconds
[2023-06-09T01:46:44.820+0000] {processor.py:157} INFO - Started process (PID=2405) to work on /home/airflow/.local/lib/python3.7/site-packages/airflow/example_dags/example_sensor_decorator.py
[2023-06-09T01:46:44.821+0000] {processor.py:826} INFO - Processing file /home/airflow/.local/lib/python3.7/site-packages/airflow/example_dags/example_sensor_decorator.py for tasks to queue
[2023-06-09T01:46:44.821+0000] {logging_mixin.py:149} INFO - [2023-06-09T01:46:44.821+0000] {dagbag.py:541} INFO - Filling up the DagBag from /home/airflow/.local/lib/python3.7/site-packages/airflow/example_dags/example_sensor_decorator.py
[2023-06-09T01:46:44.827+0000] {processor.py:836} INFO - DAG(s) dict_keys(['example_sensor_decorator']) retrieved from /home/airflow/.local/lib/python3.7/site-packages/airflow/example_dags/example_sensor_decorator.py
[2023-06-09T01:46:44.847+0000] {logging_mixin.py:149} INFO - [2023-06-09T01:46:44.847+0000] {dag.py:2726} INFO - Sync 1 DAGs
[2023-06-09T01:46:44.863+0000] {logging_mixin.py:149} INFO - [2023-06-09T01:46:44.862+0000] {dag.py:3490} INFO - Setting next_dagrun for example_sensor_decorator to None, run_after=None
[2023-06-09T01:46:44.874+0000] {processor.py:179} INFO - Processing /home/airflow/.local/lib/python3.7/site-packages/airflow/example_dags/example_sensor_decorator.py took 0.057 seconds
[2023-06-09T01:47:15.689+0000] {processor.py:157} INFO - Started process (PID=2460) to work on /home/airflow/.local/lib/python3.7/site-packages/airflow/example_dags/example_sensor_decorator.py
[2023-06-09T01:47:15.690+0000] {processor.py:826} INFO - Processing file /home/airflow/.local/lib/python3.7/site-packages/airflow/example_dags/example_sensor_decorator.py for tasks to queue
[2023-06-09T01:47:15.690+0000] {logging_mixin.py:149} INFO - [2023-06-09T01:47:15.690+0000] {dagbag.py:541} INFO - Filling up the DagBag from /home/airflow/.local/lib/python3.7/site-packages/airflow/example_dags/example_sensor_decorator.py
[2023-06-09T01:47:15.695+0000] {processor.py:836} INFO - DAG(s) dict_keys(['example_sensor_decorator']) retrieved from /home/airflow/.local/lib/python3.7/site-packages/airflow/example_dags/example_sensor_decorator.py
[2023-06-09T01:47:15.716+0000] {logging_mixin.py:149} INFO - [2023-06-09T01:47:15.715+0000] {dag.py:2726} INFO - Sync 1 DAGs
[2023-06-09T01:47:15.732+0000] {logging_mixin.py:149} INFO - [2023-06-09T01:47:15.732+0000] {dag.py:3490} INFO - Setting next_dagrun for example_sensor_decorator to None, run_after=None
[2023-06-09T01:47:15.744+0000] {processor.py:179} INFO - Processing /home/airflow/.local/lib/python3.7/site-packages/airflow/example_dags/example_sensor_decorator.py took 0.058 seconds
[2023-06-09T01:47:46.370+0000] {processor.py:157} INFO - Started process (PID=2516) to work on /home/airflow/.local/lib/python3.7/site-packages/airflow/example_dags/example_sensor_decorator.py
[2023-06-09T01:47:46.372+0000] {processor.py:826} INFO - Processing file /home/airflow/.local/lib/python3.7/site-packages/airflow/example_dags/example_sensor_decorator.py for tasks to queue
[2023-06-09T01:47:46.372+0000] {logging_mixin.py:149} INFO - [2023-06-09T01:47:46.372+0000] {dagbag.py:541} INFO - Filling up the DagBag from /home/airflow/.local/lib/python3.7/site-packages/airflow/example_dags/example_sensor_decorator.py
[2023-06-09T01:47:46.378+0000] {processor.py:836} INFO - DAG(s) dict_keys(['example_sensor_decorator']) retrieved from /home/airflow/.local/lib/python3.7/site-packages/airflow/example_dags/example_sensor_decorator.py
[2023-06-09T01:47:46.398+0000] {logging_mixin.py:149} INFO - [2023-06-09T01:47:46.398+0000] {dag.py:2726} INFO - Sync 1 DAGs
[2023-06-09T01:47:46.413+0000] {logging_mixin.py:149} INFO - [2023-06-09T01:47:46.413+0000] {dag.py:3490} INFO - Setting next_dagrun for example_sensor_decorator to None, run_after=None
[2023-06-09T01:47:46.423+0000] {processor.py:179} INFO - Processing /home/airflow/.local/lib/python3.7/site-packages/airflow/example_dags/example_sensor_decorator.py took 0.056 seconds
[2023-06-09T01:48:17.040+0000] {processor.py:157} INFO - Started process (PID=2573) to work on /home/airflow/.local/lib/python3.7/site-packages/airflow/example_dags/example_sensor_decorator.py
[2023-06-09T01:48:17.041+0000] {processor.py:826} INFO - Processing file /home/airflow/.local/lib/python3.7/site-packages/airflow/example_dags/example_sensor_decorator.py for tasks to queue
[2023-06-09T01:48:17.042+0000] {logging_mixin.py:149} INFO - [2023-06-09T01:48:17.042+0000] {dagbag.py:541} INFO - Filling up the DagBag from /home/airflow/.local/lib/python3.7/site-packages/airflow/example_dags/example_sensor_decorator.py
[2023-06-09T01:48:17.047+0000] {processor.py:836} INFO - DAG(s) dict_keys(['example_sensor_decorator']) retrieved from /home/airflow/.local/lib/python3.7/site-packages/airflow/example_dags/example_sensor_decorator.py
[2023-06-09T01:48:17.068+0000] {logging_mixin.py:149} INFO - [2023-06-09T01:48:17.068+0000] {dag.py:2726} INFO - Sync 1 DAGs
[2023-06-09T01:48:17.083+0000] {logging_mixin.py:149} INFO - [2023-06-09T01:48:17.083+0000] {dag.py:3490} INFO - Setting next_dagrun for example_sensor_decorator to None, run_after=None
[2023-06-09T01:48:17.097+0000] {processor.py:179} INFO - Processing /home/airflow/.local/lib/python3.7/site-packages/airflow/example_dags/example_sensor_decorator.py took 0.060 seconds
[2023-06-09T01:48:47.279+0000] {processor.py:157} INFO - Started process (PID=2629) to work on /home/airflow/.local/lib/python3.7/site-packages/airflow/example_dags/example_sensor_decorator.py
[2023-06-09T01:48:47.281+0000] {processor.py:826} INFO - Processing file /home/airflow/.local/lib/python3.7/site-packages/airflow/example_dags/example_sensor_decorator.py for tasks to queue
[2023-06-09T01:48:47.282+0000] {logging_mixin.py:149} INFO - [2023-06-09T01:48:47.282+0000] {dagbag.py:541} INFO - Filling up the DagBag from /home/airflow/.local/lib/python3.7/site-packages/airflow/example_dags/example_sensor_decorator.py
[2023-06-09T01:48:47.288+0000] {processor.py:836} INFO - DAG(s) dict_keys(['example_sensor_decorator']) retrieved from /home/airflow/.local/lib/python3.7/site-packages/airflow/example_dags/example_sensor_decorator.py
[2023-06-09T01:48:47.312+0000] {logging_mixin.py:149} INFO - [2023-06-09T01:48:47.312+0000] {dag.py:2726} INFO - Sync 1 DAGs
[2023-06-09T01:48:47.328+0000] {logging_mixin.py:149} INFO - [2023-06-09T01:48:47.328+0000] {dag.py:3490} INFO - Setting next_dagrun for example_sensor_decorator to None, run_after=None
[2023-06-09T01:48:47.339+0000] {processor.py:179} INFO - Processing /home/airflow/.local/lib/python3.7/site-packages/airflow/example_dags/example_sensor_decorator.py took 0.063 seconds
[2023-06-09T01:49:17.473+0000] {processor.py:157} INFO - Started process (PID=2685) to work on /home/airflow/.local/lib/python3.7/site-packages/airflow/example_dags/example_sensor_decorator.py
[2023-06-09T01:49:17.475+0000] {processor.py:826} INFO - Processing file /home/airflow/.local/lib/python3.7/site-packages/airflow/example_dags/example_sensor_decorator.py for tasks to queue
[2023-06-09T01:49:17.475+0000] {logging_mixin.py:149} INFO - [2023-06-09T01:49:17.475+0000] {dagbag.py:541} INFO - Filling up the DagBag from /home/airflow/.local/lib/python3.7/site-packages/airflow/example_dags/example_sensor_decorator.py
[2023-06-09T01:49:17.481+0000] {processor.py:836} INFO - DAG(s) dict_keys(['example_sensor_decorator']) retrieved from /home/airflow/.local/lib/python3.7/site-packages/airflow/example_dags/example_sensor_decorator.py
[2023-06-09T01:49:17.503+0000] {logging_mixin.py:149} INFO - [2023-06-09T01:49:17.503+0000] {dag.py:2726} INFO - Sync 1 DAGs
[2023-06-09T01:49:17.523+0000] {logging_mixin.py:149} INFO - [2023-06-09T01:49:17.522+0000] {dag.py:3490} INFO - Setting next_dagrun for example_sensor_decorator to None, run_after=None
[2023-06-09T01:49:17.539+0000] {processor.py:179} INFO - Processing /home/airflow/.local/lib/python3.7/site-packages/airflow/example_dags/example_sensor_decorator.py took 0.070 seconds
[2023-06-09T01:49:47.787+0000] {processor.py:157} INFO - Started process (PID=2740) to work on /home/airflow/.local/lib/python3.7/site-packages/airflow/example_dags/example_sensor_decorator.py
[2023-06-09T01:49:47.789+0000] {processor.py:826} INFO - Processing file /home/airflow/.local/lib/python3.7/site-packages/airflow/example_dags/example_sensor_decorator.py for tasks to queue
[2023-06-09T01:49:47.790+0000] {logging_mixin.py:149} INFO - [2023-06-09T01:49:47.789+0000] {dagbag.py:541} INFO - Filling up the DagBag from /home/airflow/.local/lib/python3.7/site-packages/airflow/example_dags/example_sensor_decorator.py
[2023-06-09T01:49:47.795+0000] {processor.py:836} INFO - DAG(s) dict_keys(['example_sensor_decorator']) retrieved from /home/airflow/.local/lib/python3.7/site-packages/airflow/example_dags/example_sensor_decorator.py
[2023-06-09T01:49:47.814+0000] {logging_mixin.py:149} INFO - [2023-06-09T01:49:47.814+0000] {dag.py:2726} INFO - Sync 1 DAGs
[2023-06-09T01:49:47.829+0000] {logging_mixin.py:149} INFO - [2023-06-09T01:49:47.829+0000] {dag.py:3490} INFO - Setting next_dagrun for example_sensor_decorator to None, run_after=None
[2023-06-09T01:49:47.839+0000] {processor.py:179} INFO - Processing /home/airflow/.local/lib/python3.7/site-packages/airflow/example_dags/example_sensor_decorator.py took 0.054 seconds
[2023-06-09T01:50:18.477+0000] {processor.py:157} INFO - Started process (PID=2796) to work on /home/airflow/.local/lib/python3.7/site-packages/airflow/example_dags/example_sensor_decorator.py
[2023-06-09T01:50:18.479+0000] {processor.py:826} INFO - Processing file /home/airflow/.local/lib/python3.7/site-packages/airflow/example_dags/example_sensor_decorator.py for tasks to queue
[2023-06-09T01:50:18.479+0000] {logging_mixin.py:149} INFO - [2023-06-09T01:50:18.479+0000] {dagbag.py:541} INFO - Filling up the DagBag from /home/airflow/.local/lib/python3.7/site-packages/airflow/example_dags/example_sensor_decorator.py
[2023-06-09T01:50:18.485+0000] {processor.py:836} INFO - DAG(s) dict_keys(['example_sensor_decorator']) retrieved from /home/airflow/.local/lib/python3.7/site-packages/airflow/example_dags/example_sensor_decorator.py
[2023-06-09T01:50:18.506+0000] {logging_mixin.py:149} INFO - [2023-06-09T01:50:18.506+0000] {dag.py:2726} INFO - Sync 1 DAGs
[2023-06-09T01:50:18.522+0000] {logging_mixin.py:149} INFO - [2023-06-09T01:50:18.522+0000] {dag.py:3490} INFO - Setting next_dagrun for example_sensor_decorator to None, run_after=None
[2023-06-09T01:50:18.536+0000] {processor.py:179} INFO - Processing /home/airflow/.local/lib/python3.7/site-packages/airflow/example_dags/example_sensor_decorator.py took 0.062 seconds
[2023-06-09T01:50:48.780+0000] {processor.py:157} INFO - Started process (PID=2852) to work on /home/airflow/.local/lib/python3.7/site-packages/airflow/example_dags/example_sensor_decorator.py
[2023-06-09T01:50:48.783+0000] {processor.py:826} INFO - Processing file /home/airflow/.local/lib/python3.7/site-packages/airflow/example_dags/example_sensor_decorator.py for tasks to queue
[2023-06-09T01:50:48.784+0000] {logging_mixin.py:149} INFO - [2023-06-09T01:50:48.784+0000] {dagbag.py:541} INFO - Filling up the DagBag from /home/airflow/.local/lib/python3.7/site-packages/airflow/example_dags/example_sensor_decorator.py
[2023-06-09T01:50:48.790+0000] {processor.py:836} INFO - DAG(s) dict_keys(['example_sensor_decorator']) retrieved from /home/airflow/.local/lib/python3.7/site-packages/airflow/example_dags/example_sensor_decorator.py
[2023-06-09T01:50:48.810+0000] {logging_mixin.py:149} INFO - [2023-06-09T01:50:48.810+0000] {dag.py:2726} INFO - Sync 1 DAGs
[2023-06-09T01:50:48.827+0000] {logging_mixin.py:149} INFO - [2023-06-09T01:50:48.827+0000] {dag.py:3490} INFO - Setting next_dagrun for example_sensor_decorator to None, run_after=None
[2023-06-09T01:50:48.839+0000] {processor.py:179} INFO - Processing /home/airflow/.local/lib/python3.7/site-packages/airflow/example_dags/example_sensor_decorator.py took 0.062 seconds
[2023-06-09T01:51:19.123+0000] {processor.py:157} INFO - Started process (PID=2908) to work on /home/airflow/.local/lib/python3.7/site-packages/airflow/example_dags/example_sensor_decorator.py
[2023-06-09T01:51:19.124+0000] {processor.py:826} INFO - Processing file /home/airflow/.local/lib/python3.7/site-packages/airflow/example_dags/example_sensor_decorator.py for tasks to queue
[2023-06-09T01:51:19.125+0000] {logging_mixin.py:149} INFO - [2023-06-09T01:51:19.124+0000] {dagbag.py:541} INFO - Filling up the DagBag from /home/airflow/.local/lib/python3.7/site-packages/airflow/example_dags/example_sensor_decorator.py
[2023-06-09T01:51:19.129+0000] {processor.py:836} INFO - DAG(s) dict_keys(['example_sensor_decorator']) retrieved from /home/airflow/.local/lib/python3.7/site-packages/airflow/example_dags/example_sensor_decorator.py
[2023-06-09T01:51:19.153+0000] {logging_mixin.py:149} INFO - [2023-06-09T01:51:19.153+0000] {dag.py:2726} INFO - Sync 1 DAGs
[2023-06-09T01:51:19.169+0000] {logging_mixin.py:149} INFO - [2023-06-09T01:51:19.168+0000] {dag.py:3490} INFO - Setting next_dagrun for example_sensor_decorator to None, run_after=None
[2023-06-09T01:51:19.180+0000] {processor.py:179} INFO - Processing /home/airflow/.local/lib/python3.7/site-packages/airflow/example_dags/example_sensor_decorator.py took 0.060 seconds
[2023-06-09T01:51:49.536+0000] {processor.py:157} INFO - Started process (PID=2964) to work on /home/airflow/.local/lib/python3.7/site-packages/airflow/example_dags/example_sensor_decorator.py
[2023-06-09T01:51:49.538+0000] {processor.py:826} INFO - Processing file /home/airflow/.local/lib/python3.7/site-packages/airflow/example_dags/example_sensor_decorator.py for tasks to queue
[2023-06-09T01:51:49.540+0000] {logging_mixin.py:149} INFO - [2023-06-09T01:51:49.540+0000] {dagbag.py:541} INFO - Filling up the DagBag from /home/airflow/.local/lib/python3.7/site-packages/airflow/example_dags/example_sensor_decorator.py
[2023-06-09T01:51:49.551+0000] {processor.py:836} INFO - DAG(s) dict_keys(['example_sensor_decorator']) retrieved from /home/airflow/.local/lib/python3.7/site-packages/airflow/example_dags/example_sensor_decorator.py
[2023-06-09T01:51:49.581+0000] {logging_mixin.py:149} INFO - [2023-06-09T01:51:49.581+0000] {dag.py:2726} INFO - Sync 1 DAGs
[2023-06-09T01:51:49.599+0000] {logging_mixin.py:149} INFO - [2023-06-09T01:51:49.599+0000] {dag.py:3490} INFO - Setting next_dagrun for example_sensor_decorator to None, run_after=None
[2023-06-09T01:51:49.613+0000] {processor.py:179} INFO - Processing /home/airflow/.local/lib/python3.7/site-packages/airflow/example_dags/example_sensor_decorator.py took 0.094 seconds
[2023-06-09T01:52:20.116+0000] {processor.py:157} INFO - Started process (PID=3020) to work on /home/airflow/.local/lib/python3.7/site-packages/airflow/example_dags/example_sensor_decorator.py
[2023-06-09T01:52:20.118+0000] {processor.py:826} INFO - Processing file /home/airflow/.local/lib/python3.7/site-packages/airflow/example_dags/example_sensor_decorator.py for tasks to queue
[2023-06-09T01:52:20.119+0000] {logging_mixin.py:149} INFO - [2023-06-09T01:52:20.118+0000] {dagbag.py:541} INFO - Filling up the DagBag from /home/airflow/.local/lib/python3.7/site-packages/airflow/example_dags/example_sensor_decorator.py
[2023-06-09T01:52:20.123+0000] {processor.py:836} INFO - DAG(s) dict_keys(['example_sensor_decorator']) retrieved from /home/airflow/.local/lib/python3.7/site-packages/airflow/example_dags/example_sensor_decorator.py
[2023-06-09T01:52:20.143+0000] {logging_mixin.py:149} INFO - [2023-06-09T01:52:20.143+0000] {dag.py:2726} INFO - Sync 1 DAGs
[2023-06-09T01:52:20.164+0000] {logging_mixin.py:149} INFO - [2023-06-09T01:52:20.164+0000] {dag.py:3490} INFO - Setting next_dagrun for example_sensor_decorator to None, run_after=None
[2023-06-09T01:52:20.175+0000] {processor.py:179} INFO - Processing /home/airflow/.local/lib/python3.7/site-packages/airflow/example_dags/example_sensor_decorator.py took 0.062 seconds
[2023-06-09T01:52:50.205+0000] {processor.py:157} INFO - Started process (PID=3076) to work on /home/airflow/.local/lib/python3.7/site-packages/airflow/example_dags/example_sensor_decorator.py
[2023-06-09T01:52:50.206+0000] {processor.py:826} INFO - Processing file /home/airflow/.local/lib/python3.7/site-packages/airflow/example_dags/example_sensor_decorator.py for tasks to queue
[2023-06-09T01:52:50.207+0000] {logging_mixin.py:149} INFO - [2023-06-09T01:52:50.207+0000] {dagbag.py:541} INFO - Filling up the DagBag from /home/airflow/.local/lib/python3.7/site-packages/airflow/example_dags/example_sensor_decorator.py
[2023-06-09T01:52:50.212+0000] {processor.py:836} INFO - DAG(s) dict_keys(['example_sensor_decorator']) retrieved from /home/airflow/.local/lib/python3.7/site-packages/airflow/example_dags/example_sensor_decorator.py
[2023-06-09T01:52:50.230+0000] {logging_mixin.py:149} INFO - [2023-06-09T01:52:50.230+0000] {dag.py:2726} INFO - Sync 1 DAGs
[2023-06-09T01:52:50.244+0000] {logging_mixin.py:149} INFO - [2023-06-09T01:52:50.244+0000] {dag.py:3490} INFO - Setting next_dagrun for example_sensor_decorator to None, run_after=None
[2023-06-09T01:52:50.255+0000] {processor.py:179} INFO - Processing /home/airflow/.local/lib/python3.7/site-packages/airflow/example_dags/example_sensor_decorator.py took 0.052 seconds
[2023-06-09T01:53:50.407+0000] {processor.py:157} INFO - Started process (PID=50) to work on /home/airflow/.local/lib/python3.7/site-packages/airflow/example_dags/example_sensor_decorator.py
[2023-06-09T01:53:50.408+0000] {processor.py:826} INFO - Processing file /home/airflow/.local/lib/python3.7/site-packages/airflow/example_dags/example_sensor_decorator.py for tasks to queue
[2023-06-09T01:53:50.410+0000] {logging_mixin.py:149} INFO - [2023-06-09T01:53:50.409+0000] {dagbag.py:541} INFO - Filling up the DagBag from /home/airflow/.local/lib/python3.7/site-packages/airflow/example_dags/example_sensor_decorator.py
[2023-06-09T01:53:50.420+0000] {processor.py:836} INFO - DAG(s) dict_keys(['example_sensor_decorator']) retrieved from /home/airflow/.local/lib/python3.7/site-packages/airflow/example_dags/example_sensor_decorator.py
[2023-06-09T01:53:50.456+0000] {logging_mixin.py:149} INFO - [2023-06-09T01:53:50.456+0000] {dag.py:2726} INFO - Sync 1 DAGs
[2023-06-09T01:53:50.488+0000] {logging_mixin.py:149} INFO - [2023-06-09T01:53:50.488+0000] {dag.py:3490} INFO - Setting next_dagrun for example_sensor_decorator to None, run_after=None
[2023-06-09T01:53:50.511+0000] {processor.py:179} INFO - Processing /home/airflow/.local/lib/python3.7/site-packages/airflow/example_dags/example_sensor_decorator.py took 0.108 seconds
