[2023-06-09T01:25:18.628+0000] {processor.py:157} INFO - Started process (PID=50) to work on /home/airflow/.local/lib/python3.7/site-packages/airflow/example_dags/example_params_ui_tutorial.py
[2023-06-09T01:25:18.662+0000] {processor.py:826} INFO - Processing file /home/airflow/.local/lib/python3.7/site-packages/airflow/example_dags/example_params_ui_tutorial.py for tasks to queue
[2023-06-09T01:25:18.689+0000] {logging_mixin.py:149} INFO - [2023-06-09T01:25:18.689+0000] {dagbag.py:541} INFO - Filling up the DagBag from /home/airflow/.local/lib/python3.7/site-packages/airflow/example_dags/example_params_ui_tutorial.py
[2023-06-09T01:25:19.205+0000] {processor.py:836} INFO - DAG(s) dict_keys(['example_params_ui_tutorial']) retrieved from /home/airflow/.local/lib/python3.7/site-packages/airflow/example_dags/example_params_ui_tutorial.py
[2023-06-09T01:25:20.296+0000] {logging_mixin.py:149} INFO - [2023-06-09T01:25:20.270+0000] {manager.py:504} INFO - Created Permission View: can delete on DAG:example_params_ui_tutorial
[2023-06-09T01:25:20.438+0000] {logging_mixin.py:149} INFO - [2023-06-09T01:25:20.437+0000] {manager.py:504} INFO - Created Permission View: can edit on DAG:example_params_ui_tutorial
[2023-06-09T01:25:20.555+0000] {logging_mixin.py:149} INFO - [2023-06-09T01:25:20.555+0000] {manager.py:504} INFO - Created Permission View: can read on DAG:example_params_ui_tutorial
[2023-06-09T01:25:20.607+0000] {logging_mixin.py:149} INFO - [2023-06-09T01:25:20.605+0000] {dag.py:2726} INFO - Sync 1 DAGs
[2023-06-09T01:25:20.685+0000] {logging_mixin.py:149} INFO - [2023-06-09T01:25:20.685+0000] {dag.py:2747} INFO - Creating ORM DAG for example_params_ui_tutorial
[2023-06-09T01:25:20.716+0000] {logging_mixin.py:149} INFO - [2023-06-09T01:25:20.716+0000] {dag.py:3490} INFO - Setting next_dagrun for example_params_ui_tutorial to None, run_after=None
[2023-06-09T01:25:20.928+0000] {processor.py:179} INFO - Processing /home/airflow/.local/lib/python3.7/site-packages/airflow/example_dags/example_params_ui_tutorial.py took 2.350 seconds
[2023-06-09T01:25:51.350+0000] {processor.py:157} INFO - Started process (PID=106) to work on /home/airflow/.local/lib/python3.7/site-packages/airflow/example_dags/example_params_ui_tutorial.py
[2023-06-09T01:25:51.356+0000] {processor.py:826} INFO - Processing file /home/airflow/.local/lib/python3.7/site-packages/airflow/example_dags/example_params_ui_tutorial.py for tasks to queue
[2023-06-09T01:25:51.362+0000] {logging_mixin.py:149} INFO - [2023-06-09T01:25:51.362+0000] {dagbag.py:541} INFO - Filling up the DagBag from /home/airflow/.local/lib/python3.7/site-packages/airflow/example_dags/example_params_ui_tutorial.py
[2023-06-09T01:25:51.634+0000] {processor.py:836} INFO - DAG(s) dict_keys(['example_params_ui_tutorial']) retrieved from /home/airflow/.local/lib/python3.7/site-packages/airflow/example_dags/example_params_ui_tutorial.py
[2023-06-09T01:25:52.009+0000] {logging_mixin.py:149} INFO - [2023-06-09T01:25:52.007+0000] {dag.py:2726} INFO - Sync 1 DAGs
[2023-06-09T01:25:52.174+0000] {logging_mixin.py:149} INFO - [2023-06-09T01:25:52.174+0000] {dag.py:3490} INFO - Setting next_dagrun for example_params_ui_tutorial to None, run_after=None
[2023-06-09T01:25:52.313+0000] {processor.py:179} INFO - Processing /home/airflow/.local/lib/python3.7/site-packages/airflow/example_dags/example_params_ui_tutorial.py took 0.969 seconds
[2023-06-09T01:26:22.467+0000] {processor.py:157} INFO - Started process (PID=163) to work on /home/airflow/.local/lib/python3.7/site-packages/airflow/example_dags/example_params_ui_tutorial.py
[2023-06-09T01:26:22.469+0000] {processor.py:826} INFO - Processing file /home/airflow/.local/lib/python3.7/site-packages/airflow/example_dags/example_params_ui_tutorial.py for tasks to queue
[2023-06-09T01:26:22.469+0000] {logging_mixin.py:149} INFO - [2023-06-09T01:26:22.469+0000] {dagbag.py:541} INFO - Filling up the DagBag from /home/airflow/.local/lib/python3.7/site-packages/airflow/example_dags/example_params_ui_tutorial.py
[2023-06-09T01:26:22.509+0000] {processor.py:836} INFO - DAG(s) dict_keys(['example_params_ui_tutorial']) retrieved from /home/airflow/.local/lib/python3.7/site-packages/airflow/example_dags/example_params_ui_tutorial.py
[2023-06-09T01:26:22.552+0000] {logging_mixin.py:149} INFO - [2023-06-09T01:26:22.552+0000] {dag.py:2726} INFO - Sync 1 DAGs
[2023-06-09T01:26:22.569+0000] {logging_mixin.py:149} INFO - [2023-06-09T01:26:22.569+0000] {dag.py:3490} INFO - Setting next_dagrun for example_params_ui_tutorial to None, run_after=None
[2023-06-09T01:26:22.584+0000] {processor.py:179} INFO - Processing /home/airflow/.local/lib/python3.7/site-packages/airflow/example_dags/example_params_ui_tutorial.py took 0.121 seconds
[2023-06-09T01:26:52.669+0000] {processor.py:157} INFO - Started process (PID=218) to work on /home/airflow/.local/lib/python3.7/site-packages/airflow/example_dags/example_params_ui_tutorial.py
[2023-06-09T01:26:52.674+0000] {processor.py:826} INFO - Processing file /home/airflow/.local/lib/python3.7/site-packages/airflow/example_dags/example_params_ui_tutorial.py for tasks to queue
[2023-06-09T01:26:52.677+0000] {logging_mixin.py:149} INFO - [2023-06-09T01:26:52.677+0000] {dagbag.py:541} INFO - Filling up the DagBag from /home/airflow/.local/lib/python3.7/site-packages/airflow/example_dags/example_params_ui_tutorial.py
[2023-06-09T01:26:52.731+0000] {processor.py:836} INFO - DAG(s) dict_keys(['example_params_ui_tutorial']) retrieved from /home/airflow/.local/lib/python3.7/site-packages/airflow/example_dags/example_params_ui_tutorial.py
[2023-06-09T01:26:52.786+0000] {logging_mixin.py:149} INFO - [2023-06-09T01:26:52.786+0000] {dag.py:2726} INFO - Sync 1 DAGs
[2023-06-09T01:26:52.815+0000] {logging_mixin.py:149} INFO - [2023-06-09T01:26:52.815+0000] {dag.py:3490} INFO - Setting next_dagrun for example_params_ui_tutorial to None, run_after=None
[2023-06-09T01:26:52.828+0000] {processor.py:179} INFO - Processing /home/airflow/.local/lib/python3.7/site-packages/airflow/example_dags/example_params_ui_tutorial.py took 0.165 seconds
[2023-06-09T01:27:23.259+0000] {processor.py:157} INFO - Started process (PID=274) to work on /home/airflow/.local/lib/python3.7/site-packages/airflow/example_dags/example_params_ui_tutorial.py
[2023-06-09T01:27:23.263+0000] {processor.py:826} INFO - Processing file /home/airflow/.local/lib/python3.7/site-packages/airflow/example_dags/example_params_ui_tutorial.py for tasks to queue
[2023-06-09T01:27:23.265+0000] {logging_mixin.py:149} INFO - [2023-06-09T01:27:23.265+0000] {dagbag.py:541} INFO - Filling up the DagBag from /home/airflow/.local/lib/python3.7/site-packages/airflow/example_dags/example_params_ui_tutorial.py
[2023-06-09T01:27:23.339+0000] {processor.py:836} INFO - DAG(s) dict_keys(['example_params_ui_tutorial']) retrieved from /home/airflow/.local/lib/python3.7/site-packages/airflow/example_dags/example_params_ui_tutorial.py
[2023-06-09T01:27:23.426+0000] {logging_mixin.py:149} INFO - [2023-06-09T01:27:23.426+0000] {dag.py:2726} INFO - Sync 1 DAGs
[2023-06-09T01:27:23.452+0000] {logging_mixin.py:149} INFO - [2023-06-09T01:27:23.452+0000] {dag.py:3490} INFO - Setting next_dagrun for example_params_ui_tutorial to None, run_after=None
[2023-06-09T01:27:23.466+0000] {processor.py:179} INFO - Processing /home/airflow/.local/lib/python3.7/site-packages/airflow/example_dags/example_params_ui_tutorial.py took 0.213 seconds
[2023-06-09T01:27:53.920+0000] {processor.py:157} INFO - Started process (PID=330) to work on /home/airflow/.local/lib/python3.7/site-packages/airflow/example_dags/example_params_ui_tutorial.py
[2023-06-09T01:27:53.922+0000] {processor.py:826} INFO - Processing file /home/airflow/.local/lib/python3.7/site-packages/airflow/example_dags/example_params_ui_tutorial.py for tasks to queue
[2023-06-09T01:27:53.924+0000] {logging_mixin.py:149} INFO - [2023-06-09T01:27:53.924+0000] {dagbag.py:541} INFO - Filling up the DagBag from /home/airflow/.local/lib/python3.7/site-packages/airflow/example_dags/example_params_ui_tutorial.py
[2023-06-09T01:27:53.980+0000] {processor.py:836} INFO - DAG(s) dict_keys(['example_params_ui_tutorial']) retrieved from /home/airflow/.local/lib/python3.7/site-packages/airflow/example_dags/example_params_ui_tutorial.py
[2023-06-09T01:27:54.058+0000] {logging_mixin.py:149} INFO - [2023-06-09T01:27:54.058+0000] {dag.py:2726} INFO - Sync 1 DAGs
[2023-06-09T01:27:54.089+0000] {logging_mixin.py:149} INFO - [2023-06-09T01:27:54.089+0000] {dag.py:3490} INFO - Setting next_dagrun for example_params_ui_tutorial to None, run_after=None
[2023-06-09T01:27:54.115+0000] {processor.py:179} INFO - Processing /home/airflow/.local/lib/python3.7/site-packages/airflow/example_dags/example_params_ui_tutorial.py took 0.202 seconds
[2023-06-09T01:28:24.593+0000] {processor.py:157} INFO - Started process (PID=386) to work on /home/airflow/.local/lib/python3.7/site-packages/airflow/example_dags/example_params_ui_tutorial.py
[2023-06-09T01:28:24.595+0000] {processor.py:826} INFO - Processing file /home/airflow/.local/lib/python3.7/site-packages/airflow/example_dags/example_params_ui_tutorial.py for tasks to queue
[2023-06-09T01:28:24.597+0000] {logging_mixin.py:149} INFO - [2023-06-09T01:28:24.597+0000] {dagbag.py:541} INFO - Filling up the DagBag from /home/airflow/.local/lib/python3.7/site-packages/airflow/example_dags/example_params_ui_tutorial.py
[2023-06-09T01:28:24.645+0000] {processor.py:836} INFO - DAG(s) dict_keys(['example_params_ui_tutorial']) retrieved from /home/airflow/.local/lib/python3.7/site-packages/airflow/example_dags/example_params_ui_tutorial.py
[2023-06-09T01:28:24.690+0000] {logging_mixin.py:149} INFO - [2023-06-09T01:28:24.689+0000] {dag.py:2726} INFO - Sync 1 DAGs
[2023-06-09T01:28:24.718+0000] {logging_mixin.py:149} INFO - [2023-06-09T01:28:24.718+0000] {dag.py:3490} INFO - Setting next_dagrun for example_params_ui_tutorial to None, run_after=None
[2023-06-09T01:28:24.735+0000] {processor.py:179} INFO - Processing /home/airflow/.local/lib/python3.7/site-packages/airflow/example_dags/example_params_ui_tutorial.py took 0.150 seconds
[2023-06-09T01:28:54.807+0000] {processor.py:157} INFO - Started process (PID=442) to work on /home/airflow/.local/lib/python3.7/site-packages/airflow/example_dags/example_params_ui_tutorial.py
[2023-06-09T01:28:54.809+0000] {processor.py:826} INFO - Processing file /home/airflow/.local/lib/python3.7/site-packages/airflow/example_dags/example_params_ui_tutorial.py for tasks to queue
[2023-06-09T01:28:54.810+0000] {logging_mixin.py:149} INFO - [2023-06-09T01:28:54.810+0000] {dagbag.py:541} INFO - Filling up the DagBag from /home/airflow/.local/lib/python3.7/site-packages/airflow/example_dags/example_params_ui_tutorial.py
[2023-06-09T01:28:54.849+0000] {processor.py:836} INFO - DAG(s) dict_keys(['example_params_ui_tutorial']) retrieved from /home/airflow/.local/lib/python3.7/site-packages/airflow/example_dags/example_params_ui_tutorial.py
[2023-06-09T01:28:54.900+0000] {logging_mixin.py:149} INFO - [2023-06-09T01:28:54.899+0000] {dag.py:2726} INFO - Sync 1 DAGs
[2023-06-09T01:28:54.920+0000] {logging_mixin.py:149} INFO - [2023-06-09T01:28:54.920+0000] {dag.py:3490} INFO - Setting next_dagrun for example_params_ui_tutorial to None, run_after=None
[2023-06-09T01:28:54.932+0000] {processor.py:179} INFO - Processing /home/airflow/.local/lib/python3.7/site-packages/airflow/example_dags/example_params_ui_tutorial.py took 0.130 seconds
[2023-06-09T01:29:25.351+0000] {processor.py:157} INFO - Started process (PID=498) to work on /home/airflow/.local/lib/python3.7/site-packages/airflow/example_dags/example_params_ui_tutorial.py
[2023-06-09T01:29:25.353+0000] {processor.py:826} INFO - Processing file /home/airflow/.local/lib/python3.7/site-packages/airflow/example_dags/example_params_ui_tutorial.py for tasks to queue
[2023-06-09T01:29:25.355+0000] {logging_mixin.py:149} INFO - [2023-06-09T01:29:25.355+0000] {dagbag.py:541} INFO - Filling up the DagBag from /home/airflow/.local/lib/python3.7/site-packages/airflow/example_dags/example_params_ui_tutorial.py
[2023-06-09T01:29:25.390+0000] {processor.py:836} INFO - DAG(s) dict_keys(['example_params_ui_tutorial']) retrieved from /home/airflow/.local/lib/python3.7/site-packages/airflow/example_dags/example_params_ui_tutorial.py
[2023-06-09T01:29:25.430+0000] {logging_mixin.py:149} INFO - [2023-06-09T01:29:25.430+0000] {dag.py:2726} INFO - Sync 1 DAGs
[2023-06-09T01:29:25.448+0000] {logging_mixin.py:149} INFO - [2023-06-09T01:29:25.448+0000] {dag.py:3490} INFO - Setting next_dagrun for example_params_ui_tutorial to None, run_after=None
[2023-06-09T01:29:25.458+0000] {processor.py:179} INFO - Processing /home/airflow/.local/lib/python3.7/site-packages/airflow/example_dags/example_params_ui_tutorial.py took 0.116 seconds
[2023-06-09T01:29:55.869+0000] {processor.py:157} INFO - Started process (PID=554) to work on /home/airflow/.local/lib/python3.7/site-packages/airflow/example_dags/example_params_ui_tutorial.py
[2023-06-09T01:29:55.872+0000] {processor.py:826} INFO - Processing file /home/airflow/.local/lib/python3.7/site-packages/airflow/example_dags/example_params_ui_tutorial.py for tasks to queue
[2023-06-09T01:29:55.873+0000] {logging_mixin.py:149} INFO - [2023-06-09T01:29:55.873+0000] {dagbag.py:541} INFO - Filling up the DagBag from /home/airflow/.local/lib/python3.7/site-packages/airflow/example_dags/example_params_ui_tutorial.py
[2023-06-09T01:29:55.905+0000] {processor.py:836} INFO - DAG(s) dict_keys(['example_params_ui_tutorial']) retrieved from /home/airflow/.local/lib/python3.7/site-packages/airflow/example_dags/example_params_ui_tutorial.py
[2023-06-09T01:29:55.945+0000] {logging_mixin.py:149} INFO - [2023-06-09T01:29:55.945+0000] {dag.py:2726} INFO - Sync 1 DAGs
[2023-06-09T01:29:55.965+0000] {logging_mixin.py:149} INFO - [2023-06-09T01:29:55.965+0000] {dag.py:3490} INFO - Setting next_dagrun for example_params_ui_tutorial to None, run_after=None
[2023-06-09T01:29:55.978+0000] {processor.py:179} INFO - Processing /home/airflow/.local/lib/python3.7/site-packages/airflow/example_dags/example_params_ui_tutorial.py took 0.112 seconds
[2023-06-09T01:30:26.172+0000] {processor.py:157} INFO - Started process (PID=610) to work on /home/airflow/.local/lib/python3.7/site-packages/airflow/example_dags/example_params_ui_tutorial.py
[2023-06-09T01:30:26.174+0000] {processor.py:826} INFO - Processing file /home/airflow/.local/lib/python3.7/site-packages/airflow/example_dags/example_params_ui_tutorial.py for tasks to queue
[2023-06-09T01:30:26.175+0000] {logging_mixin.py:149} INFO - [2023-06-09T01:30:26.175+0000] {dagbag.py:541} INFO - Filling up the DagBag from /home/airflow/.local/lib/python3.7/site-packages/airflow/example_dags/example_params_ui_tutorial.py
[2023-06-09T01:30:26.204+0000] {processor.py:836} INFO - DAG(s) dict_keys(['example_params_ui_tutorial']) retrieved from /home/airflow/.local/lib/python3.7/site-packages/airflow/example_dags/example_params_ui_tutorial.py
[2023-06-09T01:30:26.248+0000] {logging_mixin.py:149} INFO - [2023-06-09T01:30:26.248+0000] {dag.py:2726} INFO - Sync 1 DAGs
[2023-06-09T01:30:26.264+0000] {logging_mixin.py:149} INFO - [2023-06-09T01:30:26.264+0000] {dag.py:3490} INFO - Setting next_dagrun for example_params_ui_tutorial to None, run_after=None
[2023-06-09T01:30:26.276+0000] {processor.py:179} INFO - Processing /home/airflow/.local/lib/python3.7/site-packages/airflow/example_dags/example_params_ui_tutorial.py took 0.108 seconds
[2023-06-09T01:30:56.720+0000] {processor.py:157} INFO - Started process (PID=666) to work on /home/airflow/.local/lib/python3.7/site-packages/airflow/example_dags/example_params_ui_tutorial.py
[2023-06-09T01:30:56.723+0000] {processor.py:826} INFO - Processing file /home/airflow/.local/lib/python3.7/site-packages/airflow/example_dags/example_params_ui_tutorial.py for tasks to queue
[2023-06-09T01:30:56.725+0000] {logging_mixin.py:149} INFO - [2023-06-09T01:30:56.724+0000] {dagbag.py:541} INFO - Filling up the DagBag from /home/airflow/.local/lib/python3.7/site-packages/airflow/example_dags/example_params_ui_tutorial.py
[2023-06-09T01:30:56.763+0000] {processor.py:836} INFO - DAG(s) dict_keys(['example_params_ui_tutorial']) retrieved from /home/airflow/.local/lib/python3.7/site-packages/airflow/example_dags/example_params_ui_tutorial.py
[2023-06-09T01:30:56.802+0000] {logging_mixin.py:149} INFO - [2023-06-09T01:30:56.802+0000] {dag.py:2726} INFO - Sync 1 DAGs
[2023-06-09T01:30:56.819+0000] {logging_mixin.py:149} INFO - [2023-06-09T01:30:56.819+0000] {dag.py:3490} INFO - Setting next_dagrun for example_params_ui_tutorial to None, run_after=None
[2023-06-09T01:30:56.831+0000] {processor.py:179} INFO - Processing /home/airflow/.local/lib/python3.7/site-packages/airflow/example_dags/example_params_ui_tutorial.py took 0.119 seconds
[2023-06-09T01:31:27.538+0000] {processor.py:157} INFO - Started process (PID=722) to work on /home/airflow/.local/lib/python3.7/site-packages/airflow/example_dags/example_params_ui_tutorial.py
[2023-06-09T01:31:27.542+0000] {processor.py:826} INFO - Processing file /home/airflow/.local/lib/python3.7/site-packages/airflow/example_dags/example_params_ui_tutorial.py for tasks to queue
[2023-06-09T01:31:27.543+0000] {logging_mixin.py:149} INFO - [2023-06-09T01:31:27.543+0000] {dagbag.py:541} INFO - Filling up the DagBag from /home/airflow/.local/lib/python3.7/site-packages/airflow/example_dags/example_params_ui_tutorial.py
[2023-06-09T01:31:27.617+0000] {processor.py:836} INFO - DAG(s) dict_keys(['example_params_ui_tutorial']) retrieved from /home/airflow/.local/lib/python3.7/site-packages/airflow/example_dags/example_params_ui_tutorial.py
[2023-06-09T01:31:27.678+0000] {logging_mixin.py:149} INFO - [2023-06-09T01:31:27.678+0000] {dag.py:2726} INFO - Sync 1 DAGs
[2023-06-09T01:31:27.725+0000] {logging_mixin.py:149} INFO - [2023-06-09T01:31:27.725+0000] {dag.py:3490} INFO - Setting next_dagrun for example_params_ui_tutorial to None, run_after=None
[2023-06-09T01:31:27.739+0000] {processor.py:179} INFO - Processing /home/airflow/.local/lib/python3.7/site-packages/airflow/example_dags/example_params_ui_tutorial.py took 0.212 seconds
[2023-06-09T01:31:57.792+0000] {processor.py:157} INFO - Started process (PID=778) to work on /home/airflow/.local/lib/python3.7/site-packages/airflow/example_dags/example_params_ui_tutorial.py
[2023-06-09T01:31:57.794+0000] {processor.py:826} INFO - Processing file /home/airflow/.local/lib/python3.7/site-packages/airflow/example_dags/example_params_ui_tutorial.py for tasks to queue
[2023-06-09T01:31:57.795+0000] {logging_mixin.py:149} INFO - [2023-06-09T01:31:57.795+0000] {dagbag.py:541} INFO - Filling up the DagBag from /home/airflow/.local/lib/python3.7/site-packages/airflow/example_dags/example_params_ui_tutorial.py
[2023-06-09T01:31:57.846+0000] {processor.py:836} INFO - DAG(s) dict_keys(['example_params_ui_tutorial']) retrieved from /home/airflow/.local/lib/python3.7/site-packages/airflow/example_dags/example_params_ui_tutorial.py
[2023-06-09T01:31:57.895+0000] {logging_mixin.py:149} INFO - [2023-06-09T01:31:57.895+0000] {dag.py:2726} INFO - Sync 1 DAGs
[2023-06-09T01:31:57.921+0000] {logging_mixin.py:149} INFO - [2023-06-09T01:31:57.921+0000] {dag.py:3490} INFO - Setting next_dagrun for example_params_ui_tutorial to None, run_after=None
[2023-06-09T01:31:57.935+0000] {processor.py:179} INFO - Processing /home/airflow/.local/lib/python3.7/site-packages/airflow/example_dags/example_params_ui_tutorial.py took 0.149 seconds
[2023-06-09T01:32:27.992+0000] {processor.py:157} INFO - Started process (PID=834) to work on /home/airflow/.local/lib/python3.7/site-packages/airflow/example_dags/example_params_ui_tutorial.py
[2023-06-09T01:32:27.995+0000] {processor.py:826} INFO - Processing file /home/airflow/.local/lib/python3.7/site-packages/airflow/example_dags/example_params_ui_tutorial.py for tasks to queue
[2023-06-09T01:32:27.999+0000] {logging_mixin.py:149} INFO - [2023-06-09T01:32:27.999+0000] {dagbag.py:541} INFO - Filling up the DagBag from /home/airflow/.local/lib/python3.7/site-packages/airflow/example_dags/example_params_ui_tutorial.py
[2023-06-09T01:32:28.036+0000] {processor.py:836} INFO - DAG(s) dict_keys(['example_params_ui_tutorial']) retrieved from /home/airflow/.local/lib/python3.7/site-packages/airflow/example_dags/example_params_ui_tutorial.py
[2023-06-09T01:32:28.073+0000] {logging_mixin.py:149} INFO - [2023-06-09T01:32:28.073+0000] {dag.py:2726} INFO - Sync 1 DAGs
[2023-06-09T01:32:28.089+0000] {logging_mixin.py:149} INFO - [2023-06-09T01:32:28.089+0000] {dag.py:3490} INFO - Setting next_dagrun for example_params_ui_tutorial to None, run_after=None
[2023-06-09T01:32:28.100+0000] {processor.py:179} INFO - Processing /home/airflow/.local/lib/python3.7/site-packages/airflow/example_dags/example_params_ui_tutorial.py took 0.115 seconds
[2023-06-09T01:32:58.387+0000] {processor.py:157} INFO - Started process (PID=890) to work on /home/airflow/.local/lib/python3.7/site-packages/airflow/example_dags/example_params_ui_tutorial.py
[2023-06-09T01:32:58.390+0000] {processor.py:826} INFO - Processing file /home/airflow/.local/lib/python3.7/site-packages/airflow/example_dags/example_params_ui_tutorial.py for tasks to queue
[2023-06-09T01:32:58.391+0000] {logging_mixin.py:149} INFO - [2023-06-09T01:32:58.391+0000] {dagbag.py:541} INFO - Filling up the DagBag from /home/airflow/.local/lib/python3.7/site-packages/airflow/example_dags/example_params_ui_tutorial.py
[2023-06-09T01:32:58.427+0000] {processor.py:836} INFO - DAG(s) dict_keys(['example_params_ui_tutorial']) retrieved from /home/airflow/.local/lib/python3.7/site-packages/airflow/example_dags/example_params_ui_tutorial.py
[2023-06-09T01:32:58.465+0000] {logging_mixin.py:149} INFO - [2023-06-09T01:32:58.465+0000] {dag.py:2726} INFO - Sync 1 DAGs
[2023-06-09T01:32:58.481+0000] {logging_mixin.py:149} INFO - [2023-06-09T01:32:58.481+0000] {dag.py:3490} INFO - Setting next_dagrun for example_params_ui_tutorial to None, run_after=None
[2023-06-09T01:32:58.492+0000] {processor.py:179} INFO - Processing /home/airflow/.local/lib/python3.7/site-packages/airflow/example_dags/example_params_ui_tutorial.py took 0.112 seconds
[2023-06-09T01:33:28.531+0000] {processor.py:157} INFO - Started process (PID=946) to work on /home/airflow/.local/lib/python3.7/site-packages/airflow/example_dags/example_params_ui_tutorial.py
[2023-06-09T01:33:28.532+0000] {processor.py:826} INFO - Processing file /home/airflow/.local/lib/python3.7/site-packages/airflow/example_dags/example_params_ui_tutorial.py for tasks to queue
[2023-06-09T01:33:28.533+0000] {logging_mixin.py:149} INFO - [2023-06-09T01:33:28.533+0000] {dagbag.py:541} INFO - Filling up the DagBag from /home/airflow/.local/lib/python3.7/site-packages/airflow/example_dags/example_params_ui_tutorial.py
[2023-06-09T01:33:28.558+0000] {processor.py:836} INFO - DAG(s) dict_keys(['example_params_ui_tutorial']) retrieved from /home/airflow/.local/lib/python3.7/site-packages/airflow/example_dags/example_params_ui_tutorial.py
[2023-06-09T01:33:28.594+0000] {logging_mixin.py:149} INFO - [2023-06-09T01:33:28.594+0000] {dag.py:2726} INFO - Sync 1 DAGs
[2023-06-09T01:33:28.610+0000] {logging_mixin.py:149} INFO - [2023-06-09T01:33:28.610+0000] {dag.py:3490} INFO - Setting next_dagrun for example_params_ui_tutorial to None, run_after=None
[2023-06-09T01:33:28.621+0000] {processor.py:179} INFO - Processing /home/airflow/.local/lib/python3.7/site-packages/airflow/example_dags/example_params_ui_tutorial.py took 0.094 seconds
[2023-06-09T01:33:58.867+0000] {processor.py:157} INFO - Started process (PID=1002) to work on /home/airflow/.local/lib/python3.7/site-packages/airflow/example_dags/example_params_ui_tutorial.py
[2023-06-09T01:33:58.869+0000] {processor.py:826} INFO - Processing file /home/airflow/.local/lib/python3.7/site-packages/airflow/example_dags/example_params_ui_tutorial.py for tasks to queue
[2023-06-09T01:33:58.869+0000] {logging_mixin.py:149} INFO - [2023-06-09T01:33:58.869+0000] {dagbag.py:541} INFO - Filling up the DagBag from /home/airflow/.local/lib/python3.7/site-packages/airflow/example_dags/example_params_ui_tutorial.py
[2023-06-09T01:33:58.898+0000] {processor.py:836} INFO - DAG(s) dict_keys(['example_params_ui_tutorial']) retrieved from /home/airflow/.local/lib/python3.7/site-packages/airflow/example_dags/example_params_ui_tutorial.py
[2023-06-09T01:33:58.937+0000] {logging_mixin.py:149} INFO - [2023-06-09T01:33:58.937+0000] {dag.py:2726} INFO - Sync 1 DAGs
[2023-06-09T01:33:58.954+0000] {logging_mixin.py:149} INFO - [2023-06-09T01:33:58.954+0000] {dag.py:3490} INFO - Setting next_dagrun for example_params_ui_tutorial to None, run_after=None
[2023-06-09T01:33:58.968+0000] {processor.py:179} INFO - Processing /home/airflow/.local/lib/python3.7/site-packages/airflow/example_dags/example_params_ui_tutorial.py took 0.104 seconds
[2023-06-09T01:34:29.770+0000] {processor.py:157} INFO - Started process (PID=1053) to work on /home/airflow/.local/lib/python3.7/site-packages/airflow/example_dags/example_params_ui_tutorial.py
[2023-06-09T01:34:29.773+0000] {processor.py:826} INFO - Processing file /home/airflow/.local/lib/python3.7/site-packages/airflow/example_dags/example_params_ui_tutorial.py for tasks to queue
[2023-06-09T01:34:29.775+0000] {logging_mixin.py:149} INFO - [2023-06-09T01:34:29.775+0000] {dagbag.py:541} INFO - Filling up the DagBag from /home/airflow/.local/lib/python3.7/site-packages/airflow/example_dags/example_params_ui_tutorial.py
[2023-06-09T01:34:29.816+0000] {processor.py:836} INFO - DAG(s) dict_keys(['example_params_ui_tutorial']) retrieved from /home/airflow/.local/lib/python3.7/site-packages/airflow/example_dags/example_params_ui_tutorial.py
[2023-06-09T01:34:29.854+0000] {logging_mixin.py:149} INFO - [2023-06-09T01:34:29.854+0000] {dag.py:2726} INFO - Sync 1 DAGs
[2023-06-09T01:34:29.870+0000] {logging_mixin.py:149} INFO - [2023-06-09T01:34:29.870+0000] {dag.py:3490} INFO - Setting next_dagrun for example_params_ui_tutorial to None, run_after=None
[2023-06-09T01:34:29.883+0000] {processor.py:179} INFO - Processing /home/airflow/.local/lib/python3.7/site-packages/airflow/example_dags/example_params_ui_tutorial.py took 0.122 seconds
[2023-06-09T01:35:00.449+0000] {processor.py:157} INFO - Started process (PID=1109) to work on /home/airflow/.local/lib/python3.7/site-packages/airflow/example_dags/example_params_ui_tutorial.py
[2023-06-09T01:35:00.451+0000] {processor.py:826} INFO - Processing file /home/airflow/.local/lib/python3.7/site-packages/airflow/example_dags/example_params_ui_tutorial.py for tasks to queue
[2023-06-09T01:35:00.452+0000] {logging_mixin.py:149} INFO - [2023-06-09T01:35:00.452+0000] {dagbag.py:541} INFO - Filling up the DagBag from /home/airflow/.local/lib/python3.7/site-packages/airflow/example_dags/example_params_ui_tutorial.py
[2023-06-09T01:35:00.495+0000] {processor.py:836} INFO - DAG(s) dict_keys(['example_params_ui_tutorial']) retrieved from /home/airflow/.local/lib/python3.7/site-packages/airflow/example_dags/example_params_ui_tutorial.py
[2023-06-09T01:35:00.534+0000] {logging_mixin.py:149} INFO - [2023-06-09T01:35:00.534+0000] {dag.py:2726} INFO - Sync 1 DAGs
[2023-06-09T01:35:00.553+0000] {logging_mixin.py:149} INFO - [2023-06-09T01:35:00.553+0000] {dag.py:3490} INFO - Setting next_dagrun for example_params_ui_tutorial to None, run_after=None
[2023-06-09T01:35:00.570+0000] {processor.py:179} INFO - Processing /home/airflow/.local/lib/python3.7/site-packages/airflow/example_dags/example_params_ui_tutorial.py took 0.127 seconds
[2023-06-09T01:35:30.990+0000] {processor.py:157} INFO - Started process (PID=1165) to work on /home/airflow/.local/lib/python3.7/site-packages/airflow/example_dags/example_params_ui_tutorial.py
[2023-06-09T01:35:30.994+0000] {processor.py:826} INFO - Processing file /home/airflow/.local/lib/python3.7/site-packages/airflow/example_dags/example_params_ui_tutorial.py for tasks to queue
[2023-06-09T01:35:30.996+0000] {logging_mixin.py:149} INFO - [2023-06-09T01:35:30.996+0000] {dagbag.py:541} INFO - Filling up the DagBag from /home/airflow/.local/lib/python3.7/site-packages/airflow/example_dags/example_params_ui_tutorial.py
[2023-06-09T01:35:31.041+0000] {processor.py:836} INFO - DAG(s) dict_keys(['example_params_ui_tutorial']) retrieved from /home/airflow/.local/lib/python3.7/site-packages/airflow/example_dags/example_params_ui_tutorial.py
[2023-06-09T01:35:31.084+0000] {logging_mixin.py:149} INFO - [2023-06-09T01:35:31.083+0000] {dag.py:2726} INFO - Sync 1 DAGs
[2023-06-09T01:35:31.104+0000] {logging_mixin.py:149} INFO - [2023-06-09T01:35:31.103+0000] {dag.py:3490} INFO - Setting next_dagrun for example_params_ui_tutorial to None, run_after=None
[2023-06-09T01:35:31.123+0000] {processor.py:179} INFO - Processing /home/airflow/.local/lib/python3.7/site-packages/airflow/example_dags/example_params_ui_tutorial.py took 0.141 seconds
[2023-06-09T01:36:01.278+0000] {processor.py:157} INFO - Started process (PID=1221) to work on /home/airflow/.local/lib/python3.7/site-packages/airflow/example_dags/example_params_ui_tutorial.py
[2023-06-09T01:36:01.281+0000] {processor.py:826} INFO - Processing file /home/airflow/.local/lib/python3.7/site-packages/airflow/example_dags/example_params_ui_tutorial.py for tasks to queue
[2023-06-09T01:36:01.283+0000] {logging_mixin.py:149} INFO - [2023-06-09T01:36:01.283+0000] {dagbag.py:541} INFO - Filling up the DagBag from /home/airflow/.local/lib/python3.7/site-packages/airflow/example_dags/example_params_ui_tutorial.py
[2023-06-09T01:36:01.322+0000] {processor.py:836} INFO - DAG(s) dict_keys(['example_params_ui_tutorial']) retrieved from /home/airflow/.local/lib/python3.7/site-packages/airflow/example_dags/example_params_ui_tutorial.py
[2023-06-09T01:36:01.363+0000] {logging_mixin.py:149} INFO - [2023-06-09T01:36:01.363+0000] {dag.py:2726} INFO - Sync 1 DAGs
[2023-06-09T01:36:01.380+0000] {logging_mixin.py:149} INFO - [2023-06-09T01:36:01.380+0000] {dag.py:3490} INFO - Setting next_dagrun for example_params_ui_tutorial to None, run_after=None
[2023-06-09T01:36:01.393+0000] {processor.py:179} INFO - Processing /home/airflow/.local/lib/python3.7/site-packages/airflow/example_dags/example_params_ui_tutorial.py took 0.121 seconds
[2023-06-09T01:36:32.107+0000] {processor.py:157} INFO - Started process (PID=1277) to work on /home/airflow/.local/lib/python3.7/site-packages/airflow/example_dags/example_params_ui_tutorial.py
[2023-06-09T01:36:32.109+0000] {processor.py:826} INFO - Processing file /home/airflow/.local/lib/python3.7/site-packages/airflow/example_dags/example_params_ui_tutorial.py for tasks to queue
[2023-06-09T01:36:32.111+0000] {logging_mixin.py:149} INFO - [2023-06-09T01:36:32.111+0000] {dagbag.py:541} INFO - Filling up the DagBag from /home/airflow/.local/lib/python3.7/site-packages/airflow/example_dags/example_params_ui_tutorial.py
[2023-06-09T01:36:32.149+0000] {processor.py:836} INFO - DAG(s) dict_keys(['example_params_ui_tutorial']) retrieved from /home/airflow/.local/lib/python3.7/site-packages/airflow/example_dags/example_params_ui_tutorial.py
[2023-06-09T01:36:32.194+0000] {logging_mixin.py:149} INFO - [2023-06-09T01:36:32.194+0000] {dag.py:2726} INFO - Sync 1 DAGs
[2023-06-09T01:36:32.211+0000] {logging_mixin.py:149} INFO - [2023-06-09T01:36:32.211+0000] {dag.py:3490} INFO - Setting next_dagrun for example_params_ui_tutorial to None, run_after=None
[2023-06-09T01:36:32.224+0000] {processor.py:179} INFO - Processing /home/airflow/.local/lib/python3.7/site-packages/airflow/example_dags/example_params_ui_tutorial.py took 0.122 seconds
[2023-06-09T01:37:02.566+0000] {processor.py:157} INFO - Started process (PID=1333) to work on /home/airflow/.local/lib/python3.7/site-packages/airflow/example_dags/example_params_ui_tutorial.py
[2023-06-09T01:37:02.570+0000] {processor.py:826} INFO - Processing file /home/airflow/.local/lib/python3.7/site-packages/airflow/example_dags/example_params_ui_tutorial.py for tasks to queue
[2023-06-09T01:37:02.571+0000] {logging_mixin.py:149} INFO - [2023-06-09T01:37:02.571+0000] {dagbag.py:541} INFO - Filling up the DagBag from /home/airflow/.local/lib/python3.7/site-packages/airflow/example_dags/example_params_ui_tutorial.py
[2023-06-09T01:37:02.614+0000] {processor.py:836} INFO - DAG(s) dict_keys(['example_params_ui_tutorial']) retrieved from /home/airflow/.local/lib/python3.7/site-packages/airflow/example_dags/example_params_ui_tutorial.py
[2023-06-09T01:37:02.654+0000] {logging_mixin.py:149} INFO - [2023-06-09T01:37:02.654+0000] {dag.py:2726} INFO - Sync 1 DAGs
[2023-06-09T01:37:02.672+0000] {logging_mixin.py:149} INFO - [2023-06-09T01:37:02.671+0000] {dag.py:3490} INFO - Setting next_dagrun for example_params_ui_tutorial to None, run_after=None
[2023-06-09T01:37:02.685+0000] {processor.py:179} INFO - Processing /home/airflow/.local/lib/python3.7/site-packages/airflow/example_dags/example_params_ui_tutorial.py took 0.124 seconds
[2023-06-09T01:37:33.367+0000] {processor.py:157} INFO - Started process (PID=1389) to work on /home/airflow/.local/lib/python3.7/site-packages/airflow/example_dags/example_params_ui_tutorial.py
[2023-06-09T01:37:33.371+0000] {processor.py:826} INFO - Processing file /home/airflow/.local/lib/python3.7/site-packages/airflow/example_dags/example_params_ui_tutorial.py for tasks to queue
[2023-06-09T01:37:33.373+0000] {logging_mixin.py:149} INFO - [2023-06-09T01:37:33.373+0000] {dagbag.py:541} INFO - Filling up the DagBag from /home/airflow/.local/lib/python3.7/site-packages/airflow/example_dags/example_params_ui_tutorial.py
[2023-06-09T01:37:33.413+0000] {processor.py:836} INFO - DAG(s) dict_keys(['example_params_ui_tutorial']) retrieved from /home/airflow/.local/lib/python3.7/site-packages/airflow/example_dags/example_params_ui_tutorial.py
[2023-06-09T01:37:33.451+0000] {logging_mixin.py:149} INFO - [2023-06-09T01:37:33.451+0000] {dag.py:2726} INFO - Sync 1 DAGs
[2023-06-09T01:37:33.469+0000] {logging_mixin.py:149} INFO - [2023-06-09T01:37:33.468+0000] {dag.py:3490} INFO - Setting next_dagrun for example_params_ui_tutorial to None, run_after=None
[2023-06-09T01:37:33.482+0000] {processor.py:179} INFO - Processing /home/airflow/.local/lib/python3.7/site-packages/airflow/example_dags/example_params_ui_tutorial.py took 0.122 seconds
[2023-06-09T01:38:03.914+0000] {processor.py:157} INFO - Started process (PID=1444) to work on /home/airflow/.local/lib/python3.7/site-packages/airflow/example_dags/example_params_ui_tutorial.py
[2023-06-09T01:38:03.916+0000] {processor.py:826} INFO - Processing file /home/airflow/.local/lib/python3.7/site-packages/airflow/example_dags/example_params_ui_tutorial.py for tasks to queue
[2023-06-09T01:38:03.918+0000] {logging_mixin.py:149} INFO - [2023-06-09T01:38:03.918+0000] {dagbag.py:541} INFO - Filling up the DagBag from /home/airflow/.local/lib/python3.7/site-packages/airflow/example_dags/example_params_ui_tutorial.py
[2023-06-09T01:38:03.958+0000] {processor.py:836} INFO - DAG(s) dict_keys(['example_params_ui_tutorial']) retrieved from /home/airflow/.local/lib/python3.7/site-packages/airflow/example_dags/example_params_ui_tutorial.py
[2023-06-09T01:38:04.000+0000] {logging_mixin.py:149} INFO - [2023-06-09T01:38:04.000+0000] {dag.py:2726} INFO - Sync 1 DAGs
[2023-06-09T01:38:04.018+0000] {logging_mixin.py:149} INFO - [2023-06-09T01:38:04.018+0000] {dag.py:3490} INFO - Setting next_dagrun for example_params_ui_tutorial to None, run_after=None
[2023-06-09T01:38:04.030+0000] {processor.py:179} INFO - Processing /home/airflow/.local/lib/python3.7/site-packages/airflow/example_dags/example_params_ui_tutorial.py took 0.123 seconds
[2023-06-09T01:38:34.576+0000] {processor.py:157} INFO - Started process (PID=1500) to work on /home/airflow/.local/lib/python3.7/site-packages/airflow/example_dags/example_params_ui_tutorial.py
[2023-06-09T01:38:34.579+0000] {processor.py:826} INFO - Processing file /home/airflow/.local/lib/python3.7/site-packages/airflow/example_dags/example_params_ui_tutorial.py for tasks to queue
[2023-06-09T01:38:34.581+0000] {logging_mixin.py:149} INFO - [2023-06-09T01:38:34.581+0000] {dagbag.py:541} INFO - Filling up the DagBag from /home/airflow/.local/lib/python3.7/site-packages/airflow/example_dags/example_params_ui_tutorial.py
[2023-06-09T01:38:34.623+0000] {processor.py:836} INFO - DAG(s) dict_keys(['example_params_ui_tutorial']) retrieved from /home/airflow/.local/lib/python3.7/site-packages/airflow/example_dags/example_params_ui_tutorial.py
[2023-06-09T01:38:34.663+0000] {logging_mixin.py:149} INFO - [2023-06-09T01:38:34.663+0000] {dag.py:2726} INFO - Sync 1 DAGs
[2023-06-09T01:38:34.680+0000] {logging_mixin.py:149} INFO - [2023-06-09T01:38:34.680+0000] {dag.py:3490} INFO - Setting next_dagrun for example_params_ui_tutorial to None, run_after=None
[2023-06-09T01:38:34.694+0000] {processor.py:179} INFO - Processing /home/airflow/.local/lib/python3.7/site-packages/airflow/example_dags/example_params_ui_tutorial.py took 0.125 seconds
[2023-06-09T01:39:05.634+0000] {processor.py:157} INFO - Started process (PID=1556) to work on /home/airflow/.local/lib/python3.7/site-packages/airflow/example_dags/example_params_ui_tutorial.py
[2023-06-09T01:39:05.639+0000] {processor.py:826} INFO - Processing file /home/airflow/.local/lib/python3.7/site-packages/airflow/example_dags/example_params_ui_tutorial.py for tasks to queue
[2023-06-09T01:39:05.642+0000] {logging_mixin.py:149} INFO - [2023-06-09T01:39:05.642+0000] {dagbag.py:541} INFO - Filling up the DagBag from /home/airflow/.local/lib/python3.7/site-packages/airflow/example_dags/example_params_ui_tutorial.py
[2023-06-09T01:39:05.681+0000] {processor.py:836} INFO - DAG(s) dict_keys(['example_params_ui_tutorial']) retrieved from /home/airflow/.local/lib/python3.7/site-packages/airflow/example_dags/example_params_ui_tutorial.py
[2023-06-09T01:39:05.725+0000] {logging_mixin.py:149} INFO - [2023-06-09T01:39:05.724+0000] {dag.py:2726} INFO - Sync 1 DAGs
[2023-06-09T01:39:05.743+0000] {logging_mixin.py:149} INFO - [2023-06-09T01:39:05.743+0000] {dag.py:3490} INFO - Setting next_dagrun for example_params_ui_tutorial to None, run_after=None
[2023-06-09T01:39:05.754+0000] {processor.py:179} INFO - Processing /home/airflow/.local/lib/python3.7/site-packages/airflow/example_dags/example_params_ui_tutorial.py took 0.126 seconds
[2023-06-09T01:39:35.947+0000] {processor.py:157} INFO - Started process (PID=1612) to work on /home/airflow/.local/lib/python3.7/site-packages/airflow/example_dags/example_params_ui_tutorial.py
[2023-06-09T01:39:35.949+0000] {processor.py:826} INFO - Processing file /home/airflow/.local/lib/python3.7/site-packages/airflow/example_dags/example_params_ui_tutorial.py for tasks to queue
[2023-06-09T01:39:35.950+0000] {logging_mixin.py:149} INFO - [2023-06-09T01:39:35.950+0000] {dagbag.py:541} INFO - Filling up the DagBag from /home/airflow/.local/lib/python3.7/site-packages/airflow/example_dags/example_params_ui_tutorial.py
[2023-06-09T01:39:35.985+0000] {processor.py:836} INFO - DAG(s) dict_keys(['example_params_ui_tutorial']) retrieved from /home/airflow/.local/lib/python3.7/site-packages/airflow/example_dags/example_params_ui_tutorial.py
[2023-06-09T01:39:36.022+0000] {logging_mixin.py:149} INFO - [2023-06-09T01:39:36.022+0000] {dag.py:2726} INFO - Sync 1 DAGs
[2023-06-09T01:39:36.039+0000] {logging_mixin.py:149} INFO - [2023-06-09T01:39:36.038+0000] {dag.py:3490} INFO - Setting next_dagrun for example_params_ui_tutorial to None, run_after=None
[2023-06-09T01:39:36.049+0000] {processor.py:179} INFO - Processing /home/airflow/.local/lib/python3.7/site-packages/airflow/example_dags/example_params_ui_tutorial.py took 0.110 seconds
[2023-06-09T01:40:06.220+0000] {processor.py:157} INFO - Started process (PID=1669) to work on /home/airflow/.local/lib/python3.7/site-packages/airflow/example_dags/example_params_ui_tutorial.py
[2023-06-09T01:40:06.222+0000] {processor.py:826} INFO - Processing file /home/airflow/.local/lib/python3.7/site-packages/airflow/example_dags/example_params_ui_tutorial.py for tasks to queue
[2023-06-09T01:40:06.223+0000] {logging_mixin.py:149} INFO - [2023-06-09T01:40:06.223+0000] {dagbag.py:541} INFO - Filling up the DagBag from /home/airflow/.local/lib/python3.7/site-packages/airflow/example_dags/example_params_ui_tutorial.py
[2023-06-09T01:40:06.253+0000] {processor.py:836} INFO - DAG(s) dict_keys(['example_params_ui_tutorial']) retrieved from /home/airflow/.local/lib/python3.7/site-packages/airflow/example_dags/example_params_ui_tutorial.py
[2023-06-09T01:40:06.290+0000] {logging_mixin.py:149} INFO - [2023-06-09T01:40:06.290+0000] {dag.py:2726} INFO - Sync 1 DAGs
[2023-06-09T01:40:06.307+0000] {logging_mixin.py:149} INFO - [2023-06-09T01:40:06.307+0000] {dag.py:3490} INFO - Setting next_dagrun for example_params_ui_tutorial to None, run_after=None
[2023-06-09T01:40:06.317+0000] {processor.py:179} INFO - Processing /home/airflow/.local/lib/python3.7/site-packages/airflow/example_dags/example_params_ui_tutorial.py took 0.101 seconds
[2023-06-09T01:40:36.642+0000] {processor.py:157} INFO - Started process (PID=1725) to work on /home/airflow/.local/lib/python3.7/site-packages/airflow/example_dags/example_params_ui_tutorial.py
[2023-06-09T01:40:36.643+0000] {processor.py:826} INFO - Processing file /home/airflow/.local/lib/python3.7/site-packages/airflow/example_dags/example_params_ui_tutorial.py for tasks to queue
[2023-06-09T01:40:36.644+0000] {logging_mixin.py:149} INFO - [2023-06-09T01:40:36.644+0000] {dagbag.py:541} INFO - Filling up the DagBag from /home/airflow/.local/lib/python3.7/site-packages/airflow/example_dags/example_params_ui_tutorial.py
[2023-06-09T01:40:36.671+0000] {processor.py:836} INFO - DAG(s) dict_keys(['example_params_ui_tutorial']) retrieved from /home/airflow/.local/lib/python3.7/site-packages/airflow/example_dags/example_params_ui_tutorial.py
[2023-06-09T01:40:36.707+0000] {logging_mixin.py:149} INFO - [2023-06-09T01:40:36.707+0000] {dag.py:2726} INFO - Sync 1 DAGs
[2023-06-09T01:40:36.724+0000] {logging_mixin.py:149} INFO - [2023-06-09T01:40:36.724+0000] {dag.py:3490} INFO - Setting next_dagrun for example_params_ui_tutorial to None, run_after=None
[2023-06-09T01:40:36.736+0000] {processor.py:179} INFO - Processing /home/airflow/.local/lib/python3.7/site-packages/airflow/example_dags/example_params_ui_tutorial.py took 0.098 seconds
[2023-06-09T01:41:07.363+0000] {processor.py:157} INFO - Started process (PID=1781) to work on /home/airflow/.local/lib/python3.7/site-packages/airflow/example_dags/example_params_ui_tutorial.py
[2023-06-09T01:41:07.366+0000] {processor.py:826} INFO - Processing file /home/airflow/.local/lib/python3.7/site-packages/airflow/example_dags/example_params_ui_tutorial.py for tasks to queue
[2023-06-09T01:41:07.367+0000] {logging_mixin.py:149} INFO - [2023-06-09T01:41:07.367+0000] {dagbag.py:541} INFO - Filling up the DagBag from /home/airflow/.local/lib/python3.7/site-packages/airflow/example_dags/example_params_ui_tutorial.py
[2023-06-09T01:41:07.405+0000] {processor.py:836} INFO - DAG(s) dict_keys(['example_params_ui_tutorial']) retrieved from /home/airflow/.local/lib/python3.7/site-packages/airflow/example_dags/example_params_ui_tutorial.py
[2023-06-09T01:41:07.449+0000] {logging_mixin.py:149} INFO - [2023-06-09T01:41:07.449+0000] {dag.py:2726} INFO - Sync 1 DAGs
[2023-06-09T01:41:07.471+0000] {logging_mixin.py:149} INFO - [2023-06-09T01:41:07.470+0000] {dag.py:3490} INFO - Setting next_dagrun for example_params_ui_tutorial to None, run_after=None
[2023-06-09T01:41:07.482+0000] {processor.py:179} INFO - Processing /home/airflow/.local/lib/python3.7/site-packages/airflow/example_dags/example_params_ui_tutorial.py took 0.127 seconds
[2023-06-09T01:41:38.096+0000] {processor.py:157} INFO - Started process (PID=1838) to work on /home/airflow/.local/lib/python3.7/site-packages/airflow/example_dags/example_params_ui_tutorial.py
[2023-06-09T01:41:38.097+0000] {processor.py:826} INFO - Processing file /home/airflow/.local/lib/python3.7/site-packages/airflow/example_dags/example_params_ui_tutorial.py for tasks to queue
[2023-06-09T01:41:38.098+0000] {logging_mixin.py:149} INFO - [2023-06-09T01:41:38.098+0000] {dagbag.py:541} INFO - Filling up the DagBag from /home/airflow/.local/lib/python3.7/site-packages/airflow/example_dags/example_params_ui_tutorial.py
[2023-06-09T01:41:38.125+0000] {processor.py:836} INFO - DAG(s) dict_keys(['example_params_ui_tutorial']) retrieved from /home/airflow/.local/lib/python3.7/site-packages/airflow/example_dags/example_params_ui_tutorial.py
[2023-06-09T01:41:38.168+0000] {logging_mixin.py:149} INFO - [2023-06-09T01:41:38.168+0000] {dag.py:2726} INFO - Sync 1 DAGs
[2023-06-09T01:41:38.187+0000] {logging_mixin.py:149} INFO - [2023-06-09T01:41:38.187+0000] {dag.py:3490} INFO - Setting next_dagrun for example_params_ui_tutorial to None, run_after=None
[2023-06-09T01:41:38.201+0000] {processor.py:179} INFO - Processing /home/airflow/.local/lib/python3.7/site-packages/airflow/example_dags/example_params_ui_tutorial.py took 0.109 seconds
[2023-06-09T01:42:08.635+0000] {processor.py:157} INFO - Started process (PID=1894) to work on /home/airflow/.local/lib/python3.7/site-packages/airflow/example_dags/example_params_ui_tutorial.py
[2023-06-09T01:42:08.637+0000] {processor.py:826} INFO - Processing file /home/airflow/.local/lib/python3.7/site-packages/airflow/example_dags/example_params_ui_tutorial.py for tasks to queue
[2023-06-09T01:42:08.639+0000] {logging_mixin.py:149} INFO - [2023-06-09T01:42:08.639+0000] {dagbag.py:541} INFO - Filling up the DagBag from /home/airflow/.local/lib/python3.7/site-packages/airflow/example_dags/example_params_ui_tutorial.py
[2023-06-09T01:42:08.683+0000] {processor.py:836} INFO - DAG(s) dict_keys(['example_params_ui_tutorial']) retrieved from /home/airflow/.local/lib/python3.7/site-packages/airflow/example_dags/example_params_ui_tutorial.py
[2023-06-09T01:42:08.728+0000] {logging_mixin.py:149} INFO - [2023-06-09T01:42:08.728+0000] {dag.py:2726} INFO - Sync 1 DAGs
[2023-06-09T01:42:08.748+0000] {logging_mixin.py:149} INFO - [2023-06-09T01:42:08.748+0000] {dag.py:3490} INFO - Setting next_dagrun for example_params_ui_tutorial to None, run_after=None
[2023-06-09T01:42:08.764+0000] {processor.py:179} INFO - Processing /home/airflow/.local/lib/python3.7/site-packages/airflow/example_dags/example_params_ui_tutorial.py took 0.136 seconds
[2023-06-09T01:42:39.315+0000] {processor.py:157} INFO - Started process (PID=1949) to work on /home/airflow/.local/lib/python3.7/site-packages/airflow/example_dags/example_params_ui_tutorial.py
[2023-06-09T01:42:39.317+0000] {processor.py:826} INFO - Processing file /home/airflow/.local/lib/python3.7/site-packages/airflow/example_dags/example_params_ui_tutorial.py for tasks to queue
[2023-06-09T01:42:39.318+0000] {logging_mixin.py:149} INFO - [2023-06-09T01:42:39.318+0000] {dagbag.py:541} INFO - Filling up the DagBag from /home/airflow/.local/lib/python3.7/site-packages/airflow/example_dags/example_params_ui_tutorial.py
[2023-06-09T01:42:39.351+0000] {processor.py:836} INFO - DAG(s) dict_keys(['example_params_ui_tutorial']) retrieved from /home/airflow/.local/lib/python3.7/site-packages/airflow/example_dags/example_params_ui_tutorial.py
[2023-06-09T01:42:39.388+0000] {logging_mixin.py:149} INFO - [2023-06-09T01:42:39.388+0000] {dag.py:2726} INFO - Sync 1 DAGs
[2023-06-09T01:42:39.409+0000] {logging_mixin.py:149} INFO - [2023-06-09T01:42:39.409+0000] {dag.py:3490} INFO - Setting next_dagrun for example_params_ui_tutorial to None, run_after=None
[2023-06-09T01:42:39.420+0000] {processor.py:179} INFO - Processing /home/airflow/.local/lib/python3.7/site-packages/airflow/example_dags/example_params_ui_tutorial.py took 0.110 seconds
[2023-06-09T01:43:10.420+0000] {processor.py:157} INFO - Started process (PID=2005) to work on /home/airflow/.local/lib/python3.7/site-packages/airflow/example_dags/example_params_ui_tutorial.py
[2023-06-09T01:43:10.425+0000] {processor.py:826} INFO - Processing file /home/airflow/.local/lib/python3.7/site-packages/airflow/example_dags/example_params_ui_tutorial.py for tasks to queue
[2023-06-09T01:43:10.427+0000] {logging_mixin.py:149} INFO - [2023-06-09T01:43:10.426+0000] {dagbag.py:541} INFO - Filling up the DagBag from /home/airflow/.local/lib/python3.7/site-packages/airflow/example_dags/example_params_ui_tutorial.py
[2023-06-09T01:43:10.468+0000] {processor.py:836} INFO - DAG(s) dict_keys(['example_params_ui_tutorial']) retrieved from /home/airflow/.local/lib/python3.7/site-packages/airflow/example_dags/example_params_ui_tutorial.py
[2023-06-09T01:43:10.506+0000] {logging_mixin.py:149} INFO - [2023-06-09T01:43:10.506+0000] {dag.py:2726} INFO - Sync 1 DAGs
[2023-06-09T01:43:10.528+0000] {logging_mixin.py:149} INFO - [2023-06-09T01:43:10.528+0000] {dag.py:3490} INFO - Setting next_dagrun for example_params_ui_tutorial to None, run_after=None
[2023-06-09T01:43:10.546+0000] {processor.py:179} INFO - Processing /home/airflow/.local/lib/python3.7/site-packages/airflow/example_dags/example_params_ui_tutorial.py took 0.134 seconds
[2023-06-09T01:43:40.610+0000] {processor.py:157} INFO - Started process (PID=2062) to work on /home/airflow/.local/lib/python3.7/site-packages/airflow/example_dags/example_params_ui_tutorial.py
[2023-06-09T01:43:40.612+0000] {processor.py:826} INFO - Processing file /home/airflow/.local/lib/python3.7/site-packages/airflow/example_dags/example_params_ui_tutorial.py for tasks to queue
[2023-06-09T01:43:40.613+0000] {logging_mixin.py:149} INFO - [2023-06-09T01:43:40.613+0000] {dagbag.py:541} INFO - Filling up the DagBag from /home/airflow/.local/lib/python3.7/site-packages/airflow/example_dags/example_params_ui_tutorial.py
[2023-06-09T01:43:40.650+0000] {processor.py:836} INFO - DAG(s) dict_keys(['example_params_ui_tutorial']) retrieved from /home/airflow/.local/lib/python3.7/site-packages/airflow/example_dags/example_params_ui_tutorial.py
[2023-06-09T01:43:40.690+0000] {logging_mixin.py:149} INFO - [2023-06-09T01:43:40.689+0000] {dag.py:2726} INFO - Sync 1 DAGs
[2023-06-09T01:43:40.706+0000] {logging_mixin.py:149} INFO - [2023-06-09T01:43:40.706+0000] {dag.py:3490} INFO - Setting next_dagrun for example_params_ui_tutorial to None, run_after=None
[2023-06-09T01:43:40.716+0000] {processor.py:179} INFO - Processing /home/airflow/.local/lib/python3.7/site-packages/airflow/example_dags/example_params_ui_tutorial.py took 0.111 seconds
[2023-06-09T01:44:10.829+0000] {processor.py:157} INFO - Started process (PID=2117) to work on /home/airflow/.local/lib/python3.7/site-packages/airflow/example_dags/example_params_ui_tutorial.py
[2023-06-09T01:44:10.832+0000] {processor.py:826} INFO - Processing file /home/airflow/.local/lib/python3.7/site-packages/airflow/example_dags/example_params_ui_tutorial.py for tasks to queue
[2023-06-09T01:44:10.834+0000] {logging_mixin.py:149} INFO - [2023-06-09T01:44:10.834+0000] {dagbag.py:541} INFO - Filling up the DagBag from /home/airflow/.local/lib/python3.7/site-packages/airflow/example_dags/example_params_ui_tutorial.py
[2023-06-09T01:44:10.872+0000] {processor.py:836} INFO - DAG(s) dict_keys(['example_params_ui_tutorial']) retrieved from /home/airflow/.local/lib/python3.7/site-packages/airflow/example_dags/example_params_ui_tutorial.py
[2023-06-09T01:44:10.919+0000] {logging_mixin.py:149} INFO - [2023-06-09T01:44:10.919+0000] {dag.py:2726} INFO - Sync 1 DAGs
[2023-06-09T01:44:10.941+0000] {logging_mixin.py:149} INFO - [2023-06-09T01:44:10.941+0000] {dag.py:3490} INFO - Setting next_dagrun for example_params_ui_tutorial to None, run_after=None
[2023-06-09T01:44:10.953+0000] {processor.py:179} INFO - Processing /home/airflow/.local/lib/python3.7/site-packages/airflow/example_dags/example_params_ui_tutorial.py took 0.132 seconds
[2023-06-09T01:44:41.122+0000] {processor.py:157} INFO - Started process (PID=2174) to work on /home/airflow/.local/lib/python3.7/site-packages/airflow/example_dags/example_params_ui_tutorial.py
[2023-06-09T01:44:41.126+0000] {processor.py:826} INFO - Processing file /home/airflow/.local/lib/python3.7/site-packages/airflow/example_dags/example_params_ui_tutorial.py for tasks to queue
[2023-06-09T01:44:41.128+0000] {logging_mixin.py:149} INFO - [2023-06-09T01:44:41.128+0000] {dagbag.py:541} INFO - Filling up the DagBag from /home/airflow/.local/lib/python3.7/site-packages/airflow/example_dags/example_params_ui_tutorial.py
[2023-06-09T01:44:41.183+0000] {processor.py:836} INFO - DAG(s) dict_keys(['example_params_ui_tutorial']) retrieved from /home/airflow/.local/lib/python3.7/site-packages/airflow/example_dags/example_params_ui_tutorial.py
[2023-06-09T01:44:41.232+0000] {logging_mixin.py:149} INFO - [2023-06-09T01:44:41.231+0000] {dag.py:2726} INFO - Sync 1 DAGs
[2023-06-09T01:44:41.274+0000] {logging_mixin.py:149} INFO - [2023-06-09T01:44:41.273+0000] {dag.py:3490} INFO - Setting next_dagrun for example_params_ui_tutorial to None, run_after=None
[2023-06-09T01:44:41.287+0000] {processor.py:179} INFO - Processing /home/airflow/.local/lib/python3.7/site-packages/airflow/example_dags/example_params_ui_tutorial.py took 0.175 seconds
[2023-06-09T01:45:11.549+0000] {processor.py:157} INFO - Started process (PID=2230) to work on /home/airflow/.local/lib/python3.7/site-packages/airflow/example_dags/example_params_ui_tutorial.py
[2023-06-09T01:45:11.551+0000] {processor.py:826} INFO - Processing file /home/airflow/.local/lib/python3.7/site-packages/airflow/example_dags/example_params_ui_tutorial.py for tasks to queue
[2023-06-09T01:45:11.552+0000] {logging_mixin.py:149} INFO - [2023-06-09T01:45:11.552+0000] {dagbag.py:541} INFO - Filling up the DagBag from /home/airflow/.local/lib/python3.7/site-packages/airflow/example_dags/example_params_ui_tutorial.py
[2023-06-09T01:45:11.587+0000] {processor.py:836} INFO - DAG(s) dict_keys(['example_params_ui_tutorial']) retrieved from /home/airflow/.local/lib/python3.7/site-packages/airflow/example_dags/example_params_ui_tutorial.py
[2023-06-09T01:45:11.623+0000] {logging_mixin.py:149} INFO - [2023-06-09T01:45:11.623+0000] {dag.py:2726} INFO - Sync 1 DAGs
[2023-06-09T01:45:11.642+0000] {logging_mixin.py:149} INFO - [2023-06-09T01:45:11.641+0000] {dag.py:3490} INFO - Setting next_dagrun for example_params_ui_tutorial to None, run_after=None
[2023-06-09T01:45:11.652+0000] {processor.py:179} INFO - Processing /home/airflow/.local/lib/python3.7/site-packages/airflow/example_dags/example_params_ui_tutorial.py took 0.109 seconds
[2023-06-09T01:45:42.656+0000] {processor.py:157} INFO - Started process (PID=2287) to work on /home/airflow/.local/lib/python3.7/site-packages/airflow/example_dags/example_params_ui_tutorial.py
[2023-06-09T01:45:42.658+0000] {processor.py:826} INFO - Processing file /home/airflow/.local/lib/python3.7/site-packages/airflow/example_dags/example_params_ui_tutorial.py for tasks to queue
[2023-06-09T01:45:42.659+0000] {logging_mixin.py:149} INFO - [2023-06-09T01:45:42.659+0000] {dagbag.py:541} INFO - Filling up the DagBag from /home/airflow/.local/lib/python3.7/site-packages/airflow/example_dags/example_params_ui_tutorial.py
[2023-06-09T01:45:42.693+0000] {processor.py:836} INFO - DAG(s) dict_keys(['example_params_ui_tutorial']) retrieved from /home/airflow/.local/lib/python3.7/site-packages/airflow/example_dags/example_params_ui_tutorial.py
[2023-06-09T01:45:42.732+0000] {logging_mixin.py:149} INFO - [2023-06-09T01:45:42.732+0000] {dag.py:2726} INFO - Sync 1 DAGs
[2023-06-09T01:45:42.752+0000] {logging_mixin.py:149} INFO - [2023-06-09T01:45:42.752+0000] {dag.py:3490} INFO - Setting next_dagrun for example_params_ui_tutorial to None, run_after=None
[2023-06-09T01:45:42.763+0000] {processor.py:179} INFO - Processing /home/airflow/.local/lib/python3.7/site-packages/airflow/example_dags/example_params_ui_tutorial.py took 0.113 seconds
[2023-06-09T01:46:13.191+0000] {processor.py:157} INFO - Started process (PID=2343) to work on /home/airflow/.local/lib/python3.7/site-packages/airflow/example_dags/example_params_ui_tutorial.py
[2023-06-09T01:46:13.194+0000] {processor.py:826} INFO - Processing file /home/airflow/.local/lib/python3.7/site-packages/airflow/example_dags/example_params_ui_tutorial.py for tasks to queue
[2023-06-09T01:46:13.195+0000] {logging_mixin.py:149} INFO - [2023-06-09T01:46:13.195+0000] {dagbag.py:541} INFO - Filling up the DagBag from /home/airflow/.local/lib/python3.7/site-packages/airflow/example_dags/example_params_ui_tutorial.py
[2023-06-09T01:46:13.234+0000] {processor.py:836} INFO - DAG(s) dict_keys(['example_params_ui_tutorial']) retrieved from /home/airflow/.local/lib/python3.7/site-packages/airflow/example_dags/example_params_ui_tutorial.py
[2023-06-09T01:46:13.276+0000] {logging_mixin.py:149} INFO - [2023-06-09T01:46:13.276+0000] {dag.py:2726} INFO - Sync 1 DAGs
[2023-06-09T01:46:13.294+0000] {logging_mixin.py:149} INFO - [2023-06-09T01:46:13.294+0000] {dag.py:3490} INFO - Setting next_dagrun for example_params_ui_tutorial to None, run_after=None
[2023-06-09T01:46:13.305+0000] {processor.py:179} INFO - Processing /home/airflow/.local/lib/python3.7/site-packages/airflow/example_dags/example_params_ui_tutorial.py took 0.120 seconds
[2023-06-09T01:46:43.577+0000] {processor.py:157} INFO - Started process (PID=2400) to work on /home/airflow/.local/lib/python3.7/site-packages/airflow/example_dags/example_params_ui_tutorial.py
[2023-06-09T01:46:43.582+0000] {processor.py:826} INFO - Processing file /home/airflow/.local/lib/python3.7/site-packages/airflow/example_dags/example_params_ui_tutorial.py for tasks to queue
[2023-06-09T01:46:43.585+0000] {logging_mixin.py:149} INFO - [2023-06-09T01:46:43.584+0000] {dagbag.py:541} INFO - Filling up the DagBag from /home/airflow/.local/lib/python3.7/site-packages/airflow/example_dags/example_params_ui_tutorial.py
[2023-06-09T01:46:43.622+0000] {processor.py:836} INFO - DAG(s) dict_keys(['example_params_ui_tutorial']) retrieved from /home/airflow/.local/lib/python3.7/site-packages/airflow/example_dags/example_params_ui_tutorial.py
[2023-06-09T01:46:43.669+0000] {logging_mixin.py:149} INFO - [2023-06-09T01:46:43.668+0000] {dag.py:2726} INFO - Sync 1 DAGs
[2023-06-09T01:46:43.690+0000] {logging_mixin.py:149} INFO - [2023-06-09T01:46:43.690+0000] {dag.py:3490} INFO - Setting next_dagrun for example_params_ui_tutorial to None, run_after=None
[2023-06-09T01:46:43.702+0000] {processor.py:179} INFO - Processing /home/airflow/.local/lib/python3.7/site-packages/airflow/example_dags/example_params_ui_tutorial.py took 0.135 seconds
[2023-06-09T01:47:14.426+0000] {processor.py:157} INFO - Started process (PID=2455) to work on /home/airflow/.local/lib/python3.7/site-packages/airflow/example_dags/example_params_ui_tutorial.py
[2023-06-09T01:47:14.429+0000] {processor.py:826} INFO - Processing file /home/airflow/.local/lib/python3.7/site-packages/airflow/example_dags/example_params_ui_tutorial.py for tasks to queue
[2023-06-09T01:47:14.431+0000] {logging_mixin.py:149} INFO - [2023-06-09T01:47:14.430+0000] {dagbag.py:541} INFO - Filling up the DagBag from /home/airflow/.local/lib/python3.7/site-packages/airflow/example_dags/example_params_ui_tutorial.py
[2023-06-09T01:47:14.470+0000] {processor.py:836} INFO - DAG(s) dict_keys(['example_params_ui_tutorial']) retrieved from /home/airflow/.local/lib/python3.7/site-packages/airflow/example_dags/example_params_ui_tutorial.py
[2023-06-09T01:47:14.509+0000] {logging_mixin.py:149} INFO - [2023-06-09T01:47:14.509+0000] {dag.py:2726} INFO - Sync 1 DAGs
[2023-06-09T01:47:14.526+0000] {logging_mixin.py:149} INFO - [2023-06-09T01:47:14.526+0000] {dag.py:3490} INFO - Setting next_dagrun for example_params_ui_tutorial to None, run_after=None
[2023-06-09T01:47:14.537+0000] {processor.py:179} INFO - Processing /home/airflow/.local/lib/python3.7/site-packages/airflow/example_dags/example_params_ui_tutorial.py took 0.118 seconds
[2023-06-09T01:47:44.994+0000] {processor.py:157} INFO - Started process (PID=2511) to work on /home/airflow/.local/lib/python3.7/site-packages/airflow/example_dags/example_params_ui_tutorial.py
[2023-06-09T01:47:44.995+0000] {processor.py:826} INFO - Processing file /home/airflow/.local/lib/python3.7/site-packages/airflow/example_dags/example_params_ui_tutorial.py for tasks to queue
[2023-06-09T01:47:44.998+0000] {logging_mixin.py:149} INFO - [2023-06-09T01:47:44.998+0000] {dagbag.py:541} INFO - Filling up the DagBag from /home/airflow/.local/lib/python3.7/site-packages/airflow/example_dags/example_params_ui_tutorial.py
[2023-06-09T01:47:45.049+0000] {processor.py:836} INFO - DAG(s) dict_keys(['example_params_ui_tutorial']) retrieved from /home/airflow/.local/lib/python3.7/site-packages/airflow/example_dags/example_params_ui_tutorial.py
[2023-06-09T01:47:45.099+0000] {logging_mixin.py:149} INFO - [2023-06-09T01:47:45.098+0000] {dag.py:2726} INFO - Sync 1 DAGs
[2023-06-09T01:47:45.117+0000] {logging_mixin.py:149} INFO - [2023-06-09T01:47:45.117+0000] {dag.py:3490} INFO - Setting next_dagrun for example_params_ui_tutorial to None, run_after=None
[2023-06-09T01:47:45.129+0000] {processor.py:179} INFO - Processing /home/airflow/.local/lib/python3.7/site-packages/airflow/example_dags/example_params_ui_tutorial.py took 0.141 seconds
[2023-06-09T01:48:15.730+0000] {processor.py:157} INFO - Started process (PID=2568) to work on /home/airflow/.local/lib/python3.7/site-packages/airflow/example_dags/example_params_ui_tutorial.py
[2023-06-09T01:48:15.732+0000] {processor.py:826} INFO - Processing file /home/airflow/.local/lib/python3.7/site-packages/airflow/example_dags/example_params_ui_tutorial.py for tasks to queue
[2023-06-09T01:48:15.732+0000] {logging_mixin.py:149} INFO - [2023-06-09T01:48:15.732+0000] {dagbag.py:541} INFO - Filling up the DagBag from /home/airflow/.local/lib/python3.7/site-packages/airflow/example_dags/example_params_ui_tutorial.py
[2023-06-09T01:48:15.761+0000] {processor.py:836} INFO - DAG(s) dict_keys(['example_params_ui_tutorial']) retrieved from /home/airflow/.local/lib/python3.7/site-packages/airflow/example_dags/example_params_ui_tutorial.py
[2023-06-09T01:48:15.801+0000] {logging_mixin.py:149} INFO - [2023-06-09T01:48:15.800+0000] {dag.py:2726} INFO - Sync 1 DAGs
[2023-06-09T01:48:15.820+0000] {logging_mixin.py:149} INFO - [2023-06-09T01:48:15.819+0000] {dag.py:3490} INFO - Setting next_dagrun for example_params_ui_tutorial to None, run_after=None
[2023-06-09T01:48:15.831+0000] {processor.py:179} INFO - Processing /home/airflow/.local/lib/python3.7/site-packages/airflow/example_dags/example_params_ui_tutorial.py took 0.104 seconds
[2023-06-09T01:48:45.956+0000] {processor.py:157} INFO - Started process (PID=2624) to work on /home/airflow/.local/lib/python3.7/site-packages/airflow/example_dags/example_params_ui_tutorial.py
[2023-06-09T01:48:45.958+0000] {processor.py:826} INFO - Processing file /home/airflow/.local/lib/python3.7/site-packages/airflow/example_dags/example_params_ui_tutorial.py for tasks to queue
[2023-06-09T01:48:45.959+0000] {logging_mixin.py:149} INFO - [2023-06-09T01:48:45.959+0000] {dagbag.py:541} INFO - Filling up the DagBag from /home/airflow/.local/lib/python3.7/site-packages/airflow/example_dags/example_params_ui_tutorial.py
[2023-06-09T01:48:46.000+0000] {processor.py:836} INFO - DAG(s) dict_keys(['example_params_ui_tutorial']) retrieved from /home/airflow/.local/lib/python3.7/site-packages/airflow/example_dags/example_params_ui_tutorial.py
[2023-06-09T01:48:46.050+0000] {logging_mixin.py:149} INFO - [2023-06-09T01:48:46.050+0000] {dag.py:2726} INFO - Sync 1 DAGs
[2023-06-09T01:48:46.071+0000] {logging_mixin.py:149} INFO - [2023-06-09T01:48:46.071+0000] {dag.py:3490} INFO - Setting next_dagrun for example_params_ui_tutorial to None, run_after=None
[2023-06-09T01:48:46.089+0000] {processor.py:179} INFO - Processing /home/airflow/.local/lib/python3.7/site-packages/airflow/example_dags/example_params_ui_tutorial.py took 0.137 seconds
[2023-06-09T01:49:16.253+0000] {processor.py:157} INFO - Started process (PID=2680) to work on /home/airflow/.local/lib/python3.7/site-packages/airflow/example_dags/example_params_ui_tutorial.py
[2023-06-09T01:49:16.255+0000] {processor.py:826} INFO - Processing file /home/airflow/.local/lib/python3.7/site-packages/airflow/example_dags/example_params_ui_tutorial.py for tasks to queue
[2023-06-09T01:49:16.256+0000] {logging_mixin.py:149} INFO - [2023-06-09T01:49:16.255+0000] {dagbag.py:541} INFO - Filling up the DagBag from /home/airflow/.local/lib/python3.7/site-packages/airflow/example_dags/example_params_ui_tutorial.py
[2023-06-09T01:49:16.288+0000] {processor.py:836} INFO - DAG(s) dict_keys(['example_params_ui_tutorial']) retrieved from /home/airflow/.local/lib/python3.7/site-packages/airflow/example_dags/example_params_ui_tutorial.py
[2023-06-09T01:49:16.326+0000] {logging_mixin.py:149} INFO - [2023-06-09T01:49:16.326+0000] {dag.py:2726} INFO - Sync 1 DAGs
[2023-06-09T01:49:16.348+0000] {logging_mixin.py:149} INFO - [2023-06-09T01:49:16.348+0000] {dag.py:3490} INFO - Setting next_dagrun for example_params_ui_tutorial to None, run_after=None
[2023-06-09T01:49:16.358+0000] {processor.py:179} INFO - Processing /home/airflow/.local/lib/python3.7/site-packages/airflow/example_dags/example_params_ui_tutorial.py took 0.108 seconds
[2023-06-09T01:49:46.459+0000] {processor.py:157} INFO - Started process (PID=2735) to work on /home/airflow/.local/lib/python3.7/site-packages/airflow/example_dags/example_params_ui_tutorial.py
[2023-06-09T01:49:46.462+0000] {processor.py:826} INFO - Processing file /home/airflow/.local/lib/python3.7/site-packages/airflow/example_dags/example_params_ui_tutorial.py for tasks to queue
[2023-06-09T01:49:46.463+0000] {logging_mixin.py:149} INFO - [2023-06-09T01:49:46.462+0000] {dagbag.py:541} INFO - Filling up the DagBag from /home/airflow/.local/lib/python3.7/site-packages/airflow/example_dags/example_params_ui_tutorial.py
[2023-06-09T01:49:46.493+0000] {processor.py:836} INFO - DAG(s) dict_keys(['example_params_ui_tutorial']) retrieved from /home/airflow/.local/lib/python3.7/site-packages/airflow/example_dags/example_params_ui_tutorial.py
[2023-06-09T01:49:46.530+0000] {logging_mixin.py:149} INFO - [2023-06-09T01:49:46.530+0000] {dag.py:2726} INFO - Sync 1 DAGs
[2023-06-09T01:49:46.550+0000] {logging_mixin.py:149} INFO - [2023-06-09T01:49:46.550+0000] {dag.py:3490} INFO - Setting next_dagrun for example_params_ui_tutorial to None, run_after=None
[2023-06-09T01:49:46.561+0000] {processor.py:179} INFO - Processing /home/airflow/.local/lib/python3.7/site-packages/airflow/example_dags/example_params_ui_tutorial.py took 0.105 seconds
[2023-06-09T01:50:17.203+0000] {processor.py:157} INFO - Started process (PID=2791) to work on /home/airflow/.local/lib/python3.7/site-packages/airflow/example_dags/example_params_ui_tutorial.py
[2023-06-09T01:50:17.205+0000] {processor.py:826} INFO - Processing file /home/airflow/.local/lib/python3.7/site-packages/airflow/example_dags/example_params_ui_tutorial.py for tasks to queue
[2023-06-09T01:50:17.206+0000] {logging_mixin.py:149} INFO - [2023-06-09T01:50:17.206+0000] {dagbag.py:541} INFO - Filling up the DagBag from /home/airflow/.local/lib/python3.7/site-packages/airflow/example_dags/example_params_ui_tutorial.py
[2023-06-09T01:50:17.235+0000] {processor.py:836} INFO - DAG(s) dict_keys(['example_params_ui_tutorial']) retrieved from /home/airflow/.local/lib/python3.7/site-packages/airflow/example_dags/example_params_ui_tutorial.py
[2023-06-09T01:50:17.276+0000] {logging_mixin.py:149} INFO - [2023-06-09T01:50:17.276+0000] {dag.py:2726} INFO - Sync 1 DAGs
[2023-06-09T01:50:17.298+0000] {logging_mixin.py:149} INFO - [2023-06-09T01:50:17.298+0000] {dag.py:3490} INFO - Setting next_dagrun for example_params_ui_tutorial to None, run_after=None
[2023-06-09T01:50:17.312+0000] {processor.py:179} INFO - Processing /home/airflow/.local/lib/python3.7/site-packages/airflow/example_dags/example_params_ui_tutorial.py took 0.112 seconds
[2023-06-09T01:50:47.533+0000] {processor.py:157} INFO - Started process (PID=2847) to work on /home/airflow/.local/lib/python3.7/site-packages/airflow/example_dags/example_params_ui_tutorial.py
[2023-06-09T01:50:47.537+0000] {processor.py:826} INFO - Processing file /home/airflow/.local/lib/python3.7/site-packages/airflow/example_dags/example_params_ui_tutorial.py for tasks to queue
[2023-06-09T01:50:47.539+0000] {logging_mixin.py:149} INFO - [2023-06-09T01:50:47.539+0000] {dagbag.py:541} INFO - Filling up the DagBag from /home/airflow/.local/lib/python3.7/site-packages/airflow/example_dags/example_params_ui_tutorial.py
[2023-06-09T01:50:47.574+0000] {processor.py:836} INFO - DAG(s) dict_keys(['example_params_ui_tutorial']) retrieved from /home/airflow/.local/lib/python3.7/site-packages/airflow/example_dags/example_params_ui_tutorial.py
[2023-06-09T01:50:47.612+0000] {logging_mixin.py:149} INFO - [2023-06-09T01:50:47.612+0000] {dag.py:2726} INFO - Sync 1 DAGs
[2023-06-09T01:50:47.630+0000] {logging_mixin.py:149} INFO - [2023-06-09T01:50:47.630+0000] {dag.py:3490} INFO - Setting next_dagrun for example_params_ui_tutorial to None, run_after=None
[2023-06-09T01:50:47.641+0000] {processor.py:179} INFO - Processing /home/airflow/.local/lib/python3.7/site-packages/airflow/example_dags/example_params_ui_tutorial.py took 0.116 seconds
[2023-06-09T01:51:17.885+0000] {processor.py:157} INFO - Started process (PID=2903) to work on /home/airflow/.local/lib/python3.7/site-packages/airflow/example_dags/example_params_ui_tutorial.py
[2023-06-09T01:51:17.889+0000] {processor.py:826} INFO - Processing file /home/airflow/.local/lib/python3.7/site-packages/airflow/example_dags/example_params_ui_tutorial.py for tasks to queue
[2023-06-09T01:51:17.890+0000] {logging_mixin.py:149} INFO - [2023-06-09T01:51:17.890+0000] {dagbag.py:541} INFO - Filling up the DagBag from /home/airflow/.local/lib/python3.7/site-packages/airflow/example_dags/example_params_ui_tutorial.py
[2023-06-09T01:51:17.927+0000] {processor.py:836} INFO - DAG(s) dict_keys(['example_params_ui_tutorial']) retrieved from /home/airflow/.local/lib/python3.7/site-packages/airflow/example_dags/example_params_ui_tutorial.py
[2023-06-09T01:51:17.966+0000] {logging_mixin.py:149} INFO - [2023-06-09T01:51:17.966+0000] {dag.py:2726} INFO - Sync 1 DAGs
[2023-06-09T01:51:17.984+0000] {logging_mixin.py:149} INFO - [2023-06-09T01:51:17.984+0000] {dag.py:3490} INFO - Setting next_dagrun for example_params_ui_tutorial to None, run_after=None
[2023-06-09T01:51:17.994+0000] {processor.py:179} INFO - Processing /home/airflow/.local/lib/python3.7/site-packages/airflow/example_dags/example_params_ui_tutorial.py took 0.115 seconds
[2023-06-09T01:51:48.242+0000] {processor.py:157} INFO - Started process (PID=2959) to work on /home/airflow/.local/lib/python3.7/site-packages/airflow/example_dags/example_params_ui_tutorial.py
[2023-06-09T01:51:48.245+0000] {processor.py:826} INFO - Processing file /home/airflow/.local/lib/python3.7/site-packages/airflow/example_dags/example_params_ui_tutorial.py for tasks to queue
[2023-06-09T01:51:48.247+0000] {logging_mixin.py:149} INFO - [2023-06-09T01:51:48.247+0000] {dagbag.py:541} INFO - Filling up the DagBag from /home/airflow/.local/lib/python3.7/site-packages/airflow/example_dags/example_params_ui_tutorial.py
[2023-06-09T01:51:48.294+0000] {processor.py:836} INFO - DAG(s) dict_keys(['example_params_ui_tutorial']) retrieved from /home/airflow/.local/lib/python3.7/site-packages/airflow/example_dags/example_params_ui_tutorial.py
[2023-06-09T01:51:48.341+0000] {logging_mixin.py:149} INFO - [2023-06-09T01:51:48.340+0000] {dag.py:2726} INFO - Sync 1 DAGs
[2023-06-09T01:51:48.357+0000] {logging_mixin.py:149} INFO - [2023-06-09T01:51:48.357+0000] {dag.py:3490} INFO - Setting next_dagrun for example_params_ui_tutorial to None, run_after=None
[2023-06-09T01:51:48.371+0000] {processor.py:179} INFO - Processing /home/airflow/.local/lib/python3.7/site-packages/airflow/example_dags/example_params_ui_tutorial.py took 0.135 seconds
[2023-06-09T01:52:18.598+0000] {processor.py:157} INFO - Started process (PID=3015) to work on /home/airflow/.local/lib/python3.7/site-packages/airflow/example_dags/example_params_ui_tutorial.py
[2023-06-09T01:52:18.606+0000] {processor.py:826} INFO - Processing file /home/airflow/.local/lib/python3.7/site-packages/airflow/example_dags/example_params_ui_tutorial.py for tasks to queue
[2023-06-09T01:52:18.613+0000] {logging_mixin.py:149} INFO - [2023-06-09T01:52:18.613+0000] {dagbag.py:541} INFO - Filling up the DagBag from /home/airflow/.local/lib/python3.7/site-packages/airflow/example_dags/example_params_ui_tutorial.py
[2023-06-09T01:52:18.719+0000] {processor.py:836} INFO - DAG(s) dict_keys(['example_params_ui_tutorial']) retrieved from /home/airflow/.local/lib/python3.7/site-packages/airflow/example_dags/example_params_ui_tutorial.py
[2023-06-09T01:52:18.776+0000] {logging_mixin.py:149} INFO - [2023-06-09T01:52:18.776+0000] {dag.py:2726} INFO - Sync 1 DAGs
[2023-06-09T01:52:18.806+0000] {logging_mixin.py:149} INFO - [2023-06-09T01:52:18.806+0000] {dag.py:3490} INFO - Setting next_dagrun for example_params_ui_tutorial to None, run_after=None
[2023-06-09T01:52:18.857+0000] {processor.py:179} INFO - Processing /home/airflow/.local/lib/python3.7/site-packages/airflow/example_dags/example_params_ui_tutorial.py took 0.281 seconds
[2023-06-09T01:52:48.995+0000] {processor.py:157} INFO - Started process (PID=3072) to work on /home/airflow/.local/lib/python3.7/site-packages/airflow/example_dags/example_params_ui_tutorial.py
[2023-06-09T01:52:48.997+0000] {processor.py:826} INFO - Processing file /home/airflow/.local/lib/python3.7/site-packages/airflow/example_dags/example_params_ui_tutorial.py for tasks to queue
[2023-06-09T01:52:48.998+0000] {logging_mixin.py:149} INFO - [2023-06-09T01:52:48.998+0000] {dagbag.py:541} INFO - Filling up the DagBag from /home/airflow/.local/lib/python3.7/site-packages/airflow/example_dags/example_params_ui_tutorial.py
[2023-06-09T01:52:49.022+0000] {processor.py:836} INFO - DAG(s) dict_keys(['example_params_ui_tutorial']) retrieved from /home/airflow/.local/lib/python3.7/site-packages/airflow/example_dags/example_params_ui_tutorial.py
[2023-06-09T01:52:49.056+0000] {logging_mixin.py:149} INFO - [2023-06-09T01:52:49.056+0000] {dag.py:2726} INFO - Sync 1 DAGs
[2023-06-09T01:52:49.071+0000] {logging_mixin.py:149} INFO - [2023-06-09T01:52:49.071+0000] {dag.py:3490} INFO - Setting next_dagrun for example_params_ui_tutorial to None, run_after=None
[2023-06-09T01:52:49.081+0000] {processor.py:179} INFO - Processing /home/airflow/.local/lib/python3.7/site-packages/airflow/example_dags/example_params_ui_tutorial.py took 0.089 seconds
[2023-06-09T01:53:50.064+0000] {processor.py:157} INFO - Started process (PID=44) to work on /home/airflow/.local/lib/python3.7/site-packages/airflow/example_dags/example_params_ui_tutorial.py
[2023-06-09T01:53:50.066+0000] {processor.py:826} INFO - Processing file /home/airflow/.local/lib/python3.7/site-packages/airflow/example_dags/example_params_ui_tutorial.py for tasks to queue
[2023-06-09T01:53:50.067+0000] {logging_mixin.py:149} INFO - [2023-06-09T01:53:50.067+0000] {dagbag.py:541} INFO - Filling up the DagBag from /home/airflow/.local/lib/python3.7/site-packages/airflow/example_dags/example_params_ui_tutorial.py
[2023-06-09T01:53:50.113+0000] {processor.py:836} INFO - DAG(s) dict_keys(['example_params_ui_tutorial']) retrieved from /home/airflow/.local/lib/python3.7/site-packages/airflow/example_dags/example_params_ui_tutorial.py
[2023-06-09T01:53:50.127+0000] {logging_mixin.py:149} INFO - [2023-06-09T01:53:50.127+0000] {dag.py:2726} INFO - Sync 1 DAGs
[2023-06-09T01:53:50.149+0000] {logging_mixin.py:149} INFO - [2023-06-09T01:53:50.149+0000] {dag.py:3490} INFO - Setting next_dagrun for example_params_ui_tutorial to None, run_after=None
[2023-06-09T01:53:50.169+0000] {processor.py:179} INFO - Processing /home/airflow/.local/lib/python3.7/site-packages/airflow/example_dags/example_params_ui_tutorial.py took 0.109 seconds
