[2023-06-09T01:25:29.087+0000] {processor.py:157} INFO - Started process (PID=59) to work on /home/airflow/.local/lib/python3.7/site-packages/airflow/example_dags/example_task_group_decorator.py
[2023-06-09T01:25:29.107+0000] {processor.py:826} INFO - Processing file /home/airflow/.local/lib/python3.7/site-packages/airflow/example_dags/example_task_group_decorator.py for tasks to queue
[2023-06-09T01:25:29.112+0000] {logging_mixin.py:149} INFO - [2023-06-09T01:25:29.112+0000] {dagbag.py:541} INFO - Filling up the DagBag from /home/airflow/.local/lib/python3.7/site-packages/airflow/example_dags/example_task_group_decorator.py
[2023-06-09T01:25:29.258+0000] {processor.py:836} INFO - DAG(s) dict_keys(['example_task_group_decorator']) retrieved from /home/airflow/.local/lib/python3.7/site-packages/airflow/example_dags/example_task_group_decorator.py
[2023-06-09T01:25:29.563+0000] {logging_mixin.py:149} INFO - [2023-06-09T01:25:29.563+0000] {manager.py:504} INFO - Created Permission View: can delete on DAG:example_task_group_decorator
[2023-06-09T01:25:29.666+0000] {logging_mixin.py:149} INFO - [2023-06-09T01:25:29.666+0000] {manager.py:504} INFO - Created Permission View: can edit on DAG:example_task_group_decorator
[2023-06-09T01:25:29.727+0000] {logging_mixin.py:149} INFO - [2023-06-09T01:25:29.726+0000] {manager.py:504} INFO - Created Permission View: can read on DAG:example_task_group_decorator
[2023-06-09T01:25:29.731+0000] {logging_mixin.py:149} INFO - [2023-06-09T01:25:29.731+0000] {dag.py:2726} INFO - Sync 1 DAGs
[2023-06-09T01:25:29.751+0000] {logging_mixin.py:149} INFO - [2023-06-09T01:25:29.751+0000] {dag.py:2747} INFO - Creating ORM DAG for example_task_group_decorator
[2023-06-09T01:25:29.785+0000] {logging_mixin.py:149} INFO - [2023-06-09T01:25:29.785+0000] {dag.py:3490} INFO - Setting next_dagrun for example_task_group_decorator to 2023-06-08T01:25:29.782224+00:00, run_after=2023-06-09T01:25:29.782224+00:00
[2023-06-09T01:25:29.890+0000] {processor.py:179} INFO - Processing /home/airflow/.local/lib/python3.7/site-packages/airflow/example_dags/example_task_group_decorator.py took 0.809 seconds
[2023-06-09T01:26:00.351+0000] {processor.py:157} INFO - Started process (PID=115) to work on /home/airflow/.local/lib/python3.7/site-packages/airflow/example_dags/example_task_group_decorator.py
[2023-06-09T01:26:00.355+0000] {processor.py:826} INFO - Processing file /home/airflow/.local/lib/python3.7/site-packages/airflow/example_dags/example_task_group_decorator.py for tasks to queue
[2023-06-09T01:26:00.360+0000] {logging_mixin.py:149} INFO - [2023-06-09T01:26:00.360+0000] {dagbag.py:541} INFO - Filling up the DagBag from /home/airflow/.local/lib/python3.7/site-packages/airflow/example_dags/example_task_group_decorator.py
[2023-06-09T01:26:00.413+0000] {processor.py:836} INFO - DAG(s) dict_keys(['example_task_group_decorator']) retrieved from /home/airflow/.local/lib/python3.7/site-packages/airflow/example_dags/example_task_group_decorator.py
[2023-06-09T01:26:00.521+0000] {logging_mixin.py:149} INFO - [2023-06-09T01:26:00.521+0000] {dag.py:2726} INFO - Sync 1 DAGs
[2023-06-09T01:26:00.568+0000] {logging_mixin.py:149} INFO - [2023-06-09T01:26:00.568+0000] {dag.py:3490} INFO - Setting next_dagrun for example_task_group_decorator to 2023-06-08T01:26:00.567810+00:00, run_after=2023-06-09T01:26:00.567810+00:00
[2023-06-09T01:26:00.668+0000] {processor.py:179} INFO - Processing /home/airflow/.local/lib/python3.7/site-packages/airflow/example_dags/example_task_group_decorator.py took 0.330 seconds
[2023-06-09T01:26:30.999+0000] {processor.py:157} INFO - Started process (PID=170) to work on /home/airflow/.local/lib/python3.7/site-packages/airflow/example_dags/example_task_group_decorator.py
[2023-06-09T01:26:31.001+0000] {processor.py:826} INFO - Processing file /home/airflow/.local/lib/python3.7/site-packages/airflow/example_dags/example_task_group_decorator.py for tasks to queue
[2023-06-09T01:26:31.002+0000] {logging_mixin.py:149} INFO - [2023-06-09T01:26:31.002+0000] {dagbag.py:541} INFO - Filling up the DagBag from /home/airflow/.local/lib/python3.7/site-packages/airflow/example_dags/example_task_group_decorator.py
[2023-06-09T01:26:31.018+0000] {processor.py:836} INFO - DAG(s) dict_keys(['example_task_group_decorator']) retrieved from /home/airflow/.local/lib/python3.7/site-packages/airflow/example_dags/example_task_group_decorator.py
[2023-06-09T01:26:31.047+0000] {logging_mixin.py:149} INFO - [2023-06-09T01:26:31.047+0000] {dag.py:2726} INFO - Sync 1 DAGs
[2023-06-09T01:26:31.075+0000] {logging_mixin.py:149} INFO - [2023-06-09T01:26:31.075+0000] {dag.py:3490} INFO - Setting next_dagrun for example_task_group_decorator to 2023-06-08T01:26:31.075131+00:00, run_after=2023-06-09T01:26:31.075131+00:00
[2023-06-09T01:26:31.090+0000] {processor.py:179} INFO - Processing /home/airflow/.local/lib/python3.7/site-packages/airflow/example_dags/example_task_group_decorator.py took 0.095 seconds
[2023-06-09T01:27:01.394+0000] {processor.py:157} INFO - Started process (PID=226) to work on /home/airflow/.local/lib/python3.7/site-packages/airflow/example_dags/example_task_group_decorator.py
[2023-06-09T01:27:01.396+0000] {processor.py:826} INFO - Processing file /home/airflow/.local/lib/python3.7/site-packages/airflow/example_dags/example_task_group_decorator.py for tasks to queue
[2023-06-09T01:27:01.397+0000] {logging_mixin.py:149} INFO - [2023-06-09T01:27:01.397+0000] {dagbag.py:541} INFO - Filling up the DagBag from /home/airflow/.local/lib/python3.7/site-packages/airflow/example_dags/example_task_group_decorator.py
[2023-06-09T01:27:01.412+0000] {processor.py:836} INFO - DAG(s) dict_keys(['example_task_group_decorator']) retrieved from /home/airflow/.local/lib/python3.7/site-packages/airflow/example_dags/example_task_group_decorator.py
[2023-06-09T01:27:01.445+0000] {logging_mixin.py:149} INFO - [2023-06-09T01:27:01.445+0000] {dag.py:2726} INFO - Sync 1 DAGs
[2023-06-09T01:27:01.472+0000] {logging_mixin.py:149} INFO - [2023-06-09T01:27:01.472+0000] {dag.py:3490} INFO - Setting next_dagrun for example_task_group_decorator to 2023-06-08T01:27:01.471693+00:00, run_after=2023-06-09T01:27:01.471693+00:00
[2023-06-09T01:27:01.488+0000] {processor.py:179} INFO - Processing /home/airflow/.local/lib/python3.7/site-packages/airflow/example_dags/example_task_group_decorator.py took 0.099 seconds
[2023-06-09T01:27:31.959+0000] {processor.py:157} INFO - Started process (PID=282) to work on /home/airflow/.local/lib/python3.7/site-packages/airflow/example_dags/example_task_group_decorator.py
[2023-06-09T01:27:31.962+0000] {processor.py:826} INFO - Processing file /home/airflow/.local/lib/python3.7/site-packages/airflow/example_dags/example_task_group_decorator.py for tasks to queue
[2023-06-09T01:27:31.964+0000] {logging_mixin.py:149} INFO - [2023-06-09T01:27:31.963+0000] {dagbag.py:541} INFO - Filling up the DagBag from /home/airflow/.local/lib/python3.7/site-packages/airflow/example_dags/example_task_group_decorator.py
[2023-06-09T01:27:31.995+0000] {processor.py:836} INFO - DAG(s) dict_keys(['example_task_group_decorator']) retrieved from /home/airflow/.local/lib/python3.7/site-packages/airflow/example_dags/example_task_group_decorator.py
[2023-06-09T01:27:32.044+0000] {logging_mixin.py:149} INFO - [2023-06-09T01:27:32.043+0000] {dag.py:2726} INFO - Sync 1 DAGs
[2023-06-09T01:27:32.076+0000] {logging_mixin.py:149} INFO - [2023-06-09T01:27:32.076+0000] {dag.py:3490} INFO - Setting next_dagrun for example_task_group_decorator to 2023-06-08T01:27:32.075709+00:00, run_after=2023-06-09T01:27:32.075709+00:00
[2023-06-09T01:27:32.094+0000] {processor.py:179} INFO - Processing /home/airflow/.local/lib/python3.7/site-packages/airflow/example_dags/example_task_group_decorator.py took 0.143 seconds
[2023-06-09T01:28:02.498+0000] {processor.py:157} INFO - Started process (PID=338) to work on /home/airflow/.local/lib/python3.7/site-packages/airflow/example_dags/example_task_group_decorator.py
[2023-06-09T01:28:02.500+0000] {processor.py:826} INFO - Processing file /home/airflow/.local/lib/python3.7/site-packages/airflow/example_dags/example_task_group_decorator.py for tasks to queue
[2023-06-09T01:28:02.502+0000] {logging_mixin.py:149} INFO - [2023-06-09T01:28:02.502+0000] {dagbag.py:541} INFO - Filling up the DagBag from /home/airflow/.local/lib/python3.7/site-packages/airflow/example_dags/example_task_group_decorator.py
[2023-06-09T01:28:02.517+0000] {processor.py:836} INFO - DAG(s) dict_keys(['example_task_group_decorator']) retrieved from /home/airflow/.local/lib/python3.7/site-packages/airflow/example_dags/example_task_group_decorator.py
[2023-06-09T01:28:02.542+0000] {logging_mixin.py:149} INFO - [2023-06-09T01:28:02.542+0000] {dag.py:2726} INFO - Sync 1 DAGs
[2023-06-09T01:28:02.560+0000] {logging_mixin.py:149} INFO - [2023-06-09T01:28:02.560+0000] {dag.py:3490} INFO - Setting next_dagrun for example_task_group_decorator to 2023-06-08T01:28:02.560619+00:00, run_after=2023-06-09T01:28:02.560619+00:00
[2023-06-09T01:28:02.574+0000] {processor.py:179} INFO - Processing /home/airflow/.local/lib/python3.7/site-packages/airflow/example_dags/example_task_group_decorator.py took 0.081 seconds
[2023-06-09T01:28:33.160+0000] {processor.py:157} INFO - Started process (PID=394) to work on /home/airflow/.local/lib/python3.7/site-packages/airflow/example_dags/example_task_group_decorator.py
[2023-06-09T01:28:33.162+0000] {processor.py:826} INFO - Processing file /home/airflow/.local/lib/python3.7/site-packages/airflow/example_dags/example_task_group_decorator.py for tasks to queue
[2023-06-09T01:28:33.163+0000] {logging_mixin.py:149} INFO - [2023-06-09T01:28:33.163+0000] {dagbag.py:541} INFO - Filling up the DagBag from /home/airflow/.local/lib/python3.7/site-packages/airflow/example_dags/example_task_group_decorator.py
[2023-06-09T01:28:33.179+0000] {processor.py:836} INFO - DAG(s) dict_keys(['example_task_group_decorator']) retrieved from /home/airflow/.local/lib/python3.7/site-packages/airflow/example_dags/example_task_group_decorator.py
[2023-06-09T01:28:33.232+0000] {logging_mixin.py:149} INFO - [2023-06-09T01:28:33.232+0000] {dag.py:2726} INFO - Sync 1 DAGs
[2023-06-09T01:28:33.255+0000] {logging_mixin.py:149} INFO - [2023-06-09T01:28:33.255+0000] {dag.py:3490} INFO - Setting next_dagrun for example_task_group_decorator to 2023-06-08T01:28:33.254612+00:00, run_after=2023-06-09T01:28:33.254612+00:00
[2023-06-09T01:28:33.269+0000] {processor.py:179} INFO - Processing /home/airflow/.local/lib/python3.7/site-packages/airflow/example_dags/example_task_group_decorator.py took 0.114 seconds
[2023-06-09T01:29:03.362+0000] {processor.py:157} INFO - Started process (PID=450) to work on /home/airflow/.local/lib/python3.7/site-packages/airflow/example_dags/example_task_group_decorator.py
[2023-06-09T01:29:03.364+0000] {processor.py:826} INFO - Processing file /home/airflow/.local/lib/python3.7/site-packages/airflow/example_dags/example_task_group_decorator.py for tasks to queue
[2023-06-09T01:29:03.365+0000] {logging_mixin.py:149} INFO - [2023-06-09T01:29:03.365+0000] {dagbag.py:541} INFO - Filling up the DagBag from /home/airflow/.local/lib/python3.7/site-packages/airflow/example_dags/example_task_group_decorator.py
[2023-06-09T01:29:03.380+0000] {processor.py:836} INFO - DAG(s) dict_keys(['example_task_group_decorator']) retrieved from /home/airflow/.local/lib/python3.7/site-packages/airflow/example_dags/example_task_group_decorator.py
[2023-06-09T01:29:03.406+0000] {logging_mixin.py:149} INFO - [2023-06-09T01:29:03.406+0000] {dag.py:2726} INFO - Sync 1 DAGs
[2023-06-09T01:29:03.424+0000] {logging_mixin.py:149} INFO - [2023-06-09T01:29:03.424+0000] {dag.py:3490} INFO - Setting next_dagrun for example_task_group_decorator to 2023-06-08T01:29:03.424357+00:00, run_after=2023-06-09T01:29:03.424357+00:00
[2023-06-09T01:29:03.438+0000] {processor.py:179} INFO - Processing /home/airflow/.local/lib/python3.7/site-packages/airflow/example_dags/example_task_group_decorator.py took 0.081 seconds
[2023-06-09T01:29:33.747+0000] {processor.py:157} INFO - Started process (PID=506) to work on /home/airflow/.local/lib/python3.7/site-packages/airflow/example_dags/example_task_group_decorator.py
[2023-06-09T01:29:33.749+0000] {processor.py:826} INFO - Processing file /home/airflow/.local/lib/python3.7/site-packages/airflow/example_dags/example_task_group_decorator.py for tasks to queue
[2023-06-09T01:29:33.750+0000] {logging_mixin.py:149} INFO - [2023-06-09T01:29:33.750+0000] {dagbag.py:541} INFO - Filling up the DagBag from /home/airflow/.local/lib/python3.7/site-packages/airflow/example_dags/example_task_group_decorator.py
[2023-06-09T01:29:33.759+0000] {processor.py:836} INFO - DAG(s) dict_keys(['example_task_group_decorator']) retrieved from /home/airflow/.local/lib/python3.7/site-packages/airflow/example_dags/example_task_group_decorator.py
[2023-06-09T01:29:33.786+0000] {logging_mixin.py:149} INFO - [2023-06-09T01:29:33.786+0000] {dag.py:2726} INFO - Sync 1 DAGs
[2023-06-09T01:29:33.804+0000] {logging_mixin.py:149} INFO - [2023-06-09T01:29:33.804+0000] {dag.py:3490} INFO - Setting next_dagrun for example_task_group_decorator to 2023-06-08T01:29:33.804044+00:00, run_after=2023-06-09T01:29:33.804044+00:00
[2023-06-09T01:29:33.816+0000] {processor.py:179} INFO - Processing /home/airflow/.local/lib/python3.7/site-packages/airflow/example_dags/example_task_group_decorator.py took 0.072 seconds
[2023-06-09T01:30:04.390+0000] {processor.py:157} INFO - Started process (PID=562) to work on /home/airflow/.local/lib/python3.7/site-packages/airflow/example_dags/example_task_group_decorator.py
[2023-06-09T01:30:04.392+0000] {processor.py:826} INFO - Processing file /home/airflow/.local/lib/python3.7/site-packages/airflow/example_dags/example_task_group_decorator.py for tasks to queue
[2023-06-09T01:30:04.392+0000] {logging_mixin.py:149} INFO - [2023-06-09T01:30:04.392+0000] {dagbag.py:541} INFO - Filling up the DagBag from /home/airflow/.local/lib/python3.7/site-packages/airflow/example_dags/example_task_group_decorator.py
[2023-06-09T01:30:04.405+0000] {processor.py:836} INFO - DAG(s) dict_keys(['example_task_group_decorator']) retrieved from /home/airflow/.local/lib/python3.7/site-packages/airflow/example_dags/example_task_group_decorator.py
[2023-06-09T01:30:04.445+0000] {logging_mixin.py:149} INFO - [2023-06-09T01:30:04.445+0000] {dag.py:2726} INFO - Sync 1 DAGs
[2023-06-09T01:30:04.468+0000] {logging_mixin.py:149} INFO - [2023-06-09T01:30:04.468+0000] {dag.py:3490} INFO - Setting next_dagrun for example_task_group_decorator to 2023-06-08T01:30:04.467677+00:00, run_after=2023-06-09T01:30:04.467677+00:00
[2023-06-09T01:30:04.483+0000] {processor.py:179} INFO - Processing /home/airflow/.local/lib/python3.7/site-packages/airflow/example_dags/example_task_group_decorator.py took 0.096 seconds
[2023-06-09T01:30:34.634+0000] {processor.py:157} INFO - Started process (PID=618) to work on /home/airflow/.local/lib/python3.7/site-packages/airflow/example_dags/example_task_group_decorator.py
[2023-06-09T01:30:34.636+0000] {processor.py:826} INFO - Processing file /home/airflow/.local/lib/python3.7/site-packages/airflow/example_dags/example_task_group_decorator.py for tasks to queue
[2023-06-09T01:30:34.637+0000] {logging_mixin.py:149} INFO - [2023-06-09T01:30:34.637+0000] {dagbag.py:541} INFO - Filling up the DagBag from /home/airflow/.local/lib/python3.7/site-packages/airflow/example_dags/example_task_group_decorator.py
[2023-06-09T01:30:34.652+0000] {processor.py:836} INFO - DAG(s) dict_keys(['example_task_group_decorator']) retrieved from /home/airflow/.local/lib/python3.7/site-packages/airflow/example_dags/example_task_group_decorator.py
[2023-06-09T01:30:34.678+0000] {logging_mixin.py:149} INFO - [2023-06-09T01:30:34.678+0000] {dag.py:2726} INFO - Sync 1 DAGs
[2023-06-09T01:30:34.694+0000] {logging_mixin.py:149} INFO - [2023-06-09T01:30:34.694+0000] {dag.py:3490} INFO - Setting next_dagrun for example_task_group_decorator to 2023-06-08T01:30:34.693793+00:00, run_after=2023-06-09T01:30:34.693793+00:00
[2023-06-09T01:30:34.707+0000] {processor.py:179} INFO - Processing /home/airflow/.local/lib/python3.7/site-packages/airflow/example_dags/example_task_group_decorator.py took 0.078 seconds
[2023-06-09T01:31:05.253+0000] {processor.py:157} INFO - Started process (PID=674) to work on /home/airflow/.local/lib/python3.7/site-packages/airflow/example_dags/example_task_group_decorator.py
[2023-06-09T01:31:05.288+0000] {processor.py:826} INFO - Processing file /home/airflow/.local/lib/python3.7/site-packages/airflow/example_dags/example_task_group_decorator.py for tasks to queue
[2023-06-09T01:31:05.305+0000] {logging_mixin.py:149} INFO - [2023-06-09T01:31:05.303+0000] {dagbag.py:541} INFO - Filling up the DagBag from /home/airflow/.local/lib/python3.7/site-packages/airflow/example_dags/example_task_group_decorator.py
[2023-06-09T01:31:05.340+0000] {processor.py:836} INFO - DAG(s) dict_keys(['example_task_group_decorator']) retrieved from /home/airflow/.local/lib/python3.7/site-packages/airflow/example_dags/example_task_group_decorator.py
[2023-06-09T01:31:05.384+0000] {logging_mixin.py:149} INFO - [2023-06-09T01:31:05.383+0000] {dag.py:2726} INFO - Sync 1 DAGs
[2023-06-09T01:31:05.411+0000] {logging_mixin.py:149} INFO - [2023-06-09T01:31:05.410+0000] {dag.py:3490} INFO - Setting next_dagrun for example_task_group_decorator to 2023-06-08T01:31:05.410659+00:00, run_after=2023-06-09T01:31:05.410659+00:00
[2023-06-09T01:31:05.430+0000] {processor.py:179} INFO - Processing /home/airflow/.local/lib/python3.7/site-packages/airflow/example_dags/example_task_group_decorator.py took 0.188 seconds
[2023-06-09T01:31:36.114+0000] {processor.py:157} INFO - Started process (PID=730) to work on /home/airflow/.local/lib/python3.7/site-packages/airflow/example_dags/example_task_group_decorator.py
[2023-06-09T01:31:36.116+0000] {processor.py:826} INFO - Processing file /home/airflow/.local/lib/python3.7/site-packages/airflow/example_dags/example_task_group_decorator.py for tasks to queue
[2023-06-09T01:31:36.117+0000] {logging_mixin.py:149} INFO - [2023-06-09T01:31:36.117+0000] {dagbag.py:541} INFO - Filling up the DagBag from /home/airflow/.local/lib/python3.7/site-packages/airflow/example_dags/example_task_group_decorator.py
[2023-06-09T01:31:36.134+0000] {processor.py:836} INFO - DAG(s) dict_keys(['example_task_group_decorator']) retrieved from /home/airflow/.local/lib/python3.7/site-packages/airflow/example_dags/example_task_group_decorator.py
[2023-06-09T01:31:36.189+0000] {logging_mixin.py:149} INFO - [2023-06-09T01:31:36.189+0000] {dag.py:2726} INFO - Sync 1 DAGs
[2023-06-09T01:31:36.224+0000] {logging_mixin.py:149} INFO - [2023-06-09T01:31:36.224+0000] {dag.py:3490} INFO - Setting next_dagrun for example_task_group_decorator to 2023-06-08T01:31:36.222954+00:00, run_after=2023-06-09T01:31:36.222954+00:00
[2023-06-09T01:31:36.253+0000] {processor.py:179} INFO - Processing /home/airflow/.local/lib/python3.7/site-packages/airflow/example_dags/example_task_group_decorator.py took 0.143 seconds
[2023-06-09T01:32:06.412+0000] {processor.py:157} INFO - Started process (PID=786) to work on /home/airflow/.local/lib/python3.7/site-packages/airflow/example_dags/example_task_group_decorator.py
[2023-06-09T01:32:06.414+0000] {processor.py:826} INFO - Processing file /home/airflow/.local/lib/python3.7/site-packages/airflow/example_dags/example_task_group_decorator.py for tasks to queue
[2023-06-09T01:32:06.415+0000] {logging_mixin.py:149} INFO - [2023-06-09T01:32:06.415+0000] {dagbag.py:541} INFO - Filling up the DagBag from /home/airflow/.local/lib/python3.7/site-packages/airflow/example_dags/example_task_group_decorator.py
[2023-06-09T01:32:06.428+0000] {processor.py:836} INFO - DAG(s) dict_keys(['example_task_group_decorator']) retrieved from /home/airflow/.local/lib/python3.7/site-packages/airflow/example_dags/example_task_group_decorator.py
[2023-06-09T01:32:06.452+0000] {logging_mixin.py:149} INFO - [2023-06-09T01:32:06.452+0000] {dag.py:2726} INFO - Sync 1 DAGs
[2023-06-09T01:32:06.473+0000] {logging_mixin.py:149} INFO - [2023-06-09T01:32:06.473+0000] {dag.py:3490} INFO - Setting next_dagrun for example_task_group_decorator to 2023-06-08T01:32:06.473194+00:00, run_after=2023-06-09T01:32:06.473194+00:00
[2023-06-09T01:32:06.504+0000] {processor.py:179} INFO - Processing /home/airflow/.local/lib/python3.7/site-packages/airflow/example_dags/example_task_group_decorator.py took 0.096 seconds
[2023-06-09T01:32:36.610+0000] {processor.py:157} INFO - Started process (PID=842) to work on /home/airflow/.local/lib/python3.7/site-packages/airflow/example_dags/example_task_group_decorator.py
[2023-06-09T01:32:36.611+0000] {processor.py:826} INFO - Processing file /home/airflow/.local/lib/python3.7/site-packages/airflow/example_dags/example_task_group_decorator.py for tasks to queue
[2023-06-09T01:32:36.613+0000] {logging_mixin.py:149} INFO - [2023-06-09T01:32:36.613+0000] {dagbag.py:541} INFO - Filling up the DagBag from /home/airflow/.local/lib/python3.7/site-packages/airflow/example_dags/example_task_group_decorator.py
[2023-06-09T01:32:36.628+0000] {processor.py:836} INFO - DAG(s) dict_keys(['example_task_group_decorator']) retrieved from /home/airflow/.local/lib/python3.7/site-packages/airflow/example_dags/example_task_group_decorator.py
[2023-06-09T01:32:36.672+0000] {logging_mixin.py:149} INFO - [2023-06-09T01:32:36.671+0000] {dag.py:2726} INFO - Sync 1 DAGs
[2023-06-09T01:32:36.702+0000] {logging_mixin.py:149} INFO - [2023-06-09T01:32:36.702+0000] {dag.py:3490} INFO - Setting next_dagrun for example_task_group_decorator to 2023-06-08T01:32:36.701636+00:00, run_after=2023-06-09T01:32:36.701636+00:00
[2023-06-09T01:32:36.719+0000] {processor.py:179} INFO - Processing /home/airflow/.local/lib/python3.7/site-packages/airflow/example_dags/example_task_group_decorator.py took 0.114 seconds
[2023-06-09T01:33:06.829+0000] {processor.py:157} INFO - Started process (PID=898) to work on /home/airflow/.local/lib/python3.7/site-packages/airflow/example_dags/example_task_group_decorator.py
[2023-06-09T01:33:06.831+0000] {processor.py:826} INFO - Processing file /home/airflow/.local/lib/python3.7/site-packages/airflow/example_dags/example_task_group_decorator.py for tasks to queue
[2023-06-09T01:33:06.832+0000] {logging_mixin.py:149} INFO - [2023-06-09T01:33:06.832+0000] {dagbag.py:541} INFO - Filling up the DagBag from /home/airflow/.local/lib/python3.7/site-packages/airflow/example_dags/example_task_group_decorator.py
[2023-06-09T01:33:06.846+0000] {processor.py:836} INFO - DAG(s) dict_keys(['example_task_group_decorator']) retrieved from /home/airflow/.local/lib/python3.7/site-packages/airflow/example_dags/example_task_group_decorator.py
[2023-06-09T01:33:06.870+0000] {logging_mixin.py:149} INFO - [2023-06-09T01:33:06.869+0000] {dag.py:2726} INFO - Sync 1 DAGs
[2023-06-09T01:33:06.887+0000] {logging_mixin.py:149} INFO - [2023-06-09T01:33:06.887+0000] {dag.py:3490} INFO - Setting next_dagrun for example_task_group_decorator to 2023-06-08T01:33:06.887433+00:00, run_after=2023-06-09T01:33:06.887433+00:00
[2023-06-09T01:33:06.900+0000] {processor.py:179} INFO - Processing /home/airflow/.local/lib/python3.7/site-packages/airflow/example_dags/example_task_group_decorator.py took 0.076 seconds
[2023-06-09T01:33:36.983+0000] {processor.py:157} INFO - Started process (PID=954) to work on /home/airflow/.local/lib/python3.7/site-packages/airflow/example_dags/example_task_group_decorator.py
[2023-06-09T01:33:36.985+0000] {processor.py:826} INFO - Processing file /home/airflow/.local/lib/python3.7/site-packages/airflow/example_dags/example_task_group_decorator.py for tasks to queue
[2023-06-09T01:33:36.986+0000] {logging_mixin.py:149} INFO - [2023-06-09T01:33:36.986+0000] {dagbag.py:541} INFO - Filling up the DagBag from /home/airflow/.local/lib/python3.7/site-packages/airflow/example_dags/example_task_group_decorator.py
[2023-06-09T01:33:36.999+0000] {processor.py:836} INFO - DAG(s) dict_keys(['example_task_group_decorator']) retrieved from /home/airflow/.local/lib/python3.7/site-packages/airflow/example_dags/example_task_group_decorator.py
[2023-06-09T01:33:37.022+0000] {logging_mixin.py:149} INFO - [2023-06-09T01:33:37.022+0000] {dag.py:2726} INFO - Sync 1 DAGs
[2023-06-09T01:33:37.037+0000] {logging_mixin.py:149} INFO - [2023-06-09T01:33:37.037+0000] {dag.py:3490} INFO - Setting next_dagrun for example_task_group_decorator to 2023-06-08T01:33:37.037037+00:00, run_after=2023-06-09T01:33:37.037037+00:00
[2023-06-09T01:33:37.049+0000] {processor.py:179} INFO - Processing /home/airflow/.local/lib/python3.7/site-packages/airflow/example_dags/example_task_group_decorator.py took 0.071 seconds
[2023-06-09T01:34:07.605+0000] {processor.py:157} INFO - Started process (PID=1010) to work on /home/airflow/.local/lib/python3.7/site-packages/airflow/example_dags/example_task_group_decorator.py
[2023-06-09T01:34:07.609+0000] {processor.py:826} INFO - Processing file /home/airflow/.local/lib/python3.7/site-packages/airflow/example_dags/example_task_group_decorator.py for tasks to queue
[2023-06-09T01:34:07.611+0000] {logging_mixin.py:149} INFO - [2023-06-09T01:34:07.611+0000] {dagbag.py:541} INFO - Filling up the DagBag from /home/airflow/.local/lib/python3.7/site-packages/airflow/example_dags/example_task_group_decorator.py
[2023-06-09T01:34:07.655+0000] {processor.py:836} INFO - DAG(s) dict_keys(['example_task_group_decorator']) retrieved from /home/airflow/.local/lib/python3.7/site-packages/airflow/example_dags/example_task_group_decorator.py
[2023-06-09T01:34:07.725+0000] {logging_mixin.py:149} INFO - [2023-06-09T01:34:07.725+0000] {dag.py:2726} INFO - Sync 1 DAGs
[2023-06-09T01:34:07.765+0000] {logging_mixin.py:149} INFO - [2023-06-09T01:34:07.764+0000] {dag.py:3490} INFO - Setting next_dagrun for example_task_group_decorator to 2023-06-08T01:34:07.764438+00:00, run_after=2023-06-09T01:34:07.764438+00:00
[2023-06-09T01:34:07.789+0000] {processor.py:179} INFO - Processing /home/airflow/.local/lib/python3.7/site-packages/airflow/example_dags/example_task_group_decorator.py took 0.195 seconds
[2023-06-09T01:34:38.122+0000] {processor.py:157} INFO - Started process (PID=1066) to work on /home/airflow/.local/lib/python3.7/site-packages/airflow/example_dags/example_task_group_decorator.py
[2023-06-09T01:34:38.124+0000] {processor.py:826} INFO - Processing file /home/airflow/.local/lib/python3.7/site-packages/airflow/example_dags/example_task_group_decorator.py for tasks to queue
[2023-06-09T01:34:38.124+0000] {logging_mixin.py:149} INFO - [2023-06-09T01:34:38.124+0000] {dagbag.py:541} INFO - Filling up the DagBag from /home/airflow/.local/lib/python3.7/site-packages/airflow/example_dags/example_task_group_decorator.py
[2023-06-09T01:34:38.135+0000] {processor.py:836} INFO - DAG(s) dict_keys(['example_task_group_decorator']) retrieved from /home/airflow/.local/lib/python3.7/site-packages/airflow/example_dags/example_task_group_decorator.py
[2023-06-09T01:34:38.159+0000] {logging_mixin.py:149} INFO - [2023-06-09T01:34:38.159+0000] {dag.py:2726} INFO - Sync 1 DAGs
[2023-06-09T01:34:38.180+0000] {logging_mixin.py:149} INFO - [2023-06-09T01:34:38.180+0000] {dag.py:3490} INFO - Setting next_dagrun for example_task_group_decorator to 2023-06-08T01:34:38.180250+00:00, run_after=2023-06-09T01:34:38.180250+00:00
[2023-06-09T01:34:38.195+0000] {processor.py:179} INFO - Processing /home/airflow/.local/lib/python3.7/site-packages/airflow/example_dags/example_task_group_decorator.py took 0.076 seconds
[2023-06-09T01:35:09.035+0000] {processor.py:157} INFO - Started process (PID=1122) to work on /home/airflow/.local/lib/python3.7/site-packages/airflow/example_dags/example_task_group_decorator.py
[2023-06-09T01:35:09.037+0000] {processor.py:826} INFO - Processing file /home/airflow/.local/lib/python3.7/site-packages/airflow/example_dags/example_task_group_decorator.py for tasks to queue
[2023-06-09T01:35:09.040+0000] {logging_mixin.py:149} INFO - [2023-06-09T01:35:09.040+0000] {dagbag.py:541} INFO - Filling up the DagBag from /home/airflow/.local/lib/python3.7/site-packages/airflow/example_dags/example_task_group_decorator.py
[2023-06-09T01:35:09.059+0000] {processor.py:836} INFO - DAG(s) dict_keys(['example_task_group_decorator']) retrieved from /home/airflow/.local/lib/python3.7/site-packages/airflow/example_dags/example_task_group_decorator.py
[2023-06-09T01:35:09.087+0000] {logging_mixin.py:149} INFO - [2023-06-09T01:35:09.087+0000] {dag.py:2726} INFO - Sync 1 DAGs
[2023-06-09T01:35:09.104+0000] {logging_mixin.py:149} INFO - [2023-06-09T01:35:09.104+0000] {dag.py:3490} INFO - Setting next_dagrun for example_task_group_decorator to 2023-06-08T01:35:09.103864+00:00, run_after=2023-06-09T01:35:09.103864+00:00
[2023-06-09T01:35:09.131+0000] {processor.py:179} INFO - Processing /home/airflow/.local/lib/python3.7/site-packages/airflow/example_dags/example_task_group_decorator.py took 0.104 seconds
[2023-06-09T01:35:39.560+0000] {processor.py:157} INFO - Started process (PID=1178) to work on /home/airflow/.local/lib/python3.7/site-packages/airflow/example_dags/example_task_group_decorator.py
[2023-06-09T01:35:39.563+0000] {processor.py:826} INFO - Processing file /home/airflow/.local/lib/python3.7/site-packages/airflow/example_dags/example_task_group_decorator.py for tasks to queue
[2023-06-09T01:35:39.565+0000] {logging_mixin.py:149} INFO - [2023-06-09T01:35:39.565+0000] {dagbag.py:541} INFO - Filling up the DagBag from /home/airflow/.local/lib/python3.7/site-packages/airflow/example_dags/example_task_group_decorator.py
[2023-06-09T01:35:39.585+0000] {processor.py:836} INFO - DAG(s) dict_keys(['example_task_group_decorator']) retrieved from /home/airflow/.local/lib/python3.7/site-packages/airflow/example_dags/example_task_group_decorator.py
[2023-06-09T01:35:39.617+0000] {logging_mixin.py:149} INFO - [2023-06-09T01:35:39.617+0000] {dag.py:2726} INFO - Sync 1 DAGs
[2023-06-09T01:35:39.636+0000] {logging_mixin.py:149} INFO - [2023-06-09T01:35:39.636+0000] {dag.py:3490} INFO - Setting next_dagrun for example_task_group_decorator to 2023-06-08T01:35:39.635940+00:00, run_after=2023-06-09T01:35:39.635940+00:00
[2023-06-09T01:35:39.650+0000] {processor.py:179} INFO - Processing /home/airflow/.local/lib/python3.7/site-packages/airflow/example_dags/example_task_group_decorator.py took 0.096 seconds
[2023-06-09T01:36:09.777+0000] {processor.py:157} INFO - Started process (PID=1234) to work on /home/airflow/.local/lib/python3.7/site-packages/airflow/example_dags/example_task_group_decorator.py
[2023-06-09T01:36:09.780+0000] {processor.py:826} INFO - Processing file /home/airflow/.local/lib/python3.7/site-packages/airflow/example_dags/example_task_group_decorator.py for tasks to queue
[2023-06-09T01:36:09.782+0000] {logging_mixin.py:149} INFO - [2023-06-09T01:36:09.782+0000] {dagbag.py:541} INFO - Filling up the DagBag from /home/airflow/.local/lib/python3.7/site-packages/airflow/example_dags/example_task_group_decorator.py
[2023-06-09T01:36:09.802+0000] {processor.py:836} INFO - DAG(s) dict_keys(['example_task_group_decorator']) retrieved from /home/airflow/.local/lib/python3.7/site-packages/airflow/example_dags/example_task_group_decorator.py
[2023-06-09T01:36:09.832+0000] {logging_mixin.py:149} INFO - [2023-06-09T01:36:09.832+0000] {dag.py:2726} INFO - Sync 1 DAGs
[2023-06-09T01:36:09.853+0000] {logging_mixin.py:149} INFO - [2023-06-09T01:36:09.853+0000] {dag.py:3490} INFO - Setting next_dagrun for example_task_group_decorator to 2023-06-08T01:36:09.853058+00:00, run_after=2023-06-09T01:36:09.853058+00:00
[2023-06-09T01:36:09.871+0000] {processor.py:179} INFO - Processing /home/airflow/.local/lib/python3.7/site-packages/airflow/example_dags/example_task_group_decorator.py took 0.099 seconds
[2023-06-09T01:36:39.972+0000] {processor.py:157} INFO - Started process (PID=1290) to work on /home/airflow/.local/lib/python3.7/site-packages/airflow/example_dags/example_task_group_decorator.py
[2023-06-09T01:36:39.977+0000] {processor.py:826} INFO - Processing file /home/airflow/.local/lib/python3.7/site-packages/airflow/example_dags/example_task_group_decorator.py for tasks to queue
[2023-06-09T01:36:39.978+0000] {logging_mixin.py:149} INFO - [2023-06-09T01:36:39.978+0000] {dagbag.py:541} INFO - Filling up the DagBag from /home/airflow/.local/lib/python3.7/site-packages/airflow/example_dags/example_task_group_decorator.py
[2023-06-09T01:36:39.994+0000] {processor.py:836} INFO - DAG(s) dict_keys(['example_task_group_decorator']) retrieved from /home/airflow/.local/lib/python3.7/site-packages/airflow/example_dags/example_task_group_decorator.py
[2023-06-09T01:36:40.024+0000] {logging_mixin.py:149} INFO - [2023-06-09T01:36:40.024+0000] {dag.py:2726} INFO - Sync 1 DAGs
[2023-06-09T01:36:40.043+0000] {logging_mixin.py:149} INFO - [2023-06-09T01:36:40.043+0000] {dag.py:3490} INFO - Setting next_dagrun for example_task_group_decorator to 2023-06-08T01:36:40.043342+00:00, run_after=2023-06-09T01:36:40.043342+00:00
[2023-06-09T01:36:40.056+0000] {processor.py:179} INFO - Processing /home/airflow/.local/lib/python3.7/site-packages/airflow/example_dags/example_task_group_decorator.py took 0.090 seconds
[2023-06-09T01:37:10.124+0000] {processor.py:157} INFO - Started process (PID=1346) to work on /home/airflow/.local/lib/python3.7/site-packages/airflow/example_dags/example_task_group_decorator.py
[2023-06-09T01:37:10.126+0000] {processor.py:826} INFO - Processing file /home/airflow/.local/lib/python3.7/site-packages/airflow/example_dags/example_task_group_decorator.py for tasks to queue
[2023-06-09T01:37:10.128+0000] {logging_mixin.py:149} INFO - [2023-06-09T01:37:10.128+0000] {dagbag.py:541} INFO - Filling up the DagBag from /home/airflow/.local/lib/python3.7/site-packages/airflow/example_dags/example_task_group_decorator.py
[2023-06-09T01:37:10.144+0000] {processor.py:836} INFO - DAG(s) dict_keys(['example_task_group_decorator']) retrieved from /home/airflow/.local/lib/python3.7/site-packages/airflow/example_dags/example_task_group_decorator.py
[2023-06-09T01:37:10.174+0000] {logging_mixin.py:149} INFO - [2023-06-09T01:37:10.174+0000] {dag.py:2726} INFO - Sync 1 DAGs
[2023-06-09T01:37:10.192+0000] {logging_mixin.py:149} INFO - [2023-06-09T01:37:10.192+0000] {dag.py:3490} INFO - Setting next_dagrun for example_task_group_decorator to 2023-06-08T01:37:10.192104+00:00, run_after=2023-06-09T01:37:10.192104+00:00
[2023-06-09T01:37:10.206+0000] {processor.py:179} INFO - Processing /home/airflow/.local/lib/python3.7/site-packages/airflow/example_dags/example_task_group_decorator.py took 0.089 seconds
[2023-06-09T01:37:40.572+0000] {processor.py:157} INFO - Started process (PID=1402) to work on /home/airflow/.local/lib/python3.7/site-packages/airflow/example_dags/example_task_group_decorator.py
[2023-06-09T01:37:40.575+0000] {processor.py:826} INFO - Processing file /home/airflow/.local/lib/python3.7/site-packages/airflow/example_dags/example_task_group_decorator.py for tasks to queue
[2023-06-09T01:37:40.577+0000] {logging_mixin.py:149} INFO - [2023-06-09T01:37:40.577+0000] {dagbag.py:541} INFO - Filling up the DagBag from /home/airflow/.local/lib/python3.7/site-packages/airflow/example_dags/example_task_group_decorator.py
[2023-06-09T01:37:40.600+0000] {processor.py:836} INFO - DAG(s) dict_keys(['example_task_group_decorator']) retrieved from /home/airflow/.local/lib/python3.7/site-packages/airflow/example_dags/example_task_group_decorator.py
[2023-06-09T01:37:40.634+0000] {logging_mixin.py:149} INFO - [2023-06-09T01:37:40.634+0000] {dag.py:2726} INFO - Sync 1 DAGs
[2023-06-09T01:37:40.663+0000] {logging_mixin.py:149} INFO - [2023-06-09T01:37:40.663+0000] {dag.py:3490} INFO - Setting next_dagrun for example_task_group_decorator to 2023-06-08T01:37:40.663129+00:00, run_after=2023-06-09T01:37:40.663129+00:00
[2023-06-09T01:37:40.681+0000] {processor.py:179} INFO - Processing /home/airflow/.local/lib/python3.7/site-packages/airflow/example_dags/example_task_group_decorator.py took 0.116 seconds
[2023-06-09T01:38:10.878+0000] {processor.py:157} INFO - Started process (PID=1457) to work on /home/airflow/.local/lib/python3.7/site-packages/airflow/example_dags/example_task_group_decorator.py
[2023-06-09T01:38:10.880+0000] {processor.py:826} INFO - Processing file /home/airflow/.local/lib/python3.7/site-packages/airflow/example_dags/example_task_group_decorator.py for tasks to queue
[2023-06-09T01:38:10.882+0000] {logging_mixin.py:149} INFO - [2023-06-09T01:38:10.882+0000] {dagbag.py:541} INFO - Filling up the DagBag from /home/airflow/.local/lib/python3.7/site-packages/airflow/example_dags/example_task_group_decorator.py
[2023-06-09T01:38:10.899+0000] {processor.py:836} INFO - DAG(s) dict_keys(['example_task_group_decorator']) retrieved from /home/airflow/.local/lib/python3.7/site-packages/airflow/example_dags/example_task_group_decorator.py
[2023-06-09T01:38:10.934+0000] {logging_mixin.py:149} INFO - [2023-06-09T01:38:10.934+0000] {dag.py:2726} INFO - Sync 1 DAGs
[2023-06-09T01:38:10.956+0000] {logging_mixin.py:149} INFO - [2023-06-09T01:38:10.956+0000] {dag.py:3490} INFO - Setting next_dagrun for example_task_group_decorator to 2023-06-08T01:38:10.955712+00:00, run_after=2023-06-09T01:38:10.955712+00:00
[2023-06-09T01:38:10.971+0000] {processor.py:179} INFO - Processing /home/airflow/.local/lib/python3.7/site-packages/airflow/example_dags/example_task_group_decorator.py took 0.100 seconds
[2023-06-09T01:38:41.096+0000] {processor.py:157} INFO - Started process (PID=1513) to work on /home/airflow/.local/lib/python3.7/site-packages/airflow/example_dags/example_task_group_decorator.py
[2023-06-09T01:38:41.098+0000] {processor.py:826} INFO - Processing file /home/airflow/.local/lib/python3.7/site-packages/airflow/example_dags/example_task_group_decorator.py for tasks to queue
[2023-06-09T01:38:41.099+0000] {logging_mixin.py:149} INFO - [2023-06-09T01:38:41.099+0000] {dagbag.py:541} INFO - Filling up the DagBag from /home/airflow/.local/lib/python3.7/site-packages/airflow/example_dags/example_task_group_decorator.py
[2023-06-09T01:38:41.121+0000] {processor.py:836} INFO - DAG(s) dict_keys(['example_task_group_decorator']) retrieved from /home/airflow/.local/lib/python3.7/site-packages/airflow/example_dags/example_task_group_decorator.py
[2023-06-09T01:38:41.147+0000] {logging_mixin.py:149} INFO - [2023-06-09T01:38:41.147+0000] {dag.py:2726} INFO - Sync 1 DAGs
[2023-06-09T01:38:41.164+0000] {logging_mixin.py:149} INFO - [2023-06-09T01:38:41.164+0000] {dag.py:3490} INFO - Setting next_dagrun for example_task_group_decorator to 2023-06-08T01:38:41.164500+00:00, run_after=2023-06-09T01:38:41.164500+00:00
[2023-06-09T01:38:41.176+0000] {processor.py:179} INFO - Processing /home/airflow/.local/lib/python3.7/site-packages/airflow/example_dags/example_task_group_decorator.py took 0.086 seconds
[2023-06-09T01:39:11.389+0000] {processor.py:157} INFO - Started process (PID=1569) to work on /home/airflow/.local/lib/python3.7/site-packages/airflow/example_dags/example_task_group_decorator.py
[2023-06-09T01:39:11.391+0000] {processor.py:826} INFO - Processing file /home/airflow/.local/lib/python3.7/site-packages/airflow/example_dags/example_task_group_decorator.py for tasks to queue
[2023-06-09T01:39:11.392+0000] {logging_mixin.py:149} INFO - [2023-06-09T01:39:11.392+0000] {dagbag.py:541} INFO - Filling up the DagBag from /home/airflow/.local/lib/python3.7/site-packages/airflow/example_dags/example_task_group_decorator.py
[2023-06-09T01:39:11.415+0000] {processor.py:836} INFO - DAG(s) dict_keys(['example_task_group_decorator']) retrieved from /home/airflow/.local/lib/python3.7/site-packages/airflow/example_dags/example_task_group_decorator.py
[2023-06-09T01:39:11.443+0000] {logging_mixin.py:149} INFO - [2023-06-09T01:39:11.443+0000] {dag.py:2726} INFO - Sync 1 DAGs
[2023-06-09T01:39:11.462+0000] {logging_mixin.py:149} INFO - [2023-06-09T01:39:11.462+0000] {dag.py:3490} INFO - Setting next_dagrun for example_task_group_decorator to 2023-06-08T01:39:11.462099+00:00, run_after=2023-06-09T01:39:11.462099+00:00
[2023-06-09T01:39:11.474+0000] {processor.py:179} INFO - Processing /home/airflow/.local/lib/python3.7/site-packages/airflow/example_dags/example_task_group_decorator.py took 0.092 seconds
[2023-06-09T01:39:41.744+0000] {processor.py:157} INFO - Started process (PID=1625) to work on /home/airflow/.local/lib/python3.7/site-packages/airflow/example_dags/example_task_group_decorator.py
[2023-06-09T01:39:41.746+0000] {processor.py:826} INFO - Processing file /home/airflow/.local/lib/python3.7/site-packages/airflow/example_dags/example_task_group_decorator.py for tasks to queue
[2023-06-09T01:39:41.748+0000] {logging_mixin.py:149} INFO - [2023-06-09T01:39:41.748+0000] {dagbag.py:541} INFO - Filling up the DagBag from /home/airflow/.local/lib/python3.7/site-packages/airflow/example_dags/example_task_group_decorator.py
[2023-06-09T01:39:41.766+0000] {processor.py:836} INFO - DAG(s) dict_keys(['example_task_group_decorator']) retrieved from /home/airflow/.local/lib/python3.7/site-packages/airflow/example_dags/example_task_group_decorator.py
[2023-06-09T01:39:41.792+0000] {logging_mixin.py:149} INFO - [2023-06-09T01:39:41.792+0000] {dag.py:2726} INFO - Sync 1 DAGs
[2023-06-09T01:39:41.810+0000] {logging_mixin.py:149} INFO - [2023-06-09T01:39:41.810+0000] {dag.py:3490} INFO - Setting next_dagrun for example_task_group_decorator to 2023-06-08T01:39:41.810497+00:00, run_after=2023-06-09T01:39:41.810497+00:00
[2023-06-09T01:39:41.823+0000] {processor.py:179} INFO - Processing /home/airflow/.local/lib/python3.7/site-packages/airflow/example_dags/example_task_group_decorator.py took 0.086 seconds
[2023-06-09T01:40:11.931+0000] {processor.py:157} INFO - Started process (PID=1682) to work on /home/airflow/.local/lib/python3.7/site-packages/airflow/example_dags/example_task_group_decorator.py
[2023-06-09T01:40:11.933+0000] {processor.py:826} INFO - Processing file /home/airflow/.local/lib/python3.7/site-packages/airflow/example_dags/example_task_group_decorator.py for tasks to queue
[2023-06-09T01:40:11.934+0000] {logging_mixin.py:149} INFO - [2023-06-09T01:40:11.934+0000] {dagbag.py:541} INFO - Filling up the DagBag from /home/airflow/.local/lib/python3.7/site-packages/airflow/example_dags/example_task_group_decorator.py
[2023-06-09T01:40:11.949+0000] {processor.py:836} INFO - DAG(s) dict_keys(['example_task_group_decorator']) retrieved from /home/airflow/.local/lib/python3.7/site-packages/airflow/example_dags/example_task_group_decorator.py
[2023-06-09T01:40:11.972+0000] {logging_mixin.py:149} INFO - [2023-06-09T01:40:11.972+0000] {dag.py:2726} INFO - Sync 1 DAGs
[2023-06-09T01:40:11.988+0000] {logging_mixin.py:149} INFO - [2023-06-09T01:40:11.988+0000] {dag.py:3490} INFO - Setting next_dagrun for example_task_group_decorator to 2023-06-08T01:40:11.988024+00:00, run_after=2023-06-09T01:40:11.988024+00:00
[2023-06-09T01:40:12.001+0000] {processor.py:179} INFO - Processing /home/airflow/.local/lib/python3.7/site-packages/airflow/example_dags/example_task_group_decorator.py took 0.075 seconds
[2023-06-09T01:40:42.340+0000] {processor.py:157} INFO - Started process (PID=1738) to work on /home/airflow/.local/lib/python3.7/site-packages/airflow/example_dags/example_task_group_decorator.py
[2023-06-09T01:40:42.343+0000] {processor.py:826} INFO - Processing file /home/airflow/.local/lib/python3.7/site-packages/airflow/example_dags/example_task_group_decorator.py for tasks to queue
[2023-06-09T01:40:42.346+0000] {logging_mixin.py:149} INFO - [2023-06-09T01:40:42.346+0000] {dagbag.py:541} INFO - Filling up the DagBag from /home/airflow/.local/lib/python3.7/site-packages/airflow/example_dags/example_task_group_decorator.py
[2023-06-09T01:40:42.372+0000] {processor.py:836} INFO - DAG(s) dict_keys(['example_task_group_decorator']) retrieved from /home/airflow/.local/lib/python3.7/site-packages/airflow/example_dags/example_task_group_decorator.py
[2023-06-09T01:40:42.399+0000] {logging_mixin.py:149} INFO - [2023-06-09T01:40:42.399+0000] {dag.py:2726} INFO - Sync 1 DAGs
[2023-06-09T01:40:42.505+0000] {logging_mixin.py:149} INFO - [2023-06-09T01:40:42.504+0000] {dag.py:3490} INFO - Setting next_dagrun for example_task_group_decorator to 2023-06-08T01:40:42.499784+00:00, run_after=2023-06-09T01:40:42.499784+00:00
[2023-06-09T01:40:42.552+0000] {processor.py:179} INFO - Processing /home/airflow/.local/lib/python3.7/site-packages/airflow/example_dags/example_task_group_decorator.py took 0.218 seconds
[2023-06-09T01:41:12.777+0000] {processor.py:157} INFO - Started process (PID=1794) to work on /home/airflow/.local/lib/python3.7/site-packages/airflow/example_dags/example_task_group_decorator.py
[2023-06-09T01:41:12.779+0000] {processor.py:826} INFO - Processing file /home/airflow/.local/lib/python3.7/site-packages/airflow/example_dags/example_task_group_decorator.py for tasks to queue
[2023-06-09T01:41:12.781+0000] {logging_mixin.py:149} INFO - [2023-06-09T01:41:12.781+0000] {dagbag.py:541} INFO - Filling up the DagBag from /home/airflow/.local/lib/python3.7/site-packages/airflow/example_dags/example_task_group_decorator.py
[2023-06-09T01:41:12.796+0000] {processor.py:836} INFO - DAG(s) dict_keys(['example_task_group_decorator']) retrieved from /home/airflow/.local/lib/python3.7/site-packages/airflow/example_dags/example_task_group_decorator.py
[2023-06-09T01:41:12.823+0000] {logging_mixin.py:149} INFO - [2023-06-09T01:41:12.823+0000] {dag.py:2726} INFO - Sync 1 DAGs
[2023-06-09T01:41:12.844+0000] {logging_mixin.py:149} INFO - [2023-06-09T01:41:12.844+0000] {dag.py:3490} INFO - Setting next_dagrun for example_task_group_decorator to 2023-06-08T01:41:12.844547+00:00, run_after=2023-06-09T01:41:12.844547+00:00
[2023-06-09T01:41:12.859+0000] {processor.py:179} INFO - Processing /home/airflow/.local/lib/python3.7/site-packages/airflow/example_dags/example_task_group_decorator.py took 0.088 seconds
[2023-06-09T01:41:43.474+0000] {processor.py:157} INFO - Started process (PID=1851) to work on /home/airflow/.local/lib/python3.7/site-packages/airflow/example_dags/example_task_group_decorator.py
[2023-06-09T01:41:43.476+0000] {processor.py:826} INFO - Processing file /home/airflow/.local/lib/python3.7/site-packages/airflow/example_dags/example_task_group_decorator.py for tasks to queue
[2023-06-09T01:41:43.478+0000] {logging_mixin.py:149} INFO - [2023-06-09T01:41:43.478+0000] {dagbag.py:541} INFO - Filling up the DagBag from /home/airflow/.local/lib/python3.7/site-packages/airflow/example_dags/example_task_group_decorator.py
[2023-06-09T01:41:43.495+0000] {processor.py:836} INFO - DAG(s) dict_keys(['example_task_group_decorator']) retrieved from /home/airflow/.local/lib/python3.7/site-packages/airflow/example_dags/example_task_group_decorator.py
[2023-06-09T01:41:43.520+0000] {logging_mixin.py:149} INFO - [2023-06-09T01:41:43.520+0000] {dag.py:2726} INFO - Sync 1 DAGs
[2023-06-09T01:41:43.537+0000] {logging_mixin.py:149} INFO - [2023-06-09T01:41:43.537+0000] {dag.py:3490} INFO - Setting next_dagrun for example_task_group_decorator to 2023-06-08T01:41:43.536783+00:00, run_after=2023-06-09T01:41:43.536783+00:00
[2023-06-09T01:41:43.550+0000] {processor.py:179} INFO - Processing /home/airflow/.local/lib/python3.7/site-packages/airflow/example_dags/example_task_group_decorator.py took 0.082 seconds
[2023-06-09T01:42:14.061+0000] {processor.py:157} INFO - Started process (PID=1907) to work on /home/airflow/.local/lib/python3.7/site-packages/airflow/example_dags/example_task_group_decorator.py
[2023-06-09T01:42:14.063+0000] {processor.py:826} INFO - Processing file /home/airflow/.local/lib/python3.7/site-packages/airflow/example_dags/example_task_group_decorator.py for tasks to queue
[2023-06-09T01:42:14.065+0000] {logging_mixin.py:149} INFO - [2023-06-09T01:42:14.065+0000] {dagbag.py:541} INFO - Filling up the DagBag from /home/airflow/.local/lib/python3.7/site-packages/airflow/example_dags/example_task_group_decorator.py
[2023-06-09T01:42:14.083+0000] {processor.py:836} INFO - DAG(s) dict_keys(['example_task_group_decorator']) retrieved from /home/airflow/.local/lib/python3.7/site-packages/airflow/example_dags/example_task_group_decorator.py
[2023-06-09T01:42:14.109+0000] {logging_mixin.py:149} INFO - [2023-06-09T01:42:14.109+0000] {dag.py:2726} INFO - Sync 1 DAGs
[2023-06-09T01:42:14.128+0000] {logging_mixin.py:149} INFO - [2023-06-09T01:42:14.128+0000] {dag.py:3490} INFO - Setting next_dagrun for example_task_group_decorator to 2023-06-08T01:42:14.127881+00:00, run_after=2023-06-09T01:42:14.127881+00:00
[2023-06-09T01:42:14.141+0000] {processor.py:179} INFO - Processing /home/airflow/.local/lib/python3.7/site-packages/airflow/example_dags/example_task_group_decorator.py took 0.086 seconds
[2023-06-09T01:42:44.713+0000] {processor.py:157} INFO - Started process (PID=1962) to work on /home/airflow/.local/lib/python3.7/site-packages/airflow/example_dags/example_task_group_decorator.py
[2023-06-09T01:42:44.716+0000] {processor.py:826} INFO - Processing file /home/airflow/.local/lib/python3.7/site-packages/airflow/example_dags/example_task_group_decorator.py for tasks to queue
[2023-06-09T01:42:44.718+0000] {logging_mixin.py:149} INFO - [2023-06-09T01:42:44.718+0000] {dagbag.py:541} INFO - Filling up the DagBag from /home/airflow/.local/lib/python3.7/site-packages/airflow/example_dags/example_task_group_decorator.py
[2023-06-09T01:42:44.741+0000] {processor.py:836} INFO - DAG(s) dict_keys(['example_task_group_decorator']) retrieved from /home/airflow/.local/lib/python3.7/site-packages/airflow/example_dags/example_task_group_decorator.py
[2023-06-09T01:42:44.777+0000] {logging_mixin.py:149} INFO - [2023-06-09T01:42:44.777+0000] {dag.py:2726} INFO - Sync 1 DAGs
[2023-06-09T01:42:44.802+0000] {logging_mixin.py:149} INFO - [2023-06-09T01:42:44.802+0000] {dag.py:3490} INFO - Setting next_dagrun for example_task_group_decorator to 2023-06-08T01:42:44.802327+00:00, run_after=2023-06-09T01:42:44.802327+00:00
[2023-06-09T01:42:44.838+0000] {processor.py:179} INFO - Processing /home/airflow/.local/lib/python3.7/site-packages/airflow/example_dags/example_task_group_decorator.py took 0.132 seconds
[2023-06-09T01:43:15.030+0000] {processor.py:157} INFO - Started process (PID=2018) to work on /home/airflow/.local/lib/python3.7/site-packages/airflow/example_dags/example_task_group_decorator.py
[2023-06-09T01:43:15.032+0000] {processor.py:826} INFO - Processing file /home/airflow/.local/lib/python3.7/site-packages/airflow/example_dags/example_task_group_decorator.py for tasks to queue
[2023-06-09T01:43:15.034+0000] {logging_mixin.py:149} INFO - [2023-06-09T01:43:15.033+0000] {dagbag.py:541} INFO - Filling up the DagBag from /home/airflow/.local/lib/python3.7/site-packages/airflow/example_dags/example_task_group_decorator.py
[2023-06-09T01:43:15.049+0000] {processor.py:836} INFO - DAG(s) dict_keys(['example_task_group_decorator']) retrieved from /home/airflow/.local/lib/python3.7/site-packages/airflow/example_dags/example_task_group_decorator.py
[2023-06-09T01:43:15.074+0000] {logging_mixin.py:149} INFO - [2023-06-09T01:43:15.074+0000] {dag.py:2726} INFO - Sync 1 DAGs
[2023-06-09T01:43:15.094+0000] {logging_mixin.py:149} INFO - [2023-06-09T01:43:15.094+0000] {dag.py:3490} INFO - Setting next_dagrun for example_task_group_decorator to 2023-06-08T01:43:15.093992+00:00, run_after=2023-06-09T01:43:15.093992+00:00
[2023-06-09T01:43:15.112+0000] {processor.py:179} INFO - Processing /home/airflow/.local/lib/python3.7/site-packages/airflow/example_dags/example_task_group_decorator.py took 0.087 seconds
[2023-06-09T01:43:45.277+0000] {processor.py:157} INFO - Started process (PID=2074) to work on /home/airflow/.local/lib/python3.7/site-packages/airflow/example_dags/example_task_group_decorator.py
[2023-06-09T01:43:45.278+0000] {processor.py:826} INFO - Processing file /home/airflow/.local/lib/python3.7/site-packages/airflow/example_dags/example_task_group_decorator.py for tasks to queue
[2023-06-09T01:43:45.279+0000] {logging_mixin.py:149} INFO - [2023-06-09T01:43:45.279+0000] {dagbag.py:541} INFO - Filling up the DagBag from /home/airflow/.local/lib/python3.7/site-packages/airflow/example_dags/example_task_group_decorator.py
[2023-06-09T01:43:45.288+0000] {processor.py:836} INFO - DAG(s) dict_keys(['example_task_group_decorator']) retrieved from /home/airflow/.local/lib/python3.7/site-packages/airflow/example_dags/example_task_group_decorator.py
[2023-06-09T01:43:45.311+0000] {logging_mixin.py:149} INFO - [2023-06-09T01:43:45.311+0000] {dag.py:2726} INFO - Sync 1 DAGs
[2023-06-09T01:43:45.331+0000] {logging_mixin.py:149} INFO - [2023-06-09T01:43:45.331+0000] {dag.py:3490} INFO - Setting next_dagrun for example_task_group_decorator to 2023-06-08T01:43:45.331010+00:00, run_after=2023-06-09T01:43:45.331010+00:00
[2023-06-09T01:43:45.345+0000] {processor.py:179} INFO - Processing /home/airflow/.local/lib/python3.7/site-packages/airflow/example_dags/example_task_group_decorator.py took 0.071 seconds
[2023-06-09T01:44:15.465+0000] {processor.py:157} INFO - Started process (PID=2125) to work on /home/airflow/.local/lib/python3.7/site-packages/airflow/example_dags/example_task_group_decorator.py
[2023-06-09T01:44:15.467+0000] {processor.py:826} INFO - Processing file /home/airflow/.local/lib/python3.7/site-packages/airflow/example_dags/example_task_group_decorator.py for tasks to queue
[2023-06-09T01:44:15.468+0000] {logging_mixin.py:149} INFO - [2023-06-09T01:44:15.468+0000] {dagbag.py:541} INFO - Filling up the DagBag from /home/airflow/.local/lib/python3.7/site-packages/airflow/example_dags/example_task_group_decorator.py
[2023-06-09T01:44:15.478+0000] {processor.py:836} INFO - DAG(s) dict_keys(['example_task_group_decorator']) retrieved from /home/airflow/.local/lib/python3.7/site-packages/airflow/example_dags/example_task_group_decorator.py
[2023-06-09T01:44:15.523+0000] {logging_mixin.py:149} INFO - [2023-06-09T01:44:15.522+0000] {dag.py:2726} INFO - Sync 1 DAGs
[2023-06-09T01:44:15.559+0000] {logging_mixin.py:149} INFO - [2023-06-09T01:44:15.559+0000] {dag.py:3490} INFO - Setting next_dagrun for example_task_group_decorator to 2023-06-08T01:44:15.559016+00:00, run_after=2023-06-09T01:44:15.559016+00:00
[2023-06-09T01:44:15.580+0000] {processor.py:179} INFO - Processing /home/airflow/.local/lib/python3.7/site-packages/airflow/example_dags/example_task_group_decorator.py took 0.117 seconds
[2023-06-09T01:44:45.641+0000] {processor.py:157} INFO - Started process (PID=2182) to work on /home/airflow/.local/lib/python3.7/site-packages/airflow/example_dags/example_task_group_decorator.py
[2023-06-09T01:44:45.643+0000] {processor.py:826} INFO - Processing file /home/airflow/.local/lib/python3.7/site-packages/airflow/example_dags/example_task_group_decorator.py for tasks to queue
[2023-06-09T01:44:45.645+0000] {logging_mixin.py:149} INFO - [2023-06-09T01:44:45.645+0000] {dagbag.py:541} INFO - Filling up the DagBag from /home/airflow/.local/lib/python3.7/site-packages/airflow/example_dags/example_task_group_decorator.py
[2023-06-09T01:44:45.663+0000] {processor.py:836} INFO - DAG(s) dict_keys(['example_task_group_decorator']) retrieved from /home/airflow/.local/lib/python3.7/site-packages/airflow/example_dags/example_task_group_decorator.py
[2023-06-09T01:44:45.689+0000] {logging_mixin.py:149} INFO - [2023-06-09T01:44:45.689+0000] {dag.py:2726} INFO - Sync 1 DAGs
[2023-06-09T01:44:45.706+0000] {logging_mixin.py:149} INFO - [2023-06-09T01:44:45.706+0000] {dag.py:3490} INFO - Setting next_dagrun for example_task_group_decorator to 2023-06-08T01:44:45.705873+00:00, run_after=2023-06-09T01:44:45.705873+00:00
[2023-06-09T01:44:45.718+0000] {processor.py:179} INFO - Processing /home/airflow/.local/lib/python3.7/site-packages/airflow/example_dags/example_task_group_decorator.py took 0.085 seconds
[2023-06-09T01:45:15.879+0000] {processor.py:157} INFO - Started process (PID=2238) to work on /home/airflow/.local/lib/python3.7/site-packages/airflow/example_dags/example_task_group_decorator.py
[2023-06-09T01:45:15.881+0000] {processor.py:826} INFO - Processing file /home/airflow/.local/lib/python3.7/site-packages/airflow/example_dags/example_task_group_decorator.py for tasks to queue
[2023-06-09T01:45:15.882+0000] {logging_mixin.py:149} INFO - [2023-06-09T01:45:15.881+0000] {dagbag.py:541} INFO - Filling up the DagBag from /home/airflow/.local/lib/python3.7/site-packages/airflow/example_dags/example_task_group_decorator.py
[2023-06-09T01:45:15.894+0000] {processor.py:836} INFO - DAG(s) dict_keys(['example_task_group_decorator']) retrieved from /home/airflow/.local/lib/python3.7/site-packages/airflow/example_dags/example_task_group_decorator.py
[2023-06-09T01:45:15.940+0000] {logging_mixin.py:149} INFO - [2023-06-09T01:45:15.939+0000] {dag.py:2726} INFO - Sync 1 DAGs
[2023-06-09T01:45:15.969+0000] {logging_mixin.py:149} INFO - [2023-06-09T01:45:15.969+0000] {dag.py:3490} INFO - Setting next_dagrun for example_task_group_decorator to 2023-06-08T01:45:15.968908+00:00, run_after=2023-06-09T01:45:15.968908+00:00
[2023-06-09T01:45:15.984+0000] {processor.py:179} INFO - Processing /home/airflow/.local/lib/python3.7/site-packages/airflow/example_dags/example_task_group_decorator.py took 0.109 seconds
[2023-06-09T01:45:46.086+0000] {processor.py:157} INFO - Started process (PID=2295) to work on /home/airflow/.local/lib/python3.7/site-packages/airflow/example_dags/example_task_group_decorator.py
[2023-06-09T01:45:46.088+0000] {processor.py:826} INFO - Processing file /home/airflow/.local/lib/python3.7/site-packages/airflow/example_dags/example_task_group_decorator.py for tasks to queue
[2023-06-09T01:45:46.090+0000] {logging_mixin.py:149} INFO - [2023-06-09T01:45:46.090+0000] {dagbag.py:541} INFO - Filling up the DagBag from /home/airflow/.local/lib/python3.7/site-packages/airflow/example_dags/example_task_group_decorator.py
[2023-06-09T01:45:46.102+0000] {processor.py:836} INFO - DAG(s) dict_keys(['example_task_group_decorator']) retrieved from /home/airflow/.local/lib/python3.7/site-packages/airflow/example_dags/example_task_group_decorator.py
[2023-06-09T01:45:46.129+0000] {logging_mixin.py:149} INFO - [2023-06-09T01:45:46.128+0000] {dag.py:2726} INFO - Sync 1 DAGs
[2023-06-09T01:45:46.149+0000] {logging_mixin.py:149} INFO - [2023-06-09T01:45:46.149+0000] {dag.py:3490} INFO - Setting next_dagrun for example_task_group_decorator to 2023-06-08T01:45:46.149081+00:00, run_after=2023-06-09T01:45:46.149081+00:00
[2023-06-09T01:45:46.165+0000] {processor.py:179} INFO - Processing /home/airflow/.local/lib/python3.7/site-packages/airflow/example_dags/example_task_group_decorator.py took 0.083 seconds
[2023-06-09T01:46:16.853+0000] {processor.py:157} INFO - Started process (PID=2351) to work on /home/airflow/.local/lib/python3.7/site-packages/airflow/example_dags/example_task_group_decorator.py
[2023-06-09T01:46:16.857+0000] {processor.py:826} INFO - Processing file /home/airflow/.local/lib/python3.7/site-packages/airflow/example_dags/example_task_group_decorator.py for tasks to queue
[2023-06-09T01:46:16.861+0000] {logging_mixin.py:149} INFO - [2023-06-09T01:46:16.860+0000] {dagbag.py:541} INFO - Filling up the DagBag from /home/airflow/.local/lib/python3.7/site-packages/airflow/example_dags/example_task_group_decorator.py
[2023-06-09T01:46:16.886+0000] {processor.py:836} INFO - DAG(s) dict_keys(['example_task_group_decorator']) retrieved from /home/airflow/.local/lib/python3.7/site-packages/airflow/example_dags/example_task_group_decorator.py
[2023-06-09T01:46:16.932+0000] {logging_mixin.py:149} INFO - [2023-06-09T01:46:16.931+0000] {dag.py:2726} INFO - Sync 1 DAGs
[2023-06-09T01:46:16.957+0000] {logging_mixin.py:149} INFO - [2023-06-09T01:46:16.957+0000] {dag.py:3490} INFO - Setting next_dagrun for example_task_group_decorator to 2023-06-08T01:46:16.956426+00:00, run_after=2023-06-09T01:46:16.956426+00:00
[2023-06-09T01:46:16.985+0000] {processor.py:179} INFO - Processing /home/airflow/.local/lib/python3.7/site-packages/airflow/example_dags/example_task_group_decorator.py took 0.139 seconds
[2023-06-09T01:46:47.065+0000] {processor.py:157} INFO - Started process (PID=2408) to work on /home/airflow/.local/lib/python3.7/site-packages/airflow/example_dags/example_task_group_decorator.py
[2023-06-09T01:46:47.068+0000] {processor.py:826} INFO - Processing file /home/airflow/.local/lib/python3.7/site-packages/airflow/example_dags/example_task_group_decorator.py for tasks to queue
[2023-06-09T01:46:47.070+0000] {logging_mixin.py:149} INFO - [2023-06-09T01:46:47.069+0000] {dagbag.py:541} INFO - Filling up the DagBag from /home/airflow/.local/lib/python3.7/site-packages/airflow/example_dags/example_task_group_decorator.py
[2023-06-09T01:46:47.087+0000] {processor.py:836} INFO - DAG(s) dict_keys(['example_task_group_decorator']) retrieved from /home/airflow/.local/lib/python3.7/site-packages/airflow/example_dags/example_task_group_decorator.py
[2023-06-09T01:46:47.119+0000] {logging_mixin.py:149} INFO - [2023-06-09T01:46:47.119+0000] {dag.py:2726} INFO - Sync 1 DAGs
[2023-06-09T01:46:47.138+0000] {logging_mixin.py:149} INFO - [2023-06-09T01:46:47.138+0000] {dag.py:3490} INFO - Setting next_dagrun for example_task_group_decorator to 2023-06-08T01:46:47.138504+00:00, run_after=2023-06-09T01:46:47.138504+00:00
[2023-06-09T01:46:47.155+0000] {processor.py:179} INFO - Processing /home/airflow/.local/lib/python3.7/site-packages/airflow/example_dags/example_task_group_decorator.py took 0.096 seconds
[2023-06-09T01:47:17.862+0000] {processor.py:157} INFO - Started process (PID=2463) to work on /home/airflow/.local/lib/python3.7/site-packages/airflow/example_dags/example_task_group_decorator.py
[2023-06-09T01:47:17.865+0000] {processor.py:826} INFO - Processing file /home/airflow/.local/lib/python3.7/site-packages/airflow/example_dags/example_task_group_decorator.py for tasks to queue
[2023-06-09T01:47:17.866+0000] {logging_mixin.py:149} INFO - [2023-06-09T01:47:17.866+0000] {dagbag.py:541} INFO - Filling up the DagBag from /home/airflow/.local/lib/python3.7/site-packages/airflow/example_dags/example_task_group_decorator.py
[2023-06-09T01:47:17.888+0000] {processor.py:836} INFO - DAG(s) dict_keys(['example_task_group_decorator']) retrieved from /home/airflow/.local/lib/python3.7/site-packages/airflow/example_dags/example_task_group_decorator.py
[2023-06-09T01:47:17.944+0000] {logging_mixin.py:149} INFO - [2023-06-09T01:47:17.944+0000] {dag.py:2726} INFO - Sync 1 DAGs
[2023-06-09T01:47:17.970+0000] {logging_mixin.py:149} INFO - [2023-06-09T01:47:17.969+0000] {dag.py:3490} INFO - Setting next_dagrun for example_task_group_decorator to 2023-06-08T01:47:17.969602+00:00, run_after=2023-06-09T01:47:17.969602+00:00
[2023-06-09T01:47:17.999+0000] {processor.py:179} INFO - Processing /home/airflow/.local/lib/python3.7/site-packages/airflow/example_dags/example_task_group_decorator.py took 0.141 seconds
[2023-06-09T01:47:48.493+0000] {processor.py:157} INFO - Started process (PID=2519) to work on /home/airflow/.local/lib/python3.7/site-packages/airflow/example_dags/example_task_group_decorator.py
[2023-06-09T01:47:48.495+0000] {processor.py:826} INFO - Processing file /home/airflow/.local/lib/python3.7/site-packages/airflow/example_dags/example_task_group_decorator.py for tasks to queue
[2023-06-09T01:47:48.497+0000] {logging_mixin.py:149} INFO - [2023-06-09T01:47:48.497+0000] {dagbag.py:541} INFO - Filling up the DagBag from /home/airflow/.local/lib/python3.7/site-packages/airflow/example_dags/example_task_group_decorator.py
[2023-06-09T01:47:48.513+0000] {processor.py:836} INFO - DAG(s) dict_keys(['example_task_group_decorator']) retrieved from /home/airflow/.local/lib/python3.7/site-packages/airflow/example_dags/example_task_group_decorator.py
[2023-06-09T01:47:48.540+0000] {logging_mixin.py:149} INFO - [2023-06-09T01:47:48.539+0000] {dag.py:2726} INFO - Sync 1 DAGs
[2023-06-09T01:47:48.557+0000] {logging_mixin.py:149} INFO - [2023-06-09T01:47:48.557+0000] {dag.py:3490} INFO - Setting next_dagrun for example_task_group_decorator to 2023-06-08T01:47:48.557328+00:00, run_after=2023-06-09T01:47:48.557328+00:00
[2023-06-09T01:47:48.572+0000] {processor.py:179} INFO - Processing /home/airflow/.local/lib/python3.7/site-packages/airflow/example_dags/example_task_group_decorator.py took 0.084 seconds
[2023-06-09T01:48:19.173+0000] {processor.py:157} INFO - Started process (PID=2576) to work on /home/airflow/.local/lib/python3.7/site-packages/airflow/example_dags/example_task_group_decorator.py
[2023-06-09T01:48:19.176+0000] {processor.py:826} INFO - Processing file /home/airflow/.local/lib/python3.7/site-packages/airflow/example_dags/example_task_group_decorator.py for tasks to queue
[2023-06-09T01:48:19.178+0000] {logging_mixin.py:149} INFO - [2023-06-09T01:48:19.177+0000] {dagbag.py:541} INFO - Filling up the DagBag from /home/airflow/.local/lib/python3.7/site-packages/airflow/example_dags/example_task_group_decorator.py
[2023-06-09T01:48:19.199+0000] {processor.py:836} INFO - DAG(s) dict_keys(['example_task_group_decorator']) retrieved from /home/airflow/.local/lib/python3.7/site-packages/airflow/example_dags/example_task_group_decorator.py
[2023-06-09T01:48:19.226+0000] {logging_mixin.py:149} INFO - [2023-06-09T01:48:19.225+0000] {dag.py:2726} INFO - Sync 1 DAGs
[2023-06-09T01:48:19.245+0000] {logging_mixin.py:149} INFO - [2023-06-09T01:48:19.245+0000] {dag.py:3490} INFO - Setting next_dagrun for example_task_group_decorator to 2023-06-08T01:48:19.245465+00:00, run_after=2023-06-09T01:48:19.245465+00:00
[2023-06-09T01:48:19.259+0000] {processor.py:179} INFO - Processing /home/airflow/.local/lib/python3.7/site-packages/airflow/example_dags/example_task_group_decorator.py took 0.093 seconds
[2023-06-09T01:48:49.434+0000] {processor.py:157} INFO - Started process (PID=2632) to work on /home/airflow/.local/lib/python3.7/site-packages/airflow/example_dags/example_task_group_decorator.py
[2023-06-09T01:48:49.435+0000] {processor.py:826} INFO - Processing file /home/airflow/.local/lib/python3.7/site-packages/airflow/example_dags/example_task_group_decorator.py for tasks to queue
[2023-06-09T01:48:49.437+0000] {logging_mixin.py:149} INFO - [2023-06-09T01:48:49.437+0000] {dagbag.py:541} INFO - Filling up the DagBag from /home/airflow/.local/lib/python3.7/site-packages/airflow/example_dags/example_task_group_decorator.py
[2023-06-09T01:48:49.453+0000] {processor.py:836} INFO - DAG(s) dict_keys(['example_task_group_decorator']) retrieved from /home/airflow/.local/lib/python3.7/site-packages/airflow/example_dags/example_task_group_decorator.py
[2023-06-09T01:48:49.484+0000] {logging_mixin.py:149} INFO - [2023-06-09T01:48:49.484+0000] {dag.py:2726} INFO - Sync 1 DAGs
[2023-06-09T01:48:49.507+0000] {logging_mixin.py:149} INFO - [2023-06-09T01:48:49.507+0000] {dag.py:3490} INFO - Setting next_dagrun for example_task_group_decorator to 2023-06-08T01:48:49.507055+00:00, run_after=2023-06-09T01:48:49.507055+00:00
[2023-06-09T01:48:49.522+0000] {processor.py:179} INFO - Processing /home/airflow/.local/lib/python3.7/site-packages/airflow/example_dags/example_task_group_decorator.py took 0.093 seconds
[2023-06-09T01:49:19.625+0000] {processor.py:157} INFO - Started process (PID=2688) to work on /home/airflow/.local/lib/python3.7/site-packages/airflow/example_dags/example_task_group_decorator.py
[2023-06-09T01:49:19.627+0000] {processor.py:826} INFO - Processing file /home/airflow/.local/lib/python3.7/site-packages/airflow/example_dags/example_task_group_decorator.py for tasks to queue
[2023-06-09T01:49:19.628+0000] {logging_mixin.py:149} INFO - [2023-06-09T01:49:19.628+0000] {dagbag.py:541} INFO - Filling up the DagBag from /home/airflow/.local/lib/python3.7/site-packages/airflow/example_dags/example_task_group_decorator.py
[2023-06-09T01:49:19.647+0000] {processor.py:836} INFO - DAG(s) dict_keys(['example_task_group_decorator']) retrieved from /home/airflow/.local/lib/python3.7/site-packages/airflow/example_dags/example_task_group_decorator.py
[2023-06-09T01:49:19.671+0000] {logging_mixin.py:149} INFO - [2023-06-09T01:49:19.671+0000] {dag.py:2726} INFO - Sync 1 DAGs
[2023-06-09T01:49:19.689+0000] {logging_mixin.py:149} INFO - [2023-06-09T01:49:19.689+0000] {dag.py:3490} INFO - Setting next_dagrun for example_task_group_decorator to 2023-06-08T01:49:19.689073+00:00, run_after=2023-06-09T01:49:19.689073+00:00
[2023-06-09T01:49:19.700+0000] {processor.py:179} INFO - Processing /home/airflow/.local/lib/python3.7/site-packages/airflow/example_dags/example_task_group_decorator.py took 0.081 seconds
[2023-06-09T01:49:49.886+0000] {processor.py:157} INFO - Started process (PID=2743) to work on /home/airflow/.local/lib/python3.7/site-packages/airflow/example_dags/example_task_group_decorator.py
[2023-06-09T01:49:49.888+0000] {processor.py:826} INFO - Processing file /home/airflow/.local/lib/python3.7/site-packages/airflow/example_dags/example_task_group_decorator.py for tasks to queue
[2023-06-09T01:49:49.889+0000] {logging_mixin.py:149} INFO - [2023-06-09T01:49:49.889+0000] {dagbag.py:541} INFO - Filling up the DagBag from /home/airflow/.local/lib/python3.7/site-packages/airflow/example_dags/example_task_group_decorator.py
[2023-06-09T01:49:49.908+0000] {processor.py:836} INFO - DAG(s) dict_keys(['example_task_group_decorator']) retrieved from /home/airflow/.local/lib/python3.7/site-packages/airflow/example_dags/example_task_group_decorator.py
[2023-06-09T01:49:49.940+0000] {logging_mixin.py:149} INFO - [2023-06-09T01:49:49.939+0000] {dag.py:2726} INFO - Sync 1 DAGs
[2023-06-09T01:49:49.981+0000] {logging_mixin.py:149} INFO - [2023-06-09T01:49:49.981+0000] {dag.py:3490} INFO - Setting next_dagrun for example_task_group_decorator to 2023-06-08T01:49:49.981333+00:00, run_after=2023-06-09T01:49:49.981333+00:00
[2023-06-09T01:49:50.002+0000] {processor.py:179} INFO - Processing /home/airflow/.local/lib/python3.7/site-packages/airflow/example_dags/example_task_group_decorator.py took 0.120 seconds
[2023-06-09T01:50:20.617+0000] {processor.py:157} INFO - Started process (PID=2799) to work on /home/airflow/.local/lib/python3.7/site-packages/airflow/example_dags/example_task_group_decorator.py
[2023-06-09T01:50:20.619+0000] {processor.py:826} INFO - Processing file /home/airflow/.local/lib/python3.7/site-packages/airflow/example_dags/example_task_group_decorator.py for tasks to queue
[2023-06-09T01:50:20.621+0000] {logging_mixin.py:149} INFO - [2023-06-09T01:50:20.621+0000] {dagbag.py:541} INFO - Filling up the DagBag from /home/airflow/.local/lib/python3.7/site-packages/airflow/example_dags/example_task_group_decorator.py
[2023-06-09T01:50:20.636+0000] {processor.py:836} INFO - DAG(s) dict_keys(['example_task_group_decorator']) retrieved from /home/airflow/.local/lib/python3.7/site-packages/airflow/example_dags/example_task_group_decorator.py
[2023-06-09T01:50:20.680+0000] {logging_mixin.py:149} INFO - [2023-06-09T01:50:20.680+0000] {dag.py:2726} INFO - Sync 1 DAGs
[2023-06-09T01:50:20.703+0000] {logging_mixin.py:149} INFO - [2023-06-09T01:50:20.703+0000] {dag.py:3490} INFO - Setting next_dagrun for example_task_group_decorator to 2023-06-08T01:50:20.703485+00:00, run_after=2023-06-09T01:50:20.703485+00:00
[2023-06-09T01:50:20.722+0000] {processor.py:179} INFO - Processing /home/airflow/.local/lib/python3.7/site-packages/airflow/example_dags/example_task_group_decorator.py took 0.109 seconds
[2023-06-09T01:50:50.912+0000] {processor.py:157} INFO - Started process (PID=2855) to work on /home/airflow/.local/lib/python3.7/site-packages/airflow/example_dags/example_task_group_decorator.py
[2023-06-09T01:50:50.915+0000] {processor.py:826} INFO - Processing file /home/airflow/.local/lib/python3.7/site-packages/airflow/example_dags/example_task_group_decorator.py for tasks to queue
[2023-06-09T01:50:50.917+0000] {logging_mixin.py:149} INFO - [2023-06-09T01:50:50.917+0000] {dagbag.py:541} INFO - Filling up the DagBag from /home/airflow/.local/lib/python3.7/site-packages/airflow/example_dags/example_task_group_decorator.py
[2023-06-09T01:50:50.934+0000] {processor.py:836} INFO - DAG(s) dict_keys(['example_task_group_decorator']) retrieved from /home/airflow/.local/lib/python3.7/site-packages/airflow/example_dags/example_task_group_decorator.py
[2023-06-09T01:50:50.957+0000] {logging_mixin.py:149} INFO - [2023-06-09T01:50:50.957+0000] {dag.py:2726} INFO - Sync 1 DAGs
[2023-06-09T01:50:50.974+0000] {logging_mixin.py:149} INFO - [2023-06-09T01:50:50.974+0000] {dag.py:3490} INFO - Setting next_dagrun for example_task_group_decorator to 2023-06-08T01:50:50.974619+00:00, run_after=2023-06-09T01:50:50.974619+00:00
[2023-06-09T01:50:50.989+0000] {processor.py:179} INFO - Processing /home/airflow/.local/lib/python3.7/site-packages/airflow/example_dags/example_task_group_decorator.py took 0.083 seconds
[2023-06-09T01:51:21.258+0000] {processor.py:157} INFO - Started process (PID=2911) to work on /home/airflow/.local/lib/python3.7/site-packages/airflow/example_dags/example_task_group_decorator.py
[2023-06-09T01:51:21.261+0000] {processor.py:826} INFO - Processing file /home/airflow/.local/lib/python3.7/site-packages/airflow/example_dags/example_task_group_decorator.py for tasks to queue
[2023-06-09T01:51:21.263+0000] {logging_mixin.py:149} INFO - [2023-06-09T01:51:21.263+0000] {dagbag.py:541} INFO - Filling up the DagBag from /home/airflow/.local/lib/python3.7/site-packages/airflow/example_dags/example_task_group_decorator.py
[2023-06-09T01:51:21.281+0000] {processor.py:836} INFO - DAG(s) dict_keys(['example_task_group_decorator']) retrieved from /home/airflow/.local/lib/python3.7/site-packages/airflow/example_dags/example_task_group_decorator.py
[2023-06-09T01:51:21.305+0000] {logging_mixin.py:149} INFO - [2023-06-09T01:51:21.305+0000] {dag.py:2726} INFO - Sync 1 DAGs
[2023-06-09T01:51:21.320+0000] {logging_mixin.py:149} INFO - [2023-06-09T01:51:21.320+0000] {dag.py:3490} INFO - Setting next_dagrun for example_task_group_decorator to 2023-06-08T01:51:21.320432+00:00, run_after=2023-06-09T01:51:21.320432+00:00
[2023-06-09T01:51:21.333+0000] {processor.py:179} INFO - Processing /home/airflow/.local/lib/python3.7/site-packages/airflow/example_dags/example_task_group_decorator.py took 0.082 seconds
[2023-06-09T01:51:51.696+0000] {processor.py:157} INFO - Started process (PID=2967) to work on /home/airflow/.local/lib/python3.7/site-packages/airflow/example_dags/example_task_group_decorator.py
[2023-06-09T01:51:51.698+0000] {processor.py:826} INFO - Processing file /home/airflow/.local/lib/python3.7/site-packages/airflow/example_dags/example_task_group_decorator.py for tasks to queue
[2023-06-09T01:51:51.699+0000] {logging_mixin.py:149} INFO - [2023-06-09T01:51:51.699+0000] {dagbag.py:541} INFO - Filling up the DagBag from /home/airflow/.local/lib/python3.7/site-packages/airflow/example_dags/example_task_group_decorator.py
[2023-06-09T01:51:51.715+0000] {processor.py:836} INFO - DAG(s) dict_keys(['example_task_group_decorator']) retrieved from /home/airflow/.local/lib/python3.7/site-packages/airflow/example_dags/example_task_group_decorator.py
[2023-06-09T01:51:51.741+0000] {logging_mixin.py:149} INFO - [2023-06-09T01:51:51.741+0000] {dag.py:2726} INFO - Sync 1 DAGs
[2023-06-09T01:51:51.759+0000] {logging_mixin.py:149} INFO - [2023-06-09T01:51:51.759+0000] {dag.py:3490} INFO - Setting next_dagrun for example_task_group_decorator to 2023-06-08T01:51:51.759148+00:00, run_after=2023-06-09T01:51:51.759148+00:00
[2023-06-09T01:51:51.773+0000] {processor.py:179} INFO - Processing /home/airflow/.local/lib/python3.7/site-packages/airflow/example_dags/example_task_group_decorator.py took 0.081 seconds
[2023-06-09T01:52:22.241+0000] {processor.py:157} INFO - Started process (PID=3023) to work on /home/airflow/.local/lib/python3.7/site-packages/airflow/example_dags/example_task_group_decorator.py
[2023-06-09T01:52:22.243+0000] {processor.py:826} INFO - Processing file /home/airflow/.local/lib/python3.7/site-packages/airflow/example_dags/example_task_group_decorator.py for tasks to queue
[2023-06-09T01:52:22.244+0000] {logging_mixin.py:149} INFO - [2023-06-09T01:52:22.244+0000] {dagbag.py:541} INFO - Filling up the DagBag from /home/airflow/.local/lib/python3.7/site-packages/airflow/example_dags/example_task_group_decorator.py
[2023-06-09T01:52:22.259+0000] {processor.py:836} INFO - DAG(s) dict_keys(['example_task_group_decorator']) retrieved from /home/airflow/.local/lib/python3.7/site-packages/airflow/example_dags/example_task_group_decorator.py
[2023-06-09T01:52:22.288+0000] {logging_mixin.py:149} INFO - [2023-06-09T01:52:22.288+0000] {dag.py:2726} INFO - Sync 1 DAGs
[2023-06-09T01:52:22.308+0000] {logging_mixin.py:149} INFO - [2023-06-09T01:52:22.308+0000] {dag.py:3490} INFO - Setting next_dagrun for example_task_group_decorator to 2023-06-08T01:52:22.308314+00:00, run_after=2023-06-09T01:52:22.308314+00:00
[2023-06-09T01:52:22.323+0000] {processor.py:179} INFO - Processing /home/airflow/.local/lib/python3.7/site-packages/airflow/example_dags/example_task_group_decorator.py took 0.089 seconds
[2023-06-09T01:52:52.451+0000] {processor.py:157} INFO - Started process (PID=3079) to work on /home/airflow/.local/lib/python3.7/site-packages/airflow/example_dags/example_task_group_decorator.py
[2023-06-09T01:52:52.453+0000] {processor.py:826} INFO - Processing file /home/airflow/.local/lib/python3.7/site-packages/airflow/example_dags/example_task_group_decorator.py for tasks to queue
[2023-06-09T01:52:52.454+0000] {logging_mixin.py:149} INFO - [2023-06-09T01:52:52.454+0000] {dagbag.py:541} INFO - Filling up the DagBag from /home/airflow/.local/lib/python3.7/site-packages/airflow/example_dags/example_task_group_decorator.py
[2023-06-09T01:52:52.469+0000] {processor.py:836} INFO - DAG(s) dict_keys(['example_task_group_decorator']) retrieved from /home/airflow/.local/lib/python3.7/site-packages/airflow/example_dags/example_task_group_decorator.py
[2023-06-09T01:52:52.493+0000] {logging_mixin.py:149} INFO - [2023-06-09T01:52:52.493+0000] {dag.py:2726} INFO - Sync 1 DAGs
[2023-06-09T01:52:52.508+0000] {logging_mixin.py:149} INFO - [2023-06-09T01:52:52.508+0000] {dag.py:3490} INFO - Setting next_dagrun for example_task_group_decorator to 2023-06-08T01:52:52.508196+00:00, run_after=2023-06-09T01:52:52.508196+00:00
[2023-06-09T01:52:52.520+0000] {processor.py:179} INFO - Processing /home/airflow/.local/lib/python3.7/site-packages/airflow/example_dags/example_task_group_decorator.py took 0.074 seconds
[2023-06-09T01:53:50.816+0000] {processor.py:157} INFO - Started process (PID=53) to work on /home/airflow/.local/lib/python3.7/site-packages/airflow/example_dags/example_task_group_decorator.py
[2023-06-09T01:53:50.817+0000] {processor.py:826} INFO - Processing file /home/airflow/.local/lib/python3.7/site-packages/airflow/example_dags/example_task_group_decorator.py for tasks to queue
[2023-06-09T01:53:50.818+0000] {logging_mixin.py:149} INFO - [2023-06-09T01:53:50.818+0000] {dagbag.py:541} INFO - Filling up the DagBag from /home/airflow/.local/lib/python3.7/site-packages/airflow/example_dags/example_task_group_decorator.py
[2023-06-09T01:53:50.841+0000] {processor.py:836} INFO - DAG(s) dict_keys(['example_task_group_decorator']) retrieved from /home/airflow/.local/lib/python3.7/site-packages/airflow/example_dags/example_task_group_decorator.py
[2023-06-09T01:53:50.863+0000] {logging_mixin.py:149} INFO - [2023-06-09T01:53:50.862+0000] {dag.py:2726} INFO - Sync 1 DAGs
[2023-06-09T01:53:50.891+0000] {logging_mixin.py:149} INFO - [2023-06-09T01:53:50.891+0000] {dag.py:3490} INFO - Setting next_dagrun for example_task_group_decorator to 2023-06-08T01:53:50.891294+00:00, run_after=2023-06-09T01:53:50.891294+00:00
[2023-06-09T01:53:50.914+0000] {processor.py:179} INFO - Processing /home/airflow/.local/lib/python3.7/site-packages/airflow/example_dags/example_task_group_decorator.py took 0.102 seconds
