[2023-06-09T01:25:23.486+0000] {processor.py:157} INFO - Started process (PID=54) to work on /home/airflow/.local/lib/python3.7/site-packages/airflow/example_dags/tutorial.py
[2023-06-09T01:25:23.495+0000] {processor.py:826} INFO - Processing file /home/airflow/.local/lib/python3.7/site-packages/airflow/example_dags/tutorial.py for tasks to queue
[2023-06-09T01:25:23.531+0000] {logging_mixin.py:149} INFO - [2023-06-09T01:25:23.530+0000] {dagbag.py:541} INFO - Filling up the DagBag from /home/airflow/.local/lib/python3.7/site-packages/airflow/example_dags/tutorial.py
[2023-06-09T01:25:23.610+0000] {processor.py:836} INFO - DAG(s) dict_keys(['tutorial']) retrieved from /home/airflow/.local/lib/python3.7/site-packages/airflow/example_dags/tutorial.py
[2023-06-09T01:25:24.539+0000] {logging_mixin.py:149} INFO - [2023-06-09T01:25:24.525+0000] {manager.py:504} INFO - Created Permission View: can delete on DAG:tutorial
[2023-06-09T01:25:24.783+0000] {logging_mixin.py:149} INFO - [2023-06-09T01:25:24.781+0000] {manager.py:504} INFO - Created Permission View: can edit on DAG:tutorial
[2023-06-09T01:25:24.878+0000] {logging_mixin.py:149} INFO - [2023-06-09T01:25:24.877+0000] {manager.py:504} INFO - Created Permission View: can read on DAG:tutorial
[2023-06-09T01:25:24.903+0000] {logging_mixin.py:149} INFO - [2023-06-09T01:25:24.902+0000] {dag.py:2726} INFO - Sync 1 DAGs
[2023-06-09T01:25:25.170+0000] {logging_mixin.py:149} INFO - [2023-06-09T01:25:25.169+0000] {dag.py:2747} INFO - Creating ORM DAG for tutorial
[2023-06-09T01:25:25.271+0000] {logging_mixin.py:149} INFO - [2023-06-09T01:25:25.270+0000] {dag.py:3490} INFO - Setting next_dagrun for tutorial to 2023-06-08T01:25:25.264777+00:00, run_after=2023-06-09T01:25:25.264777+00:00
[2023-06-09T01:25:25.569+0000] {processor.py:179} INFO - Processing /home/airflow/.local/lib/python3.7/site-packages/airflow/example_dags/tutorial.py took 2.103 seconds
[2023-06-09T01:25:56.308+0000] {processor.py:157} INFO - Started process (PID=110) to work on /home/airflow/.local/lib/python3.7/site-packages/airflow/example_dags/tutorial.py
[2023-06-09T01:25:56.319+0000] {processor.py:826} INFO - Processing file /home/airflow/.local/lib/python3.7/site-packages/airflow/example_dags/tutorial.py for tasks to queue
[2023-06-09T01:25:56.326+0000] {logging_mixin.py:149} INFO - [2023-06-09T01:25:56.326+0000] {dagbag.py:541} INFO - Filling up the DagBag from /home/airflow/.local/lib/python3.7/site-packages/airflow/example_dags/tutorial.py
[2023-06-09T01:25:56.440+0000] {processor.py:836} INFO - DAG(s) dict_keys(['tutorial']) retrieved from /home/airflow/.local/lib/python3.7/site-packages/airflow/example_dags/tutorial.py
[2023-06-09T01:25:56.720+0000] {logging_mixin.py:149} INFO - [2023-06-09T01:25:56.718+0000] {dag.py:2726} INFO - Sync 1 DAGs
[2023-06-09T01:25:57.170+0000] {logging_mixin.py:149} INFO - [2023-06-09T01:25:57.158+0000] {dag.py:3490} INFO - Setting next_dagrun for tutorial to 2023-06-08T01:25:57.157294+00:00, run_after=2023-06-09T01:25:57.157294+00:00
[2023-06-09T01:25:57.358+0000] {processor.py:179} INFO - Processing /home/airflow/.local/lib/python3.7/site-packages/airflow/example_dags/tutorial.py took 1.092 seconds
[2023-06-09T01:26:27.660+0000] {processor.py:157} INFO - Started process (PID=166) to work on /home/airflow/.local/lib/python3.7/site-packages/airflow/example_dags/tutorial.py
[2023-06-09T01:26:27.663+0000] {processor.py:826} INFO - Processing file /home/airflow/.local/lib/python3.7/site-packages/airflow/example_dags/tutorial.py for tasks to queue
[2023-06-09T01:26:27.665+0000] {logging_mixin.py:149} INFO - [2023-06-09T01:26:27.665+0000] {dagbag.py:541} INFO - Filling up the DagBag from /home/airflow/.local/lib/python3.7/site-packages/airflow/example_dags/tutorial.py
[2023-06-09T01:26:27.683+0000] {processor.py:836} INFO - DAG(s) dict_keys(['tutorial']) retrieved from /home/airflow/.local/lib/python3.7/site-packages/airflow/example_dags/tutorial.py
[2023-06-09T01:26:27.730+0000] {logging_mixin.py:149} INFO - [2023-06-09T01:26:27.730+0000] {dag.py:2726} INFO - Sync 1 DAGs
[2023-06-09T01:26:27.757+0000] {logging_mixin.py:149} INFO - [2023-06-09T01:26:27.756+0000] {dag.py:3490} INFO - Setting next_dagrun for tutorial to 2023-06-08T01:26:27.756436+00:00, run_after=2023-06-09T01:26:27.756436+00:00
[2023-06-09T01:26:27.800+0000] {processor.py:179} INFO - Processing /home/airflow/.local/lib/python3.7/site-packages/airflow/example_dags/tutorial.py took 0.147 seconds
[2023-06-09T01:26:57.944+0000] {processor.py:157} INFO - Started process (PID=222) to work on /home/airflow/.local/lib/python3.7/site-packages/airflow/example_dags/tutorial.py
[2023-06-09T01:26:57.950+0000] {processor.py:826} INFO - Processing file /home/airflow/.local/lib/python3.7/site-packages/airflow/example_dags/tutorial.py for tasks to queue
[2023-06-09T01:26:57.956+0000] {logging_mixin.py:149} INFO - [2023-06-09T01:26:57.955+0000] {dagbag.py:541} INFO - Filling up the DagBag from /home/airflow/.local/lib/python3.7/site-packages/airflow/example_dags/tutorial.py
[2023-06-09T01:26:58.004+0000] {processor.py:836} INFO - DAG(s) dict_keys(['tutorial']) retrieved from /home/airflow/.local/lib/python3.7/site-packages/airflow/example_dags/tutorial.py
[2023-06-09T01:26:58.104+0000] {logging_mixin.py:149} INFO - [2023-06-09T01:26:58.104+0000] {dag.py:2726} INFO - Sync 1 DAGs
[2023-06-09T01:26:58.149+0000] {logging_mixin.py:149} INFO - [2023-06-09T01:26:58.149+0000] {dag.py:3490} INFO - Setting next_dagrun for tutorial to 2023-06-08T01:26:58.148557+00:00, run_after=2023-06-09T01:26:58.148557+00:00
[2023-06-09T01:26:58.197+0000] {processor.py:179} INFO - Processing /home/airflow/.local/lib/python3.7/site-packages/airflow/example_dags/tutorial.py took 0.260 seconds
[2023-06-09T01:27:28.598+0000] {processor.py:157} INFO - Started process (PID=278) to work on /home/airflow/.local/lib/python3.7/site-packages/airflow/example_dags/tutorial.py
[2023-06-09T01:27:28.602+0000] {processor.py:826} INFO - Processing file /home/airflow/.local/lib/python3.7/site-packages/airflow/example_dags/tutorial.py for tasks to queue
[2023-06-09T01:27:28.606+0000] {logging_mixin.py:149} INFO - [2023-06-09T01:27:28.606+0000] {dagbag.py:541} INFO - Filling up the DagBag from /home/airflow/.local/lib/python3.7/site-packages/airflow/example_dags/tutorial.py
[2023-06-09T01:27:28.633+0000] {processor.py:836} INFO - DAG(s) dict_keys(['tutorial']) retrieved from /home/airflow/.local/lib/python3.7/site-packages/airflow/example_dags/tutorial.py
[2023-06-09T01:27:28.684+0000] {logging_mixin.py:149} INFO - [2023-06-09T01:27:28.684+0000] {dag.py:2726} INFO - Sync 1 DAGs
[2023-06-09T01:27:28.717+0000] {logging_mixin.py:149} INFO - [2023-06-09T01:27:28.717+0000] {dag.py:3490} INFO - Setting next_dagrun for tutorial to 2023-06-08T01:27:28.716827+00:00, run_after=2023-06-09T01:27:28.716827+00:00
[2023-06-09T01:27:28.736+0000] {processor.py:179} INFO - Processing /home/airflow/.local/lib/python3.7/site-packages/airflow/example_dags/tutorial.py took 0.150 seconds
[2023-06-09T01:27:59.263+0000] {processor.py:157} INFO - Started process (PID=334) to work on /home/airflow/.local/lib/python3.7/site-packages/airflow/example_dags/tutorial.py
[2023-06-09T01:27:59.266+0000] {processor.py:826} INFO - Processing file /home/airflow/.local/lib/python3.7/site-packages/airflow/example_dags/tutorial.py for tasks to queue
[2023-06-09T01:27:59.267+0000] {logging_mixin.py:149} INFO - [2023-06-09T01:27:59.267+0000] {dagbag.py:541} INFO - Filling up the DagBag from /home/airflow/.local/lib/python3.7/site-packages/airflow/example_dags/tutorial.py
[2023-06-09T01:27:59.280+0000] {processor.py:836} INFO - DAG(s) dict_keys(['tutorial']) retrieved from /home/airflow/.local/lib/python3.7/site-packages/airflow/example_dags/tutorial.py
[2023-06-09T01:27:59.307+0000] {logging_mixin.py:149} INFO - [2023-06-09T01:27:59.307+0000] {dag.py:2726} INFO - Sync 1 DAGs
[2023-06-09T01:27:59.324+0000] {logging_mixin.py:149} INFO - [2023-06-09T01:27:59.324+0000] {dag.py:3490} INFO - Setting next_dagrun for tutorial to 2023-06-08T01:27:59.324236+00:00, run_after=2023-06-09T01:27:59.324236+00:00
[2023-06-09T01:27:59.336+0000] {processor.py:179} INFO - Processing /home/airflow/.local/lib/python3.7/site-packages/airflow/example_dags/tutorial.py took 0.082 seconds
[2023-06-09T01:28:29.908+0000] {processor.py:157} INFO - Started process (PID=390) to work on /home/airflow/.local/lib/python3.7/site-packages/airflow/example_dags/tutorial.py
[2023-06-09T01:28:29.912+0000] {processor.py:826} INFO - Processing file /home/airflow/.local/lib/python3.7/site-packages/airflow/example_dags/tutorial.py for tasks to queue
[2023-06-09T01:28:29.914+0000] {logging_mixin.py:149} INFO - [2023-06-09T01:28:29.914+0000] {dagbag.py:541} INFO - Filling up the DagBag from /home/airflow/.local/lib/python3.7/site-packages/airflow/example_dags/tutorial.py
[2023-06-09T01:28:29.932+0000] {processor.py:836} INFO - DAG(s) dict_keys(['tutorial']) retrieved from /home/airflow/.local/lib/python3.7/site-packages/airflow/example_dags/tutorial.py
[2023-06-09T01:28:29.977+0000] {logging_mixin.py:149} INFO - [2023-06-09T01:28:29.976+0000] {dag.py:2726} INFO - Sync 1 DAGs
[2023-06-09T01:28:30.007+0000] {logging_mixin.py:149} INFO - [2023-06-09T01:28:30.007+0000] {dag.py:3490} INFO - Setting next_dagrun for tutorial to 2023-06-08T01:28:30.006562+00:00, run_after=2023-06-09T01:28:30.006562+00:00
[2023-06-09T01:28:30.023+0000] {processor.py:179} INFO - Processing /home/airflow/.local/lib/python3.7/site-packages/airflow/example_dags/tutorial.py took 0.130 seconds
[2023-06-09T01:29:00.112+0000] {processor.py:157} INFO - Started process (PID=446) to work on /home/airflow/.local/lib/python3.7/site-packages/airflow/example_dags/tutorial.py
[2023-06-09T01:29:00.114+0000] {processor.py:826} INFO - Processing file /home/airflow/.local/lib/python3.7/site-packages/airflow/example_dags/tutorial.py for tasks to queue
[2023-06-09T01:29:00.116+0000] {logging_mixin.py:149} INFO - [2023-06-09T01:29:00.115+0000] {dagbag.py:541} INFO - Filling up the DagBag from /home/airflow/.local/lib/python3.7/site-packages/airflow/example_dags/tutorial.py
[2023-06-09T01:29:00.124+0000] {processor.py:836} INFO - DAG(s) dict_keys(['tutorial']) retrieved from /home/airflow/.local/lib/python3.7/site-packages/airflow/example_dags/tutorial.py
[2023-06-09T01:29:00.151+0000] {logging_mixin.py:149} INFO - [2023-06-09T01:29:00.151+0000] {dag.py:2726} INFO - Sync 1 DAGs
[2023-06-09T01:29:00.168+0000] {logging_mixin.py:149} INFO - [2023-06-09T01:29:00.167+0000] {dag.py:3490} INFO - Setting next_dagrun for tutorial to 2023-06-08T01:29:00.167740+00:00, run_after=2023-06-09T01:29:00.167740+00:00
[2023-06-09T01:29:00.179+0000] {processor.py:179} INFO - Processing /home/airflow/.local/lib/python3.7/site-packages/airflow/example_dags/tutorial.py took 0.073 seconds
[2023-06-09T01:29:30.546+0000] {processor.py:157} INFO - Started process (PID=502) to work on /home/airflow/.local/lib/python3.7/site-packages/airflow/example_dags/tutorial.py
[2023-06-09T01:29:30.548+0000] {processor.py:826} INFO - Processing file /home/airflow/.local/lib/python3.7/site-packages/airflow/example_dags/tutorial.py for tasks to queue
[2023-06-09T01:29:30.549+0000] {logging_mixin.py:149} INFO - [2023-06-09T01:29:30.549+0000] {dagbag.py:541} INFO - Filling up the DagBag from /home/airflow/.local/lib/python3.7/site-packages/airflow/example_dags/tutorial.py
[2023-06-09T01:29:30.557+0000] {processor.py:836} INFO - DAG(s) dict_keys(['tutorial']) retrieved from /home/airflow/.local/lib/python3.7/site-packages/airflow/example_dags/tutorial.py
[2023-06-09T01:29:30.580+0000] {logging_mixin.py:149} INFO - [2023-06-09T01:29:30.580+0000] {dag.py:2726} INFO - Sync 1 DAGs
[2023-06-09T01:29:30.595+0000] {logging_mixin.py:149} INFO - [2023-06-09T01:29:30.595+0000] {dag.py:3490} INFO - Setting next_dagrun for tutorial to 2023-06-08T01:29:30.595140+00:00, run_after=2023-06-09T01:29:30.595140+00:00
[2023-06-09T01:29:30.606+0000] {processor.py:179} INFO - Processing /home/airflow/.local/lib/python3.7/site-packages/airflow/example_dags/tutorial.py took 0.065 seconds
[2023-06-09T01:30:01.142+0000] {processor.py:157} INFO - Started process (PID=558) to work on /home/airflow/.local/lib/python3.7/site-packages/airflow/example_dags/tutorial.py
[2023-06-09T01:30:01.145+0000] {processor.py:826} INFO - Processing file /home/airflow/.local/lib/python3.7/site-packages/airflow/example_dags/tutorial.py for tasks to queue
[2023-06-09T01:30:01.146+0000] {logging_mixin.py:149} INFO - [2023-06-09T01:30:01.146+0000] {dagbag.py:541} INFO - Filling up the DagBag from /home/airflow/.local/lib/python3.7/site-packages/airflow/example_dags/tutorial.py
[2023-06-09T01:30:01.157+0000] {processor.py:836} INFO - DAG(s) dict_keys(['tutorial']) retrieved from /home/airflow/.local/lib/python3.7/site-packages/airflow/example_dags/tutorial.py
[2023-06-09T01:30:01.191+0000] {logging_mixin.py:149} INFO - [2023-06-09T01:30:01.190+0000] {dag.py:2726} INFO - Sync 1 DAGs
[2023-06-09T01:30:01.211+0000] {logging_mixin.py:149} INFO - [2023-06-09T01:30:01.211+0000] {dag.py:3490} INFO - Setting next_dagrun for tutorial to 2023-06-08T01:30:01.210874+00:00, run_after=2023-06-09T01:30:01.210874+00:00
[2023-06-09T01:30:01.224+0000] {processor.py:179} INFO - Processing /home/airflow/.local/lib/python3.7/site-packages/airflow/example_dags/tutorial.py took 0.088 seconds
[2023-06-09T01:30:31.401+0000] {processor.py:157} INFO - Started process (PID=614) to work on /home/airflow/.local/lib/python3.7/site-packages/airflow/example_dags/tutorial.py
[2023-06-09T01:30:31.404+0000] {processor.py:826} INFO - Processing file /home/airflow/.local/lib/python3.7/site-packages/airflow/example_dags/tutorial.py for tasks to queue
[2023-06-09T01:30:31.405+0000] {logging_mixin.py:149} INFO - [2023-06-09T01:30:31.405+0000] {dagbag.py:541} INFO - Filling up the DagBag from /home/airflow/.local/lib/python3.7/site-packages/airflow/example_dags/tutorial.py
[2023-06-09T01:30:31.415+0000] {processor.py:836} INFO - DAG(s) dict_keys(['tutorial']) retrieved from /home/airflow/.local/lib/python3.7/site-packages/airflow/example_dags/tutorial.py
[2023-06-09T01:30:31.440+0000] {logging_mixin.py:149} INFO - [2023-06-09T01:30:31.440+0000] {dag.py:2726} INFO - Sync 1 DAGs
[2023-06-09T01:30:31.455+0000] {logging_mixin.py:149} INFO - [2023-06-09T01:30:31.455+0000] {dag.py:3490} INFO - Setting next_dagrun for tutorial to 2023-06-08T01:30:31.455482+00:00, run_after=2023-06-09T01:30:31.455482+00:00
[2023-06-09T01:30:31.466+0000] {processor.py:179} INFO - Processing /home/airflow/.local/lib/python3.7/site-packages/airflow/example_dags/tutorial.py took 0.071 seconds
[2023-06-09T01:31:01.969+0000] {processor.py:157} INFO - Started process (PID=670) to work on /home/airflow/.local/lib/python3.7/site-packages/airflow/example_dags/tutorial.py
[2023-06-09T01:31:01.972+0000] {processor.py:826} INFO - Processing file /home/airflow/.local/lib/python3.7/site-packages/airflow/example_dags/tutorial.py for tasks to queue
[2023-06-09T01:31:01.974+0000] {logging_mixin.py:149} INFO - [2023-06-09T01:31:01.974+0000] {dagbag.py:541} INFO - Filling up the DagBag from /home/airflow/.local/lib/python3.7/site-packages/airflow/example_dags/tutorial.py
[2023-06-09T01:31:01.988+0000] {processor.py:836} INFO - DAG(s) dict_keys(['tutorial']) retrieved from /home/airflow/.local/lib/python3.7/site-packages/airflow/example_dags/tutorial.py
[2023-06-09T01:31:02.019+0000] {logging_mixin.py:149} INFO - [2023-06-09T01:31:02.019+0000] {dag.py:2726} INFO - Sync 1 DAGs
[2023-06-09T01:31:02.036+0000] {logging_mixin.py:149} INFO - [2023-06-09T01:31:02.036+0000] {dag.py:3490} INFO - Setting next_dagrun for tutorial to 2023-06-08T01:31:02.036252+00:00, run_after=2023-06-09T01:31:02.036252+00:00
[2023-06-09T01:31:02.048+0000] {processor.py:179} INFO - Processing /home/airflow/.local/lib/python3.7/site-packages/airflow/example_dags/tutorial.py took 0.087 seconds
[2023-06-09T01:31:32.878+0000] {processor.py:157} INFO - Started process (PID=726) to work on /home/airflow/.local/lib/python3.7/site-packages/airflow/example_dags/tutorial.py
[2023-06-09T01:31:32.881+0000] {processor.py:826} INFO - Processing file /home/airflow/.local/lib/python3.7/site-packages/airflow/example_dags/tutorial.py for tasks to queue
[2023-06-09T01:31:32.883+0000] {logging_mixin.py:149} INFO - [2023-06-09T01:31:32.883+0000] {dagbag.py:541} INFO - Filling up the DagBag from /home/airflow/.local/lib/python3.7/site-packages/airflow/example_dags/tutorial.py
[2023-06-09T01:31:32.894+0000] {processor.py:836} INFO - DAG(s) dict_keys(['tutorial']) retrieved from /home/airflow/.local/lib/python3.7/site-packages/airflow/example_dags/tutorial.py
[2023-06-09T01:31:32.923+0000] {logging_mixin.py:149} INFO - [2023-06-09T01:31:32.923+0000] {dag.py:2726} INFO - Sync 1 DAGs
[2023-06-09T01:31:32.939+0000] {logging_mixin.py:149} INFO - [2023-06-09T01:31:32.939+0000] {dag.py:3490} INFO - Setting next_dagrun for tutorial to 2023-06-08T01:31:32.938984+00:00, run_after=2023-06-09T01:31:32.938984+00:00
[2023-06-09T01:31:32.950+0000] {processor.py:179} INFO - Processing /home/airflow/.local/lib/python3.7/site-packages/airflow/example_dags/tutorial.py took 0.078 seconds
[2023-06-09T01:32:03.145+0000] {processor.py:157} INFO - Started process (PID=782) to work on /home/airflow/.local/lib/python3.7/site-packages/airflow/example_dags/tutorial.py
[2023-06-09T01:32:03.149+0000] {processor.py:826} INFO - Processing file /home/airflow/.local/lib/python3.7/site-packages/airflow/example_dags/tutorial.py for tasks to queue
[2023-06-09T01:32:03.150+0000] {logging_mixin.py:149} INFO - [2023-06-09T01:32:03.150+0000] {dagbag.py:541} INFO - Filling up the DagBag from /home/airflow/.local/lib/python3.7/site-packages/airflow/example_dags/tutorial.py
[2023-06-09T01:32:03.162+0000] {processor.py:836} INFO - DAG(s) dict_keys(['tutorial']) retrieved from /home/airflow/.local/lib/python3.7/site-packages/airflow/example_dags/tutorial.py
[2023-06-09T01:32:03.207+0000] {logging_mixin.py:149} INFO - [2023-06-09T01:32:03.207+0000] {dag.py:2726} INFO - Sync 1 DAGs
[2023-06-09T01:32:03.224+0000] {logging_mixin.py:149} INFO - [2023-06-09T01:32:03.224+0000] {dag.py:3490} INFO - Setting next_dagrun for tutorial to 2023-06-08T01:32:03.224215+00:00, run_after=2023-06-09T01:32:03.224215+00:00
[2023-06-09T01:32:03.236+0000] {processor.py:179} INFO - Processing /home/airflow/.local/lib/python3.7/site-packages/airflow/example_dags/tutorial.py took 0.104 seconds
[2023-06-09T01:32:33.328+0000] {processor.py:157} INFO - Started process (PID=838) to work on /home/airflow/.local/lib/python3.7/site-packages/airflow/example_dags/tutorial.py
[2023-06-09T01:32:33.332+0000] {processor.py:826} INFO - Processing file /home/airflow/.local/lib/python3.7/site-packages/airflow/example_dags/tutorial.py for tasks to queue
[2023-06-09T01:32:33.334+0000] {logging_mixin.py:149} INFO - [2023-06-09T01:32:33.334+0000] {dagbag.py:541} INFO - Filling up the DagBag from /home/airflow/.local/lib/python3.7/site-packages/airflow/example_dags/tutorial.py
[2023-06-09T01:32:33.354+0000] {processor.py:836} INFO - DAG(s) dict_keys(['tutorial']) retrieved from /home/airflow/.local/lib/python3.7/site-packages/airflow/example_dags/tutorial.py
[2023-06-09T01:32:33.385+0000] {logging_mixin.py:149} INFO - [2023-06-09T01:32:33.385+0000] {dag.py:2726} INFO - Sync 1 DAGs
[2023-06-09T01:32:33.407+0000] {logging_mixin.py:149} INFO - [2023-06-09T01:32:33.406+0000] {dag.py:3490} INFO - Setting next_dagrun for tutorial to 2023-06-08T01:32:33.406619+00:00, run_after=2023-06-09T01:32:33.406619+00:00
[2023-06-09T01:32:33.420+0000] {processor.py:179} INFO - Processing /home/airflow/.local/lib/python3.7/site-packages/airflow/example_dags/tutorial.py took 0.108 seconds
[2023-06-09T01:33:03.614+0000] {processor.py:157} INFO - Started process (PID=894) to work on /home/airflow/.local/lib/python3.7/site-packages/airflow/example_dags/tutorial.py
[2023-06-09T01:33:03.617+0000] {processor.py:826} INFO - Processing file /home/airflow/.local/lib/python3.7/site-packages/airflow/example_dags/tutorial.py for tasks to queue
[2023-06-09T01:33:03.618+0000] {logging_mixin.py:149} INFO - [2023-06-09T01:33:03.618+0000] {dagbag.py:541} INFO - Filling up the DagBag from /home/airflow/.local/lib/python3.7/site-packages/airflow/example_dags/tutorial.py
[2023-06-09T01:33:03.628+0000] {processor.py:836} INFO - DAG(s) dict_keys(['tutorial']) retrieved from /home/airflow/.local/lib/python3.7/site-packages/airflow/example_dags/tutorial.py
[2023-06-09T01:33:03.655+0000] {logging_mixin.py:149} INFO - [2023-06-09T01:33:03.655+0000] {dag.py:2726} INFO - Sync 1 DAGs
[2023-06-09T01:33:03.671+0000] {logging_mixin.py:149} INFO - [2023-06-09T01:33:03.671+0000] {dag.py:3490} INFO - Setting next_dagrun for tutorial to 2023-06-08T01:33:03.670880+00:00, run_after=2023-06-09T01:33:03.670880+00:00
[2023-06-09T01:33:03.681+0000] {processor.py:179} INFO - Processing /home/airflow/.local/lib/python3.7/site-packages/airflow/example_dags/tutorial.py took 0.073 seconds
[2023-06-09T01:33:33.758+0000] {processor.py:157} INFO - Started process (PID=950) to work on /home/airflow/.local/lib/python3.7/site-packages/airflow/example_dags/tutorial.py
[2023-06-09T01:33:33.761+0000] {processor.py:826} INFO - Processing file /home/airflow/.local/lib/python3.7/site-packages/airflow/example_dags/tutorial.py for tasks to queue
[2023-06-09T01:33:33.763+0000] {logging_mixin.py:149} INFO - [2023-06-09T01:33:33.763+0000] {dagbag.py:541} INFO - Filling up the DagBag from /home/airflow/.local/lib/python3.7/site-packages/airflow/example_dags/tutorial.py
[2023-06-09T01:33:33.774+0000] {processor.py:836} INFO - DAG(s) dict_keys(['tutorial']) retrieved from /home/airflow/.local/lib/python3.7/site-packages/airflow/example_dags/tutorial.py
[2023-06-09T01:33:33.801+0000] {logging_mixin.py:149} INFO - [2023-06-09T01:33:33.800+0000] {dag.py:2726} INFO - Sync 1 DAGs
[2023-06-09T01:33:33.816+0000] {logging_mixin.py:149} INFO - [2023-06-09T01:33:33.816+0000] {dag.py:3490} INFO - Setting next_dagrun for tutorial to 2023-06-08T01:33:33.816297+00:00, run_after=2023-06-09T01:33:33.816297+00:00
[2023-06-09T01:33:33.827+0000] {processor.py:179} INFO - Processing /home/airflow/.local/lib/python3.7/site-packages/airflow/example_dags/tutorial.py took 0.075 seconds
[2023-06-09T01:34:04.316+0000] {processor.py:157} INFO - Started process (PID=1006) to work on /home/airflow/.local/lib/python3.7/site-packages/airflow/example_dags/tutorial.py
[2023-06-09T01:34:04.318+0000] {processor.py:826} INFO - Processing file /home/airflow/.local/lib/python3.7/site-packages/airflow/example_dags/tutorial.py for tasks to queue
[2023-06-09T01:34:04.319+0000] {logging_mixin.py:149} INFO - [2023-06-09T01:34:04.319+0000] {dagbag.py:541} INFO - Filling up the DagBag from /home/airflow/.local/lib/python3.7/site-packages/airflow/example_dags/tutorial.py
[2023-06-09T01:34:04.328+0000] {processor.py:836} INFO - DAG(s) dict_keys(['tutorial']) retrieved from /home/airflow/.local/lib/python3.7/site-packages/airflow/example_dags/tutorial.py
[2023-06-09T01:34:04.369+0000] {logging_mixin.py:149} INFO - [2023-06-09T01:34:04.369+0000] {dag.py:2726} INFO - Sync 1 DAGs
[2023-06-09T01:34:04.417+0000] {logging_mixin.py:149} INFO - [2023-06-09T01:34:04.417+0000] {dag.py:3490} INFO - Setting next_dagrun for tutorial to 2023-06-08T01:34:04.416840+00:00, run_after=2023-06-09T01:34:04.416840+00:00
[2023-06-09T01:34:04.459+0000] {processor.py:179} INFO - Processing /home/airflow/.local/lib/python3.7/site-packages/airflow/example_dags/tutorial.py took 0.147 seconds
[2023-06-09T01:34:34.984+0000] {processor.py:157} INFO - Started process (PID=1062) to work on /home/airflow/.local/lib/python3.7/site-packages/airflow/example_dags/tutorial.py
[2023-06-09T01:34:34.986+0000] {processor.py:826} INFO - Processing file /home/airflow/.local/lib/python3.7/site-packages/airflow/example_dags/tutorial.py for tasks to queue
[2023-06-09T01:34:34.987+0000] {logging_mixin.py:149} INFO - [2023-06-09T01:34:34.987+0000] {dagbag.py:541} INFO - Filling up the DagBag from /home/airflow/.local/lib/python3.7/site-packages/airflow/example_dags/tutorial.py
[2023-06-09T01:34:34.992+0000] {processor.py:836} INFO - DAG(s) dict_keys(['tutorial']) retrieved from /home/airflow/.local/lib/python3.7/site-packages/airflow/example_dags/tutorial.py
[2023-06-09T01:34:35.013+0000] {logging_mixin.py:149} INFO - [2023-06-09T01:34:35.013+0000] {dag.py:2726} INFO - Sync 1 DAGs
[2023-06-09T01:34:35.031+0000] {logging_mixin.py:149} INFO - [2023-06-09T01:34:35.031+0000] {dag.py:3490} INFO - Setting next_dagrun for tutorial to 2023-06-08T01:34:35.030860+00:00, run_after=2023-06-09T01:34:35.030860+00:00
[2023-06-09T01:34:35.044+0000] {processor.py:179} INFO - Processing /home/airflow/.local/lib/python3.7/site-packages/airflow/example_dags/tutorial.py took 0.063 seconds
[2023-06-09T01:35:05.815+0000] {processor.py:157} INFO - Started process (PID=1118) to work on /home/airflow/.local/lib/python3.7/site-packages/airflow/example_dags/tutorial.py
[2023-06-09T01:35:05.818+0000] {processor.py:826} INFO - Processing file /home/airflow/.local/lib/python3.7/site-packages/airflow/example_dags/tutorial.py for tasks to queue
[2023-06-09T01:35:05.820+0000] {logging_mixin.py:149} INFO - [2023-06-09T01:35:05.820+0000] {dagbag.py:541} INFO - Filling up the DagBag from /home/airflow/.local/lib/python3.7/site-packages/airflow/example_dags/tutorial.py
[2023-06-09T01:35:05.836+0000] {processor.py:836} INFO - DAG(s) dict_keys(['tutorial']) retrieved from /home/airflow/.local/lib/python3.7/site-packages/airflow/example_dags/tutorial.py
[2023-06-09T01:35:05.881+0000] {logging_mixin.py:149} INFO - [2023-06-09T01:35:05.881+0000] {dag.py:2726} INFO - Sync 1 DAGs
[2023-06-09T01:35:05.903+0000] {logging_mixin.py:149} INFO - [2023-06-09T01:35:05.903+0000] {dag.py:3490} INFO - Setting next_dagrun for tutorial to 2023-06-08T01:35:05.903601+00:00, run_after=2023-06-09T01:35:05.903601+00:00
[2023-06-09T01:35:05.919+0000] {processor.py:179} INFO - Processing /home/airflow/.local/lib/python3.7/site-packages/airflow/example_dags/tutorial.py took 0.111 seconds
[2023-06-09T01:35:36.353+0000] {processor.py:157} INFO - Started process (PID=1174) to work on /home/airflow/.local/lib/python3.7/site-packages/airflow/example_dags/tutorial.py
[2023-06-09T01:35:36.361+0000] {processor.py:826} INFO - Processing file /home/airflow/.local/lib/python3.7/site-packages/airflow/example_dags/tutorial.py for tasks to queue
[2023-06-09T01:35:36.363+0000] {logging_mixin.py:149} INFO - [2023-06-09T01:35:36.363+0000] {dagbag.py:541} INFO - Filling up the DagBag from /home/airflow/.local/lib/python3.7/site-packages/airflow/example_dags/tutorial.py
[2023-06-09T01:35:36.380+0000] {processor.py:836} INFO - DAG(s) dict_keys(['tutorial']) retrieved from /home/airflow/.local/lib/python3.7/site-packages/airflow/example_dags/tutorial.py
[2023-06-09T01:35:36.420+0000] {logging_mixin.py:149} INFO - [2023-06-09T01:35:36.420+0000] {dag.py:2726} INFO - Sync 1 DAGs
[2023-06-09T01:35:36.440+0000] {logging_mixin.py:149} INFO - [2023-06-09T01:35:36.440+0000] {dag.py:3490} INFO - Setting next_dagrun for tutorial to 2023-06-08T01:35:36.440539+00:00, run_after=2023-06-09T01:35:36.440539+00:00
[2023-06-09T01:35:36.456+0000] {processor.py:179} INFO - Processing /home/airflow/.local/lib/python3.7/site-packages/airflow/example_dags/tutorial.py took 0.118 seconds
[2023-06-09T01:36:06.512+0000] {processor.py:157} INFO - Started process (PID=1230) to work on /home/airflow/.local/lib/python3.7/site-packages/airflow/example_dags/tutorial.py
[2023-06-09T01:36:06.516+0000] {processor.py:826} INFO - Processing file /home/airflow/.local/lib/python3.7/site-packages/airflow/example_dags/tutorial.py for tasks to queue
[2023-06-09T01:36:06.518+0000] {logging_mixin.py:149} INFO - [2023-06-09T01:36:06.518+0000] {dagbag.py:541} INFO - Filling up the DagBag from /home/airflow/.local/lib/python3.7/site-packages/airflow/example_dags/tutorial.py
[2023-06-09T01:36:06.530+0000] {processor.py:836} INFO - DAG(s) dict_keys(['tutorial']) retrieved from /home/airflow/.local/lib/python3.7/site-packages/airflow/example_dags/tutorial.py
[2023-06-09T01:36:06.560+0000] {logging_mixin.py:149} INFO - [2023-06-09T01:36:06.560+0000] {dag.py:2726} INFO - Sync 1 DAGs
[2023-06-09T01:36:06.577+0000] {logging_mixin.py:149} INFO - [2023-06-09T01:36:06.577+0000] {dag.py:3490} INFO - Setting next_dagrun for tutorial to 2023-06-08T01:36:06.577604+00:00, run_after=2023-06-09T01:36:06.577604+00:00
[2023-06-09T01:36:06.590+0000] {processor.py:179} INFO - Processing /home/airflow/.local/lib/python3.7/site-packages/airflow/example_dags/tutorial.py took 0.085 seconds
[2023-06-09T01:36:36.754+0000] {processor.py:157} INFO - Started process (PID=1286) to work on /home/airflow/.local/lib/python3.7/site-packages/airflow/example_dags/tutorial.py
[2023-06-09T01:36:36.758+0000] {processor.py:826} INFO - Processing file /home/airflow/.local/lib/python3.7/site-packages/airflow/example_dags/tutorial.py for tasks to queue
[2023-06-09T01:36:36.760+0000] {logging_mixin.py:149} INFO - [2023-06-09T01:36:36.759+0000] {dagbag.py:541} INFO - Filling up the DagBag from /home/airflow/.local/lib/python3.7/site-packages/airflow/example_dags/tutorial.py
[2023-06-09T01:36:36.771+0000] {processor.py:836} INFO - DAG(s) dict_keys(['tutorial']) retrieved from /home/airflow/.local/lib/python3.7/site-packages/airflow/example_dags/tutorial.py
[2023-06-09T01:36:36.798+0000] {logging_mixin.py:149} INFO - [2023-06-09T01:36:36.798+0000] {dag.py:2726} INFO - Sync 1 DAGs
[2023-06-09T01:36:36.815+0000] {logging_mixin.py:149} INFO - [2023-06-09T01:36:36.814+0000] {dag.py:3490} INFO - Setting next_dagrun for tutorial to 2023-06-08T01:36:36.814723+00:00, run_after=2023-06-09T01:36:36.814723+00:00
[2023-06-09T01:36:36.826+0000] {processor.py:179} INFO - Processing /home/airflow/.local/lib/python3.7/site-packages/airflow/example_dags/tutorial.py took 0.078 seconds
[2023-06-09T01:37:06.901+0000] {processor.py:157} INFO - Started process (PID=1342) to work on /home/airflow/.local/lib/python3.7/site-packages/airflow/example_dags/tutorial.py
[2023-06-09T01:37:06.905+0000] {processor.py:826} INFO - Processing file /home/airflow/.local/lib/python3.7/site-packages/airflow/example_dags/tutorial.py for tasks to queue
[2023-06-09T01:37:06.906+0000] {logging_mixin.py:149} INFO - [2023-06-09T01:37:06.906+0000] {dagbag.py:541} INFO - Filling up the DagBag from /home/airflow/.local/lib/python3.7/site-packages/airflow/example_dags/tutorial.py
[2023-06-09T01:37:06.916+0000] {processor.py:836} INFO - DAG(s) dict_keys(['tutorial']) retrieved from /home/airflow/.local/lib/python3.7/site-packages/airflow/example_dags/tutorial.py
[2023-06-09T01:37:06.942+0000] {logging_mixin.py:149} INFO - [2023-06-09T01:37:06.942+0000] {dag.py:2726} INFO - Sync 1 DAGs
[2023-06-09T01:37:06.959+0000] {logging_mixin.py:149} INFO - [2023-06-09T01:37:06.959+0000] {dag.py:3490} INFO - Setting next_dagrun for tutorial to 2023-06-08T01:37:06.958991+00:00, run_after=2023-06-09T01:37:06.958991+00:00
[2023-06-09T01:37:06.971+0000] {processor.py:179} INFO - Processing /home/airflow/.local/lib/python3.7/site-packages/airflow/example_dags/tutorial.py took 0.076 seconds
[2023-06-09T01:37:37.300+0000] {processor.py:157} INFO - Started process (PID=1398) to work on /home/airflow/.local/lib/python3.7/site-packages/airflow/example_dags/tutorial.py
[2023-06-09T01:37:37.303+0000] {processor.py:826} INFO - Processing file /home/airflow/.local/lib/python3.7/site-packages/airflow/example_dags/tutorial.py for tasks to queue
[2023-06-09T01:37:37.304+0000] {logging_mixin.py:149} INFO - [2023-06-09T01:37:37.304+0000] {dagbag.py:541} INFO - Filling up the DagBag from /home/airflow/.local/lib/python3.7/site-packages/airflow/example_dags/tutorial.py
[2023-06-09T01:37:37.316+0000] {processor.py:836} INFO - DAG(s) dict_keys(['tutorial']) retrieved from /home/airflow/.local/lib/python3.7/site-packages/airflow/example_dags/tutorial.py
[2023-06-09T01:37:37.351+0000] {logging_mixin.py:149} INFO - [2023-06-09T01:37:37.350+0000] {dag.py:2726} INFO - Sync 1 DAGs
[2023-06-09T01:37:37.372+0000] {logging_mixin.py:149} INFO - [2023-06-09T01:37:37.372+0000] {dag.py:3490} INFO - Setting next_dagrun for tutorial to 2023-06-08T01:37:37.372194+00:00, run_after=2023-06-09T01:37:37.372194+00:00
[2023-06-09T01:37:37.392+0000] {processor.py:179} INFO - Processing /home/airflow/.local/lib/python3.7/site-packages/airflow/example_dags/tutorial.py took 0.100 seconds
[2023-06-09T01:38:07.639+0000] {processor.py:157} INFO - Started process (PID=1453) to work on /home/airflow/.local/lib/python3.7/site-packages/airflow/example_dags/tutorial.py
[2023-06-09T01:38:07.642+0000] {processor.py:826} INFO - Processing file /home/airflow/.local/lib/python3.7/site-packages/airflow/example_dags/tutorial.py for tasks to queue
[2023-06-09T01:38:07.644+0000] {logging_mixin.py:149} INFO - [2023-06-09T01:38:07.644+0000] {dagbag.py:541} INFO - Filling up the DagBag from /home/airflow/.local/lib/python3.7/site-packages/airflow/example_dags/tutorial.py
[2023-06-09T01:38:07.658+0000] {processor.py:836} INFO - DAG(s) dict_keys(['tutorial']) retrieved from /home/airflow/.local/lib/python3.7/site-packages/airflow/example_dags/tutorial.py
[2023-06-09T01:38:07.696+0000] {logging_mixin.py:149} INFO - [2023-06-09T01:38:07.696+0000] {dag.py:2726} INFO - Sync 1 DAGs
[2023-06-09T01:38:07.718+0000] {logging_mixin.py:149} INFO - [2023-06-09T01:38:07.718+0000] {dag.py:3490} INFO - Setting next_dagrun for tutorial to 2023-06-08T01:38:07.718433+00:00, run_after=2023-06-09T01:38:07.718433+00:00
[2023-06-09T01:38:07.736+0000] {processor.py:179} INFO - Processing /home/airflow/.local/lib/python3.7/site-packages/airflow/example_dags/tutorial.py took 0.103 seconds
[2023-06-09T01:38:37.881+0000] {processor.py:157} INFO - Started process (PID=1509) to work on /home/airflow/.local/lib/python3.7/site-packages/airflow/example_dags/tutorial.py
[2023-06-09T01:38:37.883+0000] {processor.py:826} INFO - Processing file /home/airflow/.local/lib/python3.7/site-packages/airflow/example_dags/tutorial.py for tasks to queue
[2023-06-09T01:38:37.885+0000] {logging_mixin.py:149} INFO - [2023-06-09T01:38:37.885+0000] {dagbag.py:541} INFO - Filling up the DagBag from /home/airflow/.local/lib/python3.7/site-packages/airflow/example_dags/tutorial.py
[2023-06-09T01:38:37.895+0000] {processor.py:836} INFO - DAG(s) dict_keys(['tutorial']) retrieved from /home/airflow/.local/lib/python3.7/site-packages/airflow/example_dags/tutorial.py
[2023-06-09T01:38:37.923+0000] {logging_mixin.py:149} INFO - [2023-06-09T01:38:37.923+0000] {dag.py:2726} INFO - Sync 1 DAGs
[2023-06-09T01:38:37.939+0000] {logging_mixin.py:149} INFO - [2023-06-09T01:38:37.939+0000] {dag.py:3490} INFO - Setting next_dagrun for tutorial to 2023-06-08T01:38:37.939476+00:00, run_after=2023-06-09T01:38:37.939476+00:00
[2023-06-09T01:38:37.950+0000] {processor.py:179} INFO - Processing /home/airflow/.local/lib/python3.7/site-packages/airflow/example_dags/tutorial.py took 0.076 seconds
[2023-06-09T01:39:08.173+0000] {processor.py:157} INFO - Started process (PID=1565) to work on /home/airflow/.local/lib/python3.7/site-packages/airflow/example_dags/tutorial.py
[2023-06-09T01:39:08.175+0000] {processor.py:826} INFO - Processing file /home/airflow/.local/lib/python3.7/site-packages/airflow/example_dags/tutorial.py for tasks to queue
[2023-06-09T01:39:08.176+0000] {logging_mixin.py:149} INFO - [2023-06-09T01:39:08.176+0000] {dagbag.py:541} INFO - Filling up the DagBag from /home/airflow/.local/lib/python3.7/site-packages/airflow/example_dags/tutorial.py
[2023-06-09T01:39:08.181+0000] {processor.py:836} INFO - DAG(s) dict_keys(['tutorial']) retrieved from /home/airflow/.local/lib/python3.7/site-packages/airflow/example_dags/tutorial.py
[2023-06-09T01:39:08.199+0000] {logging_mixin.py:149} INFO - [2023-06-09T01:39:08.199+0000] {dag.py:2726} INFO - Sync 1 DAGs
[2023-06-09T01:39:08.213+0000] {logging_mixin.py:149} INFO - [2023-06-09T01:39:08.213+0000] {dag.py:3490} INFO - Setting next_dagrun for tutorial to 2023-06-08T01:39:08.213580+00:00, run_after=2023-06-09T01:39:08.213580+00:00
[2023-06-09T01:39:08.224+0000] {processor.py:179} INFO - Processing /home/airflow/.local/lib/python3.7/site-packages/airflow/example_dags/tutorial.py took 0.054 seconds
[2023-06-09T01:39:38.547+0000] {processor.py:157} INFO - Started process (PID=1621) to work on /home/airflow/.local/lib/python3.7/site-packages/airflow/example_dags/tutorial.py
[2023-06-09T01:39:38.548+0000] {processor.py:826} INFO - Processing file /home/airflow/.local/lib/python3.7/site-packages/airflow/example_dags/tutorial.py for tasks to queue
[2023-06-09T01:39:38.549+0000] {logging_mixin.py:149} INFO - [2023-06-09T01:39:38.549+0000] {dagbag.py:541} INFO - Filling up the DagBag from /home/airflow/.local/lib/python3.7/site-packages/airflow/example_dags/tutorial.py
[2023-06-09T01:39:38.556+0000] {processor.py:836} INFO - DAG(s) dict_keys(['tutorial']) retrieved from /home/airflow/.local/lib/python3.7/site-packages/airflow/example_dags/tutorial.py
[2023-06-09T01:39:38.576+0000] {logging_mixin.py:149} INFO - [2023-06-09T01:39:38.576+0000] {dag.py:2726} INFO - Sync 1 DAGs
[2023-06-09T01:39:38.592+0000] {logging_mixin.py:149} INFO - [2023-06-09T01:39:38.592+0000] {dag.py:3490} INFO - Setting next_dagrun for tutorial to 2023-06-08T01:39:38.592150+00:00, run_after=2023-06-09T01:39:38.592150+00:00
[2023-06-09T01:39:38.604+0000] {processor.py:179} INFO - Processing /home/airflow/.local/lib/python3.7/site-packages/airflow/example_dags/tutorial.py took 0.059 seconds
[2023-06-09T01:40:09.446+0000] {processor.py:157} INFO - Started process (PID=1673) to work on /home/airflow/.local/lib/python3.7/site-packages/airflow/example_dags/tutorial.py
[2023-06-09T01:40:09.448+0000] {processor.py:826} INFO - Processing file /home/airflow/.local/lib/python3.7/site-packages/airflow/example_dags/tutorial.py for tasks to queue
[2023-06-09T01:40:09.450+0000] {logging_mixin.py:149} INFO - [2023-06-09T01:40:09.450+0000] {dagbag.py:541} INFO - Filling up the DagBag from /home/airflow/.local/lib/python3.7/site-packages/airflow/example_dags/tutorial.py
[2023-06-09T01:40:09.459+0000] {processor.py:836} INFO - DAG(s) dict_keys(['tutorial']) retrieved from /home/airflow/.local/lib/python3.7/site-packages/airflow/example_dags/tutorial.py
[2023-06-09T01:40:09.486+0000] {logging_mixin.py:149} INFO - [2023-06-09T01:40:09.486+0000] {dag.py:2726} INFO - Sync 1 DAGs
[2023-06-09T01:40:09.504+0000] {logging_mixin.py:149} INFO - [2023-06-09T01:40:09.504+0000] {dag.py:3490} INFO - Setting next_dagrun for tutorial to 2023-06-08T01:40:09.504296+00:00, run_after=2023-06-09T01:40:09.504296+00:00
[2023-06-09T01:40:09.521+0000] {processor.py:179} INFO - Processing /home/airflow/.local/lib/python3.7/site-packages/airflow/example_dags/tutorial.py took 0.081 seconds
[2023-06-09T01:40:39.846+0000] {processor.py:157} INFO - Started process (PID=1729) to work on /home/airflow/.local/lib/python3.7/site-packages/airflow/example_dags/tutorial.py
[2023-06-09T01:40:39.849+0000] {processor.py:826} INFO - Processing file /home/airflow/.local/lib/python3.7/site-packages/airflow/example_dags/tutorial.py for tasks to queue
[2023-06-09T01:40:39.851+0000] {logging_mixin.py:149} INFO - [2023-06-09T01:40:39.851+0000] {dagbag.py:541} INFO - Filling up the DagBag from /home/airflow/.local/lib/python3.7/site-packages/airflow/example_dags/tutorial.py
[2023-06-09T01:40:39.861+0000] {processor.py:836} INFO - DAG(s) dict_keys(['tutorial']) retrieved from /home/airflow/.local/lib/python3.7/site-packages/airflow/example_dags/tutorial.py
[2023-06-09T01:40:39.888+0000] {logging_mixin.py:149} INFO - [2023-06-09T01:40:39.888+0000] {dag.py:2726} INFO - Sync 1 DAGs
[2023-06-09T01:40:39.918+0000] {logging_mixin.py:149} INFO - [2023-06-09T01:40:39.918+0000] {dag.py:3490} INFO - Setting next_dagrun for tutorial to 2023-06-08T01:40:39.918084+00:00, run_after=2023-06-09T01:40:39.918084+00:00
[2023-06-09T01:40:39.934+0000] {processor.py:179} INFO - Processing /home/airflow/.local/lib/python3.7/site-packages/airflow/example_dags/tutorial.py took 0.094 seconds
[2023-06-09T01:41:10.594+0000] {processor.py:157} INFO - Started process (PID=1785) to work on /home/airflow/.local/lib/python3.7/site-packages/airflow/example_dags/tutorial.py
[2023-06-09T01:41:10.597+0000] {processor.py:826} INFO - Processing file /home/airflow/.local/lib/python3.7/site-packages/airflow/example_dags/tutorial.py for tasks to queue
[2023-06-09T01:41:10.599+0000] {logging_mixin.py:149} INFO - [2023-06-09T01:41:10.599+0000] {dagbag.py:541} INFO - Filling up the DagBag from /home/airflow/.local/lib/python3.7/site-packages/airflow/example_dags/tutorial.py
[2023-06-09T01:41:10.610+0000] {processor.py:836} INFO - DAG(s) dict_keys(['tutorial']) retrieved from /home/airflow/.local/lib/python3.7/site-packages/airflow/example_dags/tutorial.py
[2023-06-09T01:41:10.639+0000] {logging_mixin.py:149} INFO - [2023-06-09T01:41:10.639+0000] {dag.py:2726} INFO - Sync 1 DAGs
[2023-06-09T01:41:10.656+0000] {logging_mixin.py:149} INFO - [2023-06-09T01:41:10.656+0000] {dag.py:3490} INFO - Setting next_dagrun for tutorial to 2023-06-08T01:41:10.656419+00:00, run_after=2023-06-09T01:41:10.656419+00:00
[2023-06-09T01:41:10.670+0000] {processor.py:179} INFO - Processing /home/airflow/.local/lib/python3.7/site-packages/airflow/example_dags/tutorial.py took 0.082 seconds
[2023-06-09T01:41:41.324+0000] {processor.py:157} INFO - Started process (PID=1842) to work on /home/airflow/.local/lib/python3.7/site-packages/airflow/example_dags/tutorial.py
[2023-06-09T01:41:41.326+0000] {processor.py:826} INFO - Processing file /home/airflow/.local/lib/python3.7/site-packages/airflow/example_dags/tutorial.py for tasks to queue
[2023-06-09T01:41:41.328+0000] {logging_mixin.py:149} INFO - [2023-06-09T01:41:41.328+0000] {dagbag.py:541} INFO - Filling up the DagBag from /home/airflow/.local/lib/python3.7/site-packages/airflow/example_dags/tutorial.py
[2023-06-09T01:41:41.338+0000] {processor.py:836} INFO - DAG(s) dict_keys(['tutorial']) retrieved from /home/airflow/.local/lib/python3.7/site-packages/airflow/example_dags/tutorial.py
[2023-06-09T01:41:41.367+0000] {logging_mixin.py:149} INFO - [2023-06-09T01:41:41.367+0000] {dag.py:2726} INFO - Sync 1 DAGs
[2023-06-09T01:41:41.385+0000] {logging_mixin.py:149} INFO - [2023-06-09T01:41:41.385+0000] {dag.py:3490} INFO - Setting next_dagrun for tutorial to 2023-06-08T01:41:41.385035+00:00, run_after=2023-06-09T01:41:41.385035+00:00
[2023-06-09T01:41:41.397+0000] {processor.py:179} INFO - Processing /home/airflow/.local/lib/python3.7/site-packages/airflow/example_dags/tutorial.py took 0.079 seconds
[2023-06-09T01:42:11.873+0000] {processor.py:157} INFO - Started process (PID=1898) to work on /home/airflow/.local/lib/python3.7/site-packages/airflow/example_dags/tutorial.py
[2023-06-09T01:42:11.876+0000] {processor.py:826} INFO - Processing file /home/airflow/.local/lib/python3.7/site-packages/airflow/example_dags/tutorial.py for tasks to queue
[2023-06-09T01:42:11.878+0000] {logging_mixin.py:149} INFO - [2023-06-09T01:42:11.878+0000] {dagbag.py:541} INFO - Filling up the DagBag from /home/airflow/.local/lib/python3.7/site-packages/airflow/example_dags/tutorial.py
[2023-06-09T01:42:11.889+0000] {processor.py:836} INFO - DAG(s) dict_keys(['tutorial']) retrieved from /home/airflow/.local/lib/python3.7/site-packages/airflow/example_dags/tutorial.py
[2023-06-09T01:42:11.918+0000] {logging_mixin.py:149} INFO - [2023-06-09T01:42:11.918+0000] {dag.py:2726} INFO - Sync 1 DAGs
[2023-06-09T01:42:11.936+0000] {logging_mixin.py:149} INFO - [2023-06-09T01:42:11.935+0000] {dag.py:3490} INFO - Setting next_dagrun for tutorial to 2023-06-08T01:42:11.935758+00:00, run_after=2023-06-09T01:42:11.935758+00:00
[2023-06-09T01:42:11.949+0000] {processor.py:179} INFO - Processing /home/airflow/.local/lib/python3.7/site-packages/airflow/example_dags/tutorial.py took 0.083 seconds
[2023-06-09T01:42:42.508+0000] {processor.py:157} INFO - Started process (PID=1953) to work on /home/airflow/.local/lib/python3.7/site-packages/airflow/example_dags/tutorial.py
[2023-06-09T01:42:42.509+0000] {processor.py:826} INFO - Processing file /home/airflow/.local/lib/python3.7/site-packages/airflow/example_dags/tutorial.py for tasks to queue
[2023-06-09T01:42:42.510+0000] {logging_mixin.py:149} INFO - [2023-06-09T01:42:42.510+0000] {dagbag.py:541} INFO - Filling up the DagBag from /home/airflow/.local/lib/python3.7/site-packages/airflow/example_dags/tutorial.py
[2023-06-09T01:42:42.517+0000] {processor.py:836} INFO - DAG(s) dict_keys(['tutorial']) retrieved from /home/airflow/.local/lib/python3.7/site-packages/airflow/example_dags/tutorial.py
[2023-06-09T01:42:42.543+0000] {logging_mixin.py:149} INFO - [2023-06-09T01:42:42.543+0000] {dag.py:2726} INFO - Sync 1 DAGs
[2023-06-09T01:42:42.563+0000] {logging_mixin.py:149} INFO - [2023-06-09T01:42:42.563+0000] {dag.py:3490} INFO - Setting next_dagrun for tutorial to 2023-06-08T01:42:42.563069+00:00, run_after=2023-06-09T01:42:42.563069+00:00
[2023-06-09T01:42:42.576+0000] {processor.py:179} INFO - Processing /home/airflow/.local/lib/python3.7/site-packages/airflow/example_dags/tutorial.py took 0.072 seconds
[2023-06-09T01:43:12.726+0000] {processor.py:157} INFO - Started process (PID=2009) to work on /home/airflow/.local/lib/python3.7/site-packages/airflow/example_dags/tutorial.py
[2023-06-09T01:43:12.727+0000] {processor.py:826} INFO - Processing file /home/airflow/.local/lib/python3.7/site-packages/airflow/example_dags/tutorial.py for tasks to queue
[2023-06-09T01:43:12.728+0000] {logging_mixin.py:149} INFO - [2023-06-09T01:43:12.728+0000] {dagbag.py:541} INFO - Filling up the DagBag from /home/airflow/.local/lib/python3.7/site-packages/airflow/example_dags/tutorial.py
[2023-06-09T01:43:12.733+0000] {processor.py:836} INFO - DAG(s) dict_keys(['tutorial']) retrieved from /home/airflow/.local/lib/python3.7/site-packages/airflow/example_dags/tutorial.py
[2023-06-09T01:43:12.756+0000] {logging_mixin.py:149} INFO - [2023-06-09T01:43:12.756+0000] {dag.py:2726} INFO - Sync 1 DAGs
[2023-06-09T01:43:12.776+0000] {logging_mixin.py:149} INFO - [2023-06-09T01:43:12.776+0000] {dag.py:3490} INFO - Setting next_dagrun for tutorial to 2023-06-08T01:43:12.775834+00:00, run_after=2023-06-09T01:43:12.775834+00:00
[2023-06-09T01:43:12.792+0000] {processor.py:179} INFO - Processing /home/airflow/.local/lib/python3.7/site-packages/airflow/example_dags/tutorial.py took 0.068 seconds
[2023-06-09T01:43:42.850+0000] {processor.py:157} INFO - Started process (PID=2065) to work on /home/airflow/.local/lib/python3.7/site-packages/airflow/example_dags/tutorial.py
[2023-06-09T01:43:42.851+0000] {processor.py:826} INFO - Processing file /home/airflow/.local/lib/python3.7/site-packages/airflow/example_dags/tutorial.py for tasks to queue
[2023-06-09T01:43:42.852+0000] {logging_mixin.py:149} INFO - [2023-06-09T01:43:42.852+0000] {dagbag.py:541} INFO - Filling up the DagBag from /home/airflow/.local/lib/python3.7/site-packages/airflow/example_dags/tutorial.py
[2023-06-09T01:43:42.857+0000] {processor.py:836} INFO - DAG(s) dict_keys(['tutorial']) retrieved from /home/airflow/.local/lib/python3.7/site-packages/airflow/example_dags/tutorial.py
[2023-06-09T01:43:42.875+0000] {logging_mixin.py:149} INFO - [2023-06-09T01:43:42.875+0000] {dag.py:2726} INFO - Sync 1 DAGs
[2023-06-09T01:43:42.893+0000] {logging_mixin.py:149} INFO - [2023-06-09T01:43:42.893+0000] {dag.py:3490} INFO - Setting next_dagrun for tutorial to 2023-06-08T01:43:42.892845+00:00, run_after=2023-06-09T01:43:42.892845+00:00
[2023-06-09T01:43:42.905+0000] {processor.py:179} INFO - Processing /home/airflow/.local/lib/python3.7/site-packages/airflow/example_dags/tutorial.py took 0.058 seconds
[2023-06-09T01:44:13.098+0000] {processor.py:157} INFO - Started process (PID=2121) to work on /home/airflow/.local/lib/python3.7/site-packages/airflow/example_dags/tutorial.py
[2023-06-09T01:44:13.099+0000] {processor.py:826} INFO - Processing file /home/airflow/.local/lib/python3.7/site-packages/airflow/example_dags/tutorial.py for tasks to queue
[2023-06-09T01:44:13.100+0000] {logging_mixin.py:149} INFO - [2023-06-09T01:44:13.100+0000] {dagbag.py:541} INFO - Filling up the DagBag from /home/airflow/.local/lib/python3.7/site-packages/airflow/example_dags/tutorial.py
[2023-06-09T01:44:13.106+0000] {processor.py:836} INFO - DAG(s) dict_keys(['tutorial']) retrieved from /home/airflow/.local/lib/python3.7/site-packages/airflow/example_dags/tutorial.py
[2023-06-09T01:44:13.129+0000] {logging_mixin.py:149} INFO - [2023-06-09T01:44:13.129+0000] {dag.py:2726} INFO - Sync 1 DAGs
[2023-06-09T01:44:13.147+0000] {logging_mixin.py:149} INFO - [2023-06-09T01:44:13.147+0000] {dag.py:3490} INFO - Setting next_dagrun for tutorial to 2023-06-08T01:44:13.147353+00:00, run_after=2023-06-09T01:44:13.147353+00:00
[2023-06-09T01:44:13.161+0000] {processor.py:179} INFO - Processing /home/airflow/.local/lib/python3.7/site-packages/airflow/example_dags/tutorial.py took 0.066 seconds
[2023-06-09T01:44:43.452+0000] {processor.py:157} INFO - Started process (PID=2178) to work on /home/airflow/.local/lib/python3.7/site-packages/airflow/example_dags/tutorial.py
[2023-06-09T01:44:43.455+0000] {processor.py:826} INFO - Processing file /home/airflow/.local/lib/python3.7/site-packages/airflow/example_dags/tutorial.py for tasks to queue
[2023-06-09T01:44:43.457+0000] {logging_mixin.py:149} INFO - [2023-06-09T01:44:43.457+0000] {dagbag.py:541} INFO - Filling up the DagBag from /home/airflow/.local/lib/python3.7/site-packages/airflow/example_dags/tutorial.py
[2023-06-09T01:44:43.464+0000] {processor.py:836} INFO - DAG(s) dict_keys(['tutorial']) retrieved from /home/airflow/.local/lib/python3.7/site-packages/airflow/example_dags/tutorial.py
[2023-06-09T01:44:43.487+0000] {logging_mixin.py:149} INFO - [2023-06-09T01:44:43.486+0000] {dag.py:2726} INFO - Sync 1 DAGs
[2023-06-09T01:44:43.508+0000] {logging_mixin.py:149} INFO - [2023-06-09T01:44:43.508+0000] {dag.py:3490} INFO - Setting next_dagrun for tutorial to 2023-06-08T01:44:43.508072+00:00, run_after=2023-06-09T01:44:43.508072+00:00
[2023-06-09T01:44:43.529+0000] {processor.py:179} INFO - Processing /home/airflow/.local/lib/python3.7/site-packages/airflow/example_dags/tutorial.py took 0.080 seconds
[2023-06-09T01:45:13.764+0000] {processor.py:157} INFO - Started process (PID=2234) to work on /home/airflow/.local/lib/python3.7/site-packages/airflow/example_dags/tutorial.py
[2023-06-09T01:45:13.766+0000] {processor.py:826} INFO - Processing file /home/airflow/.local/lib/python3.7/site-packages/airflow/example_dags/tutorial.py for tasks to queue
[2023-06-09T01:45:13.768+0000] {logging_mixin.py:149} INFO - [2023-06-09T01:45:13.768+0000] {dagbag.py:541} INFO - Filling up the DagBag from /home/airflow/.local/lib/python3.7/site-packages/airflow/example_dags/tutorial.py
[2023-06-09T01:45:13.774+0000] {processor.py:836} INFO - DAG(s) dict_keys(['tutorial']) retrieved from /home/airflow/.local/lib/python3.7/site-packages/airflow/example_dags/tutorial.py
[2023-06-09T01:45:13.802+0000] {logging_mixin.py:149} INFO - [2023-06-09T01:45:13.802+0000] {dag.py:2726} INFO - Sync 1 DAGs
[2023-06-09T01:45:13.823+0000] {logging_mixin.py:149} INFO - [2023-06-09T01:45:13.823+0000] {dag.py:3490} INFO - Setting next_dagrun for tutorial to 2023-06-08T01:45:13.822840+00:00, run_after=2023-06-09T01:45:13.822840+00:00
[2023-06-09T01:45:13.833+0000] {processor.py:179} INFO - Processing /home/airflow/.local/lib/python3.7/site-packages/airflow/example_dags/tutorial.py took 0.071 seconds
[2023-06-09T01:45:43.901+0000] {processor.py:157} INFO - Started process (PID=2291) to work on /home/airflow/.local/lib/python3.7/site-packages/airflow/example_dags/tutorial.py
[2023-06-09T01:45:43.903+0000] {processor.py:826} INFO - Processing file /home/airflow/.local/lib/python3.7/site-packages/airflow/example_dags/tutorial.py for tasks to queue
[2023-06-09T01:45:43.904+0000] {logging_mixin.py:149} INFO - [2023-06-09T01:45:43.904+0000] {dagbag.py:541} INFO - Filling up the DagBag from /home/airflow/.local/lib/python3.7/site-packages/airflow/example_dags/tutorial.py
[2023-06-09T01:45:43.909+0000] {processor.py:836} INFO - DAG(s) dict_keys(['tutorial']) retrieved from /home/airflow/.local/lib/python3.7/site-packages/airflow/example_dags/tutorial.py
[2023-06-09T01:45:43.928+0000] {logging_mixin.py:149} INFO - [2023-06-09T01:45:43.928+0000] {dag.py:2726} INFO - Sync 1 DAGs
[2023-06-09T01:45:43.943+0000] {logging_mixin.py:149} INFO - [2023-06-09T01:45:43.943+0000] {dag.py:3490} INFO - Setting next_dagrun for tutorial to 2023-06-08T01:45:43.943336+00:00, run_after=2023-06-09T01:45:43.943336+00:00
[2023-06-09T01:45:43.955+0000] {processor.py:179} INFO - Processing /home/airflow/.local/lib/python3.7/site-packages/airflow/example_dags/tutorial.py took 0.059 seconds
[2023-06-09T01:46:14.595+0000] {processor.py:157} INFO - Started process (PID=2347) to work on /home/airflow/.local/lib/python3.7/site-packages/airflow/example_dags/tutorial.py
[2023-06-09T01:46:14.602+0000] {processor.py:826} INFO - Processing file /home/airflow/.local/lib/python3.7/site-packages/airflow/example_dags/tutorial.py for tasks to queue
[2023-06-09T01:46:14.604+0000] {logging_mixin.py:149} INFO - [2023-06-09T01:46:14.604+0000] {dagbag.py:541} INFO - Filling up the DagBag from /home/airflow/.local/lib/python3.7/site-packages/airflow/example_dags/tutorial.py
[2023-06-09T01:46:14.615+0000] {processor.py:836} INFO - DAG(s) dict_keys(['tutorial']) retrieved from /home/airflow/.local/lib/python3.7/site-packages/airflow/example_dags/tutorial.py
[2023-06-09T01:46:14.657+0000] {logging_mixin.py:149} INFO - [2023-06-09T01:46:14.657+0000] {dag.py:2726} INFO - Sync 1 DAGs
[2023-06-09T01:46:14.682+0000] {logging_mixin.py:149} INFO - [2023-06-09T01:46:14.682+0000] {dag.py:3490} INFO - Setting next_dagrun for tutorial to 2023-06-08T01:46:14.681759+00:00, run_after=2023-06-09T01:46:14.681759+00:00
[2023-06-09T01:46:14.703+0000] {processor.py:179} INFO - Processing /home/airflow/.local/lib/python3.7/site-packages/airflow/example_dags/tutorial.py took 0.119 seconds
[2023-06-09T01:46:44.816+0000] {processor.py:157} INFO - Started process (PID=2404) to work on /home/airflow/.local/lib/python3.7/site-packages/airflow/example_dags/tutorial.py
[2023-06-09T01:46:44.817+0000] {processor.py:826} INFO - Processing file /home/airflow/.local/lib/python3.7/site-packages/airflow/example_dags/tutorial.py for tasks to queue
[2023-06-09T01:46:44.818+0000] {logging_mixin.py:149} INFO - [2023-06-09T01:46:44.818+0000] {dagbag.py:541} INFO - Filling up the DagBag from /home/airflow/.local/lib/python3.7/site-packages/airflow/example_dags/tutorial.py
[2023-06-09T01:46:44.823+0000] {processor.py:836} INFO - DAG(s) dict_keys(['tutorial']) retrieved from /home/airflow/.local/lib/python3.7/site-packages/airflow/example_dags/tutorial.py
[2023-06-09T01:46:44.844+0000] {logging_mixin.py:149} INFO - [2023-06-09T01:46:44.844+0000] {dag.py:2726} INFO - Sync 1 DAGs
[2023-06-09T01:46:44.861+0000] {logging_mixin.py:149} INFO - [2023-06-09T01:46:44.861+0000] {dag.py:3490} INFO - Setting next_dagrun for tutorial to 2023-06-08T01:46:44.860747+00:00, run_after=2023-06-09T01:46:44.860747+00:00
[2023-06-09T01:46:44.873+0000] {processor.py:179} INFO - Processing /home/airflow/.local/lib/python3.7/site-packages/airflow/example_dags/tutorial.py took 0.060 seconds
[2023-06-09T01:47:15.686+0000] {processor.py:157} INFO - Started process (PID=2459) to work on /home/airflow/.local/lib/python3.7/site-packages/airflow/example_dags/tutorial.py
[2023-06-09T01:47:15.688+0000] {processor.py:826} INFO - Processing file /home/airflow/.local/lib/python3.7/site-packages/airflow/example_dags/tutorial.py for tasks to queue
[2023-06-09T01:47:15.689+0000] {logging_mixin.py:149} INFO - [2023-06-09T01:47:15.689+0000] {dagbag.py:541} INFO - Filling up the DagBag from /home/airflow/.local/lib/python3.7/site-packages/airflow/example_dags/tutorial.py
[2023-06-09T01:47:15.695+0000] {processor.py:836} INFO - DAG(s) dict_keys(['tutorial']) retrieved from /home/airflow/.local/lib/python3.7/site-packages/airflow/example_dags/tutorial.py
[2023-06-09T01:47:15.716+0000] {logging_mixin.py:149} INFO - [2023-06-09T01:47:15.715+0000] {dag.py:2726} INFO - Sync 1 DAGs
[2023-06-09T01:47:15.732+0000] {logging_mixin.py:149} INFO - [2023-06-09T01:47:15.732+0000] {dag.py:3490} INFO - Setting next_dagrun for tutorial to 2023-06-08T01:47:15.732443+00:00, run_after=2023-06-09T01:47:15.732443+00:00
[2023-06-09T01:47:15.744+0000] {processor.py:179} INFO - Processing /home/airflow/.local/lib/python3.7/site-packages/airflow/example_dags/tutorial.py took 0.061 seconds
[2023-06-09T01:47:46.292+0000] {processor.py:157} INFO - Started process (PID=2515) to work on /home/airflow/.local/lib/python3.7/site-packages/airflow/example_dags/tutorial.py
[2023-06-09T01:47:46.293+0000] {processor.py:826} INFO - Processing file /home/airflow/.local/lib/python3.7/site-packages/airflow/example_dags/tutorial.py for tasks to queue
[2023-06-09T01:47:46.294+0000] {logging_mixin.py:149} INFO - [2023-06-09T01:47:46.294+0000] {dagbag.py:541} INFO - Filling up the DagBag from /home/airflow/.local/lib/python3.7/site-packages/airflow/example_dags/tutorial.py
[2023-06-09T01:47:46.300+0000] {processor.py:836} INFO - DAG(s) dict_keys(['tutorial']) retrieved from /home/airflow/.local/lib/python3.7/site-packages/airflow/example_dags/tutorial.py
[2023-06-09T01:47:46.320+0000] {logging_mixin.py:149} INFO - [2023-06-09T01:47:46.319+0000] {dag.py:2726} INFO - Sync 1 DAGs
[2023-06-09T01:47:46.336+0000] {logging_mixin.py:149} INFO - [2023-06-09T01:47:46.336+0000] {dag.py:3490} INFO - Setting next_dagrun for tutorial to 2023-06-08T01:47:46.336214+00:00, run_after=2023-06-09T01:47:46.336214+00:00
[2023-06-09T01:47:46.347+0000] {processor.py:179} INFO - Processing /home/airflow/.local/lib/python3.7/site-packages/airflow/example_dags/tutorial.py took 0.058 seconds
[2023-06-09T01:48:16.963+0000] {processor.py:157} INFO - Started process (PID=2572) to work on /home/airflow/.local/lib/python3.7/site-packages/airflow/example_dags/tutorial.py
[2023-06-09T01:48:16.965+0000] {processor.py:826} INFO - Processing file /home/airflow/.local/lib/python3.7/site-packages/airflow/example_dags/tutorial.py for tasks to queue
[2023-06-09T01:48:16.965+0000] {logging_mixin.py:149} INFO - [2023-06-09T01:48:16.965+0000] {dagbag.py:541} INFO - Filling up the DagBag from /home/airflow/.local/lib/python3.7/site-packages/airflow/example_dags/tutorial.py
[2023-06-09T01:48:16.971+0000] {processor.py:836} INFO - DAG(s) dict_keys(['tutorial']) retrieved from /home/airflow/.local/lib/python3.7/site-packages/airflow/example_dags/tutorial.py
[2023-06-09T01:48:16.991+0000] {logging_mixin.py:149} INFO - [2023-06-09T01:48:16.991+0000] {dag.py:2726} INFO - Sync 1 DAGs
[2023-06-09T01:48:17.007+0000] {logging_mixin.py:149} INFO - [2023-06-09T01:48:17.007+0000] {dag.py:3490} INFO - Setting next_dagrun for tutorial to 2023-06-08T01:48:17.007111+00:00, run_after=2023-06-09T01:48:17.007111+00:00
[2023-06-09T01:48:17.019+0000] {processor.py:179} INFO - Processing /home/airflow/.local/lib/python3.7/site-packages/airflow/example_dags/tutorial.py took 0.059 seconds
[2023-06-09T01:48:47.193+0000] {processor.py:157} INFO - Started process (PID=2628) to work on /home/airflow/.local/lib/python3.7/site-packages/airflow/example_dags/tutorial.py
[2023-06-09T01:48:47.195+0000] {processor.py:826} INFO - Processing file /home/airflow/.local/lib/python3.7/site-packages/airflow/example_dags/tutorial.py for tasks to queue
[2023-06-09T01:48:47.196+0000] {logging_mixin.py:149} INFO - [2023-06-09T01:48:47.196+0000] {dagbag.py:541} INFO - Filling up the DagBag from /home/airflow/.local/lib/python3.7/site-packages/airflow/example_dags/tutorial.py
[2023-06-09T01:48:47.202+0000] {processor.py:836} INFO - DAG(s) dict_keys(['tutorial']) retrieved from /home/airflow/.local/lib/python3.7/site-packages/airflow/example_dags/tutorial.py
[2023-06-09T01:48:47.226+0000] {logging_mixin.py:149} INFO - [2023-06-09T01:48:47.226+0000] {dag.py:2726} INFO - Sync 1 DAGs
[2023-06-09T01:48:47.244+0000] {logging_mixin.py:149} INFO - [2023-06-09T01:48:47.244+0000] {dag.py:3490} INFO - Setting next_dagrun for tutorial to 2023-06-08T01:48:47.243800+00:00, run_after=2023-06-09T01:48:47.243800+00:00
[2023-06-09T01:48:47.256+0000] {processor.py:179} INFO - Processing /home/airflow/.local/lib/python3.7/site-packages/airflow/example_dags/tutorial.py took 0.065 seconds
[2023-06-09T01:49:17.471+0000] {processor.py:157} INFO - Started process (PID=2684) to work on /home/airflow/.local/lib/python3.7/site-packages/airflow/example_dags/tutorial.py
[2023-06-09T01:49:17.473+0000] {processor.py:826} INFO - Processing file /home/airflow/.local/lib/python3.7/site-packages/airflow/example_dags/tutorial.py for tasks to queue
[2023-06-09T01:49:17.474+0000] {logging_mixin.py:149} INFO - [2023-06-09T01:49:17.474+0000] {dagbag.py:541} INFO - Filling up the DagBag from /home/airflow/.local/lib/python3.7/site-packages/airflow/example_dags/tutorial.py
[2023-06-09T01:49:17.480+0000] {processor.py:836} INFO - DAG(s) dict_keys(['tutorial']) retrieved from /home/airflow/.local/lib/python3.7/site-packages/airflow/example_dags/tutorial.py
[2023-06-09T01:49:17.503+0000] {logging_mixin.py:149} INFO - [2023-06-09T01:49:17.503+0000] {dag.py:2726} INFO - Sync 1 DAGs
[2023-06-09T01:49:17.523+0000] {logging_mixin.py:149} INFO - [2023-06-09T01:49:17.522+0000] {dag.py:3490} INFO - Setting next_dagrun for tutorial to 2023-06-08T01:49:17.522556+00:00, run_after=2023-06-09T01:49:17.522556+00:00
[2023-06-09T01:49:17.539+0000] {processor.py:179} INFO - Processing /home/airflow/.local/lib/python3.7/site-packages/airflow/example_dags/tutorial.py took 0.072 seconds
[2023-06-09T01:49:47.705+0000] {processor.py:157} INFO - Started process (PID=2739) to work on /home/airflow/.local/lib/python3.7/site-packages/airflow/example_dags/tutorial.py
[2023-06-09T01:49:47.706+0000] {processor.py:826} INFO - Processing file /home/airflow/.local/lib/python3.7/site-packages/airflow/example_dags/tutorial.py for tasks to queue
[2023-06-09T01:49:47.707+0000] {logging_mixin.py:149} INFO - [2023-06-09T01:49:47.707+0000] {dagbag.py:541} INFO - Filling up the DagBag from /home/airflow/.local/lib/python3.7/site-packages/airflow/example_dags/tutorial.py
[2023-06-09T01:49:47.712+0000] {processor.py:836} INFO - DAG(s) dict_keys(['tutorial']) retrieved from /home/airflow/.local/lib/python3.7/site-packages/airflow/example_dags/tutorial.py
[2023-06-09T01:49:47.735+0000] {logging_mixin.py:149} INFO - [2023-06-09T01:49:47.735+0000] {dag.py:2726} INFO - Sync 1 DAGs
[2023-06-09T01:49:47.753+0000] {logging_mixin.py:149} INFO - [2023-06-09T01:49:47.752+0000] {dag.py:3490} INFO - Setting next_dagrun for tutorial to 2023-06-08T01:49:47.752628+00:00, run_after=2023-06-09T01:49:47.752628+00:00
[2023-06-09T01:49:47.765+0000] {processor.py:179} INFO - Processing /home/airflow/.local/lib/python3.7/site-packages/airflow/example_dags/tutorial.py took 0.064 seconds
[2023-06-09T01:50:18.471+0000] {processor.py:157} INFO - Started process (PID=2795) to work on /home/airflow/.local/lib/python3.7/site-packages/airflow/example_dags/tutorial.py
[2023-06-09T01:50:18.472+0000] {processor.py:826} INFO - Processing file /home/airflow/.local/lib/python3.7/site-packages/airflow/example_dags/tutorial.py for tasks to queue
[2023-06-09T01:50:18.473+0000] {logging_mixin.py:149} INFO - [2023-06-09T01:50:18.473+0000] {dagbag.py:541} INFO - Filling up the DagBag from /home/airflow/.local/lib/python3.7/site-packages/airflow/example_dags/tutorial.py
[2023-06-09T01:50:18.479+0000] {processor.py:836} INFO - DAG(s) dict_keys(['tutorial']) retrieved from /home/airflow/.local/lib/python3.7/site-packages/airflow/example_dags/tutorial.py
[2023-06-09T01:50:18.500+0000] {logging_mixin.py:149} INFO - [2023-06-09T01:50:18.500+0000] {dag.py:2726} INFO - Sync 1 DAGs
[2023-06-09T01:50:18.517+0000] {logging_mixin.py:149} INFO - [2023-06-09T01:50:18.517+0000] {dag.py:3490} INFO - Setting next_dagrun for tutorial to 2023-06-08T01:50:18.517577+00:00, run_after=2023-06-09T01:50:18.517577+00:00
[2023-06-09T01:50:18.529+0000] {processor.py:179} INFO - Processing /home/airflow/.local/lib/python3.7/site-packages/airflow/example_dags/tutorial.py took 0.062 seconds
[2023-06-09T01:50:48.774+0000] {processor.py:157} INFO - Started process (PID=2851) to work on /home/airflow/.local/lib/python3.7/site-packages/airflow/example_dags/tutorial.py
[2023-06-09T01:50:48.776+0000] {processor.py:826} INFO - Processing file /home/airflow/.local/lib/python3.7/site-packages/airflow/example_dags/tutorial.py for tasks to queue
[2023-06-09T01:50:48.777+0000] {logging_mixin.py:149} INFO - [2023-06-09T01:50:48.777+0000] {dagbag.py:541} INFO - Filling up the DagBag from /home/airflow/.local/lib/python3.7/site-packages/airflow/example_dags/tutorial.py
[2023-06-09T01:50:48.784+0000] {processor.py:836} INFO - DAG(s) dict_keys(['tutorial']) retrieved from /home/airflow/.local/lib/python3.7/site-packages/airflow/example_dags/tutorial.py
[2023-06-09T01:50:48.810+0000] {logging_mixin.py:149} INFO - [2023-06-09T01:50:48.810+0000] {dag.py:2726} INFO - Sync 1 DAGs
[2023-06-09T01:50:48.827+0000] {logging_mixin.py:149} INFO - [2023-06-09T01:50:48.827+0000] {dag.py:3490} INFO - Setting next_dagrun for tutorial to 2023-06-08T01:50:48.827028+00:00, run_after=2023-06-09T01:50:48.827028+00:00
[2023-06-09T01:50:48.839+0000] {processor.py:179} INFO - Processing /home/airflow/.local/lib/python3.7/site-packages/airflow/example_dags/tutorial.py took 0.067 seconds
[2023-06-09T01:51:19.119+0000] {processor.py:157} INFO - Started process (PID=2907) to work on /home/airflow/.local/lib/python3.7/site-packages/airflow/example_dags/tutorial.py
[2023-06-09T01:51:19.120+0000] {processor.py:826} INFO - Processing file /home/airflow/.local/lib/python3.7/site-packages/airflow/example_dags/tutorial.py for tasks to queue
[2023-06-09T01:51:19.121+0000] {logging_mixin.py:149} INFO - [2023-06-09T01:51:19.121+0000] {dagbag.py:541} INFO - Filling up the DagBag from /home/airflow/.local/lib/python3.7/site-packages/airflow/example_dags/tutorial.py
[2023-06-09T01:51:19.126+0000] {processor.py:836} INFO - DAG(s) dict_keys(['tutorial']) retrieved from /home/airflow/.local/lib/python3.7/site-packages/airflow/example_dags/tutorial.py
[2023-06-09T01:51:19.149+0000] {logging_mixin.py:149} INFO - [2023-06-09T01:51:19.149+0000] {dag.py:2726} INFO - Sync 1 DAGs
[2023-06-09T01:51:19.168+0000] {logging_mixin.py:149} INFO - [2023-06-09T01:51:19.168+0000] {dag.py:3490} INFO - Setting next_dagrun for tutorial to 2023-06-08T01:51:19.167931+00:00, run_after=2023-06-09T01:51:19.167931+00:00
[2023-06-09T01:51:19.180+0000] {processor.py:179} INFO - Processing /home/airflow/.local/lib/python3.7/site-packages/airflow/example_dags/tutorial.py took 0.064 seconds
[2023-06-09T01:51:49.516+0000] {processor.py:157} INFO - Started process (PID=2963) to work on /home/airflow/.local/lib/python3.7/site-packages/airflow/example_dags/tutorial.py
[2023-06-09T01:51:49.518+0000] {processor.py:826} INFO - Processing file /home/airflow/.local/lib/python3.7/site-packages/airflow/example_dags/tutorial.py for tasks to queue
[2023-06-09T01:51:49.519+0000] {logging_mixin.py:149} INFO - [2023-06-09T01:51:49.518+0000] {dagbag.py:541} INFO - Filling up the DagBag from /home/airflow/.local/lib/python3.7/site-packages/airflow/example_dags/tutorial.py
[2023-06-09T01:51:49.541+0000] {processor.py:836} INFO - DAG(s) dict_keys(['tutorial']) retrieved from /home/airflow/.local/lib/python3.7/site-packages/airflow/example_dags/tutorial.py
[2023-06-09T01:51:49.574+0000] {logging_mixin.py:149} INFO - [2023-06-09T01:51:49.574+0000] {dag.py:2726} INFO - Sync 1 DAGs
[2023-06-09T01:51:49.594+0000] {logging_mixin.py:149} INFO - [2023-06-09T01:51:49.593+0000] {dag.py:3490} INFO - Setting next_dagrun for tutorial to 2023-06-08T01:51:49.593575+00:00, run_after=2023-06-09T01:51:49.593575+00:00
[2023-06-09T01:51:49.608+0000] {processor.py:179} INFO - Processing /home/airflow/.local/lib/python3.7/site-packages/airflow/example_dags/tutorial.py took 0.096 seconds
[2023-06-09T01:52:20.011+0000] {processor.py:157} INFO - Started process (PID=3019) to work on /home/airflow/.local/lib/python3.7/site-packages/airflow/example_dags/tutorial.py
[2023-06-09T01:52:20.013+0000] {processor.py:826} INFO - Processing file /home/airflow/.local/lib/python3.7/site-packages/airflow/example_dags/tutorial.py for tasks to queue
[2023-06-09T01:52:20.015+0000] {logging_mixin.py:149} INFO - [2023-06-09T01:52:20.015+0000] {dagbag.py:541} INFO - Filling up the DagBag from /home/airflow/.local/lib/python3.7/site-packages/airflow/example_dags/tutorial.py
[2023-06-09T01:52:20.026+0000] {processor.py:836} INFO - DAG(s) dict_keys(['tutorial']) retrieved from /home/airflow/.local/lib/python3.7/site-packages/airflow/example_dags/tutorial.py
[2023-06-09T01:52:20.059+0000] {logging_mixin.py:149} INFO - [2023-06-09T01:52:20.059+0000] {dag.py:2726} INFO - Sync 1 DAGs
[2023-06-09T01:52:20.077+0000] {logging_mixin.py:149} INFO - [2023-06-09T01:52:20.077+0000] {dag.py:3490} INFO - Setting next_dagrun for tutorial to 2023-06-08T01:52:20.077243+00:00, run_after=2023-06-09T01:52:20.077243+00:00
[2023-06-09T01:52:20.090+0000] {processor.py:179} INFO - Processing /home/airflow/.local/lib/python3.7/site-packages/airflow/example_dags/tutorial.py took 0.084 seconds
[2023-06-09T01:52:50.135+0000] {processor.py:157} INFO - Started process (PID=3075) to work on /home/airflow/.local/lib/python3.7/site-packages/airflow/example_dags/tutorial.py
[2023-06-09T01:52:50.136+0000] {processor.py:826} INFO - Processing file /home/airflow/.local/lib/python3.7/site-packages/airflow/example_dags/tutorial.py for tasks to queue
[2023-06-09T01:52:50.137+0000] {logging_mixin.py:149} INFO - [2023-06-09T01:52:50.137+0000] {dagbag.py:541} INFO - Filling up the DagBag from /home/airflow/.local/lib/python3.7/site-packages/airflow/example_dags/tutorial.py
[2023-06-09T01:52:50.142+0000] {processor.py:836} INFO - DAG(s) dict_keys(['tutorial']) retrieved from /home/airflow/.local/lib/python3.7/site-packages/airflow/example_dags/tutorial.py
[2023-06-09T01:52:50.161+0000] {logging_mixin.py:149} INFO - [2023-06-09T01:52:50.160+0000] {dag.py:2726} INFO - Sync 1 DAGs
[2023-06-09T01:52:50.175+0000] {logging_mixin.py:149} INFO - [2023-06-09T01:52:50.175+0000] {dag.py:3490} INFO - Setting next_dagrun for tutorial to 2023-06-08T01:52:50.175312+00:00, run_after=2023-06-09T01:52:50.175312+00:00
[2023-06-09T01:52:50.185+0000] {processor.py:179} INFO - Processing /home/airflow/.local/lib/python3.7/site-packages/airflow/example_dags/tutorial.py took 0.053 seconds
[2023-06-09T01:53:50.302+0000] {processor.py:157} INFO - Started process (PID=48) to work on /home/airflow/.local/lib/python3.7/site-packages/airflow/example_dags/tutorial.py
[2023-06-09T01:53:50.304+0000] {processor.py:826} INFO - Processing file /home/airflow/.local/lib/python3.7/site-packages/airflow/example_dags/tutorial.py for tasks to queue
[2023-06-09T01:53:50.305+0000] {logging_mixin.py:149} INFO - [2023-06-09T01:53:50.305+0000] {dagbag.py:541} INFO - Filling up the DagBag from /home/airflow/.local/lib/python3.7/site-packages/airflow/example_dags/tutorial.py
[2023-06-09T01:53:50.312+0000] {processor.py:836} INFO - DAG(s) dict_keys(['tutorial']) retrieved from /home/airflow/.local/lib/python3.7/site-packages/airflow/example_dags/tutorial.py
[2023-06-09T01:53:50.326+0000] {logging_mixin.py:149} INFO - [2023-06-09T01:53:50.325+0000] {dag.py:2726} INFO - Sync 1 DAGs
[2023-06-09T01:53:50.349+0000] {logging_mixin.py:149} INFO - [2023-06-09T01:53:50.349+0000] {dag.py:3490} INFO - Setting next_dagrun for tutorial to 2023-06-08T01:53:50.349058+00:00, run_after=2023-06-09T01:53:50.349058+00:00
[2023-06-09T01:53:50.374+0000] {processor.py:179} INFO - Processing /home/airflow/.local/lib/python3.7/site-packages/airflow/example_dags/tutorial.py took 0.075 seconds
