[2023-06-09T01:25:06.413+0000] {processor.py:157} INFO - Started process (PID=34) to work on /home/airflow/.local/lib/python3.7/site-packages/airflow/example_dags/tutorial_dag.py
[2023-06-09T01:25:06.420+0000] {processor.py:826} INFO - Processing file /home/airflow/.local/lib/python3.7/site-packages/airflow/example_dags/tutorial_dag.py for tasks to queue
[2023-06-09T01:25:06.421+0000] {logging_mixin.py:149} INFO - [2023-06-09T01:25:06.421+0000] {dagbag.py:541} INFO - Filling up the DagBag from /home/airflow/.local/lib/python3.7/site-packages/airflow/example_dags/tutorial_dag.py
[2023-06-09T01:25:06.441+0000] {processor.py:836} INFO - DAG(s) dict_keys(['tutorial_dag']) retrieved from /home/airflow/.local/lib/python3.7/site-packages/airflow/example_dags/tutorial_dag.py
[2023-06-09T01:25:07.262+0000] {logging_mixin.py:149} INFO - [2023-06-09T01:25:07.261+0000] {manager.py:504} INFO - Created Permission View: can delete on DAG:tutorial_dag
[2023-06-09T01:25:07.398+0000] {logging_mixin.py:149} INFO - [2023-06-09T01:25:07.398+0000] {manager.py:504} INFO - Created Permission View: can edit on DAG:tutorial_dag
[2023-06-09T01:25:07.458+0000] {logging_mixin.py:149} INFO - [2023-06-09T01:25:07.458+0000] {manager.py:504} INFO - Created Permission View: can read on DAG:tutorial_dag
[2023-06-09T01:25:07.474+0000] {logging_mixin.py:149} INFO - [2023-06-09T01:25:07.473+0000] {dag.py:2726} INFO - Sync 1 DAGs
[2023-06-09T01:25:07.587+0000] {logging_mixin.py:149} INFO - [2023-06-09T01:25:07.586+0000] {dag.py:2747} INFO - Creating ORM DAG for tutorial_dag
[2023-06-09T01:25:07.620+0000] {logging_mixin.py:149} INFO - [2023-06-09T01:25:07.620+0000] {dag.py:3490} INFO - Setting next_dagrun for tutorial_dag to None, run_after=None
[2023-06-09T01:25:07.694+0000] {processor.py:179} INFO - Processing /home/airflow/.local/lib/python3.7/site-packages/airflow/example_dags/tutorial_dag.py took 1.308 seconds
[2023-06-09T01:25:42.224+0000] {processor.py:157} INFO - Started process (PID=89) to work on /home/airflow/.local/lib/python3.7/site-packages/airflow/example_dags/tutorial_dag.py
[2023-06-09T01:25:42.241+0000] {processor.py:826} INFO - Processing file /home/airflow/.local/lib/python3.7/site-packages/airflow/example_dags/tutorial_dag.py for tasks to queue
[2023-06-09T01:25:42.264+0000] {logging_mixin.py:149} INFO - [2023-06-09T01:25:42.264+0000] {dagbag.py:541} INFO - Filling up the DagBag from /home/airflow/.local/lib/python3.7/site-packages/airflow/example_dags/tutorial_dag.py
[2023-06-09T01:25:42.294+0000] {processor.py:836} INFO - DAG(s) dict_keys(['tutorial_dag']) retrieved from /home/airflow/.local/lib/python3.7/site-packages/airflow/example_dags/tutorial_dag.py
[2023-06-09T01:25:42.427+0000] {logging_mixin.py:149} INFO - [2023-06-09T01:25:42.427+0000] {dag.py:2726} INFO - Sync 1 DAGs
[2023-06-09T01:25:42.511+0000] {logging_mixin.py:149} INFO - [2023-06-09T01:25:42.510+0000] {dag.py:3490} INFO - Setting next_dagrun for tutorial_dag to None, run_after=None
[2023-06-09T01:25:42.681+0000] {processor.py:179} INFO - Processing /home/airflow/.local/lib/python3.7/site-packages/airflow/example_dags/tutorial_dag.py took 0.462 seconds
[2023-06-09T01:26:12.846+0000] {processor.py:157} INFO - Started process (PID=145) to work on /home/airflow/.local/lib/python3.7/site-packages/airflow/example_dags/tutorial_dag.py
[2023-06-09T01:26:12.848+0000] {processor.py:826} INFO - Processing file /home/airflow/.local/lib/python3.7/site-packages/airflow/example_dags/tutorial_dag.py for tasks to queue
[2023-06-09T01:26:12.848+0000] {logging_mixin.py:149} INFO - [2023-06-09T01:26:12.848+0000] {dagbag.py:541} INFO - Filling up the DagBag from /home/airflow/.local/lib/python3.7/site-packages/airflow/example_dags/tutorial_dag.py
[2023-06-09T01:26:12.852+0000] {processor.py:836} INFO - DAG(s) dict_keys(['tutorial_dag']) retrieved from /home/airflow/.local/lib/python3.7/site-packages/airflow/example_dags/tutorial_dag.py
[2023-06-09T01:26:12.872+0000] {logging_mixin.py:149} INFO - [2023-06-09T01:26:12.872+0000] {dag.py:2726} INFO - Sync 1 DAGs
[2023-06-09T01:26:12.887+0000] {logging_mixin.py:149} INFO - [2023-06-09T01:26:12.887+0000] {dag.py:3490} INFO - Setting next_dagrun for tutorial_dag to None, run_after=None
[2023-06-09T01:26:12.898+0000] {processor.py:179} INFO - Processing /home/airflow/.local/lib/python3.7/site-packages/airflow/example_dags/tutorial_dag.py took 0.055 seconds
[2023-06-09T01:26:43.629+0000] {processor.py:157} INFO - Started process (PID=196) to work on /home/airflow/.local/lib/python3.7/site-packages/airflow/example_dags/tutorial_dag.py
[2023-06-09T01:26:43.631+0000] {processor.py:826} INFO - Processing file /home/airflow/.local/lib/python3.7/site-packages/airflow/example_dags/tutorial_dag.py for tasks to queue
[2023-06-09T01:26:43.632+0000] {logging_mixin.py:149} INFO - [2023-06-09T01:26:43.632+0000] {dagbag.py:541} INFO - Filling up the DagBag from /home/airflow/.local/lib/python3.7/site-packages/airflow/example_dags/tutorial_dag.py
[2023-06-09T01:26:43.638+0000] {processor.py:836} INFO - DAG(s) dict_keys(['tutorial_dag']) retrieved from /home/airflow/.local/lib/python3.7/site-packages/airflow/example_dags/tutorial_dag.py
[2023-06-09T01:26:43.663+0000] {logging_mixin.py:149} INFO - [2023-06-09T01:26:43.663+0000] {dag.py:2726} INFO - Sync 1 DAGs
[2023-06-09T01:26:43.680+0000] {logging_mixin.py:149} INFO - [2023-06-09T01:26:43.679+0000] {dag.py:3490} INFO - Setting next_dagrun for tutorial_dag to None, run_after=None
[2023-06-09T01:26:43.692+0000] {processor.py:179} INFO - Processing /home/airflow/.local/lib/python3.7/site-packages/airflow/example_dags/tutorial_dag.py took 0.067 seconds
[2023-06-09T01:27:13.953+0000] {processor.py:157} INFO - Started process (PID=252) to work on /home/airflow/.local/lib/python3.7/site-packages/airflow/example_dags/tutorial_dag.py
[2023-06-09T01:27:13.955+0000] {processor.py:826} INFO - Processing file /home/airflow/.local/lib/python3.7/site-packages/airflow/example_dags/tutorial_dag.py for tasks to queue
[2023-06-09T01:27:13.957+0000] {logging_mixin.py:149} INFO - [2023-06-09T01:27:13.957+0000] {dagbag.py:541} INFO - Filling up the DagBag from /home/airflow/.local/lib/python3.7/site-packages/airflow/example_dags/tutorial_dag.py
[2023-06-09T01:27:13.967+0000] {processor.py:836} INFO - DAG(s) dict_keys(['tutorial_dag']) retrieved from /home/airflow/.local/lib/python3.7/site-packages/airflow/example_dags/tutorial_dag.py
[2023-06-09T01:27:14.009+0000] {logging_mixin.py:149} INFO - [2023-06-09T01:27:14.009+0000] {dag.py:2726} INFO - Sync 1 DAGs
[2023-06-09T01:27:14.038+0000] {logging_mixin.py:149} INFO - [2023-06-09T01:27:14.038+0000] {dag.py:3490} INFO - Setting next_dagrun for tutorial_dag to None, run_after=None
[2023-06-09T01:27:14.062+0000] {processor.py:179} INFO - Processing /home/airflow/.local/lib/python3.7/site-packages/airflow/example_dags/tutorial_dag.py took 0.115 seconds
[2023-06-09T01:27:44.494+0000] {processor.py:157} INFO - Started process (PID=308) to work on /home/airflow/.local/lib/python3.7/site-packages/airflow/example_dags/tutorial_dag.py
[2023-06-09T01:27:44.496+0000] {processor.py:826} INFO - Processing file /home/airflow/.local/lib/python3.7/site-packages/airflow/example_dags/tutorial_dag.py for tasks to queue
[2023-06-09T01:27:44.497+0000] {logging_mixin.py:149} INFO - [2023-06-09T01:27:44.497+0000] {dagbag.py:541} INFO - Filling up the DagBag from /home/airflow/.local/lib/python3.7/site-packages/airflow/example_dags/tutorial_dag.py
[2023-06-09T01:27:44.508+0000] {processor.py:836} INFO - DAG(s) dict_keys(['tutorial_dag']) retrieved from /home/airflow/.local/lib/python3.7/site-packages/airflow/example_dags/tutorial_dag.py
[2023-06-09T01:27:44.568+0000] {logging_mixin.py:149} INFO - [2023-06-09T01:27:44.568+0000] {dag.py:2726} INFO - Sync 1 DAGs
[2023-06-09T01:27:44.596+0000] {logging_mixin.py:149} INFO - [2023-06-09T01:27:44.596+0000] {dag.py:3490} INFO - Setting next_dagrun for tutorial_dag to None, run_after=None
[2023-06-09T01:27:44.613+0000] {processor.py:179} INFO - Processing /home/airflow/.local/lib/python3.7/site-packages/airflow/example_dags/tutorial_dag.py took 0.127 seconds
[2023-06-09T01:28:14.915+0000] {processor.py:157} INFO - Started process (PID=364) to work on /home/airflow/.local/lib/python3.7/site-packages/airflow/example_dags/tutorial_dag.py
[2023-06-09T01:28:14.917+0000] {processor.py:826} INFO - Processing file /home/airflow/.local/lib/python3.7/site-packages/airflow/example_dags/tutorial_dag.py for tasks to queue
[2023-06-09T01:28:14.919+0000] {logging_mixin.py:149} INFO - [2023-06-09T01:28:14.919+0000] {dagbag.py:541} INFO - Filling up the DagBag from /home/airflow/.local/lib/python3.7/site-packages/airflow/example_dags/tutorial_dag.py
[2023-06-09T01:28:14.925+0000] {processor.py:836} INFO - DAG(s) dict_keys(['tutorial_dag']) retrieved from /home/airflow/.local/lib/python3.7/site-packages/airflow/example_dags/tutorial_dag.py
[2023-06-09T01:28:14.953+0000] {logging_mixin.py:149} INFO - [2023-06-09T01:28:14.953+0000] {dag.py:2726} INFO - Sync 1 DAGs
[2023-06-09T01:28:14.971+0000] {logging_mixin.py:149} INFO - [2023-06-09T01:28:14.971+0000] {dag.py:3490} INFO - Setting next_dagrun for tutorial_dag to None, run_after=None
[2023-06-09T01:28:14.984+0000] {processor.py:179} INFO - Processing /home/airflow/.local/lib/python3.7/site-packages/airflow/example_dags/tutorial_dag.py took 0.074 seconds
[2023-06-09T01:28:45.157+0000] {processor.py:157} INFO - Started process (PID=420) to work on /home/airflow/.local/lib/python3.7/site-packages/airflow/example_dags/tutorial_dag.py
[2023-06-09T01:28:45.159+0000] {processor.py:826} INFO - Processing file /home/airflow/.local/lib/python3.7/site-packages/airflow/example_dags/tutorial_dag.py for tasks to queue
[2023-06-09T01:28:45.160+0000] {logging_mixin.py:149} INFO - [2023-06-09T01:28:45.160+0000] {dagbag.py:541} INFO - Filling up the DagBag from /home/airflow/.local/lib/python3.7/site-packages/airflow/example_dags/tutorial_dag.py
[2023-06-09T01:28:45.168+0000] {processor.py:836} INFO - DAG(s) dict_keys(['tutorial_dag']) retrieved from /home/airflow/.local/lib/python3.7/site-packages/airflow/example_dags/tutorial_dag.py
[2023-06-09T01:28:45.221+0000] {logging_mixin.py:149} INFO - [2023-06-09T01:28:45.220+0000] {dag.py:2726} INFO - Sync 1 DAGs
[2023-06-09T01:28:45.252+0000] {logging_mixin.py:149} INFO - [2023-06-09T01:28:45.252+0000] {dag.py:3490} INFO - Setting next_dagrun for tutorial_dag to None, run_after=None
[2023-06-09T01:28:45.327+0000] {processor.py:179} INFO - Processing /home/airflow/.local/lib/python3.7/site-packages/airflow/example_dags/tutorial_dag.py took 0.173 seconds
[2023-06-09T01:29:15.543+0000] {processor.py:157} INFO - Started process (PID=476) to work on /home/airflow/.local/lib/python3.7/site-packages/airflow/example_dags/tutorial_dag.py
[2023-06-09T01:29:15.548+0000] {processor.py:826} INFO - Processing file /home/airflow/.local/lib/python3.7/site-packages/airflow/example_dags/tutorial_dag.py for tasks to queue
[2023-06-09T01:29:15.551+0000] {logging_mixin.py:149} INFO - [2023-06-09T01:29:15.551+0000] {dagbag.py:541} INFO - Filling up the DagBag from /home/airflow/.local/lib/python3.7/site-packages/airflow/example_dags/tutorial_dag.py
[2023-06-09T01:29:15.575+0000] {processor.py:836} INFO - DAG(s) dict_keys(['tutorial_dag']) retrieved from /home/airflow/.local/lib/python3.7/site-packages/airflow/example_dags/tutorial_dag.py
[2023-06-09T01:29:15.620+0000] {logging_mixin.py:149} INFO - [2023-06-09T01:29:15.619+0000] {dag.py:2726} INFO - Sync 1 DAGs
[2023-06-09T01:29:15.648+0000] {logging_mixin.py:149} INFO - [2023-06-09T01:29:15.648+0000] {dag.py:3490} INFO - Setting next_dagrun for tutorial_dag to None, run_after=None
[2023-06-09T01:29:15.670+0000] {processor.py:179} INFO - Processing /home/airflow/.local/lib/python3.7/site-packages/airflow/example_dags/tutorial_dag.py took 0.137 seconds
[2023-06-09T01:29:46.636+0000] {processor.py:157} INFO - Started process (PID=532) to work on /home/airflow/.local/lib/python3.7/site-packages/airflow/example_dags/tutorial_dag.py
[2023-06-09T01:29:46.669+0000] {processor.py:826} INFO - Processing file /home/airflow/.local/lib/python3.7/site-packages/airflow/example_dags/tutorial_dag.py for tasks to queue
[2023-06-09T01:29:46.681+0000] {logging_mixin.py:149} INFO - [2023-06-09T01:29:46.681+0000] {dagbag.py:541} INFO - Filling up the DagBag from /home/airflow/.local/lib/python3.7/site-packages/airflow/example_dags/tutorial_dag.py
[2023-06-09T01:29:46.697+0000] {processor.py:836} INFO - DAG(s) dict_keys(['tutorial_dag']) retrieved from /home/airflow/.local/lib/python3.7/site-packages/airflow/example_dags/tutorial_dag.py
[2023-06-09T01:29:46.880+0000] {logging_mixin.py:149} INFO - [2023-06-09T01:29:46.879+0000] {dag.py:2726} INFO - Sync 1 DAGs
[2023-06-09T01:29:46.990+0000] {logging_mixin.py:149} INFO - [2023-06-09T01:29:46.990+0000] {dag.py:3490} INFO - Setting next_dagrun for tutorial_dag to None, run_after=None
[2023-06-09T01:29:47.095+0000] {processor.py:179} INFO - Processing /home/airflow/.local/lib/python3.7/site-packages/airflow/example_dags/tutorial_dag.py took 0.472 seconds
[2023-06-09T01:30:17.321+0000] {processor.py:157} INFO - Started process (PID=588) to work on /home/airflow/.local/lib/python3.7/site-packages/airflow/example_dags/tutorial_dag.py
[2023-06-09T01:30:17.325+0000] {processor.py:826} INFO - Processing file /home/airflow/.local/lib/python3.7/site-packages/airflow/example_dags/tutorial_dag.py for tasks to queue
[2023-06-09T01:30:17.327+0000] {logging_mixin.py:149} INFO - [2023-06-09T01:30:17.327+0000] {dagbag.py:541} INFO - Filling up the DagBag from /home/airflow/.local/lib/python3.7/site-packages/airflow/example_dags/tutorial_dag.py
[2023-06-09T01:30:17.336+0000] {processor.py:836} INFO - DAG(s) dict_keys(['tutorial_dag']) retrieved from /home/airflow/.local/lib/python3.7/site-packages/airflow/example_dags/tutorial_dag.py
[2023-06-09T01:30:17.397+0000] {logging_mixin.py:149} INFO - [2023-06-09T01:30:17.397+0000] {dag.py:2726} INFO - Sync 1 DAGs
[2023-06-09T01:30:17.432+0000] {logging_mixin.py:149} INFO - [2023-06-09T01:30:17.432+0000] {dag.py:3490} INFO - Setting next_dagrun for tutorial_dag to None, run_after=None
[2023-06-09T01:30:17.473+0000] {processor.py:179} INFO - Processing /home/airflow/.local/lib/python3.7/site-packages/airflow/example_dags/tutorial_dag.py took 0.161 seconds
[2023-06-09T01:30:47.958+0000] {processor.py:157} INFO - Started process (PID=644) to work on /home/airflow/.local/lib/python3.7/site-packages/airflow/example_dags/tutorial_dag.py
[2023-06-09T01:30:47.961+0000] {processor.py:826} INFO - Processing file /home/airflow/.local/lib/python3.7/site-packages/airflow/example_dags/tutorial_dag.py for tasks to queue
[2023-06-09T01:30:47.967+0000] {logging_mixin.py:149} INFO - [2023-06-09T01:30:47.964+0000] {dagbag.py:541} INFO - Filling up the DagBag from /home/airflow/.local/lib/python3.7/site-packages/airflow/example_dags/tutorial_dag.py
[2023-06-09T01:30:48.009+0000] {processor.py:836} INFO - DAG(s) dict_keys(['tutorial_dag']) retrieved from /home/airflow/.local/lib/python3.7/site-packages/airflow/example_dags/tutorial_dag.py
[2023-06-09T01:30:48.094+0000] {logging_mixin.py:149} INFO - [2023-06-09T01:30:48.094+0000] {dag.py:2726} INFO - Sync 1 DAGs
[2023-06-09T01:30:48.193+0000] {logging_mixin.py:149} INFO - [2023-06-09T01:30:48.193+0000] {dag.py:3490} INFO - Setting next_dagrun for tutorial_dag to None, run_after=None
[2023-06-09T01:30:48.281+0000] {processor.py:179} INFO - Processing /home/airflow/.local/lib/python3.7/site-packages/airflow/example_dags/tutorial_dag.py took 0.332 seconds
[2023-06-09T01:31:18.883+0000] {processor.py:157} INFO - Started process (PID=707) to work on /home/airflow/.local/lib/python3.7/site-packages/airflow/example_dags/tutorial_dag.py
[2023-06-09T01:31:18.885+0000] {processor.py:826} INFO - Processing file /home/airflow/.local/lib/python3.7/site-packages/airflow/example_dags/tutorial_dag.py for tasks to queue
[2023-06-09T01:31:18.886+0000] {logging_mixin.py:149} INFO - [2023-06-09T01:31:18.886+0000] {dagbag.py:541} INFO - Filling up the DagBag from /home/airflow/.local/lib/python3.7/site-packages/airflow/example_dags/tutorial_dag.py
[2023-06-09T01:31:18.894+0000] {processor.py:836} INFO - DAG(s) dict_keys(['tutorial_dag']) retrieved from /home/airflow/.local/lib/python3.7/site-packages/airflow/example_dags/tutorial_dag.py
[2023-06-09T01:31:18.922+0000] {logging_mixin.py:149} INFO - [2023-06-09T01:31:18.922+0000] {dag.py:2726} INFO - Sync 1 DAGs
[2023-06-09T01:31:18.947+0000] {logging_mixin.py:149} INFO - [2023-06-09T01:31:18.947+0000] {dag.py:3490} INFO - Setting next_dagrun for tutorial_dag to None, run_after=None
[2023-06-09T01:31:18.961+0000] {processor.py:179} INFO - Processing /home/airflow/.local/lib/python3.7/site-packages/airflow/example_dags/tutorial_dag.py took 0.082 seconds
[2023-06-09T01:31:49.025+0000] {processor.py:157} INFO - Started process (PID=763) to work on /home/airflow/.local/lib/python3.7/site-packages/airflow/example_dags/tutorial_dag.py
[2023-06-09T01:31:49.027+0000] {processor.py:826} INFO - Processing file /home/airflow/.local/lib/python3.7/site-packages/airflow/example_dags/tutorial_dag.py for tasks to queue
[2023-06-09T01:31:49.028+0000] {logging_mixin.py:149} INFO - [2023-06-09T01:31:49.028+0000] {dagbag.py:541} INFO - Filling up the DagBag from /home/airflow/.local/lib/python3.7/site-packages/airflow/example_dags/tutorial_dag.py
[2023-06-09T01:31:49.035+0000] {processor.py:836} INFO - DAG(s) dict_keys(['tutorial_dag']) retrieved from /home/airflow/.local/lib/python3.7/site-packages/airflow/example_dags/tutorial_dag.py
[2023-06-09T01:31:49.062+0000] {logging_mixin.py:149} INFO - [2023-06-09T01:31:49.062+0000] {dag.py:2726} INFO - Sync 1 DAGs
[2023-06-09T01:31:49.080+0000] {logging_mixin.py:149} INFO - [2023-06-09T01:31:49.080+0000] {dag.py:3490} INFO - Setting next_dagrun for tutorial_dag to None, run_after=None
[2023-06-09T01:31:49.092+0000] {processor.py:179} INFO - Processing /home/airflow/.local/lib/python3.7/site-packages/airflow/example_dags/tutorial_dag.py took 0.072 seconds
[2023-06-09T01:32:19.228+0000] {processor.py:157} INFO - Started process (PID=819) to work on /home/airflow/.local/lib/python3.7/site-packages/airflow/example_dags/tutorial_dag.py
[2023-06-09T01:32:19.229+0000] {processor.py:826} INFO - Processing file /home/airflow/.local/lib/python3.7/site-packages/airflow/example_dags/tutorial_dag.py for tasks to queue
[2023-06-09T01:32:19.230+0000] {logging_mixin.py:149} INFO - [2023-06-09T01:32:19.230+0000] {dagbag.py:541} INFO - Filling up the DagBag from /home/airflow/.local/lib/python3.7/site-packages/airflow/example_dags/tutorial_dag.py
[2023-06-09T01:32:19.235+0000] {processor.py:836} INFO - DAG(s) dict_keys(['tutorial_dag']) retrieved from /home/airflow/.local/lib/python3.7/site-packages/airflow/example_dags/tutorial_dag.py
[2023-06-09T01:32:19.281+0000] {logging_mixin.py:149} INFO - [2023-06-09T01:32:19.281+0000] {dag.py:2726} INFO - Sync 1 DAGs
[2023-06-09T01:32:19.304+0000] {logging_mixin.py:149} INFO - [2023-06-09T01:32:19.304+0000] {dag.py:3490} INFO - Setting next_dagrun for tutorial_dag to None, run_after=None
[2023-06-09T01:32:19.327+0000] {processor.py:179} INFO - Processing /home/airflow/.local/lib/python3.7/site-packages/airflow/example_dags/tutorial_dag.py took 0.102 seconds
[2023-06-09T01:32:49.422+0000] {processor.py:157} INFO - Started process (PID=875) to work on /home/airflow/.local/lib/python3.7/site-packages/airflow/example_dags/tutorial_dag.py
[2023-06-09T01:32:49.424+0000] {processor.py:826} INFO - Processing file /home/airflow/.local/lib/python3.7/site-packages/airflow/example_dags/tutorial_dag.py for tasks to queue
[2023-06-09T01:32:49.425+0000] {logging_mixin.py:149} INFO - [2023-06-09T01:32:49.425+0000] {dagbag.py:541} INFO - Filling up the DagBag from /home/airflow/.local/lib/python3.7/site-packages/airflow/example_dags/tutorial_dag.py
[2023-06-09T01:32:49.433+0000] {processor.py:836} INFO - DAG(s) dict_keys(['tutorial_dag']) retrieved from /home/airflow/.local/lib/python3.7/site-packages/airflow/example_dags/tutorial_dag.py
[2023-06-09T01:32:49.460+0000] {logging_mixin.py:149} INFO - [2023-06-09T01:32:49.460+0000] {dag.py:2726} INFO - Sync 1 DAGs
[2023-06-09T01:32:49.477+0000] {logging_mixin.py:149} INFO - [2023-06-09T01:32:49.477+0000] {dag.py:3490} INFO - Setting next_dagrun for tutorial_dag to None, run_after=None
[2023-06-09T01:32:49.489+0000] {processor.py:179} INFO - Processing /home/airflow/.local/lib/python3.7/site-packages/airflow/example_dags/tutorial_dag.py took 0.073 seconds
[2023-06-09T01:33:19.599+0000] {processor.py:157} INFO - Started process (PID=931) to work on /home/airflow/.local/lib/python3.7/site-packages/airflow/example_dags/tutorial_dag.py
[2023-06-09T01:33:19.601+0000] {processor.py:826} INFO - Processing file /home/airflow/.local/lib/python3.7/site-packages/airflow/example_dags/tutorial_dag.py for tasks to queue
[2023-06-09T01:33:19.602+0000] {logging_mixin.py:149} INFO - [2023-06-09T01:33:19.602+0000] {dagbag.py:541} INFO - Filling up the DagBag from /home/airflow/.local/lib/python3.7/site-packages/airflow/example_dags/tutorial_dag.py
[2023-06-09T01:33:19.608+0000] {processor.py:836} INFO - DAG(s) dict_keys(['tutorial_dag']) retrieved from /home/airflow/.local/lib/python3.7/site-packages/airflow/example_dags/tutorial_dag.py
[2023-06-09T01:33:19.636+0000] {logging_mixin.py:149} INFO - [2023-06-09T01:33:19.636+0000] {dag.py:2726} INFO - Sync 1 DAGs
[2023-06-09T01:33:19.653+0000] {logging_mixin.py:149} INFO - [2023-06-09T01:33:19.653+0000] {dag.py:3490} INFO - Setting next_dagrun for tutorial_dag to None, run_after=None
[2023-06-09T01:33:19.664+0000] {processor.py:179} INFO - Processing /home/airflow/.local/lib/python3.7/site-packages/airflow/example_dags/tutorial_dag.py took 0.070 seconds
[2023-06-09T01:33:49.784+0000] {processor.py:157} INFO - Started process (PID=987) to work on /home/airflow/.local/lib/python3.7/site-packages/airflow/example_dags/tutorial_dag.py
[2023-06-09T01:33:49.785+0000] {processor.py:826} INFO - Processing file /home/airflow/.local/lib/python3.7/site-packages/airflow/example_dags/tutorial_dag.py for tasks to queue
[2023-06-09T01:33:49.786+0000] {logging_mixin.py:149} INFO - [2023-06-09T01:33:49.786+0000] {dagbag.py:541} INFO - Filling up the DagBag from /home/airflow/.local/lib/python3.7/site-packages/airflow/example_dags/tutorial_dag.py
[2023-06-09T01:33:49.791+0000] {processor.py:836} INFO - DAG(s) dict_keys(['tutorial_dag']) retrieved from /home/airflow/.local/lib/python3.7/site-packages/airflow/example_dags/tutorial_dag.py
[2023-06-09T01:33:49.815+0000] {logging_mixin.py:149} INFO - [2023-06-09T01:33:49.815+0000] {dag.py:2726} INFO - Sync 1 DAGs
[2023-06-09T01:33:49.834+0000] {logging_mixin.py:149} INFO - [2023-06-09T01:33:49.834+0000] {dag.py:3490} INFO - Setting next_dagrun for tutorial_dag to None, run_after=None
[2023-06-09T01:33:49.845+0000] {processor.py:179} INFO - Processing /home/airflow/.local/lib/python3.7/site-packages/airflow/example_dags/tutorial_dag.py took 0.064 seconds
[2023-06-09T01:34:20.140+0000] {processor.py:157} INFO - Started process (PID=1043) to work on /home/airflow/.local/lib/python3.7/site-packages/airflow/example_dags/tutorial_dag.py
[2023-06-09T01:34:20.141+0000] {processor.py:826} INFO - Processing file /home/airflow/.local/lib/python3.7/site-packages/airflow/example_dags/tutorial_dag.py for tasks to queue
[2023-06-09T01:34:20.142+0000] {logging_mixin.py:149} INFO - [2023-06-09T01:34:20.142+0000] {dagbag.py:541} INFO - Filling up the DagBag from /home/airflow/.local/lib/python3.7/site-packages/airflow/example_dags/tutorial_dag.py
[2023-06-09T01:34:20.147+0000] {processor.py:836} INFO - DAG(s) dict_keys(['tutorial_dag']) retrieved from /home/airflow/.local/lib/python3.7/site-packages/airflow/example_dags/tutorial_dag.py
[2023-06-09T01:34:20.172+0000] {logging_mixin.py:149} INFO - [2023-06-09T01:34:20.172+0000] {dag.py:2726} INFO - Sync 1 DAGs
[2023-06-09T01:34:20.190+0000] {logging_mixin.py:149} INFO - [2023-06-09T01:34:20.190+0000] {dag.py:3490} INFO - Setting next_dagrun for tutorial_dag to None, run_after=None
[2023-06-09T01:34:20.204+0000] {processor.py:179} INFO - Processing /home/airflow/.local/lib/python3.7/site-packages/airflow/example_dags/tutorial_dag.py took 0.066 seconds
[2023-06-09T01:34:50.640+0000] {processor.py:157} INFO - Started process (PID=1099) to work on /home/airflow/.local/lib/python3.7/site-packages/airflow/example_dags/tutorial_dag.py
[2023-06-09T01:34:50.642+0000] {processor.py:826} INFO - Processing file /home/airflow/.local/lib/python3.7/site-packages/airflow/example_dags/tutorial_dag.py for tasks to queue
[2023-06-09T01:34:50.643+0000] {logging_mixin.py:149} INFO - [2023-06-09T01:34:50.643+0000] {dagbag.py:541} INFO - Filling up the DagBag from /home/airflow/.local/lib/python3.7/site-packages/airflow/example_dags/tutorial_dag.py
[2023-06-09T01:34:50.648+0000] {processor.py:836} INFO - DAG(s) dict_keys(['tutorial_dag']) retrieved from /home/airflow/.local/lib/python3.7/site-packages/airflow/example_dags/tutorial_dag.py
[2023-06-09T01:34:50.669+0000] {logging_mixin.py:149} INFO - [2023-06-09T01:34:50.669+0000] {dag.py:2726} INFO - Sync 1 DAGs
[2023-06-09T01:34:50.686+0000] {logging_mixin.py:149} INFO - [2023-06-09T01:34:50.686+0000] {dag.py:3490} INFO - Setting next_dagrun for tutorial_dag to None, run_after=None
[2023-06-09T01:34:50.697+0000] {processor.py:179} INFO - Processing /home/airflow/.local/lib/python3.7/site-packages/airflow/example_dags/tutorial_dag.py took 0.060 seconds
[2023-06-09T01:35:21.389+0000] {processor.py:157} INFO - Started process (PID=1155) to work on /home/airflow/.local/lib/python3.7/site-packages/airflow/example_dags/tutorial_dag.py
[2023-06-09T01:35:21.390+0000] {processor.py:826} INFO - Processing file /home/airflow/.local/lib/python3.7/site-packages/airflow/example_dags/tutorial_dag.py for tasks to queue
[2023-06-09T01:35:21.391+0000] {logging_mixin.py:149} INFO - [2023-06-09T01:35:21.391+0000] {dagbag.py:541} INFO - Filling up the DagBag from /home/airflow/.local/lib/python3.7/site-packages/airflow/example_dags/tutorial_dag.py
[2023-06-09T01:35:21.395+0000] {processor.py:836} INFO - DAG(s) dict_keys(['tutorial_dag']) retrieved from /home/airflow/.local/lib/python3.7/site-packages/airflow/example_dags/tutorial_dag.py
[2023-06-09T01:35:21.415+0000] {logging_mixin.py:149} INFO - [2023-06-09T01:35:21.415+0000] {dag.py:2726} INFO - Sync 1 DAGs
[2023-06-09T01:35:21.433+0000] {logging_mixin.py:149} INFO - [2023-06-09T01:35:21.433+0000] {dag.py:3490} INFO - Setting next_dagrun for tutorial_dag to None, run_after=None
[2023-06-09T01:35:21.444+0000] {processor.py:179} INFO - Processing /home/airflow/.local/lib/python3.7/site-packages/airflow/example_dags/tutorial_dag.py took 0.058 seconds
[2023-06-09T01:35:51.600+0000] {processor.py:157} INFO - Started process (PID=1211) to work on /home/airflow/.local/lib/python3.7/site-packages/airflow/example_dags/tutorial_dag.py
[2023-06-09T01:35:51.602+0000] {processor.py:826} INFO - Processing file /home/airflow/.local/lib/python3.7/site-packages/airflow/example_dags/tutorial_dag.py for tasks to queue
[2023-06-09T01:35:51.603+0000] {logging_mixin.py:149} INFO - [2023-06-09T01:35:51.603+0000] {dagbag.py:541} INFO - Filling up the DagBag from /home/airflow/.local/lib/python3.7/site-packages/airflow/example_dags/tutorial_dag.py
[2023-06-09T01:35:51.608+0000] {processor.py:836} INFO - DAG(s) dict_keys(['tutorial_dag']) retrieved from /home/airflow/.local/lib/python3.7/site-packages/airflow/example_dags/tutorial_dag.py
[2023-06-09T01:35:51.629+0000] {logging_mixin.py:149} INFO - [2023-06-09T01:35:51.629+0000] {dag.py:2726} INFO - Sync 1 DAGs
[2023-06-09T01:35:51.646+0000] {logging_mixin.py:149} INFO - [2023-06-09T01:35:51.646+0000] {dag.py:3490} INFO - Setting next_dagrun for tutorial_dag to None, run_after=None
[2023-06-09T01:35:51.659+0000] {processor.py:179} INFO - Processing /home/airflow/.local/lib/python3.7/site-packages/airflow/example_dags/tutorial_dag.py took 0.061 seconds
[2023-06-09T01:36:22.584+0000] {processor.py:157} INFO - Started process (PID=1267) to work on /home/airflow/.local/lib/python3.7/site-packages/airflow/example_dags/tutorial_dag.py
[2023-06-09T01:36:22.585+0000] {processor.py:826} INFO - Processing file /home/airflow/.local/lib/python3.7/site-packages/airflow/example_dags/tutorial_dag.py for tasks to queue
[2023-06-09T01:36:22.586+0000] {logging_mixin.py:149} INFO - [2023-06-09T01:36:22.586+0000] {dagbag.py:541} INFO - Filling up the DagBag from /home/airflow/.local/lib/python3.7/site-packages/airflow/example_dags/tutorial_dag.py
[2023-06-09T01:36:22.591+0000] {processor.py:836} INFO - DAG(s) dict_keys(['tutorial_dag']) retrieved from /home/airflow/.local/lib/python3.7/site-packages/airflow/example_dags/tutorial_dag.py
[2023-06-09T01:36:22.611+0000] {logging_mixin.py:149} INFO - [2023-06-09T01:36:22.611+0000] {dag.py:2726} INFO - Sync 1 DAGs
[2023-06-09T01:36:22.626+0000] {logging_mixin.py:149} INFO - [2023-06-09T01:36:22.626+0000] {dag.py:3490} INFO - Setting next_dagrun for tutorial_dag to None, run_after=None
[2023-06-09T01:36:22.636+0000] {processor.py:179} INFO - Processing /home/airflow/.local/lib/python3.7/site-packages/airflow/example_dags/tutorial_dag.py took 0.055 seconds
[2023-06-09T01:36:53.049+0000] {processor.py:157} INFO - Started process (PID=1323) to work on /home/airflow/.local/lib/python3.7/site-packages/airflow/example_dags/tutorial_dag.py
[2023-06-09T01:36:53.050+0000] {processor.py:826} INFO - Processing file /home/airflow/.local/lib/python3.7/site-packages/airflow/example_dags/tutorial_dag.py for tasks to queue
[2023-06-09T01:36:53.051+0000] {logging_mixin.py:149} INFO - [2023-06-09T01:36:53.051+0000] {dagbag.py:541} INFO - Filling up the DagBag from /home/airflow/.local/lib/python3.7/site-packages/airflow/example_dags/tutorial_dag.py
[2023-06-09T01:36:53.055+0000] {processor.py:836} INFO - DAG(s) dict_keys(['tutorial_dag']) retrieved from /home/airflow/.local/lib/python3.7/site-packages/airflow/example_dags/tutorial_dag.py
[2023-06-09T01:36:53.074+0000] {logging_mixin.py:149} INFO - [2023-06-09T01:36:53.074+0000] {dag.py:2726} INFO - Sync 1 DAGs
[2023-06-09T01:36:53.096+0000] {logging_mixin.py:149} INFO - [2023-06-09T01:36:53.096+0000] {dag.py:3490} INFO - Setting next_dagrun for tutorial_dag to None, run_after=None
[2023-06-09T01:36:53.110+0000] {processor.py:179} INFO - Processing /home/airflow/.local/lib/python3.7/site-packages/airflow/example_dags/tutorial_dag.py took 0.064 seconds
[2023-06-09T01:37:23.780+0000] {processor.py:157} INFO - Started process (PID=1379) to work on /home/airflow/.local/lib/python3.7/site-packages/airflow/example_dags/tutorial_dag.py
[2023-06-09T01:37:23.782+0000] {processor.py:826} INFO - Processing file /home/airflow/.local/lib/python3.7/site-packages/airflow/example_dags/tutorial_dag.py for tasks to queue
[2023-06-09T01:37:23.783+0000] {logging_mixin.py:149} INFO - [2023-06-09T01:37:23.783+0000] {dagbag.py:541} INFO - Filling up the DagBag from /home/airflow/.local/lib/python3.7/site-packages/airflow/example_dags/tutorial_dag.py
[2023-06-09T01:37:23.789+0000] {processor.py:836} INFO - DAG(s) dict_keys(['tutorial_dag']) retrieved from /home/airflow/.local/lib/python3.7/site-packages/airflow/example_dags/tutorial_dag.py
[2023-06-09T01:37:23.808+0000] {logging_mixin.py:149} INFO - [2023-06-09T01:37:23.808+0000] {dag.py:2726} INFO - Sync 1 DAGs
[2023-06-09T01:37:23.824+0000] {logging_mixin.py:149} INFO - [2023-06-09T01:37:23.824+0000] {dag.py:3490} INFO - Setting next_dagrun for tutorial_dag to None, run_after=None
[2023-06-09T01:37:23.835+0000] {processor.py:179} INFO - Processing /home/airflow/.local/lib/python3.7/site-packages/airflow/example_dags/tutorial_dag.py took 0.057 seconds
[2023-06-09T01:37:54.247+0000] {processor.py:157} INFO - Started process (PID=1434) to work on /home/airflow/.local/lib/python3.7/site-packages/airflow/example_dags/tutorial_dag.py
[2023-06-09T01:37:54.249+0000] {processor.py:826} INFO - Processing file /home/airflow/.local/lib/python3.7/site-packages/airflow/example_dags/tutorial_dag.py for tasks to queue
[2023-06-09T01:37:54.250+0000] {logging_mixin.py:149} INFO - [2023-06-09T01:37:54.250+0000] {dagbag.py:541} INFO - Filling up the DagBag from /home/airflow/.local/lib/python3.7/site-packages/airflow/example_dags/tutorial_dag.py
[2023-06-09T01:37:54.255+0000] {processor.py:836} INFO - DAG(s) dict_keys(['tutorial_dag']) retrieved from /home/airflow/.local/lib/python3.7/site-packages/airflow/example_dags/tutorial_dag.py
[2023-06-09T01:37:54.281+0000] {logging_mixin.py:149} INFO - [2023-06-09T01:37:54.281+0000] {dag.py:2726} INFO - Sync 1 DAGs
[2023-06-09T01:37:54.298+0000] {logging_mixin.py:149} INFO - [2023-06-09T01:37:54.298+0000] {dag.py:3490} INFO - Setting next_dagrun for tutorial_dag to None, run_after=None
[2023-06-09T01:37:54.309+0000] {processor.py:179} INFO - Processing /home/airflow/.local/lib/python3.7/site-packages/airflow/example_dags/tutorial_dag.py took 0.065 seconds
[2023-06-09T01:38:24.867+0000] {processor.py:157} INFO - Started process (PID=1490) to work on /home/airflow/.local/lib/python3.7/site-packages/airflow/example_dags/tutorial_dag.py
[2023-06-09T01:38:24.869+0000] {processor.py:826} INFO - Processing file /home/airflow/.local/lib/python3.7/site-packages/airflow/example_dags/tutorial_dag.py for tasks to queue
[2023-06-09T01:38:24.870+0000] {logging_mixin.py:149} INFO - [2023-06-09T01:38:24.870+0000] {dagbag.py:541} INFO - Filling up the DagBag from /home/airflow/.local/lib/python3.7/site-packages/airflow/example_dags/tutorial_dag.py
[2023-06-09T01:38:24.879+0000] {processor.py:836} INFO - DAG(s) dict_keys(['tutorial_dag']) retrieved from /home/airflow/.local/lib/python3.7/site-packages/airflow/example_dags/tutorial_dag.py
[2023-06-09T01:38:24.907+0000] {logging_mixin.py:149} INFO - [2023-06-09T01:38:24.906+0000] {dag.py:2726} INFO - Sync 1 DAGs
[2023-06-09T01:38:24.924+0000] {logging_mixin.py:149} INFO - [2023-06-09T01:38:24.924+0000] {dag.py:3490} INFO - Setting next_dagrun for tutorial_dag to None, run_after=None
[2023-06-09T01:38:24.935+0000] {processor.py:179} INFO - Processing /home/airflow/.local/lib/python3.7/site-packages/airflow/example_dags/tutorial_dag.py took 0.071 seconds
[2023-06-09T01:38:55.005+0000] {processor.py:157} INFO - Started process (PID=1546) to work on /home/airflow/.local/lib/python3.7/site-packages/airflow/example_dags/tutorial_dag.py
[2023-06-09T01:38:55.006+0000] {processor.py:826} INFO - Processing file /home/airflow/.local/lib/python3.7/site-packages/airflow/example_dags/tutorial_dag.py for tasks to queue
[2023-06-09T01:38:55.007+0000] {logging_mixin.py:149} INFO - [2023-06-09T01:38:55.007+0000] {dagbag.py:541} INFO - Filling up the DagBag from /home/airflow/.local/lib/python3.7/site-packages/airflow/example_dags/tutorial_dag.py
[2023-06-09T01:38:55.010+0000] {processor.py:836} INFO - DAG(s) dict_keys(['tutorial_dag']) retrieved from /home/airflow/.local/lib/python3.7/site-packages/airflow/example_dags/tutorial_dag.py
[2023-06-09T01:38:55.029+0000] {logging_mixin.py:149} INFO - [2023-06-09T01:38:55.029+0000] {dag.py:2726} INFO - Sync 1 DAGs
[2023-06-09T01:38:55.044+0000] {logging_mixin.py:149} INFO - [2023-06-09T01:38:55.044+0000] {dag.py:3490} INFO - Setting next_dagrun for tutorial_dag to None, run_after=None
[2023-06-09T01:38:55.054+0000] {processor.py:179} INFO - Processing /home/airflow/.local/lib/python3.7/site-packages/airflow/example_dags/tutorial_dag.py took 0.052 seconds
[2023-06-09T01:39:25.231+0000] {processor.py:157} INFO - Started process (PID=1602) to work on /home/airflow/.local/lib/python3.7/site-packages/airflow/example_dags/tutorial_dag.py
[2023-06-09T01:39:25.232+0000] {processor.py:826} INFO - Processing file /home/airflow/.local/lib/python3.7/site-packages/airflow/example_dags/tutorial_dag.py for tasks to queue
[2023-06-09T01:39:25.233+0000] {logging_mixin.py:149} INFO - [2023-06-09T01:39:25.233+0000] {dagbag.py:541} INFO - Filling up the DagBag from /home/airflow/.local/lib/python3.7/site-packages/airflow/example_dags/tutorial_dag.py
[2023-06-09T01:39:25.238+0000] {processor.py:836} INFO - DAG(s) dict_keys(['tutorial_dag']) retrieved from /home/airflow/.local/lib/python3.7/site-packages/airflow/example_dags/tutorial_dag.py
[2023-06-09T01:39:25.257+0000] {logging_mixin.py:149} INFO - [2023-06-09T01:39:25.257+0000] {dag.py:2726} INFO - Sync 1 DAGs
[2023-06-09T01:39:25.273+0000] {logging_mixin.py:149} INFO - [2023-06-09T01:39:25.273+0000] {dag.py:3490} INFO - Setting next_dagrun for tutorial_dag to None, run_after=None
[2023-06-09T01:39:25.283+0000] {processor.py:179} INFO - Processing /home/airflow/.local/lib/python3.7/site-packages/airflow/example_dags/tutorial_dag.py took 0.055 seconds
[2023-06-09T01:39:55.547+0000] {processor.py:157} INFO - Started process (PID=1659) to work on /home/airflow/.local/lib/python3.7/site-packages/airflow/example_dags/tutorial_dag.py
[2023-06-09T01:39:55.548+0000] {processor.py:826} INFO - Processing file /home/airflow/.local/lib/python3.7/site-packages/airflow/example_dags/tutorial_dag.py for tasks to queue
[2023-06-09T01:39:55.549+0000] {logging_mixin.py:149} INFO - [2023-06-09T01:39:55.549+0000] {dagbag.py:541} INFO - Filling up the DagBag from /home/airflow/.local/lib/python3.7/site-packages/airflow/example_dags/tutorial_dag.py
[2023-06-09T01:39:55.553+0000] {processor.py:836} INFO - DAG(s) dict_keys(['tutorial_dag']) retrieved from /home/airflow/.local/lib/python3.7/site-packages/airflow/example_dags/tutorial_dag.py
[2023-06-09T01:39:55.572+0000] {logging_mixin.py:149} INFO - [2023-06-09T01:39:55.572+0000] {dag.py:2726} INFO - Sync 1 DAGs
[2023-06-09T01:39:55.588+0000] {logging_mixin.py:149} INFO - [2023-06-09T01:39:55.588+0000] {dag.py:3490} INFO - Setting next_dagrun for tutorial_dag to None, run_after=None
[2023-06-09T01:39:55.599+0000] {processor.py:179} INFO - Processing /home/airflow/.local/lib/python3.7/site-packages/airflow/example_dags/tutorial_dag.py took 0.054 seconds
[2023-06-09T01:40:25.832+0000] {processor.py:157} INFO - Started process (PID=1715) to work on /home/airflow/.local/lib/python3.7/site-packages/airflow/example_dags/tutorial_dag.py
[2023-06-09T01:40:25.833+0000] {processor.py:826} INFO - Processing file /home/airflow/.local/lib/python3.7/site-packages/airflow/example_dags/tutorial_dag.py for tasks to queue
[2023-06-09T01:40:25.834+0000] {logging_mixin.py:149} INFO - [2023-06-09T01:40:25.834+0000] {dagbag.py:541} INFO - Filling up the DagBag from /home/airflow/.local/lib/python3.7/site-packages/airflow/example_dags/tutorial_dag.py
[2023-06-09T01:40:25.838+0000] {processor.py:836} INFO - DAG(s) dict_keys(['tutorial_dag']) retrieved from /home/airflow/.local/lib/python3.7/site-packages/airflow/example_dags/tutorial_dag.py
[2023-06-09T01:40:25.857+0000] {logging_mixin.py:149} INFO - [2023-06-09T01:40:25.857+0000] {dag.py:2726} INFO - Sync 1 DAGs
[2023-06-09T01:40:25.872+0000] {logging_mixin.py:149} INFO - [2023-06-09T01:40:25.872+0000] {dag.py:3490} INFO - Setting next_dagrun for tutorial_dag to None, run_after=None
[2023-06-09T01:40:25.882+0000] {processor.py:179} INFO - Processing /home/airflow/.local/lib/python3.7/site-packages/airflow/example_dags/tutorial_dag.py took 0.053 seconds
[2023-06-09T01:40:56.522+0000] {processor.py:157} INFO - Started process (PID=1771) to work on /home/airflow/.local/lib/python3.7/site-packages/airflow/example_dags/tutorial_dag.py
[2023-06-09T01:40:56.523+0000] {processor.py:826} INFO - Processing file /home/airflow/.local/lib/python3.7/site-packages/airflow/example_dags/tutorial_dag.py for tasks to queue
[2023-06-09T01:40:56.524+0000] {logging_mixin.py:149} INFO - [2023-06-09T01:40:56.524+0000] {dagbag.py:541} INFO - Filling up the DagBag from /home/airflow/.local/lib/python3.7/site-packages/airflow/example_dags/tutorial_dag.py
[2023-06-09T01:40:56.528+0000] {processor.py:836} INFO - DAG(s) dict_keys(['tutorial_dag']) retrieved from /home/airflow/.local/lib/python3.7/site-packages/airflow/example_dags/tutorial_dag.py
[2023-06-09T01:40:56.553+0000] {logging_mixin.py:149} INFO - [2023-06-09T01:40:56.552+0000] {dag.py:2726} INFO - Sync 1 DAGs
[2023-06-09T01:40:56.573+0000] {logging_mixin.py:149} INFO - [2023-06-09T01:40:56.572+0000] {dag.py:3490} INFO - Setting next_dagrun for tutorial_dag to None, run_after=None
[2023-06-09T01:40:56.585+0000] {processor.py:179} INFO - Processing /home/airflow/.local/lib/python3.7/site-packages/airflow/example_dags/tutorial_dag.py took 0.066 seconds
[2023-06-09T01:41:27.546+0000] {processor.py:157} INFO - Started process (PID=1828) to work on /home/airflow/.local/lib/python3.7/site-packages/airflow/example_dags/tutorial_dag.py
[2023-06-09T01:41:27.547+0000] {processor.py:826} INFO - Processing file /home/airflow/.local/lib/python3.7/site-packages/airflow/example_dags/tutorial_dag.py for tasks to queue
[2023-06-09T01:41:27.549+0000] {logging_mixin.py:149} INFO - [2023-06-09T01:41:27.549+0000] {dagbag.py:541} INFO - Filling up the DagBag from /home/airflow/.local/lib/python3.7/site-packages/airflow/example_dags/tutorial_dag.py
[2023-06-09T01:41:27.552+0000] {processor.py:836} INFO - DAG(s) dict_keys(['tutorial_dag']) retrieved from /home/airflow/.local/lib/python3.7/site-packages/airflow/example_dags/tutorial_dag.py
[2023-06-09T01:41:27.571+0000] {logging_mixin.py:149} INFO - [2023-06-09T01:41:27.571+0000] {dag.py:2726} INFO - Sync 1 DAGs
[2023-06-09T01:41:27.587+0000] {logging_mixin.py:149} INFO - [2023-06-09T01:41:27.587+0000] {dag.py:3490} INFO - Setting next_dagrun for tutorial_dag to None, run_after=None
[2023-06-09T01:41:27.598+0000] {processor.py:179} INFO - Processing /home/airflow/.local/lib/python3.7/site-packages/airflow/example_dags/tutorial_dag.py took 0.055 seconds
[2023-06-09T01:41:58.115+0000] {processor.py:157} INFO - Started process (PID=1884) to work on /home/airflow/.local/lib/python3.7/site-packages/airflow/example_dags/tutorial_dag.py
[2023-06-09T01:41:58.116+0000] {processor.py:826} INFO - Processing file /home/airflow/.local/lib/python3.7/site-packages/airflow/example_dags/tutorial_dag.py for tasks to queue
[2023-06-09T01:41:58.117+0000] {logging_mixin.py:149} INFO - [2023-06-09T01:41:58.117+0000] {dagbag.py:541} INFO - Filling up the DagBag from /home/airflow/.local/lib/python3.7/site-packages/airflow/example_dags/tutorial_dag.py
[2023-06-09T01:41:58.121+0000] {processor.py:836} INFO - DAG(s) dict_keys(['tutorial_dag']) retrieved from /home/airflow/.local/lib/python3.7/site-packages/airflow/example_dags/tutorial_dag.py
[2023-06-09T01:41:58.141+0000] {logging_mixin.py:149} INFO - [2023-06-09T01:41:58.140+0000] {dag.py:2726} INFO - Sync 1 DAGs
[2023-06-09T01:41:58.157+0000] {logging_mixin.py:149} INFO - [2023-06-09T01:41:58.157+0000] {dag.py:3490} INFO - Setting next_dagrun for tutorial_dag to None, run_after=None
[2023-06-09T01:41:58.171+0000] {processor.py:179} INFO - Processing /home/airflow/.local/lib/python3.7/site-packages/airflow/example_dags/tutorial_dag.py took 0.060 seconds
[2023-06-09T01:42:28.629+0000] {processor.py:157} INFO - Started process (PID=1939) to work on /home/airflow/.local/lib/python3.7/site-packages/airflow/example_dags/tutorial_dag.py
[2023-06-09T01:42:28.631+0000] {processor.py:826} INFO - Processing file /home/airflow/.local/lib/python3.7/site-packages/airflow/example_dags/tutorial_dag.py for tasks to queue
[2023-06-09T01:42:28.631+0000] {logging_mixin.py:149} INFO - [2023-06-09T01:42:28.631+0000] {dagbag.py:541} INFO - Filling up the DagBag from /home/airflow/.local/lib/python3.7/site-packages/airflow/example_dags/tutorial_dag.py
[2023-06-09T01:42:28.636+0000] {processor.py:836} INFO - DAG(s) dict_keys(['tutorial_dag']) retrieved from /home/airflow/.local/lib/python3.7/site-packages/airflow/example_dags/tutorial_dag.py
[2023-06-09T01:42:28.656+0000] {logging_mixin.py:149} INFO - [2023-06-09T01:42:28.656+0000] {dag.py:2726} INFO - Sync 1 DAGs
[2023-06-09T01:42:28.673+0000] {logging_mixin.py:149} INFO - [2023-06-09T01:42:28.673+0000] {dag.py:3490} INFO - Setting next_dagrun for tutorial_dag to None, run_after=None
[2023-06-09T01:42:28.686+0000] {processor.py:179} INFO - Processing /home/airflow/.local/lib/python3.7/site-packages/airflow/example_dags/tutorial_dag.py took 0.060 seconds
[2023-06-09T01:42:59.477+0000] {processor.py:157} INFO - Started process (PID=1995) to work on /home/airflow/.local/lib/python3.7/site-packages/airflow/example_dags/tutorial_dag.py
[2023-06-09T01:42:59.478+0000] {processor.py:826} INFO - Processing file /home/airflow/.local/lib/python3.7/site-packages/airflow/example_dags/tutorial_dag.py for tasks to queue
[2023-06-09T01:42:59.479+0000] {logging_mixin.py:149} INFO - [2023-06-09T01:42:59.479+0000] {dagbag.py:541} INFO - Filling up the DagBag from /home/airflow/.local/lib/python3.7/site-packages/airflow/example_dags/tutorial_dag.py
[2023-06-09T01:42:59.483+0000] {processor.py:836} INFO - DAG(s) dict_keys(['tutorial_dag']) retrieved from /home/airflow/.local/lib/python3.7/site-packages/airflow/example_dags/tutorial_dag.py
[2023-06-09T01:42:59.503+0000] {logging_mixin.py:149} INFO - [2023-06-09T01:42:59.503+0000] {dag.py:2726} INFO - Sync 1 DAGs
[2023-06-09T01:42:59.518+0000] {logging_mixin.py:149} INFO - [2023-06-09T01:42:59.518+0000] {dag.py:3490} INFO - Setting next_dagrun for tutorial_dag to None, run_after=None
[2023-06-09T01:42:59.530+0000] {processor.py:179} INFO - Processing /home/airflow/.local/lib/python3.7/site-packages/airflow/example_dags/tutorial_dag.py took 0.055 seconds
[2023-06-09T01:43:29.796+0000] {processor.py:157} INFO - Started process (PID=2051) to work on /home/airflow/.local/lib/python3.7/site-packages/airflow/example_dags/tutorial_dag.py
[2023-06-09T01:43:29.797+0000] {processor.py:826} INFO - Processing file /home/airflow/.local/lib/python3.7/site-packages/airflow/example_dags/tutorial_dag.py for tasks to queue
[2023-06-09T01:43:29.798+0000] {logging_mixin.py:149} INFO - [2023-06-09T01:43:29.798+0000] {dagbag.py:541} INFO - Filling up the DagBag from /home/airflow/.local/lib/python3.7/site-packages/airflow/example_dags/tutorial_dag.py
[2023-06-09T01:43:29.802+0000] {processor.py:836} INFO - DAG(s) dict_keys(['tutorial_dag']) retrieved from /home/airflow/.local/lib/python3.7/site-packages/airflow/example_dags/tutorial_dag.py
[2023-06-09T01:43:29.821+0000] {logging_mixin.py:149} INFO - [2023-06-09T01:43:29.821+0000] {dag.py:2726} INFO - Sync 1 DAGs
[2023-06-09T01:43:29.836+0000] {logging_mixin.py:149} INFO - [2023-06-09T01:43:29.836+0000] {dag.py:3490} INFO - Setting next_dagrun for tutorial_dag to None, run_after=None
[2023-06-09T01:43:29.846+0000] {processor.py:179} INFO - Processing /home/airflow/.local/lib/python3.7/site-packages/airflow/example_dags/tutorial_dag.py took 0.053 seconds
[2023-06-09T01:43:59.950+0000] {processor.py:157} INFO - Started process (PID=2107) to work on /home/airflow/.local/lib/python3.7/site-packages/airflow/example_dags/tutorial_dag.py
[2023-06-09T01:43:59.952+0000] {processor.py:826} INFO - Processing file /home/airflow/.local/lib/python3.7/site-packages/airflow/example_dags/tutorial_dag.py for tasks to queue
[2023-06-09T01:43:59.952+0000] {logging_mixin.py:149} INFO - [2023-06-09T01:43:59.952+0000] {dagbag.py:541} INFO - Filling up the DagBag from /home/airflow/.local/lib/python3.7/site-packages/airflow/example_dags/tutorial_dag.py
[2023-06-09T01:43:59.956+0000] {processor.py:836} INFO - DAG(s) dict_keys(['tutorial_dag']) retrieved from /home/airflow/.local/lib/python3.7/site-packages/airflow/example_dags/tutorial_dag.py
[2023-06-09T01:43:59.975+0000] {logging_mixin.py:149} INFO - [2023-06-09T01:43:59.975+0000] {dag.py:2726} INFO - Sync 1 DAGs
[2023-06-09T01:43:59.991+0000] {logging_mixin.py:149} INFO - [2023-06-09T01:43:59.990+0000] {dag.py:3490} INFO - Setting next_dagrun for tutorial_dag to None, run_after=None
[2023-06-09T01:44:00.001+0000] {processor.py:179} INFO - Processing /home/airflow/.local/lib/python3.7/site-packages/airflow/example_dags/tutorial_dag.py took 0.053 seconds
[2023-06-09T01:44:30.379+0000] {processor.py:157} INFO - Started process (PID=2164) to work on /home/airflow/.local/lib/python3.7/site-packages/airflow/example_dags/tutorial_dag.py
[2023-06-09T01:44:30.380+0000] {processor.py:826} INFO - Processing file /home/airflow/.local/lib/python3.7/site-packages/airflow/example_dags/tutorial_dag.py for tasks to queue
[2023-06-09T01:44:30.381+0000] {logging_mixin.py:149} INFO - [2023-06-09T01:44:30.381+0000] {dagbag.py:541} INFO - Filling up the DagBag from /home/airflow/.local/lib/python3.7/site-packages/airflow/example_dags/tutorial_dag.py
[2023-06-09T01:44:30.385+0000] {processor.py:836} INFO - DAG(s) dict_keys(['tutorial_dag']) retrieved from /home/airflow/.local/lib/python3.7/site-packages/airflow/example_dags/tutorial_dag.py
[2023-06-09T01:44:30.403+0000] {logging_mixin.py:149} INFO - [2023-06-09T01:44:30.403+0000] {dag.py:2726} INFO - Sync 1 DAGs
[2023-06-09T01:44:30.418+0000] {logging_mixin.py:149} INFO - [2023-06-09T01:44:30.417+0000] {dag.py:3490} INFO - Setting next_dagrun for tutorial_dag to None, run_after=None
[2023-06-09T01:44:30.430+0000] {processor.py:179} INFO - Processing /home/airflow/.local/lib/python3.7/site-packages/airflow/example_dags/tutorial_dag.py took 0.053 seconds
[2023-06-09T01:45:00.813+0000] {processor.py:157} INFO - Started process (PID=2220) to work on /home/airflow/.local/lib/python3.7/site-packages/airflow/example_dags/tutorial_dag.py
[2023-06-09T01:45:00.814+0000] {processor.py:826} INFO - Processing file /home/airflow/.local/lib/python3.7/site-packages/airflow/example_dags/tutorial_dag.py for tasks to queue
[2023-06-09T01:45:00.815+0000] {logging_mixin.py:149} INFO - [2023-06-09T01:45:00.815+0000] {dagbag.py:541} INFO - Filling up the DagBag from /home/airflow/.local/lib/python3.7/site-packages/airflow/example_dags/tutorial_dag.py
[2023-06-09T01:45:00.819+0000] {processor.py:836} INFO - DAG(s) dict_keys(['tutorial_dag']) retrieved from /home/airflow/.local/lib/python3.7/site-packages/airflow/example_dags/tutorial_dag.py
[2023-06-09T01:45:00.838+0000] {logging_mixin.py:149} INFO - [2023-06-09T01:45:00.838+0000] {dag.py:2726} INFO - Sync 1 DAGs
[2023-06-09T01:45:00.853+0000] {logging_mixin.py:149} INFO - [2023-06-09T01:45:00.852+0000] {dag.py:3490} INFO - Setting next_dagrun for tutorial_dag to None, run_after=None
[2023-06-09T01:45:00.863+0000] {processor.py:179} INFO - Processing /home/airflow/.local/lib/python3.7/site-packages/airflow/example_dags/tutorial_dag.py took 0.052 seconds
[2023-06-09T01:45:31.795+0000] {processor.py:157} INFO - Started process (PID=2276) to work on /home/airflow/.local/lib/python3.7/site-packages/airflow/example_dags/tutorial_dag.py
[2023-06-09T01:45:31.799+0000] {processor.py:826} INFO - Processing file /home/airflow/.local/lib/python3.7/site-packages/airflow/example_dags/tutorial_dag.py for tasks to queue
[2023-06-09T01:45:31.801+0000] {logging_mixin.py:149} INFO - [2023-06-09T01:45:31.801+0000] {dagbag.py:541} INFO - Filling up the DagBag from /home/airflow/.local/lib/python3.7/site-packages/airflow/example_dags/tutorial_dag.py
[2023-06-09T01:45:31.809+0000] {processor.py:836} INFO - DAG(s) dict_keys(['tutorial_dag']) retrieved from /home/airflow/.local/lib/python3.7/site-packages/airflow/example_dags/tutorial_dag.py
[2023-06-09T01:45:31.838+0000] {logging_mixin.py:149} INFO - [2023-06-09T01:45:31.838+0000] {dag.py:2726} INFO - Sync 1 DAGs
[2023-06-09T01:45:31.857+0000] {logging_mixin.py:149} INFO - [2023-06-09T01:45:31.856+0000] {dag.py:3490} INFO - Setting next_dagrun for tutorial_dag to None, run_after=None
[2023-06-09T01:45:31.870+0000] {processor.py:179} INFO - Processing /home/airflow/.local/lib/python3.7/site-packages/airflow/example_dags/tutorial_dag.py took 0.082 seconds
[2023-06-09T01:46:02.504+0000] {processor.py:157} INFO - Started process (PID=2332) to work on /home/airflow/.local/lib/python3.7/site-packages/airflow/example_dags/tutorial_dag.py
[2023-06-09T01:46:02.507+0000] {processor.py:826} INFO - Processing file /home/airflow/.local/lib/python3.7/site-packages/airflow/example_dags/tutorial_dag.py for tasks to queue
[2023-06-09T01:46:02.509+0000] {logging_mixin.py:149} INFO - [2023-06-09T01:46:02.509+0000] {dagbag.py:541} INFO - Filling up the DagBag from /home/airflow/.local/lib/python3.7/site-packages/airflow/example_dags/tutorial_dag.py
[2023-06-09T01:46:02.518+0000] {processor.py:836} INFO - DAG(s) dict_keys(['tutorial_dag']) retrieved from /home/airflow/.local/lib/python3.7/site-packages/airflow/example_dags/tutorial_dag.py
[2023-06-09T01:46:02.550+0000] {logging_mixin.py:149} INFO - [2023-06-09T01:46:02.549+0000] {dag.py:2726} INFO - Sync 1 DAGs
[2023-06-09T01:46:02.568+0000] {logging_mixin.py:149} INFO - [2023-06-09T01:46:02.568+0000] {dag.py:3490} INFO - Setting next_dagrun for tutorial_dag to None, run_after=None
[2023-06-09T01:46:02.582+0000] {processor.py:179} INFO - Processing /home/airflow/.local/lib/python3.7/site-packages/airflow/example_dags/tutorial_dag.py took 0.087 seconds
[2023-06-09T01:46:32.922+0000] {processor.py:157} INFO - Started process (PID=2389) to work on /home/airflow/.local/lib/python3.7/site-packages/airflow/example_dags/tutorial_dag.py
[2023-06-09T01:46:32.925+0000] {processor.py:826} INFO - Processing file /home/airflow/.local/lib/python3.7/site-packages/airflow/example_dags/tutorial_dag.py for tasks to queue
[2023-06-09T01:46:32.927+0000] {logging_mixin.py:149} INFO - [2023-06-09T01:46:32.927+0000] {dagbag.py:541} INFO - Filling up the DagBag from /home/airflow/.local/lib/python3.7/site-packages/airflow/example_dags/tutorial_dag.py
[2023-06-09T01:46:32.934+0000] {processor.py:836} INFO - DAG(s) dict_keys(['tutorial_dag']) retrieved from /home/airflow/.local/lib/python3.7/site-packages/airflow/example_dags/tutorial_dag.py
[2023-06-09T01:46:32.961+0000] {logging_mixin.py:149} INFO - [2023-06-09T01:46:32.961+0000] {dag.py:2726} INFO - Sync 1 DAGs
[2023-06-09T01:46:32.979+0000] {logging_mixin.py:149} INFO - [2023-06-09T01:46:32.979+0000] {dag.py:3490} INFO - Setting next_dagrun for tutorial_dag to None, run_after=None
[2023-06-09T01:46:32.992+0000] {processor.py:179} INFO - Processing /home/airflow/.local/lib/python3.7/site-packages/airflow/example_dags/tutorial_dag.py took 0.077 seconds
[2023-06-09T01:47:03.599+0000] {processor.py:157} INFO - Started process (PID=2444) to work on /home/airflow/.local/lib/python3.7/site-packages/airflow/example_dags/tutorial_dag.py
[2023-06-09T01:47:03.601+0000] {processor.py:826} INFO - Processing file /home/airflow/.local/lib/python3.7/site-packages/airflow/example_dags/tutorial_dag.py for tasks to queue
[2023-06-09T01:47:03.602+0000] {logging_mixin.py:149} INFO - [2023-06-09T01:47:03.602+0000] {dagbag.py:541} INFO - Filling up the DagBag from /home/airflow/.local/lib/python3.7/site-packages/airflow/example_dags/tutorial_dag.py
[2023-06-09T01:47:03.609+0000] {processor.py:836} INFO - DAG(s) dict_keys(['tutorial_dag']) retrieved from /home/airflow/.local/lib/python3.7/site-packages/airflow/example_dags/tutorial_dag.py
[2023-06-09T01:47:03.642+0000] {logging_mixin.py:149} INFO - [2023-06-09T01:47:03.642+0000] {dag.py:2726} INFO - Sync 1 DAGs
[2023-06-09T01:47:03.663+0000] {logging_mixin.py:149} INFO - [2023-06-09T01:47:03.663+0000] {dag.py:3490} INFO - Setting next_dagrun for tutorial_dag to None, run_after=None
[2023-06-09T01:47:03.677+0000] {processor.py:179} INFO - Processing /home/airflow/.local/lib/python3.7/site-packages/airflow/example_dags/tutorial_dag.py took 0.083 seconds
[2023-06-09T01:47:34.222+0000] {processor.py:157} INFO - Started process (PID=2500) to work on /home/airflow/.local/lib/python3.7/site-packages/airflow/example_dags/tutorial_dag.py
[2023-06-09T01:47:34.225+0000] {processor.py:826} INFO - Processing file /home/airflow/.local/lib/python3.7/site-packages/airflow/example_dags/tutorial_dag.py for tasks to queue
[2023-06-09T01:47:34.227+0000] {logging_mixin.py:149} INFO - [2023-06-09T01:47:34.227+0000] {dagbag.py:541} INFO - Filling up the DagBag from /home/airflow/.local/lib/python3.7/site-packages/airflow/example_dags/tutorial_dag.py
[2023-06-09T01:47:34.237+0000] {processor.py:836} INFO - DAG(s) dict_keys(['tutorial_dag']) retrieved from /home/airflow/.local/lib/python3.7/site-packages/airflow/example_dags/tutorial_dag.py
[2023-06-09T01:47:34.269+0000] {logging_mixin.py:149} INFO - [2023-06-09T01:47:34.268+0000] {dag.py:2726} INFO - Sync 1 DAGs
[2023-06-09T01:47:34.287+0000] {logging_mixin.py:149} INFO - [2023-06-09T01:47:34.287+0000] {dag.py:3490} INFO - Setting next_dagrun for tutorial_dag to None, run_after=None
[2023-06-09T01:47:34.300+0000] {processor.py:179} INFO - Processing /home/airflow/.local/lib/python3.7/site-packages/airflow/example_dags/tutorial_dag.py took 0.086 seconds
[2023-06-09T01:48:04.997+0000] {processor.py:157} INFO - Started process (PID=2557) to work on /home/airflow/.local/lib/python3.7/site-packages/airflow/example_dags/tutorial_dag.py
[2023-06-09T01:48:05.000+0000] {processor.py:826} INFO - Processing file /home/airflow/.local/lib/python3.7/site-packages/airflow/example_dags/tutorial_dag.py for tasks to queue
[2023-06-09T01:48:05.001+0000] {logging_mixin.py:149} INFO - [2023-06-09T01:48:05.001+0000] {dagbag.py:541} INFO - Filling up the DagBag from /home/airflow/.local/lib/python3.7/site-packages/airflow/example_dags/tutorial_dag.py
[2023-06-09T01:48:05.010+0000] {processor.py:836} INFO - DAG(s) dict_keys(['tutorial_dag']) retrieved from /home/airflow/.local/lib/python3.7/site-packages/airflow/example_dags/tutorial_dag.py
[2023-06-09T01:48:05.041+0000] {logging_mixin.py:149} INFO - [2023-06-09T01:48:05.041+0000] {dag.py:2726} INFO - Sync 1 DAGs
[2023-06-09T01:48:05.060+0000] {logging_mixin.py:149} INFO - [2023-06-09T01:48:05.060+0000] {dag.py:3490} INFO - Setting next_dagrun for tutorial_dag to None, run_after=None
[2023-06-09T01:48:05.074+0000] {processor.py:179} INFO - Processing /home/airflow/.local/lib/python3.7/site-packages/airflow/example_dags/tutorial_dag.py took 0.084 seconds
[2023-06-09T01:48:35.268+0000] {processor.py:157} INFO - Started process (PID=2613) to work on /home/airflow/.local/lib/python3.7/site-packages/airflow/example_dags/tutorial_dag.py
[2023-06-09T01:48:35.270+0000] {processor.py:826} INFO - Processing file /home/airflow/.local/lib/python3.7/site-packages/airflow/example_dags/tutorial_dag.py for tasks to queue
[2023-06-09T01:48:35.272+0000] {logging_mixin.py:149} INFO - [2023-06-09T01:48:35.272+0000] {dagbag.py:541} INFO - Filling up the DagBag from /home/airflow/.local/lib/python3.7/site-packages/airflow/example_dags/tutorial_dag.py
[2023-06-09T01:48:35.280+0000] {processor.py:836} INFO - DAG(s) dict_keys(['tutorial_dag']) retrieved from /home/airflow/.local/lib/python3.7/site-packages/airflow/example_dags/tutorial_dag.py
[2023-06-09T01:48:35.313+0000] {logging_mixin.py:149} INFO - [2023-06-09T01:48:35.313+0000] {dag.py:2726} INFO - Sync 1 DAGs
[2023-06-09T01:48:35.332+0000] {logging_mixin.py:149} INFO - [2023-06-09T01:48:35.332+0000] {dag.py:3490} INFO - Setting next_dagrun for tutorial_dag to None, run_after=None
[2023-06-09T01:48:35.345+0000] {processor.py:179} INFO - Processing /home/airflow/.local/lib/python3.7/site-packages/airflow/example_dags/tutorial_dag.py took 0.086 seconds
[2023-06-09T01:49:05.455+0000] {processor.py:157} INFO - Started process (PID=2669) to work on /home/airflow/.local/lib/python3.7/site-packages/airflow/example_dags/tutorial_dag.py
[2023-06-09T01:49:05.458+0000] {processor.py:826} INFO - Processing file /home/airflow/.local/lib/python3.7/site-packages/airflow/example_dags/tutorial_dag.py for tasks to queue
[2023-06-09T01:49:05.460+0000] {logging_mixin.py:149} INFO - [2023-06-09T01:49:05.460+0000] {dagbag.py:541} INFO - Filling up the DagBag from /home/airflow/.local/lib/python3.7/site-packages/airflow/example_dags/tutorial_dag.py
[2023-06-09T01:49:05.470+0000] {processor.py:836} INFO - DAG(s) dict_keys(['tutorial_dag']) retrieved from /home/airflow/.local/lib/python3.7/site-packages/airflow/example_dags/tutorial_dag.py
[2023-06-09T01:49:05.505+0000] {logging_mixin.py:149} INFO - [2023-06-09T01:49:05.505+0000] {dag.py:2726} INFO - Sync 1 DAGs
[2023-06-09T01:49:05.521+0000] {logging_mixin.py:149} INFO - [2023-06-09T01:49:05.521+0000] {dag.py:3490} INFO - Setting next_dagrun for tutorial_dag to None, run_after=None
[2023-06-09T01:49:05.532+0000] {processor.py:179} INFO - Processing /home/airflow/.local/lib/python3.7/site-packages/airflow/example_dags/tutorial_dag.py took 0.085 seconds
[2023-06-09T01:49:35.760+0000] {processor.py:157} INFO - Started process (PID=2724) to work on /home/airflow/.local/lib/python3.7/site-packages/airflow/example_dags/tutorial_dag.py
[2023-06-09T01:49:35.764+0000] {processor.py:826} INFO - Processing file /home/airflow/.local/lib/python3.7/site-packages/airflow/example_dags/tutorial_dag.py for tasks to queue
[2023-06-09T01:49:35.766+0000] {logging_mixin.py:149} INFO - [2023-06-09T01:49:35.765+0000] {dagbag.py:541} INFO - Filling up the DagBag from /home/airflow/.local/lib/python3.7/site-packages/airflow/example_dags/tutorial_dag.py
[2023-06-09T01:49:35.774+0000] {processor.py:836} INFO - DAG(s) dict_keys(['tutorial_dag']) retrieved from /home/airflow/.local/lib/python3.7/site-packages/airflow/example_dags/tutorial_dag.py
[2023-06-09T01:49:35.805+0000] {logging_mixin.py:149} INFO - [2023-06-09T01:49:35.805+0000] {dag.py:2726} INFO - Sync 1 DAGs
[2023-06-09T01:49:35.821+0000] {logging_mixin.py:149} INFO - [2023-06-09T01:49:35.821+0000] {dag.py:3490} INFO - Setting next_dagrun for tutorial_dag to None, run_after=None
[2023-06-09T01:49:35.832+0000] {processor.py:179} INFO - Processing /home/airflow/.local/lib/python3.7/site-packages/airflow/example_dags/tutorial_dag.py took 0.079 seconds
[2023-06-09T01:50:06.383+0000] {processor.py:157} INFO - Started process (PID=2780) to work on /home/airflow/.local/lib/python3.7/site-packages/airflow/example_dags/tutorial_dag.py
[2023-06-09T01:50:06.386+0000] {processor.py:826} INFO - Processing file /home/airflow/.local/lib/python3.7/site-packages/airflow/example_dags/tutorial_dag.py for tasks to queue
[2023-06-09T01:50:06.387+0000] {logging_mixin.py:149} INFO - [2023-06-09T01:50:06.387+0000] {dagbag.py:541} INFO - Filling up the DagBag from /home/airflow/.local/lib/python3.7/site-packages/airflow/example_dags/tutorial_dag.py
[2023-06-09T01:50:06.400+0000] {processor.py:836} INFO - DAG(s) dict_keys(['tutorial_dag']) retrieved from /home/airflow/.local/lib/python3.7/site-packages/airflow/example_dags/tutorial_dag.py
[2023-06-09T01:50:06.434+0000] {logging_mixin.py:149} INFO - [2023-06-09T01:50:06.434+0000] {dag.py:2726} INFO - Sync 1 DAGs
[2023-06-09T01:50:06.457+0000] {logging_mixin.py:149} INFO - [2023-06-09T01:50:06.457+0000] {dag.py:3490} INFO - Setting next_dagrun for tutorial_dag to None, run_after=None
[2023-06-09T01:50:06.472+0000] {processor.py:179} INFO - Processing /home/airflow/.local/lib/python3.7/site-packages/airflow/example_dags/tutorial_dag.py took 0.118 seconds
[2023-06-09T01:50:36.584+0000] {processor.py:157} INFO - Started process (PID=2836) to work on /home/airflow/.local/lib/python3.7/site-packages/airflow/example_dags/tutorial_dag.py
[2023-06-09T01:50:36.588+0000] {processor.py:826} INFO - Processing file /home/airflow/.local/lib/python3.7/site-packages/airflow/example_dags/tutorial_dag.py for tasks to queue
[2023-06-09T01:50:36.590+0000] {logging_mixin.py:149} INFO - [2023-06-09T01:50:36.590+0000] {dagbag.py:541} INFO - Filling up the DagBag from /home/airflow/.local/lib/python3.7/site-packages/airflow/example_dags/tutorial_dag.py
[2023-06-09T01:50:36.600+0000] {processor.py:836} INFO - DAG(s) dict_keys(['tutorial_dag']) retrieved from /home/airflow/.local/lib/python3.7/site-packages/airflow/example_dags/tutorial_dag.py
[2023-06-09T01:50:36.630+0000] {logging_mixin.py:149} INFO - [2023-06-09T01:50:36.630+0000] {dag.py:2726} INFO - Sync 1 DAGs
[2023-06-09T01:50:36.647+0000] {logging_mixin.py:149} INFO - [2023-06-09T01:50:36.647+0000] {dag.py:3490} INFO - Setting next_dagrun for tutorial_dag to None, run_after=None
[2023-06-09T01:50:36.659+0000] {processor.py:179} INFO - Processing /home/airflow/.local/lib/python3.7/site-packages/airflow/example_dags/tutorial_dag.py took 0.083 seconds
[2023-06-09T01:51:06.929+0000] {processor.py:157} INFO - Started process (PID=2892) to work on /home/airflow/.local/lib/python3.7/site-packages/airflow/example_dags/tutorial_dag.py
[2023-06-09T01:51:06.932+0000] {processor.py:826} INFO - Processing file /home/airflow/.local/lib/python3.7/site-packages/airflow/example_dags/tutorial_dag.py for tasks to queue
[2023-06-09T01:51:06.933+0000] {logging_mixin.py:149} INFO - [2023-06-09T01:51:06.933+0000] {dagbag.py:541} INFO - Filling up the DagBag from /home/airflow/.local/lib/python3.7/site-packages/airflow/example_dags/tutorial_dag.py
[2023-06-09T01:51:06.941+0000] {processor.py:836} INFO - DAG(s) dict_keys(['tutorial_dag']) retrieved from /home/airflow/.local/lib/python3.7/site-packages/airflow/example_dags/tutorial_dag.py
[2023-06-09T01:51:06.969+0000] {logging_mixin.py:149} INFO - [2023-06-09T01:51:06.969+0000] {dag.py:2726} INFO - Sync 1 DAGs
[2023-06-09T01:51:06.985+0000] {logging_mixin.py:149} INFO - [2023-06-09T01:51:06.984+0000] {dag.py:3490} INFO - Setting next_dagrun for tutorial_dag to None, run_after=None
[2023-06-09T01:51:06.996+0000] {processor.py:179} INFO - Processing /home/airflow/.local/lib/python3.7/site-packages/airflow/example_dags/tutorial_dag.py took 0.074 seconds
[2023-06-09T01:51:37.335+0000] {processor.py:157} INFO - Started process (PID=2948) to work on /home/airflow/.local/lib/python3.7/site-packages/airflow/example_dags/tutorial_dag.py
[2023-06-09T01:51:37.338+0000] {processor.py:826} INFO - Processing file /home/airflow/.local/lib/python3.7/site-packages/airflow/example_dags/tutorial_dag.py for tasks to queue
[2023-06-09T01:51:37.340+0000] {logging_mixin.py:149} INFO - [2023-06-09T01:51:37.340+0000] {dagbag.py:541} INFO - Filling up the DagBag from /home/airflow/.local/lib/python3.7/site-packages/airflow/example_dags/tutorial_dag.py
[2023-06-09T01:51:37.351+0000] {processor.py:836} INFO - DAG(s) dict_keys(['tutorial_dag']) retrieved from /home/airflow/.local/lib/python3.7/site-packages/airflow/example_dags/tutorial_dag.py
[2023-06-09T01:51:37.382+0000] {logging_mixin.py:149} INFO - [2023-06-09T01:51:37.382+0000] {dag.py:2726} INFO - Sync 1 DAGs
[2023-06-09T01:51:37.400+0000] {logging_mixin.py:149} INFO - [2023-06-09T01:51:37.400+0000] {dag.py:3490} INFO - Setting next_dagrun for tutorial_dag to None, run_after=None
[2023-06-09T01:51:37.410+0000] {processor.py:179} INFO - Processing /home/airflow/.local/lib/python3.7/site-packages/airflow/example_dags/tutorial_dag.py took 0.083 seconds
[2023-06-09T01:52:07.556+0000] {processor.py:157} INFO - Started process (PID=3004) to work on /home/airflow/.local/lib/python3.7/site-packages/airflow/example_dags/tutorial_dag.py
[2023-06-09T01:52:07.558+0000] {processor.py:826} INFO - Processing file /home/airflow/.local/lib/python3.7/site-packages/airflow/example_dags/tutorial_dag.py for tasks to queue
[2023-06-09T01:52:07.560+0000] {logging_mixin.py:149} INFO - [2023-06-09T01:52:07.560+0000] {dagbag.py:541} INFO - Filling up the DagBag from /home/airflow/.local/lib/python3.7/site-packages/airflow/example_dags/tutorial_dag.py
[2023-06-09T01:52:07.569+0000] {processor.py:836} INFO - DAG(s) dict_keys(['tutorial_dag']) retrieved from /home/airflow/.local/lib/python3.7/site-packages/airflow/example_dags/tutorial_dag.py
[2023-06-09T01:52:07.598+0000] {logging_mixin.py:149} INFO - [2023-06-09T01:52:07.598+0000] {dag.py:2726} INFO - Sync 1 DAGs
[2023-06-09T01:52:07.615+0000] {logging_mixin.py:149} INFO - [2023-06-09T01:52:07.615+0000] {dag.py:3490} INFO - Setting next_dagrun for tutorial_dag to None, run_after=None
[2023-06-09T01:52:07.628+0000] {processor.py:179} INFO - Processing /home/airflow/.local/lib/python3.7/site-packages/airflow/example_dags/tutorial_dag.py took 0.078 seconds
[2023-06-09T01:52:38.117+0000] {processor.py:157} INFO - Started process (PID=3060) to work on /home/airflow/.local/lib/python3.7/site-packages/airflow/example_dags/tutorial_dag.py
[2023-06-09T01:52:38.120+0000] {processor.py:826} INFO - Processing file /home/airflow/.local/lib/python3.7/site-packages/airflow/example_dags/tutorial_dag.py for tasks to queue
[2023-06-09T01:52:38.121+0000] {logging_mixin.py:149} INFO - [2023-06-09T01:52:38.121+0000] {dagbag.py:541} INFO - Filling up the DagBag from /home/airflow/.local/lib/python3.7/site-packages/airflow/example_dags/tutorial_dag.py
[2023-06-09T01:52:38.130+0000] {processor.py:836} INFO - DAG(s) dict_keys(['tutorial_dag']) retrieved from /home/airflow/.local/lib/python3.7/site-packages/airflow/example_dags/tutorial_dag.py
[2023-06-09T01:52:38.160+0000] {logging_mixin.py:149} INFO - [2023-06-09T01:52:38.159+0000] {dag.py:2726} INFO - Sync 1 DAGs
[2023-06-09T01:52:38.176+0000] {logging_mixin.py:149} INFO - [2023-06-09T01:52:38.176+0000] {dag.py:3490} INFO - Setting next_dagrun for tutorial_dag to None, run_after=None
[2023-06-09T01:52:38.188+0000] {processor.py:179} INFO - Processing /home/airflow/.local/lib/python3.7/site-packages/airflow/example_dags/tutorial_dag.py took 0.080 seconds
[2023-06-09T01:53:49.475+0000] {processor.py:157} INFO - Started process (PID=34) to work on /home/airflow/.local/lib/python3.7/site-packages/airflow/example_dags/tutorial_dag.py
[2023-06-09T01:53:49.477+0000] {processor.py:826} INFO - Processing file /home/airflow/.local/lib/python3.7/site-packages/airflow/example_dags/tutorial_dag.py for tasks to queue
[2023-06-09T01:53:49.478+0000] {logging_mixin.py:149} INFO - [2023-06-09T01:53:49.478+0000] {dagbag.py:541} INFO - Filling up the DagBag from /home/airflow/.local/lib/python3.7/site-packages/airflow/example_dags/tutorial_dag.py
[2023-06-09T01:53:49.487+0000] {processor.py:836} INFO - DAG(s) dict_keys(['tutorial_dag']) retrieved from /home/airflow/.local/lib/python3.7/site-packages/airflow/example_dags/tutorial_dag.py
[2023-06-09T01:53:49.508+0000] {logging_mixin.py:149} INFO - [2023-06-09T01:53:49.508+0000] {dag.py:2726} INFO - Sync 1 DAGs
[2023-06-09T01:53:49.546+0000] {logging_mixin.py:149} INFO - [2023-06-09T01:53:49.546+0000] {dag.py:3490} INFO - Setting next_dagrun for tutorial_dag to None, run_after=None
[2023-06-09T01:53:49.569+0000] {processor.py:179} INFO - Processing /home/airflow/.local/lib/python3.7/site-packages/airflow/example_dags/tutorial_dag.py took 0.097 seconds
