[2023-06-09T01:25:09.754+0000] {processor.py:157} INFO - Started process (PID=38) to work on /home/airflow/.local/lib/python3.7/site-packages/airflow/example_dags/tutorial_taskflow_api_virtualenv.py
[2023-06-09T01:25:09.757+0000] {processor.py:826} INFO - Processing file /home/airflow/.local/lib/python3.7/site-packages/airflow/example_dags/tutorial_taskflow_api_virtualenv.py for tasks to queue
[2023-06-09T01:25:09.761+0000] {logging_mixin.py:149} INFO - [2023-06-09T01:25:09.761+0000] {dagbag.py:541} INFO - Filling up the DagBag from /home/airflow/.local/lib/python3.7/site-packages/airflow/example_dags/tutorial_taskflow_api_virtualenv.py
[2023-06-09T01:25:09.781+0000] {processor.py:836} INFO - DAG(s) dict_keys(['tutorial_taskflow_api_virtualenv']) retrieved from /home/airflow/.local/lib/python3.7/site-packages/airflow/example_dags/tutorial_taskflow_api_virtualenv.py
[2023-06-09T01:25:10.492+0000] {logging_mixin.py:149} INFO - [2023-06-09T01:25:10.491+0000] {manager.py:504} INFO - Created Permission View: can delete on DAG:tutorial_taskflow_api_virtualenv
[2023-06-09T01:25:10.670+0000] {logging_mixin.py:149} INFO - [2023-06-09T01:25:10.669+0000] {manager.py:504} INFO - Created Permission View: can edit on DAG:tutorial_taskflow_api_virtualenv
[2023-06-09T01:25:10.713+0000] {logging_mixin.py:149} INFO - [2023-06-09T01:25:10.711+0000] {manager.py:504} INFO - Created Permission View: can read on DAG:tutorial_taskflow_api_virtualenv
[2023-06-09T01:25:10.719+0000] {logging_mixin.py:149} INFO - [2023-06-09T01:25:10.719+0000] {dag.py:2726} INFO - Sync 1 DAGs
[2023-06-09T01:25:10.771+0000] {logging_mixin.py:149} INFO - [2023-06-09T01:25:10.770+0000] {dag.py:2747} INFO - Creating ORM DAG for tutorial_taskflow_api_virtualenv
[2023-06-09T01:25:10.801+0000] {logging_mixin.py:149} INFO - [2023-06-09T01:25:10.800+0000] {dag.py:3490} INFO - Setting next_dagrun for tutorial_taskflow_api_virtualenv to None, run_after=None
[2023-06-09T01:25:10.891+0000] {processor.py:179} INFO - Processing /home/airflow/.local/lib/python3.7/site-packages/airflow/example_dags/tutorial_taskflow_api_virtualenv.py took 1.147 seconds
[2023-06-09T01:25:43.605+0000] {processor.py:157} INFO - Started process (PID=93) to work on /home/airflow/.local/lib/python3.7/site-packages/airflow/example_dags/tutorial_taskflow_api_virtualenv.py
[2023-06-09T01:25:43.656+0000] {processor.py:826} INFO - Processing file /home/airflow/.local/lib/python3.7/site-packages/airflow/example_dags/tutorial_taskflow_api_virtualenv.py for tasks to queue
[2023-06-09T01:25:43.683+0000] {logging_mixin.py:149} INFO - [2023-06-09T01:25:43.682+0000] {dagbag.py:541} INFO - Filling up the DagBag from /home/airflow/.local/lib/python3.7/site-packages/airflow/example_dags/tutorial_taskflow_api_virtualenv.py
[2023-06-09T01:25:43.895+0000] {processor.py:836} INFO - DAG(s) dict_keys(['tutorial_taskflow_api_virtualenv']) retrieved from /home/airflow/.local/lib/python3.7/site-packages/airflow/example_dags/tutorial_taskflow_api_virtualenv.py
[2023-06-09T01:25:44.091+0000] {logging_mixin.py:149} INFO - [2023-06-09T01:25:44.091+0000] {dag.py:2726} INFO - Sync 1 DAGs
[2023-06-09T01:25:44.324+0000] {logging_mixin.py:149} INFO - [2023-06-09T01:25:44.323+0000] {dag.py:3490} INFO - Setting next_dagrun for tutorial_taskflow_api_virtualenv to None, run_after=None
[2023-06-09T01:25:44.407+0000] {processor.py:179} INFO - Processing /home/airflow/.local/lib/python3.7/site-packages/airflow/example_dags/tutorial_taskflow_api_virtualenv.py took 0.896 seconds
[2023-06-09T01:26:15.013+0000] {processor.py:157} INFO - Started process (PID=149) to work on /home/airflow/.local/lib/python3.7/site-packages/airflow/example_dags/tutorial_taskflow_api_virtualenv.py
[2023-06-09T01:26:15.015+0000] {processor.py:826} INFO - Processing file /home/airflow/.local/lib/python3.7/site-packages/airflow/example_dags/tutorial_taskflow_api_virtualenv.py for tasks to queue
[2023-06-09T01:26:15.016+0000] {logging_mixin.py:149} INFO - [2023-06-09T01:26:15.016+0000] {dagbag.py:541} INFO - Filling up the DagBag from /home/airflow/.local/lib/python3.7/site-packages/airflow/example_dags/tutorial_taskflow_api_virtualenv.py
[2023-06-09T01:26:15.024+0000] {processor.py:836} INFO - DAG(s) dict_keys(['tutorial_taskflow_api_virtualenv']) retrieved from /home/airflow/.local/lib/python3.7/site-packages/airflow/example_dags/tutorial_taskflow_api_virtualenv.py
[2023-06-09T01:26:15.045+0000] {logging_mixin.py:149} INFO - [2023-06-09T01:26:15.045+0000] {dag.py:2726} INFO - Sync 1 DAGs
[2023-06-09T01:26:15.061+0000] {logging_mixin.py:149} INFO - [2023-06-09T01:26:15.061+0000] {dag.py:3490} INFO - Setting next_dagrun for tutorial_taskflow_api_virtualenv to None, run_after=None
[2023-06-09T01:26:15.072+0000] {processor.py:179} INFO - Processing /home/airflow/.local/lib/python3.7/site-packages/airflow/example_dags/tutorial_taskflow_api_virtualenv.py took 0.063 seconds
[2023-06-09T01:26:45.192+0000] {processor.py:157} INFO - Started process (PID=205) to work on /home/airflow/.local/lib/python3.7/site-packages/airflow/example_dags/tutorial_taskflow_api_virtualenv.py
[2023-06-09T01:26:45.194+0000] {processor.py:826} INFO - Processing file /home/airflow/.local/lib/python3.7/site-packages/airflow/example_dags/tutorial_taskflow_api_virtualenv.py for tasks to queue
[2023-06-09T01:26:45.195+0000] {logging_mixin.py:149} INFO - [2023-06-09T01:26:45.195+0000] {dagbag.py:541} INFO - Filling up the DagBag from /home/airflow/.local/lib/python3.7/site-packages/airflow/example_dags/tutorial_taskflow_api_virtualenv.py
[2023-06-09T01:26:45.202+0000] {processor.py:836} INFO - DAG(s) dict_keys(['tutorial_taskflow_api_virtualenv']) retrieved from /home/airflow/.local/lib/python3.7/site-packages/airflow/example_dags/tutorial_taskflow_api_virtualenv.py
[2023-06-09T01:26:45.226+0000] {logging_mixin.py:149} INFO - [2023-06-09T01:26:45.225+0000] {dag.py:2726} INFO - Sync 1 DAGs
[2023-06-09T01:26:45.241+0000] {logging_mixin.py:149} INFO - [2023-06-09T01:26:45.241+0000] {dag.py:3490} INFO - Setting next_dagrun for tutorial_taskflow_api_virtualenv to None, run_after=None
[2023-06-09T01:26:45.252+0000] {processor.py:179} INFO - Processing /home/airflow/.local/lib/python3.7/site-packages/airflow/example_dags/tutorial_taskflow_api_virtualenv.py took 0.063 seconds
[2023-06-09T01:27:15.778+0000] {processor.py:157} INFO - Started process (PID=261) to work on /home/airflow/.local/lib/python3.7/site-packages/airflow/example_dags/tutorial_taskflow_api_virtualenv.py
[2023-06-09T01:27:15.781+0000] {processor.py:826} INFO - Processing file /home/airflow/.local/lib/python3.7/site-packages/airflow/example_dags/tutorial_taskflow_api_virtualenv.py for tasks to queue
[2023-06-09T01:27:15.783+0000] {logging_mixin.py:149} INFO - [2023-06-09T01:27:15.783+0000] {dagbag.py:541} INFO - Filling up the DagBag from /home/airflow/.local/lib/python3.7/site-packages/airflow/example_dags/tutorial_taskflow_api_virtualenv.py
[2023-06-09T01:27:15.804+0000] {processor.py:836} INFO - DAG(s) dict_keys(['tutorial_taskflow_api_virtualenv']) retrieved from /home/airflow/.local/lib/python3.7/site-packages/airflow/example_dags/tutorial_taskflow_api_virtualenv.py
[2023-06-09T01:27:15.917+0000] {logging_mixin.py:149} INFO - [2023-06-09T01:27:15.916+0000] {dag.py:2726} INFO - Sync 1 DAGs
[2023-06-09T01:27:16.040+0000] {logging_mixin.py:149} INFO - [2023-06-09T01:27:16.039+0000] {dag.py:3490} INFO - Setting next_dagrun for tutorial_taskflow_api_virtualenv to None, run_after=None
[2023-06-09T01:27:16.088+0000] {processor.py:179} INFO - Processing /home/airflow/.local/lib/python3.7/site-packages/airflow/example_dags/tutorial_taskflow_api_virtualenv.py took 0.321 seconds
[2023-06-09T01:27:46.181+0000] {processor.py:157} INFO - Started process (PID=317) to work on /home/airflow/.local/lib/python3.7/site-packages/airflow/example_dags/tutorial_taskflow_api_virtualenv.py
[2023-06-09T01:27:46.182+0000] {processor.py:826} INFO - Processing file /home/airflow/.local/lib/python3.7/site-packages/airflow/example_dags/tutorial_taskflow_api_virtualenv.py for tasks to queue
[2023-06-09T01:27:46.183+0000] {logging_mixin.py:149} INFO - [2023-06-09T01:27:46.183+0000] {dagbag.py:541} INFO - Filling up the DagBag from /home/airflow/.local/lib/python3.7/site-packages/airflow/example_dags/tutorial_taskflow_api_virtualenv.py
[2023-06-09T01:27:46.191+0000] {processor.py:836} INFO - DAG(s) dict_keys(['tutorial_taskflow_api_virtualenv']) retrieved from /home/airflow/.local/lib/python3.7/site-packages/airflow/example_dags/tutorial_taskflow_api_virtualenv.py
[2023-06-09T01:27:46.227+0000] {logging_mixin.py:149} INFO - [2023-06-09T01:27:46.227+0000] {dag.py:2726} INFO - Sync 1 DAGs
[2023-06-09T01:27:46.257+0000] {logging_mixin.py:149} INFO - [2023-06-09T01:27:46.256+0000] {dag.py:3490} INFO - Setting next_dagrun for tutorial_taskflow_api_virtualenv to None, run_after=None
[2023-06-09T01:27:46.279+0000] {processor.py:179} INFO - Processing /home/airflow/.local/lib/python3.7/site-packages/airflow/example_dags/tutorial_taskflow_api_virtualenv.py took 0.102 seconds
[2023-06-09T01:28:16.760+0000] {processor.py:157} INFO - Started process (PID=373) to work on /home/airflow/.local/lib/python3.7/site-packages/airflow/example_dags/tutorial_taskflow_api_virtualenv.py
[2023-06-09T01:28:16.762+0000] {processor.py:826} INFO - Processing file /home/airflow/.local/lib/python3.7/site-packages/airflow/example_dags/tutorial_taskflow_api_virtualenv.py for tasks to queue
[2023-06-09T01:28:16.763+0000] {logging_mixin.py:149} INFO - [2023-06-09T01:28:16.763+0000] {dagbag.py:541} INFO - Filling up the DagBag from /home/airflow/.local/lib/python3.7/site-packages/airflow/example_dags/tutorial_taskflow_api_virtualenv.py
[2023-06-09T01:28:16.769+0000] {processor.py:836} INFO - DAG(s) dict_keys(['tutorial_taskflow_api_virtualenv']) retrieved from /home/airflow/.local/lib/python3.7/site-packages/airflow/example_dags/tutorial_taskflow_api_virtualenv.py
[2023-06-09T01:28:16.792+0000] {logging_mixin.py:149} INFO - [2023-06-09T01:28:16.792+0000] {dag.py:2726} INFO - Sync 1 DAGs
[2023-06-09T01:28:16.813+0000] {logging_mixin.py:149} INFO - [2023-06-09T01:28:16.813+0000] {dag.py:3490} INFO - Setting next_dagrun for tutorial_taskflow_api_virtualenv to None, run_after=None
[2023-06-09T01:28:16.858+0000] {processor.py:179} INFO - Processing /home/airflow/.local/lib/python3.7/site-packages/airflow/example_dags/tutorial_taskflow_api_virtualenv.py took 0.101 seconds
[2023-06-09T01:28:47.818+0000] {processor.py:157} INFO - Started process (PID=436) to work on /home/airflow/.local/lib/python3.7/site-packages/airflow/example_dags/tutorial_taskflow_api_virtualenv.py
[2023-06-09T01:28:47.820+0000] {processor.py:826} INFO - Processing file /home/airflow/.local/lib/python3.7/site-packages/airflow/example_dags/tutorial_taskflow_api_virtualenv.py for tasks to queue
[2023-06-09T01:28:47.822+0000] {logging_mixin.py:149} INFO - [2023-06-09T01:28:47.821+0000] {dagbag.py:541} INFO - Filling up the DagBag from /home/airflow/.local/lib/python3.7/site-packages/airflow/example_dags/tutorial_taskflow_api_virtualenv.py
[2023-06-09T01:28:47.832+0000] {processor.py:836} INFO - DAG(s) dict_keys(['tutorial_taskflow_api_virtualenv']) retrieved from /home/airflow/.local/lib/python3.7/site-packages/airflow/example_dags/tutorial_taskflow_api_virtualenv.py
[2023-06-09T01:28:47.871+0000] {logging_mixin.py:149} INFO - [2023-06-09T01:28:47.871+0000] {dag.py:2726} INFO - Sync 1 DAGs
[2023-06-09T01:28:47.894+0000] {logging_mixin.py:149} INFO - [2023-06-09T01:28:47.894+0000] {dag.py:3490} INFO - Setting next_dagrun for tutorial_taskflow_api_virtualenv to None, run_after=None
[2023-06-09T01:28:47.918+0000] {processor.py:179} INFO - Processing /home/airflow/.local/lib/python3.7/site-packages/airflow/example_dags/tutorial_taskflow_api_virtualenv.py took 0.104 seconds
[2023-06-09T01:29:17.988+0000] {processor.py:157} INFO - Started process (PID=487) to work on /home/airflow/.local/lib/python3.7/site-packages/airflow/example_dags/tutorial_taskflow_api_virtualenv.py
[2023-06-09T01:29:17.989+0000] {processor.py:826} INFO - Processing file /home/airflow/.local/lib/python3.7/site-packages/airflow/example_dags/tutorial_taskflow_api_virtualenv.py for tasks to queue
[2023-06-09T01:29:17.990+0000] {logging_mixin.py:149} INFO - [2023-06-09T01:29:17.990+0000] {dagbag.py:541} INFO - Filling up the DagBag from /home/airflow/.local/lib/python3.7/site-packages/airflow/example_dags/tutorial_taskflow_api_virtualenv.py
[2023-06-09T01:29:17.998+0000] {processor.py:836} INFO - DAG(s) dict_keys(['tutorial_taskflow_api_virtualenv']) retrieved from /home/airflow/.local/lib/python3.7/site-packages/airflow/example_dags/tutorial_taskflow_api_virtualenv.py
[2023-06-09T01:29:18.023+0000] {logging_mixin.py:149} INFO - [2023-06-09T01:29:18.023+0000] {dag.py:2726} INFO - Sync 1 DAGs
[2023-06-09T01:29:18.044+0000] {logging_mixin.py:149} INFO - [2023-06-09T01:29:18.044+0000] {dag.py:3490} INFO - Setting next_dagrun for tutorial_taskflow_api_virtualenv to None, run_after=None
[2023-06-09T01:29:18.060+0000] {processor.py:179} INFO - Processing /home/airflow/.local/lib/python3.7/site-packages/airflow/example_dags/tutorial_taskflow_api_virtualenv.py took 0.076 seconds
[2023-06-09T01:29:48.742+0000] {processor.py:157} INFO - Started process (PID=543) to work on /home/airflow/.local/lib/python3.7/site-packages/airflow/example_dags/tutorial_taskflow_api_virtualenv.py
[2023-06-09T01:29:48.744+0000] {processor.py:826} INFO - Processing file /home/airflow/.local/lib/python3.7/site-packages/airflow/example_dags/tutorial_taskflow_api_virtualenv.py for tasks to queue
[2023-06-09T01:29:48.745+0000] {logging_mixin.py:149} INFO - [2023-06-09T01:29:48.745+0000] {dagbag.py:541} INFO - Filling up the DagBag from /home/airflow/.local/lib/python3.7/site-packages/airflow/example_dags/tutorial_taskflow_api_virtualenv.py
[2023-06-09T01:29:48.753+0000] {processor.py:836} INFO - DAG(s) dict_keys(['tutorial_taskflow_api_virtualenv']) retrieved from /home/airflow/.local/lib/python3.7/site-packages/airflow/example_dags/tutorial_taskflow_api_virtualenv.py
[2023-06-09T01:29:48.785+0000] {logging_mixin.py:149} INFO - [2023-06-09T01:29:48.785+0000] {dag.py:2726} INFO - Sync 1 DAGs
[2023-06-09T01:29:48.822+0000] {logging_mixin.py:149} INFO - [2023-06-09T01:29:48.822+0000] {dag.py:3490} INFO - Setting next_dagrun for tutorial_taskflow_api_virtualenv to None, run_after=None
[2023-06-09T01:29:48.841+0000] {processor.py:179} INFO - Processing /home/airflow/.local/lib/python3.7/site-packages/airflow/example_dags/tutorial_taskflow_api_virtualenv.py took 0.103 seconds
[2023-06-09T01:30:19.904+0000] {processor.py:157} INFO - Started process (PID=599) to work on /home/airflow/.local/lib/python3.7/site-packages/airflow/example_dags/tutorial_taskflow_api_virtualenv.py
[2023-06-09T01:30:19.908+0000] {processor.py:826} INFO - Processing file /home/airflow/.local/lib/python3.7/site-packages/airflow/example_dags/tutorial_taskflow_api_virtualenv.py for tasks to queue
[2023-06-09T01:30:19.912+0000] {logging_mixin.py:149} INFO - [2023-06-09T01:30:19.912+0000] {dagbag.py:541} INFO - Filling up the DagBag from /home/airflow/.local/lib/python3.7/site-packages/airflow/example_dags/tutorial_taskflow_api_virtualenv.py
[2023-06-09T01:30:19.941+0000] {processor.py:836} INFO - DAG(s) dict_keys(['tutorial_taskflow_api_virtualenv']) retrieved from /home/airflow/.local/lib/python3.7/site-packages/airflow/example_dags/tutorial_taskflow_api_virtualenv.py
[2023-06-09T01:30:20.024+0000] {logging_mixin.py:149} INFO - [2023-06-09T01:30:20.023+0000] {dag.py:2726} INFO - Sync 1 DAGs
[2023-06-09T01:30:20.077+0000] {logging_mixin.py:149} INFO - [2023-06-09T01:30:20.076+0000] {dag.py:3490} INFO - Setting next_dagrun for tutorial_taskflow_api_virtualenv to None, run_after=None
[2023-06-09T01:30:20.209+0000] {processor.py:179} INFO - Processing /home/airflow/.local/lib/python3.7/site-packages/airflow/example_dags/tutorial_taskflow_api_virtualenv.py took 0.315 seconds
[2023-06-09T01:30:51.113+0000] {processor.py:157} INFO - Started process (PID=655) to work on /home/airflow/.local/lib/python3.7/site-packages/airflow/example_dags/tutorial_taskflow_api_virtualenv.py
[2023-06-09T01:30:51.116+0000] {processor.py:826} INFO - Processing file /home/airflow/.local/lib/python3.7/site-packages/airflow/example_dags/tutorial_taskflow_api_virtualenv.py for tasks to queue
[2023-06-09T01:30:51.118+0000] {logging_mixin.py:149} INFO - [2023-06-09T01:30:51.118+0000] {dagbag.py:541} INFO - Filling up the DagBag from /home/airflow/.local/lib/python3.7/site-packages/airflow/example_dags/tutorial_taskflow_api_virtualenv.py
[2023-06-09T01:30:51.128+0000] {processor.py:836} INFO - DAG(s) dict_keys(['tutorial_taskflow_api_virtualenv']) retrieved from /home/airflow/.local/lib/python3.7/site-packages/airflow/example_dags/tutorial_taskflow_api_virtualenv.py
[2023-06-09T01:30:51.155+0000] {logging_mixin.py:149} INFO - [2023-06-09T01:30:51.155+0000] {dag.py:2726} INFO - Sync 1 DAGs
[2023-06-09T01:30:51.177+0000] {logging_mixin.py:149} INFO - [2023-06-09T01:30:51.177+0000] {dag.py:3490} INFO - Setting next_dagrun for tutorial_taskflow_api_virtualenv to None, run_after=None
[2023-06-09T01:30:51.194+0000] {processor.py:179} INFO - Processing /home/airflow/.local/lib/python3.7/site-packages/airflow/example_dags/tutorial_taskflow_api_virtualenv.py took 0.088 seconds
[2023-06-09T01:31:21.380+0000] {processor.py:157} INFO - Started process (PID=711) to work on /home/airflow/.local/lib/python3.7/site-packages/airflow/example_dags/tutorial_taskflow_api_virtualenv.py
[2023-06-09T01:31:21.381+0000] {processor.py:826} INFO - Processing file /home/airflow/.local/lib/python3.7/site-packages/airflow/example_dags/tutorial_taskflow_api_virtualenv.py for tasks to queue
[2023-06-09T01:31:21.382+0000] {logging_mixin.py:149} INFO - [2023-06-09T01:31:21.382+0000] {dagbag.py:541} INFO - Filling up the DagBag from /home/airflow/.local/lib/python3.7/site-packages/airflow/example_dags/tutorial_taskflow_api_virtualenv.py
[2023-06-09T01:31:21.388+0000] {processor.py:836} INFO - DAG(s) dict_keys(['tutorial_taskflow_api_virtualenv']) retrieved from /home/airflow/.local/lib/python3.7/site-packages/airflow/example_dags/tutorial_taskflow_api_virtualenv.py
[2023-06-09T01:31:21.408+0000] {logging_mixin.py:149} INFO - [2023-06-09T01:31:21.408+0000] {dag.py:2726} INFO - Sync 1 DAGs
[2023-06-09T01:31:21.424+0000] {logging_mixin.py:149} INFO - [2023-06-09T01:31:21.424+0000] {dag.py:3490} INFO - Setting next_dagrun for tutorial_taskflow_api_virtualenv to None, run_after=None
[2023-06-09T01:31:21.436+0000] {processor.py:179} INFO - Processing /home/airflow/.local/lib/python3.7/site-packages/airflow/example_dags/tutorial_taskflow_api_virtualenv.py took 0.059 seconds
[2023-06-09T01:31:52.284+0000] {processor.py:157} INFO - Started process (PID=767) to work on /home/airflow/.local/lib/python3.7/site-packages/airflow/example_dags/tutorial_taskflow_api_virtualenv.py
[2023-06-09T01:31:52.287+0000] {processor.py:826} INFO - Processing file /home/airflow/.local/lib/python3.7/site-packages/airflow/example_dags/tutorial_taskflow_api_virtualenv.py for tasks to queue
[2023-06-09T01:31:52.288+0000] {logging_mixin.py:149} INFO - [2023-06-09T01:31:52.288+0000] {dagbag.py:541} INFO - Filling up the DagBag from /home/airflow/.local/lib/python3.7/site-packages/airflow/example_dags/tutorial_taskflow_api_virtualenv.py
[2023-06-09T01:31:52.296+0000] {processor.py:836} INFO - DAG(s) dict_keys(['tutorial_taskflow_api_virtualenv']) retrieved from /home/airflow/.local/lib/python3.7/site-packages/airflow/example_dags/tutorial_taskflow_api_virtualenv.py
[2023-06-09T01:31:52.324+0000] {logging_mixin.py:149} INFO - [2023-06-09T01:31:52.324+0000] {dag.py:2726} INFO - Sync 1 DAGs
[2023-06-09T01:31:52.346+0000] {logging_mixin.py:149} INFO - [2023-06-09T01:31:52.345+0000] {dag.py:3490} INFO - Setting next_dagrun for tutorial_taskflow_api_virtualenv to None, run_after=None
[2023-06-09T01:31:52.362+0000] {processor.py:179} INFO - Processing /home/airflow/.local/lib/python3.7/site-packages/airflow/example_dags/tutorial_taskflow_api_virtualenv.py took 0.083 seconds
[2023-06-09T01:32:22.577+0000] {processor.py:157} INFO - Started process (PID=823) to work on /home/airflow/.local/lib/python3.7/site-packages/airflow/example_dags/tutorial_taskflow_api_virtualenv.py
[2023-06-09T01:32:22.578+0000] {processor.py:826} INFO - Processing file /home/airflow/.local/lib/python3.7/site-packages/airflow/example_dags/tutorial_taskflow_api_virtualenv.py for tasks to queue
[2023-06-09T01:32:22.579+0000] {logging_mixin.py:149} INFO - [2023-06-09T01:32:22.579+0000] {dagbag.py:541} INFO - Filling up the DagBag from /home/airflow/.local/lib/python3.7/site-packages/airflow/example_dags/tutorial_taskflow_api_virtualenv.py
[2023-06-09T01:32:22.584+0000] {processor.py:836} INFO - DAG(s) dict_keys(['tutorial_taskflow_api_virtualenv']) retrieved from /home/airflow/.local/lib/python3.7/site-packages/airflow/example_dags/tutorial_taskflow_api_virtualenv.py
[2023-06-09T01:32:22.603+0000] {logging_mixin.py:149} INFO - [2023-06-09T01:32:22.603+0000] {dag.py:2726} INFO - Sync 1 DAGs
[2023-06-09T01:32:22.618+0000] {logging_mixin.py:149} INFO - [2023-06-09T01:32:22.618+0000] {dag.py:3490} INFO - Setting next_dagrun for tutorial_taskflow_api_virtualenv to None, run_after=None
[2023-06-09T01:32:22.629+0000] {processor.py:179} INFO - Processing /home/airflow/.local/lib/python3.7/site-packages/airflow/example_dags/tutorial_taskflow_api_virtualenv.py took 0.056 seconds
[2023-06-09T01:32:52.724+0000] {processor.py:157} INFO - Started process (PID=879) to work on /home/airflow/.local/lib/python3.7/site-packages/airflow/example_dags/tutorial_taskflow_api_virtualenv.py
[2023-06-09T01:32:52.725+0000] {processor.py:826} INFO - Processing file /home/airflow/.local/lib/python3.7/site-packages/airflow/example_dags/tutorial_taskflow_api_virtualenv.py for tasks to queue
[2023-06-09T01:32:52.726+0000] {logging_mixin.py:149} INFO - [2023-06-09T01:32:52.726+0000] {dagbag.py:541} INFO - Filling up the DagBag from /home/airflow/.local/lib/python3.7/site-packages/airflow/example_dags/tutorial_taskflow_api_virtualenv.py
[2023-06-09T01:32:52.731+0000] {processor.py:836} INFO - DAG(s) dict_keys(['tutorial_taskflow_api_virtualenv']) retrieved from /home/airflow/.local/lib/python3.7/site-packages/airflow/example_dags/tutorial_taskflow_api_virtualenv.py
[2023-06-09T01:32:52.749+0000] {logging_mixin.py:149} INFO - [2023-06-09T01:32:52.749+0000] {dag.py:2726} INFO - Sync 1 DAGs
[2023-06-09T01:32:52.764+0000] {logging_mixin.py:149} INFO - [2023-06-09T01:32:52.764+0000] {dag.py:3490} INFO - Setting next_dagrun for tutorial_taskflow_api_virtualenv to None, run_after=None
[2023-06-09T01:32:52.774+0000] {processor.py:179} INFO - Processing /home/airflow/.local/lib/python3.7/site-packages/airflow/example_dags/tutorial_taskflow_api_virtualenv.py took 0.053 seconds
[2023-06-09T01:33:22.922+0000] {processor.py:157} INFO - Started process (PID=935) to work on /home/airflow/.local/lib/python3.7/site-packages/airflow/example_dags/tutorial_taskflow_api_virtualenv.py
[2023-06-09T01:33:22.924+0000] {processor.py:826} INFO - Processing file /home/airflow/.local/lib/python3.7/site-packages/airflow/example_dags/tutorial_taskflow_api_virtualenv.py for tasks to queue
[2023-06-09T01:33:22.924+0000] {logging_mixin.py:149} INFO - [2023-06-09T01:33:22.924+0000] {dagbag.py:541} INFO - Filling up the DagBag from /home/airflow/.local/lib/python3.7/site-packages/airflow/example_dags/tutorial_taskflow_api_virtualenv.py
[2023-06-09T01:33:22.929+0000] {processor.py:836} INFO - DAG(s) dict_keys(['tutorial_taskflow_api_virtualenv']) retrieved from /home/airflow/.local/lib/python3.7/site-packages/airflow/example_dags/tutorial_taskflow_api_virtualenv.py
[2023-06-09T01:33:22.948+0000] {logging_mixin.py:149} INFO - [2023-06-09T01:33:22.948+0000] {dag.py:2726} INFO - Sync 1 DAGs
[2023-06-09T01:33:22.962+0000] {logging_mixin.py:149} INFO - [2023-06-09T01:33:22.962+0000] {dag.py:3490} INFO - Setting next_dagrun for tutorial_taskflow_api_virtualenv to None, run_after=None
[2023-06-09T01:33:22.973+0000] {processor.py:179} INFO - Processing /home/airflow/.local/lib/python3.7/site-packages/airflow/example_dags/tutorial_taskflow_api_virtualenv.py took 0.053 seconds
[2023-06-09T01:33:53.087+0000] {processor.py:157} INFO - Started process (PID=991) to work on /home/airflow/.local/lib/python3.7/site-packages/airflow/example_dags/tutorial_taskflow_api_virtualenv.py
[2023-06-09T01:33:53.088+0000] {processor.py:826} INFO - Processing file /home/airflow/.local/lib/python3.7/site-packages/airflow/example_dags/tutorial_taskflow_api_virtualenv.py for tasks to queue
[2023-06-09T01:33:53.089+0000] {logging_mixin.py:149} INFO - [2023-06-09T01:33:53.089+0000] {dagbag.py:541} INFO - Filling up the DagBag from /home/airflow/.local/lib/python3.7/site-packages/airflow/example_dags/tutorial_taskflow_api_virtualenv.py
[2023-06-09T01:33:53.094+0000] {processor.py:836} INFO - DAG(s) dict_keys(['tutorial_taskflow_api_virtualenv']) retrieved from /home/airflow/.local/lib/python3.7/site-packages/airflow/example_dags/tutorial_taskflow_api_virtualenv.py
[2023-06-09T01:33:53.112+0000] {logging_mixin.py:149} INFO - [2023-06-09T01:33:53.112+0000] {dag.py:2726} INFO - Sync 1 DAGs
[2023-06-09T01:33:53.127+0000] {logging_mixin.py:149} INFO - [2023-06-09T01:33:53.127+0000] {dag.py:3490} INFO - Setting next_dagrun for tutorial_taskflow_api_virtualenv to None, run_after=None
[2023-06-09T01:33:53.137+0000] {processor.py:179} INFO - Processing /home/airflow/.local/lib/python3.7/site-packages/airflow/example_dags/tutorial_taskflow_api_virtualenv.py took 0.053 seconds
[2023-06-09T01:34:23.306+0000] {processor.py:157} INFO - Started process (PID=1047) to work on /home/airflow/.local/lib/python3.7/site-packages/airflow/example_dags/tutorial_taskflow_api_virtualenv.py
[2023-06-09T01:34:23.307+0000] {processor.py:826} INFO - Processing file /home/airflow/.local/lib/python3.7/site-packages/airflow/example_dags/tutorial_taskflow_api_virtualenv.py for tasks to queue
[2023-06-09T01:34:23.308+0000] {logging_mixin.py:149} INFO - [2023-06-09T01:34:23.308+0000] {dagbag.py:541} INFO - Filling up the DagBag from /home/airflow/.local/lib/python3.7/site-packages/airflow/example_dags/tutorial_taskflow_api_virtualenv.py
[2023-06-09T01:34:23.314+0000] {processor.py:836} INFO - DAG(s) dict_keys(['tutorial_taskflow_api_virtualenv']) retrieved from /home/airflow/.local/lib/python3.7/site-packages/airflow/example_dags/tutorial_taskflow_api_virtualenv.py
[2023-06-09T01:34:23.340+0000] {logging_mixin.py:149} INFO - [2023-06-09T01:34:23.340+0000] {dag.py:2726} INFO - Sync 1 DAGs
[2023-06-09T01:34:23.358+0000] {logging_mixin.py:149} INFO - [2023-06-09T01:34:23.358+0000] {dag.py:3490} INFO - Setting next_dagrun for tutorial_taskflow_api_virtualenv to None, run_after=None
[2023-06-09T01:34:23.376+0000] {processor.py:179} INFO - Processing /home/airflow/.local/lib/python3.7/site-packages/airflow/example_dags/tutorial_taskflow_api_virtualenv.py took 0.073 seconds
[2023-06-09T01:34:53.966+0000] {processor.py:157} INFO - Started process (PID=1103) to work on /home/airflow/.local/lib/python3.7/site-packages/airflow/example_dags/tutorial_taskflow_api_virtualenv.py
[2023-06-09T01:34:53.967+0000] {processor.py:826} INFO - Processing file /home/airflow/.local/lib/python3.7/site-packages/airflow/example_dags/tutorial_taskflow_api_virtualenv.py for tasks to queue
[2023-06-09T01:34:53.968+0000] {logging_mixin.py:149} INFO - [2023-06-09T01:34:53.968+0000] {dagbag.py:541} INFO - Filling up the DagBag from /home/airflow/.local/lib/python3.7/site-packages/airflow/example_dags/tutorial_taskflow_api_virtualenv.py
[2023-06-09T01:34:53.975+0000] {processor.py:836} INFO - DAG(s) dict_keys(['tutorial_taskflow_api_virtualenv']) retrieved from /home/airflow/.local/lib/python3.7/site-packages/airflow/example_dags/tutorial_taskflow_api_virtualenv.py
[2023-06-09T01:34:53.998+0000] {logging_mixin.py:149} INFO - [2023-06-09T01:34:53.998+0000] {dag.py:2726} INFO - Sync 1 DAGs
[2023-06-09T01:34:54.015+0000] {logging_mixin.py:149} INFO - [2023-06-09T01:34:54.015+0000] {dag.py:3490} INFO - Setting next_dagrun for tutorial_taskflow_api_virtualenv to None, run_after=None
[2023-06-09T01:34:54.028+0000] {processor.py:179} INFO - Processing /home/airflow/.local/lib/python3.7/site-packages/airflow/example_dags/tutorial_taskflow_api_virtualenv.py took 0.064 seconds
[2023-06-09T01:35:24.593+0000] {processor.py:157} INFO - Started process (PID=1159) to work on /home/airflow/.local/lib/python3.7/site-packages/airflow/example_dags/tutorial_taskflow_api_virtualenv.py
[2023-06-09T01:35:24.596+0000] {processor.py:826} INFO - Processing file /home/airflow/.local/lib/python3.7/site-packages/airflow/example_dags/tutorial_taskflow_api_virtualenv.py for tasks to queue
[2023-06-09T01:35:24.597+0000] {logging_mixin.py:149} INFO - [2023-06-09T01:35:24.597+0000] {dagbag.py:541} INFO - Filling up the DagBag from /home/airflow/.local/lib/python3.7/site-packages/airflow/example_dags/tutorial_taskflow_api_virtualenv.py
[2023-06-09T01:35:24.606+0000] {processor.py:836} INFO - DAG(s) dict_keys(['tutorial_taskflow_api_virtualenv']) retrieved from /home/airflow/.local/lib/python3.7/site-packages/airflow/example_dags/tutorial_taskflow_api_virtualenv.py
[2023-06-09T01:35:24.637+0000] {logging_mixin.py:149} INFO - [2023-06-09T01:35:24.637+0000] {dag.py:2726} INFO - Sync 1 DAGs
[2023-06-09T01:35:24.654+0000] {logging_mixin.py:149} INFO - [2023-06-09T01:35:24.654+0000] {dag.py:3490} INFO - Setting next_dagrun for tutorial_taskflow_api_virtualenv to None, run_after=None
[2023-06-09T01:35:24.669+0000] {processor.py:179} INFO - Processing /home/airflow/.local/lib/python3.7/site-packages/airflow/example_dags/tutorial_taskflow_api_virtualenv.py took 0.079 seconds
[2023-06-09T01:35:54.770+0000] {processor.py:157} INFO - Started process (PID=1215) to work on /home/airflow/.local/lib/python3.7/site-packages/airflow/example_dags/tutorial_taskflow_api_virtualenv.py
[2023-06-09T01:35:54.772+0000] {processor.py:826} INFO - Processing file /home/airflow/.local/lib/python3.7/site-packages/airflow/example_dags/tutorial_taskflow_api_virtualenv.py for tasks to queue
[2023-06-09T01:35:54.772+0000] {logging_mixin.py:149} INFO - [2023-06-09T01:35:54.772+0000] {dagbag.py:541} INFO - Filling up the DagBag from /home/airflow/.local/lib/python3.7/site-packages/airflow/example_dags/tutorial_taskflow_api_virtualenv.py
[2023-06-09T01:35:54.778+0000] {processor.py:836} INFO - DAG(s) dict_keys(['tutorial_taskflow_api_virtualenv']) retrieved from /home/airflow/.local/lib/python3.7/site-packages/airflow/example_dags/tutorial_taskflow_api_virtualenv.py
[2023-06-09T01:35:54.800+0000] {logging_mixin.py:149} INFO - [2023-06-09T01:35:54.800+0000] {dag.py:2726} INFO - Sync 1 DAGs
[2023-06-09T01:35:54.817+0000] {logging_mixin.py:149} INFO - [2023-06-09T01:35:54.817+0000] {dag.py:3490} INFO - Setting next_dagrun for tutorial_taskflow_api_virtualenv to None, run_after=None
[2023-06-09T01:35:54.830+0000] {processor.py:179} INFO - Processing /home/airflow/.local/lib/python3.7/site-packages/airflow/example_dags/tutorial_taskflow_api_virtualenv.py took 0.063 seconds
[2023-06-09T01:36:25.760+0000] {processor.py:157} INFO - Started process (PID=1271) to work on /home/airflow/.local/lib/python3.7/site-packages/airflow/example_dags/tutorial_taskflow_api_virtualenv.py
[2023-06-09T01:36:25.761+0000] {processor.py:826} INFO - Processing file /home/airflow/.local/lib/python3.7/site-packages/airflow/example_dags/tutorial_taskflow_api_virtualenv.py for tasks to queue
[2023-06-09T01:36:25.762+0000] {logging_mixin.py:149} INFO - [2023-06-09T01:36:25.762+0000] {dagbag.py:541} INFO - Filling up the DagBag from /home/airflow/.local/lib/python3.7/site-packages/airflow/example_dags/tutorial_taskflow_api_virtualenv.py
[2023-06-09T01:36:25.767+0000] {processor.py:836} INFO - DAG(s) dict_keys(['tutorial_taskflow_api_virtualenv']) retrieved from /home/airflow/.local/lib/python3.7/site-packages/airflow/example_dags/tutorial_taskflow_api_virtualenv.py
[2023-06-09T01:36:25.787+0000] {logging_mixin.py:149} INFO - [2023-06-09T01:36:25.787+0000] {dag.py:2726} INFO - Sync 1 DAGs
[2023-06-09T01:36:25.803+0000] {logging_mixin.py:149} INFO - [2023-06-09T01:36:25.802+0000] {dag.py:3490} INFO - Setting next_dagrun for tutorial_taskflow_api_virtualenv to None, run_after=None
[2023-06-09T01:36:25.813+0000] {processor.py:179} INFO - Processing /home/airflow/.local/lib/python3.7/site-packages/airflow/example_dags/tutorial_taskflow_api_virtualenv.py took 0.057 seconds
[2023-06-09T01:36:56.231+0000] {processor.py:157} INFO - Started process (PID=1327) to work on /home/airflow/.local/lib/python3.7/site-packages/airflow/example_dags/tutorial_taskflow_api_virtualenv.py
[2023-06-09T01:36:56.233+0000] {processor.py:826} INFO - Processing file /home/airflow/.local/lib/python3.7/site-packages/airflow/example_dags/tutorial_taskflow_api_virtualenv.py for tasks to queue
[2023-06-09T01:36:56.233+0000] {logging_mixin.py:149} INFO - [2023-06-09T01:36:56.233+0000] {dagbag.py:541} INFO - Filling up the DagBag from /home/airflow/.local/lib/python3.7/site-packages/airflow/example_dags/tutorial_taskflow_api_virtualenv.py
[2023-06-09T01:36:56.239+0000] {processor.py:836} INFO - DAG(s) dict_keys(['tutorial_taskflow_api_virtualenv']) retrieved from /home/airflow/.local/lib/python3.7/site-packages/airflow/example_dags/tutorial_taskflow_api_virtualenv.py
[2023-06-09T01:36:56.261+0000] {logging_mixin.py:149} INFO - [2023-06-09T01:36:56.261+0000] {dag.py:2726} INFO - Sync 1 DAGs
[2023-06-09T01:36:56.277+0000] {logging_mixin.py:149} INFO - [2023-06-09T01:36:56.277+0000] {dag.py:3490} INFO - Setting next_dagrun for tutorial_taskflow_api_virtualenv to None, run_after=None
[2023-06-09T01:36:56.289+0000] {processor.py:179} INFO - Processing /home/airflow/.local/lib/python3.7/site-packages/airflow/example_dags/tutorial_taskflow_api_virtualenv.py took 0.061 seconds
[2023-06-09T01:37:26.950+0000] {processor.py:157} INFO - Started process (PID=1383) to work on /home/airflow/.local/lib/python3.7/site-packages/airflow/example_dags/tutorial_taskflow_api_virtualenv.py
[2023-06-09T01:37:26.952+0000] {processor.py:826} INFO - Processing file /home/airflow/.local/lib/python3.7/site-packages/airflow/example_dags/tutorial_taskflow_api_virtualenv.py for tasks to queue
[2023-06-09T01:37:26.952+0000] {logging_mixin.py:149} INFO - [2023-06-09T01:37:26.952+0000] {dagbag.py:541} INFO - Filling up the DagBag from /home/airflow/.local/lib/python3.7/site-packages/airflow/example_dags/tutorial_taskflow_api_virtualenv.py
[2023-06-09T01:37:26.958+0000] {processor.py:836} INFO - DAG(s) dict_keys(['tutorial_taskflow_api_virtualenv']) retrieved from /home/airflow/.local/lib/python3.7/site-packages/airflow/example_dags/tutorial_taskflow_api_virtualenv.py
[2023-06-09T01:37:26.979+0000] {logging_mixin.py:149} INFO - [2023-06-09T01:37:26.979+0000] {dag.py:2726} INFO - Sync 1 DAGs
[2023-06-09T01:37:26.995+0000] {logging_mixin.py:149} INFO - [2023-06-09T01:37:26.995+0000] {dag.py:3490} INFO - Setting next_dagrun for tutorial_taskflow_api_virtualenv to None, run_after=None
[2023-06-09T01:37:27.011+0000] {processor.py:179} INFO - Processing /home/airflow/.local/lib/python3.7/site-packages/airflow/example_dags/tutorial_taskflow_api_virtualenv.py took 0.064 seconds
[2023-06-09T01:37:57.507+0000] {processor.py:157} INFO - Started process (PID=1438) to work on /home/airflow/.local/lib/python3.7/site-packages/airflow/example_dags/tutorial_taskflow_api_virtualenv.py
[2023-06-09T01:37:57.508+0000] {processor.py:826} INFO - Processing file /home/airflow/.local/lib/python3.7/site-packages/airflow/example_dags/tutorial_taskflow_api_virtualenv.py for tasks to queue
[2023-06-09T01:37:57.509+0000] {logging_mixin.py:149} INFO - [2023-06-09T01:37:57.509+0000] {dagbag.py:541} INFO - Filling up the DagBag from /home/airflow/.local/lib/python3.7/site-packages/airflow/example_dags/tutorial_taskflow_api_virtualenv.py
[2023-06-09T01:37:57.514+0000] {processor.py:836} INFO - DAG(s) dict_keys(['tutorial_taskflow_api_virtualenv']) retrieved from /home/airflow/.local/lib/python3.7/site-packages/airflow/example_dags/tutorial_taskflow_api_virtualenv.py
[2023-06-09T01:37:57.535+0000] {logging_mixin.py:149} INFO - [2023-06-09T01:37:57.535+0000] {dag.py:2726} INFO - Sync 1 DAGs
[2023-06-09T01:37:57.550+0000] {logging_mixin.py:149} INFO - [2023-06-09T01:37:57.550+0000] {dag.py:3490} INFO - Setting next_dagrun for tutorial_taskflow_api_virtualenv to None, run_after=None
[2023-06-09T01:37:57.561+0000] {processor.py:179} INFO - Processing /home/airflow/.local/lib/python3.7/site-packages/airflow/example_dags/tutorial_taskflow_api_virtualenv.py took 0.056 seconds
[2023-06-09T01:38:28.042+0000] {processor.py:157} INFO - Started process (PID=1494) to work on /home/airflow/.local/lib/python3.7/site-packages/airflow/example_dags/tutorial_taskflow_api_virtualenv.py
[2023-06-09T01:38:28.043+0000] {processor.py:826} INFO - Processing file /home/airflow/.local/lib/python3.7/site-packages/airflow/example_dags/tutorial_taskflow_api_virtualenv.py for tasks to queue
[2023-06-09T01:38:28.045+0000] {logging_mixin.py:149} INFO - [2023-06-09T01:38:28.044+0000] {dagbag.py:541} INFO - Filling up the DagBag from /home/airflow/.local/lib/python3.7/site-packages/airflow/example_dags/tutorial_taskflow_api_virtualenv.py
[2023-06-09T01:38:28.050+0000] {processor.py:836} INFO - DAG(s) dict_keys(['tutorial_taskflow_api_virtualenv']) retrieved from /home/airflow/.local/lib/python3.7/site-packages/airflow/example_dags/tutorial_taskflow_api_virtualenv.py
[2023-06-09T01:38:28.070+0000] {logging_mixin.py:149} INFO - [2023-06-09T01:38:28.070+0000] {dag.py:2726} INFO - Sync 1 DAGs
[2023-06-09T01:38:28.086+0000] {logging_mixin.py:149} INFO - [2023-06-09T01:38:28.085+0000] {dag.py:3490} INFO - Setting next_dagrun for tutorial_taskflow_api_virtualenv to None, run_after=None
[2023-06-09T01:38:28.097+0000] {processor.py:179} INFO - Processing /home/airflow/.local/lib/python3.7/site-packages/airflow/example_dags/tutorial_taskflow_api_virtualenv.py took 0.058 seconds
[2023-06-09T01:38:58.175+0000] {processor.py:157} INFO - Started process (PID=1550) to work on /home/airflow/.local/lib/python3.7/site-packages/airflow/example_dags/tutorial_taskflow_api_virtualenv.py
[2023-06-09T01:38:58.176+0000] {processor.py:826} INFO - Processing file /home/airflow/.local/lib/python3.7/site-packages/airflow/example_dags/tutorial_taskflow_api_virtualenv.py for tasks to queue
[2023-06-09T01:38:58.177+0000] {logging_mixin.py:149} INFO - [2023-06-09T01:38:58.177+0000] {dagbag.py:541} INFO - Filling up the DagBag from /home/airflow/.local/lib/python3.7/site-packages/airflow/example_dags/tutorial_taskflow_api_virtualenv.py
[2023-06-09T01:38:58.183+0000] {processor.py:836} INFO - DAG(s) dict_keys(['tutorial_taskflow_api_virtualenv']) retrieved from /home/airflow/.local/lib/python3.7/site-packages/airflow/example_dags/tutorial_taskflow_api_virtualenv.py
[2023-06-09T01:38:58.202+0000] {logging_mixin.py:149} INFO - [2023-06-09T01:38:58.201+0000] {dag.py:2726} INFO - Sync 1 DAGs
[2023-06-09T01:38:58.217+0000] {logging_mixin.py:149} INFO - [2023-06-09T01:38:58.217+0000] {dag.py:3490} INFO - Setting next_dagrun for tutorial_taskflow_api_virtualenv to None, run_after=None
[2023-06-09T01:38:58.228+0000] {processor.py:179} INFO - Processing /home/airflow/.local/lib/python3.7/site-packages/airflow/example_dags/tutorial_taskflow_api_virtualenv.py took 0.056 seconds
[2023-06-09T01:39:28.526+0000] {processor.py:157} INFO - Started process (PID=1606) to work on /home/airflow/.local/lib/python3.7/site-packages/airflow/example_dags/tutorial_taskflow_api_virtualenv.py
[2023-06-09T01:39:28.527+0000] {processor.py:826} INFO - Processing file /home/airflow/.local/lib/python3.7/site-packages/airflow/example_dags/tutorial_taskflow_api_virtualenv.py for tasks to queue
[2023-06-09T01:39:28.528+0000] {logging_mixin.py:149} INFO - [2023-06-09T01:39:28.528+0000] {dagbag.py:541} INFO - Filling up the DagBag from /home/airflow/.local/lib/python3.7/site-packages/airflow/example_dags/tutorial_taskflow_api_virtualenv.py
[2023-06-09T01:39:28.533+0000] {processor.py:836} INFO - DAG(s) dict_keys(['tutorial_taskflow_api_virtualenv']) retrieved from /home/airflow/.local/lib/python3.7/site-packages/airflow/example_dags/tutorial_taskflow_api_virtualenv.py
[2023-06-09T01:39:28.551+0000] {logging_mixin.py:149} INFO - [2023-06-09T01:39:28.551+0000] {dag.py:2726} INFO - Sync 1 DAGs
[2023-06-09T01:39:28.566+0000] {logging_mixin.py:149} INFO - [2023-06-09T01:39:28.566+0000] {dag.py:3490} INFO - Setting next_dagrun for tutorial_taskflow_api_virtualenv to None, run_after=None
[2023-06-09T01:39:28.577+0000] {processor.py:179} INFO - Processing /home/airflow/.local/lib/python3.7/site-packages/airflow/example_dags/tutorial_taskflow_api_virtualenv.py took 0.054 seconds
[2023-06-09T01:39:58.731+0000] {processor.py:157} INFO - Started process (PID=1663) to work on /home/airflow/.local/lib/python3.7/site-packages/airflow/example_dags/tutorial_taskflow_api_virtualenv.py
[2023-06-09T01:39:58.733+0000] {processor.py:826} INFO - Processing file /home/airflow/.local/lib/python3.7/site-packages/airflow/example_dags/tutorial_taskflow_api_virtualenv.py for tasks to queue
[2023-06-09T01:39:58.733+0000] {logging_mixin.py:149} INFO - [2023-06-09T01:39:58.733+0000] {dagbag.py:541} INFO - Filling up the DagBag from /home/airflow/.local/lib/python3.7/site-packages/airflow/example_dags/tutorial_taskflow_api_virtualenv.py
[2023-06-09T01:39:58.739+0000] {processor.py:836} INFO - DAG(s) dict_keys(['tutorial_taskflow_api_virtualenv']) retrieved from /home/airflow/.local/lib/python3.7/site-packages/airflow/example_dags/tutorial_taskflow_api_virtualenv.py
[2023-06-09T01:39:58.759+0000] {logging_mixin.py:149} INFO - [2023-06-09T01:39:58.759+0000] {dag.py:2726} INFO - Sync 1 DAGs
[2023-06-09T01:39:58.775+0000] {logging_mixin.py:149} INFO - [2023-06-09T01:39:58.775+0000] {dag.py:3490} INFO - Setting next_dagrun for tutorial_taskflow_api_virtualenv to None, run_after=None
[2023-06-09T01:39:58.787+0000] {processor.py:179} INFO - Processing /home/airflow/.local/lib/python3.7/site-packages/airflow/example_dags/tutorial_taskflow_api_virtualenv.py took 0.058 seconds
[2023-06-09T01:40:29.089+0000] {processor.py:157} INFO - Started process (PID=1719) to work on /home/airflow/.local/lib/python3.7/site-packages/airflow/example_dags/tutorial_taskflow_api_virtualenv.py
[2023-06-09T01:40:29.091+0000] {processor.py:826} INFO - Processing file /home/airflow/.local/lib/python3.7/site-packages/airflow/example_dags/tutorial_taskflow_api_virtualenv.py for tasks to queue
[2023-06-09T01:40:29.091+0000] {logging_mixin.py:149} INFO - [2023-06-09T01:40:29.091+0000] {dagbag.py:541} INFO - Filling up the DagBag from /home/airflow/.local/lib/python3.7/site-packages/airflow/example_dags/tutorial_taskflow_api_virtualenv.py
[2023-06-09T01:40:29.096+0000] {processor.py:836} INFO - DAG(s) dict_keys(['tutorial_taskflow_api_virtualenv']) retrieved from /home/airflow/.local/lib/python3.7/site-packages/airflow/example_dags/tutorial_taskflow_api_virtualenv.py
[2023-06-09T01:40:29.115+0000] {logging_mixin.py:149} INFO - [2023-06-09T01:40:29.115+0000] {dag.py:2726} INFO - Sync 1 DAGs
[2023-06-09T01:40:29.129+0000] {logging_mixin.py:149} INFO - [2023-06-09T01:40:29.129+0000] {dag.py:3490} INFO - Setting next_dagrun for tutorial_taskflow_api_virtualenv to None, run_after=None
[2023-06-09T01:40:29.140+0000] {processor.py:179} INFO - Processing /home/airflow/.local/lib/python3.7/site-packages/airflow/example_dags/tutorial_taskflow_api_virtualenv.py took 0.053 seconds
[2023-06-09T01:40:59.810+0000] {processor.py:157} INFO - Started process (PID=1775) to work on /home/airflow/.local/lib/python3.7/site-packages/airflow/example_dags/tutorial_taskflow_api_virtualenv.py
[2023-06-09T01:40:59.813+0000] {processor.py:826} INFO - Processing file /home/airflow/.local/lib/python3.7/site-packages/airflow/example_dags/tutorial_taskflow_api_virtualenv.py for tasks to queue
[2023-06-09T01:40:59.814+0000] {logging_mixin.py:149} INFO - [2023-06-09T01:40:59.814+0000] {dagbag.py:541} INFO - Filling up the DagBag from /home/airflow/.local/lib/python3.7/site-packages/airflow/example_dags/tutorial_taskflow_api_virtualenv.py
[2023-06-09T01:40:59.825+0000] {processor.py:836} INFO - DAG(s) dict_keys(['tutorial_taskflow_api_virtualenv']) retrieved from /home/airflow/.local/lib/python3.7/site-packages/airflow/example_dags/tutorial_taskflow_api_virtualenv.py
[2023-06-09T01:40:59.851+0000] {logging_mixin.py:149} INFO - [2023-06-09T01:40:59.851+0000] {dag.py:2726} INFO - Sync 1 DAGs
[2023-06-09T01:40:59.876+0000] {logging_mixin.py:149} INFO - [2023-06-09T01:40:59.876+0000] {dag.py:3490} INFO - Setting next_dagrun for tutorial_taskflow_api_virtualenv to None, run_after=None
[2023-06-09T01:40:59.891+0000] {processor.py:179} INFO - Processing /home/airflow/.local/lib/python3.7/site-packages/airflow/example_dags/tutorial_taskflow_api_virtualenv.py took 0.095 seconds
[2023-06-09T01:41:30.715+0000] {processor.py:157} INFO - Started process (PID=1832) to work on /home/airflow/.local/lib/python3.7/site-packages/airflow/example_dags/tutorial_taskflow_api_virtualenv.py
[2023-06-09T01:41:30.716+0000] {processor.py:826} INFO - Processing file /home/airflow/.local/lib/python3.7/site-packages/airflow/example_dags/tutorial_taskflow_api_virtualenv.py for tasks to queue
[2023-06-09T01:41:30.717+0000] {logging_mixin.py:149} INFO - [2023-06-09T01:41:30.717+0000] {dagbag.py:541} INFO - Filling up the DagBag from /home/airflow/.local/lib/python3.7/site-packages/airflow/example_dags/tutorial_taskflow_api_virtualenv.py
[2023-06-09T01:41:30.722+0000] {processor.py:836} INFO - DAG(s) dict_keys(['tutorial_taskflow_api_virtualenv']) retrieved from /home/airflow/.local/lib/python3.7/site-packages/airflow/example_dags/tutorial_taskflow_api_virtualenv.py
[2023-06-09T01:41:30.742+0000] {logging_mixin.py:149} INFO - [2023-06-09T01:41:30.742+0000] {dag.py:2726} INFO - Sync 1 DAGs
[2023-06-09T01:41:30.759+0000] {logging_mixin.py:149} INFO - [2023-06-09T01:41:30.758+0000] {dag.py:3490} INFO - Setting next_dagrun for tutorial_taskflow_api_virtualenv to None, run_after=None
[2023-06-09T01:41:30.770+0000] {processor.py:179} INFO - Processing /home/airflow/.local/lib/python3.7/site-packages/airflow/example_dags/tutorial_taskflow_api_virtualenv.py took 0.059 seconds
[2023-06-09T01:42:01.299+0000] {processor.py:157} INFO - Started process (PID=1888) to work on /home/airflow/.local/lib/python3.7/site-packages/airflow/example_dags/tutorial_taskflow_api_virtualenv.py
[2023-06-09T01:42:01.301+0000] {processor.py:826} INFO - Processing file /home/airflow/.local/lib/python3.7/site-packages/airflow/example_dags/tutorial_taskflow_api_virtualenv.py for tasks to queue
[2023-06-09T01:42:01.302+0000] {logging_mixin.py:149} INFO - [2023-06-09T01:42:01.302+0000] {dagbag.py:541} INFO - Filling up the DagBag from /home/airflow/.local/lib/python3.7/site-packages/airflow/example_dags/tutorial_taskflow_api_virtualenv.py
[2023-06-09T01:42:01.307+0000] {processor.py:836} INFO - DAG(s) dict_keys(['tutorial_taskflow_api_virtualenv']) retrieved from /home/airflow/.local/lib/python3.7/site-packages/airflow/example_dags/tutorial_taskflow_api_virtualenv.py
[2023-06-09T01:42:01.327+0000] {logging_mixin.py:149} INFO - [2023-06-09T01:42:01.327+0000] {dag.py:2726} INFO - Sync 1 DAGs
[2023-06-09T01:42:01.341+0000] {logging_mixin.py:149} INFO - [2023-06-09T01:42:01.341+0000] {dag.py:3490} INFO - Setting next_dagrun for tutorial_taskflow_api_virtualenv to None, run_after=None
[2023-06-09T01:42:01.352+0000] {processor.py:179} INFO - Processing /home/airflow/.local/lib/python3.7/site-packages/airflow/example_dags/tutorial_taskflow_api_virtualenv.py took 0.057 seconds
[2023-06-09T01:42:31.803+0000] {processor.py:157} INFO - Started process (PID=1943) to work on /home/airflow/.local/lib/python3.7/site-packages/airflow/example_dags/tutorial_taskflow_api_virtualenv.py
[2023-06-09T01:42:31.804+0000] {processor.py:826} INFO - Processing file /home/airflow/.local/lib/python3.7/site-packages/airflow/example_dags/tutorial_taskflow_api_virtualenv.py for tasks to queue
[2023-06-09T01:42:31.805+0000] {logging_mixin.py:149} INFO - [2023-06-09T01:42:31.805+0000] {dagbag.py:541} INFO - Filling up the DagBag from /home/airflow/.local/lib/python3.7/site-packages/airflow/example_dags/tutorial_taskflow_api_virtualenv.py
[2023-06-09T01:42:31.811+0000] {processor.py:836} INFO - DAG(s) dict_keys(['tutorial_taskflow_api_virtualenv']) retrieved from /home/airflow/.local/lib/python3.7/site-packages/airflow/example_dags/tutorial_taskflow_api_virtualenv.py
[2023-06-09T01:42:31.832+0000] {logging_mixin.py:149} INFO - [2023-06-09T01:42:31.832+0000] {dag.py:2726} INFO - Sync 1 DAGs
[2023-06-09T01:42:31.847+0000] {logging_mixin.py:149} INFO - [2023-06-09T01:42:31.847+0000] {dag.py:3490} INFO - Setting next_dagrun for tutorial_taskflow_api_virtualenv to None, run_after=None
[2023-06-09T01:42:31.859+0000] {processor.py:179} INFO - Processing /home/airflow/.local/lib/python3.7/site-packages/airflow/example_dags/tutorial_taskflow_api_virtualenv.py took 0.059 seconds
[2023-06-09T01:43:02.784+0000] {processor.py:157} INFO - Started process (PID=1999) to work on /home/airflow/.local/lib/python3.7/site-packages/airflow/example_dags/tutorial_taskflow_api_virtualenv.py
[2023-06-09T01:43:02.785+0000] {processor.py:826} INFO - Processing file /home/airflow/.local/lib/python3.7/site-packages/airflow/example_dags/tutorial_taskflow_api_virtualenv.py for tasks to queue
[2023-06-09T01:43:02.786+0000] {logging_mixin.py:149} INFO - [2023-06-09T01:43:02.786+0000] {dagbag.py:541} INFO - Filling up the DagBag from /home/airflow/.local/lib/python3.7/site-packages/airflow/example_dags/tutorial_taskflow_api_virtualenv.py
[2023-06-09T01:43:02.791+0000] {processor.py:836} INFO - DAG(s) dict_keys(['tutorial_taskflow_api_virtualenv']) retrieved from /home/airflow/.local/lib/python3.7/site-packages/airflow/example_dags/tutorial_taskflow_api_virtualenv.py
[2023-06-09T01:43:02.812+0000] {logging_mixin.py:149} INFO - [2023-06-09T01:43:02.812+0000] {dag.py:2726} INFO - Sync 1 DAGs
[2023-06-09T01:43:02.827+0000] {logging_mixin.py:149} INFO - [2023-06-09T01:43:02.827+0000] {dag.py:3490} INFO - Setting next_dagrun for tutorial_taskflow_api_virtualenv to None, run_after=None
[2023-06-09T01:43:02.838+0000] {processor.py:179} INFO - Processing /home/airflow/.local/lib/python3.7/site-packages/airflow/example_dags/tutorial_taskflow_api_virtualenv.py took 0.057 seconds
[2023-06-09T01:43:33.121+0000] {processor.py:157} INFO - Started process (PID=2055) to work on /home/airflow/.local/lib/python3.7/site-packages/airflow/example_dags/tutorial_taskflow_api_virtualenv.py
[2023-06-09T01:43:33.123+0000] {processor.py:826} INFO - Processing file /home/airflow/.local/lib/python3.7/site-packages/airflow/example_dags/tutorial_taskflow_api_virtualenv.py for tasks to queue
[2023-06-09T01:43:33.123+0000] {logging_mixin.py:149} INFO - [2023-06-09T01:43:33.123+0000] {dagbag.py:541} INFO - Filling up the DagBag from /home/airflow/.local/lib/python3.7/site-packages/airflow/example_dags/tutorial_taskflow_api_virtualenv.py
[2023-06-09T01:43:33.128+0000] {processor.py:836} INFO - DAG(s) dict_keys(['tutorial_taskflow_api_virtualenv']) retrieved from /home/airflow/.local/lib/python3.7/site-packages/airflow/example_dags/tutorial_taskflow_api_virtualenv.py
[2023-06-09T01:43:33.148+0000] {logging_mixin.py:149} INFO - [2023-06-09T01:43:33.148+0000] {dag.py:2726} INFO - Sync 1 DAGs
[2023-06-09T01:43:33.163+0000] {logging_mixin.py:149} INFO - [2023-06-09T01:43:33.163+0000] {dag.py:3490} INFO - Setting next_dagrun for tutorial_taskflow_api_virtualenv to None, run_after=None
[2023-06-09T01:43:33.173+0000] {processor.py:179} INFO - Processing /home/airflow/.local/lib/python3.7/site-packages/airflow/example_dags/tutorial_taskflow_api_virtualenv.py took 0.054 seconds
[2023-06-09T01:44:03.334+0000] {processor.py:157} INFO - Started process (PID=2111) to work on /home/airflow/.local/lib/python3.7/site-packages/airflow/example_dags/tutorial_taskflow_api_virtualenv.py
[2023-06-09T01:44:03.336+0000] {processor.py:826} INFO - Processing file /home/airflow/.local/lib/python3.7/site-packages/airflow/example_dags/tutorial_taskflow_api_virtualenv.py for tasks to queue
[2023-06-09T01:44:03.337+0000] {logging_mixin.py:149} INFO - [2023-06-09T01:44:03.337+0000] {dagbag.py:541} INFO - Filling up the DagBag from /home/airflow/.local/lib/python3.7/site-packages/airflow/example_dags/tutorial_taskflow_api_virtualenv.py
[2023-06-09T01:44:03.343+0000] {processor.py:836} INFO - DAG(s) dict_keys(['tutorial_taskflow_api_virtualenv']) retrieved from /home/airflow/.local/lib/python3.7/site-packages/airflow/example_dags/tutorial_taskflow_api_virtualenv.py
[2023-06-09T01:44:03.365+0000] {logging_mixin.py:149} INFO - [2023-06-09T01:44:03.365+0000] {dag.py:2726} INFO - Sync 1 DAGs
[2023-06-09T01:44:03.382+0000] {logging_mixin.py:149} INFO - [2023-06-09T01:44:03.382+0000] {dag.py:3490} INFO - Setting next_dagrun for tutorial_taskflow_api_virtualenv to None, run_after=None
[2023-06-09T01:44:03.393+0000] {processor.py:179} INFO - Processing /home/airflow/.local/lib/python3.7/site-packages/airflow/example_dags/tutorial_taskflow_api_virtualenv.py took 0.062 seconds
[2023-06-09T01:44:33.696+0000] {processor.py:157} INFO - Started process (PID=2168) to work on /home/airflow/.local/lib/python3.7/site-packages/airflow/example_dags/tutorial_taskflow_api_virtualenv.py
[2023-06-09T01:44:33.698+0000] {processor.py:826} INFO - Processing file /home/airflow/.local/lib/python3.7/site-packages/airflow/example_dags/tutorial_taskflow_api_virtualenv.py for tasks to queue
[2023-06-09T01:44:33.699+0000] {logging_mixin.py:149} INFO - [2023-06-09T01:44:33.699+0000] {dagbag.py:541} INFO - Filling up the DagBag from /home/airflow/.local/lib/python3.7/site-packages/airflow/example_dags/tutorial_taskflow_api_virtualenv.py
[2023-06-09T01:44:33.704+0000] {processor.py:836} INFO - DAG(s) dict_keys(['tutorial_taskflow_api_virtualenv']) retrieved from /home/airflow/.local/lib/python3.7/site-packages/airflow/example_dags/tutorial_taskflow_api_virtualenv.py
[2023-06-09T01:44:33.725+0000] {logging_mixin.py:149} INFO - [2023-06-09T01:44:33.725+0000] {dag.py:2726} INFO - Sync 1 DAGs
[2023-06-09T01:44:33.742+0000] {logging_mixin.py:149} INFO - [2023-06-09T01:44:33.742+0000] {dag.py:3490} INFO - Setting next_dagrun for tutorial_taskflow_api_virtualenv to None, run_after=None
[2023-06-09T01:44:33.756+0000] {processor.py:179} INFO - Processing /home/airflow/.local/lib/python3.7/site-packages/airflow/example_dags/tutorial_taskflow_api_virtualenv.py took 0.063 seconds
[2023-06-09T01:45:04.056+0000] {processor.py:157} INFO - Started process (PID=2224) to work on /home/airflow/.local/lib/python3.7/site-packages/airflow/example_dags/tutorial_taskflow_api_virtualenv.py
[2023-06-09T01:45:04.058+0000] {processor.py:826} INFO - Processing file /home/airflow/.local/lib/python3.7/site-packages/airflow/example_dags/tutorial_taskflow_api_virtualenv.py for tasks to queue
[2023-06-09T01:45:04.058+0000] {logging_mixin.py:149} INFO - [2023-06-09T01:45:04.058+0000] {dagbag.py:541} INFO - Filling up the DagBag from /home/airflow/.local/lib/python3.7/site-packages/airflow/example_dags/tutorial_taskflow_api_virtualenv.py
[2023-06-09T01:45:04.063+0000] {processor.py:836} INFO - DAG(s) dict_keys(['tutorial_taskflow_api_virtualenv']) retrieved from /home/airflow/.local/lib/python3.7/site-packages/airflow/example_dags/tutorial_taskflow_api_virtualenv.py
[2023-06-09T01:45:04.082+0000] {logging_mixin.py:149} INFO - [2023-06-09T01:45:04.082+0000] {dag.py:2726} INFO - Sync 1 DAGs
[2023-06-09T01:45:04.097+0000] {logging_mixin.py:149} INFO - [2023-06-09T01:45:04.097+0000] {dag.py:3490} INFO - Setting next_dagrun for tutorial_taskflow_api_virtualenv to None, run_after=None
[2023-06-09T01:45:04.107+0000] {processor.py:179} INFO - Processing /home/airflow/.local/lib/python3.7/site-packages/airflow/example_dags/tutorial_taskflow_api_virtualenv.py took 0.053 seconds
[2023-06-09T01:45:34.144+0000] {processor.py:157} INFO - Started process (PID=2281) to work on /home/airflow/.local/lib/python3.7/site-packages/airflow/example_dags/tutorial_taskflow_api_virtualenv.py
[2023-06-09T01:45:34.145+0000] {processor.py:826} INFO - Processing file /home/airflow/.local/lib/python3.7/site-packages/airflow/example_dags/tutorial_taskflow_api_virtualenv.py for tasks to queue
[2023-06-09T01:45:34.146+0000] {logging_mixin.py:149} INFO - [2023-06-09T01:45:34.146+0000] {dagbag.py:541} INFO - Filling up the DagBag from /home/airflow/.local/lib/python3.7/site-packages/airflow/example_dags/tutorial_taskflow_api_virtualenv.py
[2023-06-09T01:45:34.152+0000] {processor.py:836} INFO - DAG(s) dict_keys(['tutorial_taskflow_api_virtualenv']) retrieved from /home/airflow/.local/lib/python3.7/site-packages/airflow/example_dags/tutorial_taskflow_api_virtualenv.py
[2023-06-09T01:45:34.171+0000] {logging_mixin.py:149} INFO - [2023-06-09T01:45:34.171+0000] {dag.py:2726} INFO - Sync 1 DAGs
[2023-06-09T01:45:34.186+0000] {logging_mixin.py:149} INFO - [2023-06-09T01:45:34.186+0000] {dag.py:3490} INFO - Setting next_dagrun for tutorial_taskflow_api_virtualenv to None, run_after=None
[2023-06-09T01:45:34.197+0000] {processor.py:179} INFO - Processing /home/airflow/.local/lib/python3.7/site-packages/airflow/example_dags/tutorial_taskflow_api_virtualenv.py took 0.056 seconds
[2023-06-09T01:46:04.770+0000] {processor.py:157} INFO - Started process (PID=2337) to work on /home/airflow/.local/lib/python3.7/site-packages/airflow/example_dags/tutorial_taskflow_api_virtualenv.py
[2023-06-09T01:46:04.771+0000] {processor.py:826} INFO - Processing file /home/airflow/.local/lib/python3.7/site-packages/airflow/example_dags/tutorial_taskflow_api_virtualenv.py for tasks to queue
[2023-06-09T01:46:04.772+0000] {logging_mixin.py:149} INFO - [2023-06-09T01:46:04.772+0000] {dagbag.py:541} INFO - Filling up the DagBag from /home/airflow/.local/lib/python3.7/site-packages/airflow/example_dags/tutorial_taskflow_api_virtualenv.py
[2023-06-09T01:46:04.777+0000] {processor.py:836} INFO - DAG(s) dict_keys(['tutorial_taskflow_api_virtualenv']) retrieved from /home/airflow/.local/lib/python3.7/site-packages/airflow/example_dags/tutorial_taskflow_api_virtualenv.py
[2023-06-09T01:46:04.797+0000] {logging_mixin.py:149} INFO - [2023-06-09T01:46:04.797+0000] {dag.py:2726} INFO - Sync 1 DAGs
[2023-06-09T01:46:04.812+0000] {logging_mixin.py:149} INFO - [2023-06-09T01:46:04.812+0000] {dag.py:3490} INFO - Setting next_dagrun for tutorial_taskflow_api_virtualenv to None, run_after=None
[2023-06-09T01:46:04.824+0000] {processor.py:179} INFO - Processing /home/airflow/.local/lib/python3.7/site-packages/airflow/example_dags/tutorial_taskflow_api_virtualenv.py took 0.058 seconds
[2023-06-09T01:46:35.177+0000] {processor.py:157} INFO - Started process (PID=2394) to work on /home/airflow/.local/lib/python3.7/site-packages/airflow/example_dags/tutorial_taskflow_api_virtualenv.py
[2023-06-09T01:46:35.178+0000] {processor.py:826} INFO - Processing file /home/airflow/.local/lib/python3.7/site-packages/airflow/example_dags/tutorial_taskflow_api_virtualenv.py for tasks to queue
[2023-06-09T01:46:35.179+0000] {logging_mixin.py:149} INFO - [2023-06-09T01:46:35.179+0000] {dagbag.py:541} INFO - Filling up the DagBag from /home/airflow/.local/lib/python3.7/site-packages/airflow/example_dags/tutorial_taskflow_api_virtualenv.py
[2023-06-09T01:46:35.186+0000] {processor.py:836} INFO - DAG(s) dict_keys(['tutorial_taskflow_api_virtualenv']) retrieved from /home/airflow/.local/lib/python3.7/site-packages/airflow/example_dags/tutorial_taskflow_api_virtualenv.py
[2023-06-09T01:46:35.207+0000] {logging_mixin.py:149} INFO - [2023-06-09T01:46:35.207+0000] {dag.py:2726} INFO - Sync 1 DAGs
[2023-06-09T01:46:35.221+0000] {logging_mixin.py:149} INFO - [2023-06-09T01:46:35.221+0000] {dag.py:3490} INFO - Setting next_dagrun for tutorial_taskflow_api_virtualenv to None, run_after=None
[2023-06-09T01:46:35.233+0000] {processor.py:179} INFO - Processing /home/airflow/.local/lib/python3.7/site-packages/airflow/example_dags/tutorial_taskflow_api_virtualenv.py took 0.060 seconds
[2023-06-09T01:47:05.976+0000] {processor.py:157} INFO - Started process (PID=2449) to work on /home/airflow/.local/lib/python3.7/site-packages/airflow/example_dags/tutorial_taskflow_api_virtualenv.py
[2023-06-09T01:47:05.978+0000] {processor.py:826} INFO - Processing file /home/airflow/.local/lib/python3.7/site-packages/airflow/example_dags/tutorial_taskflow_api_virtualenv.py for tasks to queue
[2023-06-09T01:47:05.978+0000] {logging_mixin.py:149} INFO - [2023-06-09T01:47:05.978+0000] {dagbag.py:541} INFO - Filling up the DagBag from /home/airflow/.local/lib/python3.7/site-packages/airflow/example_dags/tutorial_taskflow_api_virtualenv.py
[2023-06-09T01:47:05.984+0000] {processor.py:836} INFO - DAG(s) dict_keys(['tutorial_taskflow_api_virtualenv']) retrieved from /home/airflow/.local/lib/python3.7/site-packages/airflow/example_dags/tutorial_taskflow_api_virtualenv.py
[2023-06-09T01:47:06.004+0000] {logging_mixin.py:149} INFO - [2023-06-09T01:47:06.003+0000] {dag.py:2726} INFO - Sync 1 DAGs
[2023-06-09T01:47:06.019+0000] {logging_mixin.py:149} INFO - [2023-06-09T01:47:06.019+0000] {dag.py:3490} INFO - Setting next_dagrun for tutorial_taskflow_api_virtualenv to None, run_after=None
[2023-06-09T01:47:06.038+0000] {processor.py:179} INFO - Processing /home/airflow/.local/lib/python3.7/site-packages/airflow/example_dags/tutorial_taskflow_api_virtualenv.py took 0.064 seconds
[2023-06-09T01:47:36.584+0000] {processor.py:157} INFO - Started process (PID=2505) to work on /home/airflow/.local/lib/python3.7/site-packages/airflow/example_dags/tutorial_taskflow_api_virtualenv.py
[2023-06-09T01:47:36.585+0000] {processor.py:826} INFO - Processing file /home/airflow/.local/lib/python3.7/site-packages/airflow/example_dags/tutorial_taskflow_api_virtualenv.py for tasks to queue
[2023-06-09T01:47:36.586+0000] {logging_mixin.py:149} INFO - [2023-06-09T01:47:36.586+0000] {dagbag.py:541} INFO - Filling up the DagBag from /home/airflow/.local/lib/python3.7/site-packages/airflow/example_dags/tutorial_taskflow_api_virtualenv.py
[2023-06-09T01:47:36.591+0000] {processor.py:836} INFO - DAG(s) dict_keys(['tutorial_taskflow_api_virtualenv']) retrieved from /home/airflow/.local/lib/python3.7/site-packages/airflow/example_dags/tutorial_taskflow_api_virtualenv.py
[2023-06-09T01:47:36.610+0000] {logging_mixin.py:149} INFO - [2023-06-09T01:47:36.610+0000] {dag.py:2726} INFO - Sync 1 DAGs
[2023-06-09T01:47:36.625+0000] {logging_mixin.py:149} INFO - [2023-06-09T01:47:36.625+0000] {dag.py:3490} INFO - Setting next_dagrun for tutorial_taskflow_api_virtualenv to None, run_after=None
[2023-06-09T01:47:36.637+0000] {processor.py:179} INFO - Processing /home/airflow/.local/lib/python3.7/site-packages/airflow/example_dags/tutorial_taskflow_api_virtualenv.py took 0.056 seconds
[2023-06-09T01:48:07.236+0000] {processor.py:157} INFO - Started process (PID=2562) to work on /home/airflow/.local/lib/python3.7/site-packages/airflow/example_dags/tutorial_taskflow_api_virtualenv.py
[2023-06-09T01:48:07.238+0000] {processor.py:826} INFO - Processing file /home/airflow/.local/lib/python3.7/site-packages/airflow/example_dags/tutorial_taskflow_api_virtualenv.py for tasks to queue
[2023-06-09T01:48:07.243+0000] {logging_mixin.py:149} INFO - [2023-06-09T01:48:07.243+0000] {dagbag.py:541} INFO - Filling up the DagBag from /home/airflow/.local/lib/python3.7/site-packages/airflow/example_dags/tutorial_taskflow_api_virtualenv.py
[2023-06-09T01:48:07.254+0000] {processor.py:836} INFO - DAG(s) dict_keys(['tutorial_taskflow_api_virtualenv']) retrieved from /home/airflow/.local/lib/python3.7/site-packages/airflow/example_dags/tutorial_taskflow_api_virtualenv.py
[2023-06-09T01:48:07.273+0000] {logging_mixin.py:149} INFO - [2023-06-09T01:48:07.273+0000] {dag.py:2726} INFO - Sync 1 DAGs
[2023-06-09T01:48:07.289+0000] {logging_mixin.py:149} INFO - [2023-06-09T01:48:07.289+0000] {dag.py:3490} INFO - Setting next_dagrun for tutorial_taskflow_api_virtualenv to None, run_after=None
[2023-06-09T01:48:07.301+0000] {processor.py:179} INFO - Processing /home/airflow/.local/lib/python3.7/site-packages/airflow/example_dags/tutorial_taskflow_api_virtualenv.py took 0.068 seconds
[2023-06-09T01:48:37.563+0000] {processor.py:157} INFO - Started process (PID=2618) to work on /home/airflow/.local/lib/python3.7/site-packages/airflow/example_dags/tutorial_taskflow_api_virtualenv.py
[2023-06-09T01:48:37.564+0000] {processor.py:826} INFO - Processing file /home/airflow/.local/lib/python3.7/site-packages/airflow/example_dags/tutorial_taskflow_api_virtualenv.py for tasks to queue
[2023-06-09T01:48:37.565+0000] {logging_mixin.py:149} INFO - [2023-06-09T01:48:37.565+0000] {dagbag.py:541} INFO - Filling up the DagBag from /home/airflow/.local/lib/python3.7/site-packages/airflow/example_dags/tutorial_taskflow_api_virtualenv.py
[2023-06-09T01:48:37.572+0000] {processor.py:836} INFO - DAG(s) dict_keys(['tutorial_taskflow_api_virtualenv']) retrieved from /home/airflow/.local/lib/python3.7/site-packages/airflow/example_dags/tutorial_taskflow_api_virtualenv.py
[2023-06-09T01:48:37.592+0000] {logging_mixin.py:149} INFO - [2023-06-09T01:48:37.592+0000] {dag.py:2726} INFO - Sync 1 DAGs
[2023-06-09T01:48:37.609+0000] {logging_mixin.py:149} INFO - [2023-06-09T01:48:37.609+0000] {dag.py:3490} INFO - Setting next_dagrun for tutorial_taskflow_api_virtualenv to None, run_after=None
[2023-06-09T01:48:37.621+0000] {processor.py:179} INFO - Processing /home/airflow/.local/lib/python3.7/site-packages/airflow/example_dags/tutorial_taskflow_api_virtualenv.py took 0.061 seconds
[2023-06-09T01:49:07.721+0000] {processor.py:157} INFO - Started process (PID=2674) to work on /home/airflow/.local/lib/python3.7/site-packages/airflow/example_dags/tutorial_taskflow_api_virtualenv.py
[2023-06-09T01:49:07.723+0000] {processor.py:826} INFO - Processing file /home/airflow/.local/lib/python3.7/site-packages/airflow/example_dags/tutorial_taskflow_api_virtualenv.py for tasks to queue
[2023-06-09T01:49:07.723+0000] {logging_mixin.py:149} INFO - [2023-06-09T01:49:07.723+0000] {dagbag.py:541} INFO - Filling up the DagBag from /home/airflow/.local/lib/python3.7/site-packages/airflow/example_dags/tutorial_taskflow_api_virtualenv.py
[2023-06-09T01:49:07.729+0000] {processor.py:836} INFO - DAG(s) dict_keys(['tutorial_taskflow_api_virtualenv']) retrieved from /home/airflow/.local/lib/python3.7/site-packages/airflow/example_dags/tutorial_taskflow_api_virtualenv.py
[2023-06-09T01:49:07.749+0000] {logging_mixin.py:149} INFO - [2023-06-09T01:49:07.749+0000] {dag.py:2726} INFO - Sync 1 DAGs
[2023-06-09T01:49:07.766+0000] {logging_mixin.py:149} INFO - [2023-06-09T01:49:07.766+0000] {dag.py:3490} INFO - Setting next_dagrun for tutorial_taskflow_api_virtualenv to None, run_after=None
[2023-06-09T01:49:07.777+0000] {processor.py:179} INFO - Processing /home/airflow/.local/lib/python3.7/site-packages/airflow/example_dags/tutorial_taskflow_api_virtualenv.py took 0.059 seconds
[2023-06-09T01:49:38.012+0000] {processor.py:157} INFO - Started process (PID=2729) to work on /home/airflow/.local/lib/python3.7/site-packages/airflow/example_dags/tutorial_taskflow_api_virtualenv.py
[2023-06-09T01:49:38.013+0000] {processor.py:826} INFO - Processing file /home/airflow/.local/lib/python3.7/site-packages/airflow/example_dags/tutorial_taskflow_api_virtualenv.py for tasks to queue
[2023-06-09T01:49:38.014+0000] {logging_mixin.py:149} INFO - [2023-06-09T01:49:38.014+0000] {dagbag.py:541} INFO - Filling up the DagBag from /home/airflow/.local/lib/python3.7/site-packages/airflow/example_dags/tutorial_taskflow_api_virtualenv.py
[2023-06-09T01:49:38.020+0000] {processor.py:836} INFO - DAG(s) dict_keys(['tutorial_taskflow_api_virtualenv']) retrieved from /home/airflow/.local/lib/python3.7/site-packages/airflow/example_dags/tutorial_taskflow_api_virtualenv.py
[2023-06-09T01:49:38.039+0000] {logging_mixin.py:149} INFO - [2023-06-09T01:49:38.039+0000] {dag.py:2726} INFO - Sync 1 DAGs
[2023-06-09T01:49:38.054+0000] {logging_mixin.py:149} INFO - [2023-06-09T01:49:38.054+0000] {dag.py:3490} INFO - Setting next_dagrun for tutorial_taskflow_api_virtualenv to None, run_after=None
[2023-06-09T01:49:38.065+0000] {processor.py:179} INFO - Processing /home/airflow/.local/lib/python3.7/site-packages/airflow/example_dags/tutorial_taskflow_api_virtualenv.py took 0.056 seconds
[2023-06-09T01:50:08.689+0000] {processor.py:157} INFO - Started process (PID=2785) to work on /home/airflow/.local/lib/python3.7/site-packages/airflow/example_dags/tutorial_taskflow_api_virtualenv.py
[2023-06-09T01:50:08.690+0000] {processor.py:826} INFO - Processing file /home/airflow/.local/lib/python3.7/site-packages/airflow/example_dags/tutorial_taskflow_api_virtualenv.py for tasks to queue
[2023-06-09T01:50:08.691+0000] {logging_mixin.py:149} INFO - [2023-06-09T01:50:08.690+0000] {dagbag.py:541} INFO - Filling up the DagBag from /home/airflow/.local/lib/python3.7/site-packages/airflow/example_dags/tutorial_taskflow_api_virtualenv.py
[2023-06-09T01:50:08.697+0000] {processor.py:836} INFO - DAG(s) dict_keys(['tutorial_taskflow_api_virtualenv']) retrieved from /home/airflow/.local/lib/python3.7/site-packages/airflow/example_dags/tutorial_taskflow_api_virtualenv.py
[2023-06-09T01:50:08.717+0000] {logging_mixin.py:149} INFO - [2023-06-09T01:50:08.717+0000] {dag.py:2726} INFO - Sync 1 DAGs
[2023-06-09T01:50:08.733+0000] {logging_mixin.py:149} INFO - [2023-06-09T01:50:08.733+0000] {dag.py:3490} INFO - Setting next_dagrun for tutorial_taskflow_api_virtualenv to None, run_after=None
[2023-06-09T01:50:08.746+0000] {processor.py:179} INFO - Processing /home/airflow/.local/lib/python3.7/site-packages/airflow/example_dags/tutorial_taskflow_api_virtualenv.py took 0.060 seconds
[2023-06-09T01:50:38.971+0000] {processor.py:157} INFO - Started process (PID=2841) to work on /home/airflow/.local/lib/python3.7/site-packages/airflow/example_dags/tutorial_taskflow_api_virtualenv.py
[2023-06-09T01:50:38.973+0000] {processor.py:826} INFO - Processing file /home/airflow/.local/lib/python3.7/site-packages/airflow/example_dags/tutorial_taskflow_api_virtualenv.py for tasks to queue
[2023-06-09T01:50:38.974+0000] {logging_mixin.py:149} INFO - [2023-06-09T01:50:38.974+0000] {dagbag.py:541} INFO - Filling up the DagBag from /home/airflow/.local/lib/python3.7/site-packages/airflow/example_dags/tutorial_taskflow_api_virtualenv.py
[2023-06-09T01:50:38.980+0000] {processor.py:836} INFO - DAG(s) dict_keys(['tutorial_taskflow_api_virtualenv']) retrieved from /home/airflow/.local/lib/python3.7/site-packages/airflow/example_dags/tutorial_taskflow_api_virtualenv.py
[2023-06-09T01:50:39.002+0000] {logging_mixin.py:149} INFO - [2023-06-09T01:50:39.002+0000] {dag.py:2726} INFO - Sync 1 DAGs
[2023-06-09T01:50:39.019+0000] {logging_mixin.py:149} INFO - [2023-06-09T01:50:39.019+0000] {dag.py:3490} INFO - Setting next_dagrun for tutorial_taskflow_api_virtualenv to None, run_after=None
[2023-06-09T01:50:39.033+0000] {processor.py:179} INFO - Processing /home/airflow/.local/lib/python3.7/site-packages/airflow/example_dags/tutorial_taskflow_api_virtualenv.py took 0.066 seconds
[2023-06-09T01:51:09.418+0000] {processor.py:157} INFO - Started process (PID=2897) to work on /home/airflow/.local/lib/python3.7/site-packages/airflow/example_dags/tutorial_taskflow_api_virtualenv.py
[2023-06-09T01:51:09.419+0000] {processor.py:826} INFO - Processing file /home/airflow/.local/lib/python3.7/site-packages/airflow/example_dags/tutorial_taskflow_api_virtualenv.py for tasks to queue
[2023-06-09T01:51:09.420+0000] {logging_mixin.py:149} INFO - [2023-06-09T01:51:09.420+0000] {dagbag.py:541} INFO - Filling up the DagBag from /home/airflow/.local/lib/python3.7/site-packages/airflow/example_dags/tutorial_taskflow_api_virtualenv.py
[2023-06-09T01:51:09.426+0000] {processor.py:836} INFO - DAG(s) dict_keys(['tutorial_taskflow_api_virtualenv']) retrieved from /home/airflow/.local/lib/python3.7/site-packages/airflow/example_dags/tutorial_taskflow_api_virtualenv.py
[2023-06-09T01:51:09.450+0000] {logging_mixin.py:149} INFO - [2023-06-09T01:51:09.450+0000] {dag.py:2726} INFO - Sync 1 DAGs
[2023-06-09T01:51:09.467+0000] {logging_mixin.py:149} INFO - [2023-06-09T01:51:09.467+0000] {dag.py:3490} INFO - Setting next_dagrun for tutorial_taskflow_api_virtualenv to None, run_after=None
[2023-06-09T01:51:09.478+0000] {processor.py:179} INFO - Processing /home/airflow/.local/lib/python3.7/site-packages/airflow/example_dags/tutorial_taskflow_api_virtualenv.py took 0.063 seconds
[2023-06-09T01:51:39.762+0000] {processor.py:157} INFO - Started process (PID=2953) to work on /home/airflow/.local/lib/python3.7/site-packages/airflow/example_dags/tutorial_taskflow_api_virtualenv.py
[2023-06-09T01:51:39.764+0000] {processor.py:826} INFO - Processing file /home/airflow/.local/lib/python3.7/site-packages/airflow/example_dags/tutorial_taskflow_api_virtualenv.py for tasks to queue
[2023-06-09T01:51:39.765+0000] {logging_mixin.py:149} INFO - [2023-06-09T01:51:39.765+0000] {dagbag.py:541} INFO - Filling up the DagBag from /home/airflow/.local/lib/python3.7/site-packages/airflow/example_dags/tutorial_taskflow_api_virtualenv.py
[2023-06-09T01:51:39.771+0000] {processor.py:836} INFO - DAG(s) dict_keys(['tutorial_taskflow_api_virtualenv']) retrieved from /home/airflow/.local/lib/python3.7/site-packages/airflow/example_dags/tutorial_taskflow_api_virtualenv.py
[2023-06-09T01:51:39.793+0000] {logging_mixin.py:149} INFO - [2023-06-09T01:51:39.793+0000] {dag.py:2726} INFO - Sync 1 DAGs
[2023-06-09T01:51:39.815+0000] {logging_mixin.py:149} INFO - [2023-06-09T01:51:39.815+0000] {dag.py:3490} INFO - Setting next_dagrun for tutorial_taskflow_api_virtualenv to None, run_after=None
[2023-06-09T01:51:39.830+0000] {processor.py:179} INFO - Processing /home/airflow/.local/lib/python3.7/site-packages/airflow/example_dags/tutorial_taskflow_api_virtualenv.py took 0.072 seconds
[2023-06-09T01:52:10.753+0000] {processor.py:157} INFO - Started process (PID=3008) to work on /home/airflow/.local/lib/python3.7/site-packages/airflow/example_dags/tutorial_taskflow_api_virtualenv.py
[2023-06-09T01:52:10.755+0000] {processor.py:826} INFO - Processing file /home/airflow/.local/lib/python3.7/site-packages/airflow/example_dags/tutorial_taskflow_api_virtualenv.py for tasks to queue
[2023-06-09T01:52:10.757+0000] {logging_mixin.py:149} INFO - [2023-06-09T01:52:10.757+0000] {dagbag.py:541} INFO - Filling up the DagBag from /home/airflow/.local/lib/python3.7/site-packages/airflow/example_dags/tutorial_taskflow_api_virtualenv.py
[2023-06-09T01:52:10.765+0000] {processor.py:836} INFO - DAG(s) dict_keys(['tutorial_taskflow_api_virtualenv']) retrieved from /home/airflow/.local/lib/python3.7/site-packages/airflow/example_dags/tutorial_taskflow_api_virtualenv.py
[2023-06-09T01:52:10.790+0000] {logging_mixin.py:149} INFO - [2023-06-09T01:52:10.790+0000] {dag.py:2726} INFO - Sync 1 DAGs
[2023-06-09T01:52:10.807+0000] {logging_mixin.py:149} INFO - [2023-06-09T01:52:10.807+0000] {dag.py:3490} INFO - Setting next_dagrun for tutorial_taskflow_api_virtualenv to None, run_after=None
[2023-06-09T01:52:10.820+0000] {processor.py:179} INFO - Processing /home/airflow/.local/lib/python3.7/site-packages/airflow/example_dags/tutorial_taskflow_api_virtualenv.py took 0.072 seconds
[2023-06-09T01:52:41.387+0000] {processor.py:157} INFO - Started process (PID=3064) to work on /home/airflow/.local/lib/python3.7/site-packages/airflow/example_dags/tutorial_taskflow_api_virtualenv.py
[2023-06-09T01:52:41.388+0000] {processor.py:826} INFO - Processing file /home/airflow/.local/lib/python3.7/site-packages/airflow/example_dags/tutorial_taskflow_api_virtualenv.py for tasks to queue
[2023-06-09T01:52:41.389+0000] {logging_mixin.py:149} INFO - [2023-06-09T01:52:41.389+0000] {dagbag.py:541} INFO - Filling up the DagBag from /home/airflow/.local/lib/python3.7/site-packages/airflow/example_dags/tutorial_taskflow_api_virtualenv.py
[2023-06-09T01:52:41.395+0000] {processor.py:836} INFO - DAG(s) dict_keys(['tutorial_taskflow_api_virtualenv']) retrieved from /home/airflow/.local/lib/python3.7/site-packages/airflow/example_dags/tutorial_taskflow_api_virtualenv.py
[2023-06-09T01:52:41.417+0000] {logging_mixin.py:149} INFO - [2023-06-09T01:52:41.417+0000] {dag.py:2726} INFO - Sync 1 DAGs
[2023-06-09T01:52:41.434+0000] {logging_mixin.py:149} INFO - [2023-06-09T01:52:41.433+0000] {dag.py:3490} INFO - Setting next_dagrun for tutorial_taskflow_api_virtualenv to None, run_after=None
[2023-06-09T01:52:41.446+0000] {processor.py:179} INFO - Processing /home/airflow/.local/lib/python3.7/site-packages/airflow/example_dags/tutorial_taskflow_api_virtualenv.py took 0.062 seconds
[2023-06-09T01:53:49.750+0000] {processor.py:157} INFO - Started process (PID=38) to work on /home/airflow/.local/lib/python3.7/site-packages/airflow/example_dags/tutorial_taskflow_api_virtualenv.py
[2023-06-09T01:53:49.753+0000] {processor.py:826} INFO - Processing file /home/airflow/.local/lib/python3.7/site-packages/airflow/example_dags/tutorial_taskflow_api_virtualenv.py for tasks to queue
[2023-06-09T01:53:49.755+0000] {logging_mixin.py:149} INFO - [2023-06-09T01:53:49.755+0000] {dagbag.py:541} INFO - Filling up the DagBag from /home/airflow/.local/lib/python3.7/site-packages/airflow/example_dags/tutorial_taskflow_api_virtualenv.py
[2023-06-09T01:53:49.768+0000] {processor.py:836} INFO - DAG(s) dict_keys(['tutorial_taskflow_api_virtualenv']) retrieved from /home/airflow/.local/lib/python3.7/site-packages/airflow/example_dags/tutorial_taskflow_api_virtualenv.py
[2023-06-09T01:53:49.787+0000] {logging_mixin.py:149} INFO - [2023-06-09T01:53:49.787+0000] {dag.py:2726} INFO - Sync 1 DAGs
[2023-06-09T01:53:49.809+0000] {logging_mixin.py:149} INFO - [2023-06-09T01:53:49.809+0000] {dag.py:3490} INFO - Setting next_dagrun for tutorial_taskflow_api_virtualenv to None, run_after=None
[2023-06-09T01:53:49.822+0000] {processor.py:179} INFO - Processing /home/airflow/.local/lib/python3.7/site-packages/airflow/example_dags/tutorial_taskflow_api_virtualenv.py took 0.080 seconds
