[2023-06-17T02:57:34.048+0000] {taskinstance.py:1103} INFO - Dependencies all met for dep_context=non-requeueable deps ti=<TaskInstance: 7.2-externalTaskSensor.waiting_dag scheduled__2022-08-20T00:00:00+00:00 [queued]>
[2023-06-17T02:57:34.065+0000] {taskinstance.py:1103} INFO - Dependencies all met for dep_context=requeueable deps ti=<TaskInstance: 7.2-externalTaskSensor.waiting_dag scheduled__2022-08-20T00:00:00+00:00 [queued]>
[2023-06-17T02:57:34.065+0000] {taskinstance.py:1308} INFO - Starting attempt 1 of 1
[2023-06-17T02:57:34.076+0000] {taskinstance.py:1327} INFO - Executing <Task(ExternalTaskSensor): waiting_dag> on 2022-08-20 00:00:00+00:00
[2023-06-17T02:57:34.085+0000] {standard_task_runner.py:57} INFO - Started process 67532 to run task
[2023-06-17T02:57:34.091+0000] {standard_task_runner.py:84} INFO - Running: ['***', 'tasks', 'run', '7.2-externalTaskSensor', 'waiting_dag', 'scheduled__2022-08-20T00:00:00+00:00', '--job-id', '119', '--raw', '--subdir', 'DAGS_FOLDER/7.2_external_task_sensor.py', '--cfg-path', '/tmp/tmpkhj5mler']
[2023-06-17T02:57:34.092+0000] {standard_task_runner.py:85} INFO - Job 119: Subtask waiting_dag
[2023-06-17T02:57:34.143+0000] {task_command.py:410} INFO - Running <TaskInstance: 7.2-externalTaskSensor.waiting_dag scheduled__2022-08-20T00:00:00+00:00 [running]> on host 5fef267ae46d
[2023-06-17T02:57:34.216+0000] {taskinstance.py:1547} INFO - Exporting env vars: AIRFLOW_CTX_DAG_OWNER='***' AIRFLOW_CTX_DAG_ID='7.2-externalTaskSensor' AIRFLOW_CTX_TASK_ID='waiting_dag' AIRFLOW_CTX_EXECUTION_DATE='2022-08-20T00:00:00+00:00' AIRFLOW_CTX_TRY_NUMBER='1' AIRFLOW_CTX_DAG_RUN_ID='scheduled__2022-08-20T00:00:00+00:00'
[2023-06-17T02:57:34.217+0000] {external_task.py:235} INFO - Poking for tasks ['tarea_1'] in dag 7.1-externalTaskSensor on 2022-08-20T00:00:00+00:00 ... 
[2023-06-17T02:57:44.263+0000] {external_task.py:235} INFO - Poking for tasks ['tarea_1'] in dag 7.1-externalTaskSensor on 2022-08-20T00:00:00+00:00 ... 
[2023-06-17T02:57:54.353+0000] {external_task.py:235} INFO - Poking for tasks ['tarea_1'] in dag 7.1-externalTaskSensor on 2022-08-20T00:00:00+00:00 ... 
[2023-06-17T02:58:04.418+0000] {external_task.py:235} INFO - Poking for tasks ['tarea_1'] in dag 7.1-externalTaskSensor on 2022-08-20T00:00:00+00:00 ... 
[2023-06-17T02:58:14.501+0000] {external_task.py:235} INFO - Poking for tasks ['tarea_1'] in dag 7.1-externalTaskSensor on 2022-08-20T00:00:00+00:00 ... 
[2023-06-17T02:58:24.546+0000] {external_task.py:235} INFO - Poking for tasks ['tarea_1'] in dag 7.1-externalTaskSensor on 2022-08-20T00:00:00+00:00 ... 
[2023-06-17T02:58:34.595+0000] {external_task.py:235} INFO - Poking for tasks ['tarea_1'] in dag 7.1-externalTaskSensor on 2022-08-20T00:00:00+00:00 ... 
[2023-06-17T02:58:44.659+0000] {external_task.py:235} INFO - Poking for tasks ['tarea_1'] in dag 7.1-externalTaskSensor on 2022-08-20T00:00:00+00:00 ... 
[2023-06-17T02:58:54.699+0000] {external_task.py:235} INFO - Poking for tasks ['tarea_1'] in dag 7.1-externalTaskSensor on 2022-08-20T00:00:00+00:00 ... 
[2023-06-17T02:59:04.750+0000] {external_task.py:235} INFO - Poking for tasks ['tarea_1'] in dag 7.1-externalTaskSensor on 2022-08-20T00:00:00+00:00 ... 
[2023-06-17T02:59:14.805+0000] {external_task.py:235} INFO - Poking for tasks ['tarea_1'] in dag 7.1-externalTaskSensor on 2022-08-20T00:00:00+00:00 ... 
[2023-06-17T02:59:24.881+0000] {external_task.py:235} INFO - Poking for tasks ['tarea_1'] in dag 7.1-externalTaskSensor on 2022-08-20T00:00:00+00:00 ... 
[2023-06-17T02:59:34.940+0000] {external_task.py:235} INFO - Poking for tasks ['tarea_1'] in dag 7.1-externalTaskSensor on 2022-08-20T00:00:00+00:00 ... 
[2023-06-17T02:59:44.987+0000] {external_task.py:235} INFO - Poking for tasks ['tarea_1'] in dag 7.1-externalTaskSensor on 2022-08-20T00:00:00+00:00 ... 
[2023-06-17T02:59:55.025+0000] {external_task.py:235} INFO - Poking for tasks ['tarea_1'] in dag 7.1-externalTaskSensor on 2022-08-20T00:00:00+00:00 ... 
[2023-06-17T03:00:05.089+0000] {external_task.py:235} INFO - Poking for tasks ['tarea_1'] in dag 7.1-externalTaskSensor on 2022-08-20T00:00:00+00:00 ... 
[2023-06-17T03:00:15.145+0000] {external_task.py:235} INFO - Poking for tasks ['tarea_1'] in dag 7.1-externalTaskSensor on 2022-08-20T00:00:00+00:00 ... 
[2023-06-17T03:00:22.068+0000] {local_task_job_runner.py:292} WARNING - State of this instance has been externally set to restarting. Terminating instance.
[2023-06-17T03:00:22.079+0000] {process_utils.py:135} INFO - Sending Signals.SIGTERM to group 67532. PIDs of all processes in the group: [67532]
[2023-06-17T03:00:22.080+0000] {process_utils.py:86} INFO - Sending the signal Signals.SIGTERM to group 67532
[2023-06-17T03:00:22.083+0000] {taskinstance.py:1517} ERROR - Received SIGTERM. Terminating subprocesses.
[2023-06-17T03:00:22.108+0000] {taskinstance.py:1824} ERROR - Task failed with exception
Traceback (most recent call last):
  File "/home/airflow/.local/lib/python3.7/site-packages/airflow/sensors/base.py", line 253, in execute
    time.sleep(self._get_next_poke_interval(started_at, run_duration, try_number))
  File "/home/airflow/.local/lib/python3.7/site-packages/airflow/models/taskinstance.py", line 1519, in signal_handler
    raise AirflowException("Task received SIGTERM signal")
airflow.exceptions.AirflowException: Task received SIGTERM signal
[2023-06-17T03:00:22.123+0000] {taskinstance.py:1350} INFO - Marking task as UP_FOR_RETRY. dag_id=7.2-externalTaskSensor, task_id=waiting_dag, execution_date=20220820T000000, start_date=20230617T025734, end_date=20230617T030022
[2023-06-17T03:00:22.164+0000] {standard_task_runner.py:109} ERROR - Failed to execute job 119 for task waiting_dag (Task received SIGTERM signal; 67532)
[2023-06-17T03:00:22.216+0000] {process_utils.py:79} INFO - Process psutil.Process(pid=67532, status='terminated', exitcode=1, started='02:57:33') (67532) terminated with exit code 1
