[2023-06-23T00:08:24.328+0000] {taskinstance.py:1103} INFO - Dependencies all met for dep_context=non-requeueable deps ti=<TaskInstance: 8-templating.tarea_1 scheduled__2023-06-22T00:00:00+00:00 [queued]>
[2023-06-23T00:08:24.389+0000] {taskinstance.py:1103} INFO - Dependencies all met for dep_context=requeueable deps ti=<TaskInstance: 8-templating.tarea_1 scheduled__2023-06-22T00:00:00+00:00 [queued]>
[2023-06-23T00:08:24.392+0000] {taskinstance.py:1308} INFO - Starting attempt 1 of 1
[2023-06-23T00:08:24.441+0000] {taskinstance.py:1327} INFO - Executing <Task(BashOperator): tarea_1> on 2023-06-22 00:00:00+00:00
[2023-06-23T00:08:24.461+0000] {standard_task_runner.py:57} INFO - Started process 9244 to run task
[2023-06-23T00:08:24.470+0000] {standard_task_runner.py:84} INFO - Running: ['***', 'tasks', 'run', '8-templating', 'tarea_1', 'scheduled__2023-06-22T00:00:00+00:00', '--job-id', '169', '--raw', '--subdir', 'DAGS_FOLDER/8.1_teomplates_jinja.py', '--cfg-path', '/tmp/tmp0z222pgk']
[2023-06-23T00:08:24.472+0000] {standard_task_runner.py:85} INFO - Job 169: Subtask tarea_1
[2023-06-23T00:08:24.647+0000] {task_command.py:410} INFO - Running <TaskInstance: 8-templating.tarea_1 scheduled__2023-06-22T00:00:00+00:00 [running]> on host 5fef267ae46d
[2023-06-23T00:08:24.850+0000] {taskinstance.py:1547} INFO - Exporting env vars: AIRFLOW_CTX_DAG_OWNER='***' AIRFLOW_CTX_DAG_ID='8-templating' AIRFLOW_CTX_TASK_ID='tarea_1' AIRFLOW_CTX_EXECUTION_DATE='2023-06-22T00:00:00+00:00' AIRFLOW_CTX_TRY_NUMBER='1' AIRFLOW_CTX_DAG_RUN_ID='scheduled__2023-06-22T00:00:00+00:00'
[2023-06-23T00:08:24.872+0000] {subprocess.py:63} INFO - Tmp dir root location: 
 /tmp
[2023-06-23T00:08:24.878+0000] {subprocess.py:75} INFO - Running command: ['/bin/bash', '-c', '\n\n    echo "2023-06-22"\n\techo "file1.txt"\n\n    echo "2023-06-22"\n\techo "file2.txt"\n']
[2023-06-23T00:08:24.900+0000] {subprocess.py:86} INFO - Output:
[2023-06-23T00:08:24.907+0000] {subprocess.py:93} INFO - 2023-06-22
[2023-06-23T00:08:24.908+0000] {subprocess.py:93} INFO - file1.txt
[2023-06-23T00:08:24.908+0000] {subprocess.py:93} INFO - 2023-06-22
[2023-06-23T00:08:24.909+0000] {subprocess.py:93} INFO - file2.txt
[2023-06-23T00:08:24.910+0000] {subprocess.py:97} INFO - Command exited with return code 0
[2023-06-23T00:08:24.958+0000] {taskinstance.py:1350} INFO - Marking task as SUCCESS. dag_id=8-templating, task_id=tarea_1, execution_date=20230622T000000, start_date=20230623T000824, end_date=20230623T000824
[2023-06-23T00:08:25.023+0000] {local_task_job_runner.py:225} INFO - Task exited with return code 0
[2023-06-23T00:08:25.080+0000] {taskinstance.py:2651} INFO - 0 downstream tasks scheduled from follow-on schedule check
